[2023-08-14T10:22:07.693+0200] {processor.py:157} INFO - Started process (PID=453329) to work on /home/akhilesh/py39/lib/python3.9/site-packages/airflow/example_dags/plugins/event_listener.py
[2023-08-14T10:22:07.694+0200] {processor.py:826} INFO - Processing file /home/akhilesh/py39/lib/python3.9/site-packages/airflow/example_dags/plugins/event_listener.py for tasks to queue
[2023-08-14T10:22:07.695+0200] {logging_mixin.py:150} INFO - [2023-08-14T10:22:07.695+0200] {dagbag.py:541} INFO - Filling up the DagBag from /home/akhilesh/py39/lib/python3.9/site-packages/airflow/example_dags/plugins/event_listener.py
[2023-08-14T10:22:07.697+0200] {processor.py:838} WARNING - No viable dags retrieved from /home/akhilesh/py39/lib/python3.9/site-packages/airflow/example_dags/plugins/event_listener.py
[2023-08-14T10:22:07.704+0200] {processor.py:179} INFO - Processing /home/akhilesh/py39/lib/python3.9/site-packages/airflow/example_dags/plugins/event_listener.py took 0.014 seconds
[2023-08-14T10:22:50.080+0200] {processor.py:157} INFO - Started process (PID=453498) to work on /home/akhilesh/py39/lib/python3.9/site-packages/airflow/example_dags/plugins/event_listener.py
[2023-08-14T10:22:50.090+0200] {processor.py:826} INFO - Processing file /home/akhilesh/py39/lib/python3.9/site-packages/airflow/example_dags/plugins/event_listener.py for tasks to queue
[2023-08-14T10:22:50.091+0200] {logging_mixin.py:150} INFO - [2023-08-14T10:22:50.091+0200] {dagbag.py:541} INFO - Filling up the DagBag from /home/akhilesh/py39/lib/python3.9/site-packages/airflow/example_dags/plugins/event_listener.py
[2023-08-14T10:22:50.094+0200] {processor.py:838} WARNING - No viable dags retrieved from /home/akhilesh/py39/lib/python3.9/site-packages/airflow/example_dags/plugins/event_listener.py
[2023-08-14T10:22:50.107+0200] {processor.py:179} INFO - Processing /home/akhilesh/py39/lib/python3.9/site-packages/airflow/example_dags/plugins/event_listener.py took 0.030 seconds
[2023-08-14T10:23:40.568+0200] {processor.py:157} INFO - Started process (PID=453750) to work on /home/akhilesh/py39/lib/python3.9/site-packages/airflow/example_dags/plugins/event_listener.py
[2023-08-14T10:23:40.577+0200] {processor.py:826} INFO - Processing file /home/akhilesh/py39/lib/python3.9/site-packages/airflow/example_dags/plugins/event_listener.py for tasks to queue
[2023-08-14T10:23:40.578+0200] {logging_mixin.py:150} INFO - [2023-08-14T10:23:40.578+0200] {dagbag.py:541} INFO - Filling up the DagBag from /home/akhilesh/py39/lib/python3.9/site-packages/airflow/example_dags/plugins/event_listener.py
[2023-08-14T10:23:40.581+0200] {processor.py:838} WARNING - No viable dags retrieved from /home/akhilesh/py39/lib/python3.9/site-packages/airflow/example_dags/plugins/event_listener.py
[2023-08-14T10:23:40.593+0200] {processor.py:179} INFO - Processing /home/akhilesh/py39/lib/python3.9/site-packages/airflow/example_dags/plugins/event_listener.py took 0.029 seconds
[2023-08-14T10:24:22.677+0200] {processor.py:157} INFO - Started process (PID=453898) to work on /home/akhilesh/py39/lib/python3.9/site-packages/airflow/example_dags/plugins/event_listener.py
[2023-08-14T10:24:22.687+0200] {processor.py:826} INFO - Processing file /home/akhilesh/py39/lib/python3.9/site-packages/airflow/example_dags/plugins/event_listener.py for tasks to queue
[2023-08-14T10:24:22.688+0200] {logging_mixin.py:150} INFO - [2023-08-14T10:24:22.687+0200] {dagbag.py:541} INFO - Filling up the DagBag from /home/akhilesh/py39/lib/python3.9/site-packages/airflow/example_dags/plugins/event_listener.py
[2023-08-14T10:24:22.691+0200] {processor.py:838} WARNING - No viable dags retrieved from /home/akhilesh/py39/lib/python3.9/site-packages/airflow/example_dags/plugins/event_listener.py
[2023-08-14T10:24:22.703+0200] {processor.py:179} INFO - Processing /home/akhilesh/py39/lib/python3.9/site-packages/airflow/example_dags/plugins/event_listener.py took 0.029 seconds
[2023-08-14T10:25:04.734+0200] {processor.py:157} INFO - Started process (PID=454044) to work on /home/akhilesh/py39/lib/python3.9/site-packages/airflow/example_dags/plugins/event_listener.py
[2023-08-14T10:25:04.736+0200] {processor.py:826} INFO - Processing file /home/akhilesh/py39/lib/python3.9/site-packages/airflow/example_dags/plugins/event_listener.py for tasks to queue
[2023-08-14T10:25:04.737+0200] {logging_mixin.py:150} INFO - [2023-08-14T10:25:04.736+0200] {dagbag.py:541} INFO - Filling up the DagBag from /home/akhilesh/py39/lib/python3.9/site-packages/airflow/example_dags/plugins/event_listener.py
[2023-08-14T10:25:04.739+0200] {processor.py:838} WARNING - No viable dags retrieved from /home/akhilesh/py39/lib/python3.9/site-packages/airflow/example_dags/plugins/event_listener.py
[2023-08-14T10:25:04.747+0200] {processor.py:179} INFO - Processing /home/akhilesh/py39/lib/python3.9/site-packages/airflow/example_dags/plugins/event_listener.py took 0.017 seconds
[2023-08-14T10:25:54.967+0200] {processor.py:157} INFO - Started process (PID=454185) to work on /home/akhilesh/py39/lib/python3.9/site-packages/airflow/example_dags/plugins/event_listener.py
[2023-08-14T10:25:54.968+0200] {processor.py:826} INFO - Processing file /home/akhilesh/py39/lib/python3.9/site-packages/airflow/example_dags/plugins/event_listener.py for tasks to queue
[2023-08-14T10:25:54.969+0200] {logging_mixin.py:150} INFO - [2023-08-14T10:25:54.969+0200] {dagbag.py:541} INFO - Filling up the DagBag from /home/akhilesh/py39/lib/python3.9/site-packages/airflow/example_dags/plugins/event_listener.py
[2023-08-14T10:25:54.971+0200] {processor.py:838} WARNING - No viable dags retrieved from /home/akhilesh/py39/lib/python3.9/site-packages/airflow/example_dags/plugins/event_listener.py
[2023-08-14T10:25:54.980+0200] {processor.py:179} INFO - Processing /home/akhilesh/py39/lib/python3.9/site-packages/airflow/example_dags/plugins/event_listener.py took 0.017 seconds
[2023-08-14T10:26:35.922+0200] {processor.py:157} INFO - Started process (PID=454435) to work on /home/akhilesh/py39/lib/python3.9/site-packages/airflow/example_dags/plugins/event_listener.py
[2023-08-14T10:26:35.924+0200] {processor.py:826} INFO - Processing file /home/akhilesh/py39/lib/python3.9/site-packages/airflow/example_dags/plugins/event_listener.py for tasks to queue
[2023-08-14T10:26:35.925+0200] {logging_mixin.py:150} INFO - [2023-08-14T10:26:35.924+0200] {dagbag.py:541} INFO - Filling up the DagBag from /home/akhilesh/py39/lib/python3.9/site-packages/airflow/example_dags/plugins/event_listener.py
[2023-08-14T10:26:35.926+0200] {processor.py:838} WARNING - No viable dags retrieved from /home/akhilesh/py39/lib/python3.9/site-packages/airflow/example_dags/plugins/event_listener.py
[2023-08-14T10:26:35.932+0200] {processor.py:179} INFO - Processing /home/akhilesh/py39/lib/python3.9/site-packages/airflow/example_dags/plugins/event_listener.py took 0.013 seconds
[2023-08-14T10:27:16.110+0200] {processor.py:157} INFO - Started process (PID=454617) to work on /home/akhilesh/py39/lib/python3.9/site-packages/airflow/example_dags/plugins/event_listener.py
[2023-08-14T10:27:16.111+0200] {processor.py:826} INFO - Processing file /home/akhilesh/py39/lib/python3.9/site-packages/airflow/example_dags/plugins/event_listener.py for tasks to queue
[2023-08-14T10:27:16.112+0200] {logging_mixin.py:150} INFO - [2023-08-14T10:27:16.111+0200] {dagbag.py:541} INFO - Filling up the DagBag from /home/akhilesh/py39/lib/python3.9/site-packages/airflow/example_dags/plugins/event_listener.py
[2023-08-14T10:27:16.113+0200] {processor.py:838} WARNING - No viable dags retrieved from /home/akhilesh/py39/lib/python3.9/site-packages/airflow/example_dags/plugins/event_listener.py
[2023-08-14T10:27:16.124+0200] {processor.py:179} INFO - Processing /home/akhilesh/py39/lib/python3.9/site-packages/airflow/example_dags/plugins/event_listener.py took 0.018 seconds
[2023-08-14T10:27:53.737+0200] {processor.py:157} INFO - Started process (PID=454859) to work on /home/akhilesh/py39/lib/python3.9/site-packages/airflow/example_dags/plugins/event_listener.py
[2023-08-14T10:27:53.746+0200] {processor.py:826} INFO - Processing file /home/akhilesh/py39/lib/python3.9/site-packages/airflow/example_dags/plugins/event_listener.py for tasks to queue
[2023-08-14T10:27:53.747+0200] {logging_mixin.py:150} INFO - [2023-08-14T10:27:53.746+0200] {dagbag.py:541} INFO - Filling up the DagBag from /home/akhilesh/py39/lib/python3.9/site-packages/airflow/example_dags/plugins/event_listener.py
[2023-08-14T10:27:53.749+0200] {processor.py:838} WARNING - No viable dags retrieved from /home/akhilesh/py39/lib/python3.9/site-packages/airflow/example_dags/plugins/event_listener.py
[2023-08-14T10:27:53.762+0200] {processor.py:179} INFO - Processing /home/akhilesh/py39/lib/python3.9/site-packages/airflow/example_dags/plugins/event_listener.py took 0.030 seconds
[2023-08-14T10:28:32.918+0200] {processor.py:157} INFO - Started process (PID=454981) to work on /home/akhilesh/py39/lib/python3.9/site-packages/airflow/example_dags/plugins/event_listener.py
[2023-08-14T10:28:32.927+0200] {processor.py:826} INFO - Processing file /home/akhilesh/py39/lib/python3.9/site-packages/airflow/example_dags/plugins/event_listener.py for tasks to queue
[2023-08-14T10:28:32.928+0200] {logging_mixin.py:150} INFO - [2023-08-14T10:28:32.928+0200] {dagbag.py:541} INFO - Filling up the DagBag from /home/akhilesh/py39/lib/python3.9/site-packages/airflow/example_dags/plugins/event_listener.py
[2023-08-14T10:28:32.930+0200] {processor.py:838} WARNING - No viable dags retrieved from /home/akhilesh/py39/lib/python3.9/site-packages/airflow/example_dags/plugins/event_listener.py
[2023-08-14T10:28:32.940+0200] {processor.py:179} INFO - Processing /home/akhilesh/py39/lib/python3.9/site-packages/airflow/example_dags/plugins/event_listener.py took 0.026 seconds
[2023-08-14T10:29:15.308+0200] {processor.py:157} INFO - Started process (PID=455160) to work on /home/akhilesh/py39/lib/python3.9/site-packages/airflow/example_dags/plugins/event_listener.py
[2023-08-14T10:29:15.318+0200] {processor.py:826} INFO - Processing file /home/akhilesh/py39/lib/python3.9/site-packages/airflow/example_dags/plugins/event_listener.py for tasks to queue
[2023-08-14T10:29:15.319+0200] {logging_mixin.py:150} INFO - [2023-08-14T10:29:15.318+0200] {dagbag.py:541} INFO - Filling up the DagBag from /home/akhilesh/py39/lib/python3.9/site-packages/airflow/example_dags/plugins/event_listener.py
[2023-08-14T10:29:15.322+0200] {processor.py:838} WARNING - No viable dags retrieved from /home/akhilesh/py39/lib/python3.9/site-packages/airflow/example_dags/plugins/event_listener.py
[2023-08-14T10:29:15.334+0200] {processor.py:179} INFO - Processing /home/akhilesh/py39/lib/python3.9/site-packages/airflow/example_dags/plugins/event_listener.py took 0.029 seconds
[2023-08-14T10:30:06.381+0200] {processor.py:157} INFO - Started process (PID=455267) to work on /home/akhilesh/py39/lib/python3.9/site-packages/airflow/example_dags/plugins/event_listener.py
[2023-08-14T10:30:06.390+0200] {processor.py:826} INFO - Processing file /home/akhilesh/py39/lib/python3.9/site-packages/airflow/example_dags/plugins/event_listener.py for tasks to queue
[2023-08-14T10:30:06.391+0200] {logging_mixin.py:150} INFO - [2023-08-14T10:30:06.391+0200] {dagbag.py:541} INFO - Filling up the DagBag from /home/akhilesh/py39/lib/python3.9/site-packages/airflow/example_dags/plugins/event_listener.py
[2023-08-14T10:30:06.394+0200] {processor.py:838} WARNING - No viable dags retrieved from /home/akhilesh/py39/lib/python3.9/site-packages/airflow/example_dags/plugins/event_listener.py
[2023-08-14T10:30:06.404+0200] {processor.py:179} INFO - Processing /home/akhilesh/py39/lib/python3.9/site-packages/airflow/example_dags/plugins/event_listener.py took 0.027 seconds
[2023-08-14T10:30:51.630+0200] {processor.py:157} INFO - Started process (PID=455439) to work on /home/akhilesh/py39/lib/python3.9/site-packages/airflow/example_dags/plugins/event_listener.py
[2023-08-14T10:30:51.639+0200] {processor.py:826} INFO - Processing file /home/akhilesh/py39/lib/python3.9/site-packages/airflow/example_dags/plugins/event_listener.py for tasks to queue
[2023-08-14T10:30:51.640+0200] {logging_mixin.py:150} INFO - [2023-08-14T10:30:51.640+0200] {dagbag.py:541} INFO - Filling up the DagBag from /home/akhilesh/py39/lib/python3.9/site-packages/airflow/example_dags/plugins/event_listener.py
[2023-08-14T10:30:51.643+0200] {processor.py:838} WARNING - No viable dags retrieved from /home/akhilesh/py39/lib/python3.9/site-packages/airflow/example_dags/plugins/event_listener.py
[2023-08-14T10:30:51.655+0200] {processor.py:179} INFO - Processing /home/akhilesh/py39/lib/python3.9/site-packages/airflow/example_dags/plugins/event_listener.py took 0.029 seconds
[2023-08-14T10:31:29.017+0200] {processor.py:157} INFO - Started process (PID=455520) to work on /home/akhilesh/py39/lib/python3.9/site-packages/airflow/example_dags/plugins/event_listener.py
[2023-08-14T10:31:29.026+0200] {processor.py:826} INFO - Processing file /home/akhilesh/py39/lib/python3.9/site-packages/airflow/example_dags/plugins/event_listener.py for tasks to queue
[2023-08-14T10:31:29.027+0200] {logging_mixin.py:150} INFO - [2023-08-14T10:31:29.027+0200] {dagbag.py:541} INFO - Filling up the DagBag from /home/akhilesh/py39/lib/python3.9/site-packages/airflow/example_dags/plugins/event_listener.py
[2023-08-14T10:31:29.030+0200] {processor.py:838} WARNING - No viable dags retrieved from /home/akhilesh/py39/lib/python3.9/site-packages/airflow/example_dags/plugins/event_listener.py
[2023-08-14T10:31:29.042+0200] {processor.py:179} INFO - Processing /home/akhilesh/py39/lib/python3.9/site-packages/airflow/example_dags/plugins/event_listener.py took 0.030 seconds
[2023-08-14T10:32:16.518+0200] {processor.py:157} INFO - Started process (PID=455780) to work on /home/akhilesh/py39/lib/python3.9/site-packages/airflow/example_dags/plugins/event_listener.py
[2023-08-14T10:32:16.528+0200] {processor.py:826} INFO - Processing file /home/akhilesh/py39/lib/python3.9/site-packages/airflow/example_dags/plugins/event_listener.py for tasks to queue
[2023-08-14T10:32:16.529+0200] {logging_mixin.py:150} INFO - [2023-08-14T10:32:16.528+0200] {dagbag.py:541} INFO - Filling up the DagBag from /home/akhilesh/py39/lib/python3.9/site-packages/airflow/example_dags/plugins/event_listener.py
[2023-08-14T10:32:16.532+0200] {processor.py:838} WARNING - No viable dags retrieved from /home/akhilesh/py39/lib/python3.9/site-packages/airflow/example_dags/plugins/event_listener.py
[2023-08-14T10:32:16.543+0200] {processor.py:179} INFO - Processing /home/akhilesh/py39/lib/python3.9/site-packages/airflow/example_dags/plugins/event_listener.py took 0.029 seconds
[2023-08-14T10:32:52.969+0200] {processor.py:157} INFO - Started process (PID=455914) to work on /home/akhilesh/py39/lib/python3.9/site-packages/airflow/example_dags/plugins/event_listener.py
[2023-08-14T10:32:52.979+0200] {processor.py:826} INFO - Processing file /home/akhilesh/py39/lib/python3.9/site-packages/airflow/example_dags/plugins/event_listener.py for tasks to queue
[2023-08-14T10:32:52.980+0200] {logging_mixin.py:150} INFO - [2023-08-14T10:32:52.979+0200] {dagbag.py:541} INFO - Filling up the DagBag from /home/akhilesh/py39/lib/python3.9/site-packages/airflow/example_dags/plugins/event_listener.py
[2023-08-14T10:32:52.983+0200] {processor.py:838} WARNING - No viable dags retrieved from /home/akhilesh/py39/lib/python3.9/site-packages/airflow/example_dags/plugins/event_listener.py
[2023-08-14T10:32:52.995+0200] {processor.py:179} INFO - Processing /home/akhilesh/py39/lib/python3.9/site-packages/airflow/example_dags/plugins/event_listener.py took 0.030 seconds
[2023-08-14T10:33:43.558+0200] {processor.py:157} INFO - Started process (PID=456038) to work on /home/akhilesh/py39/lib/python3.9/site-packages/airflow/example_dags/plugins/event_listener.py
[2023-08-14T10:33:43.568+0200] {processor.py:826} INFO - Processing file /home/akhilesh/py39/lib/python3.9/site-packages/airflow/example_dags/plugins/event_listener.py for tasks to queue
[2023-08-14T10:33:43.569+0200] {logging_mixin.py:150} INFO - [2023-08-14T10:33:43.569+0200] {dagbag.py:541} INFO - Filling up the DagBag from /home/akhilesh/py39/lib/python3.9/site-packages/airflow/example_dags/plugins/event_listener.py
[2023-08-14T10:33:43.571+0200] {processor.py:838} WARNING - No viable dags retrieved from /home/akhilesh/py39/lib/python3.9/site-packages/airflow/example_dags/plugins/event_listener.py
[2023-08-14T10:33:43.583+0200] {processor.py:179} INFO - Processing /home/akhilesh/py39/lib/python3.9/site-packages/airflow/example_dags/plugins/event_listener.py took 0.028 seconds
[2023-08-14T10:34:19.747+0200] {processor.py:157} INFO - Started process (PID=456122) to work on /home/akhilesh/py39/lib/python3.9/site-packages/airflow/example_dags/plugins/event_listener.py
[2023-08-14T10:34:19.756+0200] {processor.py:826} INFO - Processing file /home/akhilesh/py39/lib/python3.9/site-packages/airflow/example_dags/plugins/event_listener.py for tasks to queue
[2023-08-14T10:34:19.757+0200] {logging_mixin.py:150} INFO - [2023-08-14T10:34:19.757+0200] {dagbag.py:541} INFO - Filling up the DagBag from /home/akhilesh/py39/lib/python3.9/site-packages/airflow/example_dags/plugins/event_listener.py
[2023-08-14T10:34:19.760+0200] {processor.py:838} WARNING - No viable dags retrieved from /home/akhilesh/py39/lib/python3.9/site-packages/airflow/example_dags/plugins/event_listener.py
[2023-08-14T10:34:19.774+0200] {processor.py:179} INFO - Processing /home/akhilesh/py39/lib/python3.9/site-packages/airflow/example_dags/plugins/event_listener.py took 0.031 seconds
[2023-08-14T10:34:55.938+0200] {processor.py:157} INFO - Started process (PID=456213) to work on /home/akhilesh/py39/lib/python3.9/site-packages/airflow/example_dags/plugins/event_listener.py
[2023-08-14T10:34:55.947+0200] {processor.py:826} INFO - Processing file /home/akhilesh/py39/lib/python3.9/site-packages/airflow/example_dags/plugins/event_listener.py for tasks to queue
[2023-08-14T10:34:55.948+0200] {logging_mixin.py:150} INFO - [2023-08-14T10:34:55.948+0200] {dagbag.py:541} INFO - Filling up the DagBag from /home/akhilesh/py39/lib/python3.9/site-packages/airflow/example_dags/plugins/event_listener.py
[2023-08-14T10:34:55.951+0200] {processor.py:838} WARNING - No viable dags retrieved from /home/akhilesh/py39/lib/python3.9/site-packages/airflow/example_dags/plugins/event_listener.py
[2023-08-14T10:34:55.964+0200] {processor.py:179} INFO - Processing /home/akhilesh/py39/lib/python3.9/site-packages/airflow/example_dags/plugins/event_listener.py took 0.030 seconds
[2023-08-14T10:35:30.936+0200] {processor.py:157} INFO - Started process (PID=456320) to work on /home/akhilesh/py39/lib/python3.9/site-packages/airflow/example_dags/plugins/event_listener.py
[2023-08-14T10:35:30.937+0200] {processor.py:826} INFO - Processing file /home/akhilesh/py39/lib/python3.9/site-packages/airflow/example_dags/plugins/event_listener.py for tasks to queue
[2023-08-14T10:35:30.938+0200] {logging_mixin.py:150} INFO - [2023-08-14T10:35:30.938+0200] {dagbag.py:541} INFO - Filling up the DagBag from /home/akhilesh/py39/lib/python3.9/site-packages/airflow/example_dags/plugins/event_listener.py
[2023-08-14T10:35:30.941+0200] {processor.py:838} WARNING - No viable dags retrieved from /home/akhilesh/py39/lib/python3.9/site-packages/airflow/example_dags/plugins/event_listener.py
[2023-08-14T10:35:30.952+0200] {processor.py:179} INFO - Processing /home/akhilesh/py39/lib/python3.9/site-packages/airflow/example_dags/plugins/event_listener.py took 0.020 seconds
[2023-08-14T10:36:06.490+0200] {processor.py:157} INFO - Started process (PID=456433) to work on /home/akhilesh/py39/lib/python3.9/site-packages/airflow/example_dags/plugins/event_listener.py
[2023-08-14T10:36:06.499+0200] {processor.py:826} INFO - Processing file /home/akhilesh/py39/lib/python3.9/site-packages/airflow/example_dags/plugins/event_listener.py for tasks to queue
[2023-08-14T10:36:06.501+0200] {logging_mixin.py:150} INFO - [2023-08-14T10:36:06.500+0200] {dagbag.py:541} INFO - Filling up the DagBag from /home/akhilesh/py39/lib/python3.9/site-packages/airflow/example_dags/plugins/event_listener.py
[2023-08-14T10:36:06.503+0200] {processor.py:838} WARNING - No viable dags retrieved from /home/akhilesh/py39/lib/python3.9/site-packages/airflow/example_dags/plugins/event_listener.py
[2023-08-14T10:36:06.516+0200] {processor.py:179} INFO - Processing /home/akhilesh/py39/lib/python3.9/site-packages/airflow/example_dags/plugins/event_listener.py took 0.028 seconds
[2023-08-14T10:36:57.035+0200] {processor.py:157} INFO - Started process (PID=456569) to work on /home/akhilesh/py39/lib/python3.9/site-packages/airflow/example_dags/plugins/event_listener.py
[2023-08-14T10:36:57.044+0200] {processor.py:826} INFO - Processing file /home/akhilesh/py39/lib/python3.9/site-packages/airflow/example_dags/plugins/event_listener.py for tasks to queue
[2023-08-14T10:36:57.045+0200] {logging_mixin.py:150} INFO - [2023-08-14T10:36:57.045+0200] {dagbag.py:541} INFO - Filling up the DagBag from /home/akhilesh/py39/lib/python3.9/site-packages/airflow/example_dags/plugins/event_listener.py
[2023-08-14T10:36:57.047+0200] {processor.py:838} WARNING - No viable dags retrieved from /home/akhilesh/py39/lib/python3.9/site-packages/airflow/example_dags/plugins/event_listener.py
[2023-08-14T10:36:57.059+0200] {processor.py:179} INFO - Processing /home/akhilesh/py39/lib/python3.9/site-packages/airflow/example_dags/plugins/event_listener.py took 0.027 seconds
[2023-08-14T10:37:47.607+0200] {processor.py:157} INFO - Started process (PID=456716) to work on /home/akhilesh/py39/lib/python3.9/site-packages/airflow/example_dags/plugins/event_listener.py
[2023-08-14T10:37:47.616+0200] {processor.py:826} INFO - Processing file /home/akhilesh/py39/lib/python3.9/site-packages/airflow/example_dags/plugins/event_listener.py for tasks to queue
[2023-08-14T10:37:47.617+0200] {logging_mixin.py:150} INFO - [2023-08-14T10:37:47.617+0200] {dagbag.py:541} INFO - Filling up the DagBag from /home/akhilesh/py39/lib/python3.9/site-packages/airflow/example_dags/plugins/event_listener.py
[2023-08-14T10:37:47.620+0200] {processor.py:838} WARNING - No viable dags retrieved from /home/akhilesh/py39/lib/python3.9/site-packages/airflow/example_dags/plugins/event_listener.py
[2023-08-14T10:37:47.632+0200] {processor.py:179} INFO - Processing /home/akhilesh/py39/lib/python3.9/site-packages/airflow/example_dags/plugins/event_listener.py took 0.028 seconds
[2023-08-14T10:38:35.602+0200] {processor.py:157} INFO - Started process (PID=456826) to work on /home/akhilesh/py39/lib/python3.9/site-packages/airflow/example_dags/plugins/event_listener.py
[2023-08-14T10:38:35.611+0200] {processor.py:826} INFO - Processing file /home/akhilesh/py39/lib/python3.9/site-packages/airflow/example_dags/plugins/event_listener.py for tasks to queue
[2023-08-14T10:38:35.613+0200] {logging_mixin.py:150} INFO - [2023-08-14T10:38:35.612+0200] {dagbag.py:541} INFO - Filling up the DagBag from /home/akhilesh/py39/lib/python3.9/site-packages/airflow/example_dags/plugins/event_listener.py
[2023-08-14T10:38:35.615+0200] {processor.py:838} WARNING - No viable dags retrieved from /home/akhilesh/py39/lib/python3.9/site-packages/airflow/example_dags/plugins/event_listener.py
[2023-08-14T10:38:35.626+0200] {processor.py:179} INFO - Processing /home/akhilesh/py39/lib/python3.9/site-packages/airflow/example_dags/plugins/event_listener.py took 0.028 seconds
[2023-08-14T10:39:41.031+0200] {processor.py:157} INFO - Started process (PID=457093) to work on /home/akhilesh/py39/lib/python3.9/site-packages/airflow/example_dags/plugins/event_listener.py
[2023-08-14T10:39:41.040+0200] {processor.py:826} INFO - Processing file /home/akhilesh/py39/lib/python3.9/site-packages/airflow/example_dags/plugins/event_listener.py for tasks to queue
[2023-08-14T10:39:41.041+0200] {logging_mixin.py:150} INFO - [2023-08-14T10:39:41.040+0200] {dagbag.py:541} INFO - Filling up the DagBag from /home/akhilesh/py39/lib/python3.9/site-packages/airflow/example_dags/plugins/event_listener.py
[2023-08-14T10:39:41.044+0200] {processor.py:838} WARNING - No viable dags retrieved from /home/akhilesh/py39/lib/python3.9/site-packages/airflow/example_dags/plugins/event_listener.py
[2023-08-14T10:39:41.057+0200] {processor.py:179} INFO - Processing /home/akhilesh/py39/lib/python3.9/site-packages/airflow/example_dags/plugins/event_listener.py took 0.031 seconds
[2023-08-14T10:41:22.105+0200] {processor.py:157} INFO - Started process (PID=457513) to work on /home/akhilesh/py39/lib/python3.9/site-packages/airflow/example_dags/plugins/event_listener.py
[2023-08-14T10:41:22.115+0200] {processor.py:826} INFO - Processing file /home/akhilesh/py39/lib/python3.9/site-packages/airflow/example_dags/plugins/event_listener.py for tasks to queue
[2023-08-14T10:41:22.116+0200] {logging_mixin.py:150} INFO - [2023-08-14T10:41:22.116+0200] {dagbag.py:541} INFO - Filling up the DagBag from /home/akhilesh/py39/lib/python3.9/site-packages/airflow/example_dags/plugins/event_listener.py
[2023-08-14T10:41:22.119+0200] {processor.py:838} WARNING - No viable dags retrieved from /home/akhilesh/py39/lib/python3.9/site-packages/airflow/example_dags/plugins/event_listener.py
[2023-08-14T10:41:22.131+0200] {processor.py:179} INFO - Processing /home/akhilesh/py39/lib/python3.9/site-packages/airflow/example_dags/plugins/event_listener.py took 0.030 seconds
[2023-08-14T10:42:09.121+0200] {processor.py:157} INFO - Started process (PID=457678) to work on /home/akhilesh/py39/lib/python3.9/site-packages/airflow/example_dags/plugins/event_listener.py
[2023-08-14T10:42:09.123+0200] {processor.py:826} INFO - Processing file /home/akhilesh/py39/lib/python3.9/site-packages/airflow/example_dags/plugins/event_listener.py for tasks to queue
[2023-08-14T10:42:09.125+0200] {logging_mixin.py:150} INFO - [2023-08-14T10:42:09.124+0200] {dagbag.py:541} INFO - Filling up the DagBag from /home/akhilesh/py39/lib/python3.9/site-packages/airflow/example_dags/plugins/event_listener.py
[2023-08-14T10:42:09.127+0200] {processor.py:838} WARNING - No viable dags retrieved from /home/akhilesh/py39/lib/python3.9/site-packages/airflow/example_dags/plugins/event_listener.py
[2023-08-14T10:42:09.142+0200] {processor.py:179} INFO - Processing /home/akhilesh/py39/lib/python3.9/site-packages/airflow/example_dags/plugins/event_listener.py took 0.025 seconds
[2023-08-14T10:44:12.545+0200] {processor.py:157} INFO - Started process (PID=458168) to work on /home/akhilesh/py39/lib/python3.9/site-packages/airflow/example_dags/plugins/event_listener.py
[2023-08-14T10:44:12.547+0200] {processor.py:826} INFO - Processing file /home/akhilesh/py39/lib/python3.9/site-packages/airflow/example_dags/plugins/event_listener.py for tasks to queue
[2023-08-14T10:44:12.548+0200] {logging_mixin.py:150} INFO - [2023-08-14T10:44:12.548+0200] {dagbag.py:541} INFO - Filling up the DagBag from /home/akhilesh/py39/lib/python3.9/site-packages/airflow/example_dags/plugins/event_listener.py
[2023-08-14T10:44:12.551+0200] {processor.py:838} WARNING - No viable dags retrieved from /home/akhilesh/py39/lib/python3.9/site-packages/airflow/example_dags/plugins/event_listener.py
[2023-08-14T10:44:12.561+0200] {processor.py:179} INFO - Processing /home/akhilesh/py39/lib/python3.9/site-packages/airflow/example_dags/plugins/event_listener.py took 0.019 seconds
[2023-08-14T10:45:00.325+0200] {processor.py:157} INFO - Started process (PID=458401) to work on /home/akhilesh/py39/lib/python3.9/site-packages/airflow/example_dags/plugins/event_listener.py
[2023-08-14T10:45:00.327+0200] {processor.py:826} INFO - Processing file /home/akhilesh/py39/lib/python3.9/site-packages/airflow/example_dags/plugins/event_listener.py for tasks to queue
[2023-08-14T10:45:00.327+0200] {logging_mixin.py:150} INFO - [2023-08-14T10:45:00.327+0200] {dagbag.py:541} INFO - Filling up the DagBag from /home/akhilesh/py39/lib/python3.9/site-packages/airflow/example_dags/plugins/event_listener.py
[2023-08-14T10:45:00.329+0200] {processor.py:838} WARNING - No viable dags retrieved from /home/akhilesh/py39/lib/python3.9/site-packages/airflow/example_dags/plugins/event_listener.py
[2023-08-14T10:45:00.337+0200] {processor.py:179} INFO - Processing /home/akhilesh/py39/lib/python3.9/site-packages/airflow/example_dags/plugins/event_listener.py took 0.016 seconds
[2023-08-14T10:45:45.459+0200] {processor.py:157} INFO - Started process (PID=458556) to work on /home/akhilesh/py39/lib/python3.9/site-packages/airflow/example_dags/plugins/event_listener.py
[2023-08-14T10:45:45.468+0200] {processor.py:826} INFO - Processing file /home/akhilesh/py39/lib/python3.9/site-packages/airflow/example_dags/plugins/event_listener.py for tasks to queue
[2023-08-14T10:45:45.470+0200] {logging_mixin.py:150} INFO - [2023-08-14T10:45:45.469+0200] {dagbag.py:541} INFO - Filling up the DagBag from /home/akhilesh/py39/lib/python3.9/site-packages/airflow/example_dags/plugins/event_listener.py
[2023-08-14T10:45:45.473+0200] {processor.py:838} WARNING - No viable dags retrieved from /home/akhilesh/py39/lib/python3.9/site-packages/airflow/example_dags/plugins/event_listener.py
[2023-08-14T10:45:45.487+0200] {processor.py:179} INFO - Processing /home/akhilesh/py39/lib/python3.9/site-packages/airflow/example_dags/plugins/event_listener.py took 0.032 seconds
[2023-08-14T10:46:32.934+0200] {processor.py:157} INFO - Started process (PID=458829) to work on /home/akhilesh/py39/lib/python3.9/site-packages/airflow/example_dags/plugins/event_listener.py
[2023-08-14T10:46:32.936+0200] {processor.py:826} INFO - Processing file /home/akhilesh/py39/lib/python3.9/site-packages/airflow/example_dags/plugins/event_listener.py for tasks to queue
[2023-08-14T10:46:32.936+0200] {logging_mixin.py:150} INFO - [2023-08-14T10:46:32.936+0200] {dagbag.py:541} INFO - Filling up the DagBag from /home/akhilesh/py39/lib/python3.9/site-packages/airflow/example_dags/plugins/event_listener.py
[2023-08-14T10:46:32.938+0200] {processor.py:838} WARNING - No viable dags retrieved from /home/akhilesh/py39/lib/python3.9/site-packages/airflow/example_dags/plugins/event_listener.py
[2023-08-14T10:46:32.946+0200] {processor.py:179} INFO - Processing /home/akhilesh/py39/lib/python3.9/site-packages/airflow/example_dags/plugins/event_listener.py took 0.016 seconds
[2023-08-14T10:47:22.443+0200] {processor.py:157} INFO - Started process (PID=458981) to work on /home/akhilesh/py39/lib/python3.9/site-packages/airflow/example_dags/plugins/event_listener.py
[2023-08-14T10:47:22.452+0200] {processor.py:826} INFO - Processing file /home/akhilesh/py39/lib/python3.9/site-packages/airflow/example_dags/plugins/event_listener.py for tasks to queue
[2023-08-14T10:47:22.453+0200] {logging_mixin.py:150} INFO - [2023-08-14T10:47:22.453+0200] {dagbag.py:541} INFO - Filling up the DagBag from /home/akhilesh/py39/lib/python3.9/site-packages/airflow/example_dags/plugins/event_listener.py
[2023-08-14T10:47:22.456+0200] {processor.py:838} WARNING - No viable dags retrieved from /home/akhilesh/py39/lib/python3.9/site-packages/airflow/example_dags/plugins/event_listener.py
[2023-08-14T10:47:22.472+0200] {processor.py:179} INFO - Processing /home/akhilesh/py39/lib/python3.9/site-packages/airflow/example_dags/plugins/event_listener.py took 0.033 seconds
[2023-08-14T10:47:58.545+0200] {processor.py:157} INFO - Started process (PID=459132) to work on /home/akhilesh/py39/lib/python3.9/site-packages/airflow/example_dags/plugins/event_listener.py
[2023-08-14T10:47:58.554+0200] {processor.py:826} INFO - Processing file /home/akhilesh/py39/lib/python3.9/site-packages/airflow/example_dags/plugins/event_listener.py for tasks to queue
[2023-08-14T10:47:58.555+0200] {logging_mixin.py:150} INFO - [2023-08-14T10:47:58.555+0200] {dagbag.py:541} INFO - Filling up the DagBag from /home/akhilesh/py39/lib/python3.9/site-packages/airflow/example_dags/plugins/event_listener.py
[2023-08-14T10:47:58.559+0200] {processor.py:838} WARNING - No viable dags retrieved from /home/akhilesh/py39/lib/python3.9/site-packages/airflow/example_dags/plugins/event_listener.py
[2023-08-14T10:47:58.573+0200] {processor.py:179} INFO - Processing /home/akhilesh/py39/lib/python3.9/site-packages/airflow/example_dags/plugins/event_listener.py took 0.033 seconds
[2023-08-14T10:48:35.725+0200] {processor.py:157} INFO - Started process (PID=459236) to work on /home/akhilesh/py39/lib/python3.9/site-packages/airflow/example_dags/plugins/event_listener.py
[2023-08-14T10:48:35.734+0200] {processor.py:826} INFO - Processing file /home/akhilesh/py39/lib/python3.9/site-packages/airflow/example_dags/plugins/event_listener.py for tasks to queue
[2023-08-14T10:48:35.736+0200] {logging_mixin.py:150} INFO - [2023-08-14T10:48:35.735+0200] {dagbag.py:541} INFO - Filling up the DagBag from /home/akhilesh/py39/lib/python3.9/site-packages/airflow/example_dags/plugins/event_listener.py
[2023-08-14T10:48:35.739+0200] {processor.py:838} WARNING - No viable dags retrieved from /home/akhilesh/py39/lib/python3.9/site-packages/airflow/example_dags/plugins/event_listener.py
[2023-08-14T10:48:35.751+0200] {processor.py:179} INFO - Processing /home/akhilesh/py39/lib/python3.9/site-packages/airflow/example_dags/plugins/event_listener.py took 0.030 seconds
[2023-08-14T10:49:13.187+0200] {processor.py:157} INFO - Started process (PID=459368) to work on /home/akhilesh/py39/lib/python3.9/site-packages/airflow/example_dags/plugins/event_listener.py
[2023-08-14T10:49:13.188+0200] {processor.py:826} INFO - Processing file /home/akhilesh/py39/lib/python3.9/site-packages/airflow/example_dags/plugins/event_listener.py for tasks to queue
[2023-08-14T10:49:13.189+0200] {logging_mixin.py:150} INFO - [2023-08-14T10:49:13.189+0200] {dagbag.py:541} INFO - Filling up the DagBag from /home/akhilesh/py39/lib/python3.9/site-packages/airflow/example_dags/plugins/event_listener.py
[2023-08-14T10:49:13.192+0200] {processor.py:838} WARNING - No viable dags retrieved from /home/akhilesh/py39/lib/python3.9/site-packages/airflow/example_dags/plugins/event_listener.py
[2023-08-14T10:49:13.203+0200] {processor.py:179} INFO - Processing /home/akhilesh/py39/lib/python3.9/site-packages/airflow/example_dags/plugins/event_listener.py took 0.021 seconds
[2023-08-14T10:49:46.983+0200] {processor.py:157} INFO - Started process (PID=459473) to work on /home/akhilesh/py39/lib/python3.9/site-packages/airflow/example_dags/plugins/event_listener.py
[2023-08-14T10:49:46.984+0200] {processor.py:826} INFO - Processing file /home/akhilesh/py39/lib/python3.9/site-packages/airflow/example_dags/plugins/event_listener.py for tasks to queue
[2023-08-14T10:49:46.985+0200] {logging_mixin.py:150} INFO - [2023-08-14T10:49:46.985+0200] {dagbag.py:541} INFO - Filling up the DagBag from /home/akhilesh/py39/lib/python3.9/site-packages/airflow/example_dags/plugins/event_listener.py
[2023-08-14T10:49:46.987+0200] {processor.py:838} WARNING - No viable dags retrieved from /home/akhilesh/py39/lib/python3.9/site-packages/airflow/example_dags/plugins/event_listener.py
[2023-08-14T10:49:46.997+0200] {processor.py:179} INFO - Processing /home/akhilesh/py39/lib/python3.9/site-packages/airflow/example_dags/plugins/event_listener.py took 0.018 seconds
[2023-08-14T10:50:21.266+0200] {processor.py:157} INFO - Started process (PID=459614) to work on /home/akhilesh/py39/lib/python3.9/site-packages/airflow/example_dags/plugins/event_listener.py
[2023-08-14T10:50:21.275+0200] {processor.py:826} INFO - Processing file /home/akhilesh/py39/lib/python3.9/site-packages/airflow/example_dags/plugins/event_listener.py for tasks to queue
[2023-08-14T10:50:21.276+0200] {logging_mixin.py:150} INFO - [2023-08-14T10:50:21.276+0200] {dagbag.py:541} INFO - Filling up the DagBag from /home/akhilesh/py39/lib/python3.9/site-packages/airflow/example_dags/plugins/event_listener.py
[2023-08-14T10:50:21.279+0200] {processor.py:838} WARNING - No viable dags retrieved from /home/akhilesh/py39/lib/python3.9/site-packages/airflow/example_dags/plugins/event_listener.py
[2023-08-14T10:50:21.294+0200] {processor.py:179} INFO - Processing /home/akhilesh/py39/lib/python3.9/site-packages/airflow/example_dags/plugins/event_listener.py took 0.032 seconds
[2023-08-14T10:51:12.715+0200] {processor.py:157} INFO - Started process (PID=459785) to work on /home/akhilesh/py39/lib/python3.9/site-packages/airflow/example_dags/plugins/event_listener.py
[2023-08-14T10:51:12.725+0200] {processor.py:826} INFO - Processing file /home/akhilesh/py39/lib/python3.9/site-packages/airflow/example_dags/plugins/event_listener.py for tasks to queue
[2023-08-14T10:51:12.726+0200] {logging_mixin.py:150} INFO - [2023-08-14T10:51:12.726+0200] {dagbag.py:541} INFO - Filling up the DagBag from /home/akhilesh/py39/lib/python3.9/site-packages/airflow/example_dags/plugins/event_listener.py
[2023-08-14T10:51:12.729+0200] {processor.py:838} WARNING - No viable dags retrieved from /home/akhilesh/py39/lib/python3.9/site-packages/airflow/example_dags/plugins/event_listener.py
[2023-08-14T10:51:12.740+0200] {processor.py:179} INFO - Processing /home/akhilesh/py39/lib/python3.9/site-packages/airflow/example_dags/plugins/event_listener.py took 0.029 seconds
[2023-08-14T10:52:00.823+0200] {processor.py:157} INFO - Started process (PID=459918) to work on /home/akhilesh/py39/lib/python3.9/site-packages/airflow/example_dags/plugins/event_listener.py
[2023-08-14T10:52:00.833+0200] {processor.py:826} INFO - Processing file /home/akhilesh/py39/lib/python3.9/site-packages/airflow/example_dags/plugins/event_listener.py for tasks to queue
[2023-08-14T10:52:00.835+0200] {logging_mixin.py:150} INFO - [2023-08-14T10:52:00.834+0200] {dagbag.py:541} INFO - Filling up the DagBag from /home/akhilesh/py39/lib/python3.9/site-packages/airflow/example_dags/plugins/event_listener.py
[2023-08-14T10:52:00.838+0200] {processor.py:838} WARNING - No viable dags retrieved from /home/akhilesh/py39/lib/python3.9/site-packages/airflow/example_dags/plugins/event_listener.py
[2023-08-14T10:52:00.851+0200] {processor.py:179} INFO - Processing /home/akhilesh/py39/lib/python3.9/site-packages/airflow/example_dags/plugins/event_listener.py took 0.032 seconds
[2023-08-14T10:52:52.321+0200] {processor.py:157} INFO - Started process (PID=460049) to work on /home/akhilesh/py39/lib/python3.9/site-packages/airflow/example_dags/plugins/event_listener.py
[2023-08-14T10:52:52.331+0200] {processor.py:826} INFO - Processing file /home/akhilesh/py39/lib/python3.9/site-packages/airflow/example_dags/plugins/event_listener.py for tasks to queue
[2023-08-14T10:52:52.332+0200] {logging_mixin.py:150} INFO - [2023-08-14T10:52:52.332+0200] {dagbag.py:541} INFO - Filling up the DagBag from /home/akhilesh/py39/lib/python3.9/site-packages/airflow/example_dags/plugins/event_listener.py
[2023-08-14T10:52:52.336+0200] {processor.py:838} WARNING - No viable dags retrieved from /home/akhilesh/py39/lib/python3.9/site-packages/airflow/example_dags/plugins/event_listener.py
[2023-08-14T10:52:52.349+0200] {processor.py:179} INFO - Processing /home/akhilesh/py39/lib/python3.9/site-packages/airflow/example_dags/plugins/event_listener.py took 0.031 seconds
[2023-08-14T10:53:44.050+0200] {processor.py:157} INFO - Started process (PID=460283) to work on /home/akhilesh/py39/lib/python3.9/site-packages/airflow/example_dags/plugins/event_listener.py
[2023-08-14T10:53:44.059+0200] {processor.py:826} INFO - Processing file /home/akhilesh/py39/lib/python3.9/site-packages/airflow/example_dags/plugins/event_listener.py for tasks to queue
[2023-08-14T10:53:44.060+0200] {logging_mixin.py:150} INFO - [2023-08-14T10:53:44.060+0200] {dagbag.py:541} INFO - Filling up the DagBag from /home/akhilesh/py39/lib/python3.9/site-packages/airflow/example_dags/plugins/event_listener.py
[2023-08-14T10:53:44.063+0200] {processor.py:838} WARNING - No viable dags retrieved from /home/akhilesh/py39/lib/python3.9/site-packages/airflow/example_dags/plugins/event_listener.py
[2023-08-14T10:53:44.076+0200] {processor.py:179} INFO - Processing /home/akhilesh/py39/lib/python3.9/site-packages/airflow/example_dags/plugins/event_listener.py took 0.030 seconds
[2023-08-14T10:54:19.650+0200] {processor.py:157} INFO - Started process (PID=460399) to work on /home/akhilesh/py39/lib/python3.9/site-packages/airflow/example_dags/plugins/event_listener.py
[2023-08-14T10:54:19.659+0200] {processor.py:826} INFO - Processing file /home/akhilesh/py39/lib/python3.9/site-packages/airflow/example_dags/plugins/event_listener.py for tasks to queue
[2023-08-14T10:54:19.660+0200] {logging_mixin.py:150} INFO - [2023-08-14T10:54:19.659+0200] {dagbag.py:541} INFO - Filling up the DagBag from /home/akhilesh/py39/lib/python3.9/site-packages/airflow/example_dags/plugins/event_listener.py
[2023-08-14T10:54:19.662+0200] {processor.py:838} WARNING - No viable dags retrieved from /home/akhilesh/py39/lib/python3.9/site-packages/airflow/example_dags/plugins/event_listener.py
[2023-08-14T10:54:19.675+0200] {processor.py:179} INFO - Processing /home/akhilesh/py39/lib/python3.9/site-packages/airflow/example_dags/plugins/event_listener.py took 0.030 seconds
[2023-08-14T10:55:10.247+0200] {processor.py:157} INFO - Started process (PID=460557) to work on /home/akhilesh/py39/lib/python3.9/site-packages/airflow/example_dags/plugins/event_listener.py
[2023-08-14T10:55:10.256+0200] {processor.py:826} INFO - Processing file /home/akhilesh/py39/lib/python3.9/site-packages/airflow/example_dags/plugins/event_listener.py for tasks to queue
[2023-08-14T10:55:10.258+0200] {logging_mixin.py:150} INFO - [2023-08-14T10:55:10.257+0200] {dagbag.py:541} INFO - Filling up the DagBag from /home/akhilesh/py39/lib/python3.9/site-packages/airflow/example_dags/plugins/event_listener.py
[2023-08-14T10:55:10.261+0200] {processor.py:838} WARNING - No viable dags retrieved from /home/akhilesh/py39/lib/python3.9/site-packages/airflow/example_dags/plugins/event_listener.py
[2023-08-14T10:55:10.273+0200] {processor.py:179} INFO - Processing /home/akhilesh/py39/lib/python3.9/site-packages/airflow/example_dags/plugins/event_listener.py took 0.031 seconds
[2023-08-14T10:55:58.329+0200] {processor.py:157} INFO - Started process (PID=460689) to work on /home/akhilesh/py39/lib/python3.9/site-packages/airflow/example_dags/plugins/event_listener.py
[2023-08-14T10:55:58.338+0200] {processor.py:826} INFO - Processing file /home/akhilesh/py39/lib/python3.9/site-packages/airflow/example_dags/plugins/event_listener.py for tasks to queue
[2023-08-14T10:55:58.339+0200] {logging_mixin.py:150} INFO - [2023-08-14T10:55:58.339+0200] {dagbag.py:541} INFO - Filling up the DagBag from /home/akhilesh/py39/lib/python3.9/site-packages/airflow/example_dags/plugins/event_listener.py
[2023-08-14T10:55:58.342+0200] {processor.py:838} WARNING - No viable dags retrieved from /home/akhilesh/py39/lib/python3.9/site-packages/airflow/example_dags/plugins/event_listener.py
[2023-08-14T10:55:58.355+0200] {processor.py:179} INFO - Processing /home/akhilesh/py39/lib/python3.9/site-packages/airflow/example_dags/plugins/event_listener.py took 0.030 seconds
[2023-08-14T10:56:47.235+0200] {processor.py:157} INFO - Started process (PID=460906) to work on /home/akhilesh/py39/lib/python3.9/site-packages/airflow/example_dags/plugins/event_listener.py
[2023-08-14T10:56:47.244+0200] {processor.py:826} INFO - Processing file /home/akhilesh/py39/lib/python3.9/site-packages/airflow/example_dags/plugins/event_listener.py for tasks to queue
[2023-08-14T10:56:47.246+0200] {logging_mixin.py:150} INFO - [2023-08-14T10:56:47.245+0200] {dagbag.py:541} INFO - Filling up the DagBag from /home/akhilesh/py39/lib/python3.9/site-packages/airflow/example_dags/plugins/event_listener.py
[2023-08-14T10:56:47.249+0200] {processor.py:838} WARNING - No viable dags retrieved from /home/akhilesh/py39/lib/python3.9/site-packages/airflow/example_dags/plugins/event_listener.py
[2023-08-14T10:56:47.261+0200] {processor.py:179} INFO - Processing /home/akhilesh/py39/lib/python3.9/site-packages/airflow/example_dags/plugins/event_listener.py took 0.031 seconds
[2023-08-14T10:57:36.749+0200] {processor.py:157} INFO - Started process (PID=461027) to work on /home/akhilesh/py39/lib/python3.9/site-packages/airflow/example_dags/plugins/event_listener.py
[2023-08-14T10:57:36.758+0200] {processor.py:826} INFO - Processing file /home/akhilesh/py39/lib/python3.9/site-packages/airflow/example_dags/plugins/event_listener.py for tasks to queue
[2023-08-14T10:57:36.759+0200] {logging_mixin.py:150} INFO - [2023-08-14T10:57:36.759+0200] {dagbag.py:541} INFO - Filling up the DagBag from /home/akhilesh/py39/lib/python3.9/site-packages/airflow/example_dags/plugins/event_listener.py
[2023-08-14T10:57:36.762+0200] {processor.py:838} WARNING - No viable dags retrieved from /home/akhilesh/py39/lib/python3.9/site-packages/airflow/example_dags/plugins/event_listener.py
[2023-08-14T10:57:36.776+0200] {processor.py:179} INFO - Processing /home/akhilesh/py39/lib/python3.9/site-packages/airflow/example_dags/plugins/event_listener.py took 0.031 seconds
[2023-08-14T10:58:20.330+0200] {processor.py:157} INFO - Started process (PID=461264) to work on /home/akhilesh/py39/lib/python3.9/site-packages/airflow/example_dags/plugins/event_listener.py
[2023-08-14T10:58:20.331+0200] {processor.py:826} INFO - Processing file /home/akhilesh/py39/lib/python3.9/site-packages/airflow/example_dags/plugins/event_listener.py for tasks to queue
[2023-08-14T10:58:20.332+0200] {logging_mixin.py:150} INFO - [2023-08-14T10:58:20.332+0200] {dagbag.py:541} INFO - Filling up the DagBag from /home/akhilesh/py39/lib/python3.9/site-packages/airflow/example_dags/plugins/event_listener.py
[2023-08-14T10:58:20.335+0200] {processor.py:838} WARNING - No viable dags retrieved from /home/akhilesh/py39/lib/python3.9/site-packages/airflow/example_dags/plugins/event_listener.py
[2023-08-14T10:58:20.344+0200] {processor.py:179} INFO - Processing /home/akhilesh/py39/lib/python3.9/site-packages/airflow/example_dags/plugins/event_listener.py took 0.019 seconds
[2023-08-14T10:59:09.055+0200] {processor.py:157} INFO - Started process (PID=461410) to work on /home/akhilesh/py39/lib/python3.9/site-packages/airflow/example_dags/plugins/event_listener.py
[2023-08-14T10:59:09.064+0200] {processor.py:826} INFO - Processing file /home/akhilesh/py39/lib/python3.9/site-packages/airflow/example_dags/plugins/event_listener.py for tasks to queue
[2023-08-14T10:59:09.065+0200] {logging_mixin.py:150} INFO - [2023-08-14T10:59:09.065+0200] {dagbag.py:541} INFO - Filling up the DagBag from /home/akhilesh/py39/lib/python3.9/site-packages/airflow/example_dags/plugins/event_listener.py
[2023-08-14T10:59:09.068+0200] {processor.py:838} WARNING - No viable dags retrieved from /home/akhilesh/py39/lib/python3.9/site-packages/airflow/example_dags/plugins/event_listener.py
[2023-08-14T10:59:09.081+0200] {processor.py:179} INFO - Processing /home/akhilesh/py39/lib/python3.9/site-packages/airflow/example_dags/plugins/event_listener.py took 0.030 seconds
[2023-08-14T10:59:56.340+0200] {processor.py:157} INFO - Started process (PID=461595) to work on /home/akhilesh/py39/lib/python3.9/site-packages/airflow/example_dags/plugins/event_listener.py
[2023-08-14T10:59:56.349+0200] {processor.py:826} INFO - Processing file /home/akhilesh/py39/lib/python3.9/site-packages/airflow/example_dags/plugins/event_listener.py for tasks to queue
[2023-08-14T10:59:56.350+0200] {logging_mixin.py:150} INFO - [2023-08-14T10:59:56.350+0200] {dagbag.py:541} INFO - Filling up the DagBag from /home/akhilesh/py39/lib/python3.9/site-packages/airflow/example_dags/plugins/event_listener.py
[2023-08-14T10:59:56.353+0200] {processor.py:838} WARNING - No viable dags retrieved from /home/akhilesh/py39/lib/python3.9/site-packages/airflow/example_dags/plugins/event_listener.py
[2023-08-14T10:59:56.363+0200] {processor.py:179} INFO - Processing /home/akhilesh/py39/lib/python3.9/site-packages/airflow/example_dags/plugins/event_listener.py took 0.028 seconds
[2023-08-14T11:00:46.234+0200] {processor.py:157} INFO - Started process (PID=461718) to work on /home/akhilesh/py39/lib/python3.9/site-packages/airflow/example_dags/plugins/event_listener.py
[2023-08-14T11:00:46.243+0200] {processor.py:826} INFO - Processing file /home/akhilesh/py39/lib/python3.9/site-packages/airflow/example_dags/plugins/event_listener.py for tasks to queue
[2023-08-14T11:00:46.244+0200] {logging_mixin.py:150} INFO - [2023-08-14T11:00:46.244+0200] {dagbag.py:541} INFO - Filling up the DagBag from /home/akhilesh/py39/lib/python3.9/site-packages/airflow/example_dags/plugins/event_listener.py
[2023-08-14T11:00:46.248+0200] {processor.py:838} WARNING - No viable dags retrieved from /home/akhilesh/py39/lib/python3.9/site-packages/airflow/example_dags/plugins/event_listener.py
[2023-08-14T11:00:46.258+0200] {processor.py:179} INFO - Processing /home/akhilesh/py39/lib/python3.9/site-packages/airflow/example_dags/plugins/event_listener.py took 0.027 seconds
[2023-08-14T11:01:21.242+0200] {processor.py:157} INFO - Started process (PID=461828) to work on /home/akhilesh/py39/lib/python3.9/site-packages/airflow/example_dags/plugins/event_listener.py
[2023-08-14T11:01:21.251+0200] {processor.py:826} INFO - Processing file /home/akhilesh/py39/lib/python3.9/site-packages/airflow/example_dags/plugins/event_listener.py for tasks to queue
[2023-08-14T11:01:21.252+0200] {logging_mixin.py:150} INFO - [2023-08-14T11:01:21.252+0200] {dagbag.py:541} INFO - Filling up the DagBag from /home/akhilesh/py39/lib/python3.9/site-packages/airflow/example_dags/plugins/event_listener.py
[2023-08-14T11:01:21.256+0200] {processor.py:838} WARNING - No viable dags retrieved from /home/akhilesh/py39/lib/python3.9/site-packages/airflow/example_dags/plugins/event_listener.py
[2023-08-14T11:01:21.270+0200] {processor.py:179} INFO - Processing /home/akhilesh/py39/lib/python3.9/site-packages/airflow/example_dags/plugins/event_listener.py took 0.032 seconds
[2023-08-14T11:01:59.847+0200] {processor.py:157} INFO - Started process (PID=461989) to work on /home/akhilesh/py39/lib/python3.9/site-packages/airflow/example_dags/plugins/event_listener.py
[2023-08-14T11:01:59.856+0200] {processor.py:826} INFO - Processing file /home/akhilesh/py39/lib/python3.9/site-packages/airflow/example_dags/plugins/event_listener.py for tasks to queue
[2023-08-14T11:01:59.857+0200] {logging_mixin.py:150} INFO - [2023-08-14T11:01:59.857+0200] {dagbag.py:541} INFO - Filling up the DagBag from /home/akhilesh/py39/lib/python3.9/site-packages/airflow/example_dags/plugins/event_listener.py
[2023-08-14T11:01:59.860+0200] {processor.py:838} WARNING - No viable dags retrieved from /home/akhilesh/py39/lib/python3.9/site-packages/airflow/example_dags/plugins/event_listener.py
[2023-08-14T11:01:59.871+0200] {processor.py:179} INFO - Processing /home/akhilesh/py39/lib/python3.9/site-packages/airflow/example_dags/plugins/event_listener.py took 0.028 seconds
[2023-08-14T11:02:36.108+0200] {processor.py:157} INFO - Started process (PID=462089) to work on /home/akhilesh/py39/lib/python3.9/site-packages/airflow/example_dags/plugins/event_listener.py
[2023-08-14T11:02:36.118+0200] {processor.py:826} INFO - Processing file /home/akhilesh/py39/lib/python3.9/site-packages/airflow/example_dags/plugins/event_listener.py for tasks to queue
[2023-08-14T11:02:36.120+0200] {logging_mixin.py:150} INFO - [2023-08-14T11:02:36.119+0200] {dagbag.py:541} INFO - Filling up the DagBag from /home/akhilesh/py39/lib/python3.9/site-packages/airflow/example_dags/plugins/event_listener.py
[2023-08-14T11:02:36.124+0200] {processor.py:838} WARNING - No viable dags retrieved from /home/akhilesh/py39/lib/python3.9/site-packages/airflow/example_dags/plugins/event_listener.py
[2023-08-14T11:02:36.133+0200] {processor.py:179} INFO - Processing /home/akhilesh/py39/lib/python3.9/site-packages/airflow/example_dags/plugins/event_listener.py took 0.028 seconds
[2023-08-14T11:03:10.791+0200] {processor.py:157} INFO - Started process (PID=462213) to work on /home/akhilesh/py39/lib/python3.9/site-packages/airflow/example_dags/plugins/event_listener.py
[2023-08-14T11:03:10.800+0200] {processor.py:826} INFO - Processing file /home/akhilesh/py39/lib/python3.9/site-packages/airflow/example_dags/plugins/event_listener.py for tasks to queue
[2023-08-14T11:03:10.801+0200] {logging_mixin.py:150} INFO - [2023-08-14T11:03:10.801+0200] {dagbag.py:541} INFO - Filling up the DagBag from /home/akhilesh/py39/lib/python3.9/site-packages/airflow/example_dags/plugins/event_listener.py
[2023-08-14T11:03:10.804+0200] {processor.py:838} WARNING - No viable dags retrieved from /home/akhilesh/py39/lib/python3.9/site-packages/airflow/example_dags/plugins/event_listener.py
[2023-08-14T11:03:10.819+0200] {processor.py:179} INFO - Processing /home/akhilesh/py39/lib/python3.9/site-packages/airflow/example_dags/plugins/event_listener.py took 0.032 seconds
[2023-08-14T11:03:46.807+0200] {processor.py:157} INFO - Started process (PID=462301) to work on /home/akhilesh/py39/lib/python3.9/site-packages/airflow/example_dags/plugins/event_listener.py
[2023-08-14T11:03:46.816+0200] {processor.py:826} INFO - Processing file /home/akhilesh/py39/lib/python3.9/site-packages/airflow/example_dags/plugins/event_listener.py for tasks to queue
[2023-08-14T11:03:46.817+0200] {logging_mixin.py:150} INFO - [2023-08-14T11:03:46.816+0200] {dagbag.py:541} INFO - Filling up the DagBag from /home/akhilesh/py39/lib/python3.9/site-packages/airflow/example_dags/plugins/event_listener.py
[2023-08-14T11:03:46.820+0200] {processor.py:838} WARNING - No viable dags retrieved from /home/akhilesh/py39/lib/python3.9/site-packages/airflow/example_dags/plugins/event_listener.py
[2023-08-14T11:03:46.832+0200] {processor.py:179} INFO - Processing /home/akhilesh/py39/lib/python3.9/site-packages/airflow/example_dags/plugins/event_listener.py took 0.029 seconds
[2023-08-14T11:04:34.457+0200] {processor.py:157} INFO - Started process (PID=462431) to work on /home/akhilesh/py39/lib/python3.9/site-packages/airflow/example_dags/plugins/event_listener.py
[2023-08-14T11:04:34.466+0200] {processor.py:826} INFO - Processing file /home/akhilesh/py39/lib/python3.9/site-packages/airflow/example_dags/plugins/event_listener.py for tasks to queue
[2023-08-14T11:04:34.467+0200] {logging_mixin.py:150} INFO - [2023-08-14T11:04:34.467+0200] {dagbag.py:541} INFO - Filling up the DagBag from /home/akhilesh/py39/lib/python3.9/site-packages/airflow/example_dags/plugins/event_listener.py
[2023-08-14T11:04:34.470+0200] {processor.py:838} WARNING - No viable dags retrieved from /home/akhilesh/py39/lib/python3.9/site-packages/airflow/example_dags/plugins/event_listener.py
[2023-08-14T11:04:34.481+0200] {processor.py:179} INFO - Processing /home/akhilesh/py39/lib/python3.9/site-packages/airflow/example_dags/plugins/event_listener.py took 0.028 seconds
[2023-08-14T11:05:11.427+0200] {processor.py:157} INFO - Started process (PID=462531) to work on /home/akhilesh/py39/lib/python3.9/site-packages/airflow/example_dags/plugins/event_listener.py
[2023-08-14T11:05:11.436+0200] {processor.py:826} INFO - Processing file /home/akhilesh/py39/lib/python3.9/site-packages/airflow/example_dags/plugins/event_listener.py for tasks to queue
[2023-08-14T11:05:11.438+0200] {logging_mixin.py:150} INFO - [2023-08-14T11:05:11.437+0200] {dagbag.py:541} INFO - Filling up the DagBag from /home/akhilesh/py39/lib/python3.9/site-packages/airflow/example_dags/plugins/event_listener.py
[2023-08-14T11:05:11.441+0200] {processor.py:838} WARNING - No viable dags retrieved from /home/akhilesh/py39/lib/python3.9/site-packages/airflow/example_dags/plugins/event_listener.py
[2023-08-14T11:05:11.455+0200] {processor.py:179} INFO - Processing /home/akhilesh/py39/lib/python3.9/site-packages/airflow/example_dags/plugins/event_listener.py took 0.031 seconds
[2023-08-14T11:05:47.027+0200] {processor.py:157} INFO - Started process (PID=462624) to work on /home/akhilesh/py39/lib/python3.9/site-packages/airflow/example_dags/plugins/event_listener.py
[2023-08-14T11:05:47.036+0200] {processor.py:826} INFO - Processing file /home/akhilesh/py39/lib/python3.9/site-packages/airflow/example_dags/plugins/event_listener.py for tasks to queue
[2023-08-14T11:05:47.037+0200] {logging_mixin.py:150} INFO - [2023-08-14T11:05:47.037+0200] {dagbag.py:541} INFO - Filling up the DagBag from /home/akhilesh/py39/lib/python3.9/site-packages/airflow/example_dags/plugins/event_listener.py
[2023-08-14T11:05:47.040+0200] {processor.py:838} WARNING - No viable dags retrieved from /home/akhilesh/py39/lib/python3.9/site-packages/airflow/example_dags/plugins/event_listener.py
[2023-08-14T11:05:47.053+0200] {processor.py:179} INFO - Processing /home/akhilesh/py39/lib/python3.9/site-packages/airflow/example_dags/plugins/event_listener.py took 0.031 seconds
[2023-08-14T11:06:35.082+0200] {processor.py:157} INFO - Started process (PID=462807) to work on /home/akhilesh/py39/lib/python3.9/site-packages/airflow/example_dags/plugins/event_listener.py
[2023-08-14T11:06:35.084+0200] {processor.py:826} INFO - Processing file /home/akhilesh/py39/lib/python3.9/site-packages/airflow/example_dags/plugins/event_listener.py for tasks to queue
[2023-08-14T11:06:35.085+0200] {logging_mixin.py:150} INFO - [2023-08-14T11:06:35.084+0200] {dagbag.py:541} INFO - Filling up the DagBag from /home/akhilesh/py39/lib/python3.9/site-packages/airflow/example_dags/plugins/event_listener.py
[2023-08-14T11:06:35.087+0200] {processor.py:838} WARNING - No viable dags retrieved from /home/akhilesh/py39/lib/python3.9/site-packages/airflow/example_dags/plugins/event_listener.py
[2023-08-14T11:06:35.096+0200] {processor.py:179} INFO - Processing /home/akhilesh/py39/lib/python3.9/site-packages/airflow/example_dags/plugins/event_listener.py took 0.018 seconds
[2023-08-14T11:07:24.660+0200] {processor.py:157} INFO - Started process (PID=462994) to work on /home/akhilesh/py39/lib/python3.9/site-packages/airflow/example_dags/plugins/event_listener.py
[2023-08-14T11:07:24.662+0200] {processor.py:826} INFO - Processing file /home/akhilesh/py39/lib/python3.9/site-packages/airflow/example_dags/plugins/event_listener.py for tasks to queue
[2023-08-14T11:07:24.663+0200] {logging_mixin.py:150} INFO - [2023-08-14T11:07:24.662+0200] {dagbag.py:541} INFO - Filling up the DagBag from /home/akhilesh/py39/lib/python3.9/site-packages/airflow/example_dags/plugins/event_listener.py
[2023-08-14T11:07:24.664+0200] {processor.py:838} WARNING - No viable dags retrieved from /home/akhilesh/py39/lib/python3.9/site-packages/airflow/example_dags/plugins/event_listener.py
[2023-08-14T11:07:24.670+0200] {processor.py:179} INFO - Processing /home/akhilesh/py39/lib/python3.9/site-packages/airflow/example_dags/plugins/event_listener.py took 0.014 seconds
[2023-08-14T11:08:01.251+0200] {processor.py:157} INFO - Started process (PID=463080) to work on /home/akhilesh/py39/lib/python3.9/site-packages/airflow/example_dags/plugins/event_listener.py
[2023-08-14T11:08:01.261+0200] {processor.py:826} INFO - Processing file /home/akhilesh/py39/lib/python3.9/site-packages/airflow/example_dags/plugins/event_listener.py for tasks to queue
[2023-08-14T11:08:01.262+0200] {logging_mixin.py:150} INFO - [2023-08-14T11:08:01.262+0200] {dagbag.py:541} INFO - Filling up the DagBag from /home/akhilesh/py39/lib/python3.9/site-packages/airflow/example_dags/plugins/event_listener.py
[2023-08-14T11:08:01.266+0200] {processor.py:838} WARNING - No viable dags retrieved from /home/akhilesh/py39/lib/python3.9/site-packages/airflow/example_dags/plugins/event_listener.py
[2023-08-14T11:08:01.277+0200] {processor.py:179} INFO - Processing /home/akhilesh/py39/lib/python3.9/site-packages/airflow/example_dags/plugins/event_listener.py took 0.030 seconds
[2023-08-14T11:08:35.379+0200] {processor.py:157} INFO - Started process (PID=463204) to work on /home/akhilesh/py39/lib/python3.9/site-packages/airflow/example_dags/plugins/event_listener.py
[2023-08-14T11:08:35.388+0200] {processor.py:826} INFO - Processing file /home/akhilesh/py39/lib/python3.9/site-packages/airflow/example_dags/plugins/event_listener.py for tasks to queue
[2023-08-14T11:08:35.390+0200] {logging_mixin.py:150} INFO - [2023-08-14T11:08:35.389+0200] {dagbag.py:541} INFO - Filling up the DagBag from /home/akhilesh/py39/lib/python3.9/site-packages/airflow/example_dags/plugins/event_listener.py
[2023-08-14T11:08:35.393+0200] {processor.py:838} WARNING - No viable dags retrieved from /home/akhilesh/py39/lib/python3.9/site-packages/airflow/example_dags/plugins/event_listener.py
[2023-08-14T11:08:35.407+0200] {processor.py:179} INFO - Processing /home/akhilesh/py39/lib/python3.9/site-packages/airflow/example_dags/plugins/event_listener.py took 0.032 seconds
[2023-08-14T11:10:40.063+0200] {processor.py:157} INFO - Started process (PID=463610) to work on /home/akhilesh/py39/lib/python3.9/site-packages/airflow/example_dags/plugins/event_listener.py
[2023-08-14T11:10:40.065+0200] {processor.py:826} INFO - Processing file /home/akhilesh/py39/lib/python3.9/site-packages/airflow/example_dags/plugins/event_listener.py for tasks to queue
[2023-08-14T11:10:40.067+0200] {logging_mixin.py:150} INFO - [2023-08-14T11:10:40.066+0200] {dagbag.py:541} INFO - Filling up the DagBag from /home/akhilesh/py39/lib/python3.9/site-packages/airflow/example_dags/plugins/event_listener.py
[2023-08-14T11:10:40.069+0200] {processor.py:838} WARNING - No viable dags retrieved from /home/akhilesh/py39/lib/python3.9/site-packages/airflow/example_dags/plugins/event_listener.py
[2023-08-14T11:10:40.082+0200] {processor.py:179} INFO - Processing /home/akhilesh/py39/lib/python3.9/site-packages/airflow/example_dags/plugins/event_listener.py took 0.023 seconds
[2023-08-14T11:11:26.868+0200] {processor.py:157} INFO - Started process (PID=463759) to work on /home/akhilesh/py39/lib/python3.9/site-packages/airflow/example_dags/plugins/event_listener.py
[2023-08-14T11:11:26.877+0200] {processor.py:826} INFO - Processing file /home/akhilesh/py39/lib/python3.9/site-packages/airflow/example_dags/plugins/event_listener.py for tasks to queue
[2023-08-14T11:11:26.878+0200] {logging_mixin.py:150} INFO - [2023-08-14T11:11:26.878+0200] {dagbag.py:541} INFO - Filling up the DagBag from /home/akhilesh/py39/lib/python3.9/site-packages/airflow/example_dags/plugins/event_listener.py
[2023-08-14T11:11:26.881+0200] {processor.py:838} WARNING - No viable dags retrieved from /home/akhilesh/py39/lib/python3.9/site-packages/airflow/example_dags/plugins/event_listener.py
[2023-08-14T11:11:26.893+0200] {processor.py:179} INFO - Processing /home/akhilesh/py39/lib/python3.9/site-packages/airflow/example_dags/plugins/event_listener.py took 0.030 seconds
[2023-08-14T11:11:43.594+0200] {processor.py:157} INFO - Started process (PID=463924) to work on /home/akhilesh/py39/lib/python3.9/site-packages/airflow/example_dags/plugins/event_listener.py
[2023-08-14T11:11:43.603+0200] {processor.py:826} INFO - Processing file /home/akhilesh/py39/lib/python3.9/site-packages/airflow/example_dags/plugins/event_listener.py for tasks to queue
[2023-08-14T11:11:43.604+0200] {logging_mixin.py:150} INFO - [2023-08-14T11:11:43.604+0200] {dagbag.py:541} INFO - Filling up the DagBag from /home/akhilesh/py39/lib/python3.9/site-packages/airflow/example_dags/plugins/event_listener.py
[2023-08-14T11:11:43.607+0200] {processor.py:838} WARNING - No viable dags retrieved from /home/akhilesh/py39/lib/python3.9/site-packages/airflow/example_dags/plugins/event_listener.py
[2023-08-14T11:11:43.620+0200] {processor.py:179} INFO - Processing /home/akhilesh/py39/lib/python3.9/site-packages/airflow/example_dags/plugins/event_listener.py took 0.030 seconds
[2023-08-14T11:12:30.603+0200] {processor.py:157} INFO - Started process (PID=464129) to work on /home/akhilesh/py39/lib/python3.9/site-packages/airflow/example_dags/plugins/event_listener.py
[2023-08-14T11:12:30.612+0200] {processor.py:826} INFO - Processing file /home/akhilesh/py39/lib/python3.9/site-packages/airflow/example_dags/plugins/event_listener.py for tasks to queue
[2023-08-14T11:12:30.614+0200] {logging_mixin.py:150} INFO - [2023-08-14T11:12:30.613+0200] {dagbag.py:541} INFO - Filling up the DagBag from /home/akhilesh/py39/lib/python3.9/site-packages/airflow/example_dags/plugins/event_listener.py
[2023-08-14T11:12:30.617+0200] {processor.py:838} WARNING - No viable dags retrieved from /home/akhilesh/py39/lib/python3.9/site-packages/airflow/example_dags/plugins/event_listener.py
[2023-08-14T11:12:30.630+0200] {processor.py:179} INFO - Processing /home/akhilesh/py39/lib/python3.9/site-packages/airflow/example_dags/plugins/event_listener.py took 0.031 seconds
[2023-08-14T11:13:15.686+0200] {processor.py:157} INFO - Started process (PID=464309) to work on /home/akhilesh/py39/lib/python3.9/site-packages/airflow/example_dags/plugins/event_listener.py
[2023-08-14T11:13:15.687+0200] {processor.py:826} INFO - Processing file /home/akhilesh/py39/lib/python3.9/site-packages/airflow/example_dags/plugins/event_listener.py for tasks to queue
[2023-08-14T11:13:15.688+0200] {logging_mixin.py:150} INFO - [2023-08-14T11:13:15.688+0200] {dagbag.py:541} INFO - Filling up the DagBag from /home/akhilesh/py39/lib/python3.9/site-packages/airflow/example_dags/plugins/event_listener.py
[2023-08-14T11:13:15.691+0200] {processor.py:838} WARNING - No viable dags retrieved from /home/akhilesh/py39/lib/python3.9/site-packages/airflow/example_dags/plugins/event_listener.py
[2023-08-14T11:13:15.699+0200] {processor.py:179} INFO - Processing /home/akhilesh/py39/lib/python3.9/site-packages/airflow/example_dags/plugins/event_listener.py took 0.015 seconds
[2023-08-14T11:13:31.455+0200] {processor.py:157} INFO - Started process (PID=464474) to work on /home/akhilesh/py39/lib/python3.9/site-packages/airflow/example_dags/plugins/event_listener.py
[2023-08-14T11:13:31.456+0200] {processor.py:826} INFO - Processing file /home/akhilesh/py39/lib/python3.9/site-packages/airflow/example_dags/plugins/event_listener.py for tasks to queue
[2023-08-14T11:13:31.458+0200] {logging_mixin.py:150} INFO - [2023-08-14T11:13:31.457+0200] {dagbag.py:541} INFO - Filling up the DagBag from /home/akhilesh/py39/lib/python3.9/site-packages/airflow/example_dags/plugins/event_listener.py
[2023-08-14T11:13:31.459+0200] {processor.py:838} WARNING - No viable dags retrieved from /home/akhilesh/py39/lib/python3.9/site-packages/airflow/example_dags/plugins/event_listener.py
[2023-08-14T11:13:31.474+0200] {processor.py:179} INFO - Processing /home/akhilesh/py39/lib/python3.9/site-packages/airflow/example_dags/plugins/event_listener.py took 0.026 seconds
[2023-08-14T11:15:09.057+0200] {processor.py:157} INFO - Started process (PID=464807) to work on /home/akhilesh/py39/lib/python3.9/site-packages/airflow/example_dags/plugins/event_listener.py
[2023-08-14T11:15:09.066+0200] {processor.py:826} INFO - Processing file /home/akhilesh/py39/lib/python3.9/site-packages/airflow/example_dags/plugins/event_listener.py for tasks to queue
[2023-08-14T11:15:09.067+0200] {logging_mixin.py:150} INFO - [2023-08-14T11:15:09.066+0200] {dagbag.py:541} INFO - Filling up the DagBag from /home/akhilesh/py39/lib/python3.9/site-packages/airflow/example_dags/plugins/event_listener.py
[2023-08-14T11:15:09.070+0200] {processor.py:838} WARNING - No viable dags retrieved from /home/akhilesh/py39/lib/python3.9/site-packages/airflow/example_dags/plugins/event_listener.py
[2023-08-14T11:15:09.080+0200] {processor.py:179} INFO - Processing /home/akhilesh/py39/lib/python3.9/site-packages/airflow/example_dags/plugins/event_listener.py took 0.027 seconds
[2023-08-14T11:15:55.597+0200] {processor.py:157} INFO - Started process (PID=464976) to work on /home/akhilesh/py39/lib/python3.9/site-packages/airflow/example_dags/plugins/event_listener.py
[2023-08-14T11:15:55.607+0200] {processor.py:826} INFO - Processing file /home/akhilesh/py39/lib/python3.9/site-packages/airflow/example_dags/plugins/event_listener.py for tasks to queue
[2023-08-14T11:15:55.609+0200] {logging_mixin.py:150} INFO - [2023-08-14T11:15:55.608+0200] {dagbag.py:541} INFO - Filling up the DagBag from /home/akhilesh/py39/lib/python3.9/site-packages/airflow/example_dags/plugins/event_listener.py
[2023-08-14T11:15:55.612+0200] {processor.py:838} WARNING - No viable dags retrieved from /home/akhilesh/py39/lib/python3.9/site-packages/airflow/example_dags/plugins/event_listener.py
[2023-08-14T11:15:55.624+0200] {processor.py:179} INFO - Processing /home/akhilesh/py39/lib/python3.9/site-packages/airflow/example_dags/plugins/event_listener.py took 0.032 seconds
[2023-08-14T11:16:43.893+0200] {processor.py:157} INFO - Started process (PID=465081) to work on /home/akhilesh/py39/lib/python3.9/site-packages/airflow/example_dags/plugins/event_listener.py
[2023-08-14T11:16:43.902+0200] {processor.py:826} INFO - Processing file /home/akhilesh/py39/lib/python3.9/site-packages/airflow/example_dags/plugins/event_listener.py for tasks to queue
[2023-08-14T11:16:43.903+0200] {logging_mixin.py:150} INFO - [2023-08-14T11:16:43.903+0200] {dagbag.py:541} INFO - Filling up the DagBag from /home/akhilesh/py39/lib/python3.9/site-packages/airflow/example_dags/plugins/event_listener.py
[2023-08-14T11:16:43.906+0200] {processor.py:838} WARNING - No viable dags retrieved from /home/akhilesh/py39/lib/python3.9/site-packages/airflow/example_dags/plugins/event_listener.py
[2023-08-14T11:16:43.919+0200] {processor.py:179} INFO - Processing /home/akhilesh/py39/lib/python3.9/site-packages/airflow/example_dags/plugins/event_listener.py took 0.030 seconds
[2023-08-14T11:17:20.605+0200] {processor.py:157} INFO - Started process (PID=465212) to work on /home/akhilesh/py39/lib/python3.9/site-packages/airflow/example_dags/plugins/event_listener.py
[2023-08-14T11:17:20.607+0200] {processor.py:826} INFO - Processing file /home/akhilesh/py39/lib/python3.9/site-packages/airflow/example_dags/plugins/event_listener.py for tasks to queue
[2023-08-14T11:17:20.608+0200] {logging_mixin.py:150} INFO - [2023-08-14T11:17:20.607+0200] {dagbag.py:541} INFO - Filling up the DagBag from /home/akhilesh/py39/lib/python3.9/site-packages/airflow/example_dags/plugins/event_listener.py
[2023-08-14T11:17:20.609+0200] {processor.py:838} WARNING - No viable dags retrieved from /home/akhilesh/py39/lib/python3.9/site-packages/airflow/example_dags/plugins/event_listener.py
[2023-08-14T11:17:20.619+0200] {processor.py:179} INFO - Processing /home/akhilesh/py39/lib/python3.9/site-packages/airflow/example_dags/plugins/event_listener.py took 0.018 seconds
[2023-08-14T11:17:56.204+0200] {processor.py:157} INFO - Started process (PID=465298) to work on /home/akhilesh/py39/lib/python3.9/site-packages/airflow/example_dags/plugins/event_listener.py
[2023-08-14T11:17:56.213+0200] {processor.py:826} INFO - Processing file /home/akhilesh/py39/lib/python3.9/site-packages/airflow/example_dags/plugins/event_listener.py for tasks to queue
[2023-08-14T11:17:56.214+0200] {logging_mixin.py:150} INFO - [2023-08-14T11:17:56.214+0200] {dagbag.py:541} INFO - Filling up the DagBag from /home/akhilesh/py39/lib/python3.9/site-packages/airflow/example_dags/plugins/event_listener.py
[2023-08-14T11:17:56.218+0200] {processor.py:838} WARNING - No viable dags retrieved from /home/akhilesh/py39/lib/python3.9/site-packages/airflow/example_dags/plugins/event_listener.py
[2023-08-14T11:17:56.228+0200] {processor.py:179} INFO - Processing /home/akhilesh/py39/lib/python3.9/site-packages/airflow/example_dags/plugins/event_listener.py took 0.028 seconds
[2023-08-14T11:18:30.701+0200] {processor.py:157} INFO - Started process (PID=465431) to work on /home/akhilesh/py39/lib/python3.9/site-packages/airflow/example_dags/plugins/event_listener.py
[2023-08-14T11:18:30.710+0200] {processor.py:826} INFO - Processing file /home/akhilesh/py39/lib/python3.9/site-packages/airflow/example_dags/plugins/event_listener.py for tasks to queue
[2023-08-14T11:18:30.712+0200] {logging_mixin.py:150} INFO - [2023-08-14T11:18:30.711+0200] {dagbag.py:541} INFO - Filling up the DagBag from /home/akhilesh/py39/lib/python3.9/site-packages/airflow/example_dags/plugins/event_listener.py
[2023-08-14T11:18:30.714+0200] {processor.py:838} WARNING - No viable dags retrieved from /home/akhilesh/py39/lib/python3.9/site-packages/airflow/example_dags/plugins/event_listener.py
[2023-08-14T11:18:30.726+0200] {processor.py:179} INFO - Processing /home/akhilesh/py39/lib/python3.9/site-packages/airflow/example_dags/plugins/event_listener.py took 0.029 seconds
[2023-08-14T11:19:04.892+0200] {processor.py:157} INFO - Started process (PID=465652) to work on /home/akhilesh/py39/lib/python3.9/site-packages/airflow/example_dags/plugins/event_listener.py
[2023-08-14T11:19:04.901+0200] {processor.py:826} INFO - Processing file /home/akhilesh/py39/lib/python3.9/site-packages/airflow/example_dags/plugins/event_listener.py for tasks to queue
[2023-08-14T11:19:04.903+0200] {logging_mixin.py:150} INFO - [2023-08-14T11:19:04.902+0200] {dagbag.py:541} INFO - Filling up the DagBag from /home/akhilesh/py39/lib/python3.9/site-packages/airflow/example_dags/plugins/event_listener.py
[2023-08-14T11:19:04.906+0200] {processor.py:838} WARNING - No viable dags retrieved from /home/akhilesh/py39/lib/python3.9/site-packages/airflow/example_dags/plugins/event_listener.py
[2023-08-14T11:19:04.916+0200] {processor.py:179} INFO - Processing /home/akhilesh/py39/lib/python3.9/site-packages/airflow/example_dags/plugins/event_listener.py took 0.029 seconds
[2023-08-14T11:20:36.876+0200] {processor.py:157} INFO - Started process (PID=465947) to work on /home/akhilesh/py39/lib/python3.9/site-packages/airflow/example_dags/plugins/event_listener.py
[2023-08-14T11:20:36.885+0200] {processor.py:826} INFO - Processing file /home/akhilesh/py39/lib/python3.9/site-packages/airflow/example_dags/plugins/event_listener.py for tasks to queue
[2023-08-14T11:20:36.887+0200] {logging_mixin.py:150} INFO - [2023-08-14T11:20:36.886+0200] {dagbag.py:541} INFO - Filling up the DagBag from /home/akhilesh/py39/lib/python3.9/site-packages/airflow/example_dags/plugins/event_listener.py
[2023-08-14T11:20:36.890+0200] {processor.py:838} WARNING - No viable dags retrieved from /home/akhilesh/py39/lib/python3.9/site-packages/airflow/example_dags/plugins/event_listener.py
[2023-08-14T11:20:36.903+0200] {processor.py:179} INFO - Processing /home/akhilesh/py39/lib/python3.9/site-packages/airflow/example_dags/plugins/event_listener.py took 0.032 seconds
[2023-08-14T11:21:20.579+0200] {processor.py:157} INFO - Started process (PID=466097) to work on /home/akhilesh/py39/lib/python3.9/site-packages/airflow/example_dags/plugins/event_listener.py
[2023-08-14T11:21:20.588+0200] {processor.py:826} INFO - Processing file /home/akhilesh/py39/lib/python3.9/site-packages/airflow/example_dags/plugins/event_listener.py for tasks to queue
[2023-08-14T11:21:20.590+0200] {logging_mixin.py:150} INFO - [2023-08-14T11:21:20.589+0200] {dagbag.py:541} INFO - Filling up the DagBag from /home/akhilesh/py39/lib/python3.9/site-packages/airflow/example_dags/plugins/event_listener.py
[2023-08-14T11:21:20.592+0200] {processor.py:838} WARNING - No viable dags retrieved from /home/akhilesh/py39/lib/python3.9/site-packages/airflow/example_dags/plugins/event_listener.py
[2023-08-14T11:21:20.605+0200] {processor.py:179} INFO - Processing /home/akhilesh/py39/lib/python3.9/site-packages/airflow/example_dags/plugins/event_listener.py took 0.029 seconds
[2023-08-14T11:22:08.065+0200] {processor.py:157} INFO - Started process (PID=466244) to work on /home/akhilesh/py39/lib/python3.9/site-packages/airflow/example_dags/plugins/event_listener.py
[2023-08-14T11:22:08.067+0200] {processor.py:826} INFO - Processing file /home/akhilesh/py39/lib/python3.9/site-packages/airflow/example_dags/plugins/event_listener.py for tasks to queue
[2023-08-14T11:22:08.068+0200] {logging_mixin.py:150} INFO - [2023-08-14T11:22:08.067+0200] {dagbag.py:541} INFO - Filling up the DagBag from /home/akhilesh/py39/lib/python3.9/site-packages/airflow/example_dags/plugins/event_listener.py
[2023-08-14T11:22:08.069+0200] {processor.py:838} WARNING - No viable dags retrieved from /home/akhilesh/py39/lib/python3.9/site-packages/airflow/example_dags/plugins/event_listener.py
[2023-08-14T11:22:08.076+0200] {processor.py:179} INFO - Processing /home/akhilesh/py39/lib/python3.9/site-packages/airflow/example_dags/plugins/event_listener.py took 0.014 seconds
[2023-08-14T11:22:46.021+0200] {processor.py:157} INFO - Started process (PID=466330) to work on /home/akhilesh/py39/lib/python3.9/site-packages/airflow/example_dags/plugins/event_listener.py
[2023-08-14T11:22:46.030+0200] {processor.py:826} INFO - Processing file /home/akhilesh/py39/lib/python3.9/site-packages/airflow/example_dags/plugins/event_listener.py for tasks to queue
[2023-08-14T11:22:46.031+0200] {logging_mixin.py:150} INFO - [2023-08-14T11:22:46.031+0200] {dagbag.py:541} INFO - Filling up the DagBag from /home/akhilesh/py39/lib/python3.9/site-packages/airflow/example_dags/plugins/event_listener.py
[2023-08-14T11:22:46.033+0200] {processor.py:838} WARNING - No viable dags retrieved from /home/akhilesh/py39/lib/python3.9/site-packages/airflow/example_dags/plugins/event_listener.py
[2023-08-14T11:22:46.045+0200] {processor.py:179} INFO - Processing /home/akhilesh/py39/lib/python3.9/site-packages/airflow/example_dags/plugins/event_listener.py took 0.028 seconds
[2023-08-14T11:23:22.010+0200] {processor.py:157} INFO - Started process (PID=466821) to work on /home/akhilesh/py39/lib/python3.9/site-packages/airflow/example_dags/plugins/event_listener.py
[2023-08-14T11:23:22.020+0200] {processor.py:826} INFO - Processing file /home/akhilesh/py39/lib/python3.9/site-packages/airflow/example_dags/plugins/event_listener.py for tasks to queue
[2023-08-14T11:23:22.021+0200] {logging_mixin.py:150} INFO - [2023-08-14T11:23:22.021+0200] {dagbag.py:541} INFO - Filling up the DagBag from /home/akhilesh/py39/lib/python3.9/site-packages/airflow/example_dags/plugins/event_listener.py
[2023-08-14T11:23:22.024+0200] {processor.py:838} WARNING - No viable dags retrieved from /home/akhilesh/py39/lib/python3.9/site-packages/airflow/example_dags/plugins/event_listener.py
[2023-08-14T11:23:22.036+0200] {processor.py:179} INFO - Processing /home/akhilesh/py39/lib/python3.9/site-packages/airflow/example_dags/plugins/event_listener.py took 0.029 seconds
[2023-08-14T11:24:11.669+0200] {processor.py:157} INFO - Started process (PID=467142) to work on /home/akhilesh/py39/lib/python3.9/site-packages/airflow/example_dags/plugins/event_listener.py
[2023-08-14T11:24:11.678+0200] {processor.py:826} INFO - Processing file /home/akhilesh/py39/lib/python3.9/site-packages/airflow/example_dags/plugins/event_listener.py for tasks to queue
[2023-08-14T11:24:11.679+0200] {logging_mixin.py:150} INFO - [2023-08-14T11:24:11.679+0200] {dagbag.py:541} INFO - Filling up the DagBag from /home/akhilesh/py39/lib/python3.9/site-packages/airflow/example_dags/plugins/event_listener.py
[2023-08-14T11:24:11.682+0200] {processor.py:838} WARNING - No viable dags retrieved from /home/akhilesh/py39/lib/python3.9/site-packages/airflow/example_dags/plugins/event_listener.py
[2023-08-14T11:24:11.694+0200] {processor.py:179} INFO - Processing /home/akhilesh/py39/lib/python3.9/site-packages/airflow/example_dags/plugins/event_listener.py took 0.028 seconds
[2023-08-14T11:24:46.088+0200] {processor.py:157} INFO - Started process (PID=467263) to work on /home/akhilesh/py39/lib/python3.9/site-packages/airflow/example_dags/plugins/event_listener.py
[2023-08-14T11:24:46.097+0200] {processor.py:826} INFO - Processing file /home/akhilesh/py39/lib/python3.9/site-packages/airflow/example_dags/plugins/event_listener.py for tasks to queue
[2023-08-14T11:24:46.098+0200] {logging_mixin.py:150} INFO - [2023-08-14T11:24:46.098+0200] {dagbag.py:541} INFO - Filling up the DagBag from /home/akhilesh/py39/lib/python3.9/site-packages/airflow/example_dags/plugins/event_listener.py
[2023-08-14T11:24:46.101+0200] {processor.py:838} WARNING - No viable dags retrieved from /home/akhilesh/py39/lib/python3.9/site-packages/airflow/example_dags/plugins/event_listener.py
[2023-08-14T11:24:46.114+0200] {processor.py:179} INFO - Processing /home/akhilesh/py39/lib/python3.9/site-packages/airflow/example_dags/plugins/event_listener.py took 0.031 seconds
[2023-08-14T11:25:34.258+0200] {processor.py:157} INFO - Started process (PID=467816) to work on /home/akhilesh/py39/lib/python3.9/site-packages/airflow/example_dags/plugins/event_listener.py
[2023-08-14T11:25:34.267+0200] {processor.py:826} INFO - Processing file /home/akhilesh/py39/lib/python3.9/site-packages/airflow/example_dags/plugins/event_listener.py for tasks to queue
[2023-08-14T11:25:34.268+0200] {logging_mixin.py:150} INFO - [2023-08-14T11:25:34.267+0200] {dagbag.py:541} INFO - Filling up the DagBag from /home/akhilesh/py39/lib/python3.9/site-packages/airflow/example_dags/plugins/event_listener.py
[2023-08-14T11:25:34.271+0200] {processor.py:838} WARNING - No viable dags retrieved from /home/akhilesh/py39/lib/python3.9/site-packages/airflow/example_dags/plugins/event_listener.py
[2023-08-14T11:25:34.282+0200] {processor.py:179} INFO - Processing /home/akhilesh/py39/lib/python3.9/site-packages/airflow/example_dags/plugins/event_listener.py took 0.029 seconds
