[2023-08-14T10:22:07.134+0200] {processor.py:157} INFO - Started process (PID=453287) to work on /home/akhilesh/py39/lib/python3.9/site-packages/airflow/example_dags/plugins/listener_plugin.py
[2023-08-14T10:22:07.135+0200] {processor.py:826} INFO - Processing file /home/akhilesh/py39/lib/python3.9/site-packages/airflow/example_dags/plugins/listener_plugin.py for tasks to queue
[2023-08-14T10:22:07.136+0200] {logging_mixin.py:150} INFO - [2023-08-14T10:22:07.135+0200] {dagbag.py:541} INFO - Filling up the DagBag from /home/akhilesh/py39/lib/python3.9/site-packages/airflow/example_dags/plugins/listener_plugin.py
[2023-08-14T10:22:07.139+0200] {processor.py:838} WARNING - No viable dags retrieved from /home/akhilesh/py39/lib/python3.9/site-packages/airflow/example_dags/plugins/listener_plugin.py
[2023-08-14T10:22:07.149+0200] {processor.py:179} INFO - Processing /home/akhilesh/py39/lib/python3.9/site-packages/airflow/example_dags/plugins/listener_plugin.py took 0.018 seconds
[2023-08-14T10:22:48.908+0200] {processor.py:157} INFO - Started process (PID=453497) to work on /home/akhilesh/py39/lib/python3.9/site-packages/airflow/example_dags/plugins/listener_plugin.py
[2023-08-14T10:22:48.917+0200] {processor.py:826} INFO - Processing file /home/akhilesh/py39/lib/python3.9/site-packages/airflow/example_dags/plugins/listener_plugin.py for tasks to queue
[2023-08-14T10:22:48.918+0200] {logging_mixin.py:150} INFO - [2023-08-14T10:22:48.918+0200] {dagbag.py:541} INFO - Filling up the DagBag from /home/akhilesh/py39/lib/python3.9/site-packages/airflow/example_dags/plugins/listener_plugin.py
[2023-08-14T10:22:48.921+0200] {processor.py:838} WARNING - No viable dags retrieved from /home/akhilesh/py39/lib/python3.9/site-packages/airflow/example_dags/plugins/listener_plugin.py
[2023-08-14T10:22:48.934+0200] {processor.py:179} INFO - Processing /home/akhilesh/py39/lib/python3.9/site-packages/airflow/example_dags/plugins/listener_plugin.py took 0.029 seconds
[2023-08-14T10:23:39.409+0200] {processor.py:157} INFO - Started process (PID=453734) to work on /home/akhilesh/py39/lib/python3.9/site-packages/airflow/example_dags/plugins/listener_plugin.py
[2023-08-14T10:23:39.419+0200] {processor.py:826} INFO - Processing file /home/akhilesh/py39/lib/python3.9/site-packages/airflow/example_dags/plugins/listener_plugin.py for tasks to queue
[2023-08-14T10:23:39.420+0200] {logging_mixin.py:150} INFO - [2023-08-14T10:23:39.419+0200] {dagbag.py:541} INFO - Filling up the DagBag from /home/akhilesh/py39/lib/python3.9/site-packages/airflow/example_dags/plugins/listener_plugin.py
[2023-08-14T10:23:39.423+0200] {processor.py:838} WARNING - No viable dags retrieved from /home/akhilesh/py39/lib/python3.9/site-packages/airflow/example_dags/plugins/listener_plugin.py
[2023-08-14T10:23:39.435+0200] {processor.py:179} INFO - Processing /home/akhilesh/py39/lib/python3.9/site-packages/airflow/example_dags/plugins/listener_plugin.py took 0.030 seconds
[2023-08-14T10:24:21.529+0200] {processor.py:157} INFO - Started process (PID=453894) to work on /home/akhilesh/py39/lib/python3.9/site-packages/airflow/example_dags/plugins/listener_plugin.py
[2023-08-14T10:24:21.531+0200] {processor.py:826} INFO - Processing file /home/akhilesh/py39/lib/python3.9/site-packages/airflow/example_dags/plugins/listener_plugin.py for tasks to queue
[2023-08-14T10:24:21.532+0200] {logging_mixin.py:150} INFO - [2023-08-14T10:24:21.531+0200] {dagbag.py:541} INFO - Filling up the DagBag from /home/akhilesh/py39/lib/python3.9/site-packages/airflow/example_dags/plugins/listener_plugin.py
[2023-08-14T10:24:21.535+0200] {processor.py:838} WARNING - No viable dags retrieved from /home/akhilesh/py39/lib/python3.9/site-packages/airflow/example_dags/plugins/listener_plugin.py
[2023-08-14T10:24:21.545+0200] {processor.py:179} INFO - Processing /home/akhilesh/py39/lib/python3.9/site-packages/airflow/example_dags/plugins/listener_plugin.py took 0.019 seconds
[2023-08-14T10:25:03.582+0200] {processor.py:157} INFO - Started process (PID=454043) to work on /home/akhilesh/py39/lib/python3.9/site-packages/airflow/example_dags/plugins/listener_plugin.py
[2023-08-14T10:25:03.584+0200] {processor.py:826} INFO - Processing file /home/akhilesh/py39/lib/python3.9/site-packages/airflow/example_dags/plugins/listener_plugin.py for tasks to queue
[2023-08-14T10:25:03.585+0200] {logging_mixin.py:150} INFO - [2023-08-14T10:25:03.584+0200] {dagbag.py:541} INFO - Filling up the DagBag from /home/akhilesh/py39/lib/python3.9/site-packages/airflow/example_dags/plugins/listener_plugin.py
[2023-08-14T10:25:03.586+0200] {processor.py:838} WARNING - No viable dags retrieved from /home/akhilesh/py39/lib/python3.9/site-packages/airflow/example_dags/plugins/listener_plugin.py
[2023-08-14T10:25:03.595+0200] {processor.py:179} INFO - Processing /home/akhilesh/py39/lib/python3.9/site-packages/airflow/example_dags/plugins/listener_plugin.py took 0.016 seconds
[2023-08-14T10:25:54.267+0200] {processor.py:157} INFO - Started process (PID=454184) to work on /home/akhilesh/py39/lib/python3.9/site-packages/airflow/example_dags/plugins/listener_plugin.py
[2023-08-14T10:25:54.276+0200] {processor.py:826} INFO - Processing file /home/akhilesh/py39/lib/python3.9/site-packages/airflow/example_dags/plugins/listener_plugin.py for tasks to queue
[2023-08-14T10:25:54.277+0200] {logging_mixin.py:150} INFO - [2023-08-14T10:25:54.277+0200] {dagbag.py:541} INFO - Filling up the DagBag from /home/akhilesh/py39/lib/python3.9/site-packages/airflow/example_dags/plugins/listener_plugin.py
[2023-08-14T10:25:54.279+0200] {processor.py:838} WARNING - No viable dags retrieved from /home/akhilesh/py39/lib/python3.9/site-packages/airflow/example_dags/plugins/listener_plugin.py
[2023-08-14T10:25:54.294+0200] {processor.py:179} INFO - Processing /home/akhilesh/py39/lib/python3.9/site-packages/airflow/example_dags/plugins/listener_plugin.py took 0.031 seconds
[2023-08-14T10:26:34.763+0200] {processor.py:157} INFO - Started process (PID=454401) to work on /home/akhilesh/py39/lib/python3.9/site-packages/airflow/example_dags/plugins/listener_plugin.py
[2023-08-14T10:26:34.765+0200] {processor.py:826} INFO - Processing file /home/akhilesh/py39/lib/python3.9/site-packages/airflow/example_dags/plugins/listener_plugin.py for tasks to queue
[2023-08-14T10:26:34.767+0200] {logging_mixin.py:150} INFO - [2023-08-14T10:26:34.766+0200] {dagbag.py:541} INFO - Filling up the DagBag from /home/akhilesh/py39/lib/python3.9/site-packages/airflow/example_dags/plugins/listener_plugin.py
[2023-08-14T10:26:34.769+0200] {processor.py:838} WARNING - No viable dags retrieved from /home/akhilesh/py39/lib/python3.9/site-packages/airflow/example_dags/plugins/listener_plugin.py
[2023-08-14T10:26:34.779+0200] {processor.py:179} INFO - Processing /home/akhilesh/py39/lib/python3.9/site-packages/airflow/example_dags/plugins/listener_plugin.py took 0.018 seconds
[2023-08-14T10:27:14.958+0200] {processor.py:157} INFO - Started process (PID=454616) to work on /home/akhilesh/py39/lib/python3.9/site-packages/airflow/example_dags/plugins/listener_plugin.py
[2023-08-14T10:27:14.967+0200] {processor.py:826} INFO - Processing file /home/akhilesh/py39/lib/python3.9/site-packages/airflow/example_dags/plugins/listener_plugin.py for tasks to queue
[2023-08-14T10:27:14.969+0200] {logging_mixin.py:150} INFO - [2023-08-14T10:27:14.968+0200] {dagbag.py:541} INFO - Filling up the DagBag from /home/akhilesh/py39/lib/python3.9/site-packages/airflow/example_dags/plugins/listener_plugin.py
[2023-08-14T10:27:14.974+0200] {processor.py:838} WARNING - No viable dags retrieved from /home/akhilesh/py39/lib/python3.9/site-packages/airflow/example_dags/plugins/listener_plugin.py
[2023-08-14T10:27:14.982+0200] {processor.py:179} INFO - Processing /home/akhilesh/py39/lib/python3.9/site-packages/airflow/example_dags/plugins/listener_plugin.py took 0.027 seconds
[2023-08-14T10:27:53.307+0200] {processor.py:157} INFO - Started process (PID=454858) to work on /home/akhilesh/py39/lib/python3.9/site-packages/airflow/example_dags/plugins/listener_plugin.py
[2023-08-14T10:27:53.316+0200] {processor.py:826} INFO - Processing file /home/akhilesh/py39/lib/python3.9/site-packages/airflow/example_dags/plugins/listener_plugin.py for tasks to queue
[2023-08-14T10:27:53.318+0200] {logging_mixin.py:150} INFO - [2023-08-14T10:27:53.317+0200] {dagbag.py:541} INFO - Filling up the DagBag from /home/akhilesh/py39/lib/python3.9/site-packages/airflow/example_dags/plugins/listener_plugin.py
[2023-08-14T10:27:53.322+0200] {processor.py:838} WARNING - No viable dags retrieved from /home/akhilesh/py39/lib/python3.9/site-packages/airflow/example_dags/plugins/listener_plugin.py
[2023-08-14T10:27:53.336+0200] {processor.py:179} INFO - Processing /home/akhilesh/py39/lib/python3.9/site-packages/airflow/example_dags/plugins/listener_plugin.py took 0.033 seconds
[2023-08-14T10:28:31.765+0200] {processor.py:157} INFO - Started process (PID=454980) to work on /home/akhilesh/py39/lib/python3.9/site-packages/airflow/example_dags/plugins/listener_plugin.py
[2023-08-14T10:28:31.775+0200] {processor.py:826} INFO - Processing file /home/akhilesh/py39/lib/python3.9/site-packages/airflow/example_dags/plugins/listener_plugin.py for tasks to queue
[2023-08-14T10:28:31.776+0200] {logging_mixin.py:150} INFO - [2023-08-14T10:28:31.775+0200] {dagbag.py:541} INFO - Filling up the DagBag from /home/akhilesh/py39/lib/python3.9/site-packages/airflow/example_dags/plugins/listener_plugin.py
[2023-08-14T10:28:31.778+0200] {processor.py:838} WARNING - No viable dags retrieved from /home/akhilesh/py39/lib/python3.9/site-packages/airflow/example_dags/plugins/listener_plugin.py
[2023-08-14T10:28:31.792+0200] {processor.py:179} INFO - Processing /home/akhilesh/py39/lib/python3.9/site-packages/airflow/example_dags/plugins/listener_plugin.py took 0.030 seconds
[2023-08-14T10:29:14.161+0200] {processor.py:157} INFO - Started process (PID=455159) to work on /home/akhilesh/py39/lib/python3.9/site-packages/airflow/example_dags/plugins/listener_plugin.py
[2023-08-14T10:29:14.170+0200] {processor.py:826} INFO - Processing file /home/akhilesh/py39/lib/python3.9/site-packages/airflow/example_dags/plugins/listener_plugin.py for tasks to queue
[2023-08-14T10:29:14.172+0200] {logging_mixin.py:150} INFO - [2023-08-14T10:29:14.171+0200] {dagbag.py:541} INFO - Filling up the DagBag from /home/akhilesh/py39/lib/python3.9/site-packages/airflow/example_dags/plugins/listener_plugin.py
[2023-08-14T10:29:14.176+0200] {processor.py:838} WARNING - No viable dags retrieved from /home/akhilesh/py39/lib/python3.9/site-packages/airflow/example_dags/plugins/listener_plugin.py
[2023-08-14T10:29:14.187+0200] {processor.py:179} INFO - Processing /home/akhilesh/py39/lib/python3.9/site-packages/airflow/example_dags/plugins/listener_plugin.py took 0.030 seconds
[2023-08-14T10:30:05.232+0200] {processor.py:157} INFO - Started process (PID=455266) to work on /home/akhilesh/py39/lib/python3.9/site-packages/airflow/example_dags/plugins/listener_plugin.py
[2023-08-14T10:30:05.241+0200] {processor.py:826} INFO - Processing file /home/akhilesh/py39/lib/python3.9/site-packages/airflow/example_dags/plugins/listener_plugin.py for tasks to queue
[2023-08-14T10:30:05.242+0200] {logging_mixin.py:150} INFO - [2023-08-14T10:30:05.242+0200] {dagbag.py:541} INFO - Filling up the DagBag from /home/akhilesh/py39/lib/python3.9/site-packages/airflow/example_dags/plugins/listener_plugin.py
[2023-08-14T10:30:05.245+0200] {processor.py:838} WARNING - No viable dags retrieved from /home/akhilesh/py39/lib/python3.9/site-packages/airflow/example_dags/plugins/listener_plugin.py
[2023-08-14T10:30:05.258+0200] {processor.py:179} INFO - Processing /home/akhilesh/py39/lib/python3.9/site-packages/airflow/example_dags/plugins/listener_plugin.py took 0.029 seconds
[2023-08-14T10:30:51.186+0200] {processor.py:157} INFO - Started process (PID=455438) to work on /home/akhilesh/py39/lib/python3.9/site-packages/airflow/example_dags/plugins/listener_plugin.py
[2023-08-14T10:30:51.195+0200] {processor.py:826} INFO - Processing file /home/akhilesh/py39/lib/python3.9/site-packages/airflow/example_dags/plugins/listener_plugin.py for tasks to queue
[2023-08-14T10:30:51.196+0200] {logging_mixin.py:150} INFO - [2023-08-14T10:30:51.196+0200] {dagbag.py:541} INFO - Filling up the DagBag from /home/akhilesh/py39/lib/python3.9/site-packages/airflow/example_dags/plugins/listener_plugin.py
[2023-08-14T10:30:51.200+0200] {processor.py:838} WARNING - No viable dags retrieved from /home/akhilesh/py39/lib/python3.9/site-packages/airflow/example_dags/plugins/listener_plugin.py
[2023-08-14T10:30:51.211+0200] {processor.py:179} INFO - Processing /home/akhilesh/py39/lib/python3.9/site-packages/airflow/example_dags/plugins/listener_plugin.py took 0.030 seconds
[2023-08-14T10:31:27.849+0200] {processor.py:157} INFO - Started process (PID=455518) to work on /home/akhilesh/py39/lib/python3.9/site-packages/airflow/example_dags/plugins/listener_plugin.py
[2023-08-14T10:31:27.858+0200] {processor.py:826} INFO - Processing file /home/akhilesh/py39/lib/python3.9/site-packages/airflow/example_dags/plugins/listener_plugin.py for tasks to queue
[2023-08-14T10:31:27.859+0200] {logging_mixin.py:150} INFO - [2023-08-14T10:31:27.859+0200] {dagbag.py:541} INFO - Filling up the DagBag from /home/akhilesh/py39/lib/python3.9/site-packages/airflow/example_dags/plugins/listener_plugin.py
[2023-08-14T10:31:27.863+0200] {processor.py:838} WARNING - No viable dags retrieved from /home/akhilesh/py39/lib/python3.9/site-packages/airflow/example_dags/plugins/listener_plugin.py
[2023-08-14T10:31:27.875+0200] {processor.py:179} INFO - Processing /home/akhilesh/py39/lib/python3.9/site-packages/airflow/example_dags/plugins/listener_plugin.py took 0.030 seconds
[2023-08-14T10:32:02.731+0200] {processor.py:157} INFO - Started process (PID=455642) to work on /home/akhilesh/py39/lib/python3.9/site-packages/airflow/example_dags/plugins/listener_plugin.py
[2023-08-14T10:32:02.733+0200] {processor.py:826} INFO - Processing file /home/akhilesh/py39/lib/python3.9/site-packages/airflow/example_dags/plugins/listener_plugin.py for tasks to queue
[2023-08-14T10:32:02.734+0200] {logging_mixin.py:150} INFO - [2023-08-14T10:32:02.734+0200] {dagbag.py:541} INFO - Filling up the DagBag from /home/akhilesh/py39/lib/python3.9/site-packages/airflow/example_dags/plugins/listener_plugin.py
[2023-08-14T10:32:02.738+0200] {processor.py:838} WARNING - No viable dags retrieved from /home/akhilesh/py39/lib/python3.9/site-packages/airflow/example_dags/plugins/listener_plugin.py
[2023-08-14T10:32:02.749+0200] {processor.py:179} INFO - Processing /home/akhilesh/py39/lib/python3.9/site-packages/airflow/example_dags/plugins/listener_plugin.py took 0.021 seconds
[2023-08-14T10:32:51.821+0200] {processor.py:157} INFO - Started process (PID=455909) to work on /home/akhilesh/py39/lib/python3.9/site-packages/airflow/example_dags/plugins/listener_plugin.py
[2023-08-14T10:32:51.830+0200] {processor.py:826} INFO - Processing file /home/akhilesh/py39/lib/python3.9/site-packages/airflow/example_dags/plugins/listener_plugin.py for tasks to queue
[2023-08-14T10:32:51.832+0200] {logging_mixin.py:150} INFO - [2023-08-14T10:32:51.831+0200] {dagbag.py:541} INFO - Filling up the DagBag from /home/akhilesh/py39/lib/python3.9/site-packages/airflow/example_dags/plugins/listener_plugin.py
[2023-08-14T10:32:51.834+0200] {processor.py:838} WARNING - No viable dags retrieved from /home/akhilesh/py39/lib/python3.9/site-packages/airflow/example_dags/plugins/listener_plugin.py
[2023-08-14T10:32:51.846+0200] {processor.py:179} INFO - Processing /home/akhilesh/py39/lib/python3.9/site-packages/airflow/example_dags/plugins/listener_plugin.py took 0.029 seconds
[2023-08-14T10:33:42.388+0200] {processor.py:157} INFO - Started process (PID=456033) to work on /home/akhilesh/py39/lib/python3.9/site-packages/airflow/example_dags/plugins/listener_plugin.py
[2023-08-14T10:33:42.397+0200] {processor.py:826} INFO - Processing file /home/akhilesh/py39/lib/python3.9/site-packages/airflow/example_dags/plugins/listener_plugin.py for tasks to queue
[2023-08-14T10:33:42.399+0200] {logging_mixin.py:150} INFO - [2023-08-14T10:33:42.398+0200] {dagbag.py:541} INFO - Filling up the DagBag from /home/akhilesh/py39/lib/python3.9/site-packages/airflow/example_dags/plugins/listener_plugin.py
[2023-08-14T10:33:42.402+0200] {processor.py:838} WARNING - No viable dags retrieved from /home/akhilesh/py39/lib/python3.9/site-packages/airflow/example_dags/plugins/listener_plugin.py
[2023-08-14T10:33:42.414+0200] {processor.py:179} INFO - Processing /home/akhilesh/py39/lib/python3.9/site-packages/airflow/example_dags/plugins/listener_plugin.py took 0.029 seconds
[2023-08-14T10:34:18.573+0200] {processor.py:157} INFO - Started process (PID=456121) to work on /home/akhilesh/py39/lib/python3.9/site-packages/airflow/example_dags/plugins/listener_plugin.py
[2023-08-14T10:34:18.582+0200] {processor.py:826} INFO - Processing file /home/akhilesh/py39/lib/python3.9/site-packages/airflow/example_dags/plugins/listener_plugin.py for tasks to queue
[2023-08-14T10:34:18.584+0200] {logging_mixin.py:150} INFO - [2023-08-14T10:34:18.583+0200] {dagbag.py:541} INFO - Filling up the DagBag from /home/akhilesh/py39/lib/python3.9/site-packages/airflow/example_dags/plugins/listener_plugin.py
[2023-08-14T10:34:18.587+0200] {processor.py:838} WARNING - No viable dags retrieved from /home/akhilesh/py39/lib/python3.9/site-packages/airflow/example_dags/plugins/listener_plugin.py
[2023-08-14T10:34:18.601+0200] {processor.py:179} INFO - Processing /home/akhilesh/py39/lib/python3.9/site-packages/airflow/example_dags/plugins/listener_plugin.py took 0.031 seconds
[2023-08-14T10:34:54.770+0200] {processor.py:157} INFO - Started process (PID=456212) to work on /home/akhilesh/py39/lib/python3.9/site-packages/airflow/example_dags/plugins/listener_plugin.py
[2023-08-14T10:34:54.779+0200] {processor.py:826} INFO - Processing file /home/akhilesh/py39/lib/python3.9/site-packages/airflow/example_dags/plugins/listener_plugin.py for tasks to queue
[2023-08-14T10:34:54.781+0200] {logging_mixin.py:150} INFO - [2023-08-14T10:34:54.781+0200] {dagbag.py:541} INFO - Filling up the DagBag from /home/akhilesh/py39/lib/python3.9/site-packages/airflow/example_dags/plugins/listener_plugin.py
[2023-08-14T10:34:54.785+0200] {processor.py:838} WARNING - No viable dags retrieved from /home/akhilesh/py39/lib/python3.9/site-packages/airflow/example_dags/plugins/listener_plugin.py
[2023-08-14T10:34:54.797+0200] {processor.py:179} INFO - Processing /home/akhilesh/py39/lib/python3.9/site-packages/airflow/example_dags/plugins/listener_plugin.py took 0.031 seconds
[2023-08-14T10:35:29.781+0200] {processor.py:157} INFO - Started process (PID=456312) to work on /home/akhilesh/py39/lib/python3.9/site-packages/airflow/example_dags/plugins/listener_plugin.py
[2023-08-14T10:35:29.790+0200] {processor.py:826} INFO - Processing file /home/akhilesh/py39/lib/python3.9/site-packages/airflow/example_dags/plugins/listener_plugin.py for tasks to queue
[2023-08-14T10:35:29.792+0200] {logging_mixin.py:150} INFO - [2023-08-14T10:35:29.791+0200] {dagbag.py:541} INFO - Filling up the DagBag from /home/akhilesh/py39/lib/python3.9/site-packages/airflow/example_dags/plugins/listener_plugin.py
[2023-08-14T10:35:29.795+0200] {processor.py:838} WARNING - No viable dags retrieved from /home/akhilesh/py39/lib/python3.9/site-packages/airflow/example_dags/plugins/listener_plugin.py
[2023-08-14T10:35:29.806+0200] {processor.py:179} INFO - Processing /home/akhilesh/py39/lib/python3.9/site-packages/airflow/example_dags/plugins/listener_plugin.py took 0.028 seconds
[2023-08-14T10:36:05.341+0200] {processor.py:157} INFO - Started process (PID=456426) to work on /home/akhilesh/py39/lib/python3.9/site-packages/airflow/example_dags/plugins/listener_plugin.py
[2023-08-14T10:36:05.352+0200] {processor.py:826} INFO - Processing file /home/akhilesh/py39/lib/python3.9/site-packages/airflow/example_dags/plugins/listener_plugin.py for tasks to queue
[2023-08-14T10:36:05.357+0200] {logging_mixin.py:150} INFO - [2023-08-14T10:36:05.355+0200] {dagbag.py:541} INFO - Filling up the DagBag from /home/akhilesh/py39/lib/python3.9/site-packages/airflow/example_dags/plugins/listener_plugin.py
[2023-08-14T10:36:05.371+0200] {processor.py:838} WARNING - No viable dags retrieved from /home/akhilesh/py39/lib/python3.9/site-packages/airflow/example_dags/plugins/listener_plugin.py
[2023-08-14T10:36:05.404+0200] {processor.py:179} INFO - Processing /home/akhilesh/py39/lib/python3.9/site-packages/airflow/example_dags/plugins/listener_plugin.py took 0.067 seconds
[2023-08-14T10:36:39.140+0200] {processor.py:157} INFO - Started process (PID=456520) to work on /home/akhilesh/py39/lib/python3.9/site-packages/airflow/example_dags/plugins/listener_plugin.py
[2023-08-14T10:36:39.149+0200] {processor.py:826} INFO - Processing file /home/akhilesh/py39/lib/python3.9/site-packages/airflow/example_dags/plugins/listener_plugin.py for tasks to queue
[2023-08-14T10:36:39.150+0200] {logging_mixin.py:150} INFO - [2023-08-14T10:36:39.150+0200] {dagbag.py:541} INFO - Filling up the DagBag from /home/akhilesh/py39/lib/python3.9/site-packages/airflow/example_dags/plugins/listener_plugin.py
[2023-08-14T10:36:39.153+0200] {processor.py:838} WARNING - No viable dags retrieved from /home/akhilesh/py39/lib/python3.9/site-packages/airflow/example_dags/plugins/listener_plugin.py
[2023-08-14T10:36:39.162+0200] {processor.py:179} INFO - Processing /home/akhilesh/py39/lib/python3.9/site-packages/airflow/example_dags/plugins/listener_plugin.py took 0.026 seconds
[2023-08-14T10:37:28.004+0200] {processor.py:157} INFO - Started process (PID=456647) to work on /home/akhilesh/py39/lib/python3.9/site-packages/airflow/example_dags/plugins/listener_plugin.py
[2023-08-14T10:37:28.013+0200] {processor.py:826} INFO - Processing file /home/akhilesh/py39/lib/python3.9/site-packages/airflow/example_dags/plugins/listener_plugin.py for tasks to queue
[2023-08-14T10:37:28.014+0200] {logging_mixin.py:150} INFO - [2023-08-14T10:37:28.014+0200] {dagbag.py:541} INFO - Filling up the DagBag from /home/akhilesh/py39/lib/python3.9/site-packages/airflow/example_dags/plugins/listener_plugin.py
[2023-08-14T10:37:28.017+0200] {processor.py:838} WARNING - No viable dags retrieved from /home/akhilesh/py39/lib/python3.9/site-packages/airflow/example_dags/plugins/listener_plugin.py
[2023-08-14T10:37:28.027+0200] {processor.py:179} INFO - Processing /home/akhilesh/py39/lib/python3.9/site-packages/airflow/example_dags/plugins/listener_plugin.py took 0.026 seconds
[2023-08-14T10:38:00.897+0200] {processor.py:157} INFO - Started process (PID=456741) to work on /home/akhilesh/py39/lib/python3.9/site-packages/airflow/example_dags/plugins/listener_plugin.py
[2023-08-14T10:38:00.898+0200] {processor.py:826} INFO - Processing file /home/akhilesh/py39/lib/python3.9/site-packages/airflow/example_dags/plugins/listener_plugin.py for tasks to queue
[2023-08-14T10:38:00.899+0200] {logging_mixin.py:150} INFO - [2023-08-14T10:38:00.899+0200] {dagbag.py:541} INFO - Filling up the DagBag from /home/akhilesh/py39/lib/python3.9/site-packages/airflow/example_dags/plugins/listener_plugin.py
[2023-08-14T10:38:00.902+0200] {processor.py:838} WARNING - No viable dags retrieved from /home/akhilesh/py39/lib/python3.9/site-packages/airflow/example_dags/plugins/listener_plugin.py
[2023-08-14T10:38:00.911+0200] {processor.py:179} INFO - Processing /home/akhilesh/py39/lib/python3.9/site-packages/airflow/example_dags/plugins/listener_plugin.py took 0.018 seconds
[2023-08-14T10:38:34.454+0200] {processor.py:157} INFO - Started process (PID=456823) to work on /home/akhilesh/py39/lib/python3.9/site-packages/airflow/example_dags/plugins/listener_plugin.py
[2023-08-14T10:38:34.463+0200] {processor.py:826} INFO - Processing file /home/akhilesh/py39/lib/python3.9/site-packages/airflow/example_dags/plugins/listener_plugin.py for tasks to queue
[2023-08-14T10:38:34.464+0200] {logging_mixin.py:150} INFO - [2023-08-14T10:38:34.464+0200] {dagbag.py:541} INFO - Filling up the DagBag from /home/akhilesh/py39/lib/python3.9/site-packages/airflow/example_dags/plugins/listener_plugin.py
[2023-08-14T10:38:34.467+0200] {processor.py:838} WARNING - No viable dags retrieved from /home/akhilesh/py39/lib/python3.9/site-packages/airflow/example_dags/plugins/listener_plugin.py
[2023-08-14T10:38:34.478+0200] {processor.py:179} INFO - Processing /home/akhilesh/py39/lib/python3.9/site-packages/airflow/example_dags/plugins/listener_plugin.py took 0.028 seconds
[2023-08-14T10:39:39.885+0200] {processor.py:157} INFO - Started process (PID=457089) to work on /home/akhilesh/py39/lib/python3.9/site-packages/airflow/example_dags/plugins/listener_plugin.py
[2023-08-14T10:39:39.894+0200] {processor.py:826} INFO - Processing file /home/akhilesh/py39/lib/python3.9/site-packages/airflow/example_dags/plugins/listener_plugin.py for tasks to queue
[2023-08-14T10:39:39.896+0200] {logging_mixin.py:150} INFO - [2023-08-14T10:39:39.895+0200] {dagbag.py:541} INFO - Filling up the DagBag from /home/akhilesh/py39/lib/python3.9/site-packages/airflow/example_dags/plugins/listener_plugin.py
[2023-08-14T10:39:39.899+0200] {processor.py:838} WARNING - No viable dags retrieved from /home/akhilesh/py39/lib/python3.9/site-packages/airflow/example_dags/plugins/listener_plugin.py
[2023-08-14T10:39:39.911+0200] {processor.py:179} INFO - Processing /home/akhilesh/py39/lib/python3.9/site-packages/airflow/example_dags/plugins/listener_plugin.py took 0.030 seconds
[2023-08-14T10:41:20.956+0200] {processor.py:157} INFO - Started process (PID=457512) to work on /home/akhilesh/py39/lib/python3.9/site-packages/airflow/example_dags/plugins/listener_plugin.py
[2023-08-14T10:41:20.957+0200] {processor.py:826} INFO - Processing file /home/akhilesh/py39/lib/python3.9/site-packages/airflow/example_dags/plugins/listener_plugin.py for tasks to queue
[2023-08-14T10:41:20.958+0200] {logging_mixin.py:150} INFO - [2023-08-14T10:41:20.958+0200] {dagbag.py:541} INFO - Filling up the DagBag from /home/akhilesh/py39/lib/python3.9/site-packages/airflow/example_dags/plugins/listener_plugin.py
[2023-08-14T10:41:20.961+0200] {processor.py:838} WARNING - No viable dags retrieved from /home/akhilesh/py39/lib/python3.9/site-packages/airflow/example_dags/plugins/listener_plugin.py
[2023-08-14T10:41:20.969+0200] {processor.py:179} INFO - Processing /home/akhilesh/py39/lib/python3.9/site-packages/airflow/example_dags/plugins/listener_plugin.py took 0.017 seconds
[2023-08-14T10:42:07.973+0200] {processor.py:157} INFO - Started process (PID=457677) to work on /home/akhilesh/py39/lib/python3.9/site-packages/airflow/example_dags/plugins/listener_plugin.py
[2023-08-14T10:42:07.982+0200] {processor.py:826} INFO - Processing file /home/akhilesh/py39/lib/python3.9/site-packages/airflow/example_dags/plugins/listener_plugin.py for tasks to queue
[2023-08-14T10:42:07.983+0200] {logging_mixin.py:150} INFO - [2023-08-14T10:42:07.983+0200] {dagbag.py:541} INFO - Filling up the DagBag from /home/akhilesh/py39/lib/python3.9/site-packages/airflow/example_dags/plugins/listener_plugin.py
[2023-08-14T10:42:07.987+0200] {processor.py:838} WARNING - No viable dags retrieved from /home/akhilesh/py39/lib/python3.9/site-packages/airflow/example_dags/plugins/listener_plugin.py
[2023-08-14T10:42:08.000+0200] {processor.py:179} INFO - Processing /home/akhilesh/py39/lib/python3.9/site-packages/airflow/example_dags/plugins/listener_plugin.py took 0.031 seconds
[2023-08-14T10:44:11.370+0200] {processor.py:157} INFO - Started process (PID=458167) to work on /home/akhilesh/py39/lib/python3.9/site-packages/airflow/example_dags/plugins/listener_plugin.py
[2023-08-14T10:44:11.379+0200] {processor.py:826} INFO - Processing file /home/akhilesh/py39/lib/python3.9/site-packages/airflow/example_dags/plugins/listener_plugin.py for tasks to queue
[2023-08-14T10:44:11.380+0200] {logging_mixin.py:150} INFO - [2023-08-14T10:44:11.380+0200] {dagbag.py:541} INFO - Filling up the DagBag from /home/akhilesh/py39/lib/python3.9/site-packages/airflow/example_dags/plugins/listener_plugin.py
[2023-08-14T10:44:11.383+0200] {processor.py:838} WARNING - No viable dags retrieved from /home/akhilesh/py39/lib/python3.9/site-packages/airflow/example_dags/plugins/listener_plugin.py
[2023-08-14T10:44:11.397+0200] {processor.py:179} INFO - Processing /home/akhilesh/py39/lib/python3.9/site-packages/airflow/example_dags/plugins/listener_plugin.py took 0.032 seconds
[2023-08-14T10:44:59.176+0200] {processor.py:157} INFO - Started process (PID=458400) to work on /home/akhilesh/py39/lib/python3.9/site-packages/airflow/example_dags/plugins/listener_plugin.py
[2023-08-14T10:44:59.185+0200] {processor.py:826} INFO - Processing file /home/akhilesh/py39/lib/python3.9/site-packages/airflow/example_dags/plugins/listener_plugin.py for tasks to queue
[2023-08-14T10:44:59.186+0200] {logging_mixin.py:150} INFO - [2023-08-14T10:44:59.185+0200] {dagbag.py:541} INFO - Filling up the DagBag from /home/akhilesh/py39/lib/python3.9/site-packages/airflow/example_dags/plugins/listener_plugin.py
[2023-08-14T10:44:59.190+0200] {processor.py:838} WARNING - No viable dags retrieved from /home/akhilesh/py39/lib/python3.9/site-packages/airflow/example_dags/plugins/listener_plugin.py
[2023-08-14T10:44:59.203+0200] {processor.py:179} INFO - Processing /home/akhilesh/py39/lib/python3.9/site-packages/airflow/example_dags/plugins/listener_plugin.py took 0.031 seconds
[2023-08-14T10:45:44.290+0200] {processor.py:157} INFO - Started process (PID=458555) to work on /home/akhilesh/py39/lib/python3.9/site-packages/airflow/example_dags/plugins/listener_plugin.py
[2023-08-14T10:45:44.299+0200] {processor.py:826} INFO - Processing file /home/akhilesh/py39/lib/python3.9/site-packages/airflow/example_dags/plugins/listener_plugin.py for tasks to queue
[2023-08-14T10:45:44.301+0200] {logging_mixin.py:150} INFO - [2023-08-14T10:45:44.300+0200] {dagbag.py:541} INFO - Filling up the DagBag from /home/akhilesh/py39/lib/python3.9/site-packages/airflow/example_dags/plugins/listener_plugin.py
[2023-08-14T10:45:44.304+0200] {processor.py:838} WARNING - No viable dags retrieved from /home/akhilesh/py39/lib/python3.9/site-packages/airflow/example_dags/plugins/listener_plugin.py
[2023-08-14T10:45:44.320+0200] {processor.py:179} INFO - Processing /home/akhilesh/py39/lib/python3.9/site-packages/airflow/example_dags/plugins/listener_plugin.py took 0.033 seconds
[2023-08-14T10:46:32.063+0200] {processor.py:157} INFO - Started process (PID=458828) to work on /home/akhilesh/py39/lib/python3.9/site-packages/airflow/example_dags/plugins/listener_plugin.py
[2023-08-14T10:46:32.064+0200] {processor.py:826} INFO - Processing file /home/akhilesh/py39/lib/python3.9/site-packages/airflow/example_dags/plugins/listener_plugin.py for tasks to queue
[2023-08-14T10:46:32.065+0200] {logging_mixin.py:150} INFO - [2023-08-14T10:46:32.065+0200] {dagbag.py:541} INFO - Filling up the DagBag from /home/akhilesh/py39/lib/python3.9/site-packages/airflow/example_dags/plugins/listener_plugin.py
[2023-08-14T10:46:32.068+0200] {processor.py:838} WARNING - No viable dags retrieved from /home/akhilesh/py39/lib/python3.9/site-packages/airflow/example_dags/plugins/listener_plugin.py
[2023-08-14T10:46:32.077+0200] {processor.py:179} INFO - Processing /home/akhilesh/py39/lib/python3.9/site-packages/airflow/example_dags/plugins/listener_plugin.py took 0.017 seconds
[2023-08-14T10:47:06.938+0200] {processor.py:157} INFO - Started process (PID=458952) to work on /home/akhilesh/py39/lib/python3.9/site-packages/airflow/example_dags/plugins/listener_plugin.py
[2023-08-14T10:47:06.939+0200] {processor.py:826} INFO - Processing file /home/akhilesh/py39/lib/python3.9/site-packages/airflow/example_dags/plugins/listener_plugin.py for tasks to queue
[2023-08-14T10:47:06.940+0200] {logging_mixin.py:150} INFO - [2023-08-14T10:47:06.940+0200] {dagbag.py:541} INFO - Filling up the DagBag from /home/akhilesh/py39/lib/python3.9/site-packages/airflow/example_dags/plugins/listener_plugin.py
[2023-08-14T10:47:06.942+0200] {processor.py:838} WARNING - No viable dags retrieved from /home/akhilesh/py39/lib/python3.9/site-packages/airflow/example_dags/plugins/listener_plugin.py
[2023-08-14T10:47:06.951+0200] {processor.py:179} INFO - Processing /home/akhilesh/py39/lib/python3.9/site-packages/airflow/example_dags/plugins/listener_plugin.py took 0.015 seconds
[2023-08-14T10:47:42.527+0200] {processor.py:157} INFO - Started process (PID=459068) to work on /home/akhilesh/py39/lib/python3.9/site-packages/airflow/example_dags/plugins/listener_plugin.py
[2023-08-14T10:47:42.528+0200] {processor.py:826} INFO - Processing file /home/akhilesh/py39/lib/python3.9/site-packages/airflow/example_dags/plugins/listener_plugin.py for tasks to queue
[2023-08-14T10:47:42.529+0200] {logging_mixin.py:150} INFO - [2023-08-14T10:47:42.529+0200] {dagbag.py:541} INFO - Filling up the DagBag from /home/akhilesh/py39/lib/python3.9/site-packages/airflow/example_dags/plugins/listener_plugin.py
[2023-08-14T10:47:42.531+0200] {processor.py:838} WARNING - No viable dags retrieved from /home/akhilesh/py39/lib/python3.9/site-packages/airflow/example_dags/plugins/listener_plugin.py
[2023-08-14T10:47:42.540+0200] {processor.py:179} INFO - Processing /home/akhilesh/py39/lib/python3.9/site-packages/airflow/example_dags/plugins/listener_plugin.py took 0.017 seconds
[2023-08-14T10:48:19.405+0200] {processor.py:157} INFO - Started process (PID=459205) to work on /home/akhilesh/py39/lib/python3.9/site-packages/airflow/example_dags/plugins/listener_plugin.py
[2023-08-14T10:48:19.414+0200] {processor.py:826} INFO - Processing file /home/akhilesh/py39/lib/python3.9/site-packages/airflow/example_dags/plugins/listener_plugin.py for tasks to queue
[2023-08-14T10:48:19.415+0200] {logging_mixin.py:150} INFO - [2023-08-14T10:48:19.415+0200] {dagbag.py:541} INFO - Filling up the DagBag from /home/akhilesh/py39/lib/python3.9/site-packages/airflow/example_dags/plugins/listener_plugin.py
[2023-08-14T10:48:19.419+0200] {processor.py:838} WARNING - No viable dags retrieved from /home/akhilesh/py39/lib/python3.9/site-packages/airflow/example_dags/plugins/listener_plugin.py
[2023-08-14T10:48:19.432+0200] {processor.py:179} INFO - Processing /home/akhilesh/py39/lib/python3.9/site-packages/airflow/example_dags/plugins/listener_plugin.py took 0.031 seconds
[2023-08-14T10:48:57.183+0200] {processor.py:157} INFO - Started process (PID=459302) to work on /home/akhilesh/py39/lib/python3.9/site-packages/airflow/example_dags/plugins/listener_plugin.py
[2023-08-14T10:48:57.192+0200] {processor.py:826} INFO - Processing file /home/akhilesh/py39/lib/python3.9/site-packages/airflow/example_dags/plugins/listener_plugin.py for tasks to queue
[2023-08-14T10:48:57.194+0200] {logging_mixin.py:150} INFO - [2023-08-14T10:48:57.193+0200] {dagbag.py:541} INFO - Filling up the DagBag from /home/akhilesh/py39/lib/python3.9/site-packages/airflow/example_dags/plugins/listener_plugin.py
[2023-08-14T10:48:57.196+0200] {processor.py:838} WARNING - No viable dags retrieved from /home/akhilesh/py39/lib/python3.9/site-packages/airflow/example_dags/plugins/listener_plugin.py
[2023-08-14T10:48:57.208+0200] {processor.py:179} INFO - Processing /home/akhilesh/py39/lib/python3.9/site-packages/airflow/example_dags/plugins/listener_plugin.py took 0.029 seconds
[2023-08-14T10:49:46.593+0200] {processor.py:157} INFO - Started process (PID=459463) to work on /home/akhilesh/py39/lib/python3.9/site-packages/airflow/example_dags/plugins/listener_plugin.py
[2023-08-14T10:49:46.602+0200] {processor.py:826} INFO - Processing file /home/akhilesh/py39/lib/python3.9/site-packages/airflow/example_dags/plugins/listener_plugin.py for tasks to queue
[2023-08-14T10:49:46.603+0200] {logging_mixin.py:150} INFO - [2023-08-14T10:49:46.602+0200] {dagbag.py:541} INFO - Filling up the DagBag from /home/akhilesh/py39/lib/python3.9/site-packages/airflow/example_dags/plugins/listener_plugin.py
[2023-08-14T10:49:46.606+0200] {processor.py:838} WARNING - No viable dags retrieved from /home/akhilesh/py39/lib/python3.9/site-packages/airflow/example_dags/plugins/listener_plugin.py
[2023-08-14T10:49:46.618+0200] {processor.py:179} INFO - Processing /home/akhilesh/py39/lib/python3.9/site-packages/airflow/example_dags/plugins/listener_plugin.py took 0.028 seconds
[2023-08-14T10:50:20.119+0200] {processor.py:157} INFO - Started process (PID=459610) to work on /home/akhilesh/py39/lib/python3.9/site-packages/airflow/example_dags/plugins/listener_plugin.py
[2023-08-14T10:50:20.128+0200] {processor.py:826} INFO - Processing file /home/akhilesh/py39/lib/python3.9/site-packages/airflow/example_dags/plugins/listener_plugin.py for tasks to queue
[2023-08-14T10:50:20.130+0200] {logging_mixin.py:150} INFO - [2023-08-14T10:50:20.129+0200] {dagbag.py:541} INFO - Filling up the DagBag from /home/akhilesh/py39/lib/python3.9/site-packages/airflow/example_dags/plugins/listener_plugin.py
[2023-08-14T10:50:20.133+0200] {processor.py:838} WARNING - No viable dags retrieved from /home/akhilesh/py39/lib/python3.9/site-packages/airflow/example_dags/plugins/listener_plugin.py
[2023-08-14T10:50:20.146+0200] {processor.py:179} INFO - Processing /home/akhilesh/py39/lib/python3.9/site-packages/airflow/example_dags/plugins/listener_plugin.py took 0.033 seconds
[2023-08-14T10:50:54.910+0200] {processor.py:157} INFO - Started process (PID=459741) to work on /home/akhilesh/py39/lib/python3.9/site-packages/airflow/example_dags/plugins/listener_plugin.py
[2023-08-14T10:50:54.919+0200] {processor.py:826} INFO - Processing file /home/akhilesh/py39/lib/python3.9/site-packages/airflow/example_dags/plugins/listener_plugin.py for tasks to queue
[2023-08-14T10:50:54.921+0200] {logging_mixin.py:150} INFO - [2023-08-14T10:50:54.920+0200] {dagbag.py:541} INFO - Filling up the DagBag from /home/akhilesh/py39/lib/python3.9/site-packages/airflow/example_dags/plugins/listener_plugin.py
[2023-08-14T10:50:54.925+0200] {processor.py:838} WARNING - No viable dags retrieved from /home/akhilesh/py39/lib/python3.9/site-packages/airflow/example_dags/plugins/listener_plugin.py
[2023-08-14T10:50:54.937+0200] {processor.py:179} INFO - Processing /home/akhilesh/py39/lib/python3.9/site-packages/airflow/example_dags/plugins/listener_plugin.py took 0.031 seconds
[2023-08-14T10:51:29.790+0200] {processor.py:157} INFO - Started process (PID=459831) to work on /home/akhilesh/py39/lib/python3.9/site-packages/airflow/example_dags/plugins/listener_plugin.py
[2023-08-14T10:51:29.798+0200] {processor.py:826} INFO - Processing file /home/akhilesh/py39/lib/python3.9/site-packages/airflow/example_dags/plugins/listener_plugin.py for tasks to queue
[2023-08-14T10:51:29.799+0200] {logging_mixin.py:150} INFO - [2023-08-14T10:51:29.799+0200] {dagbag.py:541} INFO - Filling up the DagBag from /home/akhilesh/py39/lib/python3.9/site-packages/airflow/example_dags/plugins/listener_plugin.py
[2023-08-14T10:51:29.803+0200] {processor.py:838} WARNING - No viable dags retrieved from /home/akhilesh/py39/lib/python3.9/site-packages/airflow/example_dags/plugins/listener_plugin.py
[2023-08-14T10:51:29.811+0200] {processor.py:179} INFO - Processing /home/akhilesh/py39/lib/python3.9/site-packages/airflow/example_dags/plugins/listener_plugin.py took 0.026 seconds
[2023-08-14T10:52:17.477+0200] {processor.py:157} INFO - Started process (PID=459948) to work on /home/akhilesh/py39/lib/python3.9/site-packages/airflow/example_dags/plugins/listener_plugin.py
[2023-08-14T10:52:17.486+0200] {processor.py:826} INFO - Processing file /home/akhilesh/py39/lib/python3.9/site-packages/airflow/example_dags/plugins/listener_plugin.py for tasks to queue
[2023-08-14T10:52:17.487+0200] {logging_mixin.py:150} INFO - [2023-08-14T10:52:17.487+0200] {dagbag.py:541} INFO - Filling up the DagBag from /home/akhilesh/py39/lib/python3.9/site-packages/airflow/example_dags/plugins/listener_plugin.py
[2023-08-14T10:52:17.490+0200] {processor.py:838} WARNING - No viable dags retrieved from /home/akhilesh/py39/lib/python3.9/site-packages/airflow/example_dags/plugins/listener_plugin.py
[2023-08-14T10:52:17.501+0200] {processor.py:179} INFO - Processing /home/akhilesh/py39/lib/python3.9/site-packages/airflow/example_dags/plugins/listener_plugin.py took 0.029 seconds
[2023-08-14T10:52:51.689+0200] {processor.py:157} INFO - Started process (PID=460048) to work on /home/akhilesh/py39/lib/python3.9/site-packages/airflow/example_dags/plugins/listener_plugin.py
[2023-08-14T10:52:51.698+0200] {processor.py:826} INFO - Processing file /home/akhilesh/py39/lib/python3.9/site-packages/airflow/example_dags/plugins/listener_plugin.py for tasks to queue
[2023-08-14T10:52:51.700+0200] {logging_mixin.py:150} INFO - [2023-08-14T10:52:51.699+0200] {dagbag.py:541} INFO - Filling up the DagBag from /home/akhilesh/py39/lib/python3.9/site-packages/airflow/example_dags/plugins/listener_plugin.py
[2023-08-14T10:52:51.703+0200] {processor.py:838} WARNING - No viable dags retrieved from /home/akhilesh/py39/lib/python3.9/site-packages/airflow/example_dags/plugins/listener_plugin.py
[2023-08-14T10:52:51.714+0200] {processor.py:179} INFO - Processing /home/akhilesh/py39/lib/python3.9/site-packages/airflow/example_dags/plugins/listener_plugin.py took 0.028 seconds
[2023-08-14T10:53:42.954+0200] {processor.py:157} INFO - Started process (PID=460281) to work on /home/akhilesh/py39/lib/python3.9/site-packages/airflow/example_dags/plugins/listener_plugin.py
[2023-08-14T10:53:42.963+0200] {processor.py:826} INFO - Processing file /home/akhilesh/py39/lib/python3.9/site-packages/airflow/example_dags/plugins/listener_plugin.py for tasks to queue
[2023-08-14T10:53:42.964+0200] {logging_mixin.py:150} INFO - [2023-08-14T10:53:42.964+0200] {dagbag.py:541} INFO - Filling up the DagBag from /home/akhilesh/py39/lib/python3.9/site-packages/airflow/example_dags/plugins/listener_plugin.py
[2023-08-14T10:53:42.968+0200] {processor.py:838} WARNING - No viable dags retrieved from /home/akhilesh/py39/lib/python3.9/site-packages/airflow/example_dags/plugins/listener_plugin.py
[2023-08-14T10:53:42.980+0200] {processor.py:179} INFO - Processing /home/akhilesh/py39/lib/python3.9/site-packages/airflow/example_dags/plugins/listener_plugin.py took 0.030 seconds
[2023-08-14T10:54:18.498+0200] {processor.py:157} INFO - Started process (PID=460397) to work on /home/akhilesh/py39/lib/python3.9/site-packages/airflow/example_dags/plugins/listener_plugin.py
[2023-08-14T10:54:18.506+0200] {processor.py:826} INFO - Processing file /home/akhilesh/py39/lib/python3.9/site-packages/airflow/example_dags/plugins/listener_plugin.py for tasks to queue
[2023-08-14T10:54:18.508+0200] {logging_mixin.py:150} INFO - [2023-08-14T10:54:18.507+0200] {dagbag.py:541} INFO - Filling up the DagBag from /home/akhilesh/py39/lib/python3.9/site-packages/airflow/example_dags/plugins/listener_plugin.py
[2023-08-14T10:54:18.511+0200] {processor.py:838} WARNING - No viable dags retrieved from /home/akhilesh/py39/lib/python3.9/site-packages/airflow/example_dags/plugins/listener_plugin.py
[2023-08-14T10:54:18.523+0200] {processor.py:179} INFO - Processing /home/akhilesh/py39/lib/python3.9/site-packages/airflow/example_dags/plugins/listener_plugin.py took 0.029 seconds
[2023-08-14T10:54:52.835+0200] {processor.py:157} INFO - Started process (PID=460503) to work on /home/akhilesh/py39/lib/python3.9/site-packages/airflow/example_dags/plugins/listener_plugin.py
[2023-08-14T10:54:52.843+0200] {processor.py:826} INFO - Processing file /home/akhilesh/py39/lib/python3.9/site-packages/airflow/example_dags/plugins/listener_plugin.py for tasks to queue
[2023-08-14T10:54:52.844+0200] {logging_mixin.py:150} INFO - [2023-08-14T10:54:52.844+0200] {dagbag.py:541} INFO - Filling up the DagBag from /home/akhilesh/py39/lib/python3.9/site-packages/airflow/example_dags/plugins/listener_plugin.py
[2023-08-14T10:54:52.847+0200] {processor.py:838} WARNING - No viable dags retrieved from /home/akhilesh/py39/lib/python3.9/site-packages/airflow/example_dags/plugins/listener_plugin.py
[2023-08-14T10:54:52.858+0200] {processor.py:179} INFO - Processing /home/akhilesh/py39/lib/python3.9/site-packages/airflow/example_dags/plugins/listener_plugin.py took 0.027 seconds
[2023-08-14T10:55:41.794+0200] {processor.py:157} INFO - Started process (PID=460655) to work on /home/akhilesh/py39/lib/python3.9/site-packages/airflow/example_dags/plugins/listener_plugin.py
[2023-08-14T10:55:41.803+0200] {processor.py:826} INFO - Processing file /home/akhilesh/py39/lib/python3.9/site-packages/airflow/example_dags/plugins/listener_plugin.py for tasks to queue
[2023-08-14T10:55:41.804+0200] {logging_mixin.py:150} INFO - [2023-08-14T10:55:41.804+0200] {dagbag.py:541} INFO - Filling up the DagBag from /home/akhilesh/py39/lib/python3.9/site-packages/airflow/example_dags/plugins/listener_plugin.py
[2023-08-14T10:55:41.807+0200] {processor.py:838} WARNING - No viable dags retrieved from /home/akhilesh/py39/lib/python3.9/site-packages/airflow/example_dags/plugins/listener_plugin.py
[2023-08-14T10:55:41.819+0200] {processor.py:179} INFO - Processing /home/akhilesh/py39/lib/python3.9/site-packages/airflow/example_dags/plugins/listener_plugin.py took 0.029 seconds
[2023-08-14T10:56:28.937+0200] {processor.py:157} INFO - Started process (PID=460812) to work on /home/akhilesh/py39/lib/python3.9/site-packages/airflow/example_dags/plugins/listener_plugin.py
[2023-08-14T10:56:28.947+0200] {processor.py:826} INFO - Processing file /home/akhilesh/py39/lib/python3.9/site-packages/airflow/example_dags/plugins/listener_plugin.py for tasks to queue
[2023-08-14T10:56:28.948+0200] {logging_mixin.py:150} INFO - [2023-08-14T10:56:28.948+0200] {dagbag.py:541} INFO - Filling up the DagBag from /home/akhilesh/py39/lib/python3.9/site-packages/airflow/example_dags/plugins/listener_plugin.py
[2023-08-14T10:56:28.951+0200] {processor.py:838} WARNING - No viable dags retrieved from /home/akhilesh/py39/lib/python3.9/site-packages/airflow/example_dags/plugins/listener_plugin.py
[2023-08-14T10:56:28.964+0200] {processor.py:179} INFO - Processing /home/akhilesh/py39/lib/python3.9/site-packages/airflow/example_dags/plugins/listener_plugin.py took 0.030 seconds
[2023-08-14T10:57:03.787+0200] {processor.py:157} INFO - Started process (PID=460960) to work on /home/akhilesh/py39/lib/python3.9/site-packages/airflow/example_dags/plugins/listener_plugin.py
[2023-08-14T10:57:03.789+0200] {processor.py:826} INFO - Processing file /home/akhilesh/py39/lib/python3.9/site-packages/airflow/example_dags/plugins/listener_plugin.py for tasks to queue
[2023-08-14T10:57:03.790+0200] {logging_mixin.py:150} INFO - [2023-08-14T10:57:03.789+0200] {dagbag.py:541} INFO - Filling up the DagBag from /home/akhilesh/py39/lib/python3.9/site-packages/airflow/example_dags/plugins/listener_plugin.py
[2023-08-14T10:57:03.792+0200] {processor.py:838} WARNING - No viable dags retrieved from /home/akhilesh/py39/lib/python3.9/site-packages/airflow/example_dags/plugins/listener_plugin.py
[2023-08-14T10:57:03.802+0200] {processor.py:179} INFO - Processing /home/akhilesh/py39/lib/python3.9/site-packages/airflow/example_dags/plugins/listener_plugin.py took 0.019 seconds
[2023-08-14T10:57:36.571+0200] {processor.py:157} INFO - Started process (PID=461026) to work on /home/akhilesh/py39/lib/python3.9/site-packages/airflow/example_dags/plugins/listener_plugin.py
[2023-08-14T10:57:36.580+0200] {processor.py:826} INFO - Processing file /home/akhilesh/py39/lib/python3.9/site-packages/airflow/example_dags/plugins/listener_plugin.py for tasks to queue
[2023-08-14T10:57:36.582+0200] {logging_mixin.py:150} INFO - [2023-08-14T10:57:36.581+0200] {dagbag.py:541} INFO - Filling up the DagBag from /home/akhilesh/py39/lib/python3.9/site-packages/airflow/example_dags/plugins/listener_plugin.py
[2023-08-14T10:57:36.586+0200] {processor.py:838} WARNING - No viable dags retrieved from /home/akhilesh/py39/lib/python3.9/site-packages/airflow/example_dags/plugins/listener_plugin.py
[2023-08-14T10:57:36.598+0200] {processor.py:179} INFO - Processing /home/akhilesh/py39/lib/python3.9/site-packages/airflow/example_dags/plugins/listener_plugin.py took 0.030 seconds
[2023-08-14T10:58:19.184+0200] {processor.py:157} INFO - Started process (PID=461263) to work on /home/akhilesh/py39/lib/python3.9/site-packages/airflow/example_dags/plugins/listener_plugin.py
[2023-08-14T10:58:19.193+0200] {processor.py:826} INFO - Processing file /home/akhilesh/py39/lib/python3.9/site-packages/airflow/example_dags/plugins/listener_plugin.py for tasks to queue
[2023-08-14T10:58:19.194+0200] {logging_mixin.py:150} INFO - [2023-08-14T10:58:19.194+0200] {dagbag.py:541} INFO - Filling up the DagBag from /home/akhilesh/py39/lib/python3.9/site-packages/airflow/example_dags/plugins/listener_plugin.py
[2023-08-14T10:58:19.198+0200] {processor.py:838} WARNING - No viable dags retrieved from /home/akhilesh/py39/lib/python3.9/site-packages/airflow/example_dags/plugins/listener_plugin.py
[2023-08-14T10:58:19.214+0200] {processor.py:179} INFO - Processing /home/akhilesh/py39/lib/python3.9/site-packages/airflow/example_dags/plugins/listener_plugin.py took 0.035 seconds
[2023-08-14T10:59:07.902+0200] {processor.py:157} INFO - Started process (PID=461408) to work on /home/akhilesh/py39/lib/python3.9/site-packages/airflow/example_dags/plugins/listener_plugin.py
[2023-08-14T10:59:07.903+0200] {processor.py:826} INFO - Processing file /home/akhilesh/py39/lib/python3.9/site-packages/airflow/example_dags/plugins/listener_plugin.py for tasks to queue
[2023-08-14T10:59:07.904+0200] {logging_mixin.py:150} INFO - [2023-08-14T10:59:07.904+0200] {dagbag.py:541} INFO - Filling up the DagBag from /home/akhilesh/py39/lib/python3.9/site-packages/airflow/example_dags/plugins/listener_plugin.py
[2023-08-14T10:59:07.907+0200] {processor.py:838} WARNING - No viable dags retrieved from /home/akhilesh/py39/lib/python3.9/site-packages/airflow/example_dags/plugins/listener_plugin.py
[2023-08-14T10:59:07.918+0200] {processor.py:179} INFO - Processing /home/akhilesh/py39/lib/python3.9/site-packages/airflow/example_dags/plugins/listener_plugin.py took 0.020 seconds
[2023-08-14T10:59:56.041+0200] {processor.py:157} INFO - Started process (PID=461594) to work on /home/akhilesh/py39/lib/python3.9/site-packages/airflow/example_dags/plugins/listener_plugin.py
[2023-08-14T10:59:56.050+0200] {processor.py:826} INFO - Processing file /home/akhilesh/py39/lib/python3.9/site-packages/airflow/example_dags/plugins/listener_plugin.py for tasks to queue
[2023-08-14T10:59:56.051+0200] {logging_mixin.py:150} INFO - [2023-08-14T10:59:56.051+0200] {dagbag.py:541} INFO - Filling up the DagBag from /home/akhilesh/py39/lib/python3.9/site-packages/airflow/example_dags/plugins/listener_plugin.py
[2023-08-14T10:59:56.055+0200] {processor.py:838} WARNING - No viable dags retrieved from /home/akhilesh/py39/lib/python3.9/site-packages/airflow/example_dags/plugins/listener_plugin.py
[2023-08-14T10:59:56.065+0200] {processor.py:179} INFO - Processing /home/akhilesh/py39/lib/python3.9/site-packages/airflow/example_dags/plugins/listener_plugin.py took 0.029 seconds
[2023-08-14T11:00:28.271+0200] {processor.py:157} INFO - Started process (PID=461677) to work on /home/akhilesh/py39/lib/python3.9/site-packages/airflow/example_dags/plugins/listener_plugin.py
[2023-08-14T11:00:28.281+0200] {processor.py:826} INFO - Processing file /home/akhilesh/py39/lib/python3.9/site-packages/airflow/example_dags/plugins/listener_plugin.py for tasks to queue
[2023-08-14T11:00:28.282+0200] {logging_mixin.py:150} INFO - [2023-08-14T11:00:28.281+0200] {dagbag.py:541} INFO - Filling up the DagBag from /home/akhilesh/py39/lib/python3.9/site-packages/airflow/example_dags/plugins/listener_plugin.py
[2023-08-14T11:00:28.285+0200] {processor.py:838} WARNING - No viable dags retrieved from /home/akhilesh/py39/lib/python3.9/site-packages/airflow/example_dags/plugins/listener_plugin.py
[2023-08-14T11:00:28.297+0200] {processor.py:179} INFO - Processing /home/akhilesh/py39/lib/python3.9/site-packages/airflow/example_dags/plugins/listener_plugin.py took 0.030 seconds
[2023-08-14T11:01:04.402+0200] {processor.py:157} INFO - Started process (PID=461762) to work on /home/akhilesh/py39/lib/python3.9/site-packages/airflow/example_dags/plugins/listener_plugin.py
[2023-08-14T11:01:04.411+0200] {processor.py:826} INFO - Processing file /home/akhilesh/py39/lib/python3.9/site-packages/airflow/example_dags/plugins/listener_plugin.py for tasks to queue
[2023-08-14T11:01:04.413+0200] {logging_mixin.py:150} INFO - [2023-08-14T11:01:04.412+0200] {dagbag.py:541} INFO - Filling up the DagBag from /home/akhilesh/py39/lib/python3.9/site-packages/airflow/example_dags/plugins/listener_plugin.py
[2023-08-14T11:01:04.416+0200] {processor.py:838} WARNING - No viable dags retrieved from /home/akhilesh/py39/lib/python3.9/site-packages/airflow/example_dags/plugins/listener_plugin.py
[2023-08-14T11:01:04.428+0200] {processor.py:179} INFO - Processing /home/akhilesh/py39/lib/python3.9/site-packages/airflow/example_dags/plugins/listener_plugin.py took 0.030 seconds
[2023-08-14T11:01:42.230+0200] {processor.py:157} INFO - Started process (PID=461951) to work on /home/akhilesh/py39/lib/python3.9/site-packages/airflow/example_dags/plugins/listener_plugin.py
[2023-08-14T11:01:42.232+0200] {processor.py:826} INFO - Processing file /home/akhilesh/py39/lib/python3.9/site-packages/airflow/example_dags/plugins/listener_plugin.py for tasks to queue
[2023-08-14T11:01:42.233+0200] {logging_mixin.py:150} INFO - [2023-08-14T11:01:42.232+0200] {dagbag.py:541} INFO - Filling up the DagBag from /home/akhilesh/py39/lib/python3.9/site-packages/airflow/example_dags/plugins/listener_plugin.py
[2023-08-14T11:01:42.236+0200] {processor.py:838} WARNING - No viable dags retrieved from /home/akhilesh/py39/lib/python3.9/site-packages/airflow/example_dags/plugins/listener_plugin.py
[2023-08-14T11:01:42.248+0200] {processor.py:179} INFO - Processing /home/akhilesh/py39/lib/python3.9/site-packages/airflow/example_dags/plugins/listener_plugin.py took 0.022 seconds
[2023-08-14T11:02:20.153+0200] {processor.py:157} INFO - Started process (PID=462047) to work on /home/akhilesh/py39/lib/python3.9/site-packages/airflow/example_dags/plugins/listener_plugin.py
[2023-08-14T11:02:20.162+0200] {processor.py:826} INFO - Processing file /home/akhilesh/py39/lib/python3.9/site-packages/airflow/example_dags/plugins/listener_plugin.py for tasks to queue
[2023-08-14T11:02:20.163+0200] {logging_mixin.py:150} INFO - [2023-08-14T11:02:20.163+0200] {dagbag.py:541} INFO - Filling up the DagBag from /home/akhilesh/py39/lib/python3.9/site-packages/airflow/example_dags/plugins/listener_plugin.py
[2023-08-14T11:02:20.167+0200] {processor.py:838} WARNING - No viable dags retrieved from /home/akhilesh/py39/lib/python3.9/site-packages/airflow/example_dags/plugins/listener_plugin.py
[2023-08-14T11:02:20.180+0200] {processor.py:179} INFO - Processing /home/akhilesh/py39/lib/python3.9/site-packages/airflow/example_dags/plugins/listener_plugin.py took 0.031 seconds
[2023-08-14T11:02:56.029+0200] {processor.py:157} INFO - Started process (PID=462174) to work on /home/akhilesh/py39/lib/python3.9/site-packages/airflow/example_dags/plugins/listener_plugin.py
[2023-08-14T11:02:56.031+0200] {processor.py:826} INFO - Processing file /home/akhilesh/py39/lib/python3.9/site-packages/airflow/example_dags/plugins/listener_plugin.py for tasks to queue
[2023-08-14T11:02:56.032+0200] {logging_mixin.py:150} INFO - [2023-08-14T11:02:56.031+0200] {dagbag.py:541} INFO - Filling up the DagBag from /home/akhilesh/py39/lib/python3.9/site-packages/airflow/example_dags/plugins/listener_plugin.py
[2023-08-14T11:02:56.034+0200] {processor.py:838} WARNING - No viable dags retrieved from /home/akhilesh/py39/lib/python3.9/site-packages/airflow/example_dags/plugins/listener_plugin.py
[2023-08-14T11:02:56.044+0200] {processor.py:179} INFO - Processing /home/akhilesh/py39/lib/python3.9/site-packages/airflow/example_dags/plugins/listener_plugin.py took 0.020 seconds
[2023-08-14T11:03:45.660+0200] {processor.py:157} INFO - Started process (PID=462299) to work on /home/akhilesh/py39/lib/python3.9/site-packages/airflow/example_dags/plugins/listener_plugin.py
[2023-08-14T11:03:45.669+0200] {processor.py:826} INFO - Processing file /home/akhilesh/py39/lib/python3.9/site-packages/airflow/example_dags/plugins/listener_plugin.py for tasks to queue
[2023-08-14T11:03:45.671+0200] {logging_mixin.py:150} INFO - [2023-08-14T11:03:45.670+0200] {dagbag.py:541} INFO - Filling up the DagBag from /home/akhilesh/py39/lib/python3.9/site-packages/airflow/example_dags/plugins/listener_plugin.py
[2023-08-14T11:03:45.674+0200] {processor.py:838} WARNING - No viable dags retrieved from /home/akhilesh/py39/lib/python3.9/site-packages/airflow/example_dags/plugins/listener_plugin.py
[2023-08-14T11:03:45.686+0200] {processor.py:179} INFO - Processing /home/akhilesh/py39/lib/python3.9/site-packages/airflow/example_dags/plugins/listener_plugin.py took 0.031 seconds
[2023-08-14T11:04:33.305+0200] {processor.py:157} INFO - Started process (PID=462429) to work on /home/akhilesh/py39/lib/python3.9/site-packages/airflow/example_dags/plugins/listener_plugin.py
[2023-08-14T11:04:33.315+0200] {processor.py:826} INFO - Processing file /home/akhilesh/py39/lib/python3.9/site-packages/airflow/example_dags/plugins/listener_plugin.py for tasks to queue
[2023-08-14T11:04:33.317+0200] {logging_mixin.py:150} INFO - [2023-08-14T11:04:33.316+0200] {dagbag.py:541} INFO - Filling up the DagBag from /home/akhilesh/py39/lib/python3.9/site-packages/airflow/example_dags/plugins/listener_plugin.py
[2023-08-14T11:04:33.321+0200] {processor.py:838} WARNING - No viable dags retrieved from /home/akhilesh/py39/lib/python3.9/site-packages/airflow/example_dags/plugins/listener_plugin.py
[2023-08-14T11:04:33.338+0200] {processor.py:179} INFO - Processing /home/akhilesh/py39/lib/python3.9/site-packages/airflow/example_dags/plugins/listener_plugin.py took 0.037 seconds
[2023-08-14T11:05:10.280+0200] {processor.py:157} INFO - Started process (PID=462530) to work on /home/akhilesh/py39/lib/python3.9/site-packages/airflow/example_dags/plugins/listener_plugin.py
[2023-08-14T11:05:10.289+0200] {processor.py:826} INFO - Processing file /home/akhilesh/py39/lib/python3.9/site-packages/airflow/example_dags/plugins/listener_plugin.py for tasks to queue
[2023-08-14T11:05:10.290+0200] {logging_mixin.py:150} INFO - [2023-08-14T11:05:10.289+0200] {dagbag.py:541} INFO - Filling up the DagBag from /home/akhilesh/py39/lib/python3.9/site-packages/airflow/example_dags/plugins/listener_plugin.py
[2023-08-14T11:05:10.293+0200] {processor.py:838} WARNING - No viable dags retrieved from /home/akhilesh/py39/lib/python3.9/site-packages/airflow/example_dags/plugins/listener_plugin.py
[2023-08-14T11:05:10.304+0200] {processor.py:179} INFO - Processing /home/akhilesh/py39/lib/python3.9/site-packages/airflow/example_dags/plugins/listener_plugin.py took 0.028 seconds
[2023-08-14T11:05:45.876+0200] {processor.py:157} INFO - Started process (PID=462623) to work on /home/akhilesh/py39/lib/python3.9/site-packages/airflow/example_dags/plugins/listener_plugin.py
[2023-08-14T11:05:45.885+0200] {processor.py:826} INFO - Processing file /home/akhilesh/py39/lib/python3.9/site-packages/airflow/example_dags/plugins/listener_plugin.py for tasks to queue
[2023-08-14T11:05:45.886+0200] {logging_mixin.py:150} INFO - [2023-08-14T11:05:45.886+0200] {dagbag.py:541} INFO - Filling up the DagBag from /home/akhilesh/py39/lib/python3.9/site-packages/airflow/example_dags/plugins/listener_plugin.py
[2023-08-14T11:05:45.890+0200] {processor.py:838} WARNING - No viable dags retrieved from /home/akhilesh/py39/lib/python3.9/site-packages/airflow/example_dags/plugins/listener_plugin.py
[2023-08-14T11:05:45.901+0200] {processor.py:179} INFO - Processing /home/akhilesh/py39/lib/python3.9/site-packages/airflow/example_dags/plugins/listener_plugin.py took 0.029 seconds
[2023-08-14T11:06:21.067+0200] {processor.py:157} INFO - Started process (PID=462745) to work on /home/akhilesh/py39/lib/python3.9/site-packages/airflow/example_dags/plugins/listener_plugin.py
[2023-08-14T11:06:21.076+0200] {processor.py:826} INFO - Processing file /home/akhilesh/py39/lib/python3.9/site-packages/airflow/example_dags/plugins/listener_plugin.py for tasks to queue
[2023-08-14T11:06:21.077+0200] {logging_mixin.py:150} INFO - [2023-08-14T11:06:21.077+0200] {dagbag.py:541} INFO - Filling up the DagBag from /home/akhilesh/py39/lib/python3.9/site-packages/airflow/example_dags/plugins/listener_plugin.py
[2023-08-14T11:06:21.080+0200] {processor.py:838} WARNING - No viable dags retrieved from /home/akhilesh/py39/lib/python3.9/site-packages/airflow/example_dags/plugins/listener_plugin.py
[2023-08-14T11:06:21.093+0200] {processor.py:179} INFO - Processing /home/akhilesh/py39/lib/python3.9/site-packages/airflow/example_dags/plugins/listener_plugin.py took 0.030 seconds
[2023-08-14T11:07:10.743+0200] {processor.py:157} INFO - Started process (PID=462919) to work on /home/akhilesh/py39/lib/python3.9/site-packages/airflow/example_dags/plugins/listener_plugin.py
[2023-08-14T11:07:10.752+0200] {processor.py:826} INFO - Processing file /home/akhilesh/py39/lib/python3.9/site-packages/airflow/example_dags/plugins/listener_plugin.py for tasks to queue
[2023-08-14T11:07:10.753+0200] {logging_mixin.py:150} INFO - [2023-08-14T11:07:10.752+0200] {dagbag.py:541} INFO - Filling up the DagBag from /home/akhilesh/py39/lib/python3.9/site-packages/airflow/example_dags/plugins/listener_plugin.py
[2023-08-14T11:07:10.756+0200] {processor.py:838} WARNING - No viable dags retrieved from /home/akhilesh/py39/lib/python3.9/site-packages/airflow/example_dags/plugins/listener_plugin.py
[2023-08-14T11:07:10.766+0200] {processor.py:179} INFO - Processing /home/akhilesh/py39/lib/python3.9/site-packages/airflow/example_dags/plugins/listener_plugin.py took 0.027 seconds
[2023-08-14T11:07:47.245+0200] {processor.py:157} INFO - Started process (PID=463048) to work on /home/akhilesh/py39/lib/python3.9/site-packages/airflow/example_dags/plugins/listener_plugin.py
[2023-08-14T11:07:47.246+0200] {processor.py:826} INFO - Processing file /home/akhilesh/py39/lib/python3.9/site-packages/airflow/example_dags/plugins/listener_plugin.py for tasks to queue
[2023-08-14T11:07:47.247+0200] {logging_mixin.py:150} INFO - [2023-08-14T11:07:47.246+0200] {dagbag.py:541} INFO - Filling up the DagBag from /home/akhilesh/py39/lib/python3.9/site-packages/airflow/example_dags/plugins/listener_plugin.py
[2023-08-14T11:07:47.249+0200] {processor.py:838} WARNING - No viable dags retrieved from /home/akhilesh/py39/lib/python3.9/site-packages/airflow/example_dags/plugins/listener_plugin.py
[2023-08-14T11:07:47.256+0200] {processor.py:179} INFO - Processing /home/akhilesh/py39/lib/python3.9/site-packages/airflow/example_dags/plugins/listener_plugin.py took 0.015 seconds
[2023-08-14T11:08:34.570+0200] {processor.py:157} INFO - Started process (PID=463202) to work on /home/akhilesh/py39/lib/python3.9/site-packages/airflow/example_dags/plugins/listener_plugin.py
[2023-08-14T11:08:34.572+0200] {processor.py:826} INFO - Processing file /home/akhilesh/py39/lib/python3.9/site-packages/airflow/example_dags/plugins/listener_plugin.py for tasks to queue
[2023-08-14T11:08:34.573+0200] {logging_mixin.py:150} INFO - [2023-08-14T11:08:34.573+0200] {dagbag.py:541} INFO - Filling up the DagBag from /home/akhilesh/py39/lib/python3.9/site-packages/airflow/example_dags/plugins/listener_plugin.py
[2023-08-14T11:08:34.576+0200] {processor.py:838} WARNING - No viable dags retrieved from /home/akhilesh/py39/lib/python3.9/site-packages/airflow/example_dags/plugins/listener_plugin.py
[2023-08-14T11:08:34.585+0200] {processor.py:179} INFO - Processing /home/akhilesh/py39/lib/python3.9/site-packages/airflow/example_dags/plugins/listener_plugin.py took 0.018 seconds
[2023-08-14T11:10:38.912+0200] {processor.py:157} INFO - Started process (PID=463609) to work on /home/akhilesh/py39/lib/python3.9/site-packages/airflow/example_dags/plugins/listener_plugin.py
[2023-08-14T11:10:38.921+0200] {processor.py:826} INFO - Processing file /home/akhilesh/py39/lib/python3.9/site-packages/airflow/example_dags/plugins/listener_plugin.py for tasks to queue
[2023-08-14T11:10:38.923+0200] {logging_mixin.py:150} INFO - [2023-08-14T11:10:38.922+0200] {dagbag.py:541} INFO - Filling up the DagBag from /home/akhilesh/py39/lib/python3.9/site-packages/airflow/example_dags/plugins/listener_plugin.py
[2023-08-14T11:10:38.926+0200] {processor.py:838} WARNING - No viable dags retrieved from /home/akhilesh/py39/lib/python3.9/site-packages/airflow/example_dags/plugins/listener_plugin.py
[2023-08-14T11:10:38.936+0200] {processor.py:179} INFO - Processing /home/akhilesh/py39/lib/python3.9/site-packages/airflow/example_dags/plugins/listener_plugin.py took 0.028 seconds
[2023-08-14T11:11:25.719+0200] {processor.py:157} INFO - Started process (PID=463755) to work on /home/akhilesh/py39/lib/python3.9/site-packages/airflow/example_dags/plugins/listener_plugin.py
[2023-08-14T11:11:25.728+0200] {processor.py:826} INFO - Processing file /home/akhilesh/py39/lib/python3.9/site-packages/airflow/example_dags/plugins/listener_plugin.py for tasks to queue
[2023-08-14T11:11:25.729+0200] {logging_mixin.py:150} INFO - [2023-08-14T11:11:25.729+0200] {dagbag.py:541} INFO - Filling up the DagBag from /home/akhilesh/py39/lib/python3.9/site-packages/airflow/example_dags/plugins/listener_plugin.py
[2023-08-14T11:11:25.733+0200] {processor.py:838} WARNING - No viable dags retrieved from /home/akhilesh/py39/lib/python3.9/site-packages/airflow/example_dags/plugins/listener_plugin.py
[2023-08-14T11:11:25.744+0200] {processor.py:179} INFO - Processing /home/akhilesh/py39/lib/python3.9/site-packages/airflow/example_dags/plugins/listener_plugin.py took 0.029 seconds
[2023-08-14T11:11:42.438+0200] {processor.py:157} INFO - Started process (PID=463922) to work on /home/akhilesh/py39/lib/python3.9/site-packages/airflow/example_dags/plugins/listener_plugin.py
[2023-08-14T11:11:42.447+0200] {processor.py:826} INFO - Processing file /home/akhilesh/py39/lib/python3.9/site-packages/airflow/example_dags/plugins/listener_plugin.py for tasks to queue
[2023-08-14T11:11:42.448+0200] {logging_mixin.py:150} INFO - [2023-08-14T11:11:42.448+0200] {dagbag.py:541} INFO - Filling up the DagBag from /home/akhilesh/py39/lib/python3.9/site-packages/airflow/example_dags/plugins/listener_plugin.py
[2023-08-14T11:11:42.452+0200] {processor.py:838} WARNING - No viable dags retrieved from /home/akhilesh/py39/lib/python3.9/site-packages/airflow/example_dags/plugins/listener_plugin.py
[2023-08-14T11:11:42.464+0200] {processor.py:179} INFO - Processing /home/akhilesh/py39/lib/python3.9/site-packages/airflow/example_dags/plugins/listener_plugin.py took 0.030 seconds
[2023-08-14T11:12:29.456+0200] {processor.py:157} INFO - Started process (PID=464128) to work on /home/akhilesh/py39/lib/python3.9/site-packages/airflow/example_dags/plugins/listener_plugin.py
[2023-08-14T11:12:29.465+0200] {processor.py:826} INFO - Processing file /home/akhilesh/py39/lib/python3.9/site-packages/airflow/example_dags/plugins/listener_plugin.py for tasks to queue
[2023-08-14T11:12:29.466+0200] {logging_mixin.py:150} INFO - [2023-08-14T11:12:29.466+0200] {dagbag.py:541} INFO - Filling up the DagBag from /home/akhilesh/py39/lib/python3.9/site-packages/airflow/example_dags/plugins/listener_plugin.py
[2023-08-14T11:12:29.470+0200] {processor.py:838} WARNING - No viable dags retrieved from /home/akhilesh/py39/lib/python3.9/site-packages/airflow/example_dags/plugins/listener_plugin.py
[2023-08-14T11:12:29.484+0200] {processor.py:179} INFO - Processing /home/akhilesh/py39/lib/python3.9/site-packages/airflow/example_dags/plugins/listener_plugin.py took 0.032 seconds
[2023-08-14T11:13:15.168+0200] {processor.py:157} INFO - Started process (PID=464285) to work on /home/akhilesh/py39/lib/python3.9/site-packages/airflow/example_dags/plugins/listener_plugin.py
[2023-08-14T11:13:15.177+0200] {processor.py:826} INFO - Processing file /home/akhilesh/py39/lib/python3.9/site-packages/airflow/example_dags/plugins/listener_plugin.py for tasks to queue
[2023-08-14T11:13:15.178+0200] {logging_mixin.py:150} INFO - [2023-08-14T11:13:15.178+0200] {dagbag.py:541} INFO - Filling up the DagBag from /home/akhilesh/py39/lib/python3.9/site-packages/airflow/example_dags/plugins/listener_plugin.py
[2023-08-14T11:13:15.181+0200] {processor.py:838} WARNING - No viable dags retrieved from /home/akhilesh/py39/lib/python3.9/site-packages/airflow/example_dags/plugins/listener_plugin.py
[2023-08-14T11:13:15.192+0200] {processor.py:179} INFO - Processing /home/akhilesh/py39/lib/python3.9/site-packages/airflow/example_dags/plugins/listener_plugin.py took 0.028 seconds
[2023-08-14T11:13:30.294+0200] {processor.py:157} INFO - Started process (PID=464464) to work on /home/akhilesh/py39/lib/python3.9/site-packages/airflow/example_dags/plugins/listener_plugin.py
[2023-08-14T11:13:30.295+0200] {processor.py:826} INFO - Processing file /home/akhilesh/py39/lib/python3.9/site-packages/airflow/example_dags/plugins/listener_plugin.py for tasks to queue
[2023-08-14T11:13:30.296+0200] {logging_mixin.py:150} INFO - [2023-08-14T11:13:30.295+0200] {dagbag.py:541} INFO - Filling up the DagBag from /home/akhilesh/py39/lib/python3.9/site-packages/airflow/example_dags/plugins/listener_plugin.py
[2023-08-14T11:13:30.299+0200] {processor.py:838} WARNING - No viable dags retrieved from /home/akhilesh/py39/lib/python3.9/site-packages/airflow/example_dags/plugins/listener_plugin.py
[2023-08-14T11:13:30.307+0200] {processor.py:179} INFO - Processing /home/akhilesh/py39/lib/python3.9/site-packages/airflow/example_dags/plugins/listener_plugin.py took 0.017 seconds
[2023-08-14T11:15:07.910+0200] {processor.py:157} INFO - Started process (PID=464793) to work on /home/akhilesh/py39/lib/python3.9/site-packages/airflow/example_dags/plugins/listener_plugin.py
[2023-08-14T11:15:07.912+0200] {processor.py:826} INFO - Processing file /home/akhilesh/py39/lib/python3.9/site-packages/airflow/example_dags/plugins/listener_plugin.py for tasks to queue
[2023-08-14T11:15:07.913+0200] {logging_mixin.py:150} INFO - [2023-08-14T11:15:07.912+0200] {dagbag.py:541} INFO - Filling up the DagBag from /home/akhilesh/py39/lib/python3.9/site-packages/airflow/example_dags/plugins/listener_plugin.py
[2023-08-14T11:15:07.916+0200] {processor.py:838} WARNING - No viable dags retrieved from /home/akhilesh/py39/lib/python3.9/site-packages/airflow/example_dags/plugins/listener_plugin.py
[2023-08-14T11:15:07.927+0200] {processor.py:179} INFO - Processing /home/akhilesh/py39/lib/python3.9/site-packages/airflow/example_dags/plugins/listener_plugin.py took 0.021 seconds
[2023-08-14T11:15:54.445+0200] {processor.py:157} INFO - Started process (PID=464965) to work on /home/akhilesh/py39/lib/python3.9/site-packages/airflow/example_dags/plugins/listener_plugin.py
[2023-08-14T11:15:54.447+0200] {processor.py:826} INFO - Processing file /home/akhilesh/py39/lib/python3.9/site-packages/airflow/example_dags/plugins/listener_plugin.py for tasks to queue
[2023-08-14T11:15:54.448+0200] {logging_mixin.py:150} INFO - [2023-08-14T11:15:54.447+0200] {dagbag.py:541} INFO - Filling up the DagBag from /home/akhilesh/py39/lib/python3.9/site-packages/airflow/example_dags/plugins/listener_plugin.py
[2023-08-14T11:15:54.451+0200] {processor.py:838} WARNING - No viable dags retrieved from /home/akhilesh/py39/lib/python3.9/site-packages/airflow/example_dags/plugins/listener_plugin.py
[2023-08-14T11:15:54.461+0200] {processor.py:179} INFO - Processing /home/akhilesh/py39/lib/python3.9/site-packages/airflow/example_dags/plugins/listener_plugin.py took 0.019 seconds
[2023-08-14T11:16:42.744+0200] {processor.py:157} INFO - Started process (PID=465079) to work on /home/akhilesh/py39/lib/python3.9/site-packages/airflow/example_dags/plugins/listener_plugin.py
[2023-08-14T11:16:42.747+0200] {processor.py:826} INFO - Processing file /home/akhilesh/py39/lib/python3.9/site-packages/airflow/example_dags/plugins/listener_plugin.py for tasks to queue
[2023-08-14T11:16:42.748+0200] {logging_mixin.py:150} INFO - [2023-08-14T11:16:42.748+0200] {dagbag.py:541} INFO - Filling up the DagBag from /home/akhilesh/py39/lib/python3.9/site-packages/airflow/example_dags/plugins/listener_plugin.py
[2023-08-14T11:16:42.753+0200] {processor.py:838} WARNING - No viable dags retrieved from /home/akhilesh/py39/lib/python3.9/site-packages/airflow/example_dags/plugins/listener_plugin.py
[2023-08-14T11:16:42.771+0200] {processor.py:179} INFO - Processing /home/akhilesh/py39/lib/python3.9/site-packages/airflow/example_dags/plugins/listener_plugin.py took 0.033 seconds
[2023-08-14T11:17:19.449+0200] {processor.py:157} INFO - Started process (PID=465211) to work on /home/akhilesh/py39/lib/python3.9/site-packages/airflow/example_dags/plugins/listener_plugin.py
[2023-08-14T11:17:19.458+0200] {processor.py:826} INFO - Processing file /home/akhilesh/py39/lib/python3.9/site-packages/airflow/example_dags/plugins/listener_plugin.py for tasks to queue
[2023-08-14T11:17:19.459+0200] {logging_mixin.py:150} INFO - [2023-08-14T11:17:19.459+0200] {dagbag.py:541} INFO - Filling up the DagBag from /home/akhilesh/py39/lib/python3.9/site-packages/airflow/example_dags/plugins/listener_plugin.py
[2023-08-14T11:17:19.461+0200] {processor.py:838} WARNING - No viable dags retrieved from /home/akhilesh/py39/lib/python3.9/site-packages/airflow/example_dags/plugins/listener_plugin.py
[2023-08-14T11:17:19.473+0200] {processor.py:179} INFO - Processing /home/akhilesh/py39/lib/python3.9/site-packages/airflow/example_dags/plugins/listener_plugin.py took 0.028 seconds
[2023-08-14T11:17:55.056+0200] {processor.py:157} INFO - Started process (PID=465297) to work on /home/akhilesh/py39/lib/python3.9/site-packages/airflow/example_dags/plugins/listener_plugin.py
[2023-08-14T11:17:55.057+0200] {processor.py:826} INFO - Processing file /home/akhilesh/py39/lib/python3.9/site-packages/airflow/example_dags/plugins/listener_plugin.py for tasks to queue
[2023-08-14T11:17:55.058+0200] {logging_mixin.py:150} INFO - [2023-08-14T11:17:55.058+0200] {dagbag.py:541} INFO - Filling up the DagBag from /home/akhilesh/py39/lib/python3.9/site-packages/airflow/example_dags/plugins/listener_plugin.py
[2023-08-14T11:17:55.062+0200] {processor.py:838} WARNING - No viable dags retrieved from /home/akhilesh/py39/lib/python3.9/site-packages/airflow/example_dags/plugins/listener_plugin.py
[2023-08-14T11:17:55.073+0200] {processor.py:179} INFO - Processing /home/akhilesh/py39/lib/python3.9/site-packages/airflow/example_dags/plugins/listener_plugin.py took 0.021 seconds
[2023-08-14T11:18:29.903+0200] {processor.py:157} INFO - Started process (PID=465427) to work on /home/akhilesh/py39/lib/python3.9/site-packages/airflow/example_dags/plugins/listener_plugin.py
[2023-08-14T11:18:29.912+0200] {processor.py:826} INFO - Processing file /home/akhilesh/py39/lib/python3.9/site-packages/airflow/example_dags/plugins/listener_plugin.py for tasks to queue
[2023-08-14T11:18:29.913+0200] {logging_mixin.py:150} INFO - [2023-08-14T11:18:29.913+0200] {dagbag.py:541} INFO - Filling up the DagBag from /home/akhilesh/py39/lib/python3.9/site-packages/airflow/example_dags/plugins/listener_plugin.py
[2023-08-14T11:18:29.916+0200] {processor.py:838} WARNING - No viable dags retrieved from /home/akhilesh/py39/lib/python3.9/site-packages/airflow/example_dags/plugins/listener_plugin.py
[2023-08-14T11:18:29.930+0200] {processor.py:179} INFO - Processing /home/akhilesh/py39/lib/python3.9/site-packages/airflow/example_dags/plugins/listener_plugin.py took 0.031 seconds
[2023-08-14T11:19:04.614+0200] {processor.py:157} INFO - Started process (PID=465651) to work on /home/akhilesh/py39/lib/python3.9/site-packages/airflow/example_dags/plugins/listener_plugin.py
[2023-08-14T11:19:04.623+0200] {processor.py:826} INFO - Processing file /home/akhilesh/py39/lib/python3.9/site-packages/airflow/example_dags/plugins/listener_plugin.py for tasks to queue
[2023-08-14T11:19:04.625+0200] {logging_mixin.py:150} INFO - [2023-08-14T11:19:04.624+0200] {dagbag.py:541} INFO - Filling up the DagBag from /home/akhilesh/py39/lib/python3.9/site-packages/airflow/example_dags/plugins/listener_plugin.py
[2023-08-14T11:19:04.628+0200] {processor.py:838} WARNING - No viable dags retrieved from /home/akhilesh/py39/lib/python3.9/site-packages/airflow/example_dags/plugins/listener_plugin.py
[2023-08-14T11:19:04.640+0200] {processor.py:179} INFO - Processing /home/akhilesh/py39/lib/python3.9/site-packages/airflow/example_dags/plugins/listener_plugin.py took 0.030 seconds
[2023-08-14T11:20:35.721+0200] {processor.py:157} INFO - Started process (PID=465943) to work on /home/akhilesh/py39/lib/python3.9/site-packages/airflow/example_dags/plugins/listener_plugin.py
[2023-08-14T11:20:35.723+0200] {processor.py:826} INFO - Processing file /home/akhilesh/py39/lib/python3.9/site-packages/airflow/example_dags/plugins/listener_plugin.py for tasks to queue
[2023-08-14T11:20:35.724+0200] {logging_mixin.py:150} INFO - [2023-08-14T11:20:35.724+0200] {dagbag.py:541} INFO - Filling up the DagBag from /home/akhilesh/py39/lib/python3.9/site-packages/airflow/example_dags/plugins/listener_plugin.py
[2023-08-14T11:20:35.727+0200] {processor.py:838} WARNING - No viable dags retrieved from /home/akhilesh/py39/lib/python3.9/site-packages/airflow/example_dags/plugins/listener_plugin.py
[2023-08-14T11:20:35.736+0200] {processor.py:179} INFO - Processing /home/akhilesh/py39/lib/python3.9/site-packages/airflow/example_dags/plugins/listener_plugin.py took 0.018 seconds
[2023-08-14T11:21:19.436+0200] {processor.py:157} INFO - Started process (PID=466096) to work on /home/akhilesh/py39/lib/python3.9/site-packages/airflow/example_dags/plugins/listener_plugin.py
[2023-08-14T11:21:19.445+0200] {processor.py:826} INFO - Processing file /home/akhilesh/py39/lib/python3.9/site-packages/airflow/example_dags/plugins/listener_plugin.py for tasks to queue
[2023-08-14T11:21:19.446+0200] {logging_mixin.py:150} INFO - [2023-08-14T11:21:19.446+0200] {dagbag.py:541} INFO - Filling up the DagBag from /home/akhilesh/py39/lib/python3.9/site-packages/airflow/example_dags/plugins/listener_plugin.py
[2023-08-14T11:21:19.449+0200] {processor.py:838} WARNING - No viable dags retrieved from /home/akhilesh/py39/lib/python3.9/site-packages/airflow/example_dags/plugins/listener_plugin.py
[2023-08-14T11:21:19.463+0200] {processor.py:179} INFO - Processing /home/akhilesh/py39/lib/python3.9/site-packages/airflow/example_dags/plugins/listener_plugin.py took 0.030 seconds
[2023-08-14T11:21:57.354+0200] {processor.py:157} INFO - Started process (PID=466216) to work on /home/akhilesh/py39/lib/python3.9/site-packages/airflow/example_dags/plugins/listener_plugin.py
[2023-08-14T11:21:57.363+0200] {processor.py:826} INFO - Processing file /home/akhilesh/py39/lib/python3.9/site-packages/airflow/example_dags/plugins/listener_plugin.py for tasks to queue
[2023-08-14T11:21:57.365+0200] {logging_mixin.py:150} INFO - [2023-08-14T11:21:57.364+0200] {dagbag.py:541} INFO - Filling up the DagBag from /home/akhilesh/py39/lib/python3.9/site-packages/airflow/example_dags/plugins/listener_plugin.py
[2023-08-14T11:21:57.368+0200] {processor.py:838} WARNING - No viable dags retrieved from /home/akhilesh/py39/lib/python3.9/site-packages/airflow/example_dags/plugins/listener_plugin.py
[2023-08-14T11:21:57.381+0200] {processor.py:179} INFO - Processing /home/akhilesh/py39/lib/python3.9/site-packages/airflow/example_dags/plugins/listener_plugin.py took 0.031 seconds
[2023-08-14T11:22:44.895+0200] {processor.py:157} INFO - Started process (PID=466329) to work on /home/akhilesh/py39/lib/python3.9/site-packages/airflow/example_dags/plugins/listener_plugin.py
[2023-08-14T11:22:44.904+0200] {processor.py:826} INFO - Processing file /home/akhilesh/py39/lib/python3.9/site-packages/airflow/example_dags/plugins/listener_plugin.py for tasks to queue
[2023-08-14T11:22:44.905+0200] {logging_mixin.py:150} INFO - [2023-08-14T11:22:44.905+0200] {dagbag.py:541} INFO - Filling up the DagBag from /home/akhilesh/py39/lib/python3.9/site-packages/airflow/example_dags/plugins/listener_plugin.py
[2023-08-14T11:22:44.909+0200] {processor.py:838} WARNING - No viable dags retrieved from /home/akhilesh/py39/lib/python3.9/site-packages/airflow/example_dags/plugins/listener_plugin.py
[2023-08-14T11:22:44.921+0200] {processor.py:179} INFO - Processing /home/akhilesh/py39/lib/python3.9/site-packages/airflow/example_dags/plugins/listener_plugin.py took 0.030 seconds
[2023-08-14T11:23:21.509+0200] {processor.py:157} INFO - Started process (PID=466820) to work on /home/akhilesh/py39/lib/python3.9/site-packages/airflow/example_dags/plugins/listener_plugin.py
[2023-08-14T11:23:21.510+0200] {processor.py:826} INFO - Processing file /home/akhilesh/py39/lib/python3.9/site-packages/airflow/example_dags/plugins/listener_plugin.py for tasks to queue
[2023-08-14T11:23:21.512+0200] {logging_mixin.py:150} INFO - [2023-08-14T11:23:21.511+0200] {dagbag.py:541} INFO - Filling up the DagBag from /home/akhilesh/py39/lib/python3.9/site-packages/airflow/example_dags/plugins/listener_plugin.py
[2023-08-14T11:23:21.515+0200] {processor.py:838} WARNING - No viable dags retrieved from /home/akhilesh/py39/lib/python3.9/site-packages/airflow/example_dags/plugins/listener_plugin.py
[2023-08-14T11:23:21.527+0200] {processor.py:179} INFO - Processing /home/akhilesh/py39/lib/python3.9/site-packages/airflow/example_dags/plugins/listener_plugin.py took 0.022 seconds
[2023-08-14T11:24:10.519+0200] {processor.py:157} INFO - Started process (PID=467141) to work on /home/akhilesh/py39/lib/python3.9/site-packages/airflow/example_dags/plugins/listener_plugin.py
[2023-08-14T11:24:10.528+0200] {processor.py:826} INFO - Processing file /home/akhilesh/py39/lib/python3.9/site-packages/airflow/example_dags/plugins/listener_plugin.py for tasks to queue
[2023-08-14T11:24:10.529+0200] {logging_mixin.py:150} INFO - [2023-08-14T11:24:10.529+0200] {dagbag.py:541} INFO - Filling up the DagBag from /home/akhilesh/py39/lib/python3.9/site-packages/airflow/example_dags/plugins/listener_plugin.py
[2023-08-14T11:24:10.532+0200] {processor.py:838} WARNING - No viable dags retrieved from /home/akhilesh/py39/lib/python3.9/site-packages/airflow/example_dags/plugins/listener_plugin.py
[2023-08-14T11:24:10.542+0200] {processor.py:179} INFO - Processing /home/akhilesh/py39/lib/python3.9/site-packages/airflow/example_dags/plugins/listener_plugin.py took 0.026 seconds
[2023-08-14T11:24:45.872+0200] {processor.py:157} INFO - Started process (PID=467262) to work on /home/akhilesh/py39/lib/python3.9/site-packages/airflow/example_dags/plugins/listener_plugin.py
[2023-08-14T11:24:45.881+0200] {processor.py:826} INFO - Processing file /home/akhilesh/py39/lib/python3.9/site-packages/airflow/example_dags/plugins/listener_plugin.py for tasks to queue
[2023-08-14T11:24:45.883+0200] {logging_mixin.py:150} INFO - [2023-08-14T11:24:45.882+0200] {dagbag.py:541} INFO - Filling up the DagBag from /home/akhilesh/py39/lib/python3.9/site-packages/airflow/example_dags/plugins/listener_plugin.py
[2023-08-14T11:24:45.886+0200] {processor.py:838} WARNING - No viable dags retrieved from /home/akhilesh/py39/lib/python3.9/site-packages/airflow/example_dags/plugins/listener_plugin.py
[2023-08-14T11:24:45.899+0200] {processor.py:179} INFO - Processing /home/akhilesh/py39/lib/python3.9/site-packages/airflow/example_dags/plugins/listener_plugin.py took 0.031 seconds
[2023-08-14T11:25:33.109+0200] {processor.py:157} INFO - Started process (PID=467794) to work on /home/akhilesh/py39/lib/python3.9/site-packages/airflow/example_dags/plugins/listener_plugin.py
[2023-08-14T11:25:33.118+0200] {processor.py:826} INFO - Processing file /home/akhilesh/py39/lib/python3.9/site-packages/airflow/example_dags/plugins/listener_plugin.py for tasks to queue
[2023-08-14T11:25:33.119+0200] {logging_mixin.py:150} INFO - [2023-08-14T11:25:33.119+0200] {dagbag.py:541} INFO - Filling up the DagBag from /home/akhilesh/py39/lib/python3.9/site-packages/airflow/example_dags/plugins/listener_plugin.py
[2023-08-14T11:25:33.124+0200] {processor.py:838} WARNING - No viable dags retrieved from /home/akhilesh/py39/lib/python3.9/site-packages/airflow/example_dags/plugins/listener_plugin.py
[2023-08-14T11:25:33.134+0200] {processor.py:179} INFO - Processing /home/akhilesh/py39/lib/python3.9/site-packages/airflow/example_dags/plugins/listener_plugin.py took 0.030 seconds
