[2023-08-14T10:22:08.849+0200] {processor.py:157} INFO - Started process (PID=453334) to work on /home/akhilesh/py39/lib/python3.9/site-packages/airflow/example_dags/plugins/workday.py
[2023-08-14T10:22:08.850+0200] {processor.py:826} INFO - Processing file /home/akhilesh/py39/lib/python3.9/site-packages/airflow/example_dags/plugins/workday.py for tasks to queue
[2023-08-14T10:22:08.852+0200] {logging_mixin.py:150} INFO - [2023-08-14T10:22:08.851+0200] {dagbag.py:541} INFO - Filling up the DagBag from /home/akhilesh/py39/lib/python3.9/site-packages/airflow/example_dags/plugins/workday.py
[2023-08-14T10:22:09.179+0200] {processor.py:838} WARNING - No viable dags retrieved from /home/akhilesh/py39/lib/python3.9/site-packages/airflow/example_dags/plugins/workday.py
[2023-08-14T10:22:09.184+0200] {processor.py:179} INFO - Processing /home/akhilesh/py39/lib/python3.9/site-packages/airflow/example_dags/plugins/workday.py took 0.339 seconds
[2023-08-14T10:22:51.229+0200] {processor.py:157} INFO - Started process (PID=453499) to work on /home/akhilesh/py39/lib/python3.9/site-packages/airflow/example_dags/plugins/workday.py
[2023-08-14T10:22:51.230+0200] {processor.py:826} INFO - Processing file /home/akhilesh/py39/lib/python3.9/site-packages/airflow/example_dags/plugins/workday.py for tasks to queue
[2023-08-14T10:22:51.232+0200] {logging_mixin.py:150} INFO - [2023-08-14T10:22:51.231+0200] {dagbag.py:541} INFO - Filling up the DagBag from /home/akhilesh/py39/lib/python3.9/site-packages/airflow/example_dags/plugins/workday.py
[2023-08-14T10:22:51.676+0200] {processor.py:838} WARNING - No viable dags retrieved from /home/akhilesh/py39/lib/python3.9/site-packages/airflow/example_dags/plugins/workday.py
[2023-08-14T10:22:51.682+0200] {processor.py:179} INFO - Processing /home/akhilesh/py39/lib/python3.9/site-packages/airflow/example_dags/plugins/workday.py took 0.457 seconds
[2023-08-14T10:23:40.998+0200] {processor.py:157} INFO - Started process (PID=453751) to work on /home/akhilesh/py39/lib/python3.9/site-packages/airflow/example_dags/plugins/workday.py
[2023-08-14T10:23:41.007+0200] {processor.py:826} INFO - Processing file /home/akhilesh/py39/lib/python3.9/site-packages/airflow/example_dags/plugins/workday.py for tasks to queue
[2023-08-14T10:23:41.008+0200] {logging_mixin.py:150} INFO - [2023-08-14T10:23:41.008+0200] {dagbag.py:541} INFO - Filling up the DagBag from /home/akhilesh/py39/lib/python3.9/site-packages/airflow/example_dags/plugins/workday.py
[2023-08-14T10:23:41.394+0200] {processor.py:838} WARNING - No viable dags retrieved from /home/akhilesh/py39/lib/python3.9/site-packages/airflow/example_dags/plugins/workday.py
[2023-08-14T10:23:41.398+0200] {processor.py:179} INFO - Processing /home/akhilesh/py39/lib/python3.9/site-packages/airflow/example_dags/plugins/workday.py took 0.404 seconds
[2023-08-14T10:24:23.239+0200] {processor.py:157} INFO - Started process (PID=453900) to work on /home/akhilesh/py39/lib/python3.9/site-packages/airflow/example_dags/plugins/workday.py
[2023-08-14T10:24:23.249+0200] {processor.py:826} INFO - Processing file /home/akhilesh/py39/lib/python3.9/site-packages/airflow/example_dags/plugins/workday.py for tasks to queue
[2023-08-14T10:24:23.250+0200] {logging_mixin.py:150} INFO - [2023-08-14T10:24:23.249+0200] {dagbag.py:541} INFO - Filling up the DagBag from /home/akhilesh/py39/lib/python3.9/site-packages/airflow/example_dags/plugins/workday.py
[2023-08-14T10:24:23.677+0200] {processor.py:838} WARNING - No viable dags retrieved from /home/akhilesh/py39/lib/python3.9/site-packages/airflow/example_dags/plugins/workday.py
[2023-08-14T10:24:23.683+0200] {processor.py:179} INFO - Processing /home/akhilesh/py39/lib/python3.9/site-packages/airflow/example_dags/plugins/workday.py took 0.448 seconds
[2023-08-14T10:25:05.722+0200] {processor.py:157} INFO - Started process (PID=454045) to work on /home/akhilesh/py39/lib/python3.9/site-packages/airflow/example_dags/plugins/workday.py
[2023-08-14T10:25:05.731+0200] {processor.py:826} INFO - Processing file /home/akhilesh/py39/lib/python3.9/site-packages/airflow/example_dags/plugins/workday.py for tasks to queue
[2023-08-14T10:25:05.732+0200] {logging_mixin.py:150} INFO - [2023-08-14T10:25:05.732+0200] {dagbag.py:541} INFO - Filling up the DagBag from /home/akhilesh/py39/lib/python3.9/site-packages/airflow/example_dags/plugins/workday.py
[2023-08-14T10:25:06.158+0200] {processor.py:838} WARNING - No viable dags retrieved from /home/akhilesh/py39/lib/python3.9/site-packages/airflow/example_dags/plugins/workday.py
[2023-08-14T10:25:06.164+0200] {processor.py:179} INFO - Processing /home/akhilesh/py39/lib/python3.9/site-packages/airflow/example_dags/plugins/workday.py took 0.447 seconds
[2023-08-14T10:25:56.118+0200] {processor.py:157} INFO - Started process (PID=454189) to work on /home/akhilesh/py39/lib/python3.9/site-packages/airflow/example_dags/plugins/workday.py
[2023-08-14T10:25:56.126+0200] {processor.py:826} INFO - Processing file /home/akhilesh/py39/lib/python3.9/site-packages/airflow/example_dags/plugins/workday.py for tasks to queue
[2023-08-14T10:25:56.128+0200] {logging_mixin.py:150} INFO - [2023-08-14T10:25:56.127+0200] {dagbag.py:541} INFO - Filling up the DagBag from /home/akhilesh/py39/lib/python3.9/site-packages/airflow/example_dags/plugins/workday.py
[2023-08-14T10:25:56.520+0200] {processor.py:838} WARNING - No viable dags retrieved from /home/akhilesh/py39/lib/python3.9/site-packages/airflow/example_dags/plugins/workday.py
[2023-08-14T10:25:56.526+0200] {processor.py:179} INFO - Processing /home/akhilesh/py39/lib/python3.9/site-packages/airflow/example_dags/plugins/workday.py took 0.412 seconds
[2023-08-14T10:26:37.067+0200] {processor.py:157} INFO - Started process (PID=454445) to work on /home/akhilesh/py39/lib/python3.9/site-packages/airflow/example_dags/plugins/workday.py
[2023-08-14T10:26:37.075+0200] {processor.py:826} INFO - Processing file /home/akhilesh/py39/lib/python3.9/site-packages/airflow/example_dags/plugins/workday.py for tasks to queue
[2023-08-14T10:26:37.077+0200] {logging_mixin.py:150} INFO - [2023-08-14T10:26:37.076+0200] {dagbag.py:541} INFO - Filling up the DagBag from /home/akhilesh/py39/lib/python3.9/site-packages/airflow/example_dags/plugins/workday.py
[2023-08-14T10:26:37.404+0200] {processor.py:838} WARNING - No viable dags retrieved from /home/akhilesh/py39/lib/python3.9/site-packages/airflow/example_dags/plugins/workday.py
[2023-08-14T10:26:37.412+0200] {processor.py:179} INFO - Processing /home/akhilesh/py39/lib/python3.9/site-packages/airflow/example_dags/plugins/workday.py took 0.347 seconds
[2023-08-14T10:27:16.674+0200] {processor.py:157} INFO - Started process (PID=454618) to work on /home/akhilesh/py39/lib/python3.9/site-packages/airflow/example_dags/plugins/workday.py
[2023-08-14T10:27:16.676+0200] {processor.py:826} INFO - Processing file /home/akhilesh/py39/lib/python3.9/site-packages/airflow/example_dags/plugins/workday.py for tasks to queue
[2023-08-14T10:27:16.677+0200] {logging_mixin.py:150} INFO - [2023-08-14T10:27:16.676+0200] {dagbag.py:541} INFO - Filling up the DagBag from /home/akhilesh/py39/lib/python3.9/site-packages/airflow/example_dags/plugins/workday.py
[2023-08-14T10:27:16.996+0200] {processor.py:838} WARNING - No viable dags retrieved from /home/akhilesh/py39/lib/python3.9/site-packages/airflow/example_dags/plugins/workday.py
[2023-08-14T10:27:17.001+0200] {processor.py:179} INFO - Processing /home/akhilesh/py39/lib/python3.9/site-packages/airflow/example_dags/plugins/workday.py took 0.330 seconds
[2023-08-14T10:27:54.907+0200] {processor.py:157} INFO - Started process (PID=454860) to work on /home/akhilesh/py39/lib/python3.9/site-packages/airflow/example_dags/plugins/workday.py
[2023-08-14T10:27:54.917+0200] {processor.py:826} INFO - Processing file /home/akhilesh/py39/lib/python3.9/site-packages/airflow/example_dags/plugins/workday.py for tasks to queue
[2023-08-14T10:27:54.918+0200] {logging_mixin.py:150} INFO - [2023-08-14T10:27:54.918+0200] {dagbag.py:541} INFO - Filling up the DagBag from /home/akhilesh/py39/lib/python3.9/site-packages/airflow/example_dags/plugins/workday.py
[2023-08-14T10:27:55.363+0200] {processor.py:838} WARNING - No viable dags retrieved from /home/akhilesh/py39/lib/python3.9/site-packages/airflow/example_dags/plugins/workday.py
[2023-08-14T10:27:55.368+0200] {processor.py:179} INFO - Processing /home/akhilesh/py39/lib/python3.9/site-packages/airflow/example_dags/plugins/workday.py took 0.464 seconds
[2023-08-14T10:28:34.061+0200] {processor.py:157} INFO - Started process (PID=454985) to work on /home/akhilesh/py39/lib/python3.9/site-packages/airflow/example_dags/plugins/workday.py
[2023-08-14T10:28:34.062+0200] {processor.py:826} INFO - Processing file /home/akhilesh/py39/lib/python3.9/site-packages/airflow/example_dags/plugins/workday.py for tasks to queue
[2023-08-14T10:28:34.062+0200] {logging_mixin.py:150} INFO - [2023-08-14T10:28:34.062+0200] {dagbag.py:541} INFO - Filling up the DagBag from /home/akhilesh/py39/lib/python3.9/site-packages/airflow/example_dags/plugins/workday.py
[2023-08-14T10:28:34.372+0200] {processor.py:838} WARNING - No viable dags retrieved from /home/akhilesh/py39/lib/python3.9/site-packages/airflow/example_dags/plugins/workday.py
[2023-08-14T10:28:34.376+0200] {processor.py:179} INFO - Processing /home/akhilesh/py39/lib/python3.9/site-packages/airflow/example_dags/plugins/workday.py took 0.319 seconds
[2023-08-14T10:29:16.458+0200] {processor.py:157} INFO - Started process (PID=455164) to work on /home/akhilesh/py39/lib/python3.9/site-packages/airflow/example_dags/plugins/workday.py
[2023-08-14T10:29:16.467+0200] {processor.py:826} INFO - Processing file /home/akhilesh/py39/lib/python3.9/site-packages/airflow/example_dags/plugins/workday.py for tasks to queue
[2023-08-14T10:29:16.469+0200] {logging_mixin.py:150} INFO - [2023-08-14T10:29:16.468+0200] {dagbag.py:541} INFO - Filling up the DagBag from /home/akhilesh/py39/lib/python3.9/site-packages/airflow/example_dags/plugins/workday.py
[2023-08-14T10:29:16.988+0200] {processor.py:838} WARNING - No viable dags retrieved from /home/akhilesh/py39/lib/python3.9/site-packages/airflow/example_dags/plugins/workday.py
[2023-08-14T10:29:16.994+0200] {processor.py:179} INFO - Processing /home/akhilesh/py39/lib/python3.9/site-packages/airflow/example_dags/plugins/workday.py took 0.541 seconds
[2023-08-14T10:30:07.533+0200] {processor.py:157} INFO - Started process (PID=455277) to work on /home/akhilesh/py39/lib/python3.9/site-packages/airflow/example_dags/plugins/workday.py
[2023-08-14T10:30:07.535+0200] {processor.py:826} INFO - Processing file /home/akhilesh/py39/lib/python3.9/site-packages/airflow/example_dags/plugins/workday.py for tasks to queue
[2023-08-14T10:30:07.536+0200] {logging_mixin.py:150} INFO - [2023-08-14T10:30:07.536+0200] {dagbag.py:541} INFO - Filling up the DagBag from /home/akhilesh/py39/lib/python3.9/site-packages/airflow/example_dags/plugins/workday.py
[2023-08-14T10:30:07.920+0200] {processor.py:838} WARNING - No viable dags retrieved from /home/akhilesh/py39/lib/python3.9/site-packages/airflow/example_dags/plugins/workday.py
[2023-08-14T10:30:07.927+0200] {processor.py:179} INFO - Processing /home/akhilesh/py39/lib/python3.9/site-packages/airflow/example_dags/plugins/workday.py took 0.397 seconds
[2023-08-14T10:30:52.802+0200] {processor.py:157} INFO - Started process (PID=455440) to work on /home/akhilesh/py39/lib/python3.9/site-packages/airflow/example_dags/plugins/workday.py
[2023-08-14T10:30:52.803+0200] {processor.py:826} INFO - Processing file /home/akhilesh/py39/lib/python3.9/site-packages/airflow/example_dags/plugins/workday.py for tasks to queue
[2023-08-14T10:30:52.805+0200] {logging_mixin.py:150} INFO - [2023-08-14T10:30:52.804+0200] {dagbag.py:541} INFO - Filling up the DagBag from /home/akhilesh/py39/lib/python3.9/site-packages/airflow/example_dags/plugins/workday.py
[2023-08-14T10:30:53.080+0200] {processor.py:838} WARNING - No viable dags retrieved from /home/akhilesh/py39/lib/python3.9/site-packages/airflow/example_dags/plugins/workday.py
[2023-08-14T10:30:53.088+0200] {processor.py:179} INFO - Processing /home/akhilesh/py39/lib/python3.9/site-packages/airflow/example_dags/plugins/workday.py took 0.291 seconds
[2023-08-14T10:31:29.901+0200] {processor.py:157} INFO - Started process (PID=455521) to work on /home/akhilesh/py39/lib/python3.9/site-packages/airflow/example_dags/plugins/workday.py
[2023-08-14T10:31:29.905+0200] {processor.py:826} INFO - Processing file /home/akhilesh/py39/lib/python3.9/site-packages/airflow/example_dags/plugins/workday.py for tasks to queue
[2023-08-14T10:31:29.906+0200] {logging_mixin.py:150} INFO - [2023-08-14T10:31:29.905+0200] {dagbag.py:541} INFO - Filling up the DagBag from /home/akhilesh/py39/lib/python3.9/site-packages/airflow/example_dags/plugins/workday.py
[2023-08-14T10:31:30.160+0200] {processor.py:838} WARNING - No viable dags retrieved from /home/akhilesh/py39/lib/python3.9/site-packages/airflow/example_dags/plugins/workday.py
[2023-08-14T10:31:30.169+0200] {processor.py:179} INFO - Processing /home/akhilesh/py39/lib/python3.9/site-packages/airflow/example_dags/plugins/workday.py took 0.273 seconds
[2023-08-14T10:32:17.671+0200] {processor.py:157} INFO - Started process (PID=455792) to work on /home/akhilesh/py39/lib/python3.9/site-packages/airflow/example_dags/plugins/workday.py
[2023-08-14T10:32:17.680+0200] {processor.py:826} INFO - Processing file /home/akhilesh/py39/lib/python3.9/site-packages/airflow/example_dags/plugins/workday.py for tasks to queue
[2023-08-14T10:32:17.681+0200] {logging_mixin.py:150} INFO - [2023-08-14T10:32:17.681+0200] {dagbag.py:541} INFO - Filling up the DagBag from /home/akhilesh/py39/lib/python3.9/site-packages/airflow/example_dags/plugins/workday.py
[2023-08-14T10:32:17.928+0200] {processor.py:838} WARNING - No viable dags retrieved from /home/akhilesh/py39/lib/python3.9/site-packages/airflow/example_dags/plugins/workday.py
[2023-08-14T10:32:17.936+0200] {processor.py:179} INFO - Processing /home/akhilesh/py39/lib/python3.9/site-packages/airflow/example_dags/plugins/workday.py took 0.269 seconds
[2023-08-14T10:33:07.333+0200] {processor.py:157} INFO - Started process (PID=455951) to work on /home/akhilesh/py39/lib/python3.9/site-packages/airflow/example_dags/plugins/workday.py
[2023-08-14T10:33:07.343+0200] {processor.py:826} INFO - Processing file /home/akhilesh/py39/lib/python3.9/site-packages/airflow/example_dags/plugins/workday.py for tasks to queue
[2023-08-14T10:33:07.344+0200] {logging_mixin.py:150} INFO - [2023-08-14T10:33:07.344+0200] {dagbag.py:541} INFO - Filling up the DagBag from /home/akhilesh/py39/lib/python3.9/site-packages/airflow/example_dags/plugins/workday.py
[2023-08-14T10:33:07.589+0200] {processor.py:838} WARNING - No viable dags retrieved from /home/akhilesh/py39/lib/python3.9/site-packages/airflow/example_dags/plugins/workday.py
[2023-08-14T10:33:07.597+0200] {processor.py:179} INFO - Processing /home/akhilesh/py39/lib/python3.9/site-packages/airflow/example_dags/plugins/workday.py took 0.267 seconds
[2023-08-14T10:33:44.709+0200] {processor.py:157} INFO - Started process (PID=456039) to work on /home/akhilesh/py39/lib/python3.9/site-packages/airflow/example_dags/plugins/workday.py
[2023-08-14T10:33:44.718+0200] {processor.py:826} INFO - Processing file /home/akhilesh/py39/lib/python3.9/site-packages/airflow/example_dags/plugins/workday.py for tasks to queue
[2023-08-14T10:33:44.720+0200] {logging_mixin.py:150} INFO - [2023-08-14T10:33:44.719+0200] {dagbag.py:541} INFO - Filling up the DagBag from /home/akhilesh/py39/lib/python3.9/site-packages/airflow/example_dags/plugins/workday.py
[2023-08-14T10:33:44.968+0200] {processor.py:838} WARNING - No viable dags retrieved from /home/akhilesh/py39/lib/python3.9/site-packages/airflow/example_dags/plugins/workday.py
[2023-08-14T10:33:44.976+0200] {processor.py:179} INFO - Processing /home/akhilesh/py39/lib/python3.9/site-packages/airflow/example_dags/plugins/workday.py took 0.270 seconds
[2023-08-14T10:34:20.896+0200] {processor.py:157} INFO - Started process (PID=456127) to work on /home/akhilesh/py39/lib/python3.9/site-packages/airflow/example_dags/plugins/workday.py
[2023-08-14T10:34:20.906+0200] {processor.py:826} INFO - Processing file /home/akhilesh/py39/lib/python3.9/site-packages/airflow/example_dags/plugins/workday.py for tasks to queue
[2023-08-14T10:34:20.907+0200] {logging_mixin.py:150} INFO - [2023-08-14T10:34:20.907+0200] {dagbag.py:541} INFO - Filling up the DagBag from /home/akhilesh/py39/lib/python3.9/site-packages/airflow/example_dags/plugins/workday.py
[2023-08-14T10:34:21.157+0200] {processor.py:838} WARNING - No viable dags retrieved from /home/akhilesh/py39/lib/python3.9/site-packages/airflow/example_dags/plugins/workday.py
[2023-08-14T10:34:21.166+0200] {processor.py:179} INFO - Processing /home/akhilesh/py39/lib/python3.9/site-packages/airflow/example_dags/plugins/workday.py took 0.273 seconds
[2023-08-14T10:34:57.084+0200] {processor.py:157} INFO - Started process (PID=456218) to work on /home/akhilesh/py39/lib/python3.9/site-packages/airflow/example_dags/plugins/workday.py
[2023-08-14T10:34:57.093+0200] {processor.py:826} INFO - Processing file /home/akhilesh/py39/lib/python3.9/site-packages/airflow/example_dags/plugins/workday.py for tasks to queue
[2023-08-14T10:34:57.094+0200] {logging_mixin.py:150} INFO - [2023-08-14T10:34:57.093+0200] {dagbag.py:541} INFO - Filling up the DagBag from /home/akhilesh/py39/lib/python3.9/site-packages/airflow/example_dags/plugins/workday.py
[2023-08-14T10:34:57.371+0200] {processor.py:838} WARNING - No viable dags retrieved from /home/akhilesh/py39/lib/python3.9/site-packages/airflow/example_dags/plugins/workday.py
[2023-08-14T10:34:57.380+0200] {processor.py:179} INFO - Processing /home/akhilesh/py39/lib/python3.9/site-packages/airflow/example_dags/plugins/workday.py took 0.300 seconds
[2023-08-14T10:35:49.078+0200] {processor.py:157} INFO - Started process (PID=456375) to work on /home/akhilesh/py39/lib/python3.9/site-packages/airflow/example_dags/plugins/workday.py
[2023-08-14T10:35:49.083+0200] {processor.py:826} INFO - Processing file /home/akhilesh/py39/lib/python3.9/site-packages/airflow/example_dags/plugins/workday.py for tasks to queue
[2023-08-14T10:35:49.084+0200] {logging_mixin.py:150} INFO - [2023-08-14T10:35:49.083+0200] {dagbag.py:541} INFO - Filling up the DagBag from /home/akhilesh/py39/lib/python3.9/site-packages/airflow/example_dags/plugins/workday.py
[2023-08-14T10:35:49.385+0200] {processor.py:838} WARNING - No viable dags retrieved from /home/akhilesh/py39/lib/python3.9/site-packages/airflow/example_dags/plugins/workday.py
[2023-08-14T10:35:49.394+0200] {processor.py:179} INFO - Processing /home/akhilesh/py39/lib/python3.9/site-packages/airflow/example_dags/plugins/workday.py took 0.319 seconds
[2023-08-14T10:36:40.289+0200] {processor.py:157} INFO - Started process (PID=456521) to work on /home/akhilesh/py39/lib/python3.9/site-packages/airflow/example_dags/plugins/workday.py
[2023-08-14T10:36:40.299+0200] {processor.py:826} INFO - Processing file /home/akhilesh/py39/lib/python3.9/site-packages/airflow/example_dags/plugins/workday.py for tasks to queue
[2023-08-14T10:36:40.300+0200] {logging_mixin.py:150} INFO - [2023-08-14T10:36:40.300+0200] {dagbag.py:541} INFO - Filling up the DagBag from /home/akhilesh/py39/lib/python3.9/site-packages/airflow/example_dags/plugins/workday.py
[2023-08-14T10:36:40.560+0200] {processor.py:838} WARNING - No viable dags retrieved from /home/akhilesh/py39/lib/python3.9/site-packages/airflow/example_dags/plugins/workday.py
[2023-08-14T10:36:40.566+0200] {processor.py:179} INFO - Processing /home/akhilesh/py39/lib/python3.9/site-packages/airflow/example_dags/plugins/workday.py took 0.281 seconds
[2023-08-14T10:37:29.152+0200] {processor.py:157} INFO - Started process (PID=456651) to work on /home/akhilesh/py39/lib/python3.9/site-packages/airflow/example_dags/plugins/workday.py
[2023-08-14T10:37:29.161+0200] {processor.py:826} INFO - Processing file /home/akhilesh/py39/lib/python3.9/site-packages/airflow/example_dags/plugins/workday.py for tasks to queue
[2023-08-14T10:37:29.162+0200] {logging_mixin.py:150} INFO - [2023-08-14T10:37:29.162+0200] {dagbag.py:541} INFO - Filling up the DagBag from /home/akhilesh/py39/lib/python3.9/site-packages/airflow/example_dags/plugins/workday.py
[2023-08-14T10:37:29.395+0200] {processor.py:838} WARNING - No viable dags retrieved from /home/akhilesh/py39/lib/python3.9/site-packages/airflow/example_dags/plugins/workday.py
[2023-08-14T10:37:29.401+0200] {processor.py:179} INFO - Processing /home/akhilesh/py39/lib/python3.9/site-packages/airflow/example_dags/plugins/workday.py took 0.252 seconds
[2023-08-14T10:38:18.790+0200] {processor.py:157} INFO - Started process (PID=456779) to work on /home/akhilesh/py39/lib/python3.9/site-packages/airflow/example_dags/plugins/workday.py
[2023-08-14T10:38:18.799+0200] {processor.py:826} INFO - Processing file /home/akhilesh/py39/lib/python3.9/site-packages/airflow/example_dags/plugins/workday.py for tasks to queue
[2023-08-14T10:38:18.801+0200] {logging_mixin.py:150} INFO - [2023-08-14T10:38:18.800+0200] {dagbag.py:541} INFO - Filling up the DagBag from /home/akhilesh/py39/lib/python3.9/site-packages/airflow/example_dags/plugins/workday.py
[2023-08-14T10:38:19.028+0200] {processor.py:838} WARNING - No viable dags retrieved from /home/akhilesh/py39/lib/python3.9/site-packages/airflow/example_dags/plugins/workday.py
[2023-08-14T10:38:19.035+0200] {processor.py:179} INFO - Processing /home/akhilesh/py39/lib/python3.9/site-packages/airflow/example_dags/plugins/workday.py took 0.248 seconds
[2023-08-14T10:39:07.056+0200] {processor.py:157} INFO - Started process (PID=456904) to work on /home/akhilesh/py39/lib/python3.9/site-packages/airflow/example_dags/plugins/workday.py
[2023-08-14T10:39:07.065+0200] {processor.py:826} INFO - Processing file /home/akhilesh/py39/lib/python3.9/site-packages/airflow/example_dags/plugins/workday.py for tasks to queue
[2023-08-14T10:39:07.067+0200] {logging_mixin.py:150} INFO - [2023-08-14T10:39:07.066+0200] {dagbag.py:541} INFO - Filling up the DagBag from /home/akhilesh/py39/lib/python3.9/site-packages/airflow/example_dags/plugins/workday.py
[2023-08-14T10:39:07.295+0200] {processor.py:838} WARNING - No viable dags retrieved from /home/akhilesh/py39/lib/python3.9/site-packages/airflow/example_dags/plugins/workday.py
[2023-08-14T10:39:07.301+0200] {processor.py:179} INFO - Processing /home/akhilesh/py39/lib/python3.9/site-packages/airflow/example_dags/plugins/workday.py took 0.249 seconds
[2023-08-14T10:39:41.429+0200] {processor.py:157} INFO - Started process (PID=457096) to work on /home/akhilesh/py39/lib/python3.9/site-packages/airflow/example_dags/plugins/workday.py
[2023-08-14T10:39:41.438+0200] {processor.py:826} INFO - Processing file /home/akhilesh/py39/lib/python3.9/site-packages/airflow/example_dags/plugins/workday.py for tasks to queue
[2023-08-14T10:39:41.440+0200] {logging_mixin.py:150} INFO - [2023-08-14T10:39:41.439+0200] {dagbag.py:541} INFO - Filling up the DagBag from /home/akhilesh/py39/lib/python3.9/site-packages/airflow/example_dags/plugins/workday.py
[2023-08-14T10:39:41.695+0200] {processor.py:838} WARNING - No viable dags retrieved from /home/akhilesh/py39/lib/python3.9/site-packages/airflow/example_dags/plugins/workday.py
[2023-08-14T10:39:41.700+0200] {processor.py:179} INFO - Processing /home/akhilesh/py39/lib/python3.9/site-packages/airflow/example_dags/plugins/workday.py took 0.275 seconds
[2023-08-14T10:41:22.489+0200] {processor.py:157} INFO - Started process (PID=457514) to work on /home/akhilesh/py39/lib/python3.9/site-packages/airflow/example_dags/plugins/workday.py
[2023-08-14T10:41:22.498+0200] {processor.py:826} INFO - Processing file /home/akhilesh/py39/lib/python3.9/site-packages/airflow/example_dags/plugins/workday.py for tasks to queue
[2023-08-14T10:41:22.499+0200] {logging_mixin.py:150} INFO - [2023-08-14T10:41:22.499+0200] {dagbag.py:541} INFO - Filling up the DagBag from /home/akhilesh/py39/lib/python3.9/site-packages/airflow/example_dags/plugins/workday.py
[2023-08-14T10:41:22.999+0200] {processor.py:838} WARNING - No viable dags retrieved from /home/akhilesh/py39/lib/python3.9/site-packages/airflow/example_dags/plugins/workday.py
[2023-08-14T10:41:23.005+0200] {processor.py:179} INFO - Processing /home/akhilesh/py39/lib/python3.9/site-packages/airflow/example_dags/plugins/workday.py took 0.520 seconds
[2023-08-14T10:42:09.678+0200] {processor.py:157} INFO - Started process (PID=457681) to work on /home/akhilesh/py39/lib/python3.9/site-packages/airflow/example_dags/plugins/workday.py
[2023-08-14T10:42:09.687+0200] {processor.py:826} INFO - Processing file /home/akhilesh/py39/lib/python3.9/site-packages/airflow/example_dags/plugins/workday.py for tasks to queue
[2023-08-14T10:42:09.688+0200] {logging_mixin.py:150} INFO - [2023-08-14T10:42:09.688+0200] {dagbag.py:541} INFO - Filling up the DagBag from /home/akhilesh/py39/lib/python3.9/site-packages/airflow/example_dags/plugins/workday.py
[2023-08-14T10:42:10.048+0200] {processor.py:838} WARNING - No viable dags retrieved from /home/akhilesh/py39/lib/python3.9/site-packages/airflow/example_dags/plugins/workday.py
[2023-08-14T10:42:10.052+0200] {processor.py:179} INFO - Processing /home/akhilesh/py39/lib/python3.9/site-packages/airflow/example_dags/plugins/workday.py took 0.378 seconds
[2023-08-14T10:44:13.693+0200] {processor.py:157} INFO - Started process (PID=458173) to work on /home/akhilesh/py39/lib/python3.9/site-packages/airflow/example_dags/plugins/workday.py
[2023-08-14T10:44:13.702+0200] {processor.py:826} INFO - Processing file /home/akhilesh/py39/lib/python3.9/site-packages/airflow/example_dags/plugins/workday.py for tasks to queue
[2023-08-14T10:44:13.704+0200] {logging_mixin.py:150} INFO - [2023-08-14T10:44:13.703+0200] {dagbag.py:541} INFO - Filling up the DagBag from /home/akhilesh/py39/lib/python3.9/site-packages/airflow/example_dags/plugins/workday.py
[2023-08-14T10:44:14.160+0200] {processor.py:838} WARNING - No viable dags retrieved from /home/akhilesh/py39/lib/python3.9/site-packages/airflow/example_dags/plugins/workday.py
[2023-08-14T10:44:14.167+0200] {processor.py:179} INFO - Processing /home/akhilesh/py39/lib/python3.9/site-packages/airflow/example_dags/plugins/workday.py took 0.477 seconds
[2023-08-14T10:45:01.374+0200] {processor.py:157} INFO - Started process (PID=458411) to work on /home/akhilesh/py39/lib/python3.9/site-packages/airflow/example_dags/plugins/workday.py
[2023-08-14T10:45:01.377+0200] {processor.py:826} INFO - Processing file /home/akhilesh/py39/lib/python3.9/site-packages/airflow/example_dags/plugins/workday.py for tasks to queue
[2023-08-14T10:45:01.379+0200] {logging_mixin.py:150} INFO - [2023-08-14T10:45:01.378+0200] {dagbag.py:541} INFO - Filling up the DagBag from /home/akhilesh/py39/lib/python3.9/site-packages/airflow/example_dags/plugins/workday.py
[2023-08-14T10:45:01.818+0200] {processor.py:838} WARNING - No viable dags retrieved from /home/akhilesh/py39/lib/python3.9/site-packages/airflow/example_dags/plugins/workday.py
[2023-08-14T10:45:01.825+0200] {processor.py:179} INFO - Processing /home/akhilesh/py39/lib/python3.9/site-packages/airflow/example_dags/plugins/workday.py took 0.455 seconds
[2023-08-14T10:45:46.610+0200] {processor.py:157} INFO - Started process (PID=458557) to work on /home/akhilesh/py39/lib/python3.9/site-packages/airflow/example_dags/plugins/workday.py
[2023-08-14T10:45:46.620+0200] {processor.py:826} INFO - Processing file /home/akhilesh/py39/lib/python3.9/site-packages/airflow/example_dags/plugins/workday.py for tasks to queue
[2023-08-14T10:45:46.621+0200] {logging_mixin.py:150} INFO - [2023-08-14T10:45:46.621+0200] {dagbag.py:541} INFO - Filling up the DagBag from /home/akhilesh/py39/lib/python3.9/site-packages/airflow/example_dags/plugins/workday.py
[2023-08-14T10:45:47.106+0200] {processor.py:838} WARNING - No viable dags retrieved from /home/akhilesh/py39/lib/python3.9/site-packages/airflow/example_dags/plugins/workday.py
[2023-08-14T10:45:47.113+0200] {processor.py:179} INFO - Processing /home/akhilesh/py39/lib/python3.9/site-packages/airflow/example_dags/plugins/workday.py took 0.507 seconds
[2023-08-14T10:46:33.605+0200] {processor.py:157} INFO - Started process (PID=458830) to work on /home/akhilesh/py39/lib/python3.9/site-packages/airflow/example_dags/plugins/workday.py
[2023-08-14T10:46:33.614+0200] {processor.py:826} INFO - Processing file /home/akhilesh/py39/lib/python3.9/site-packages/airflow/example_dags/plugins/workday.py for tasks to queue
[2023-08-14T10:46:33.615+0200] {logging_mixin.py:150} INFO - [2023-08-14T10:46:33.615+0200] {dagbag.py:541} INFO - Filling up the DagBag from /home/akhilesh/py39/lib/python3.9/site-packages/airflow/example_dags/plugins/workday.py
[2023-08-14T10:46:34.075+0200] {processor.py:838} WARNING - No viable dags retrieved from /home/akhilesh/py39/lib/python3.9/site-packages/airflow/example_dags/plugins/workday.py
[2023-08-14T10:46:34.082+0200] {processor.py:179} INFO - Processing /home/akhilesh/py39/lib/python3.9/site-packages/airflow/example_dags/plugins/workday.py took 0.481 seconds
[2023-08-14T10:47:23.605+0200] {processor.py:157} INFO - Started process (PID=458982) to work on /home/akhilesh/py39/lib/python3.9/site-packages/airflow/example_dags/plugins/workday.py
[2023-08-14T10:47:23.613+0200] {processor.py:826} INFO - Processing file /home/akhilesh/py39/lib/python3.9/site-packages/airflow/example_dags/plugins/workday.py for tasks to queue
[2023-08-14T10:47:23.614+0200] {logging_mixin.py:150} INFO - [2023-08-14T10:47:23.614+0200] {dagbag.py:541} INFO - Filling up the DagBag from /home/akhilesh/py39/lib/python3.9/site-packages/airflow/example_dags/plugins/workday.py
[2023-08-14T10:47:23.922+0200] {processor.py:838} WARNING - No viable dags retrieved from /home/akhilesh/py39/lib/python3.9/site-packages/airflow/example_dags/plugins/workday.py
[2023-08-14T10:47:23.926+0200] {processor.py:179} INFO - Processing /home/akhilesh/py39/lib/python3.9/site-packages/airflow/example_dags/plugins/workday.py took 0.325 seconds
[2023-08-14T10:47:59.718+0200] {processor.py:157} INFO - Started process (PID=459137) to work on /home/akhilesh/py39/lib/python3.9/site-packages/airflow/example_dags/plugins/workday.py
[2023-08-14T10:47:59.727+0200] {processor.py:826} INFO - Processing file /home/akhilesh/py39/lib/python3.9/site-packages/airflow/example_dags/plugins/workday.py for tasks to queue
[2023-08-14T10:47:59.729+0200] {logging_mixin.py:150} INFO - [2023-08-14T10:47:59.728+0200] {dagbag.py:541} INFO - Filling up the DagBag from /home/akhilesh/py39/lib/python3.9/site-packages/airflow/example_dags/plugins/workday.py
[2023-08-14T10:48:00.109+0200] {processor.py:838} WARNING - No viable dags retrieved from /home/akhilesh/py39/lib/python3.9/site-packages/airflow/example_dags/plugins/workday.py
[2023-08-14T10:48:00.113+0200] {processor.py:179} INFO - Processing /home/akhilesh/py39/lib/python3.9/site-packages/airflow/example_dags/plugins/workday.py took 0.399 seconds
[2023-08-14T10:48:36.880+0200] {processor.py:157} INFO - Started process (PID=459240) to work on /home/akhilesh/py39/lib/python3.9/site-packages/airflow/example_dags/plugins/workday.py
[2023-08-14T10:48:36.889+0200] {processor.py:826} INFO - Processing file /home/akhilesh/py39/lib/python3.9/site-packages/airflow/example_dags/plugins/workday.py for tasks to queue
[2023-08-14T10:48:36.890+0200] {logging_mixin.py:150} INFO - [2023-08-14T10:48:36.890+0200] {dagbag.py:541} INFO - Filling up the DagBag from /home/akhilesh/py39/lib/python3.9/site-packages/airflow/example_dags/plugins/workday.py
[2023-08-14T10:48:37.362+0200] {processor.py:838} WARNING - No viable dags retrieved from /home/akhilesh/py39/lib/python3.9/site-packages/airflow/example_dags/plugins/workday.py
[2023-08-14T10:48:37.369+0200] {processor.py:179} INFO - Processing /home/akhilesh/py39/lib/python3.9/site-packages/airflow/example_dags/plugins/workday.py took 0.494 seconds
[2023-08-14T10:49:14.337+0200] {processor.py:157} INFO - Started process (PID=459369) to work on /home/akhilesh/py39/lib/python3.9/site-packages/airflow/example_dags/plugins/workday.py
[2023-08-14T10:49:14.346+0200] {processor.py:826} INFO - Processing file /home/akhilesh/py39/lib/python3.9/site-packages/airflow/example_dags/plugins/workday.py for tasks to queue
[2023-08-14T10:49:14.348+0200] {logging_mixin.py:150} INFO - [2023-08-14T10:49:14.347+0200] {dagbag.py:541} INFO - Filling up the DagBag from /home/akhilesh/py39/lib/python3.9/site-packages/airflow/example_dags/plugins/workday.py
[2023-08-14T10:49:14.805+0200] {processor.py:838} WARNING - No viable dags retrieved from /home/akhilesh/py39/lib/python3.9/site-packages/airflow/example_dags/plugins/workday.py
[2023-08-14T10:49:14.812+0200] {processor.py:179} INFO - Processing /home/akhilesh/py39/lib/python3.9/site-packages/airflow/example_dags/plugins/workday.py took 0.479 seconds
[2023-08-14T10:50:04.005+0200] {processor.py:157} INFO - Started process (PID=459515) to work on /home/akhilesh/py39/lib/python3.9/site-packages/airflow/example_dags/plugins/workday.py
[2023-08-14T10:50:04.014+0200] {processor.py:826} INFO - Processing file /home/akhilesh/py39/lib/python3.9/site-packages/airflow/example_dags/plugins/workday.py for tasks to queue
[2023-08-14T10:50:04.015+0200] {logging_mixin.py:150} INFO - [2023-08-14T10:50:04.015+0200] {dagbag.py:541} INFO - Filling up the DagBag from /home/akhilesh/py39/lib/python3.9/site-packages/airflow/example_dags/plugins/workday.py
[2023-08-14T10:50:04.333+0200] {processor.py:838} WARNING - No viable dags retrieved from /home/akhilesh/py39/lib/python3.9/site-packages/airflow/example_dags/plugins/workday.py
[2023-08-14T10:50:04.338+0200] {processor.py:179} INFO - Processing /home/akhilesh/py39/lib/python3.9/site-packages/airflow/example_dags/plugins/workday.py took 0.336 seconds
[2023-08-14T10:50:56.061+0200] {processor.py:157} INFO - Started process (PID=459742) to work on /home/akhilesh/py39/lib/python3.9/site-packages/airflow/example_dags/plugins/workday.py
[2023-08-14T10:50:56.071+0200] {processor.py:826} INFO - Processing file /home/akhilesh/py39/lib/python3.9/site-packages/airflow/example_dags/plugins/workday.py for tasks to queue
[2023-08-14T10:50:56.072+0200] {logging_mixin.py:150} INFO - [2023-08-14T10:50:56.071+0200] {dagbag.py:541} INFO - Filling up the DagBag from /home/akhilesh/py39/lib/python3.9/site-packages/airflow/example_dags/plugins/workday.py
[2023-08-14T10:50:56.483+0200] {processor.py:838} WARNING - No viable dags retrieved from /home/akhilesh/py39/lib/python3.9/site-packages/airflow/example_dags/plugins/workday.py
[2023-08-14T10:50:56.488+0200] {processor.py:179} INFO - Processing /home/akhilesh/py39/lib/python3.9/site-packages/airflow/example_dags/plugins/workday.py took 0.431 seconds
[2023-08-14T10:51:45.030+0200] {processor.py:157} INFO - Started process (PID=459870) to work on /home/akhilesh/py39/lib/python3.9/site-packages/airflow/example_dags/plugins/workday.py
[2023-08-14T10:51:45.039+0200] {processor.py:826} INFO - Processing file /home/akhilesh/py39/lib/python3.9/site-packages/airflow/example_dags/plugins/workday.py for tasks to queue
[2023-08-14T10:51:45.040+0200] {logging_mixin.py:150} INFO - [2023-08-14T10:51:45.039+0200] {dagbag.py:541} INFO - Filling up the DagBag from /home/akhilesh/py39/lib/python3.9/site-packages/airflow/example_dags/plugins/workday.py
[2023-08-14T10:51:45.399+0200] {processor.py:838} WARNING - No viable dags retrieved from /home/akhilesh/py39/lib/python3.9/site-packages/airflow/example_dags/plugins/workday.py
[2023-08-14T10:51:45.404+0200] {processor.py:179} INFO - Processing /home/akhilesh/py39/lib/python3.9/site-packages/airflow/example_dags/plugins/workday.py took 0.378 seconds
[2023-08-14T10:52:35.133+0200] {processor.py:157} INFO - Started process (PID=459977) to work on /home/akhilesh/py39/lib/python3.9/site-packages/airflow/example_dags/plugins/workday.py
[2023-08-14T10:52:35.142+0200] {processor.py:826} INFO - Processing file /home/akhilesh/py39/lib/python3.9/site-packages/airflow/example_dags/plugins/workday.py for tasks to queue
[2023-08-14T10:52:35.143+0200] {logging_mixin.py:150} INFO - [2023-08-14T10:52:35.143+0200] {dagbag.py:541} INFO - Filling up the DagBag from /home/akhilesh/py39/lib/python3.9/site-packages/airflow/example_dags/plugins/workday.py
[2023-08-14T10:52:35.493+0200] {processor.py:838} WARNING - No viable dags retrieved from /home/akhilesh/py39/lib/python3.9/site-packages/airflow/example_dags/plugins/workday.py
[2023-08-14T10:52:35.499+0200] {processor.py:179} INFO - Processing /home/akhilesh/py39/lib/python3.9/site-packages/airflow/example_dags/plugins/workday.py took 0.370 seconds
[2023-08-14T10:53:24.573+0200] {processor.py:157} INFO - Started process (PID=460183) to work on /home/akhilesh/py39/lib/python3.9/site-packages/airflow/example_dags/plugins/workday.py
[2023-08-14T10:53:24.582+0200] {processor.py:826} INFO - Processing file /home/akhilesh/py39/lib/python3.9/site-packages/airflow/example_dags/plugins/workday.py for tasks to queue
[2023-08-14T10:53:24.584+0200] {logging_mixin.py:150} INFO - [2023-08-14T10:53:24.583+0200] {dagbag.py:541} INFO - Filling up the DagBag from /home/akhilesh/py39/lib/python3.9/site-packages/airflow/example_dags/plugins/workday.py
[2023-08-14T10:53:25.147+0200] {processor.py:838} WARNING - No viable dags retrieved from /home/akhilesh/py39/lib/python3.9/site-packages/airflow/example_dags/plugins/workday.py
[2023-08-14T10:53:25.158+0200] {processor.py:179} INFO - Processing /home/akhilesh/py39/lib/python3.9/site-packages/airflow/example_dags/plugins/workday.py took 0.590 seconds
[2023-08-14T10:54:00.691+0200] {processor.py:157} INFO - Started process (PID=460309) to work on /home/akhilesh/py39/lib/python3.9/site-packages/airflow/example_dags/plugins/workday.py
[2023-08-14T10:54:00.700+0200] {processor.py:826} INFO - Processing file /home/akhilesh/py39/lib/python3.9/site-packages/airflow/example_dags/plugins/workday.py for tasks to queue
[2023-08-14T10:54:00.701+0200] {logging_mixin.py:150} INFO - [2023-08-14T10:54:00.701+0200] {dagbag.py:541} INFO - Filling up the DagBag from /home/akhilesh/py39/lib/python3.9/site-packages/airflow/example_dags/plugins/workday.py
[2023-08-14T10:54:01.208+0200] {processor.py:838} WARNING - No viable dags retrieved from /home/akhilesh/py39/lib/python3.9/site-packages/airflow/example_dags/plugins/workday.py
[2023-08-14T10:54:01.217+0200] {processor.py:179} INFO - Processing /home/akhilesh/py39/lib/python3.9/site-packages/airflow/example_dags/plugins/workday.py took 0.529 seconds
[2023-08-14T10:54:35.292+0200] {processor.py:157} INFO - Started process (PID=460432) to work on /home/akhilesh/py39/lib/python3.9/site-packages/airflow/example_dags/plugins/workday.py
[2023-08-14T10:54:35.301+0200] {processor.py:826} INFO - Processing file /home/akhilesh/py39/lib/python3.9/site-packages/airflow/example_dags/plugins/workday.py for tasks to queue
[2023-08-14T10:54:35.303+0200] {logging_mixin.py:150} INFO - [2023-08-14T10:54:35.302+0200] {dagbag.py:541} INFO - Filling up the DagBag from /home/akhilesh/py39/lib/python3.9/site-packages/airflow/example_dags/plugins/workday.py
[2023-08-14T10:54:35.689+0200] {processor.py:838} WARNING - No viable dags retrieved from /home/akhilesh/py39/lib/python3.9/site-packages/airflow/example_dags/plugins/workday.py
[2023-08-14T10:54:35.695+0200] {processor.py:179} INFO - Processing /home/akhilesh/py39/lib/python3.9/site-packages/airflow/example_dags/plugins/workday.py took 0.409 seconds
[2023-08-14T10:55:11.391+0200] {processor.py:157} INFO - Started process (PID=460558) to work on /home/akhilesh/py39/lib/python3.9/site-packages/airflow/example_dags/plugins/workday.py
[2023-08-14T10:55:11.401+0200] {processor.py:826} INFO - Processing file /home/akhilesh/py39/lib/python3.9/site-packages/airflow/example_dags/plugins/workday.py for tasks to queue
[2023-08-14T10:55:11.402+0200] {logging_mixin.py:150} INFO - [2023-08-14T10:55:11.401+0200] {dagbag.py:541} INFO - Filling up the DagBag from /home/akhilesh/py39/lib/python3.9/site-packages/airflow/example_dags/plugins/workday.py
[2023-08-14T10:55:11.767+0200] {processor.py:838} WARNING - No viable dags retrieved from /home/akhilesh/py39/lib/python3.9/site-packages/airflow/example_dags/plugins/workday.py
[2023-08-14T10:55:11.772+0200] {processor.py:179} INFO - Processing /home/akhilesh/py39/lib/python3.9/site-packages/airflow/example_dags/plugins/workday.py took 0.384 seconds
[2023-08-14T10:55:59.496+0200] {processor.py:157} INFO - Started process (PID=460690) to work on /home/akhilesh/py39/lib/python3.9/site-packages/airflow/example_dags/plugins/workday.py
[2023-08-14T10:55:59.505+0200] {processor.py:826} INFO - Processing file /home/akhilesh/py39/lib/python3.9/site-packages/airflow/example_dags/plugins/workday.py for tasks to queue
[2023-08-14T10:55:59.506+0200] {logging_mixin.py:150} INFO - [2023-08-14T10:55:59.506+0200] {dagbag.py:541} INFO - Filling up the DagBag from /home/akhilesh/py39/lib/python3.9/site-packages/airflow/example_dags/plugins/workday.py
[2023-08-14T10:55:59.877+0200] {processor.py:838} WARNING - No viable dags retrieved from /home/akhilesh/py39/lib/python3.9/site-packages/airflow/example_dags/plugins/workday.py
[2023-08-14T10:55:59.884+0200] {processor.py:179} INFO - Processing /home/akhilesh/py39/lib/python3.9/site-packages/airflow/example_dags/plugins/workday.py took 0.392 seconds
[2023-08-14T10:56:48.378+0200] {processor.py:157} INFO - Started process (PID=460907) to work on /home/akhilesh/py39/lib/python3.9/site-packages/airflow/example_dags/plugins/workday.py
[2023-08-14T10:56:48.387+0200] {processor.py:826} INFO - Processing file /home/akhilesh/py39/lib/python3.9/site-packages/airflow/example_dags/plugins/workday.py for tasks to queue
[2023-08-14T10:56:48.388+0200] {logging_mixin.py:150} INFO - [2023-08-14T10:56:48.388+0200] {dagbag.py:541} INFO - Filling up the DagBag from /home/akhilesh/py39/lib/python3.9/site-packages/airflow/example_dags/plugins/workday.py
[2023-08-14T10:56:48.727+0200] {processor.py:838} WARNING - No viable dags retrieved from /home/akhilesh/py39/lib/python3.9/site-packages/airflow/example_dags/plugins/workday.py
[2023-08-14T10:56:48.731+0200] {processor.py:179} INFO - Processing /home/akhilesh/py39/lib/python3.9/site-packages/airflow/example_dags/plugins/workday.py took 0.357 seconds
[2023-08-14T10:57:37.920+0200] {processor.py:157} INFO - Started process (PID=461038) to work on /home/akhilesh/py39/lib/python3.9/site-packages/airflow/example_dags/plugins/workday.py
[2023-08-14T10:57:37.929+0200] {processor.py:826} INFO - Processing file /home/akhilesh/py39/lib/python3.9/site-packages/airflow/example_dags/plugins/workday.py for tasks to queue
[2023-08-14T10:57:37.930+0200] {logging_mixin.py:150} INFO - [2023-08-14T10:57:37.930+0200] {dagbag.py:541} INFO - Filling up the DagBag from /home/akhilesh/py39/lib/python3.9/site-packages/airflow/example_dags/plugins/workday.py
[2023-08-14T10:57:38.302+0200] {processor.py:838} WARNING - No viable dags retrieved from /home/akhilesh/py39/lib/python3.9/site-packages/airflow/example_dags/plugins/workday.py
[2023-08-14T10:57:38.307+0200] {processor.py:179} INFO - Processing /home/akhilesh/py39/lib/python3.9/site-packages/airflow/example_dags/plugins/workday.py took 0.391 seconds
[2023-08-14T10:58:21.480+0200] {processor.py:157} INFO - Started process (PID=461266) to work on /home/akhilesh/py39/lib/python3.9/site-packages/airflow/example_dags/plugins/workday.py
[2023-08-14T10:58:21.482+0200] {processor.py:826} INFO - Processing file /home/akhilesh/py39/lib/python3.9/site-packages/airflow/example_dags/plugins/workday.py for tasks to queue
[2023-08-14T10:58:21.484+0200] {logging_mixin.py:150} INFO - [2023-08-14T10:58:21.483+0200] {dagbag.py:541} INFO - Filling up the DagBag from /home/akhilesh/py39/lib/python3.9/site-packages/airflow/example_dags/plugins/workday.py
[2023-08-14T10:58:21.838+0200] {processor.py:838} WARNING - No viable dags retrieved from /home/akhilesh/py39/lib/python3.9/site-packages/airflow/example_dags/plugins/workday.py
[2023-08-14T10:58:21.844+0200] {processor.py:179} INFO - Processing /home/akhilesh/py39/lib/python3.9/site-packages/airflow/example_dags/plugins/workday.py took 0.370 seconds
[2023-08-14T10:59:09.262+0200] {processor.py:157} INFO - Started process (PID=461411) to work on /home/akhilesh/py39/lib/python3.9/site-packages/airflow/example_dags/plugins/workday.py
[2023-08-14T10:59:09.271+0200] {processor.py:826} INFO - Processing file /home/akhilesh/py39/lib/python3.9/site-packages/airflow/example_dags/plugins/workday.py for tasks to queue
[2023-08-14T10:59:09.272+0200] {logging_mixin.py:150} INFO - [2023-08-14T10:59:09.272+0200] {dagbag.py:541} INFO - Filling up the DagBag from /home/akhilesh/py39/lib/python3.9/site-packages/airflow/example_dags/plugins/workday.py
[2023-08-14T10:59:09.670+0200] {processor.py:838} WARNING - No viable dags retrieved from /home/akhilesh/py39/lib/python3.9/site-packages/airflow/example_dags/plugins/workday.py
[2023-08-14T10:59:09.676+0200] {processor.py:179} INFO - Processing /home/akhilesh/py39/lib/python3.9/site-packages/airflow/example_dags/plugins/workday.py took 0.418 seconds
[2023-08-14T10:59:57.498+0200] {processor.py:157} INFO - Started process (PID=461596) to work on /home/akhilesh/py39/lib/python3.9/site-packages/airflow/example_dags/plugins/workday.py
[2023-08-14T10:59:57.507+0200] {processor.py:826} INFO - Processing file /home/akhilesh/py39/lib/python3.9/site-packages/airflow/example_dags/plugins/workday.py for tasks to queue
[2023-08-14T10:59:57.509+0200] {logging_mixin.py:150} INFO - [2023-08-14T10:59:57.508+0200] {dagbag.py:541} INFO - Filling up the DagBag from /home/akhilesh/py39/lib/python3.9/site-packages/airflow/example_dags/plugins/workday.py
[2023-08-14T10:59:57.839+0200] {processor.py:838} WARNING - No viable dags retrieved from /home/akhilesh/py39/lib/python3.9/site-packages/airflow/example_dags/plugins/workday.py
[2023-08-14T10:59:57.844+0200] {processor.py:179} INFO - Processing /home/akhilesh/py39/lib/python3.9/site-packages/airflow/example_dags/plugins/workday.py took 0.351 seconds
[2023-08-14T11:00:47.112+0200] {processor.py:157} INFO - Started process (PID=461719) to work on /home/akhilesh/py39/lib/python3.9/site-packages/airflow/example_dags/plugins/workday.py
[2023-08-14T11:00:47.121+0200] {processor.py:826} INFO - Processing file /home/akhilesh/py39/lib/python3.9/site-packages/airflow/example_dags/plugins/workday.py for tasks to queue
[2023-08-14T11:00:47.123+0200] {logging_mixin.py:150} INFO - [2023-08-14T11:00:47.122+0200] {dagbag.py:541} INFO - Filling up the DagBag from /home/akhilesh/py39/lib/python3.9/site-packages/airflow/example_dags/plugins/workday.py
[2023-08-14T11:00:47.510+0200] {processor.py:838} WARNING - No viable dags retrieved from /home/akhilesh/py39/lib/python3.9/site-packages/airflow/example_dags/plugins/workday.py
[2023-08-14T11:00:47.517+0200] {processor.py:179} INFO - Processing /home/akhilesh/py39/lib/python3.9/site-packages/airflow/example_dags/plugins/workday.py took 0.409 seconds
[2023-08-14T11:01:22.390+0200] {processor.py:157} INFO - Started process (PID=461832) to work on /home/akhilesh/py39/lib/python3.9/site-packages/airflow/example_dags/plugins/workday.py
[2023-08-14T11:01:22.399+0200] {processor.py:826} INFO - Processing file /home/akhilesh/py39/lib/python3.9/site-packages/airflow/example_dags/plugins/workday.py for tasks to queue
[2023-08-14T11:01:22.400+0200] {logging_mixin.py:150} INFO - [2023-08-14T11:01:22.399+0200] {dagbag.py:541} INFO - Filling up the DagBag from /home/akhilesh/py39/lib/python3.9/site-packages/airflow/example_dags/plugins/workday.py
[2023-08-14T11:01:22.844+0200] {processor.py:838} WARNING - No viable dags retrieved from /home/akhilesh/py39/lib/python3.9/site-packages/airflow/example_dags/plugins/workday.py
[2023-08-14T11:01:22.850+0200] {processor.py:179} INFO - Processing /home/akhilesh/py39/lib/python3.9/site-packages/airflow/example_dags/plugins/workday.py took 0.464 seconds
[2023-08-14T11:02:00.003+0200] {processor.py:157} INFO - Started process (PID=461993) to work on /home/akhilesh/py39/lib/python3.9/site-packages/airflow/example_dags/plugins/workday.py
[2023-08-14T11:02:00.012+0200] {processor.py:826} INFO - Processing file /home/akhilesh/py39/lib/python3.9/site-packages/airflow/example_dags/plugins/workday.py for tasks to queue
[2023-08-14T11:02:00.013+0200] {logging_mixin.py:150} INFO - [2023-08-14T11:02:00.013+0200] {dagbag.py:541} INFO - Filling up the DagBag from /home/akhilesh/py39/lib/python3.9/site-packages/airflow/example_dags/plugins/workday.py
[2023-08-14T11:02:00.335+0200] {processor.py:838} WARNING - No viable dags retrieved from /home/akhilesh/py39/lib/python3.9/site-packages/airflow/example_dags/plugins/workday.py
[2023-08-14T11:02:00.339+0200] {processor.py:179} INFO - Processing /home/akhilesh/py39/lib/python3.9/site-packages/airflow/example_dags/plugins/workday.py took 0.340 seconds
[2023-08-14T11:02:36.459+0200] {processor.py:157} INFO - Started process (PID=462092) to work on /home/akhilesh/py39/lib/python3.9/site-packages/airflow/example_dags/plugins/workday.py
[2023-08-14T11:02:36.468+0200] {processor.py:826} INFO - Processing file /home/akhilesh/py39/lib/python3.9/site-packages/airflow/example_dags/plugins/workday.py for tasks to queue
[2023-08-14T11:02:36.469+0200] {logging_mixin.py:150} INFO - [2023-08-14T11:02:36.469+0200] {dagbag.py:541} INFO - Filling up the DagBag from /home/akhilesh/py39/lib/python3.9/site-packages/airflow/example_dags/plugins/workday.py
[2023-08-14T11:02:36.863+0200] {processor.py:838} WARNING - No viable dags retrieved from /home/akhilesh/py39/lib/python3.9/site-packages/airflow/example_dags/plugins/workday.py
[2023-08-14T11:02:36.871+0200] {processor.py:179} INFO - Processing /home/akhilesh/py39/lib/python3.9/site-packages/airflow/example_dags/plugins/workday.py took 0.416 seconds
[2023-08-14T11:03:11.945+0200] {processor.py:157} INFO - Started process (PID=462214) to work on /home/akhilesh/py39/lib/python3.9/site-packages/airflow/example_dags/plugins/workday.py
[2023-08-14T11:03:11.955+0200] {processor.py:826} INFO - Processing file /home/akhilesh/py39/lib/python3.9/site-packages/airflow/example_dags/plugins/workday.py for tasks to queue
[2023-08-14T11:03:11.956+0200] {logging_mixin.py:150} INFO - [2023-08-14T11:03:11.956+0200] {dagbag.py:541} INFO - Filling up the DagBag from /home/akhilesh/py39/lib/python3.9/site-packages/airflow/example_dags/plugins/workday.py
[2023-08-14T11:03:12.309+0200] {processor.py:838} WARNING - No viable dags retrieved from /home/akhilesh/py39/lib/python3.9/site-packages/airflow/example_dags/plugins/workday.py
[2023-08-14T11:03:12.314+0200] {processor.py:179} INFO - Processing /home/akhilesh/py39/lib/python3.9/site-packages/airflow/example_dags/plugins/workday.py took 0.373 seconds
[2023-08-14T11:04:02.787+0200] {processor.py:157} INFO - Started process (PID=462343) to work on /home/akhilesh/py39/lib/python3.9/site-packages/airflow/example_dags/plugins/workday.py
[2023-08-14T11:04:02.788+0200] {processor.py:826} INFO - Processing file /home/akhilesh/py39/lib/python3.9/site-packages/airflow/example_dags/plugins/workday.py for tasks to queue
[2023-08-14T11:04:02.789+0200] {logging_mixin.py:150} INFO - [2023-08-14T11:04:02.789+0200] {dagbag.py:541} INFO - Filling up the DagBag from /home/akhilesh/py39/lib/python3.9/site-packages/airflow/example_dags/plugins/workday.py
[2023-08-14T11:04:03.224+0200] {processor.py:838} WARNING - No viable dags retrieved from /home/akhilesh/py39/lib/python3.9/site-packages/airflow/example_dags/plugins/workday.py
[2023-08-14T11:04:03.230+0200] {processor.py:179} INFO - Processing /home/akhilesh/py39/lib/python3.9/site-packages/airflow/example_dags/plugins/workday.py took 0.447 seconds
[2023-08-14T11:04:52.065+0200] {processor.py:157} INFO - Started process (PID=462468) to work on /home/akhilesh/py39/lib/python3.9/site-packages/airflow/example_dags/plugins/workday.py
[2023-08-14T11:04:52.075+0200] {processor.py:826} INFO - Processing file /home/akhilesh/py39/lib/python3.9/site-packages/airflow/example_dags/plugins/workday.py for tasks to queue
[2023-08-14T11:04:52.076+0200] {logging_mixin.py:150} INFO - [2023-08-14T11:04:52.075+0200] {dagbag.py:541} INFO - Filling up the DagBag from /home/akhilesh/py39/lib/python3.9/site-packages/airflow/example_dags/plugins/workday.py
[2023-08-14T11:04:52.525+0200] {processor.py:838} WARNING - No viable dags retrieved from /home/akhilesh/py39/lib/python3.9/site-packages/airflow/example_dags/plugins/workday.py
[2023-08-14T11:04:52.531+0200] {processor.py:179} INFO - Processing /home/akhilesh/py39/lib/python3.9/site-packages/airflow/example_dags/plugins/workday.py took 0.470 seconds
[2023-08-14T11:05:28.730+0200] {processor.py:157} INFO - Started process (PID=462568) to work on /home/akhilesh/py39/lib/python3.9/site-packages/airflow/example_dags/plugins/workday.py
[2023-08-14T11:05:28.732+0200] {processor.py:826} INFO - Processing file /home/akhilesh/py39/lib/python3.9/site-packages/airflow/example_dags/plugins/workday.py for tasks to queue
[2023-08-14T11:05:28.733+0200] {logging_mixin.py:150} INFO - [2023-08-14T11:05:28.732+0200] {dagbag.py:541} INFO - Filling up the DagBag from /home/akhilesh/py39/lib/python3.9/site-packages/airflow/example_dags/plugins/workday.py
[2023-08-14T11:05:29.180+0200] {processor.py:838} WARNING - No viable dags retrieved from /home/akhilesh/py39/lib/python3.9/site-packages/airflow/example_dags/plugins/workday.py
[2023-08-14T11:05:29.187+0200] {processor.py:179} INFO - Processing /home/akhilesh/py39/lib/python3.9/site-packages/airflow/example_dags/plugins/workday.py took 0.460 seconds
[2023-08-14T11:06:04.483+0200] {processor.py:157} INFO - Started process (PID=462659) to work on /home/akhilesh/py39/lib/python3.9/site-packages/airflow/example_dags/plugins/workday.py
[2023-08-14T11:06:04.492+0200] {processor.py:826} INFO - Processing file /home/akhilesh/py39/lib/python3.9/site-packages/airflow/example_dags/plugins/workday.py for tasks to queue
[2023-08-14T11:06:04.494+0200] {logging_mixin.py:150} INFO - [2023-08-14T11:06:04.493+0200] {dagbag.py:541} INFO - Filling up the DagBag from /home/akhilesh/py39/lib/python3.9/site-packages/airflow/example_dags/plugins/workday.py
[2023-08-14T11:06:04.856+0200] {processor.py:838} WARNING - No viable dags retrieved from /home/akhilesh/py39/lib/python3.9/site-packages/airflow/example_dags/plugins/workday.py
[2023-08-14T11:06:04.862+0200] {processor.py:179} INFO - Processing /home/akhilesh/py39/lib/python3.9/site-packages/airflow/example_dags/plugins/workday.py took 0.383 seconds
[2023-08-14T11:06:50.118+0200] {processor.py:157} INFO - Started process (PID=462862) to work on /home/akhilesh/py39/lib/python3.9/site-packages/airflow/example_dags/plugins/workday.py
[2023-08-14T11:06:50.127+0200] {processor.py:826} INFO - Processing file /home/akhilesh/py39/lib/python3.9/site-packages/airflow/example_dags/plugins/workday.py for tasks to queue
[2023-08-14T11:06:50.128+0200] {logging_mixin.py:150} INFO - [2023-08-14T11:06:50.128+0200] {dagbag.py:541} INFO - Filling up the DagBag from /home/akhilesh/py39/lib/python3.9/site-packages/airflow/example_dags/plugins/workday.py
[2023-08-14T11:06:50.468+0200] {processor.py:838} WARNING - No viable dags retrieved from /home/akhilesh/py39/lib/python3.9/site-packages/airflow/example_dags/plugins/workday.py
[2023-08-14T11:06:50.473+0200] {processor.py:179} INFO - Processing /home/akhilesh/py39/lib/python3.9/site-packages/airflow/example_dags/plugins/workday.py took 0.359 seconds
[2023-08-14T11:07:25.810+0200] {processor.py:157} INFO - Started process (PID=462996) to work on /home/akhilesh/py39/lib/python3.9/site-packages/airflow/example_dags/plugins/workday.py
[2023-08-14T11:07:25.819+0200] {processor.py:826} INFO - Processing file /home/akhilesh/py39/lib/python3.9/site-packages/airflow/example_dags/plugins/workday.py for tasks to queue
[2023-08-14T11:07:25.820+0200] {logging_mixin.py:150} INFO - [2023-08-14T11:07:25.820+0200] {dagbag.py:541} INFO - Filling up the DagBag from /home/akhilesh/py39/lib/python3.9/site-packages/airflow/example_dags/plugins/workday.py
[2023-08-14T11:07:26.161+0200] {processor.py:838} WARNING - No viable dags retrieved from /home/akhilesh/py39/lib/python3.9/site-packages/airflow/example_dags/plugins/workday.py
[2023-08-14T11:07:26.166+0200] {processor.py:179} INFO - Processing /home/akhilesh/py39/lib/python3.9/site-packages/airflow/example_dags/plugins/workday.py took 0.360 seconds
[2023-08-14T11:08:02.416+0200] {processor.py:157} INFO - Started process (PID=463081) to work on /home/akhilesh/py39/lib/python3.9/site-packages/airflow/example_dags/plugins/workday.py
[2023-08-14T11:08:02.425+0200] {processor.py:826} INFO - Processing file /home/akhilesh/py39/lib/python3.9/site-packages/airflow/example_dags/plugins/workday.py for tasks to queue
[2023-08-14T11:08:02.426+0200] {logging_mixin.py:150} INFO - [2023-08-14T11:08:02.426+0200] {dagbag.py:541} INFO - Filling up the DagBag from /home/akhilesh/py39/lib/python3.9/site-packages/airflow/example_dags/plugins/workday.py
[2023-08-14T11:08:02.813+0200] {processor.py:838} WARNING - No viable dags retrieved from /home/akhilesh/py39/lib/python3.9/site-packages/airflow/example_dags/plugins/workday.py
[2023-08-14T11:08:02.817+0200] {processor.py:179} INFO - Processing /home/akhilesh/py39/lib/python3.9/site-packages/airflow/example_dags/plugins/workday.py took 0.406 seconds
[2023-08-14T11:08:52.050+0200] {processor.py:157} INFO - Started process (PID=463255) to work on /home/akhilesh/py39/lib/python3.9/site-packages/airflow/example_dags/plugins/workday.py
[2023-08-14T11:08:52.059+0200] {processor.py:826} INFO - Processing file /home/akhilesh/py39/lib/python3.9/site-packages/airflow/example_dags/plugins/workday.py for tasks to queue
[2023-08-14T11:08:52.060+0200] {logging_mixin.py:150} INFO - [2023-08-14T11:08:52.060+0200] {dagbag.py:541} INFO - Filling up the DagBag from /home/akhilesh/py39/lib/python3.9/site-packages/airflow/example_dags/plugins/workday.py
[2023-08-14T11:08:52.513+0200] {processor.py:838} WARNING - No viable dags retrieved from /home/akhilesh/py39/lib/python3.9/site-packages/airflow/example_dags/plugins/workday.py
[2023-08-14T11:08:52.517+0200] {processor.py:179} INFO - Processing /home/akhilesh/py39/lib/python3.9/site-packages/airflow/example_dags/plugins/workday.py took 0.471 seconds
[2023-08-14T11:10:40.366+0200] {processor.py:157} INFO - Started process (PID=463611) to work on /home/akhilesh/py39/lib/python3.9/site-packages/airflow/example_dags/plugins/workday.py
[2023-08-14T11:10:40.375+0200] {processor.py:826} INFO - Processing file /home/akhilesh/py39/lib/python3.9/site-packages/airflow/example_dags/plugins/workday.py for tasks to queue
[2023-08-14T11:10:40.376+0200] {logging_mixin.py:150} INFO - [2023-08-14T11:10:40.376+0200] {dagbag.py:541} INFO - Filling up the DagBag from /home/akhilesh/py39/lib/python3.9/site-packages/airflow/example_dags/plugins/workday.py
[2023-08-14T11:10:40.676+0200] {processor.py:838} WARNING - No viable dags retrieved from /home/akhilesh/py39/lib/python3.9/site-packages/airflow/example_dags/plugins/workday.py
[2023-08-14T11:10:40.683+0200] {processor.py:179} INFO - Processing /home/akhilesh/py39/lib/python3.9/site-packages/airflow/example_dags/plugins/workday.py took 0.321 seconds
[2023-08-14T11:11:43.901+0200] {processor.py:157} INFO - Started process (PID=463925) to work on /home/akhilesh/py39/lib/python3.9/site-packages/airflow/example_dags/plugins/workday.py
[2023-08-14T11:11:43.911+0200] {processor.py:826} INFO - Processing file /home/akhilesh/py39/lib/python3.9/site-packages/airflow/example_dags/plugins/workday.py for tasks to queue
[2023-08-14T11:11:43.912+0200] {logging_mixin.py:150} INFO - [2023-08-14T11:11:43.911+0200] {dagbag.py:541} INFO - Filling up the DagBag from /home/akhilesh/py39/lib/python3.9/site-packages/airflow/example_dags/plugins/workday.py
[2023-08-14T11:11:44.193+0200] {processor.py:838} WARNING - No viable dags retrieved from /home/akhilesh/py39/lib/python3.9/site-packages/airflow/example_dags/plugins/workday.py
[2023-08-14T11:11:44.204+0200] {processor.py:179} INFO - Processing /home/akhilesh/py39/lib/python3.9/site-packages/airflow/example_dags/plugins/workday.py took 0.307 seconds
[2023-08-14T11:12:31.144+0200] {processor.py:157} INFO - Started process (PID=464130) to work on /home/akhilesh/py39/lib/python3.9/site-packages/airflow/example_dags/plugins/workday.py
[2023-08-14T11:12:31.146+0200] {processor.py:826} INFO - Processing file /home/akhilesh/py39/lib/python3.9/site-packages/airflow/example_dags/plugins/workday.py for tasks to queue
[2023-08-14T11:12:31.147+0200] {logging_mixin.py:150} INFO - [2023-08-14T11:12:31.147+0200] {dagbag.py:541} INFO - Filling up the DagBag from /home/akhilesh/py39/lib/python3.9/site-packages/airflow/example_dags/plugins/workday.py
[2023-08-14T11:12:31.390+0200] {processor.py:838} WARNING - No viable dags retrieved from /home/akhilesh/py39/lib/python3.9/site-packages/airflow/example_dags/plugins/workday.py
[2023-08-14T11:12:31.398+0200] {processor.py:179} INFO - Processing /home/akhilesh/py39/lib/python3.9/site-packages/airflow/example_dags/plugins/workday.py took 0.257 seconds
[2023-08-14T11:13:31.879+0200] {processor.py:157} INFO - Started process (PID=464477) to work on /home/akhilesh/py39/lib/python3.9/site-packages/airflow/example_dags/plugins/workday.py
[2023-08-14T11:13:31.881+0200] {processor.py:826} INFO - Processing file /home/akhilesh/py39/lib/python3.9/site-packages/airflow/example_dags/plugins/workday.py for tasks to queue
[2023-08-14T11:13:31.882+0200] {logging_mixin.py:150} INFO - [2023-08-14T11:13:31.882+0200] {dagbag.py:541} INFO - Filling up the DagBag from /home/akhilesh/py39/lib/python3.9/site-packages/airflow/example_dags/plugins/workday.py
[2023-08-14T11:13:32.181+0200] {processor.py:838} WARNING - No viable dags retrieved from /home/akhilesh/py39/lib/python3.9/site-packages/airflow/example_dags/plugins/workday.py
[2023-08-14T11:13:32.198+0200] {processor.py:179} INFO - Processing /home/akhilesh/py39/lib/python3.9/site-packages/airflow/example_dags/plugins/workday.py took 0.323 seconds
[2023-08-14T11:15:10.216+0200] {processor.py:157} INFO - Started process (PID=464809) to work on /home/akhilesh/py39/lib/python3.9/site-packages/airflow/example_dags/plugins/workday.py
[2023-08-14T11:15:10.225+0200] {processor.py:826} INFO - Processing file /home/akhilesh/py39/lib/python3.9/site-packages/airflow/example_dags/plugins/workday.py for tasks to queue
[2023-08-14T11:15:10.227+0200] {logging_mixin.py:150} INFO - [2023-08-14T11:15:10.226+0200] {dagbag.py:541} INFO - Filling up the DagBag from /home/akhilesh/py39/lib/python3.9/site-packages/airflow/example_dags/plugins/workday.py
[2023-08-14T11:15:10.794+0200] {processor.py:838} WARNING - No viable dags retrieved from /home/akhilesh/py39/lib/python3.9/site-packages/airflow/example_dags/plugins/workday.py
[2023-08-14T11:15:10.802+0200] {processor.py:179} INFO - Processing /home/akhilesh/py39/lib/python3.9/site-packages/airflow/example_dags/plugins/workday.py took 0.590 seconds
[2023-08-14T11:15:56.747+0200] {processor.py:157} INFO - Started process (PID=464977) to work on /home/akhilesh/py39/lib/python3.9/site-packages/airflow/example_dags/plugins/workday.py
[2023-08-14T11:15:56.756+0200] {processor.py:826} INFO - Processing file /home/akhilesh/py39/lib/python3.9/site-packages/airflow/example_dags/plugins/workday.py for tasks to queue
[2023-08-14T11:15:56.758+0200] {logging_mixin.py:150} INFO - [2023-08-14T11:15:56.757+0200] {dagbag.py:541} INFO - Filling up the DagBag from /home/akhilesh/py39/lib/python3.9/site-packages/airflow/example_dags/plugins/workday.py
[2023-08-14T11:15:57.160+0200] {processor.py:838} WARNING - No viable dags retrieved from /home/akhilesh/py39/lib/python3.9/site-packages/airflow/example_dags/plugins/workday.py
[2023-08-14T11:15:57.166+0200] {processor.py:179} INFO - Processing /home/akhilesh/py39/lib/python3.9/site-packages/airflow/example_dags/plugins/workday.py took 0.422 seconds
[2023-08-14T11:16:45.015+0200] {processor.py:157} INFO - Started process (PID=465083) to work on /home/akhilesh/py39/lib/python3.9/site-packages/airflow/example_dags/plugins/workday.py
[2023-08-14T11:16:45.024+0200] {processor.py:826} INFO - Processing file /home/akhilesh/py39/lib/python3.9/site-packages/airflow/example_dags/plugins/workday.py for tasks to queue
[2023-08-14T11:16:45.025+0200] {logging_mixin.py:150} INFO - [2023-08-14T11:16:45.025+0200] {dagbag.py:541} INFO - Filling up the DagBag from /home/akhilesh/py39/lib/python3.9/site-packages/airflow/example_dags/plugins/workday.py
[2023-08-14T11:16:45.408+0200] {processor.py:838} WARNING - No viable dags retrieved from /home/akhilesh/py39/lib/python3.9/site-packages/airflow/example_dags/plugins/workday.py
[2023-08-14T11:16:45.414+0200] {processor.py:179} INFO - Processing /home/akhilesh/py39/lib/python3.9/site-packages/airflow/example_dags/plugins/workday.py took 0.404 seconds
[2023-08-14T11:17:21.577+0200] {processor.py:157} INFO - Started process (PID=465213) to work on /home/akhilesh/py39/lib/python3.9/site-packages/airflow/example_dags/plugins/workday.py
[2023-08-14T11:17:21.578+0200] {processor.py:826} INFO - Processing file /home/akhilesh/py39/lib/python3.9/site-packages/airflow/example_dags/plugins/workday.py for tasks to queue
[2023-08-14T11:17:21.579+0200] {logging_mixin.py:150} INFO - [2023-08-14T11:17:21.579+0200] {dagbag.py:541} INFO - Filling up the DagBag from /home/akhilesh/py39/lib/python3.9/site-packages/airflow/example_dags/plugins/workday.py
[2023-08-14T11:17:21.922+0200] {processor.py:838} WARNING - No viable dags retrieved from /home/akhilesh/py39/lib/python3.9/site-packages/airflow/example_dags/plugins/workday.py
[2023-08-14T11:17:21.926+0200] {processor.py:179} INFO - Processing /home/akhilesh/py39/lib/python3.9/site-packages/airflow/example_dags/plugins/workday.py took 0.354 seconds
[2023-08-14T11:17:57.355+0200] {processor.py:157} INFO - Started process (PID=465299) to work on /home/akhilesh/py39/lib/python3.9/site-packages/airflow/example_dags/plugins/workday.py
[2023-08-14T11:17:57.364+0200] {processor.py:826} INFO - Processing file /home/akhilesh/py39/lib/python3.9/site-packages/airflow/example_dags/plugins/workday.py for tasks to queue
[2023-08-14T11:17:57.366+0200] {logging_mixin.py:150} INFO - [2023-08-14T11:17:57.365+0200] {dagbag.py:541} INFO - Filling up the DagBag from /home/akhilesh/py39/lib/python3.9/site-packages/airflow/example_dags/plugins/workday.py
[2023-08-14T11:17:57.811+0200] {processor.py:838} WARNING - No viable dags retrieved from /home/akhilesh/py39/lib/python3.9/site-packages/airflow/example_dags/plugins/workday.py
[2023-08-14T11:17:57.819+0200] {processor.py:179} INFO - Processing /home/akhilesh/py39/lib/python3.9/site-packages/airflow/example_dags/plugins/workday.py took 0.468 seconds
[2023-08-14T11:18:31.854+0200] {processor.py:157} INFO - Started process (PID=465451) to work on /home/akhilesh/py39/lib/python3.9/site-packages/airflow/example_dags/plugins/workday.py
[2023-08-14T11:18:31.863+0200] {processor.py:826} INFO - Processing file /home/akhilesh/py39/lib/python3.9/site-packages/airflow/example_dags/plugins/workday.py for tasks to queue
[2023-08-14T11:18:31.864+0200] {logging_mixin.py:150} INFO - [2023-08-14T11:18:31.863+0200] {dagbag.py:541} INFO - Filling up the DagBag from /home/akhilesh/py39/lib/python3.9/site-packages/airflow/example_dags/plugins/workday.py
[2023-08-14T11:18:32.291+0200] {processor.py:838} WARNING - No viable dags retrieved from /home/akhilesh/py39/lib/python3.9/site-packages/airflow/example_dags/plugins/workday.py
[2023-08-14T11:18:32.298+0200] {processor.py:179} INFO - Processing /home/akhilesh/py39/lib/python3.9/site-packages/airflow/example_dags/plugins/workday.py took 0.448 seconds
[2023-08-14T11:19:22.044+0200] {processor.py:157} INFO - Started process (PID=465702) to work on /home/akhilesh/py39/lib/python3.9/site-packages/airflow/example_dags/plugins/workday.py
[2023-08-14T11:19:22.046+0200] {processor.py:826} INFO - Processing file /home/akhilesh/py39/lib/python3.9/site-packages/airflow/example_dags/plugins/workday.py for tasks to queue
[2023-08-14T11:19:22.047+0200] {logging_mixin.py:150} INFO - [2023-08-14T11:19:22.046+0200] {dagbag.py:541} INFO - Filling up the DagBag from /home/akhilesh/py39/lib/python3.9/site-packages/airflow/example_dags/plugins/workday.py
[2023-08-14T11:19:22.351+0200] {processor.py:838} WARNING - No viable dags retrieved from /home/akhilesh/py39/lib/python3.9/site-packages/airflow/example_dags/plugins/workday.py
[2023-08-14T11:19:22.355+0200] {processor.py:179} INFO - Processing /home/akhilesh/py39/lib/python3.9/site-packages/airflow/example_dags/plugins/workday.py took 0.315 seconds
[2023-08-14T11:20:38.023+0200] {processor.py:157} INFO - Started process (PID=465948) to work on /home/akhilesh/py39/lib/python3.9/site-packages/airflow/example_dags/plugins/workday.py
[2023-08-14T11:20:38.032+0200] {processor.py:826} INFO - Processing file /home/akhilesh/py39/lib/python3.9/site-packages/airflow/example_dags/plugins/workday.py for tasks to queue
[2023-08-14T11:20:38.034+0200] {logging_mixin.py:150} INFO - [2023-08-14T11:20:38.033+0200] {dagbag.py:541} INFO - Filling up the DagBag from /home/akhilesh/py39/lib/python3.9/site-packages/airflow/example_dags/plugins/workday.py
[2023-08-14T11:20:38.367+0200] {processor.py:838} WARNING - No viable dags retrieved from /home/akhilesh/py39/lib/python3.9/site-packages/airflow/example_dags/plugins/workday.py
[2023-08-14T11:20:38.371+0200] {processor.py:179} INFO - Processing /home/akhilesh/py39/lib/python3.9/site-packages/airflow/example_dags/plugins/workday.py took 0.352 seconds
[2023-08-14T11:21:21.136+0200] {processor.py:157} INFO - Started process (PID=466098) to work on /home/akhilesh/py39/lib/python3.9/site-packages/airflow/example_dags/plugins/workday.py
[2023-08-14T11:21:21.137+0200] {processor.py:826} INFO - Processing file /home/akhilesh/py39/lib/python3.9/site-packages/airflow/example_dags/plugins/workday.py for tasks to queue
[2023-08-14T11:21:21.138+0200] {logging_mixin.py:150} INFO - [2023-08-14T11:21:21.138+0200] {dagbag.py:541} INFO - Filling up the DagBag from /home/akhilesh/py39/lib/python3.9/site-packages/airflow/example_dags/plugins/workday.py
[2023-08-14T11:21:21.570+0200] {processor.py:838} WARNING - No viable dags retrieved from /home/akhilesh/py39/lib/python3.9/site-packages/airflow/example_dags/plugins/workday.py
[2023-08-14T11:21:21.575+0200] {processor.py:179} INFO - Processing /home/akhilesh/py39/lib/python3.9/site-packages/airflow/example_dags/plugins/workday.py took 0.443 seconds
[2023-08-14T11:22:09.238+0200] {processor.py:157} INFO - Started process (PID=466246) to work on /home/akhilesh/py39/lib/python3.9/site-packages/airflow/example_dags/plugins/workday.py
[2023-08-14T11:22:09.247+0200] {processor.py:826} INFO - Processing file /home/akhilesh/py39/lib/python3.9/site-packages/airflow/example_dags/plugins/workday.py for tasks to queue
[2023-08-14T11:22:09.248+0200] {logging_mixin.py:150} INFO - [2023-08-14T11:22:09.248+0200] {dagbag.py:541} INFO - Filling up the DagBag from /home/akhilesh/py39/lib/python3.9/site-packages/airflow/example_dags/plugins/workday.py
[2023-08-14T11:22:09.635+0200] {processor.py:838} WARNING - No viable dags retrieved from /home/akhilesh/py39/lib/python3.9/site-packages/airflow/example_dags/plugins/workday.py
[2023-08-14T11:22:09.639+0200] {processor.py:179} INFO - Processing /home/akhilesh/py39/lib/python3.9/site-packages/airflow/example_dags/plugins/workday.py took 0.406 seconds
[2023-08-14T11:22:47.181+0200] {processor.py:157} INFO - Started process (PID=466331) to work on /home/akhilesh/py39/lib/python3.9/site-packages/airflow/example_dags/plugins/workday.py
[2023-08-14T11:22:47.182+0200] {processor.py:826} INFO - Processing file /home/akhilesh/py39/lib/python3.9/site-packages/airflow/example_dags/plugins/workday.py for tasks to queue
[2023-08-14T11:22:47.183+0200] {logging_mixin.py:150} INFO - [2023-08-14T11:22:47.183+0200] {dagbag.py:541} INFO - Filling up the DagBag from /home/akhilesh/py39/lib/python3.9/site-packages/airflow/example_dags/plugins/workday.py
[2023-08-14T11:22:47.617+0200] {processor.py:838} WARNING - No viable dags retrieved from /home/akhilesh/py39/lib/python3.9/site-packages/airflow/example_dags/plugins/workday.py
[2023-08-14T11:22:47.624+0200] {processor.py:179} INFO - Processing /home/akhilesh/py39/lib/python3.9/site-packages/airflow/example_dags/plugins/workday.py took 0.447 seconds
[2023-08-14T11:23:22.643+0200] {processor.py:157} INFO - Started process (PID=466822) to work on /home/akhilesh/py39/lib/python3.9/site-packages/airflow/example_dags/plugins/workday.py
[2023-08-14T11:23:22.652+0200] {processor.py:826} INFO - Processing file /home/akhilesh/py39/lib/python3.9/site-packages/airflow/example_dags/plugins/workday.py for tasks to queue
[2023-08-14T11:23:22.654+0200] {logging_mixin.py:150} INFO - [2023-08-14T11:23:22.653+0200] {dagbag.py:541} INFO - Filling up the DagBag from /home/akhilesh/py39/lib/python3.9/site-packages/airflow/example_dags/plugins/workday.py
[2023-08-14T11:23:23.102+0200] {processor.py:838} WARNING - No viable dags retrieved from /home/akhilesh/py39/lib/python3.9/site-packages/airflow/example_dags/plugins/workday.py
[2023-08-14T11:23:23.108+0200] {processor.py:179} INFO - Processing /home/akhilesh/py39/lib/python3.9/site-packages/airflow/example_dags/plugins/workday.py took 0.468 seconds
[2023-08-14T11:24:12.217+0200] {processor.py:157} INFO - Started process (PID=467147) to work on /home/akhilesh/py39/lib/python3.9/site-packages/airflow/example_dags/plugins/workday.py
[2023-08-14T11:24:12.218+0200] {processor.py:826} INFO - Processing file /home/akhilesh/py39/lib/python3.9/site-packages/airflow/example_dags/plugins/workday.py for tasks to queue
[2023-08-14T11:24:12.219+0200] {logging_mixin.py:150} INFO - [2023-08-14T11:24:12.219+0200] {dagbag.py:541} INFO - Filling up the DagBag from /home/akhilesh/py39/lib/python3.9/site-packages/airflow/example_dags/plugins/workday.py
[2023-08-14T11:24:12.575+0200] {processor.py:838} WARNING - No viable dags retrieved from /home/akhilesh/py39/lib/python3.9/site-packages/airflow/example_dags/plugins/workday.py
[2023-08-14T11:24:12.580+0200] {processor.py:179} INFO - Processing /home/akhilesh/py39/lib/python3.9/site-packages/airflow/example_dags/plugins/workday.py took 0.366 seconds
[2023-08-14T11:25:01.240+0200] {processor.py:157} INFO - Started process (PID=467402) to work on /home/akhilesh/py39/lib/python3.9/site-packages/airflow/example_dags/plugins/workday.py
[2023-08-14T11:25:01.249+0200] {processor.py:826} INFO - Processing file /home/akhilesh/py39/lib/python3.9/site-packages/airflow/example_dags/plugins/workday.py for tasks to queue
[2023-08-14T11:25:01.250+0200] {logging_mixin.py:150} INFO - [2023-08-14T11:25:01.249+0200] {dagbag.py:541} INFO - Filling up the DagBag from /home/akhilesh/py39/lib/python3.9/site-packages/airflow/example_dags/plugins/workday.py
[2023-08-14T11:25:01.705+0200] {processor.py:838} WARNING - No viable dags retrieved from /home/akhilesh/py39/lib/python3.9/site-packages/airflow/example_dags/plugins/workday.py
[2023-08-14T11:25:01.711+0200] {processor.py:179} INFO - Processing /home/akhilesh/py39/lib/python3.9/site-packages/airflow/example_dags/plugins/workday.py took 0.475 seconds
