[2023-08-14T11:19:26.446+0200] {taskinstance.py:1103} INFO - Dependencies all met for dep_context=non-requeueable deps ti=<TaskInstance: hp_pipeline.scrape manual__2023-08-14T09:19:23.426147+00:00 [queued]>
[2023-08-14T11:19:26.451+0200] {taskinstance.py:1103} INFO - Dependencies all met for dep_context=requeueable deps ti=<TaskInstance: hp_pipeline.scrape manual__2023-08-14T09:19:23.426147+00:00 [queued]>
[2023-08-14T11:19:26.451+0200] {taskinstance.py:1308} INFO - Starting attempt 1 of 1
[2023-08-14T11:19:26.470+0200] {taskinstance.py:1327} INFO - Executing <Task(BashOperator): scrape> on 2023-08-14 09:19:23.426147+00:00
[2023-08-14T11:19:26.475+0200] {standard_task_runner.py:57} INFO - Started process 465754 to run task
[2023-08-14T11:19:26.478+0200] {standard_task_runner.py:84} INFO - Running: ['airflow', 'tasks', 'run', 'hp_pipeline', 'scrape', 'manual__2023-08-14T09:19:23.426147+00:00', '--job-id', '32', '--raw', '--subdir', 'DAGS_FOLDER/hp_pipeline.py', '--cfg-path', '/tmp/tmp4w0vqrmz']
[2023-08-14T11:19:26.480+0200] {standard_task_runner.py:85} INFO - Job 32: Subtask scrape
[2023-08-14T11:19:26.534+0200] {task_command.py:410} INFO - Running <TaskInstance: hp_pipeline.scrape manual__2023-08-14T09:19:23.426147+00:00 [running]> on host akhilesh-ThinkPad-E14-Gen-3
[2023-08-14T11:19:26.615+0200] {taskinstance.py:1545} INFO - Exporting env vars: AIRFLOW_CTX_DAG_OWNER='airflow' AIRFLOW_CTX_DAG_ID='hp_pipeline' AIRFLOW_CTX_TASK_ID='scrape' AIRFLOW_CTX_EXECUTION_DATE='2023-08-14T09:19:23.426147+00:00' AIRFLOW_CTX_TRY_NUMBER='1' AIRFLOW_CTX_DAG_RUN_ID='manual__2023-08-14T09:19:23.426147+00:00'
[2023-08-14T11:19:26.617+0200] {subprocess.py:63} INFO - Tmp dir root location: /tmp
[2023-08-14T11:19:26.618+0200] {subprocess.py:75} INFO - Running command: ['/usr/bin/bash', '-c', 'cd /home/akhilesh/personal/Assignment/Scripts/scrapers && source /home/akhilesh/py39/bin/activate && scrapy crawl hp_treasury']
[2023-08-14T11:19:26.629+0200] {subprocess.py:86} INFO - Output:
[2023-08-14T11:19:26.935+0200] {subprocess.py:93} INFO - 2023-08-14 11:19:26 [scrapy.utils.log] INFO: Scrapy 2.10.0 started (bot: hp-scraper)
[2023-08-14T11:19:26.939+0200] {subprocess.py:93} INFO - 2023-08-14 11:19:26 [scrapy.utils.log] INFO: Versions: lxml 4.9.3.0, libxml2 2.10.3, cssselect 1.2.0, parsel 1.8.1, w3lib 2.1.2, Twisted 22.10.0, Python 3.9.13 | packaged by conda-forge | (main, May 27 2022, 16:58:50) - [GCC 10.3.0], pyOpenSSL 23.2.0 (OpenSSL 3.1.2 1 Aug 2023), cryptography 41.0.3, Platform Linux-5.15.0-76-generic-x86_64-with-glibc2.31
[2023-08-14T11:19:26.943+0200] {subprocess.py:93} INFO - 2023-08-14 11:19:26 [scrapy.addons] INFO: Enabled addons:
[2023-08-14T11:19:26.943+0200] {subprocess.py:93} INFO - []
[2023-08-14T11:19:26.944+0200] {subprocess.py:93} INFO - 2023-08-14 11:19:26 [scrapy.crawler] INFO: Overridden settings:
[2023-08-14T11:19:26.944+0200] {subprocess.py:93} INFO - {'BOT_NAME': 'hp-scraper',
[2023-08-14T11:19:26.944+0200] {subprocess.py:93} INFO -  'DOWNLOAD_DELAY': 1,
[2023-08-14T11:19:26.944+0200] {subprocess.py:93} INFO -  'NEWSPIDER_MODULE': 'scrapers.spiders',
[2023-08-14T11:19:26.944+0200] {subprocess.py:93} INFO -  'ROBOTSTXT_OBEY': True,
[2023-08-14T11:19:26.944+0200] {subprocess.py:93} INFO -  'SPIDER_MODULES': ['scrapers.spiders']}
[2023-08-14T11:19:26.945+0200] {subprocess.py:93} INFO - 2023-08-14 11:19:26 [py.warnings] WARNING: /home/akhilesh/py39/lib/python3.9/site-packages/scrapy/utils/request.py:248: ScrapyDeprecationWarning: '2.6' is a deprecated value for the 'REQUEST_FINGERPRINTER_IMPLEMENTATION' setting.
[2023-08-14T11:19:26.945+0200] {subprocess.py:93} INFO - 
[2023-08-14T11:19:26.945+0200] {subprocess.py:93} INFO - It is also the default value. In other words, it is normal to get this warning if you have not defined a value for the 'REQUEST_FINGERPRINTER_IMPLEMENTATION' setting. This is so for backward compatibility reasons, but it will change in a future version of Scrapy.
[2023-08-14T11:19:26.945+0200] {subprocess.py:93} INFO - 
[2023-08-14T11:19:26.945+0200] {subprocess.py:93} INFO - See the documentation of the 'REQUEST_FINGERPRINTER_IMPLEMENTATION' setting for information on how to handle this deprecation.
[2023-08-14T11:19:26.946+0200] {subprocess.py:93} INFO -   return cls(crawler)
[2023-08-14T11:19:26.946+0200] {subprocess.py:93} INFO - 
[2023-08-14T11:19:26.947+0200] {subprocess.py:93} INFO - 2023-08-14 11:19:26 [scrapy.utils.log] DEBUG: Using reactor: twisted.internet.epollreactor.EPollReactor
[2023-08-14T11:19:26.953+0200] {subprocess.py:93} INFO - 2023-08-14 11:19:26 [scrapy.extensions.telnet] INFO: Telnet Password: 4dd0d8d84c3e55f0
[2023-08-14T11:19:26.995+0200] {subprocess.py:93} INFO - 2023-08-14 11:19:26 [scrapy.middleware] INFO: Enabled extensions:
[2023-08-14T11:19:26.995+0200] {subprocess.py:93} INFO - ['scrapy.extensions.corestats.CoreStats',
[2023-08-14T11:19:26.995+0200] {subprocess.py:93} INFO -  'scrapy.extensions.telnet.TelnetConsole',
[2023-08-14T11:19:26.995+0200] {subprocess.py:93} INFO -  'scrapy.extensions.memusage.MemoryUsage',
[2023-08-14T11:19:26.995+0200] {subprocess.py:93} INFO -  'scrapy.extensions.logstats.LogStats']
[2023-08-14T11:19:27.035+0200] {subprocess.py:93} INFO - 2023-08-14 11:19:27 [scrapy.middleware] INFO: Enabled downloader middlewares:
[2023-08-14T11:19:27.036+0200] {subprocess.py:93} INFO - ['scrapy.downloadermiddlewares.robotstxt.RobotsTxtMiddleware',
[2023-08-14T11:19:27.036+0200] {subprocess.py:93} INFO -  'scrapy.downloadermiddlewares.httpauth.HttpAuthMiddleware',
[2023-08-14T11:19:27.036+0200] {subprocess.py:93} INFO -  'scrapy.downloadermiddlewares.downloadtimeout.DownloadTimeoutMiddleware',
[2023-08-14T11:19:27.036+0200] {subprocess.py:93} INFO -  'scrapy.downloadermiddlewares.defaultheaders.DefaultHeadersMiddleware',
[2023-08-14T11:19:27.036+0200] {subprocess.py:93} INFO -  'scrapy.downloadermiddlewares.useragent.UserAgentMiddleware',
[2023-08-14T11:19:27.036+0200] {subprocess.py:93} INFO -  'scrapy.downloadermiddlewares.retry.RetryMiddleware',
[2023-08-14T11:19:27.036+0200] {subprocess.py:93} INFO -  'scrapy.downloadermiddlewares.redirect.MetaRefreshMiddleware',
[2023-08-14T11:19:27.036+0200] {subprocess.py:93} INFO -  'scrapy.downloadermiddlewares.httpcompression.HttpCompressionMiddleware',
[2023-08-14T11:19:27.036+0200] {subprocess.py:93} INFO -  'scrapy.downloadermiddlewares.redirect.RedirectMiddleware',
[2023-08-14T11:19:27.036+0200] {subprocess.py:93} INFO -  'scrapy.downloadermiddlewares.cookies.CookiesMiddleware',
[2023-08-14T11:19:27.037+0200] {subprocess.py:93} INFO -  'scrapy.downloadermiddlewares.httpproxy.HttpProxyMiddleware',
[2023-08-14T11:19:27.037+0200] {subprocess.py:93} INFO -  'scrapy.downloadermiddlewares.stats.DownloaderStats']
[2023-08-14T11:19:27.037+0200] {subprocess.py:93} INFO - 2023-08-14 11:19:27 [scrapy.middleware] INFO: Enabled spider middlewares:
[2023-08-14T11:19:27.037+0200] {subprocess.py:93} INFO - ['scrapy.spidermiddlewares.httperror.HttpErrorMiddleware',
[2023-08-14T11:19:27.037+0200] {subprocess.py:93} INFO -  'scrapy.spidermiddlewares.offsite.OffsiteMiddleware',
[2023-08-14T11:19:27.037+0200] {subprocess.py:93} INFO -  'scrapy.spidermiddlewares.referer.RefererMiddleware',
[2023-08-14T11:19:27.037+0200] {subprocess.py:93} INFO -  'scrapy.spidermiddlewares.urllength.UrlLengthMiddleware',
[2023-08-14T11:19:27.037+0200] {subprocess.py:93} INFO -  'scrapy.spidermiddlewares.depth.DepthMiddleware']
[2023-08-14T11:19:27.037+0200] {subprocess.py:93} INFO - 2023-08-14 11:19:27 [scrapy.middleware] INFO: Enabled item pipelines:
[2023-08-14T11:19:27.037+0200] {subprocess.py:93} INFO - []
[2023-08-14T11:19:27.037+0200] {subprocess.py:93} INFO - 2023-08-14 11:19:27 [scrapy.core.engine] INFO: Spider opened
[2023-08-14T11:19:27.039+0200] {subprocess.py:93} INFO - 2023-08-14 11:19:27 [scrapy.extensions.logstats] INFO: Crawled 0 pages (at 0 pages/min), scraped 0 items (at 0 items/min)
[2023-08-14T11:19:27.040+0200] {subprocess.py:93} INFO - 2023-08-14 11:19:27 [scrapy.extensions.telnet] INFO: Telnet console listening on 127.0.0.1:6023
[2023-08-14T11:19:27.925+0200] {subprocess.py:93} INFO - 2023-08-14 11:19:27 [scrapy.core.engine] DEBUG: Crawled (404) <GET https://himkosh.nic.in/robots.txt> (referer: None)
[2023-08-14T11:19:27.925+0200] {subprocess.py:93} INFO - 2023-08-14 11:19:27 [protego] DEBUG: Rule at line 1 without any user agent to enforce it on.
[2023-08-14T11:19:27.925+0200] {subprocess.py:93} INFO - 2023-08-14 11:19:27 [protego] DEBUG: Rule at line 2 without any user agent to enforce it on.
[2023-08-14T11:19:27.926+0200] {subprocess.py:93} INFO - 2023-08-14 11:19:27 [protego] DEBUG: Rule at line 8 without any user agent to enforce it on.
[2023-08-14T11:19:27.926+0200] {subprocess.py:93} INFO - 2023-08-14 11:19:27 [protego] DEBUG: Rule at line 9 without any user agent to enforce it on.
[2023-08-14T11:19:27.926+0200] {subprocess.py:93} INFO - 2023-08-14 11:19:27 [protego] DEBUG: Rule at line 10 without any user agent to enforce it on.
[2023-08-14T11:19:27.926+0200] {subprocess.py:93} INFO - 2023-08-14 11:19:27 [protego] DEBUG: Rule at line 11 without any user agent to enforce it on.
[2023-08-14T11:19:27.926+0200] {subprocess.py:93} INFO - 2023-08-14 11:19:27 [protego] DEBUG: Rule at line 12 without any user agent to enforce it on.
[2023-08-14T11:19:28.756+0200] {subprocess.py:93} INFO - 2023-08-14 11:19:28 [scrapy.core.engine] DEBUG: Crawled (200) <GET https://himkosh.nic.in/eHPOLTIS/PublicReports/wfrmBudgetAllocationbyFD.aspx> (referer: None)
[2023-08-14T11:20:09.917+0200] {subprocess.py:93} INFO - 2023-08-14 11:20:09 [scrapy.core.engine] DEBUG: Crawled (200) <POST https://himkosh.nic.in/eHPOLTIS/PublicReports/wfrmBudgetAllocationbyFD.aspx> (referer: https://himkosh.nic.in/eHPOLTIS/PublicReports/wfrmBudgetAllocationbyFD.aspx)
[2023-08-14T11:20:11.943+0200] {subprocess.py:93} INFO - 2023-08-14 11:20:11 [scrapy.core.engine] INFO: Closing spider (finished)
[2023-08-14T11:20:11.944+0200] {subprocess.py:93} INFO - 2023-08-14 11:20:11 [scrapy.statscollectors] INFO: Dumping Scrapy stats:
[2023-08-14T11:20:11.944+0200] {subprocess.py:93} INFO - {'downloader/request_bytes': 5083,
[2023-08-14T11:20:11.944+0200] {subprocess.py:93} INFO -  'downloader/request_count': 3,
[2023-08-14T11:20:11.944+0200] {subprocess.py:93} INFO -  'downloader/request_method_count/GET': 2,
[2023-08-14T11:20:11.944+0200] {subprocess.py:93} INFO -  'downloader/request_method_count/POST': 1,
[2023-08-14T11:20:11.944+0200] {subprocess.py:93} INFO -  'downloader/response_bytes': 3057651,
[2023-08-14T11:20:11.944+0200] {subprocess.py:93} INFO -  'downloader/response_count': 3,
[2023-08-14T11:20:11.944+0200] {subprocess.py:93} INFO -  'downloader/response_status_count/200': 2,
[2023-08-14T11:20:11.944+0200] {subprocess.py:93} INFO -  'downloader/response_status_count/404': 1,
[2023-08-14T11:20:11.945+0200] {subprocess.py:93} INFO -  'elapsed_time_seconds': 44.904353,
[2023-08-14T11:20:11.945+0200] {subprocess.py:93} INFO -  'finish_reason': 'finished',
[2023-08-14T11:20:11.945+0200] {subprocess.py:93} INFO -  'finish_time': datetime.datetime(2023, 8, 14, 9, 20, 11, 943815),
[2023-08-14T11:20:11.945+0200] {subprocess.py:93} INFO -  'log_count/DEBUG': 11,
[2023-08-14T11:20:11.945+0200] {subprocess.py:93} INFO -  'log_count/INFO': 10,
[2023-08-14T11:20:11.945+0200] {subprocess.py:93} INFO -  'log_count/WARNING': 1,
[2023-08-14T11:20:11.945+0200] {subprocess.py:93} INFO -  'memusage/max': 123383808,
[2023-08-14T11:20:11.945+0200] {subprocess.py:93} INFO -  'memusage/startup': 123383808,
[2023-08-14T11:20:11.945+0200] {subprocess.py:93} INFO -  'request_depth_max': 1,
[2023-08-14T11:20:11.945+0200] {subprocess.py:93} INFO -  'response_received_count': 3,
[2023-08-14T11:20:11.945+0200] {subprocess.py:93} INFO -  'robotstxt/request_count': 1,
[2023-08-14T11:20:11.945+0200] {subprocess.py:93} INFO -  'robotstxt/response_count': 1,
[2023-08-14T11:20:11.946+0200] {subprocess.py:93} INFO -  'robotstxt/response_status_count/404': 1,
[2023-08-14T11:20:11.946+0200] {subprocess.py:93} INFO -  'scheduler/dequeued': 2,
[2023-08-14T11:20:11.946+0200] {subprocess.py:93} INFO -  'scheduler/dequeued/memory': 2,
[2023-08-14T11:20:11.946+0200] {subprocess.py:93} INFO -  'scheduler/enqueued': 2,
[2023-08-14T11:20:11.946+0200] {subprocess.py:93} INFO -  'scheduler/enqueued/memory': 2,
[2023-08-14T11:20:11.946+0200] {subprocess.py:93} INFO -  'start_time': datetime.datetime(2023, 8, 14, 9, 19, 27, 39462)}
[2023-08-14T11:20:11.946+0200] {subprocess.py:93} INFO - 2023-08-14 11:20:11 [scrapy.core.engine] INFO: Spider closed (finished)
[2023-08-14T11:20:13.094+0200] {subprocess.py:97} INFO - Command exited with return code 0
[2023-08-14T11:20:13.128+0200] {taskinstance.py:1345} INFO - Marking task as SUCCESS. dag_id=hp_pipeline, task_id=scrape, execution_date=20230814T091923, start_date=20230814T091926, end_date=20230814T092013
[2023-08-14T11:20:13.168+0200] {local_task_job_runner.py:225} INFO - Task exited with return code 0
[2023-08-14T11:20:13.188+0200] {taskinstance.py:2653} INFO - 1 downstream tasks scheduled from follow-on schedule check
