[2023-08-13T23:28:44.970+0200] {taskinstance.py:1103} INFO - Dependencies all met for dep_context=non-requeueable deps ti=<TaskInstance: hp_pipeline.scrape manual__2023-08-13T21:28:42.360381+00:00 [queued]>
[2023-08-13T23:28:44.974+0200] {taskinstance.py:1103} INFO - Dependencies all met for dep_context=requeueable deps ti=<TaskInstance: hp_pipeline.scrape manual__2023-08-13T21:28:42.360381+00:00 [queued]>
[2023-08-13T23:28:44.974+0200] {taskinstance.py:1308} INFO - Starting attempt 1 of 1
[2023-08-13T23:28:45.007+0200] {taskinstance.py:1327} INFO - Executing <Task(BashOperator): scrape> on 2023-08-13 21:28:42.360381+00:00
[2023-08-13T23:28:45.013+0200] {standard_task_runner.py:57} INFO - Started process 432902 to run task
[2023-08-13T23:28:45.017+0200] {standard_task_runner.py:84} INFO - Running: ['airflow', 'tasks', 'run', 'hp_pipeline', 'scrape', 'manual__2023-08-13T21:28:42.360381+00:00', '--job-id', '9', '--raw', '--subdir', 'DAGS_FOLDER/hp_pipeline.py', '--cfg-path', '/tmp/tmpgpi_4s2q']
[2023-08-13T23:28:45.018+0200] {standard_task_runner.py:85} INFO - Job 9: Subtask scrape
[2023-08-13T23:28:45.088+0200] {task_command.py:410} INFO - Running <TaskInstance: hp_pipeline.scrape manual__2023-08-13T21:28:42.360381+00:00 [running]> on host akhilesh-ThinkPad-E14-Gen-3
[2023-08-13T23:28:45.154+0200] {taskinstance.py:1545} INFO - Exporting env vars: AIRFLOW_CTX_DAG_OWNER='airflow' AIRFLOW_CTX_DAG_ID='hp_pipeline' AIRFLOW_CTX_TASK_ID='scrape' AIRFLOW_CTX_EXECUTION_DATE='2023-08-13T21:28:42.360381+00:00' AIRFLOW_CTX_TRY_NUMBER='1' AIRFLOW_CTX_DAG_RUN_ID='manual__2023-08-13T21:28:42.360381+00:00'
[2023-08-13T23:28:45.156+0200] {subprocess.py:63} INFO - Tmp dir root location: /tmp
[2023-08-13T23:28:45.157+0200] {subprocess.py:75} INFO - Running command: ['/usr/bin/bash', '-c', 'echo $scraper_path && cd $scraper_path && scrapy crawl hp_treasury']
[2023-08-13T23:28:45.167+0200] {subprocess.py:86} INFO - Output:
[2023-08-13T23:28:45.168+0200] {subprocess.py:93} INFO - 
[2023-08-13T23:28:45.501+0200] {subprocess.py:93} INFO - Scrapy 2.10.0 - no active project
[2023-08-13T23:28:45.502+0200] {subprocess.py:93} INFO - 
[2023-08-13T23:28:45.502+0200] {subprocess.py:93} INFO - Unknown command: crawl
[2023-08-13T23:28:45.502+0200] {subprocess.py:93} INFO - 
[2023-08-13T23:28:45.502+0200] {subprocess.py:93} INFO - Use "scrapy" to see available commands
[2023-08-13T23:28:45.593+0200] {subprocess.py:97} INFO - Command exited with return code 2
[2023-08-13T23:28:45.602+0200] {taskinstance.py:1824} ERROR - Task failed with exception
Traceback (most recent call last):
  File "/home/akhilesh/py39/lib/python3.9/site-packages/airflow/operators/bash.py", line 210, in execute
    raise AirflowException(
airflow.exceptions.AirflowException: Bash command failed. The command returned a non-zero exit code 2.
[2023-08-13T23:28:45.606+0200] {taskinstance.py:1345} INFO - Marking task as FAILED. dag_id=hp_pipeline, task_id=scrape, execution_date=20230813T212842, start_date=20230813T212844, end_date=20230813T212845
[2023-08-13T23:28:45.623+0200] {standard_task_runner.py:104} ERROR - Failed to execute job 9 for task scrape (Bash command failed. The command returned a non-zero exit code 2.; 432902)
[2023-08-13T23:28:45.671+0200] {local_task_job_runner.py:225} INFO - Task exited with return code 1
[2023-08-13T23:28:45.692+0200] {taskinstance.py:2653} INFO - 0 downstream tasks scheduled from follow-on schedule check
