[2023-08-13T23:08:05.672+0200] {processor.py:157} INFO - Started process (PID=427310) to work on /home/akhilesh/py39/lib/python3.9/site-packages/airflow/example_dags/subdags/subdag.py
[2023-08-13T23:08:05.673+0200] {processor.py:826} INFO - Processing file /home/akhilesh/py39/lib/python3.9/site-packages/airflow/example_dags/subdags/subdag.py for tasks to queue
[2023-08-13T23:08:05.674+0200] {logging_mixin.py:150} INFO - [2023-08-13T23:08:05.674+0200] {dagbag.py:541} INFO - Filling up the DagBag from /home/akhilesh/py39/lib/python3.9/site-packages/airflow/example_dags/subdags/subdag.py
[2023-08-13T23:08:05.676+0200] {processor.py:838} WARNING - No viable dags retrieved from /home/akhilesh/py39/lib/python3.9/site-packages/airflow/example_dags/subdags/subdag.py
[2023-08-13T23:08:05.682+0200] {processor.py:179} INFO - Processing /home/akhilesh/py39/lib/python3.9/site-packages/airflow/example_dags/subdags/subdag.py took 0.014 seconds
[2023-08-13T23:08:56.497+0200] {processor.py:157} INFO - Started process (PID=427541) to work on /home/akhilesh/py39/lib/python3.9/site-packages/airflow/example_dags/subdags/subdag.py
[2023-08-13T23:08:56.506+0200] {processor.py:826} INFO - Processing file /home/akhilesh/py39/lib/python3.9/site-packages/airflow/example_dags/subdags/subdag.py for tasks to queue
[2023-08-13T23:08:56.508+0200] {logging_mixin.py:150} INFO - [2023-08-13T23:08:56.507+0200] {dagbag.py:541} INFO - Filling up the DagBag from /home/akhilesh/py39/lib/python3.9/site-packages/airflow/example_dags/subdags/subdag.py
[2023-08-13T23:08:56.510+0200] {processor.py:838} WARNING - No viable dags retrieved from /home/akhilesh/py39/lib/python3.9/site-packages/airflow/example_dags/subdags/subdag.py
[2023-08-13T23:08:56.522+0200] {processor.py:179} INFO - Processing /home/akhilesh/py39/lib/python3.9/site-packages/airflow/example_dags/subdags/subdag.py took 0.029 seconds
[2023-08-13T23:09:43.532+0200] {processor.py:157} INFO - Started process (PID=427655) to work on /home/akhilesh/py39/lib/python3.9/site-packages/airflow/example_dags/subdags/subdag.py
[2023-08-13T23:09:43.541+0200] {processor.py:826} INFO - Processing file /home/akhilesh/py39/lib/python3.9/site-packages/airflow/example_dags/subdags/subdag.py for tasks to queue
[2023-08-13T23:09:43.542+0200] {logging_mixin.py:150} INFO - [2023-08-13T23:09:43.542+0200] {dagbag.py:541} INFO - Filling up the DagBag from /home/akhilesh/py39/lib/python3.9/site-packages/airflow/example_dags/subdags/subdag.py
[2023-08-13T23:09:43.545+0200] {processor.py:838} WARNING - No viable dags retrieved from /home/akhilesh/py39/lib/python3.9/site-packages/airflow/example_dags/subdags/subdag.py
[2023-08-13T23:09:43.555+0200] {processor.py:179} INFO - Processing /home/akhilesh/py39/lib/python3.9/site-packages/airflow/example_dags/subdags/subdag.py took 0.027 seconds
[2023-08-13T23:10:19.672+0200] {processor.py:157} INFO - Started process (PID=427845) to work on /home/akhilesh/py39/lib/python3.9/site-packages/airflow/example_dags/subdags/subdag.py
[2023-08-13T23:10:19.681+0200] {processor.py:826} INFO - Processing file /home/akhilesh/py39/lib/python3.9/site-packages/airflow/example_dags/subdags/subdag.py for tasks to queue
[2023-08-13T23:10:19.682+0200] {logging_mixin.py:150} INFO - [2023-08-13T23:10:19.682+0200] {dagbag.py:541} INFO - Filling up the DagBag from /home/akhilesh/py39/lib/python3.9/site-packages/airflow/example_dags/subdags/subdag.py
[2023-08-13T23:10:19.685+0200] {processor.py:838} WARNING - No viable dags retrieved from /home/akhilesh/py39/lib/python3.9/site-packages/airflow/example_dags/subdags/subdag.py
[2023-08-13T23:10:19.694+0200] {processor.py:179} INFO - Processing /home/akhilesh/py39/lib/python3.9/site-packages/airflow/example_dags/subdags/subdag.py took 0.025 seconds
[2023-08-13T23:10:56.417+0200] {processor.py:157} INFO - Started process (PID=428012) to work on /home/akhilesh/py39/lib/python3.9/site-packages/airflow/example_dags/subdags/subdag.py
[2023-08-13T23:10:56.426+0200] {processor.py:826} INFO - Processing file /home/akhilesh/py39/lib/python3.9/site-packages/airflow/example_dags/subdags/subdag.py for tasks to queue
[2023-08-13T23:10:56.427+0200] {logging_mixin.py:150} INFO - [2023-08-13T23:10:56.427+0200] {dagbag.py:541} INFO - Filling up the DagBag from /home/akhilesh/py39/lib/python3.9/site-packages/airflow/example_dags/subdags/subdag.py
[2023-08-13T23:10:56.429+0200] {processor.py:838} WARNING - No viable dags retrieved from /home/akhilesh/py39/lib/python3.9/site-packages/airflow/example_dags/subdags/subdag.py
[2023-08-13T23:10:56.442+0200] {processor.py:179} INFO - Processing /home/akhilesh/py39/lib/python3.9/site-packages/airflow/example_dags/subdags/subdag.py took 0.028 seconds
[2023-08-13T23:11:41.397+0200] {processor.py:157} INFO - Started process (PID=428148) to work on /home/akhilesh/py39/lib/python3.9/site-packages/airflow/example_dags/subdags/subdag.py
[2023-08-13T23:11:41.398+0200] {processor.py:826} INFO - Processing file /home/akhilesh/py39/lib/python3.9/site-packages/airflow/example_dags/subdags/subdag.py for tasks to queue
[2023-08-13T23:11:41.399+0200] {logging_mixin.py:150} INFO - [2023-08-13T23:11:41.399+0200] {dagbag.py:541} INFO - Filling up the DagBag from /home/akhilesh/py39/lib/python3.9/site-packages/airflow/example_dags/subdags/subdag.py
[2023-08-13T23:11:41.401+0200] {processor.py:838} WARNING - No viable dags retrieved from /home/akhilesh/py39/lib/python3.9/site-packages/airflow/example_dags/subdags/subdag.py
[2023-08-13T23:11:41.409+0200] {processor.py:179} INFO - Processing /home/akhilesh/py39/lib/python3.9/site-packages/airflow/example_dags/subdags/subdag.py took 0.015 seconds
[2023-08-13T23:13:52.589+0200] {processor.py:157} INFO - Started process (PID=428995) to work on /home/akhilesh/py39/lib/python3.9/site-packages/airflow/example_dags/subdags/subdag.py
[2023-08-13T23:13:52.598+0200] {processor.py:826} INFO - Processing file /home/akhilesh/py39/lib/python3.9/site-packages/airflow/example_dags/subdags/subdag.py for tasks to queue
[2023-08-13T23:13:52.600+0200] {logging_mixin.py:150} INFO - [2023-08-13T23:13:52.599+0200] {dagbag.py:541} INFO - Filling up the DagBag from /home/akhilesh/py39/lib/python3.9/site-packages/airflow/example_dags/subdags/subdag.py
[2023-08-13T23:13:52.602+0200] {processor.py:838} WARNING - No viable dags retrieved from /home/akhilesh/py39/lib/python3.9/site-packages/airflow/example_dags/subdags/subdag.py
[2023-08-13T23:13:52.611+0200] {processor.py:179} INFO - Processing /home/akhilesh/py39/lib/python3.9/site-packages/airflow/example_dags/subdags/subdag.py took 0.025 seconds
[2023-08-13T23:14:41.444+0200] {processor.py:157} INFO - Started process (PID=429409) to work on /home/akhilesh/py39/lib/python3.9/site-packages/airflow/example_dags/subdags/subdag.py
[2023-08-13T23:14:41.453+0200] {processor.py:826} INFO - Processing file /home/akhilesh/py39/lib/python3.9/site-packages/airflow/example_dags/subdags/subdag.py for tasks to queue
[2023-08-13T23:14:41.455+0200] {logging_mixin.py:150} INFO - [2023-08-13T23:14:41.454+0200] {dagbag.py:541} INFO - Filling up the DagBag from /home/akhilesh/py39/lib/python3.9/site-packages/airflow/example_dags/subdags/subdag.py
[2023-08-13T23:14:41.457+0200] {processor.py:838} WARNING - No viable dags retrieved from /home/akhilesh/py39/lib/python3.9/site-packages/airflow/example_dags/subdags/subdag.py
[2023-08-13T23:14:41.471+0200] {processor.py:179} INFO - Processing /home/akhilesh/py39/lib/python3.9/site-packages/airflow/example_dags/subdags/subdag.py took 0.030 seconds
[2023-08-13T23:15:41.159+0200] {processor.py:157} INFO - Started process (PID=429967) to work on /home/akhilesh/py39/lib/python3.9/site-packages/airflow/example_dags/subdags/subdag.py
[2023-08-13T23:15:41.160+0200] {processor.py:826} INFO - Processing file /home/akhilesh/py39/lib/python3.9/site-packages/airflow/example_dags/subdags/subdag.py for tasks to queue
[2023-08-13T23:15:41.161+0200] {logging_mixin.py:150} INFO - [2023-08-13T23:15:41.161+0200] {dagbag.py:541} INFO - Filling up the DagBag from /home/akhilesh/py39/lib/python3.9/site-packages/airflow/example_dags/subdags/subdag.py
[2023-08-13T23:15:41.162+0200] {processor.py:838} WARNING - No viable dags retrieved from /home/akhilesh/py39/lib/python3.9/site-packages/airflow/example_dags/subdags/subdag.py
[2023-08-13T23:15:41.169+0200] {processor.py:179} INFO - Processing /home/akhilesh/py39/lib/python3.9/site-packages/airflow/example_dags/subdags/subdag.py took 0.014 seconds
[2023-08-13T23:16:27.496+0200] {processor.py:157} INFO - Started process (PID=430097) to work on /home/akhilesh/py39/lib/python3.9/site-packages/airflow/example_dags/subdags/subdag.py
[2023-08-13T23:16:27.498+0200] {processor.py:826} INFO - Processing file /home/akhilesh/py39/lib/python3.9/site-packages/airflow/example_dags/subdags/subdag.py for tasks to queue
[2023-08-13T23:16:27.498+0200] {logging_mixin.py:150} INFO - [2023-08-13T23:16:27.498+0200] {dagbag.py:541} INFO - Filling up the DagBag from /home/akhilesh/py39/lib/python3.9/site-packages/airflow/example_dags/subdags/subdag.py
[2023-08-13T23:16:27.499+0200] {processor.py:838} WARNING - No viable dags retrieved from /home/akhilesh/py39/lib/python3.9/site-packages/airflow/example_dags/subdags/subdag.py
[2023-08-13T23:16:27.506+0200] {processor.py:179} INFO - Processing /home/akhilesh/py39/lib/python3.9/site-packages/airflow/example_dags/subdags/subdag.py took 0.013 seconds
[2023-08-13T23:17:14.156+0200] {processor.py:157} INFO - Started process (PID=430224) to work on /home/akhilesh/py39/lib/python3.9/site-packages/airflow/example_dags/subdags/subdag.py
[2023-08-13T23:17:14.164+0200] {processor.py:826} INFO - Processing file /home/akhilesh/py39/lib/python3.9/site-packages/airflow/example_dags/subdags/subdag.py for tasks to queue
[2023-08-13T23:17:14.166+0200] {logging_mixin.py:150} INFO - [2023-08-13T23:17:14.165+0200] {dagbag.py:541} INFO - Filling up the DagBag from /home/akhilesh/py39/lib/python3.9/site-packages/airflow/example_dags/subdags/subdag.py
[2023-08-13T23:17:14.168+0200] {processor.py:838} WARNING - No viable dags retrieved from /home/akhilesh/py39/lib/python3.9/site-packages/airflow/example_dags/subdags/subdag.py
[2023-08-13T23:17:14.180+0200] {processor.py:179} INFO - Processing /home/akhilesh/py39/lib/python3.9/site-packages/airflow/example_dags/subdags/subdag.py took 0.025 seconds
[2023-08-13T23:18:03.666+0200] {processor.py:157} INFO - Started process (PID=430398) to work on /home/akhilesh/py39/lib/python3.9/site-packages/airflow/example_dags/subdags/subdag.py
[2023-08-13T23:18:03.668+0200] {processor.py:826} INFO - Processing file /home/akhilesh/py39/lib/python3.9/site-packages/airflow/example_dags/subdags/subdag.py for tasks to queue
[2023-08-13T23:18:03.669+0200] {logging_mixin.py:150} INFO - [2023-08-13T23:18:03.668+0200] {dagbag.py:541} INFO - Filling up the DagBag from /home/akhilesh/py39/lib/python3.9/site-packages/airflow/example_dags/subdags/subdag.py
[2023-08-13T23:18:03.671+0200] {processor.py:838} WARNING - No viable dags retrieved from /home/akhilesh/py39/lib/python3.9/site-packages/airflow/example_dags/subdags/subdag.py
[2023-08-13T23:18:03.679+0200] {processor.py:179} INFO - Processing /home/akhilesh/py39/lib/python3.9/site-packages/airflow/example_dags/subdags/subdag.py took 0.016 seconds
[2023-08-13T23:18:52.171+0200] {processor.py:157} INFO - Started process (PID=430540) to work on /home/akhilesh/py39/lib/python3.9/site-packages/airflow/example_dags/subdags/subdag.py
[2023-08-13T23:18:52.180+0200] {processor.py:826} INFO - Processing file /home/akhilesh/py39/lib/python3.9/site-packages/airflow/example_dags/subdags/subdag.py for tasks to queue
[2023-08-13T23:18:52.181+0200] {logging_mixin.py:150} INFO - [2023-08-13T23:18:52.181+0200] {dagbag.py:541} INFO - Filling up the DagBag from /home/akhilesh/py39/lib/python3.9/site-packages/airflow/example_dags/subdags/subdag.py
[2023-08-13T23:18:52.182+0200] {processor.py:838} WARNING - No viable dags retrieved from /home/akhilesh/py39/lib/python3.9/site-packages/airflow/example_dags/subdags/subdag.py
[2023-08-13T23:18:52.193+0200] {processor.py:179} INFO - Processing /home/akhilesh/py39/lib/python3.9/site-packages/airflow/example_dags/subdags/subdag.py took 0.026 seconds
[2023-08-13T23:19:39.966+0200] {processor.py:157} INFO - Started process (PID=430727) to work on /home/akhilesh/py39/lib/python3.9/site-packages/airflow/example_dags/subdags/subdag.py
[2023-08-13T23:19:39.975+0200] {processor.py:826} INFO - Processing file /home/akhilesh/py39/lib/python3.9/site-packages/airflow/example_dags/subdags/subdag.py for tasks to queue
[2023-08-13T23:19:39.976+0200] {logging_mixin.py:150} INFO - [2023-08-13T23:19:39.976+0200] {dagbag.py:541} INFO - Filling up the DagBag from /home/akhilesh/py39/lib/python3.9/site-packages/airflow/example_dags/subdags/subdag.py
[2023-08-13T23:19:39.979+0200] {processor.py:838} WARNING - No viable dags retrieved from /home/akhilesh/py39/lib/python3.9/site-packages/airflow/example_dags/subdags/subdag.py
[2023-08-13T23:19:39.989+0200] {processor.py:179} INFO - Processing /home/akhilesh/py39/lib/python3.9/site-packages/airflow/example_dags/subdags/subdag.py took 0.026 seconds
[2023-08-13T23:20:30.318+0200] {processor.py:157} INFO - Started process (PID=430862) to work on /home/akhilesh/py39/lib/python3.9/site-packages/airflow/example_dags/subdags/subdag.py
[2023-08-13T23:20:30.327+0200] {processor.py:826} INFO - Processing file /home/akhilesh/py39/lib/python3.9/site-packages/airflow/example_dags/subdags/subdag.py for tasks to queue
[2023-08-13T23:20:30.328+0200] {logging_mixin.py:150} INFO - [2023-08-13T23:20:30.328+0200] {dagbag.py:541} INFO - Filling up the DagBag from /home/akhilesh/py39/lib/python3.9/site-packages/airflow/example_dags/subdags/subdag.py
[2023-08-13T23:20:30.331+0200] {processor.py:838} WARNING - No viable dags retrieved from /home/akhilesh/py39/lib/python3.9/site-packages/airflow/example_dags/subdags/subdag.py
[2023-08-13T23:20:30.342+0200] {processor.py:179} INFO - Processing /home/akhilesh/py39/lib/python3.9/site-packages/airflow/example_dags/subdags/subdag.py took 0.027 seconds
[2023-08-13T23:21:16.245+0200] {processor.py:157} INFO - Started process (PID=431032) to work on /home/akhilesh/py39/lib/python3.9/site-packages/airflow/example_dags/subdags/subdag.py
[2023-08-13T23:21:16.246+0200] {processor.py:826} INFO - Processing file /home/akhilesh/py39/lib/python3.9/site-packages/airflow/example_dags/subdags/subdag.py for tasks to queue
[2023-08-13T23:21:16.247+0200] {logging_mixin.py:150} INFO - [2023-08-13T23:21:16.246+0200] {dagbag.py:541} INFO - Filling up the DagBag from /home/akhilesh/py39/lib/python3.9/site-packages/airflow/example_dags/subdags/subdag.py
[2023-08-13T23:21:16.249+0200] {processor.py:838} WARNING - No viable dags retrieved from /home/akhilesh/py39/lib/python3.9/site-packages/airflow/example_dags/subdags/subdag.py
[2023-08-13T23:21:16.256+0200] {processor.py:179} INFO - Processing /home/akhilesh/py39/lib/python3.9/site-packages/airflow/example_dags/subdags/subdag.py took 0.015 seconds
[2023-08-13T23:22:02.660+0200] {processor.py:157} INFO - Started process (PID=431249) to work on /home/akhilesh/py39/lib/python3.9/site-packages/airflow/example_dags/subdags/subdag.py
[2023-08-13T23:22:02.669+0200] {processor.py:826} INFO - Processing file /home/akhilesh/py39/lib/python3.9/site-packages/airflow/example_dags/subdags/subdag.py for tasks to queue
[2023-08-13T23:22:02.670+0200] {logging_mixin.py:150} INFO - [2023-08-13T23:22:02.670+0200] {dagbag.py:541} INFO - Filling up the DagBag from /home/akhilesh/py39/lib/python3.9/site-packages/airflow/example_dags/subdags/subdag.py
[2023-08-13T23:22:02.673+0200] {processor.py:838} WARNING - No viable dags retrieved from /home/akhilesh/py39/lib/python3.9/site-packages/airflow/example_dags/subdags/subdag.py
[2023-08-13T23:22:02.683+0200] {processor.py:179} INFO - Processing /home/akhilesh/py39/lib/python3.9/site-packages/airflow/example_dags/subdags/subdag.py took 0.026 seconds
[2023-08-13T23:22:49.560+0200] {processor.py:157} INFO - Started process (PID=431419) to work on /home/akhilesh/py39/lib/python3.9/site-packages/airflow/example_dags/subdags/subdag.py
[2023-08-13T23:22:49.569+0200] {processor.py:826} INFO - Processing file /home/akhilesh/py39/lib/python3.9/site-packages/airflow/example_dags/subdags/subdag.py for tasks to queue
[2023-08-13T23:22:49.571+0200] {logging_mixin.py:150} INFO - [2023-08-13T23:22:49.570+0200] {dagbag.py:541} INFO - Filling up the DagBag from /home/akhilesh/py39/lib/python3.9/site-packages/airflow/example_dags/subdags/subdag.py
[2023-08-13T23:22:49.573+0200] {processor.py:838} WARNING - No viable dags retrieved from /home/akhilesh/py39/lib/python3.9/site-packages/airflow/example_dags/subdags/subdag.py
[2023-08-13T23:22:49.582+0200] {processor.py:179} INFO - Processing /home/akhilesh/py39/lib/python3.9/site-packages/airflow/example_dags/subdags/subdag.py took 0.026 seconds
[2023-08-13T23:25:10.170+0200] {processor.py:157} INFO - Started process (PID=432127) to work on /home/akhilesh/py39/lib/python3.9/site-packages/airflow/example_dags/subdags/subdag.py
[2023-08-13T23:25:10.172+0200] {processor.py:826} INFO - Processing file /home/akhilesh/py39/lib/python3.9/site-packages/airflow/example_dags/subdags/subdag.py for tasks to queue
[2023-08-13T23:25:10.172+0200] {logging_mixin.py:150} INFO - [2023-08-13T23:25:10.172+0200] {dagbag.py:541} INFO - Filling up the DagBag from /home/akhilesh/py39/lib/python3.9/site-packages/airflow/example_dags/subdags/subdag.py
[2023-08-13T23:25:10.175+0200] {processor.py:838} WARNING - No viable dags retrieved from /home/akhilesh/py39/lib/python3.9/site-packages/airflow/example_dags/subdags/subdag.py
[2023-08-13T23:25:10.184+0200] {processor.py:179} INFO - Processing /home/akhilesh/py39/lib/python3.9/site-packages/airflow/example_dags/subdags/subdag.py took 0.017 seconds
[2023-08-13T23:25:57.364+0200] {processor.py:157} INFO - Started process (PID=432351) to work on /home/akhilesh/py39/lib/python3.9/site-packages/airflow/example_dags/subdags/subdag.py
[2023-08-13T23:25:57.373+0200] {processor.py:826} INFO - Processing file /home/akhilesh/py39/lib/python3.9/site-packages/airflow/example_dags/subdags/subdag.py for tasks to queue
[2023-08-13T23:25:57.374+0200] {logging_mixin.py:150} INFO - [2023-08-13T23:25:57.374+0200] {dagbag.py:541} INFO - Filling up the DagBag from /home/akhilesh/py39/lib/python3.9/site-packages/airflow/example_dags/subdags/subdag.py
[2023-08-13T23:25:57.377+0200] {processor.py:838} WARNING - No viable dags retrieved from /home/akhilesh/py39/lib/python3.9/site-packages/airflow/example_dags/subdags/subdag.py
[2023-08-13T23:25:57.392+0200] {processor.py:179} INFO - Processing /home/akhilesh/py39/lib/python3.9/site-packages/airflow/example_dags/subdags/subdag.py took 0.030 seconds
[2023-08-13T23:26:46.615+0200] {processor.py:157} INFO - Started process (PID=432514) to work on /home/akhilesh/py39/lib/python3.9/site-packages/airflow/example_dags/subdags/subdag.py
[2023-08-13T23:26:46.617+0200] {processor.py:826} INFO - Processing file /home/akhilesh/py39/lib/python3.9/site-packages/airflow/example_dags/subdags/subdag.py for tasks to queue
[2023-08-13T23:26:46.618+0200] {logging_mixin.py:150} INFO - [2023-08-13T23:26:46.618+0200] {dagbag.py:541} INFO - Filling up the DagBag from /home/akhilesh/py39/lib/python3.9/site-packages/airflow/example_dags/subdags/subdag.py
[2023-08-13T23:26:46.620+0200] {processor.py:838} WARNING - No viable dags retrieved from /home/akhilesh/py39/lib/python3.9/site-packages/airflow/example_dags/subdags/subdag.py
[2023-08-13T23:26:46.626+0200] {processor.py:179} INFO - Processing /home/akhilesh/py39/lib/python3.9/site-packages/airflow/example_dags/subdags/subdag.py took 0.014 seconds
[2023-08-13T23:27:32.708+0200] {processor.py:157} INFO - Started process (PID=432667) to work on /home/akhilesh/py39/lib/python3.9/site-packages/airflow/example_dags/subdags/subdag.py
[2023-08-13T23:27:32.717+0200] {processor.py:826} INFO - Processing file /home/akhilesh/py39/lib/python3.9/site-packages/airflow/example_dags/subdags/subdag.py for tasks to queue
[2023-08-13T23:27:32.718+0200] {logging_mixin.py:150} INFO - [2023-08-13T23:27:32.718+0200] {dagbag.py:541} INFO - Filling up the DagBag from /home/akhilesh/py39/lib/python3.9/site-packages/airflow/example_dags/subdags/subdag.py
[2023-08-13T23:27:32.720+0200] {processor.py:838} WARNING - No viable dags retrieved from /home/akhilesh/py39/lib/python3.9/site-packages/airflow/example_dags/subdags/subdag.py
[2023-08-13T23:27:32.732+0200] {processor.py:179} INFO - Processing /home/akhilesh/py39/lib/python3.9/site-packages/airflow/example_dags/subdags/subdag.py took 0.027 seconds
[2023-08-13T23:28:20.908+0200] {processor.py:157} INFO - Started process (PID=432803) to work on /home/akhilesh/py39/lib/python3.9/site-packages/airflow/example_dags/subdags/subdag.py
[2023-08-13T23:28:20.910+0200] {processor.py:826} INFO - Processing file /home/akhilesh/py39/lib/python3.9/site-packages/airflow/example_dags/subdags/subdag.py for tasks to queue
[2023-08-13T23:28:20.911+0200] {logging_mixin.py:150} INFO - [2023-08-13T23:28:20.910+0200] {dagbag.py:541} INFO - Filling up the DagBag from /home/akhilesh/py39/lib/python3.9/site-packages/airflow/example_dags/subdags/subdag.py
[2023-08-13T23:28:20.913+0200] {processor.py:838} WARNING - No viable dags retrieved from /home/akhilesh/py39/lib/python3.9/site-packages/airflow/example_dags/subdags/subdag.py
[2023-08-13T23:28:20.920+0200] {processor.py:179} INFO - Processing /home/akhilesh/py39/lib/python3.9/site-packages/airflow/example_dags/subdags/subdag.py took 0.015 seconds
[2023-08-13T23:29:00.700+0200] {processor.py:157} INFO - Started process (PID=432955) to work on /home/akhilesh/py39/lib/python3.9/site-packages/airflow/example_dags/subdags/subdag.py
[2023-08-13T23:29:00.709+0200] {processor.py:826} INFO - Processing file /home/akhilesh/py39/lib/python3.9/site-packages/airflow/example_dags/subdags/subdag.py for tasks to queue
[2023-08-13T23:29:00.710+0200] {logging_mixin.py:150} INFO - [2023-08-13T23:29:00.710+0200] {dagbag.py:541} INFO - Filling up the DagBag from /home/akhilesh/py39/lib/python3.9/site-packages/airflow/example_dags/subdags/subdag.py
[2023-08-13T23:29:00.712+0200] {processor.py:838} WARNING - No viable dags retrieved from /home/akhilesh/py39/lib/python3.9/site-packages/airflow/example_dags/subdags/subdag.py
[2023-08-13T23:29:00.724+0200] {processor.py:179} INFO - Processing /home/akhilesh/py39/lib/python3.9/site-packages/airflow/example_dags/subdags/subdag.py took 0.026 seconds
[2023-08-13T23:29:42.949+0200] {processor.py:157} INFO - Started process (PID=433105) to work on /home/akhilesh/py39/lib/python3.9/site-packages/airflow/example_dags/subdags/subdag.py
[2023-08-13T23:29:42.958+0200] {processor.py:826} INFO - Processing file /home/akhilesh/py39/lib/python3.9/site-packages/airflow/example_dags/subdags/subdag.py for tasks to queue
[2023-08-13T23:29:42.960+0200] {logging_mixin.py:150} INFO - [2023-08-13T23:29:42.959+0200] {dagbag.py:541} INFO - Filling up the DagBag from /home/akhilesh/py39/lib/python3.9/site-packages/airflow/example_dags/subdags/subdag.py
[2023-08-13T23:29:42.962+0200] {processor.py:838} WARNING - No viable dags retrieved from /home/akhilesh/py39/lib/python3.9/site-packages/airflow/example_dags/subdags/subdag.py
[2023-08-13T23:29:42.976+0200] {processor.py:179} INFO - Processing /home/akhilesh/py39/lib/python3.9/site-packages/airflow/example_dags/subdags/subdag.py took 0.031 seconds
[2023-08-13T23:30:36.252+0200] {processor.py:157} INFO - Started process (PID=433263) to work on /home/akhilesh/py39/lib/python3.9/site-packages/airflow/example_dags/subdags/subdag.py
[2023-08-13T23:30:36.254+0200] {processor.py:826} INFO - Processing file /home/akhilesh/py39/lib/python3.9/site-packages/airflow/example_dags/subdags/subdag.py for tasks to queue
[2023-08-13T23:30:36.255+0200] {logging_mixin.py:150} INFO - [2023-08-13T23:30:36.255+0200] {dagbag.py:541} INFO - Filling up the DagBag from /home/akhilesh/py39/lib/python3.9/site-packages/airflow/example_dags/subdags/subdag.py
[2023-08-13T23:30:36.257+0200] {processor.py:838} WARNING - No viable dags retrieved from /home/akhilesh/py39/lib/python3.9/site-packages/airflow/example_dags/subdags/subdag.py
[2023-08-13T23:30:36.265+0200] {processor.py:179} INFO - Processing /home/akhilesh/py39/lib/python3.9/site-packages/airflow/example_dags/subdags/subdag.py took 0.017 seconds
[2023-08-13T23:31:20.254+0200] {processor.py:157} INFO - Started process (PID=433415) to work on /home/akhilesh/py39/lib/python3.9/site-packages/airflow/example_dags/subdags/subdag.py
[2023-08-13T23:31:20.264+0200] {processor.py:826} INFO - Processing file /home/akhilesh/py39/lib/python3.9/site-packages/airflow/example_dags/subdags/subdag.py for tasks to queue
[2023-08-13T23:31:20.265+0200] {logging_mixin.py:150} INFO - [2023-08-13T23:31:20.265+0200] {dagbag.py:541} INFO - Filling up the DagBag from /home/akhilesh/py39/lib/python3.9/site-packages/airflow/example_dags/subdags/subdag.py
[2023-08-13T23:31:20.268+0200] {processor.py:838} WARNING - No viable dags retrieved from /home/akhilesh/py39/lib/python3.9/site-packages/airflow/example_dags/subdags/subdag.py
[2023-08-13T23:31:20.279+0200] {processor.py:179} INFO - Processing /home/akhilesh/py39/lib/python3.9/site-packages/airflow/example_dags/subdags/subdag.py took 0.028 seconds
[2023-08-13T23:32:00.093+0200] {processor.py:157} INFO - Started process (PID=433513) to work on /home/akhilesh/py39/lib/python3.9/site-packages/airflow/example_dags/subdags/subdag.py
[2023-08-13T23:32:00.102+0200] {processor.py:826} INFO - Processing file /home/akhilesh/py39/lib/python3.9/site-packages/airflow/example_dags/subdags/subdag.py for tasks to queue
[2023-08-13T23:32:00.103+0200] {logging_mixin.py:150} INFO - [2023-08-13T23:32:00.103+0200] {dagbag.py:541} INFO - Filling up the DagBag from /home/akhilesh/py39/lib/python3.9/site-packages/airflow/example_dags/subdags/subdag.py
[2023-08-13T23:32:00.106+0200] {processor.py:838} WARNING - No viable dags retrieved from /home/akhilesh/py39/lib/python3.9/site-packages/airflow/example_dags/subdags/subdag.py
[2023-08-13T23:32:00.116+0200] {processor.py:179} INFO - Processing /home/akhilesh/py39/lib/python3.9/site-packages/airflow/example_dags/subdags/subdag.py took 0.028 seconds
[2023-08-13T23:32:49.951+0200] {processor.py:157} INFO - Started process (PID=433659) to work on /home/akhilesh/py39/lib/python3.9/site-packages/airflow/example_dags/subdags/subdag.py
[2023-08-13T23:32:49.960+0200] {processor.py:826} INFO - Processing file /home/akhilesh/py39/lib/python3.9/site-packages/airflow/example_dags/subdags/subdag.py for tasks to queue
[2023-08-13T23:32:49.961+0200] {logging_mixin.py:150} INFO - [2023-08-13T23:32:49.960+0200] {dagbag.py:541} INFO - Filling up the DagBag from /home/akhilesh/py39/lib/python3.9/site-packages/airflow/example_dags/subdags/subdag.py
[2023-08-13T23:32:49.965+0200] {processor.py:838} WARNING - No viable dags retrieved from /home/akhilesh/py39/lib/python3.9/site-packages/airflow/example_dags/subdags/subdag.py
[2023-08-13T23:32:49.974+0200] {processor.py:179} INFO - Processing /home/akhilesh/py39/lib/python3.9/site-packages/airflow/example_dags/subdags/subdag.py took 0.026 seconds
[2023-08-13T23:33:28.189+0200] {processor.py:157} INFO - Started process (PID=433796) to work on /home/akhilesh/py39/lib/python3.9/site-packages/airflow/example_dags/subdags/subdag.py
[2023-08-13T23:33:28.198+0200] {processor.py:826} INFO - Processing file /home/akhilesh/py39/lib/python3.9/site-packages/airflow/example_dags/subdags/subdag.py for tasks to queue
[2023-08-13T23:33:28.199+0200] {logging_mixin.py:150} INFO - [2023-08-13T23:33:28.199+0200] {dagbag.py:541} INFO - Filling up the DagBag from /home/akhilesh/py39/lib/python3.9/site-packages/airflow/example_dags/subdags/subdag.py
[2023-08-13T23:33:28.201+0200] {processor.py:838} WARNING - No viable dags retrieved from /home/akhilesh/py39/lib/python3.9/site-packages/airflow/example_dags/subdags/subdag.py
[2023-08-13T23:33:28.212+0200] {processor.py:179} INFO - Processing /home/akhilesh/py39/lib/python3.9/site-packages/airflow/example_dags/subdags/subdag.py took 0.026 seconds
[2023-08-13T23:34:16.714+0200] {processor.py:157} INFO - Started process (PID=433919) to work on /home/akhilesh/py39/lib/python3.9/site-packages/airflow/example_dags/subdags/subdag.py
[2023-08-13T23:34:16.724+0200] {processor.py:826} INFO - Processing file /home/akhilesh/py39/lib/python3.9/site-packages/airflow/example_dags/subdags/subdag.py for tasks to queue
[2023-08-13T23:34:16.725+0200] {logging_mixin.py:150} INFO - [2023-08-13T23:34:16.724+0200] {dagbag.py:541} INFO - Filling up the DagBag from /home/akhilesh/py39/lib/python3.9/site-packages/airflow/example_dags/subdags/subdag.py
[2023-08-13T23:34:16.727+0200] {processor.py:838} WARNING - No viable dags retrieved from /home/akhilesh/py39/lib/python3.9/site-packages/airflow/example_dags/subdags/subdag.py
[2023-08-13T23:34:16.739+0200] {processor.py:179} INFO - Processing /home/akhilesh/py39/lib/python3.9/site-packages/airflow/example_dags/subdags/subdag.py took 0.028 seconds
[2023-08-13T23:34:53.162+0200] {processor.py:157} INFO - Started process (PID=434039) to work on /home/akhilesh/py39/lib/python3.9/site-packages/airflow/example_dags/subdags/subdag.py
[2023-08-13T23:34:53.171+0200] {processor.py:826} INFO - Processing file /home/akhilesh/py39/lib/python3.9/site-packages/airflow/example_dags/subdags/subdag.py for tasks to queue
[2023-08-13T23:34:53.172+0200] {logging_mixin.py:150} INFO - [2023-08-13T23:34:53.172+0200] {dagbag.py:541} INFO - Filling up the DagBag from /home/akhilesh/py39/lib/python3.9/site-packages/airflow/example_dags/subdags/subdag.py
[2023-08-13T23:34:53.175+0200] {processor.py:838} WARNING - No viable dags retrieved from /home/akhilesh/py39/lib/python3.9/site-packages/airflow/example_dags/subdags/subdag.py
[2023-08-13T23:34:53.185+0200] {processor.py:179} INFO - Processing /home/akhilesh/py39/lib/python3.9/site-packages/airflow/example_dags/subdags/subdag.py took 0.027 seconds
[2023-08-13T23:35:31.339+0200] {processor.py:157} INFO - Started process (PID=434157) to work on /home/akhilesh/py39/lib/python3.9/site-packages/airflow/example_dags/subdags/subdag.py
[2023-08-13T23:35:31.348+0200] {processor.py:826} INFO - Processing file /home/akhilesh/py39/lib/python3.9/site-packages/airflow/example_dags/subdags/subdag.py for tasks to queue
[2023-08-13T23:35:31.350+0200] {logging_mixin.py:150} INFO - [2023-08-13T23:35:31.349+0200] {dagbag.py:541} INFO - Filling up the DagBag from /home/akhilesh/py39/lib/python3.9/site-packages/airflow/example_dags/subdags/subdag.py
[2023-08-13T23:35:31.352+0200] {processor.py:838} WARNING - No viable dags retrieved from /home/akhilesh/py39/lib/python3.9/site-packages/airflow/example_dags/subdags/subdag.py
[2023-08-13T23:35:31.364+0200] {processor.py:179} INFO - Processing /home/akhilesh/py39/lib/python3.9/site-packages/airflow/example_dags/subdags/subdag.py took 0.028 seconds
[2023-08-13T23:36:18.650+0200] {processor.py:157} INFO - Started process (PID=434490) to work on /home/akhilesh/py39/lib/python3.9/site-packages/airflow/example_dags/subdags/subdag.py
[2023-08-13T23:36:18.659+0200] {processor.py:826} INFO - Processing file /home/akhilesh/py39/lib/python3.9/site-packages/airflow/example_dags/subdags/subdag.py for tasks to queue
[2023-08-13T23:36:18.660+0200] {logging_mixin.py:150} INFO - [2023-08-13T23:36:18.660+0200] {dagbag.py:541} INFO - Filling up the DagBag from /home/akhilesh/py39/lib/python3.9/site-packages/airflow/example_dags/subdags/subdag.py
[2023-08-13T23:36:18.663+0200] {processor.py:838} WARNING - No viable dags retrieved from /home/akhilesh/py39/lib/python3.9/site-packages/airflow/example_dags/subdags/subdag.py
[2023-08-13T23:36:18.675+0200] {processor.py:179} INFO - Processing /home/akhilesh/py39/lib/python3.9/site-packages/airflow/example_dags/subdags/subdag.py took 0.028 seconds
[2023-08-13T23:37:00.513+0200] {processor.py:157} INFO - Started process (PID=434602) to work on /home/akhilesh/py39/lib/python3.9/site-packages/airflow/example_dags/subdags/subdag.py
[2023-08-13T23:37:00.522+0200] {processor.py:826} INFO - Processing file /home/akhilesh/py39/lib/python3.9/site-packages/airflow/example_dags/subdags/subdag.py for tasks to queue
[2023-08-13T23:37:00.523+0200] {logging_mixin.py:150} INFO - [2023-08-13T23:37:00.523+0200] {dagbag.py:541} INFO - Filling up the DagBag from /home/akhilesh/py39/lib/python3.9/site-packages/airflow/example_dags/subdags/subdag.py
[2023-08-13T23:37:00.525+0200] {processor.py:838} WARNING - No viable dags retrieved from /home/akhilesh/py39/lib/python3.9/site-packages/airflow/example_dags/subdags/subdag.py
[2023-08-13T23:37:00.538+0200] {processor.py:179} INFO - Processing /home/akhilesh/py39/lib/python3.9/site-packages/airflow/example_dags/subdags/subdag.py took 0.028 seconds
[2023-08-13T23:37:37.212+0200] {processor.py:157} INFO - Started process (PID=434702) to work on /home/akhilesh/py39/lib/python3.9/site-packages/airflow/example_dags/subdags/subdag.py
[2023-08-13T23:37:37.214+0200] {processor.py:826} INFO - Processing file /home/akhilesh/py39/lib/python3.9/site-packages/airflow/example_dags/subdags/subdag.py for tasks to queue
[2023-08-13T23:37:37.215+0200] {logging_mixin.py:150} INFO - [2023-08-13T23:37:37.214+0200] {dagbag.py:541} INFO - Filling up the DagBag from /home/akhilesh/py39/lib/python3.9/site-packages/airflow/example_dags/subdags/subdag.py
[2023-08-13T23:37:37.217+0200] {processor.py:838} WARNING - No viable dags retrieved from /home/akhilesh/py39/lib/python3.9/site-packages/airflow/example_dags/subdags/subdag.py
[2023-08-13T23:37:37.226+0200] {processor.py:179} INFO - Processing /home/akhilesh/py39/lib/python3.9/site-packages/airflow/example_dags/subdags/subdag.py took 0.018 seconds
[2023-08-13T23:38:18.529+0200] {processor.py:157} INFO - Started process (PID=434834) to work on /home/akhilesh/py39/lib/python3.9/site-packages/airflow/example_dags/subdags/subdag.py
[2023-08-13T23:38:18.538+0200] {processor.py:826} INFO - Processing file /home/akhilesh/py39/lib/python3.9/site-packages/airflow/example_dags/subdags/subdag.py for tasks to queue
[2023-08-13T23:38:18.539+0200] {logging_mixin.py:150} INFO - [2023-08-13T23:38:18.538+0200] {dagbag.py:541} INFO - Filling up the DagBag from /home/akhilesh/py39/lib/python3.9/site-packages/airflow/example_dags/subdags/subdag.py
[2023-08-13T23:38:18.541+0200] {processor.py:838} WARNING - No viable dags retrieved from /home/akhilesh/py39/lib/python3.9/site-packages/airflow/example_dags/subdags/subdag.py
[2023-08-13T23:38:18.553+0200] {processor.py:179} INFO - Processing /home/akhilesh/py39/lib/python3.9/site-packages/airflow/example_dags/subdags/subdag.py took 0.027 seconds
[2023-08-13T23:39:12.511+0200] {processor.py:157} INFO - Started process (PID=435048) to work on /home/akhilesh/py39/lib/python3.9/site-packages/airflow/example_dags/subdags/subdag.py
[2023-08-13T23:39:12.520+0200] {processor.py:826} INFO - Processing file /home/akhilesh/py39/lib/python3.9/site-packages/airflow/example_dags/subdags/subdag.py for tasks to queue
[2023-08-13T23:39:12.521+0200] {logging_mixin.py:150} INFO - [2023-08-13T23:39:12.521+0200] {dagbag.py:541} INFO - Filling up the DagBag from /home/akhilesh/py39/lib/python3.9/site-packages/airflow/example_dags/subdags/subdag.py
[2023-08-13T23:39:12.524+0200] {processor.py:838} WARNING - No viable dags retrieved from /home/akhilesh/py39/lib/python3.9/site-packages/airflow/example_dags/subdags/subdag.py
[2023-08-13T23:39:12.534+0200] {processor.py:179} INFO - Processing /home/akhilesh/py39/lib/python3.9/site-packages/airflow/example_dags/subdags/subdag.py took 0.026 seconds
[2023-08-13T23:39:48.708+0200] {processor.py:157} INFO - Started process (PID=435143) to work on /home/akhilesh/py39/lib/python3.9/site-packages/airflow/example_dags/subdags/subdag.py
[2023-08-13T23:39:48.717+0200] {processor.py:826} INFO - Processing file /home/akhilesh/py39/lib/python3.9/site-packages/airflow/example_dags/subdags/subdag.py for tasks to queue
[2023-08-13T23:39:48.718+0200] {logging_mixin.py:150} INFO - [2023-08-13T23:39:48.717+0200] {dagbag.py:541} INFO - Filling up the DagBag from /home/akhilesh/py39/lib/python3.9/site-packages/airflow/example_dags/subdags/subdag.py
[2023-08-13T23:39:48.719+0200] {processor.py:838} WARNING - No viable dags retrieved from /home/akhilesh/py39/lib/python3.9/site-packages/airflow/example_dags/subdags/subdag.py
[2023-08-13T23:39:48.730+0200] {processor.py:179} INFO - Processing /home/akhilesh/py39/lib/python3.9/site-packages/airflow/example_dags/subdags/subdag.py took 0.027 seconds
[2023-08-13T23:40:34.174+0200] {processor.py:157} INFO - Started process (PID=435358) to work on /home/akhilesh/py39/lib/python3.9/site-packages/airflow/example_dags/subdags/subdag.py
[2023-08-13T23:40:34.183+0200] {processor.py:826} INFO - Processing file /home/akhilesh/py39/lib/python3.9/site-packages/airflow/example_dags/subdags/subdag.py for tasks to queue
[2023-08-13T23:40:34.185+0200] {logging_mixin.py:150} INFO - [2023-08-13T23:40:34.184+0200] {dagbag.py:541} INFO - Filling up the DagBag from /home/akhilesh/py39/lib/python3.9/site-packages/airflow/example_dags/subdags/subdag.py
[2023-08-13T23:40:34.188+0200] {processor.py:838} WARNING - No viable dags retrieved from /home/akhilesh/py39/lib/python3.9/site-packages/airflow/example_dags/subdags/subdag.py
[2023-08-13T23:40:34.202+0200] {processor.py:179} INFO - Processing /home/akhilesh/py39/lib/python3.9/site-packages/airflow/example_dags/subdags/subdag.py took 0.031 seconds
[2023-08-13T23:41:22.938+0200] {processor.py:157} INFO - Started process (PID=435509) to work on /home/akhilesh/py39/lib/python3.9/site-packages/airflow/example_dags/subdags/subdag.py
[2023-08-13T23:41:22.947+0200] {processor.py:826} INFO - Processing file /home/akhilesh/py39/lib/python3.9/site-packages/airflow/example_dags/subdags/subdag.py for tasks to queue
[2023-08-13T23:41:22.948+0200] {logging_mixin.py:150} INFO - [2023-08-13T23:41:22.948+0200] {dagbag.py:541} INFO - Filling up the DagBag from /home/akhilesh/py39/lib/python3.9/site-packages/airflow/example_dags/subdags/subdag.py
[2023-08-13T23:41:22.951+0200] {processor.py:838} WARNING - No viable dags retrieved from /home/akhilesh/py39/lib/python3.9/site-packages/airflow/example_dags/subdags/subdag.py
[2023-08-13T23:41:22.962+0200] {processor.py:179} INFO - Processing /home/akhilesh/py39/lib/python3.9/site-packages/airflow/example_dags/subdags/subdag.py took 0.027 seconds
[2023-08-13T23:42:13.873+0200] {processor.py:157} INFO - Started process (PID=435707) to work on /home/akhilesh/py39/lib/python3.9/site-packages/airflow/example_dags/subdags/subdag.py
[2023-08-13T23:42:13.882+0200] {processor.py:826} INFO - Processing file /home/akhilesh/py39/lib/python3.9/site-packages/airflow/example_dags/subdags/subdag.py for tasks to queue
[2023-08-13T23:42:13.883+0200] {logging_mixin.py:150} INFO - [2023-08-13T23:42:13.883+0200] {dagbag.py:541} INFO - Filling up the DagBag from /home/akhilesh/py39/lib/python3.9/site-packages/airflow/example_dags/subdags/subdag.py
[2023-08-13T23:42:13.886+0200] {processor.py:838} WARNING - No viable dags retrieved from /home/akhilesh/py39/lib/python3.9/site-packages/airflow/example_dags/subdags/subdag.py
[2023-08-13T23:42:13.897+0200] {processor.py:179} INFO - Processing /home/akhilesh/py39/lib/python3.9/site-packages/airflow/example_dags/subdags/subdag.py took 0.028 seconds
[2023-08-13T23:43:04.602+0200] {processor.py:157} INFO - Started process (PID=435900) to work on /home/akhilesh/py39/lib/python3.9/site-packages/airflow/example_dags/subdags/subdag.py
[2023-08-13T23:43:04.610+0200] {processor.py:826} INFO - Processing file /home/akhilesh/py39/lib/python3.9/site-packages/airflow/example_dags/subdags/subdag.py for tasks to queue
[2023-08-13T23:43:04.612+0200] {logging_mixin.py:150} INFO - [2023-08-13T23:43:04.611+0200] {dagbag.py:541} INFO - Filling up the DagBag from /home/akhilesh/py39/lib/python3.9/site-packages/airflow/example_dags/subdags/subdag.py
[2023-08-13T23:43:04.614+0200] {processor.py:838} WARNING - No viable dags retrieved from /home/akhilesh/py39/lib/python3.9/site-packages/airflow/example_dags/subdags/subdag.py
[2023-08-13T23:43:04.622+0200] {processor.py:179} INFO - Processing /home/akhilesh/py39/lib/python3.9/site-packages/airflow/example_dags/subdags/subdag.py took 0.022 seconds
[2023-08-13T23:43:52.207+0200] {processor.py:157} INFO - Started process (PID=436100) to work on /home/akhilesh/py39/lib/python3.9/site-packages/airflow/example_dags/subdags/subdag.py
[2023-08-13T23:43:52.216+0200] {processor.py:826} INFO - Processing file /home/akhilesh/py39/lib/python3.9/site-packages/airflow/example_dags/subdags/subdag.py for tasks to queue
[2023-08-13T23:43:52.217+0200] {logging_mixin.py:150} INFO - [2023-08-13T23:43:52.217+0200] {dagbag.py:541} INFO - Filling up the DagBag from /home/akhilesh/py39/lib/python3.9/site-packages/airflow/example_dags/subdags/subdag.py
[2023-08-13T23:43:52.220+0200] {processor.py:838} WARNING - No viable dags retrieved from /home/akhilesh/py39/lib/python3.9/site-packages/airflow/example_dags/subdags/subdag.py
[2023-08-13T23:43:52.231+0200] {processor.py:179} INFO - Processing /home/akhilesh/py39/lib/python3.9/site-packages/airflow/example_dags/subdags/subdag.py took 0.027 seconds
[2023-08-13T23:44:44.105+0200] {processor.py:157} INFO - Started process (PID=436266) to work on /home/akhilesh/py39/lib/python3.9/site-packages/airflow/example_dags/subdags/subdag.py
[2023-08-13T23:44:44.107+0200] {processor.py:826} INFO - Processing file /home/akhilesh/py39/lib/python3.9/site-packages/airflow/example_dags/subdags/subdag.py for tasks to queue
[2023-08-13T23:44:44.108+0200] {logging_mixin.py:150} INFO - [2023-08-13T23:44:44.107+0200] {dagbag.py:541} INFO - Filling up the DagBag from /home/akhilesh/py39/lib/python3.9/site-packages/airflow/example_dags/subdags/subdag.py
[2023-08-13T23:44:44.110+0200] {processor.py:838} WARNING - No viable dags retrieved from /home/akhilesh/py39/lib/python3.9/site-packages/airflow/example_dags/subdags/subdag.py
[2023-08-13T23:44:44.120+0200] {processor.py:179} INFO - Processing /home/akhilesh/py39/lib/python3.9/site-packages/airflow/example_dags/subdags/subdag.py took 0.018 seconds
[2023-08-13T23:45:23.934+0200] {processor.py:157} INFO - Started process (PID=436402) to work on /home/akhilesh/py39/lib/python3.9/site-packages/airflow/example_dags/subdags/subdag.py
[2023-08-13T23:45:23.943+0200] {processor.py:826} INFO - Processing file /home/akhilesh/py39/lib/python3.9/site-packages/airflow/example_dags/subdags/subdag.py for tasks to queue
[2023-08-13T23:45:23.944+0200] {logging_mixin.py:150} INFO - [2023-08-13T23:45:23.944+0200] {dagbag.py:541} INFO - Filling up the DagBag from /home/akhilesh/py39/lib/python3.9/site-packages/airflow/example_dags/subdags/subdag.py
[2023-08-13T23:45:23.947+0200] {processor.py:838} WARNING - No viable dags retrieved from /home/akhilesh/py39/lib/python3.9/site-packages/airflow/example_dags/subdags/subdag.py
[2023-08-13T23:45:23.958+0200] {processor.py:179} INFO - Processing /home/akhilesh/py39/lib/python3.9/site-packages/airflow/example_dags/subdags/subdag.py took 0.028 seconds
[2023-08-13T23:46:15.666+0200] {processor.py:157} INFO - Started process (PID=436727) to work on /home/akhilesh/py39/lib/python3.9/site-packages/airflow/example_dags/subdags/subdag.py
[2023-08-13T23:46:15.675+0200] {processor.py:826} INFO - Processing file /home/akhilesh/py39/lib/python3.9/site-packages/airflow/example_dags/subdags/subdag.py for tasks to queue
[2023-08-13T23:46:15.676+0200] {logging_mixin.py:150} INFO - [2023-08-13T23:46:15.676+0200] {dagbag.py:541} INFO - Filling up the DagBag from /home/akhilesh/py39/lib/python3.9/site-packages/airflow/example_dags/subdags/subdag.py
[2023-08-13T23:46:15.679+0200] {processor.py:838} WARNING - No viable dags retrieved from /home/akhilesh/py39/lib/python3.9/site-packages/airflow/example_dags/subdags/subdag.py
[2023-08-13T23:46:15.690+0200] {processor.py:179} INFO - Processing /home/akhilesh/py39/lib/python3.9/site-packages/airflow/example_dags/subdags/subdag.py took 0.028 seconds
[2023-08-13T23:47:04.890+0200] {processor.py:157} INFO - Started process (PID=436909) to work on /home/akhilesh/py39/lib/python3.9/site-packages/airflow/example_dags/subdags/subdag.py
[2023-08-13T23:47:04.899+0200] {processor.py:826} INFO - Processing file /home/akhilesh/py39/lib/python3.9/site-packages/airflow/example_dags/subdags/subdag.py for tasks to queue
[2023-08-13T23:47:04.900+0200] {logging_mixin.py:150} INFO - [2023-08-13T23:47:04.900+0200] {dagbag.py:541} INFO - Filling up the DagBag from /home/akhilesh/py39/lib/python3.9/site-packages/airflow/example_dags/subdags/subdag.py
[2023-08-13T23:47:04.902+0200] {processor.py:838} WARNING - No viable dags retrieved from /home/akhilesh/py39/lib/python3.9/site-packages/airflow/example_dags/subdags/subdag.py
[2023-08-13T23:47:04.913+0200] {processor.py:179} INFO - Processing /home/akhilesh/py39/lib/python3.9/site-packages/airflow/example_dags/subdags/subdag.py took 0.026 seconds
[2023-08-13T23:48:10.539+0200] {processor.py:157} INFO - Started process (PID=437063) to work on /home/akhilesh/py39/lib/python3.9/site-packages/airflow/example_dags/subdags/subdag.py
[2023-08-13T23:48:10.547+0200] {processor.py:826} INFO - Processing file /home/akhilesh/py39/lib/python3.9/site-packages/airflow/example_dags/subdags/subdag.py for tasks to queue
[2023-08-13T23:48:10.549+0200] {logging_mixin.py:150} INFO - [2023-08-13T23:48:10.548+0200] {dagbag.py:541} INFO - Filling up the DagBag from /home/akhilesh/py39/lib/python3.9/site-packages/airflow/example_dags/subdags/subdag.py
[2023-08-13T23:48:10.551+0200] {processor.py:838} WARNING - No viable dags retrieved from /home/akhilesh/py39/lib/python3.9/site-packages/airflow/example_dags/subdags/subdag.py
[2023-08-13T23:48:10.563+0200] {processor.py:179} INFO - Processing /home/akhilesh/py39/lib/python3.9/site-packages/airflow/example_dags/subdags/subdag.py took 0.027 seconds
[2023-08-13T23:48:58.418+0200] {processor.py:157} INFO - Started process (PID=437592) to work on /home/akhilesh/py39/lib/python3.9/site-packages/airflow/example_dags/subdags/subdag.py
[2023-08-13T23:48:58.427+0200] {processor.py:826} INFO - Processing file /home/akhilesh/py39/lib/python3.9/site-packages/airflow/example_dags/subdags/subdag.py for tasks to queue
[2023-08-13T23:48:58.428+0200] {logging_mixin.py:150} INFO - [2023-08-13T23:48:58.428+0200] {dagbag.py:541} INFO - Filling up the DagBag from /home/akhilesh/py39/lib/python3.9/site-packages/airflow/example_dags/subdags/subdag.py
[2023-08-13T23:48:58.432+0200] {processor.py:838} WARNING - No viable dags retrieved from /home/akhilesh/py39/lib/python3.9/site-packages/airflow/example_dags/subdags/subdag.py
[2023-08-13T23:48:58.444+0200] {processor.py:179} INFO - Processing /home/akhilesh/py39/lib/python3.9/site-packages/airflow/example_dags/subdags/subdag.py took 0.030 seconds
[2023-08-13T23:50:11.878+0200] {processor.py:157} INFO - Started process (PID=437851) to work on /home/akhilesh/py39/lib/python3.9/site-packages/airflow/example_dags/subdags/subdag.py
[2023-08-13T23:50:11.887+0200] {processor.py:826} INFO - Processing file /home/akhilesh/py39/lib/python3.9/site-packages/airflow/example_dags/subdags/subdag.py for tasks to queue
[2023-08-13T23:50:11.888+0200] {logging_mixin.py:150} INFO - [2023-08-13T23:50:11.887+0200] {dagbag.py:541} INFO - Filling up the DagBag from /home/akhilesh/py39/lib/python3.9/site-packages/airflow/example_dags/subdags/subdag.py
[2023-08-13T23:50:11.889+0200] {processor.py:838} WARNING - No viable dags retrieved from /home/akhilesh/py39/lib/python3.9/site-packages/airflow/example_dags/subdags/subdag.py
[2023-08-13T23:50:11.900+0200] {processor.py:179} INFO - Processing /home/akhilesh/py39/lib/python3.9/site-packages/airflow/example_dags/subdags/subdag.py took 0.025 seconds
[2023-08-13T23:50:59.716+0200] {processor.py:157} INFO - Started process (PID=438076) to work on /home/akhilesh/py39/lib/python3.9/site-packages/airflow/example_dags/subdags/subdag.py
[2023-08-13T23:50:59.717+0200] {processor.py:826} INFO - Processing file /home/akhilesh/py39/lib/python3.9/site-packages/airflow/example_dags/subdags/subdag.py for tasks to queue
[2023-08-13T23:50:59.718+0200] {logging_mixin.py:150} INFO - [2023-08-13T23:50:59.718+0200] {dagbag.py:541} INFO - Filling up the DagBag from /home/akhilesh/py39/lib/python3.9/site-packages/airflow/example_dags/subdags/subdag.py
[2023-08-13T23:50:59.719+0200] {processor.py:838} WARNING - No viable dags retrieved from /home/akhilesh/py39/lib/python3.9/site-packages/airflow/example_dags/subdags/subdag.py
[2023-08-13T23:50:59.726+0200] {processor.py:179} INFO - Processing /home/akhilesh/py39/lib/python3.9/site-packages/airflow/example_dags/subdags/subdag.py took 0.015 seconds
[2023-08-13T23:51:54.217+0200] {processor.py:157} INFO - Started process (PID=438220) to work on /home/akhilesh/py39/lib/python3.9/site-packages/airflow/example_dags/subdags/subdag.py
[2023-08-13T23:51:54.218+0200] {processor.py:826} INFO - Processing file /home/akhilesh/py39/lib/python3.9/site-packages/airflow/example_dags/subdags/subdag.py for tasks to queue
[2023-08-13T23:51:54.219+0200] {logging_mixin.py:150} INFO - [2023-08-13T23:51:54.219+0200] {dagbag.py:541} INFO - Filling up the DagBag from /home/akhilesh/py39/lib/python3.9/site-packages/airflow/example_dags/subdags/subdag.py
[2023-08-13T23:51:54.222+0200] {processor.py:838} WARNING - No viable dags retrieved from /home/akhilesh/py39/lib/python3.9/site-packages/airflow/example_dags/subdags/subdag.py
[2023-08-13T23:51:54.233+0200] {processor.py:179} INFO - Processing /home/akhilesh/py39/lib/python3.9/site-packages/airflow/example_dags/subdags/subdag.py took 0.020 seconds
[2023-08-13T23:52:39.876+0200] {processor.py:157} INFO - Started process (PID=438318) to work on /home/akhilesh/py39/lib/python3.9/site-packages/airflow/example_dags/subdags/subdag.py
[2023-08-13T23:52:39.884+0200] {processor.py:826} INFO - Processing file /home/akhilesh/py39/lib/python3.9/site-packages/airflow/example_dags/subdags/subdag.py for tasks to queue
[2023-08-13T23:52:39.886+0200] {logging_mixin.py:150} INFO - [2023-08-13T23:52:39.885+0200] {dagbag.py:541} INFO - Filling up the DagBag from /home/akhilesh/py39/lib/python3.9/site-packages/airflow/example_dags/subdags/subdag.py
[2023-08-13T23:52:39.888+0200] {processor.py:838} WARNING - No viable dags retrieved from /home/akhilesh/py39/lib/python3.9/site-packages/airflow/example_dags/subdags/subdag.py
[2023-08-13T23:52:39.901+0200] {processor.py:179} INFO - Processing /home/akhilesh/py39/lib/python3.9/site-packages/airflow/example_dags/subdags/subdag.py took 0.029 seconds
[2023-08-13T23:53:18.828+0200] {processor.py:157} INFO - Started process (PID=438419) to work on /home/akhilesh/py39/lib/python3.9/site-packages/airflow/example_dags/subdags/subdag.py
[2023-08-13T23:53:18.837+0200] {processor.py:826} INFO - Processing file /home/akhilesh/py39/lib/python3.9/site-packages/airflow/example_dags/subdags/subdag.py for tasks to queue
[2023-08-13T23:53:18.839+0200] {logging_mixin.py:150} INFO - [2023-08-13T23:53:18.838+0200] {dagbag.py:541} INFO - Filling up the DagBag from /home/akhilesh/py39/lib/python3.9/site-packages/airflow/example_dags/subdags/subdag.py
[2023-08-13T23:53:18.841+0200] {processor.py:838} WARNING - No viable dags retrieved from /home/akhilesh/py39/lib/python3.9/site-packages/airflow/example_dags/subdags/subdag.py
[2023-08-13T23:53:18.854+0200] {processor.py:179} INFO - Processing /home/akhilesh/py39/lib/python3.9/site-packages/airflow/example_dags/subdags/subdag.py took 0.029 seconds
[2023-08-13T23:54:04.328+0200] {processor.py:157} INFO - Started process (PID=438535) to work on /home/akhilesh/py39/lib/python3.9/site-packages/airflow/example_dags/subdags/subdag.py
[2023-08-13T23:54:04.329+0200] {processor.py:826} INFO - Processing file /home/akhilesh/py39/lib/python3.9/site-packages/airflow/example_dags/subdags/subdag.py for tasks to queue
[2023-08-13T23:54:04.330+0200] {logging_mixin.py:150} INFO - [2023-08-13T23:54:04.329+0200] {dagbag.py:541} INFO - Filling up the DagBag from /home/akhilesh/py39/lib/python3.9/site-packages/airflow/example_dags/subdags/subdag.py
[2023-08-13T23:54:04.332+0200] {processor.py:838} WARNING - No viable dags retrieved from /home/akhilesh/py39/lib/python3.9/site-packages/airflow/example_dags/subdags/subdag.py
[2023-08-13T23:54:04.340+0200] {processor.py:179} INFO - Processing /home/akhilesh/py39/lib/python3.9/site-packages/airflow/example_dags/subdags/subdag.py took 0.015 seconds
[2023-08-13T23:54:54.729+0200] {processor.py:157} INFO - Started process (PID=438678) to work on /home/akhilesh/py39/lib/python3.9/site-packages/airflow/example_dags/subdags/subdag.py
[2023-08-13T23:54:54.731+0200] {processor.py:826} INFO - Processing file /home/akhilesh/py39/lib/python3.9/site-packages/airflow/example_dags/subdags/subdag.py for tasks to queue
[2023-08-13T23:54:54.732+0200] {logging_mixin.py:150} INFO - [2023-08-13T23:54:54.732+0200] {dagbag.py:541} INFO - Filling up the DagBag from /home/akhilesh/py39/lib/python3.9/site-packages/airflow/example_dags/subdags/subdag.py
[2023-08-13T23:54:54.734+0200] {processor.py:838} WARNING - No viable dags retrieved from /home/akhilesh/py39/lib/python3.9/site-packages/airflow/example_dags/subdags/subdag.py
[2023-08-13T23:54:54.741+0200] {processor.py:179} INFO - Processing /home/akhilesh/py39/lib/python3.9/site-packages/airflow/example_dags/subdags/subdag.py took 0.016 seconds
[2023-08-13T23:55:45.377+0200] {processor.py:157} INFO - Started process (PID=438824) to work on /home/akhilesh/py39/lib/python3.9/site-packages/airflow/example_dags/subdags/subdag.py
[2023-08-13T23:55:45.379+0200] {processor.py:826} INFO - Processing file /home/akhilesh/py39/lib/python3.9/site-packages/airflow/example_dags/subdags/subdag.py for tasks to queue
[2023-08-13T23:55:45.379+0200] {logging_mixin.py:150} INFO - [2023-08-13T23:55:45.379+0200] {dagbag.py:541} INFO - Filling up the DagBag from /home/akhilesh/py39/lib/python3.9/site-packages/airflow/example_dags/subdags/subdag.py
[2023-08-13T23:55:45.380+0200] {processor.py:838} WARNING - No viable dags retrieved from /home/akhilesh/py39/lib/python3.9/site-packages/airflow/example_dags/subdags/subdag.py
[2023-08-13T23:55:45.388+0200] {processor.py:179} INFO - Processing /home/akhilesh/py39/lib/python3.9/site-packages/airflow/example_dags/subdags/subdag.py took 0.014 seconds
[2023-08-13T23:56:36.121+0200] {processor.py:157} INFO - Started process (PID=438953) to work on /home/akhilesh/py39/lib/python3.9/site-packages/airflow/example_dags/subdags/subdag.py
[2023-08-13T23:56:36.122+0200] {processor.py:826} INFO - Processing file /home/akhilesh/py39/lib/python3.9/site-packages/airflow/example_dags/subdags/subdag.py for tasks to queue
[2023-08-13T23:56:36.123+0200] {logging_mixin.py:150} INFO - [2023-08-13T23:56:36.122+0200] {dagbag.py:541} INFO - Filling up the DagBag from /home/akhilesh/py39/lib/python3.9/site-packages/airflow/example_dags/subdags/subdag.py
[2023-08-13T23:56:36.125+0200] {processor.py:838} WARNING - No viable dags retrieved from /home/akhilesh/py39/lib/python3.9/site-packages/airflow/example_dags/subdags/subdag.py
[2023-08-13T23:56:36.134+0200] {processor.py:179} INFO - Processing /home/akhilesh/py39/lib/python3.9/site-packages/airflow/example_dags/subdags/subdag.py took 0.016 seconds
[2023-08-13T23:57:26.862+0200] {processor.py:157} INFO - Started process (PID=439181) to work on /home/akhilesh/py39/lib/python3.9/site-packages/airflow/example_dags/subdags/subdag.py
[2023-08-13T23:57:26.871+0200] {processor.py:826} INFO - Processing file /home/akhilesh/py39/lib/python3.9/site-packages/airflow/example_dags/subdags/subdag.py for tasks to queue
[2023-08-13T23:57:26.873+0200] {logging_mixin.py:150} INFO - [2023-08-13T23:57:26.872+0200] {dagbag.py:541} INFO - Filling up the DagBag from /home/akhilesh/py39/lib/python3.9/site-packages/airflow/example_dags/subdags/subdag.py
[2023-08-13T23:57:26.875+0200] {processor.py:838} WARNING - No viable dags retrieved from /home/akhilesh/py39/lib/python3.9/site-packages/airflow/example_dags/subdags/subdag.py
[2023-08-13T23:57:26.885+0200] {processor.py:179} INFO - Processing /home/akhilesh/py39/lib/python3.9/site-packages/airflow/example_dags/subdags/subdag.py took 0.027 seconds
[2023-08-13T23:58:17.333+0200] {processor.py:157} INFO - Started process (PID=439371) to work on /home/akhilesh/py39/lib/python3.9/site-packages/airflow/example_dags/subdags/subdag.py
[2023-08-13T23:58:17.342+0200] {processor.py:826} INFO - Processing file /home/akhilesh/py39/lib/python3.9/site-packages/airflow/example_dags/subdags/subdag.py for tasks to queue
[2023-08-13T23:58:17.343+0200] {logging_mixin.py:150} INFO - [2023-08-13T23:58:17.342+0200] {dagbag.py:541} INFO - Filling up the DagBag from /home/akhilesh/py39/lib/python3.9/site-packages/airflow/example_dags/subdags/subdag.py
[2023-08-13T23:58:17.345+0200] {processor.py:838} WARNING - No viable dags retrieved from /home/akhilesh/py39/lib/python3.9/site-packages/airflow/example_dags/subdags/subdag.py
[2023-08-13T23:58:17.355+0200] {processor.py:179} INFO - Processing /home/akhilesh/py39/lib/python3.9/site-packages/airflow/example_dags/subdags/subdag.py took 0.026 seconds
[2023-08-13T23:59:03.743+0200] {processor.py:157} INFO - Started process (PID=439557) to work on /home/akhilesh/py39/lib/python3.9/site-packages/airflow/example_dags/subdags/subdag.py
[2023-08-13T23:59:03.752+0200] {processor.py:826} INFO - Processing file /home/akhilesh/py39/lib/python3.9/site-packages/airflow/example_dags/subdags/subdag.py for tasks to queue
[2023-08-13T23:59:03.753+0200] {logging_mixin.py:150} INFO - [2023-08-13T23:59:03.753+0200] {dagbag.py:541} INFO - Filling up the DagBag from /home/akhilesh/py39/lib/python3.9/site-packages/airflow/example_dags/subdags/subdag.py
[2023-08-13T23:59:03.756+0200] {processor.py:838} WARNING - No viable dags retrieved from /home/akhilesh/py39/lib/python3.9/site-packages/airflow/example_dags/subdags/subdag.py
[2023-08-13T23:59:03.767+0200] {processor.py:179} INFO - Processing /home/akhilesh/py39/lib/python3.9/site-packages/airflow/example_dags/subdags/subdag.py took 0.027 seconds
[2023-08-13T23:59:52.972+0200] {processor.py:157} INFO - Started process (PID=440024) to work on /home/akhilesh/py39/lib/python3.9/site-packages/airflow/example_dags/subdags/subdag.py
[2023-08-13T23:59:52.981+0200] {processor.py:826} INFO - Processing file /home/akhilesh/py39/lib/python3.9/site-packages/airflow/example_dags/subdags/subdag.py for tasks to queue
[2023-08-13T23:59:52.981+0200] {logging_mixin.py:150} INFO - [2023-08-13T23:59:52.981+0200] {dagbag.py:541} INFO - Filling up the DagBag from /home/akhilesh/py39/lib/python3.9/site-packages/airflow/example_dags/subdags/subdag.py
[2023-08-13T23:59:52.983+0200] {processor.py:838} WARNING - No viable dags retrieved from /home/akhilesh/py39/lib/python3.9/site-packages/airflow/example_dags/subdags/subdag.py
[2023-08-13T23:59:52.993+0200] {processor.py:179} INFO - Processing /home/akhilesh/py39/lib/python3.9/site-packages/airflow/example_dags/subdags/subdag.py took 0.025 seconds
[2023-08-14T00:00:44.987+0200] {processor.py:157} INFO - Started process (PID=440350) to work on /home/akhilesh/py39/lib/python3.9/site-packages/airflow/example_dags/subdags/subdag.py
[2023-08-14T00:00:44.988+0200] {processor.py:826} INFO - Processing file /home/akhilesh/py39/lib/python3.9/site-packages/airflow/example_dags/subdags/subdag.py for tasks to queue
[2023-08-14T00:00:44.989+0200] {logging_mixin.py:150} INFO - [2023-08-14T00:00:44.989+0200] {dagbag.py:541} INFO - Filling up the DagBag from /home/akhilesh/py39/lib/python3.9/site-packages/airflow/example_dags/subdags/subdag.py
[2023-08-14T00:00:44.991+0200] {processor.py:838} WARNING - No viable dags retrieved from /home/akhilesh/py39/lib/python3.9/site-packages/airflow/example_dags/subdags/subdag.py
[2023-08-14T00:00:45.001+0200] {processor.py:179} INFO - Processing /home/akhilesh/py39/lib/python3.9/site-packages/airflow/example_dags/subdags/subdag.py took 0.017 seconds
[2023-08-14T00:01:22.799+0200] {processor.py:157} INFO - Started process (PID=440467) to work on /home/akhilesh/py39/lib/python3.9/site-packages/airflow/example_dags/subdags/subdag.py
[2023-08-14T00:01:22.808+0200] {processor.py:826} INFO - Processing file /home/akhilesh/py39/lib/python3.9/site-packages/airflow/example_dags/subdags/subdag.py for tasks to queue
[2023-08-14T00:01:22.809+0200] {logging_mixin.py:150} INFO - [2023-08-14T00:01:22.809+0200] {dagbag.py:541} INFO - Filling up the DagBag from /home/akhilesh/py39/lib/python3.9/site-packages/airflow/example_dags/subdags/subdag.py
[2023-08-14T00:01:22.810+0200] {processor.py:838} WARNING - No viable dags retrieved from /home/akhilesh/py39/lib/python3.9/site-packages/airflow/example_dags/subdags/subdag.py
[2023-08-14T00:01:22.822+0200] {processor.py:179} INFO - Processing /home/akhilesh/py39/lib/python3.9/site-packages/airflow/example_dags/subdags/subdag.py took 0.026 seconds
[2023-08-14T00:02:10.931+0200] {processor.py:157} INFO - Started process (PID=440659) to work on /home/akhilesh/py39/lib/python3.9/site-packages/airflow/example_dags/subdags/subdag.py
[2023-08-14T00:02:10.940+0200] {processor.py:826} INFO - Processing file /home/akhilesh/py39/lib/python3.9/site-packages/airflow/example_dags/subdags/subdag.py for tasks to queue
[2023-08-14T00:02:10.941+0200] {logging_mixin.py:150} INFO - [2023-08-14T00:02:10.940+0200] {dagbag.py:541} INFO - Filling up the DagBag from /home/akhilesh/py39/lib/python3.9/site-packages/airflow/example_dags/subdags/subdag.py
[2023-08-14T00:02:10.943+0200] {processor.py:838} WARNING - No viable dags retrieved from /home/akhilesh/py39/lib/python3.9/site-packages/airflow/example_dags/subdags/subdag.py
[2023-08-14T00:02:10.956+0200] {processor.py:179} INFO - Processing /home/akhilesh/py39/lib/python3.9/site-packages/airflow/example_dags/subdags/subdag.py took 0.029 seconds
[2023-08-14T00:02:46.118+0200] {processor.py:157} INFO - Started process (PID=440785) to work on /home/akhilesh/py39/lib/python3.9/site-packages/airflow/example_dags/subdags/subdag.py
[2023-08-14T00:02:46.120+0200] {processor.py:826} INFO - Processing file /home/akhilesh/py39/lib/python3.9/site-packages/airflow/example_dags/subdags/subdag.py for tasks to queue
[2023-08-14T00:02:46.121+0200] {logging_mixin.py:150} INFO - [2023-08-14T00:02:46.120+0200] {dagbag.py:541} INFO - Filling up the DagBag from /home/akhilesh/py39/lib/python3.9/site-packages/airflow/example_dags/subdags/subdag.py
[2023-08-14T00:02:46.123+0200] {processor.py:838} WARNING - No viable dags retrieved from /home/akhilesh/py39/lib/python3.9/site-packages/airflow/example_dags/subdags/subdag.py
[2023-08-14T00:02:46.133+0200] {processor.py:179} INFO - Processing /home/akhilesh/py39/lib/python3.9/site-packages/airflow/example_dags/subdags/subdag.py took 0.017 seconds
[2023-08-14T00:03:38.000+0200] {processor.py:157} INFO - Started process (PID=440927) to work on /home/akhilesh/py39/lib/python3.9/site-packages/airflow/example_dags/subdags/subdag.py
[2023-08-14T00:03:38.002+0200] {processor.py:826} INFO - Processing file /home/akhilesh/py39/lib/python3.9/site-packages/airflow/example_dags/subdags/subdag.py for tasks to queue
[2023-08-14T00:03:38.003+0200] {logging_mixin.py:150} INFO - [2023-08-14T00:03:38.002+0200] {dagbag.py:541} INFO - Filling up the DagBag from /home/akhilesh/py39/lib/python3.9/site-packages/airflow/example_dags/subdags/subdag.py
[2023-08-14T00:03:38.004+0200] {processor.py:838} WARNING - No viable dags retrieved from /home/akhilesh/py39/lib/python3.9/site-packages/airflow/example_dags/subdags/subdag.py
[2023-08-14T00:03:38.010+0200] {processor.py:179} INFO - Processing /home/akhilesh/py39/lib/python3.9/site-packages/airflow/example_dags/subdags/subdag.py took 0.014 seconds
[2023-08-14T00:04:26.971+0200] {processor.py:157} INFO - Started process (PID=441063) to work on /home/akhilesh/py39/lib/python3.9/site-packages/airflow/example_dags/subdags/subdag.py
[2023-08-14T00:04:26.980+0200] {processor.py:826} INFO - Processing file /home/akhilesh/py39/lib/python3.9/site-packages/airflow/example_dags/subdags/subdag.py for tasks to queue
[2023-08-14T00:04:26.981+0200] {logging_mixin.py:150} INFO - [2023-08-14T00:04:26.981+0200] {dagbag.py:541} INFO - Filling up the DagBag from /home/akhilesh/py39/lib/python3.9/site-packages/airflow/example_dags/subdags/subdag.py
[2023-08-14T00:04:26.984+0200] {processor.py:838} WARNING - No viable dags retrieved from /home/akhilesh/py39/lib/python3.9/site-packages/airflow/example_dags/subdags/subdag.py
[2023-08-14T00:04:26.995+0200] {processor.py:179} INFO - Processing /home/akhilesh/py39/lib/python3.9/site-packages/airflow/example_dags/subdags/subdag.py took 0.027 seconds
[2023-08-14T00:05:17.259+0200] {processor.py:157} INFO - Started process (PID=441236) to work on /home/akhilesh/py39/lib/python3.9/site-packages/airflow/example_dags/subdags/subdag.py
[2023-08-14T00:05:17.268+0200] {processor.py:826} INFO - Processing file /home/akhilesh/py39/lib/python3.9/site-packages/airflow/example_dags/subdags/subdag.py for tasks to queue
[2023-08-14T00:05:17.269+0200] {logging_mixin.py:150} INFO - [2023-08-14T00:05:17.269+0200] {dagbag.py:541} INFO - Filling up the DagBag from /home/akhilesh/py39/lib/python3.9/site-packages/airflow/example_dags/subdags/subdag.py
[2023-08-14T00:05:17.272+0200] {processor.py:838} WARNING - No viable dags retrieved from /home/akhilesh/py39/lib/python3.9/site-packages/airflow/example_dags/subdags/subdag.py
[2023-08-14T00:05:17.284+0200] {processor.py:179} INFO - Processing /home/akhilesh/py39/lib/python3.9/site-packages/airflow/example_dags/subdags/subdag.py took 0.029 seconds
[2023-08-14T00:06:05.105+0200] {processor.py:157} INFO - Started process (PID=441374) to work on /home/akhilesh/py39/lib/python3.9/site-packages/airflow/example_dags/subdags/subdag.py
[2023-08-14T00:06:05.106+0200] {processor.py:826} INFO - Processing file /home/akhilesh/py39/lib/python3.9/site-packages/airflow/example_dags/subdags/subdag.py for tasks to queue
[2023-08-14T00:06:05.107+0200] {logging_mixin.py:150} INFO - [2023-08-14T00:06:05.107+0200] {dagbag.py:541} INFO - Filling up the DagBag from /home/akhilesh/py39/lib/python3.9/site-packages/airflow/example_dags/subdags/subdag.py
[2023-08-14T00:06:05.108+0200] {processor.py:838} WARNING - No viable dags retrieved from /home/akhilesh/py39/lib/python3.9/site-packages/airflow/example_dags/subdags/subdag.py
[2023-08-14T00:06:05.115+0200] {processor.py:179} INFO - Processing /home/akhilesh/py39/lib/python3.9/site-packages/airflow/example_dags/subdags/subdag.py took 0.013 seconds
[2023-08-14T00:06:56.960+0200] {processor.py:157} INFO - Started process (PID=441524) to work on /home/akhilesh/py39/lib/python3.9/site-packages/airflow/example_dags/subdags/subdag.py
[2023-08-14T00:06:56.969+0200] {processor.py:826} INFO - Processing file /home/akhilesh/py39/lib/python3.9/site-packages/airflow/example_dags/subdags/subdag.py for tasks to queue
[2023-08-14T00:06:56.971+0200] {logging_mixin.py:150} INFO - [2023-08-14T00:06:56.970+0200] {dagbag.py:541} INFO - Filling up the DagBag from /home/akhilesh/py39/lib/python3.9/site-packages/airflow/example_dags/subdags/subdag.py
[2023-08-14T00:06:56.974+0200] {processor.py:838} WARNING - No viable dags retrieved from /home/akhilesh/py39/lib/python3.9/site-packages/airflow/example_dags/subdags/subdag.py
[2023-08-14T00:06:56.987+0200] {processor.py:179} INFO - Processing /home/akhilesh/py39/lib/python3.9/site-packages/airflow/example_dags/subdags/subdag.py took 0.030 seconds
[2023-08-14T00:07:34.529+0200] {processor.py:157} INFO - Started process (PID=441617) to work on /home/akhilesh/py39/lib/python3.9/site-packages/airflow/example_dags/subdags/subdag.py
[2023-08-14T00:07:34.530+0200] {processor.py:826} INFO - Processing file /home/akhilesh/py39/lib/python3.9/site-packages/airflow/example_dags/subdags/subdag.py for tasks to queue
[2023-08-14T00:07:34.531+0200] {logging_mixin.py:150} INFO - [2023-08-14T00:07:34.531+0200] {dagbag.py:541} INFO - Filling up the DagBag from /home/akhilesh/py39/lib/python3.9/site-packages/airflow/example_dags/subdags/subdag.py
[2023-08-14T00:07:34.533+0200] {processor.py:838} WARNING - No viable dags retrieved from /home/akhilesh/py39/lib/python3.9/site-packages/airflow/example_dags/subdags/subdag.py
[2023-08-14T00:07:34.541+0200] {processor.py:179} INFO - Processing /home/akhilesh/py39/lib/python3.9/site-packages/airflow/example_dags/subdags/subdag.py took 0.016 seconds
[2023-08-14T00:08:22.827+0200] {processor.py:157} INFO - Started process (PID=441838) to work on /home/akhilesh/py39/lib/python3.9/site-packages/airflow/example_dags/subdags/subdag.py
[2023-08-14T00:08:22.829+0200] {processor.py:826} INFO - Processing file /home/akhilesh/py39/lib/python3.9/site-packages/airflow/example_dags/subdags/subdag.py for tasks to queue
[2023-08-14T00:08:22.830+0200] {logging_mixin.py:150} INFO - [2023-08-14T00:08:22.829+0200] {dagbag.py:541} INFO - Filling up the DagBag from /home/akhilesh/py39/lib/python3.9/site-packages/airflow/example_dags/subdags/subdag.py
[2023-08-14T00:08:22.832+0200] {processor.py:838} WARNING - No viable dags retrieved from /home/akhilesh/py39/lib/python3.9/site-packages/airflow/example_dags/subdags/subdag.py
[2023-08-14T00:08:22.841+0200] {processor.py:179} INFO - Processing /home/akhilesh/py39/lib/python3.9/site-packages/airflow/example_dags/subdags/subdag.py took 0.017 seconds
[2023-08-14T00:09:10.722+0200] {processor.py:157} INFO - Started process (PID=441952) to work on /home/akhilesh/py39/lib/python3.9/site-packages/airflow/example_dags/subdags/subdag.py
[2023-08-14T00:09:10.731+0200] {processor.py:826} INFO - Processing file /home/akhilesh/py39/lib/python3.9/site-packages/airflow/example_dags/subdags/subdag.py for tasks to queue
[2023-08-14T00:09:10.732+0200] {logging_mixin.py:150} INFO - [2023-08-14T00:09:10.732+0200] {dagbag.py:541} INFO - Filling up the DagBag from /home/akhilesh/py39/lib/python3.9/site-packages/airflow/example_dags/subdags/subdag.py
[2023-08-14T00:09:10.735+0200] {processor.py:838} WARNING - No viable dags retrieved from /home/akhilesh/py39/lib/python3.9/site-packages/airflow/example_dags/subdags/subdag.py
[2023-08-14T00:09:10.746+0200] {processor.py:179} INFO - Processing /home/akhilesh/py39/lib/python3.9/site-packages/airflow/example_dags/subdags/subdag.py took 0.028 seconds
[2023-08-14T00:09:47.478+0200] {processor.py:157} INFO - Started process (PID=442117) to work on /home/akhilesh/py39/lib/python3.9/site-packages/airflow/example_dags/subdags/subdag.py
[2023-08-14T00:09:47.487+0200] {processor.py:826} INFO - Processing file /home/akhilesh/py39/lib/python3.9/site-packages/airflow/example_dags/subdags/subdag.py for tasks to queue
[2023-08-14T00:09:47.488+0200] {logging_mixin.py:150} INFO - [2023-08-14T00:09:47.488+0200] {dagbag.py:541} INFO - Filling up the DagBag from /home/akhilesh/py39/lib/python3.9/site-packages/airflow/example_dags/subdags/subdag.py
[2023-08-14T00:09:47.491+0200] {processor.py:838} WARNING - No viable dags retrieved from /home/akhilesh/py39/lib/python3.9/site-packages/airflow/example_dags/subdags/subdag.py
[2023-08-14T00:09:47.502+0200] {processor.py:179} INFO - Processing /home/akhilesh/py39/lib/python3.9/site-packages/airflow/example_dags/subdags/subdag.py took 0.027 seconds
[2023-08-14T00:10:32.520+0200] {processor.py:157} INFO - Started process (PID=442249) to work on /home/akhilesh/py39/lib/python3.9/site-packages/airflow/example_dags/subdags/subdag.py
[2023-08-14T00:10:32.529+0200] {processor.py:826} INFO - Processing file /home/akhilesh/py39/lib/python3.9/site-packages/airflow/example_dags/subdags/subdag.py for tasks to queue
[2023-08-14T00:10:32.530+0200] {logging_mixin.py:150} INFO - [2023-08-14T00:10:32.530+0200] {dagbag.py:541} INFO - Filling up the DagBag from /home/akhilesh/py39/lib/python3.9/site-packages/airflow/example_dags/subdags/subdag.py
[2023-08-14T00:10:32.532+0200] {processor.py:838} WARNING - No viable dags retrieved from /home/akhilesh/py39/lib/python3.9/site-packages/airflow/example_dags/subdags/subdag.py
[2023-08-14T00:10:32.542+0200] {processor.py:179} INFO - Processing /home/akhilesh/py39/lib/python3.9/site-packages/airflow/example_dags/subdags/subdag.py took 0.026 seconds
[2023-08-14T00:11:08.763+0200] {processor.py:157} INFO - Started process (PID=442344) to work on /home/akhilesh/py39/lib/python3.9/site-packages/airflow/example_dags/subdags/subdag.py
[2023-08-14T00:11:08.772+0200] {processor.py:826} INFO - Processing file /home/akhilesh/py39/lib/python3.9/site-packages/airflow/example_dags/subdags/subdag.py for tasks to queue
[2023-08-14T00:11:08.774+0200] {logging_mixin.py:150} INFO - [2023-08-14T00:11:08.773+0200] {dagbag.py:541} INFO - Filling up the DagBag from /home/akhilesh/py39/lib/python3.9/site-packages/airflow/example_dags/subdags/subdag.py
[2023-08-14T00:11:08.776+0200] {processor.py:838} WARNING - No viable dags retrieved from /home/akhilesh/py39/lib/python3.9/site-packages/airflow/example_dags/subdags/subdag.py
[2023-08-14T00:11:08.789+0200] {processor.py:179} INFO - Processing /home/akhilesh/py39/lib/python3.9/site-packages/airflow/example_dags/subdags/subdag.py took 0.030 seconds
[2023-08-14T00:11:46.394+0200] {processor.py:157} INFO - Started process (PID=442532) to work on /home/akhilesh/py39/lib/python3.9/site-packages/airflow/example_dags/subdags/subdag.py
[2023-08-14T00:11:46.403+0200] {processor.py:826} INFO - Processing file /home/akhilesh/py39/lib/python3.9/site-packages/airflow/example_dags/subdags/subdag.py for tasks to queue
[2023-08-14T00:11:46.404+0200] {logging_mixin.py:150} INFO - [2023-08-14T00:11:46.404+0200] {dagbag.py:541} INFO - Filling up the DagBag from /home/akhilesh/py39/lib/python3.9/site-packages/airflow/example_dags/subdags/subdag.py
[2023-08-14T00:11:46.406+0200] {processor.py:838} WARNING - No viable dags retrieved from /home/akhilesh/py39/lib/python3.9/site-packages/airflow/example_dags/subdags/subdag.py
[2023-08-14T00:11:46.417+0200] {processor.py:179} INFO - Processing /home/akhilesh/py39/lib/python3.9/site-packages/airflow/example_dags/subdags/subdag.py took 0.026 seconds
[2023-08-14T00:12:37.693+0200] {processor.py:157} INFO - Started process (PID=442727) to work on /home/akhilesh/py39/lib/python3.9/site-packages/airflow/example_dags/subdags/subdag.py
[2023-08-14T00:12:37.702+0200] {processor.py:826} INFO - Processing file /home/akhilesh/py39/lib/python3.9/site-packages/airflow/example_dags/subdags/subdag.py for tasks to queue
[2023-08-14T00:12:37.703+0200] {logging_mixin.py:150} INFO - [2023-08-14T00:12:37.703+0200] {dagbag.py:541} INFO - Filling up the DagBag from /home/akhilesh/py39/lib/python3.9/site-packages/airflow/example_dags/subdags/subdag.py
[2023-08-14T00:12:37.707+0200] {processor.py:838} WARNING - No viable dags retrieved from /home/akhilesh/py39/lib/python3.9/site-packages/airflow/example_dags/subdags/subdag.py
[2023-08-14T00:12:37.717+0200] {processor.py:179} INFO - Processing /home/akhilesh/py39/lib/python3.9/site-packages/airflow/example_dags/subdags/subdag.py took 0.028 seconds
[2023-08-14T00:13:30.253+0200] {processor.py:157} INFO - Started process (PID=442955) to work on /home/akhilesh/py39/lib/python3.9/site-packages/airflow/example_dags/subdags/subdag.py
[2023-08-14T00:13:30.262+0200] {processor.py:826} INFO - Processing file /home/akhilesh/py39/lib/python3.9/site-packages/airflow/example_dags/subdags/subdag.py for tasks to queue
[2023-08-14T00:13:30.264+0200] {logging_mixin.py:150} INFO - [2023-08-14T00:13:30.263+0200] {dagbag.py:541} INFO - Filling up the DagBag from /home/akhilesh/py39/lib/python3.9/site-packages/airflow/example_dags/subdags/subdag.py
[2023-08-14T00:13:30.267+0200] {processor.py:838} WARNING - No viable dags retrieved from /home/akhilesh/py39/lib/python3.9/site-packages/airflow/example_dags/subdags/subdag.py
[2023-08-14T00:13:30.278+0200] {processor.py:179} INFO - Processing /home/akhilesh/py39/lib/python3.9/site-packages/airflow/example_dags/subdags/subdag.py took 0.029 seconds
[2023-08-14T00:14:07.143+0200] {processor.py:157} INFO - Started process (PID=443164) to work on /home/akhilesh/py39/lib/python3.9/site-packages/airflow/example_dags/subdags/subdag.py
[2023-08-14T00:14:07.152+0200] {processor.py:826} INFO - Processing file /home/akhilesh/py39/lib/python3.9/site-packages/airflow/example_dags/subdags/subdag.py for tasks to queue
[2023-08-14T00:14:07.153+0200] {logging_mixin.py:150} INFO - [2023-08-14T00:14:07.153+0200] {dagbag.py:541} INFO - Filling up the DagBag from /home/akhilesh/py39/lib/python3.9/site-packages/airflow/example_dags/subdags/subdag.py
[2023-08-14T00:14:07.156+0200] {processor.py:838} WARNING - No viable dags retrieved from /home/akhilesh/py39/lib/python3.9/site-packages/airflow/example_dags/subdags/subdag.py
[2023-08-14T00:14:07.167+0200] {processor.py:179} INFO - Processing /home/akhilesh/py39/lib/python3.9/site-packages/airflow/example_dags/subdags/subdag.py took 0.028 seconds
[2023-08-14T00:14:55.524+0200] {processor.py:157} INFO - Started process (PID=443656) to work on /home/akhilesh/py39/lib/python3.9/site-packages/airflow/example_dags/subdags/subdag.py
[2023-08-14T00:14:55.525+0200] {processor.py:826} INFO - Processing file /home/akhilesh/py39/lib/python3.9/site-packages/airflow/example_dags/subdags/subdag.py for tasks to queue
[2023-08-14T00:14:55.526+0200] {logging_mixin.py:150} INFO - [2023-08-14T00:14:55.526+0200] {dagbag.py:541} INFO - Filling up the DagBag from /home/akhilesh/py39/lib/python3.9/site-packages/airflow/example_dags/subdags/subdag.py
[2023-08-14T00:14:55.527+0200] {processor.py:838} WARNING - No viable dags retrieved from /home/akhilesh/py39/lib/python3.9/site-packages/airflow/example_dags/subdags/subdag.py
[2023-08-14T00:14:55.533+0200] {processor.py:179} INFO - Processing /home/akhilesh/py39/lib/python3.9/site-packages/airflow/example_dags/subdags/subdag.py took 0.013 seconds
[2023-08-14T00:15:44.032+0200] {processor.py:157} INFO - Started process (PID=443922) to work on /home/akhilesh/py39/lib/python3.9/site-packages/airflow/example_dags/subdags/subdag.py
[2023-08-14T00:15:44.034+0200] {processor.py:826} INFO - Processing file /home/akhilesh/py39/lib/python3.9/site-packages/airflow/example_dags/subdags/subdag.py for tasks to queue
[2023-08-14T00:15:44.034+0200] {logging_mixin.py:150} INFO - [2023-08-14T00:15:44.034+0200] {dagbag.py:541} INFO - Filling up the DagBag from /home/akhilesh/py39/lib/python3.9/site-packages/airflow/example_dags/subdags/subdag.py
[2023-08-14T00:15:44.036+0200] {processor.py:838} WARNING - No viable dags retrieved from /home/akhilesh/py39/lib/python3.9/site-packages/airflow/example_dags/subdags/subdag.py
[2023-08-14T00:15:44.045+0200] {processor.py:179} INFO - Processing /home/akhilesh/py39/lib/python3.9/site-packages/airflow/example_dags/subdags/subdag.py took 0.017 seconds
[2023-08-14T00:16:30.668+0200] {processor.py:157} INFO - Started process (PID=444310) to work on /home/akhilesh/py39/lib/python3.9/site-packages/airflow/example_dags/subdags/subdag.py
[2023-08-14T00:16:30.677+0200] {processor.py:826} INFO - Processing file /home/akhilesh/py39/lib/python3.9/site-packages/airflow/example_dags/subdags/subdag.py for tasks to queue
[2023-08-14T00:16:30.678+0200] {logging_mixin.py:150} INFO - [2023-08-14T00:16:30.677+0200] {dagbag.py:541} INFO - Filling up the DagBag from /home/akhilesh/py39/lib/python3.9/site-packages/airflow/example_dags/subdags/subdag.py
[2023-08-14T00:16:30.680+0200] {processor.py:838} WARNING - No viable dags retrieved from /home/akhilesh/py39/lib/python3.9/site-packages/airflow/example_dags/subdags/subdag.py
[2023-08-14T00:16:30.692+0200] {processor.py:179} INFO - Processing /home/akhilesh/py39/lib/python3.9/site-packages/airflow/example_dags/subdags/subdag.py took 0.028 seconds
[2023-08-14T00:17:06.686+0200] {processor.py:157} INFO - Started process (PID=444478) to work on /home/akhilesh/py39/lib/python3.9/site-packages/airflow/example_dags/subdags/subdag.py
[2023-08-14T00:17:06.695+0200] {processor.py:826} INFO - Processing file /home/akhilesh/py39/lib/python3.9/site-packages/airflow/example_dags/subdags/subdag.py for tasks to queue
[2023-08-14T00:17:06.696+0200] {logging_mixin.py:150} INFO - [2023-08-14T00:17:06.695+0200] {dagbag.py:541} INFO - Filling up the DagBag from /home/akhilesh/py39/lib/python3.9/site-packages/airflow/example_dags/subdags/subdag.py
[2023-08-14T00:17:06.699+0200] {processor.py:838} WARNING - No viable dags retrieved from /home/akhilesh/py39/lib/python3.9/site-packages/airflow/example_dags/subdags/subdag.py
[2023-08-14T00:17:06.709+0200] {processor.py:179} INFO - Processing /home/akhilesh/py39/lib/python3.9/site-packages/airflow/example_dags/subdags/subdag.py took 0.026 seconds
[2023-08-14T00:17:55.251+0200] {processor.py:157} INFO - Started process (PID=444648) to work on /home/akhilesh/py39/lib/python3.9/site-packages/airflow/example_dags/subdags/subdag.py
[2023-08-14T00:17:55.252+0200] {processor.py:826} INFO - Processing file /home/akhilesh/py39/lib/python3.9/site-packages/airflow/example_dags/subdags/subdag.py for tasks to queue
[2023-08-14T00:17:55.253+0200] {logging_mixin.py:150} INFO - [2023-08-14T00:17:55.253+0200] {dagbag.py:541} INFO - Filling up the DagBag from /home/akhilesh/py39/lib/python3.9/site-packages/airflow/example_dags/subdags/subdag.py
[2023-08-14T00:17:55.256+0200] {processor.py:838} WARNING - No viable dags retrieved from /home/akhilesh/py39/lib/python3.9/site-packages/airflow/example_dags/subdags/subdag.py
[2023-08-14T00:17:55.263+0200] {processor.py:179} INFO - Processing /home/akhilesh/py39/lib/python3.9/site-packages/airflow/example_dags/subdags/subdag.py took 0.016 seconds
[2023-08-14T00:18:46.793+0200] {processor.py:157} INFO - Started process (PID=444767) to work on /home/akhilesh/py39/lib/python3.9/site-packages/airflow/example_dags/subdags/subdag.py
[2023-08-14T00:18:46.795+0200] {processor.py:826} INFO - Processing file /home/akhilesh/py39/lib/python3.9/site-packages/airflow/example_dags/subdags/subdag.py for tasks to queue
[2023-08-14T00:18:46.796+0200] {logging_mixin.py:150} INFO - [2023-08-14T00:18:46.795+0200] {dagbag.py:541} INFO - Filling up the DagBag from /home/akhilesh/py39/lib/python3.9/site-packages/airflow/example_dags/subdags/subdag.py
[2023-08-14T00:18:46.799+0200] {processor.py:838} WARNING - No viable dags retrieved from /home/akhilesh/py39/lib/python3.9/site-packages/airflow/example_dags/subdags/subdag.py
[2023-08-14T00:18:46.806+0200] {processor.py:179} INFO - Processing /home/akhilesh/py39/lib/python3.9/site-packages/airflow/example_dags/subdags/subdag.py took 0.017 seconds
[2023-08-14T00:45:06.367+0200] {processor.py:157} INFO - Started process (PID=450033) to work on /home/akhilesh/py39/lib/python3.9/site-packages/airflow/example_dags/subdags/subdag.py
[2023-08-14T00:45:06.368+0200] {processor.py:826} INFO - Processing file /home/akhilesh/py39/lib/python3.9/site-packages/airflow/example_dags/subdags/subdag.py for tasks to queue
[2023-08-14T00:45:06.368+0200] {logging_mixin.py:150} INFO - [2023-08-14T00:45:06.368+0200] {dagbag.py:541} INFO - Filling up the DagBag from /home/akhilesh/py39/lib/python3.9/site-packages/airflow/example_dags/subdags/subdag.py
[2023-08-14T00:45:06.371+0200] {processor.py:838} WARNING - No viable dags retrieved from /home/akhilesh/py39/lib/python3.9/site-packages/airflow/example_dags/subdags/subdag.py
[2023-08-14T00:45:06.379+0200] {processor.py:179} INFO - Processing /home/akhilesh/py39/lib/python3.9/site-packages/airflow/example_dags/subdags/subdag.py took 0.015 seconds
[2023-08-14T00:45:40.907+0200] {processor.py:157} INFO - Started process (PID=450370) to work on /home/akhilesh/py39/lib/python3.9/site-packages/airflow/example_dags/subdags/subdag.py
[2023-08-14T00:45:40.908+0200] {processor.py:826} INFO - Processing file /home/akhilesh/py39/lib/python3.9/site-packages/airflow/example_dags/subdags/subdag.py for tasks to queue
[2023-08-14T00:45:40.909+0200] {logging_mixin.py:150} INFO - [2023-08-14T00:45:40.909+0200] {dagbag.py:541} INFO - Filling up the DagBag from /home/akhilesh/py39/lib/python3.9/site-packages/airflow/example_dags/subdags/subdag.py
[2023-08-14T00:45:40.911+0200] {processor.py:838} WARNING - No viable dags retrieved from /home/akhilesh/py39/lib/python3.9/site-packages/airflow/example_dags/subdags/subdag.py
[2023-08-14T00:45:40.918+0200] {processor.py:179} INFO - Processing /home/akhilesh/py39/lib/python3.9/site-packages/airflow/example_dags/subdags/subdag.py took 0.014 seconds
[2023-08-14T00:46:19.590+0200] {processor.py:157} INFO - Started process (PID=450675) to work on /home/akhilesh/py39/lib/python3.9/site-packages/airflow/example_dags/subdags/subdag.py
[2023-08-14T00:46:19.591+0200] {processor.py:826} INFO - Processing file /home/akhilesh/py39/lib/python3.9/site-packages/airflow/example_dags/subdags/subdag.py for tasks to queue
[2023-08-14T00:46:19.591+0200] {logging_mixin.py:150} INFO - [2023-08-14T00:46:19.591+0200] {dagbag.py:541} INFO - Filling up the DagBag from /home/akhilesh/py39/lib/python3.9/site-packages/airflow/example_dags/subdags/subdag.py
[2023-08-14T00:46:19.593+0200] {processor.py:838} WARNING - No viable dags retrieved from /home/akhilesh/py39/lib/python3.9/site-packages/airflow/example_dags/subdags/subdag.py
[2023-08-14T00:46:19.601+0200] {processor.py:179} INFO - Processing /home/akhilesh/py39/lib/python3.9/site-packages/airflow/example_dags/subdags/subdag.py took 0.015 seconds
[2023-08-14T00:46:55.543+0200] {processor.py:157} INFO - Started process (PID=450770) to work on /home/akhilesh/py39/lib/python3.9/site-packages/airflow/example_dags/subdags/subdag.py
[2023-08-14T00:46:55.552+0200] {processor.py:826} INFO - Processing file /home/akhilesh/py39/lib/python3.9/site-packages/airflow/example_dags/subdags/subdag.py for tasks to queue
[2023-08-14T00:46:55.553+0200] {logging_mixin.py:150} INFO - [2023-08-14T00:46:55.553+0200] {dagbag.py:541} INFO - Filling up the DagBag from /home/akhilesh/py39/lib/python3.9/site-packages/airflow/example_dags/subdags/subdag.py
[2023-08-14T00:46:55.556+0200] {processor.py:838} WARNING - No viable dags retrieved from /home/akhilesh/py39/lib/python3.9/site-packages/airflow/example_dags/subdags/subdag.py
[2023-08-14T00:46:55.567+0200] {processor.py:179} INFO - Processing /home/akhilesh/py39/lib/python3.9/site-packages/airflow/example_dags/subdags/subdag.py took 0.027 seconds
[2023-08-14T00:47:47.180+0200] {processor.py:157} INFO - Started process (PID=450909) to work on /home/akhilesh/py39/lib/python3.9/site-packages/airflow/example_dags/subdags/subdag.py
[2023-08-14T00:47:47.182+0200] {processor.py:826} INFO - Processing file /home/akhilesh/py39/lib/python3.9/site-packages/airflow/example_dags/subdags/subdag.py for tasks to queue
[2023-08-14T00:47:47.183+0200] {logging_mixin.py:150} INFO - [2023-08-14T00:47:47.182+0200] {dagbag.py:541} INFO - Filling up the DagBag from /home/akhilesh/py39/lib/python3.9/site-packages/airflow/example_dags/subdags/subdag.py
[2023-08-14T00:47:47.184+0200] {processor.py:838} WARNING - No viable dags retrieved from /home/akhilesh/py39/lib/python3.9/site-packages/airflow/example_dags/subdags/subdag.py
[2023-08-14T00:47:47.190+0200] {processor.py:179} INFO - Processing /home/akhilesh/py39/lib/python3.9/site-packages/airflow/example_dags/subdags/subdag.py took 0.013 seconds
[2023-08-14T00:48:39.883+0200] {processor.py:157} INFO - Started process (PID=451024) to work on /home/akhilesh/py39/lib/python3.9/site-packages/airflow/example_dags/subdags/subdag.py
[2023-08-14T00:48:39.892+0200] {processor.py:826} INFO - Processing file /home/akhilesh/py39/lib/python3.9/site-packages/airflow/example_dags/subdags/subdag.py for tasks to queue
[2023-08-14T00:48:39.893+0200] {logging_mixin.py:150} INFO - [2023-08-14T00:48:39.893+0200] {dagbag.py:541} INFO - Filling up the DagBag from /home/akhilesh/py39/lib/python3.9/site-packages/airflow/example_dags/subdags/subdag.py
[2023-08-14T00:48:39.896+0200] {processor.py:838} WARNING - No viable dags retrieved from /home/akhilesh/py39/lib/python3.9/site-packages/airflow/example_dags/subdags/subdag.py
[2023-08-14T00:48:39.908+0200] {processor.py:179} INFO - Processing /home/akhilesh/py39/lib/python3.9/site-packages/airflow/example_dags/subdags/subdag.py took 0.028 seconds
