[2023-08-13T23:08:37.529+0200] {processor.py:157} INFO - Started process (PID=427458) to work on /home/akhilesh/py39/lib/python3.9/site-packages/airflow/example_dags/example_setup_teardown_taskflow.py
[2023-08-13T23:08:37.530+0200] {processor.py:826} INFO - Processing file /home/akhilesh/py39/lib/python3.9/site-packages/airflow/example_dags/example_setup_teardown_taskflow.py for tasks to queue
[2023-08-13T23:08:37.531+0200] {logging_mixin.py:150} INFO - [2023-08-13T23:08:37.531+0200] {dagbag.py:541} INFO - Filling up the DagBag from /home/akhilesh/py39/lib/python3.9/site-packages/airflow/example_dags/example_setup_teardown_taskflow.py
[2023-08-13T23:08:37.532+0200] {processor.py:838} WARNING - No viable dags retrieved from /home/akhilesh/py39/lib/python3.9/site-packages/airflow/example_dags/example_setup_teardown_taskflow.py
[2023-08-13T23:08:37.538+0200] {processor.py:179} INFO - Processing /home/akhilesh/py39/lib/python3.9/site-packages/airflow/example_dags/example_setup_teardown_taskflow.py took 0.013 seconds
[2023-08-13T23:09:32.694+0200] {processor.py:157} INFO - Started process (PID=427621) to work on /home/akhilesh/py39/lib/python3.9/site-packages/airflow/example_dags/example_setup_teardown_taskflow.py
[2023-08-13T23:09:32.702+0200] {processor.py:826} INFO - Processing file /home/akhilesh/py39/lib/python3.9/site-packages/airflow/example_dags/example_setup_teardown_taskflow.py for tasks to queue
[2023-08-13T23:09:32.703+0200] {logging_mixin.py:150} INFO - [2023-08-13T23:09:32.703+0200] {dagbag.py:541} INFO - Filling up the DagBag from /home/akhilesh/py39/lib/python3.9/site-packages/airflow/example_dags/example_setup_teardown_taskflow.py
[2023-08-13T23:09:32.705+0200] {processor.py:838} WARNING - No viable dags retrieved from /home/akhilesh/py39/lib/python3.9/site-packages/airflow/example_dags/example_setup_teardown_taskflow.py
[2023-08-13T23:09:32.717+0200] {processor.py:179} INFO - Processing /home/akhilesh/py39/lib/python3.9/site-packages/airflow/example_dags/example_setup_teardown_taskflow.py took 0.026 seconds
[2023-08-13T23:10:20.847+0200] {processor.py:157} INFO - Started process (PID=427857) to work on /home/akhilesh/py39/lib/python3.9/site-packages/airflow/example_dags/example_setup_teardown_taskflow.py
[2023-08-13T23:10:20.856+0200] {processor.py:826} INFO - Processing file /home/akhilesh/py39/lib/python3.9/site-packages/airflow/example_dags/example_setup_teardown_taskflow.py for tasks to queue
[2023-08-13T23:10:20.857+0200] {logging_mixin.py:150} INFO - [2023-08-13T23:10:20.857+0200] {dagbag.py:541} INFO - Filling up the DagBag from /home/akhilesh/py39/lib/python3.9/site-packages/airflow/example_dags/example_setup_teardown_taskflow.py
[2023-08-13T23:10:20.859+0200] {processor.py:838} WARNING - No viable dags retrieved from /home/akhilesh/py39/lib/python3.9/site-packages/airflow/example_dags/example_setup_teardown_taskflow.py
[2023-08-13T23:10:20.869+0200] {processor.py:179} INFO - Processing /home/akhilesh/py39/lib/python3.9/site-packages/airflow/example_dags/example_setup_teardown_taskflow.py took 0.025 seconds
[2023-08-13T23:11:21.719+0200] {processor.py:157} INFO - Started process (PID=428097) to work on /home/akhilesh/py39/lib/python3.9/site-packages/airflow/example_dags/example_setup_teardown_taskflow.py
[2023-08-13T23:11:21.728+0200] {processor.py:826} INFO - Processing file /home/akhilesh/py39/lib/python3.9/site-packages/airflow/example_dags/example_setup_teardown_taskflow.py for tasks to queue
[2023-08-13T23:11:21.729+0200] {logging_mixin.py:150} INFO - [2023-08-13T23:11:21.729+0200] {dagbag.py:541} INFO - Filling up the DagBag from /home/akhilesh/py39/lib/python3.9/site-packages/airflow/example_dags/example_setup_teardown_taskflow.py
[2023-08-13T23:11:21.732+0200] {processor.py:838} WARNING - No viable dags retrieved from /home/akhilesh/py39/lib/python3.9/site-packages/airflow/example_dags/example_setup_teardown_taskflow.py
[2023-08-13T23:11:21.741+0200] {processor.py:179} INFO - Processing /home/akhilesh/py39/lib/python3.9/site-packages/airflow/example_dags/example_setup_teardown_taskflow.py took 0.026 seconds
[2023-08-13T23:14:21.719+0200] {processor.py:157} INFO - Started process (PID=429243) to work on /home/akhilesh/py39/lib/python3.9/site-packages/airflow/example_dags/example_setup_teardown_taskflow.py
[2023-08-13T23:14:21.728+0200] {processor.py:826} INFO - Processing file /home/akhilesh/py39/lib/python3.9/site-packages/airflow/example_dags/example_setup_teardown_taskflow.py for tasks to queue
[2023-08-13T23:14:21.729+0200] {logging_mixin.py:150} INFO - [2023-08-13T23:14:21.728+0200] {dagbag.py:541} INFO - Filling up the DagBag from /home/akhilesh/py39/lib/python3.9/site-packages/airflow/example_dags/example_setup_teardown_taskflow.py
[2023-08-13T23:14:21.732+0200] {processor.py:838} WARNING - No viable dags retrieved from /home/akhilesh/py39/lib/python3.9/site-packages/airflow/example_dags/example_setup_teardown_taskflow.py
[2023-08-13T23:14:21.742+0200] {processor.py:179} INFO - Processing /home/akhilesh/py39/lib/python3.9/site-packages/airflow/example_dags/example_setup_teardown_taskflow.py took 0.027 seconds
[2023-08-13T23:15:13.599+0200] {processor.py:157} INFO - Started process (PID=429749) to work on /home/akhilesh/py39/lib/python3.9/site-packages/airflow/example_dags/example_setup_teardown_taskflow.py
[2023-08-13T23:15:13.600+0200] {processor.py:826} INFO - Processing file /home/akhilesh/py39/lib/python3.9/site-packages/airflow/example_dags/example_setup_teardown_taskflow.py for tasks to queue
[2023-08-13T23:15:13.601+0200] {logging_mixin.py:150} INFO - [2023-08-13T23:15:13.600+0200] {dagbag.py:541} INFO - Filling up the DagBag from /home/akhilesh/py39/lib/python3.9/site-packages/airflow/example_dags/example_setup_teardown_taskflow.py
[2023-08-13T23:15:13.603+0200] {processor.py:838} WARNING - No viable dags retrieved from /home/akhilesh/py39/lib/python3.9/site-packages/airflow/example_dags/example_setup_teardown_taskflow.py
[2023-08-13T23:15:13.611+0200] {processor.py:179} INFO - Processing /home/akhilesh/py39/lib/python3.9/site-packages/airflow/example_dags/example_setup_teardown_taskflow.py took 0.016 seconds
[2023-08-13T23:16:06.998+0200] {processor.py:157} INFO - Started process (PID=430030) to work on /home/akhilesh/py39/lib/python3.9/site-packages/airflow/example_dags/example_setup_teardown_taskflow.py
[2023-08-13T23:16:07.007+0200] {processor.py:826} INFO - Processing file /home/akhilesh/py39/lib/python3.9/site-packages/airflow/example_dags/example_setup_teardown_taskflow.py for tasks to queue
[2023-08-13T23:16:07.008+0200] {logging_mixin.py:150} INFO - [2023-08-13T23:16:07.008+0200] {dagbag.py:541} INFO - Filling up the DagBag from /home/akhilesh/py39/lib/python3.9/site-packages/airflow/example_dags/example_setup_teardown_taskflow.py
[2023-08-13T23:16:07.011+0200] {processor.py:838} WARNING - No viable dags retrieved from /home/akhilesh/py39/lib/python3.9/site-packages/airflow/example_dags/example_setup_teardown_taskflow.py
[2023-08-13T23:16:07.024+0200] {processor.py:179} INFO - Processing /home/akhilesh/py39/lib/python3.9/site-packages/airflow/example_dags/example_setup_teardown_taskflow.py took 0.029 seconds
[2023-08-13T23:16:58.239+0200] {processor.py:157} INFO - Started process (PID=430179) to work on /home/akhilesh/py39/lib/python3.9/site-packages/airflow/example_dags/example_setup_teardown_taskflow.py
[2023-08-13T23:16:58.248+0200] {processor.py:826} INFO - Processing file /home/akhilesh/py39/lib/python3.9/site-packages/airflow/example_dags/example_setup_teardown_taskflow.py for tasks to queue
[2023-08-13T23:16:58.250+0200] {logging_mixin.py:150} INFO - [2023-08-13T23:16:58.249+0200] {dagbag.py:541} INFO - Filling up the DagBag from /home/akhilesh/py39/lib/python3.9/site-packages/airflow/example_dags/example_setup_teardown_taskflow.py
[2023-08-13T23:16:58.254+0200] {processor.py:838} WARNING - No viable dags retrieved from /home/akhilesh/py39/lib/python3.9/site-packages/airflow/example_dags/example_setup_teardown_taskflow.py
[2023-08-13T23:16:58.266+0200] {processor.py:179} INFO - Processing /home/akhilesh/py39/lib/python3.9/site-packages/airflow/example_dags/example_setup_teardown_taskflow.py took 0.030 seconds
[2023-08-13T23:17:48.445+0200] {processor.py:157} INFO - Started process (PID=430309) to work on /home/akhilesh/py39/lib/python3.9/site-packages/airflow/example_dags/example_setup_teardown_taskflow.py
[2023-08-13T23:17:48.446+0200] {processor.py:826} INFO - Processing file /home/akhilesh/py39/lib/python3.9/site-packages/airflow/example_dags/example_setup_teardown_taskflow.py for tasks to queue
[2023-08-13T23:17:48.447+0200] {logging_mixin.py:150} INFO - [2023-08-13T23:17:48.447+0200] {dagbag.py:541} INFO - Filling up the DagBag from /home/akhilesh/py39/lib/python3.9/site-packages/airflow/example_dags/example_setup_teardown_taskflow.py
[2023-08-13T23:17:48.450+0200] {processor.py:838} WARNING - No viable dags retrieved from /home/akhilesh/py39/lib/python3.9/site-packages/airflow/example_dags/example_setup_teardown_taskflow.py
[2023-08-13T23:17:48.458+0200] {processor.py:179} INFO - Processing /home/akhilesh/py39/lib/python3.9/site-packages/airflow/example_dags/example_setup_teardown_taskflow.py took 0.017 seconds
[2023-08-13T23:18:37.843+0200] {processor.py:157} INFO - Started process (PID=430498) to work on /home/akhilesh/py39/lib/python3.9/site-packages/airflow/example_dags/example_setup_teardown_taskflow.py
[2023-08-13T23:18:37.844+0200] {processor.py:826} INFO - Processing file /home/akhilesh/py39/lib/python3.9/site-packages/airflow/example_dags/example_setup_teardown_taskflow.py for tasks to queue
[2023-08-13T23:18:37.844+0200] {logging_mixin.py:150} INFO - [2023-08-13T23:18:37.844+0200] {dagbag.py:541} INFO - Filling up the DagBag from /home/akhilesh/py39/lib/python3.9/site-packages/airflow/example_dags/example_setup_teardown_taskflow.py
[2023-08-13T23:18:37.847+0200] {processor.py:838} WARNING - No viable dags retrieved from /home/akhilesh/py39/lib/python3.9/site-packages/airflow/example_dags/example_setup_teardown_taskflow.py
[2023-08-13T23:18:37.855+0200] {processor.py:179} INFO - Processing /home/akhilesh/py39/lib/python3.9/site-packages/airflow/example_dags/example_setup_teardown_taskflow.py took 0.014 seconds
[2023-08-13T23:19:25.961+0200] {processor.py:157} INFO - Started process (PID=430633) to work on /home/akhilesh/py39/lib/python3.9/site-packages/airflow/example_dags/example_setup_teardown_taskflow.py
[2023-08-13T23:19:25.963+0200] {processor.py:826} INFO - Processing file /home/akhilesh/py39/lib/python3.9/site-packages/airflow/example_dags/example_setup_teardown_taskflow.py for tasks to queue
[2023-08-13T23:19:25.964+0200] {logging_mixin.py:150} INFO - [2023-08-13T23:19:25.963+0200] {dagbag.py:541} INFO - Filling up the DagBag from /home/akhilesh/py39/lib/python3.9/site-packages/airflow/example_dags/example_setup_teardown_taskflow.py
[2023-08-13T23:19:25.967+0200] {processor.py:838} WARNING - No viable dags retrieved from /home/akhilesh/py39/lib/python3.9/site-packages/airflow/example_dags/example_setup_teardown_taskflow.py
[2023-08-13T23:19:25.977+0200] {processor.py:179} INFO - Processing /home/akhilesh/py39/lib/python3.9/site-packages/airflow/example_dags/example_setup_teardown_taskflow.py took 0.020 seconds
[2023-08-13T23:20:15.651+0200] {processor.py:157} INFO - Started process (PID=430808) to work on /home/akhilesh/py39/lib/python3.9/site-packages/airflow/example_dags/example_setup_teardown_taskflow.py
[2023-08-13T23:20:15.654+0200] {processor.py:826} INFO - Processing file /home/akhilesh/py39/lib/python3.9/site-packages/airflow/example_dags/example_setup_teardown_taskflow.py for tasks to queue
[2023-08-13T23:20:15.655+0200] {logging_mixin.py:150} INFO - [2023-08-13T23:20:15.655+0200] {dagbag.py:541} INFO - Filling up the DagBag from /home/akhilesh/py39/lib/python3.9/site-packages/airflow/example_dags/example_setup_teardown_taskflow.py
[2023-08-13T23:20:15.658+0200] {processor.py:838} WARNING - No viable dags retrieved from /home/akhilesh/py39/lib/python3.9/site-packages/airflow/example_dags/example_setup_teardown_taskflow.py
[2023-08-13T23:20:15.669+0200] {processor.py:179} INFO - Processing /home/akhilesh/py39/lib/python3.9/site-packages/airflow/example_dags/example_setup_teardown_taskflow.py took 0.021 seconds
[2023-08-13T23:21:01.271+0200] {processor.py:157} INFO - Started process (PID=430989) to work on /home/akhilesh/py39/lib/python3.9/site-packages/airflow/example_dags/example_setup_teardown_taskflow.py
[2023-08-13T23:21:01.279+0200] {processor.py:826} INFO - Processing file /home/akhilesh/py39/lib/python3.9/site-packages/airflow/example_dags/example_setup_teardown_taskflow.py for tasks to queue
[2023-08-13T23:21:01.281+0200] {logging_mixin.py:150} INFO - [2023-08-13T23:21:01.280+0200] {dagbag.py:541} INFO - Filling up the DagBag from /home/akhilesh/py39/lib/python3.9/site-packages/airflow/example_dags/example_setup_teardown_taskflow.py
[2023-08-13T23:21:01.283+0200] {processor.py:838} WARNING - No viable dags retrieved from /home/akhilesh/py39/lib/python3.9/site-packages/airflow/example_dags/example_setup_teardown_taskflow.py
[2023-08-13T23:21:01.293+0200] {processor.py:179} INFO - Processing /home/akhilesh/py39/lib/python3.9/site-packages/airflow/example_dags/example_setup_teardown_taskflow.py took 0.026 seconds
[2023-08-13T23:21:48.708+0200] {processor.py:157} INFO - Started process (PID=431214) to work on /home/akhilesh/py39/lib/python3.9/site-packages/airflow/example_dags/example_setup_teardown_taskflow.py
[2023-08-13T23:21:48.717+0200] {processor.py:826} INFO - Processing file /home/akhilesh/py39/lib/python3.9/site-packages/airflow/example_dags/example_setup_teardown_taskflow.py for tasks to queue
[2023-08-13T23:21:48.718+0200] {logging_mixin.py:150} INFO - [2023-08-13T23:21:48.717+0200] {dagbag.py:541} INFO - Filling up the DagBag from /home/akhilesh/py39/lib/python3.9/site-packages/airflow/example_dags/example_setup_teardown_taskflow.py
[2023-08-13T23:21:48.721+0200] {processor.py:838} WARNING - No viable dags retrieved from /home/akhilesh/py39/lib/python3.9/site-packages/airflow/example_dags/example_setup_teardown_taskflow.py
[2023-08-13T23:21:48.733+0200] {processor.py:179} INFO - Processing /home/akhilesh/py39/lib/python3.9/site-packages/airflow/example_dags/example_setup_teardown_taskflow.py took 0.029 seconds
[2023-08-13T23:22:37.631+0200] {processor.py:157} INFO - Started process (PID=431371) to work on /home/akhilesh/py39/lib/python3.9/site-packages/airflow/example_dags/example_setup_teardown_taskflow.py
[2023-08-13T23:22:37.640+0200] {processor.py:826} INFO - Processing file /home/akhilesh/py39/lib/python3.9/site-packages/airflow/example_dags/example_setup_teardown_taskflow.py for tasks to queue
[2023-08-13T23:22:37.640+0200] {logging_mixin.py:150} INFO - [2023-08-13T23:22:37.640+0200] {dagbag.py:541} INFO - Filling up the DagBag from /home/akhilesh/py39/lib/python3.9/site-packages/airflow/example_dags/example_setup_teardown_taskflow.py
[2023-08-13T23:22:37.642+0200] {processor.py:838} WARNING - No viable dags retrieved from /home/akhilesh/py39/lib/python3.9/site-packages/airflow/example_dags/example_setup_teardown_taskflow.py
[2023-08-13T23:22:37.652+0200] {processor.py:179} INFO - Processing /home/akhilesh/py39/lib/python3.9/site-packages/airflow/example_dags/example_setup_teardown_taskflow.py took 0.025 seconds
[2023-08-13T23:25:36.292+0200] {processor.py:157} INFO - Started process (PID=432218) to work on /home/akhilesh/py39/lib/python3.9/site-packages/airflow/example_dags/example_setup_teardown_taskflow.py
[2023-08-13T23:25:36.301+0200] {processor.py:826} INFO - Processing file /home/akhilesh/py39/lib/python3.9/site-packages/airflow/example_dags/example_setup_teardown_taskflow.py for tasks to queue
[2023-08-13T23:25:36.303+0200] {logging_mixin.py:150} INFO - [2023-08-13T23:25:36.302+0200] {dagbag.py:541} INFO - Filling up the DagBag from /home/akhilesh/py39/lib/python3.9/site-packages/airflow/example_dags/example_setup_teardown_taskflow.py
[2023-08-13T23:25:36.305+0200] {processor.py:838} WARNING - No viable dags retrieved from /home/akhilesh/py39/lib/python3.9/site-packages/airflow/example_dags/example_setup_teardown_taskflow.py
[2023-08-13T23:25:36.317+0200] {processor.py:179} INFO - Processing /home/akhilesh/py39/lib/python3.9/site-packages/airflow/example_dags/example_setup_teardown_taskflow.py took 0.028 seconds
[2023-08-13T23:26:31.038+0200] {processor.py:157} INFO - Started process (PID=432453) to work on /home/akhilesh/py39/lib/python3.9/site-packages/airflow/example_dags/example_setup_teardown_taskflow.py
[2023-08-13T23:26:31.040+0200] {processor.py:826} INFO - Processing file /home/akhilesh/py39/lib/python3.9/site-packages/airflow/example_dags/example_setup_teardown_taskflow.py for tasks to queue
[2023-08-13T23:26:31.041+0200] {logging_mixin.py:150} INFO - [2023-08-13T23:26:31.040+0200] {dagbag.py:541} INFO - Filling up the DagBag from /home/akhilesh/py39/lib/python3.9/site-packages/airflow/example_dags/example_setup_teardown_taskflow.py
[2023-08-13T23:26:31.043+0200] {processor.py:838} WARNING - No viable dags retrieved from /home/akhilesh/py39/lib/python3.9/site-packages/airflow/example_dags/example_setup_teardown_taskflow.py
[2023-08-13T23:26:31.051+0200] {processor.py:179} INFO - Processing /home/akhilesh/py39/lib/python3.9/site-packages/airflow/example_dags/example_setup_teardown_taskflow.py took 0.016 seconds
[2023-08-13T23:27:18.734+0200] {processor.py:157} INFO - Started process (PID=432594) to work on /home/akhilesh/py39/lib/python3.9/site-packages/airflow/example_dags/example_setup_teardown_taskflow.py
[2023-08-13T23:27:18.743+0200] {processor.py:826} INFO - Processing file /home/akhilesh/py39/lib/python3.9/site-packages/airflow/example_dags/example_setup_teardown_taskflow.py for tasks to queue
[2023-08-13T23:27:18.744+0200] {logging_mixin.py:150} INFO - [2023-08-13T23:27:18.744+0200] {dagbag.py:541} INFO - Filling up the DagBag from /home/akhilesh/py39/lib/python3.9/site-packages/airflow/example_dags/example_setup_teardown_taskflow.py
[2023-08-13T23:27:18.746+0200] {processor.py:838} WARNING - No viable dags retrieved from /home/akhilesh/py39/lib/python3.9/site-packages/airflow/example_dags/example_setup_teardown_taskflow.py
[2023-08-13T23:27:18.756+0200] {processor.py:179} INFO - Processing /home/akhilesh/py39/lib/python3.9/site-packages/airflow/example_dags/example_setup_teardown_taskflow.py took 0.026 seconds
[2023-08-13T23:28:08.942+0200] {processor.py:157} INFO - Started process (PID=432762) to work on /home/akhilesh/py39/lib/python3.9/site-packages/airflow/example_dags/example_setup_teardown_taskflow.py
[2023-08-13T23:28:08.951+0200] {processor.py:826} INFO - Processing file /home/akhilesh/py39/lib/python3.9/site-packages/airflow/example_dags/example_setup_teardown_taskflow.py for tasks to queue
[2023-08-13T23:28:08.953+0200] {logging_mixin.py:150} INFO - [2023-08-13T23:28:08.952+0200] {dagbag.py:541} INFO - Filling up the DagBag from /home/akhilesh/py39/lib/python3.9/site-packages/airflow/example_dags/example_setup_teardown_taskflow.py
[2023-08-13T23:28:08.956+0200] {processor.py:838} WARNING - No viable dags retrieved from /home/akhilesh/py39/lib/python3.9/site-packages/airflow/example_dags/example_setup_teardown_taskflow.py
[2023-08-13T23:28:08.966+0200] {processor.py:179} INFO - Processing /home/akhilesh/py39/lib/python3.9/site-packages/airflow/example_dags/example_setup_teardown_taskflow.py took 0.027 seconds
[2023-08-13T23:29:06.174+0200] {processor.py:157} INFO - Started process (PID=432965) to work on /home/akhilesh/py39/lib/python3.9/site-packages/airflow/example_dags/example_setup_teardown_taskflow.py
[2023-08-13T23:29:06.175+0200] {processor.py:826} INFO - Processing file /home/akhilesh/py39/lib/python3.9/site-packages/airflow/example_dags/example_setup_teardown_taskflow.py for tasks to queue
[2023-08-13T23:29:06.176+0200] {logging_mixin.py:150} INFO - [2023-08-13T23:29:06.176+0200] {dagbag.py:541} INFO - Filling up the DagBag from /home/akhilesh/py39/lib/python3.9/site-packages/airflow/example_dags/example_setup_teardown_taskflow.py
[2023-08-13T23:29:06.179+0200] {processor.py:838} WARNING - No viable dags retrieved from /home/akhilesh/py39/lib/python3.9/site-packages/airflow/example_dags/example_setup_teardown_taskflow.py
[2023-08-13T23:29:06.189+0200] {processor.py:179} INFO - Processing /home/akhilesh/py39/lib/python3.9/site-packages/airflow/example_dags/example_setup_teardown_taskflow.py took 0.019 seconds
[2023-08-13T23:30:01.873+0200] {processor.py:157} INFO - Started process (PID=433151) to work on /home/akhilesh/py39/lib/python3.9/site-packages/airflow/example_dags/example_setup_teardown_taskflow.py
[2023-08-13T23:30:01.874+0200] {processor.py:826} INFO - Processing file /home/akhilesh/py39/lib/python3.9/site-packages/airflow/example_dags/example_setup_teardown_taskflow.py for tasks to queue
[2023-08-13T23:30:01.875+0200] {logging_mixin.py:150} INFO - [2023-08-13T23:30:01.874+0200] {dagbag.py:541} INFO - Filling up the DagBag from /home/akhilesh/py39/lib/python3.9/site-packages/airflow/example_dags/example_setup_teardown_taskflow.py
[2023-08-13T23:30:01.877+0200] {processor.py:838} WARNING - No viable dags retrieved from /home/akhilesh/py39/lib/python3.9/site-packages/airflow/example_dags/example_setup_teardown_taskflow.py
[2023-08-13T23:30:01.886+0200] {processor.py:179} INFO - Processing /home/akhilesh/py39/lib/python3.9/site-packages/airflow/example_dags/example_setup_teardown_taskflow.py took 0.016 seconds
[2023-08-13T23:31:02.949+0200] {processor.py:157} INFO - Started process (PID=433335) to work on /home/akhilesh/py39/lib/python3.9/site-packages/airflow/example_dags/example_setup_teardown_taskflow.py
[2023-08-13T23:31:02.958+0200] {processor.py:826} INFO - Processing file /home/akhilesh/py39/lib/python3.9/site-packages/airflow/example_dags/example_setup_teardown_taskflow.py for tasks to queue
[2023-08-13T23:31:02.959+0200] {logging_mixin.py:150} INFO - [2023-08-13T23:31:02.958+0200] {dagbag.py:541} INFO - Filling up the DagBag from /home/akhilesh/py39/lib/python3.9/site-packages/airflow/example_dags/example_setup_teardown_taskflow.py
[2023-08-13T23:31:02.961+0200] {processor.py:838} WARNING - No viable dags retrieved from /home/akhilesh/py39/lib/python3.9/site-packages/airflow/example_dags/example_setup_teardown_taskflow.py
[2023-08-13T23:31:02.972+0200] {processor.py:179} INFO - Processing /home/akhilesh/py39/lib/python3.9/site-packages/airflow/example_dags/example_setup_teardown_taskflow.py took 0.026 seconds
[2023-08-13T23:31:51.965+0200] {processor.py:157} INFO - Started process (PID=433481) to work on /home/akhilesh/py39/lib/python3.9/site-packages/airflow/example_dags/example_setup_teardown_taskflow.py
[2023-08-13T23:31:51.973+0200] {processor.py:826} INFO - Processing file /home/akhilesh/py39/lib/python3.9/site-packages/airflow/example_dags/example_setup_teardown_taskflow.py for tasks to queue
[2023-08-13T23:31:51.975+0200] {logging_mixin.py:150} INFO - [2023-08-13T23:31:51.974+0200] {dagbag.py:541} INFO - Filling up the DagBag from /home/akhilesh/py39/lib/python3.9/site-packages/airflow/example_dags/example_setup_teardown_taskflow.py
[2023-08-13T23:31:51.977+0200] {processor.py:838} WARNING - No viable dags retrieved from /home/akhilesh/py39/lib/python3.9/site-packages/airflow/example_dags/example_setup_teardown_taskflow.py
[2023-08-13T23:31:51.988+0200] {processor.py:179} INFO - Processing /home/akhilesh/py39/lib/python3.9/site-packages/airflow/example_dags/example_setup_teardown_taskflow.py took 0.027 seconds
[2023-08-13T23:32:43.161+0200] {processor.py:157} INFO - Started process (PID=433629) to work on /home/akhilesh/py39/lib/python3.9/site-packages/airflow/example_dags/example_setup_teardown_taskflow.py
[2023-08-13T23:32:43.162+0200] {processor.py:826} INFO - Processing file /home/akhilesh/py39/lib/python3.9/site-packages/airflow/example_dags/example_setup_teardown_taskflow.py for tasks to queue
[2023-08-13T23:32:43.163+0200] {logging_mixin.py:150} INFO - [2023-08-13T23:32:43.163+0200] {dagbag.py:541} INFO - Filling up the DagBag from /home/akhilesh/py39/lib/python3.9/site-packages/airflow/example_dags/example_setup_teardown_taskflow.py
[2023-08-13T23:32:43.166+0200] {processor.py:838} WARNING - No viable dags retrieved from /home/akhilesh/py39/lib/python3.9/site-packages/airflow/example_dags/example_setup_teardown_taskflow.py
[2023-08-13T23:32:43.173+0200] {processor.py:179} INFO - Processing /home/akhilesh/py39/lib/python3.9/site-packages/airflow/example_dags/example_setup_teardown_taskflow.py took 0.015 seconds
[2023-08-13T23:33:40.035+0200] {processor.py:157} INFO - Started process (PID=433819) to work on /home/akhilesh/py39/lib/python3.9/site-packages/airflow/example_dags/example_setup_teardown_taskflow.py
[2023-08-13T23:33:40.044+0200] {processor.py:826} INFO - Processing file /home/akhilesh/py39/lib/python3.9/site-packages/airflow/example_dags/example_setup_teardown_taskflow.py for tasks to queue
[2023-08-13T23:33:40.045+0200] {logging_mixin.py:150} INFO - [2023-08-13T23:33:40.045+0200] {dagbag.py:541} INFO - Filling up the DagBag from /home/akhilesh/py39/lib/python3.9/site-packages/airflow/example_dags/example_setup_teardown_taskflow.py
[2023-08-13T23:33:40.046+0200] {processor.py:838} WARNING - No viable dags retrieved from /home/akhilesh/py39/lib/python3.9/site-packages/airflow/example_dags/example_setup_teardown_taskflow.py
[2023-08-13T23:33:40.057+0200] {processor.py:179} INFO - Processing /home/akhilesh/py39/lib/python3.9/site-packages/airflow/example_dags/example_setup_teardown_taskflow.py took 0.025 seconds
[2023-08-13T23:34:29.416+0200] {processor.py:157} INFO - Started process (PID=433940) to work on /home/akhilesh/py39/lib/python3.9/site-packages/airflow/example_dags/example_setup_teardown_taskflow.py
[2023-08-13T23:34:29.425+0200] {processor.py:826} INFO - Processing file /home/akhilesh/py39/lib/python3.9/site-packages/airflow/example_dags/example_setup_teardown_taskflow.py for tasks to queue
[2023-08-13T23:34:29.426+0200] {logging_mixin.py:150} INFO - [2023-08-13T23:34:29.425+0200] {dagbag.py:541} INFO - Filling up the DagBag from /home/akhilesh/py39/lib/python3.9/site-packages/airflow/example_dags/example_setup_teardown_taskflow.py
[2023-08-13T23:34:29.428+0200] {processor.py:838} WARNING - No viable dags retrieved from /home/akhilesh/py39/lib/python3.9/site-packages/airflow/example_dags/example_setup_teardown_taskflow.py
[2023-08-13T23:34:29.437+0200] {processor.py:179} INFO - Processing /home/akhilesh/py39/lib/python3.9/site-packages/airflow/example_dags/example_setup_teardown_taskflow.py took 0.026 seconds
[2023-08-13T23:35:25.011+0200] {processor.py:157} INFO - Started process (PID=434131) to work on /home/akhilesh/py39/lib/python3.9/site-packages/airflow/example_dags/example_setup_teardown_taskflow.py
[2023-08-13T23:35:25.019+0200] {processor.py:826} INFO - Processing file /home/akhilesh/py39/lib/python3.9/site-packages/airflow/example_dags/example_setup_teardown_taskflow.py for tasks to queue
[2023-08-13T23:35:25.020+0200] {logging_mixin.py:150} INFO - [2023-08-13T23:35:25.020+0200] {dagbag.py:541} INFO - Filling up the DagBag from /home/akhilesh/py39/lib/python3.9/site-packages/airflow/example_dags/example_setup_teardown_taskflow.py
[2023-08-13T23:35:25.023+0200] {processor.py:838} WARNING - No viable dags retrieved from /home/akhilesh/py39/lib/python3.9/site-packages/airflow/example_dags/example_setup_teardown_taskflow.py
[2023-08-13T23:35:25.035+0200] {processor.py:179} INFO - Processing /home/akhilesh/py39/lib/python3.9/site-packages/airflow/example_dags/example_setup_teardown_taskflow.py took 0.028 seconds
[2023-08-13T23:36:15.185+0200] {processor.py:157} INFO - Started process (PID=434485) to work on /home/akhilesh/py39/lib/python3.9/site-packages/airflow/example_dags/example_setup_teardown_taskflow.py
[2023-08-13T23:36:15.186+0200] {processor.py:826} INFO - Processing file /home/akhilesh/py39/lib/python3.9/site-packages/airflow/example_dags/example_setup_teardown_taskflow.py for tasks to queue
[2023-08-13T23:36:15.188+0200] {logging_mixin.py:150} INFO - [2023-08-13T23:36:15.187+0200] {dagbag.py:541} INFO - Filling up the DagBag from /home/akhilesh/py39/lib/python3.9/site-packages/airflow/example_dags/example_setup_teardown_taskflow.py
[2023-08-13T23:36:15.191+0200] {processor.py:838} WARNING - No viable dags retrieved from /home/akhilesh/py39/lib/python3.9/site-packages/airflow/example_dags/example_setup_teardown_taskflow.py
[2023-08-13T23:36:15.198+0200] {processor.py:179} INFO - Processing /home/akhilesh/py39/lib/python3.9/site-packages/airflow/example_dags/example_setup_teardown_taskflow.py took 0.018 seconds
[2023-08-13T23:37:13.767+0200] {processor.py:157} INFO - Started process (PID=434630) to work on /home/akhilesh/py39/lib/python3.9/site-packages/airflow/example_dags/example_setup_teardown_taskflow.py
[2023-08-13T23:37:13.776+0200] {processor.py:826} INFO - Processing file /home/akhilesh/py39/lib/python3.9/site-packages/airflow/example_dags/example_setup_teardown_taskflow.py for tasks to queue
[2023-08-13T23:37:13.777+0200] {logging_mixin.py:150} INFO - [2023-08-13T23:37:13.777+0200] {dagbag.py:541} INFO - Filling up the DagBag from /home/akhilesh/py39/lib/python3.9/site-packages/airflow/example_dags/example_setup_teardown_taskflow.py
[2023-08-13T23:37:13.780+0200] {processor.py:838} WARNING - No viable dags retrieved from /home/akhilesh/py39/lib/python3.9/site-packages/airflow/example_dags/example_setup_teardown_taskflow.py
[2023-08-13T23:37:13.790+0200] {processor.py:179} INFO - Processing /home/akhilesh/py39/lib/python3.9/site-packages/airflow/example_dags/example_setup_teardown_taskflow.py took 0.026 seconds
[2023-08-13T23:38:07.026+0200] {processor.py:157} INFO - Started process (PID=434789) to work on /home/akhilesh/py39/lib/python3.9/site-packages/airflow/example_dags/example_setup_teardown_taskflow.py
[2023-08-13T23:38:07.035+0200] {processor.py:826} INFO - Processing file /home/akhilesh/py39/lib/python3.9/site-packages/airflow/example_dags/example_setup_teardown_taskflow.py for tasks to queue
[2023-08-13T23:38:07.037+0200] {logging_mixin.py:150} INFO - [2023-08-13T23:38:07.036+0200] {dagbag.py:541} INFO - Filling up the DagBag from /home/akhilesh/py39/lib/python3.9/site-packages/airflow/example_dags/example_setup_teardown_taskflow.py
[2023-08-13T23:38:07.039+0200] {processor.py:838} WARNING - No viable dags retrieved from /home/akhilesh/py39/lib/python3.9/site-packages/airflow/example_dags/example_setup_teardown_taskflow.py
[2023-08-13T23:38:07.050+0200] {processor.py:179} INFO - Processing /home/akhilesh/py39/lib/python3.9/site-packages/airflow/example_dags/example_setup_teardown_taskflow.py took 0.027 seconds
[2023-08-13T23:39:00.299+0200] {processor.py:157} INFO - Started process (PID=434990) to work on /home/akhilesh/py39/lib/python3.9/site-packages/airflow/example_dags/example_setup_teardown_taskflow.py
[2023-08-13T23:39:00.308+0200] {processor.py:826} INFO - Processing file /home/akhilesh/py39/lib/python3.9/site-packages/airflow/example_dags/example_setup_teardown_taskflow.py for tasks to queue
[2023-08-13T23:39:00.309+0200] {logging_mixin.py:150} INFO - [2023-08-13T23:39:00.309+0200] {dagbag.py:541} INFO - Filling up the DagBag from /home/akhilesh/py39/lib/python3.9/site-packages/airflow/example_dags/example_setup_teardown_taskflow.py
[2023-08-13T23:39:00.311+0200] {processor.py:838} WARNING - No viable dags retrieved from /home/akhilesh/py39/lib/python3.9/site-packages/airflow/example_dags/example_setup_teardown_taskflow.py
[2023-08-13T23:39:00.323+0200] {processor.py:179} INFO - Processing /home/akhilesh/py39/lib/python3.9/site-packages/airflow/example_dags/example_setup_teardown_taskflow.py took 0.028 seconds
[2023-08-13T23:39:55.110+0200] {processor.py:157} INFO - Started process (PID=435201) to work on /home/akhilesh/py39/lib/python3.9/site-packages/airflow/example_dags/example_setup_teardown_taskflow.py
[2023-08-13T23:39:55.118+0200] {processor.py:826} INFO - Processing file /home/akhilesh/py39/lib/python3.9/site-packages/airflow/example_dags/example_setup_teardown_taskflow.py for tasks to queue
[2023-08-13T23:39:55.120+0200] {logging_mixin.py:150} INFO - [2023-08-13T23:39:55.119+0200] {dagbag.py:541} INFO - Filling up the DagBag from /home/akhilesh/py39/lib/python3.9/site-packages/airflow/example_dags/example_setup_teardown_taskflow.py
[2023-08-13T23:39:55.122+0200] {processor.py:838} WARNING - No viable dags retrieved from /home/akhilesh/py39/lib/python3.9/site-packages/airflow/example_dags/example_setup_teardown_taskflow.py
[2023-08-13T23:39:55.133+0200] {processor.py:179} INFO - Processing /home/akhilesh/py39/lib/python3.9/site-packages/airflow/example_dags/example_setup_teardown_taskflow.py took 0.026 seconds
[2023-08-13T23:40:40.503+0200] {processor.py:157} INFO - Started process (PID=435376) to work on /home/akhilesh/py39/lib/python3.9/site-packages/airflow/example_dags/example_setup_teardown_taskflow.py
[2023-08-13T23:40:40.512+0200] {processor.py:826} INFO - Processing file /home/akhilesh/py39/lib/python3.9/site-packages/airflow/example_dags/example_setup_teardown_taskflow.py for tasks to queue
[2023-08-13T23:40:40.513+0200] {logging_mixin.py:150} INFO - [2023-08-13T23:40:40.513+0200] {dagbag.py:541} INFO - Filling up the DagBag from /home/akhilesh/py39/lib/python3.9/site-packages/airflow/example_dags/example_setup_teardown_taskflow.py
[2023-08-13T23:40:40.515+0200] {processor.py:838} WARNING - No viable dags retrieved from /home/akhilesh/py39/lib/python3.9/site-packages/airflow/example_dags/example_setup_teardown_taskflow.py
[2023-08-13T23:40:40.527+0200] {processor.py:179} INFO - Processing /home/akhilesh/py39/lib/python3.9/site-packages/airflow/example_dags/example_setup_teardown_taskflow.py took 0.027 seconds
[2023-08-13T23:41:28.544+0200] {processor.py:157} INFO - Started process (PID=435519) to work on /home/akhilesh/py39/lib/python3.9/site-packages/airflow/example_dags/example_setup_teardown_taskflow.py
[2023-08-13T23:41:28.553+0200] {processor.py:826} INFO - Processing file /home/akhilesh/py39/lib/python3.9/site-packages/airflow/example_dags/example_setup_teardown_taskflow.py for tasks to queue
[2023-08-13T23:41:28.554+0200] {logging_mixin.py:150} INFO - [2023-08-13T23:41:28.553+0200] {dagbag.py:541} INFO - Filling up the DagBag from /home/akhilesh/py39/lib/python3.9/site-packages/airflow/example_dags/example_setup_teardown_taskflow.py
[2023-08-13T23:41:28.556+0200] {processor.py:838} WARNING - No viable dags retrieved from /home/akhilesh/py39/lib/python3.9/site-packages/airflow/example_dags/example_setup_teardown_taskflow.py
[2023-08-13T23:41:28.567+0200] {processor.py:179} INFO - Processing /home/akhilesh/py39/lib/python3.9/site-packages/airflow/example_dags/example_setup_teardown_taskflow.py took 0.027 seconds
[2023-08-13T23:42:20.069+0200] {processor.py:157} INFO - Started process (PID=435717) to work on /home/akhilesh/py39/lib/python3.9/site-packages/airflow/example_dags/example_setup_teardown_taskflow.py
[2023-08-13T23:42:20.070+0200] {processor.py:826} INFO - Processing file /home/akhilesh/py39/lib/python3.9/site-packages/airflow/example_dags/example_setup_teardown_taskflow.py for tasks to queue
[2023-08-13T23:42:20.071+0200] {logging_mixin.py:150} INFO - [2023-08-13T23:42:20.071+0200] {dagbag.py:541} INFO - Filling up the DagBag from /home/akhilesh/py39/lib/python3.9/site-packages/airflow/example_dags/example_setup_teardown_taskflow.py
[2023-08-13T23:42:20.073+0200] {processor.py:838} WARNING - No viable dags retrieved from /home/akhilesh/py39/lib/python3.9/site-packages/airflow/example_dags/example_setup_teardown_taskflow.py
[2023-08-13T23:42:20.082+0200] {processor.py:179} INFO - Processing /home/akhilesh/py39/lib/python3.9/site-packages/airflow/example_dags/example_setup_teardown_taskflow.py took 0.017 seconds
[2023-08-13T23:43:11.954+0200] {processor.py:157} INFO - Started process (PID=435936) to work on /home/akhilesh/py39/lib/python3.9/site-packages/airflow/example_dags/example_setup_teardown_taskflow.py
[2023-08-13T23:43:11.955+0200] {processor.py:826} INFO - Processing file /home/akhilesh/py39/lib/python3.9/site-packages/airflow/example_dags/example_setup_teardown_taskflow.py for tasks to queue
[2023-08-13T23:43:11.956+0200] {logging_mixin.py:150} INFO - [2023-08-13T23:43:11.956+0200] {dagbag.py:541} INFO - Filling up the DagBag from /home/akhilesh/py39/lib/python3.9/site-packages/airflow/example_dags/example_setup_teardown_taskflow.py
[2023-08-13T23:43:11.959+0200] {processor.py:838} WARNING - No viable dags retrieved from /home/akhilesh/py39/lib/python3.9/site-packages/airflow/example_dags/example_setup_teardown_taskflow.py
[2023-08-13T23:43:11.969+0200] {processor.py:179} INFO - Processing /home/akhilesh/py39/lib/python3.9/site-packages/airflow/example_dags/example_setup_teardown_taskflow.py took 0.019 seconds
[2023-08-13T23:43:59.049+0200] {processor.py:157} INFO - Started process (PID=436117) to work on /home/akhilesh/py39/lib/python3.9/site-packages/airflow/example_dags/example_setup_teardown_taskflow.py
[2023-08-13T23:43:59.058+0200] {processor.py:826} INFO - Processing file /home/akhilesh/py39/lib/python3.9/site-packages/airflow/example_dags/example_setup_teardown_taskflow.py for tasks to queue
[2023-08-13T23:43:59.060+0200] {logging_mixin.py:150} INFO - [2023-08-13T23:43:59.059+0200] {dagbag.py:541} INFO - Filling up the DagBag from /home/akhilesh/py39/lib/python3.9/site-packages/airflow/example_dags/example_setup_teardown_taskflow.py
[2023-08-13T23:43:59.061+0200] {processor.py:838} WARNING - No viable dags retrieved from /home/akhilesh/py39/lib/python3.9/site-packages/airflow/example_dags/example_setup_teardown_taskflow.py
[2023-08-13T23:43:59.072+0200] {processor.py:179} INFO - Processing /home/akhilesh/py39/lib/python3.9/site-packages/airflow/example_dags/example_setup_teardown_taskflow.py took 0.026 seconds
[2023-08-13T23:44:53.283+0200] {processor.py:157} INFO - Started process (PID=436279) to work on /home/akhilesh/py39/lib/python3.9/site-packages/airflow/example_dags/example_setup_teardown_taskflow.py
[2023-08-13T23:44:53.292+0200] {processor.py:826} INFO - Processing file /home/akhilesh/py39/lib/python3.9/site-packages/airflow/example_dags/example_setup_teardown_taskflow.py for tasks to queue
[2023-08-13T23:44:53.293+0200] {logging_mixin.py:150} INFO - [2023-08-13T23:44:53.293+0200] {dagbag.py:541} INFO - Filling up the DagBag from /home/akhilesh/py39/lib/python3.9/site-packages/airflow/example_dags/example_setup_teardown_taskflow.py
[2023-08-13T23:44:53.296+0200] {processor.py:838} WARNING - No viable dags retrieved from /home/akhilesh/py39/lib/python3.9/site-packages/airflow/example_dags/example_setup_teardown_taskflow.py
[2023-08-13T23:44:53.305+0200] {processor.py:179} INFO - Processing /home/akhilesh/py39/lib/python3.9/site-packages/airflow/example_dags/example_setup_teardown_taskflow.py took 0.026 seconds
[2023-08-13T23:45:46.105+0200] {processor.py:157} INFO - Started process (PID=436605) to work on /home/akhilesh/py39/lib/python3.9/site-packages/airflow/example_dags/example_setup_teardown_taskflow.py
[2023-08-13T23:45:46.114+0200] {processor.py:826} INFO - Processing file /home/akhilesh/py39/lib/python3.9/site-packages/airflow/example_dags/example_setup_teardown_taskflow.py for tasks to queue
[2023-08-13T23:45:46.115+0200] {logging_mixin.py:150} INFO - [2023-08-13T23:45:46.115+0200] {dagbag.py:541} INFO - Filling up the DagBag from /home/akhilesh/py39/lib/python3.9/site-packages/airflow/example_dags/example_setup_teardown_taskflow.py
[2023-08-13T23:45:46.118+0200] {processor.py:838} WARNING - No viable dags retrieved from /home/akhilesh/py39/lib/python3.9/site-packages/airflow/example_dags/example_setup_teardown_taskflow.py
[2023-08-13T23:45:46.128+0200] {processor.py:179} INFO - Processing /home/akhilesh/py39/lib/python3.9/site-packages/airflow/example_dags/example_setup_teardown_taskflow.py took 0.027 seconds
[2023-08-13T23:46:38.881+0200] {processor.py:157} INFO - Started process (PID=436817) to work on /home/akhilesh/py39/lib/python3.9/site-packages/airflow/example_dags/example_setup_teardown_taskflow.py
[2023-08-13T23:46:38.890+0200] {processor.py:826} INFO - Processing file /home/akhilesh/py39/lib/python3.9/site-packages/airflow/example_dags/example_setup_teardown_taskflow.py for tasks to queue
[2023-08-13T23:46:38.892+0200] {logging_mixin.py:150} INFO - [2023-08-13T23:46:38.891+0200] {dagbag.py:541} INFO - Filling up the DagBag from /home/akhilesh/py39/lib/python3.9/site-packages/airflow/example_dags/example_setup_teardown_taskflow.py
[2023-08-13T23:46:38.894+0200] {processor.py:838} WARNING - No viable dags retrieved from /home/akhilesh/py39/lib/python3.9/site-packages/airflow/example_dags/example_setup_teardown_taskflow.py
[2023-08-13T23:46:38.905+0200] {processor.py:179} INFO - Processing /home/akhilesh/py39/lib/python3.9/site-packages/airflow/example_dags/example_setup_teardown_taskflow.py took 0.027 seconds
[2023-08-13T23:48:28.602+0200] {processor.py:157} INFO - Started process (PID=437401) to work on /home/akhilesh/py39/lib/python3.9/site-packages/airflow/example_dags/example_setup_teardown_taskflow.py
[2023-08-13T23:48:28.603+0200] {processor.py:826} INFO - Processing file /home/akhilesh/py39/lib/python3.9/site-packages/airflow/example_dags/example_setup_teardown_taskflow.py for tasks to queue
[2023-08-13T23:48:28.604+0200] {logging_mixin.py:150} INFO - [2023-08-13T23:48:28.604+0200] {dagbag.py:541} INFO - Filling up the DagBag from /home/akhilesh/py39/lib/python3.9/site-packages/airflow/example_dags/example_setup_teardown_taskflow.py
[2023-08-13T23:48:28.606+0200] {processor.py:838} WARNING - No viable dags retrieved from /home/akhilesh/py39/lib/python3.9/site-packages/airflow/example_dags/example_setup_teardown_taskflow.py
[2023-08-13T23:48:28.616+0200] {processor.py:179} INFO - Processing /home/akhilesh/py39/lib/python3.9/site-packages/airflow/example_dags/example_setup_teardown_taskflow.py took 0.017 seconds
[2023-08-13T23:50:26.203+0200] {processor.py:157} INFO - Started process (PID=437916) to work on /home/akhilesh/py39/lib/python3.9/site-packages/airflow/example_dags/example_setup_teardown_taskflow.py
[2023-08-13T23:50:26.212+0200] {processor.py:826} INFO - Processing file /home/akhilesh/py39/lib/python3.9/site-packages/airflow/example_dags/example_setup_teardown_taskflow.py for tasks to queue
[2023-08-13T23:50:26.214+0200] {logging_mixin.py:150} INFO - [2023-08-13T23:50:26.213+0200] {dagbag.py:541} INFO - Filling up the DagBag from /home/akhilesh/py39/lib/python3.9/site-packages/airflow/example_dags/example_setup_teardown_taskflow.py
[2023-08-13T23:50:26.216+0200] {processor.py:838} WARNING - No viable dags retrieved from /home/akhilesh/py39/lib/python3.9/site-packages/airflow/example_dags/example_setup_teardown_taskflow.py
[2023-08-13T23:50:26.225+0200] {processor.py:179} INFO - Processing /home/akhilesh/py39/lib/python3.9/site-packages/airflow/example_dags/example_setup_teardown_taskflow.py took 0.025 seconds
[2023-08-13T23:51:17.857+0200] {processor.py:157} INFO - Started process (PID=438120) to work on /home/akhilesh/py39/lib/python3.9/site-packages/airflow/example_dags/example_setup_teardown_taskflow.py
[2023-08-13T23:51:17.859+0200] {processor.py:826} INFO - Processing file /home/akhilesh/py39/lib/python3.9/site-packages/airflow/example_dags/example_setup_teardown_taskflow.py for tasks to queue
[2023-08-13T23:51:17.859+0200] {logging_mixin.py:150} INFO - [2023-08-13T23:51:17.859+0200] {dagbag.py:541} INFO - Filling up the DagBag from /home/akhilesh/py39/lib/python3.9/site-packages/airflow/example_dags/example_setup_teardown_taskflow.py
[2023-08-13T23:51:17.860+0200] {processor.py:838} WARNING - No viable dags retrieved from /home/akhilesh/py39/lib/python3.9/site-packages/airflow/example_dags/example_setup_teardown_taskflow.py
[2023-08-13T23:51:17.867+0200] {processor.py:179} INFO - Processing /home/akhilesh/py39/lib/python3.9/site-packages/airflow/example_dags/example_setup_teardown_taskflow.py took 0.014 seconds
[2023-08-13T23:52:23.446+0200] {processor.py:157} INFO - Started process (PID=438268) to work on /home/akhilesh/py39/lib/python3.9/site-packages/airflow/example_dags/example_setup_teardown_taskflow.py
[2023-08-13T23:52:23.448+0200] {processor.py:826} INFO - Processing file /home/akhilesh/py39/lib/python3.9/site-packages/airflow/example_dags/example_setup_teardown_taskflow.py for tasks to queue
[2023-08-13T23:52:23.449+0200] {logging_mixin.py:150} INFO - [2023-08-13T23:52:23.449+0200] {dagbag.py:541} INFO - Filling up the DagBag from /home/akhilesh/py39/lib/python3.9/site-packages/airflow/example_dags/example_setup_teardown_taskflow.py
[2023-08-13T23:52:23.451+0200] {processor.py:838} WARNING - No viable dags retrieved from /home/akhilesh/py39/lib/python3.9/site-packages/airflow/example_dags/example_setup_teardown_taskflow.py
[2023-08-13T23:52:23.463+0200] {processor.py:179} INFO - Processing /home/akhilesh/py39/lib/python3.9/site-packages/airflow/example_dags/example_setup_teardown_taskflow.py took 0.021 seconds
[2023-08-13T23:53:21.109+0200] {processor.py:157} INFO - Started process (PID=438422) to work on /home/akhilesh/py39/lib/python3.9/site-packages/airflow/example_dags/example_setup_teardown_taskflow.py
[2023-08-13T23:53:21.118+0200] {processor.py:826} INFO - Processing file /home/akhilesh/py39/lib/python3.9/site-packages/airflow/example_dags/example_setup_teardown_taskflow.py for tasks to queue
[2023-08-13T23:53:21.120+0200] {logging_mixin.py:150} INFO - [2023-08-13T23:53:21.120+0200] {dagbag.py:541} INFO - Filling up the DagBag from /home/akhilesh/py39/lib/python3.9/site-packages/airflow/example_dags/example_setup_teardown_taskflow.py
[2023-08-13T23:53:21.124+0200] {processor.py:838} WARNING - No viable dags retrieved from /home/akhilesh/py39/lib/python3.9/site-packages/airflow/example_dags/example_setup_teardown_taskflow.py
[2023-08-13T23:53:21.134+0200] {processor.py:179} INFO - Processing /home/akhilesh/py39/lib/python3.9/site-packages/airflow/example_dags/example_setup_teardown_taskflow.py took 0.029 seconds
[2023-08-13T23:54:06.639+0200] {processor.py:157} INFO - Started process (PID=438541) to work on /home/akhilesh/py39/lib/python3.9/site-packages/airflow/example_dags/example_setup_teardown_taskflow.py
[2023-08-13T23:54:06.648+0200] {processor.py:826} INFO - Processing file /home/akhilesh/py39/lib/python3.9/site-packages/airflow/example_dags/example_setup_teardown_taskflow.py for tasks to queue
[2023-08-13T23:54:06.649+0200] {logging_mixin.py:150} INFO - [2023-08-13T23:54:06.649+0200] {dagbag.py:541} INFO - Filling up the DagBag from /home/akhilesh/py39/lib/python3.9/site-packages/airflow/example_dags/example_setup_teardown_taskflow.py
[2023-08-13T23:54:06.650+0200] {processor.py:838} WARNING - No viable dags retrieved from /home/akhilesh/py39/lib/python3.9/site-packages/airflow/example_dags/example_setup_teardown_taskflow.py
[2023-08-13T23:54:06.661+0200] {processor.py:179} INFO - Processing /home/akhilesh/py39/lib/python3.9/site-packages/airflow/example_dags/example_setup_teardown_taskflow.py took 0.026 seconds
[2023-08-13T23:54:57.042+0200] {processor.py:157} INFO - Started process (PID=438680) to work on /home/akhilesh/py39/lib/python3.9/site-packages/airflow/example_dags/example_setup_teardown_taskflow.py
[2023-08-13T23:54:57.051+0200] {processor.py:826} INFO - Processing file /home/akhilesh/py39/lib/python3.9/site-packages/airflow/example_dags/example_setup_teardown_taskflow.py for tasks to queue
[2023-08-13T23:54:57.052+0200] {logging_mixin.py:150} INFO - [2023-08-13T23:54:57.051+0200] {dagbag.py:541} INFO - Filling up the DagBag from /home/akhilesh/py39/lib/python3.9/site-packages/airflow/example_dags/example_setup_teardown_taskflow.py
[2023-08-13T23:54:57.054+0200] {processor.py:838} WARNING - No viable dags retrieved from /home/akhilesh/py39/lib/python3.9/site-packages/airflow/example_dags/example_setup_teardown_taskflow.py
[2023-08-13T23:54:57.065+0200] {processor.py:179} INFO - Processing /home/akhilesh/py39/lib/python3.9/site-packages/airflow/example_dags/example_setup_teardown_taskflow.py took 0.026 seconds
[2023-08-13T23:55:47.407+0200] {processor.py:157} INFO - Started process (PID=438842) to work on /home/akhilesh/py39/lib/python3.9/site-packages/airflow/example_dags/example_setup_teardown_taskflow.py
[2023-08-13T23:55:47.416+0200] {processor.py:826} INFO - Processing file /home/akhilesh/py39/lib/python3.9/site-packages/airflow/example_dags/example_setup_teardown_taskflow.py for tasks to queue
[2023-08-13T23:55:47.418+0200] {logging_mixin.py:150} INFO - [2023-08-13T23:55:47.417+0200] {dagbag.py:541} INFO - Filling up the DagBag from /home/akhilesh/py39/lib/python3.9/site-packages/airflow/example_dags/example_setup_teardown_taskflow.py
[2023-08-13T23:55:47.420+0200] {processor.py:838} WARNING - No viable dags retrieved from /home/akhilesh/py39/lib/python3.9/site-packages/airflow/example_dags/example_setup_teardown_taskflow.py
[2023-08-13T23:55:47.430+0200] {processor.py:179} INFO - Processing /home/akhilesh/py39/lib/python3.9/site-packages/airflow/example_dags/example_setup_teardown_taskflow.py took 0.026 seconds
[2023-08-13T23:56:38.410+0200] {processor.py:157} INFO - Started process (PID=438958) to work on /home/akhilesh/py39/lib/python3.9/site-packages/airflow/example_dags/example_setup_teardown_taskflow.py
[2023-08-13T23:56:38.419+0200] {processor.py:826} INFO - Processing file /home/akhilesh/py39/lib/python3.9/site-packages/airflow/example_dags/example_setup_teardown_taskflow.py for tasks to queue
[2023-08-13T23:56:38.420+0200] {logging_mixin.py:150} INFO - [2023-08-13T23:56:38.419+0200] {dagbag.py:541} INFO - Filling up the DagBag from /home/akhilesh/py39/lib/python3.9/site-packages/airflow/example_dags/example_setup_teardown_taskflow.py
[2023-08-13T23:56:38.422+0200] {processor.py:838} WARNING - No viable dags retrieved from /home/akhilesh/py39/lib/python3.9/site-packages/airflow/example_dags/example_setup_teardown_taskflow.py
[2023-08-13T23:56:38.434+0200] {processor.py:179} INFO - Processing /home/akhilesh/py39/lib/python3.9/site-packages/airflow/example_dags/example_setup_teardown_taskflow.py took 0.027 seconds
[2023-08-13T23:57:29.153+0200] {processor.py:157} INFO - Started process (PID=439183) to work on /home/akhilesh/py39/lib/python3.9/site-packages/airflow/example_dags/example_setup_teardown_taskflow.py
[2023-08-13T23:57:29.161+0200] {processor.py:826} INFO - Processing file /home/akhilesh/py39/lib/python3.9/site-packages/airflow/example_dags/example_setup_teardown_taskflow.py for tasks to queue
[2023-08-13T23:57:29.163+0200] {logging_mixin.py:150} INFO - [2023-08-13T23:57:29.162+0200] {dagbag.py:541} INFO - Filling up the DagBag from /home/akhilesh/py39/lib/python3.9/site-packages/airflow/example_dags/example_setup_teardown_taskflow.py
[2023-08-13T23:57:29.165+0200] {processor.py:838} WARNING - No viable dags retrieved from /home/akhilesh/py39/lib/python3.9/site-packages/airflow/example_dags/example_setup_teardown_taskflow.py
[2023-08-13T23:57:29.174+0200] {processor.py:179} INFO - Processing /home/akhilesh/py39/lib/python3.9/site-packages/airflow/example_dags/example_setup_teardown_taskflow.py took 0.026 seconds
[2023-08-13T23:58:18.768+0200] {processor.py:157} INFO - Started process (PID=439378) to work on /home/akhilesh/py39/lib/python3.9/site-packages/airflow/example_dags/example_setup_teardown_taskflow.py
[2023-08-13T23:58:18.770+0200] {processor.py:826} INFO - Processing file /home/akhilesh/py39/lib/python3.9/site-packages/airflow/example_dags/example_setup_teardown_taskflow.py for tasks to queue
[2023-08-13T23:58:18.771+0200] {logging_mixin.py:150} INFO - [2023-08-13T23:58:18.770+0200] {dagbag.py:541} INFO - Filling up the DagBag from /home/akhilesh/py39/lib/python3.9/site-packages/airflow/example_dags/example_setup_teardown_taskflow.py
[2023-08-13T23:58:18.773+0200] {processor.py:838} WARNING - No viable dags retrieved from /home/akhilesh/py39/lib/python3.9/site-packages/airflow/example_dags/example_setup_teardown_taskflow.py
[2023-08-13T23:58:18.782+0200] {processor.py:179} INFO - Processing /home/akhilesh/py39/lib/python3.9/site-packages/airflow/example_dags/example_setup_teardown_taskflow.py took 0.017 seconds
[2023-08-13T23:59:05.166+0200] {processor.py:157} INFO - Started process (PID=439562) to work on /home/akhilesh/py39/lib/python3.9/site-packages/airflow/example_dags/example_setup_teardown_taskflow.py
[2023-08-13T23:59:05.175+0200] {processor.py:826} INFO - Processing file /home/akhilesh/py39/lib/python3.9/site-packages/airflow/example_dags/example_setup_teardown_taskflow.py for tasks to queue
[2023-08-13T23:59:05.177+0200] {logging_mixin.py:150} INFO - [2023-08-13T23:59:05.176+0200] {dagbag.py:541} INFO - Filling up the DagBag from /home/akhilesh/py39/lib/python3.9/site-packages/airflow/example_dags/example_setup_teardown_taskflow.py
[2023-08-13T23:59:05.179+0200] {processor.py:838} WARNING - No viable dags retrieved from /home/akhilesh/py39/lib/python3.9/site-packages/airflow/example_dags/example_setup_teardown_taskflow.py
[2023-08-13T23:59:05.189+0200] {processor.py:179} INFO - Processing /home/akhilesh/py39/lib/python3.9/site-packages/airflow/example_dags/example_setup_teardown_taskflow.py took 0.026 seconds
[2023-08-13T23:59:55.255+0200] {processor.py:157} INFO - Started process (PID=440045) to work on /home/akhilesh/py39/lib/python3.9/site-packages/airflow/example_dags/example_setup_teardown_taskflow.py
[2023-08-13T23:59:55.263+0200] {processor.py:826} INFO - Processing file /home/akhilesh/py39/lib/python3.9/site-packages/airflow/example_dags/example_setup_teardown_taskflow.py for tasks to queue
[2023-08-13T23:59:55.265+0200] {logging_mixin.py:150} INFO - [2023-08-13T23:59:55.264+0200] {dagbag.py:541} INFO - Filling up the DagBag from /home/akhilesh/py39/lib/python3.9/site-packages/airflow/example_dags/example_setup_teardown_taskflow.py
[2023-08-13T23:59:55.266+0200] {processor.py:838} WARNING - No viable dags retrieved from /home/akhilesh/py39/lib/python3.9/site-packages/airflow/example_dags/example_setup_teardown_taskflow.py
[2023-08-13T23:59:55.277+0200] {processor.py:179} INFO - Processing /home/akhilesh/py39/lib/python3.9/site-packages/airflow/example_dags/example_setup_teardown_taskflow.py took 0.023 seconds
[2023-08-14T00:00:49.761+0200] {processor.py:157} INFO - Started process (PID=440369) to work on /home/akhilesh/py39/lib/python3.9/site-packages/airflow/example_dags/example_setup_teardown_taskflow.py
[2023-08-14T00:00:49.763+0200] {processor.py:826} INFO - Processing file /home/akhilesh/py39/lib/python3.9/site-packages/airflow/example_dags/example_setup_teardown_taskflow.py for tasks to queue
[2023-08-14T00:00:49.764+0200] {logging_mixin.py:150} INFO - [2023-08-14T00:00:49.763+0200] {dagbag.py:541} INFO - Filling up the DagBag from /home/akhilesh/py39/lib/python3.9/site-packages/airflow/example_dags/example_setup_teardown_taskflow.py
[2023-08-14T00:00:49.766+0200] {processor.py:838} WARNING - No viable dags retrieved from /home/akhilesh/py39/lib/python3.9/site-packages/airflow/example_dags/example_setup_teardown_taskflow.py
[2023-08-14T00:00:49.775+0200] {processor.py:179} INFO - Processing /home/akhilesh/py39/lib/python3.9/site-packages/airflow/example_dags/example_setup_teardown_taskflow.py took 0.017 seconds
[2023-08-14T00:01:42.983+0200] {processor.py:157} INFO - Started process (PID=440571) to work on /home/akhilesh/py39/lib/python3.9/site-packages/airflow/example_dags/example_setup_teardown_taskflow.py
[2023-08-14T00:01:42.991+0200] {processor.py:826} INFO - Processing file /home/akhilesh/py39/lib/python3.9/site-packages/airflow/example_dags/example_setup_teardown_taskflow.py for tasks to queue
[2023-08-14T00:01:42.993+0200] {logging_mixin.py:150} INFO - [2023-08-14T00:01:42.992+0200] {dagbag.py:541} INFO - Filling up the DagBag from /home/akhilesh/py39/lib/python3.9/site-packages/airflow/example_dags/example_setup_teardown_taskflow.py
[2023-08-14T00:01:42.995+0200] {processor.py:838} WARNING - No viable dags retrieved from /home/akhilesh/py39/lib/python3.9/site-packages/airflow/example_dags/example_setup_teardown_taskflow.py
[2023-08-14T00:01:43.008+0200] {processor.py:179} INFO - Processing /home/akhilesh/py39/lib/python3.9/site-packages/airflow/example_dags/example_setup_teardown_taskflow.py took 0.028 seconds
[2023-08-14T00:02:32.372+0200] {processor.py:157} INFO - Started process (PID=440737) to work on /home/akhilesh/py39/lib/python3.9/site-packages/airflow/example_dags/example_setup_teardown_taskflow.py
[2023-08-14T00:02:32.373+0200] {processor.py:826} INFO - Processing file /home/akhilesh/py39/lib/python3.9/site-packages/airflow/example_dags/example_setup_teardown_taskflow.py for tasks to queue
[2023-08-14T00:02:32.374+0200] {logging_mixin.py:150} INFO - [2023-08-14T00:02:32.374+0200] {dagbag.py:541} INFO - Filling up the DagBag from /home/akhilesh/py39/lib/python3.9/site-packages/airflow/example_dags/example_setup_teardown_taskflow.py
[2023-08-14T00:02:32.375+0200] {processor.py:838} WARNING - No viable dags retrieved from /home/akhilesh/py39/lib/python3.9/site-packages/airflow/example_dags/example_setup_teardown_taskflow.py
[2023-08-14T00:02:32.381+0200] {processor.py:179} INFO - Processing /home/akhilesh/py39/lib/python3.9/site-packages/airflow/example_dags/example_setup_teardown_taskflow.py took 0.013 seconds
[2023-08-14T00:03:22.529+0200] {processor.py:157} INFO - Started process (PID=440854) to work on /home/akhilesh/py39/lib/python3.9/site-packages/airflow/example_dags/example_setup_teardown_taskflow.py
[2023-08-14T00:03:22.531+0200] {processor.py:826} INFO - Processing file /home/akhilesh/py39/lib/python3.9/site-packages/airflow/example_dags/example_setup_teardown_taskflow.py for tasks to queue
[2023-08-14T00:03:22.532+0200] {logging_mixin.py:150} INFO - [2023-08-14T00:03:22.531+0200] {dagbag.py:541} INFO - Filling up the DagBag from /home/akhilesh/py39/lib/python3.9/site-packages/airflow/example_dags/example_setup_teardown_taskflow.py
[2023-08-14T00:03:22.534+0200] {processor.py:838} WARNING - No viable dags retrieved from /home/akhilesh/py39/lib/python3.9/site-packages/airflow/example_dags/example_setup_teardown_taskflow.py
[2023-08-14T00:03:22.544+0200] {processor.py:179} INFO - Processing /home/akhilesh/py39/lib/python3.9/site-packages/airflow/example_dags/example_setup_teardown_taskflow.py took 0.019 seconds
[2023-08-14T00:04:13.778+0200] {processor.py:157} INFO - Started process (PID=441005) to work on /home/akhilesh/py39/lib/python3.9/site-packages/airflow/example_dags/example_setup_teardown_taskflow.py
[2023-08-14T00:04:13.787+0200] {processor.py:826} INFO - Processing file /home/akhilesh/py39/lib/python3.9/site-packages/airflow/example_dags/example_setup_teardown_taskflow.py for tasks to queue
[2023-08-14T00:04:13.788+0200] {logging_mixin.py:150} INFO - [2023-08-14T00:04:13.788+0200] {dagbag.py:541} INFO - Filling up the DagBag from /home/akhilesh/py39/lib/python3.9/site-packages/airflow/example_dags/example_setup_teardown_taskflow.py
[2023-08-14T00:04:13.791+0200] {processor.py:838} WARNING - No viable dags retrieved from /home/akhilesh/py39/lib/python3.9/site-packages/airflow/example_dags/example_setup_teardown_taskflow.py
[2023-08-14T00:04:13.803+0200] {processor.py:179} INFO - Processing /home/akhilesh/py39/lib/python3.9/site-packages/airflow/example_dags/example_setup_teardown_taskflow.py took 0.029 seconds
[2023-08-14T00:05:04.392+0200] {processor.py:157} INFO - Started process (PID=441206) to work on /home/akhilesh/py39/lib/python3.9/site-packages/airflow/example_dags/example_setup_teardown_taskflow.py
[2023-08-14T00:05:04.401+0200] {processor.py:826} INFO - Processing file /home/akhilesh/py39/lib/python3.9/site-packages/airflow/example_dags/example_setup_teardown_taskflow.py for tasks to queue
[2023-08-14T00:05:04.402+0200] {logging_mixin.py:150} INFO - [2023-08-14T00:05:04.401+0200] {dagbag.py:541} INFO - Filling up the DagBag from /home/akhilesh/py39/lib/python3.9/site-packages/airflow/example_dags/example_setup_teardown_taskflow.py
[2023-08-14T00:05:04.404+0200] {processor.py:838} WARNING - No viable dags retrieved from /home/akhilesh/py39/lib/python3.9/site-packages/airflow/example_dags/example_setup_teardown_taskflow.py
[2023-08-14T00:05:04.418+0200] {processor.py:179} INFO - Processing /home/akhilesh/py39/lib/python3.9/site-packages/airflow/example_dags/example_setup_teardown_taskflow.py took 0.029 seconds
[2023-08-14T00:05:53.801+0200] {processor.py:157} INFO - Started process (PID=441342) to work on /home/akhilesh/py39/lib/python3.9/site-packages/airflow/example_dags/example_setup_teardown_taskflow.py
[2023-08-14T00:05:53.805+0200] {processor.py:826} INFO - Processing file /home/akhilesh/py39/lib/python3.9/site-packages/airflow/example_dags/example_setup_teardown_taskflow.py for tasks to queue
[2023-08-14T00:05:53.806+0200] {logging_mixin.py:150} INFO - [2023-08-14T00:05:53.806+0200] {dagbag.py:541} INFO - Filling up the DagBag from /home/akhilesh/py39/lib/python3.9/site-packages/airflow/example_dags/example_setup_teardown_taskflow.py
[2023-08-14T00:05:53.808+0200] {processor.py:838} WARNING - No viable dags retrieved from /home/akhilesh/py39/lib/python3.9/site-packages/airflow/example_dags/example_setup_teardown_taskflow.py
[2023-08-14T00:05:53.820+0200] {processor.py:179} INFO - Processing /home/akhilesh/py39/lib/python3.9/site-packages/airflow/example_dags/example_setup_teardown_taskflow.py took 0.022 seconds
[2023-08-14T00:06:43.802+0200] {processor.py:157} INFO - Started process (PID=441490) to work on /home/akhilesh/py39/lib/python3.9/site-packages/airflow/example_dags/example_setup_teardown_taskflow.py
[2023-08-14T00:06:43.811+0200] {processor.py:826} INFO - Processing file /home/akhilesh/py39/lib/python3.9/site-packages/airflow/example_dags/example_setup_teardown_taskflow.py for tasks to queue
[2023-08-14T00:06:43.812+0200] {logging_mixin.py:150} INFO - [2023-08-14T00:06:43.812+0200] {dagbag.py:541} INFO - Filling up the DagBag from /home/akhilesh/py39/lib/python3.9/site-packages/airflow/example_dags/example_setup_teardown_taskflow.py
[2023-08-14T00:06:43.815+0200] {processor.py:838} WARNING - No viable dags retrieved from /home/akhilesh/py39/lib/python3.9/site-packages/airflow/example_dags/example_setup_teardown_taskflow.py
[2023-08-14T00:06:43.825+0200] {processor.py:179} INFO - Processing /home/akhilesh/py39/lib/python3.9/site-packages/airflow/example_dags/example_setup_teardown_taskflow.py took 0.026 seconds
[2023-08-14T00:07:38.714+0200] {processor.py:157} INFO - Started process (PID=441630) to work on /home/akhilesh/py39/lib/python3.9/site-packages/airflow/example_dags/example_setup_teardown_taskflow.py
[2023-08-14T00:07:38.723+0200] {processor.py:826} INFO - Processing file /home/akhilesh/py39/lib/python3.9/site-packages/airflow/example_dags/example_setup_teardown_taskflow.py for tasks to queue
[2023-08-14T00:07:38.724+0200] {logging_mixin.py:150} INFO - [2023-08-14T00:07:38.723+0200] {dagbag.py:541} INFO - Filling up the DagBag from /home/akhilesh/py39/lib/python3.9/site-packages/airflow/example_dags/example_setup_teardown_taskflow.py
[2023-08-14T00:07:38.727+0200] {processor.py:838} WARNING - No viable dags retrieved from /home/akhilesh/py39/lib/python3.9/site-packages/airflow/example_dags/example_setup_teardown_taskflow.py
[2023-08-14T00:07:38.740+0200] {processor.py:179} INFO - Processing /home/akhilesh/py39/lib/python3.9/site-packages/airflow/example_dags/example_setup_teardown_taskflow.py took 0.029 seconds
[2023-08-14T00:08:27.988+0200] {processor.py:157} INFO - Started process (PID=441848) to work on /home/akhilesh/py39/lib/python3.9/site-packages/airflow/example_dags/example_setup_teardown_taskflow.py
[2023-08-14T00:08:27.997+0200] {processor.py:826} INFO - Processing file /home/akhilesh/py39/lib/python3.9/site-packages/airflow/example_dags/example_setup_teardown_taskflow.py for tasks to queue
[2023-08-14T00:08:27.998+0200] {logging_mixin.py:150} INFO - [2023-08-14T00:08:27.998+0200] {dagbag.py:541} INFO - Filling up the DagBag from /home/akhilesh/py39/lib/python3.9/site-packages/airflow/example_dags/example_setup_teardown_taskflow.py
[2023-08-14T00:08:28.000+0200] {processor.py:838} WARNING - No viable dags retrieved from /home/akhilesh/py39/lib/python3.9/site-packages/airflow/example_dags/example_setup_teardown_taskflow.py
[2023-08-14T00:08:28.010+0200] {processor.py:179} INFO - Processing /home/akhilesh/py39/lib/python3.9/site-packages/airflow/example_dags/example_setup_teardown_taskflow.py took 0.026 seconds
[2023-08-14T00:09:15.880+0200] {processor.py:157} INFO - Started process (PID=441961) to work on /home/akhilesh/py39/lib/python3.9/site-packages/airflow/example_dags/example_setup_teardown_taskflow.py
[2023-08-14T00:09:15.889+0200] {processor.py:826} INFO - Processing file /home/akhilesh/py39/lib/python3.9/site-packages/airflow/example_dags/example_setup_teardown_taskflow.py for tasks to queue
[2023-08-14T00:09:15.890+0200] {logging_mixin.py:150} INFO - [2023-08-14T00:09:15.890+0200] {dagbag.py:541} INFO - Filling up the DagBag from /home/akhilesh/py39/lib/python3.9/site-packages/airflow/example_dags/example_setup_teardown_taskflow.py
[2023-08-14T00:09:15.893+0200] {processor.py:838} WARNING - No viable dags retrieved from /home/akhilesh/py39/lib/python3.9/site-packages/airflow/example_dags/example_setup_teardown_taskflow.py
[2023-08-14T00:09:15.903+0200] {processor.py:179} INFO - Processing /home/akhilesh/py39/lib/python3.9/site-packages/airflow/example_dags/example_setup_teardown_taskflow.py took 0.027 seconds
[2023-08-14T00:10:07.771+0200] {processor.py:157} INFO - Started process (PID=442177) to work on /home/akhilesh/py39/lib/python3.9/site-packages/airflow/example_dags/example_setup_teardown_taskflow.py
[2023-08-14T00:10:07.772+0200] {processor.py:826} INFO - Processing file /home/akhilesh/py39/lib/python3.9/site-packages/airflow/example_dags/example_setup_teardown_taskflow.py for tasks to queue
[2023-08-14T00:10:07.773+0200] {logging_mixin.py:150} INFO - [2023-08-14T00:10:07.773+0200] {dagbag.py:541} INFO - Filling up the DagBag from /home/akhilesh/py39/lib/python3.9/site-packages/airflow/example_dags/example_setup_teardown_taskflow.py
[2023-08-14T00:10:07.775+0200] {processor.py:838} WARNING - No viable dags retrieved from /home/akhilesh/py39/lib/python3.9/site-packages/airflow/example_dags/example_setup_teardown_taskflow.py
[2023-08-14T00:10:07.784+0200] {processor.py:179} INFO - Processing /home/akhilesh/py39/lib/python3.9/site-packages/airflow/example_dags/example_setup_teardown_taskflow.py took 0.017 seconds
[2023-08-14T00:10:53.492+0200] {processor.py:157} INFO - Started process (PID=442292) to work on /home/akhilesh/py39/lib/python3.9/site-packages/airflow/example_dags/example_setup_teardown_taskflow.py
[2023-08-14T00:10:53.494+0200] {processor.py:826} INFO - Processing file /home/akhilesh/py39/lib/python3.9/site-packages/airflow/example_dags/example_setup_teardown_taskflow.py for tasks to queue
[2023-08-14T00:10:53.495+0200] {logging_mixin.py:150} INFO - [2023-08-14T00:10:53.495+0200] {dagbag.py:541} INFO - Filling up the DagBag from /home/akhilesh/py39/lib/python3.9/site-packages/airflow/example_dags/example_setup_teardown_taskflow.py
[2023-08-14T00:10:53.497+0200] {processor.py:838} WARNING - No viable dags retrieved from /home/akhilesh/py39/lib/python3.9/site-packages/airflow/example_dags/example_setup_teardown_taskflow.py
[2023-08-14T00:10:53.506+0200] {processor.py:179} INFO - Processing /home/akhilesh/py39/lib/python3.9/site-packages/airflow/example_dags/example_setup_teardown_taskflow.py took 0.018 seconds
[2023-08-14T00:11:48.616+0200] {processor.py:157} INFO - Started process (PID=442542) to work on /home/akhilesh/py39/lib/python3.9/site-packages/airflow/example_dags/example_setup_teardown_taskflow.py
[2023-08-14T00:11:48.617+0200] {processor.py:826} INFO - Processing file /home/akhilesh/py39/lib/python3.9/site-packages/airflow/example_dags/example_setup_teardown_taskflow.py for tasks to queue
[2023-08-14T00:11:48.618+0200] {logging_mixin.py:150} INFO - [2023-08-14T00:11:48.618+0200] {dagbag.py:541} INFO - Filling up the DagBag from /home/akhilesh/py39/lib/python3.9/site-packages/airflow/example_dags/example_setup_teardown_taskflow.py
[2023-08-14T00:11:48.621+0200] {processor.py:838} WARNING - No viable dags retrieved from /home/akhilesh/py39/lib/python3.9/site-packages/airflow/example_dags/example_setup_teardown_taskflow.py
[2023-08-14T00:11:48.628+0200] {processor.py:179} INFO - Processing /home/akhilesh/py39/lib/python3.9/site-packages/airflow/example_dags/example_setup_teardown_taskflow.py took 0.015 seconds
[2023-08-14T00:12:39.983+0200] {processor.py:157} INFO - Started process (PID=442732) to work on /home/akhilesh/py39/lib/python3.9/site-packages/airflow/example_dags/example_setup_teardown_taskflow.py
[2023-08-14T00:12:39.988+0200] {processor.py:826} INFO - Processing file /home/akhilesh/py39/lib/python3.9/site-packages/airflow/example_dags/example_setup_teardown_taskflow.py for tasks to queue
[2023-08-14T00:12:39.989+0200] {logging_mixin.py:150} INFO - [2023-08-14T00:12:39.989+0200] {dagbag.py:541} INFO - Filling up the DagBag from /home/akhilesh/py39/lib/python3.9/site-packages/airflow/example_dags/example_setup_teardown_taskflow.py
[2023-08-14T00:12:39.992+0200] {processor.py:838} WARNING - No viable dags retrieved from /home/akhilesh/py39/lib/python3.9/site-packages/airflow/example_dags/example_setup_teardown_taskflow.py
[2023-08-14T00:12:40.003+0200] {processor.py:179} INFO - Processing /home/akhilesh/py39/lib/python3.9/site-packages/airflow/example_dags/example_setup_teardown_taskflow.py took 0.024 seconds
[2023-08-14T00:13:35.689+0200] {processor.py:157} INFO - Started process (PID=442998) to work on /home/akhilesh/py39/lib/python3.9/site-packages/airflow/example_dags/example_setup_teardown_taskflow.py
[2023-08-14T00:13:35.690+0200] {processor.py:826} INFO - Processing file /home/akhilesh/py39/lib/python3.9/site-packages/airflow/example_dags/example_setup_teardown_taskflow.py for tasks to queue
[2023-08-14T00:13:35.691+0200] {logging_mixin.py:150} INFO - [2023-08-14T00:13:35.691+0200] {dagbag.py:541} INFO - Filling up the DagBag from /home/akhilesh/py39/lib/python3.9/site-packages/airflow/example_dags/example_setup_teardown_taskflow.py
[2023-08-14T00:13:35.693+0200] {processor.py:838} WARNING - No viable dags retrieved from /home/akhilesh/py39/lib/python3.9/site-packages/airflow/example_dags/example_setup_teardown_taskflow.py
[2023-08-14T00:13:35.701+0200] {processor.py:179} INFO - Processing /home/akhilesh/py39/lib/python3.9/site-packages/airflow/example_dags/example_setup_teardown_taskflow.py took 0.015 seconds
[2023-08-14T00:14:25.483+0200] {processor.py:157} INFO - Started process (PID=443313) to work on /home/akhilesh/py39/lib/python3.9/site-packages/airflow/example_dags/example_setup_teardown_taskflow.py
[2023-08-14T00:14:25.491+0200] {processor.py:826} INFO - Processing file /home/akhilesh/py39/lib/python3.9/site-packages/airflow/example_dags/example_setup_teardown_taskflow.py for tasks to queue
[2023-08-14T00:14:25.491+0200] {logging_mixin.py:150} INFO - [2023-08-14T00:14:25.491+0200] {dagbag.py:541} INFO - Filling up the DagBag from /home/akhilesh/py39/lib/python3.9/site-packages/airflow/example_dags/example_setup_teardown_taskflow.py
[2023-08-14T00:14:25.494+0200] {processor.py:838} WARNING - No viable dags retrieved from /home/akhilesh/py39/lib/python3.9/site-packages/airflow/example_dags/example_setup_teardown_taskflow.py
[2023-08-14T00:14:25.505+0200] {processor.py:179} INFO - Processing /home/akhilesh/py39/lib/python3.9/site-packages/airflow/example_dags/example_setup_teardown_taskflow.py took 0.026 seconds
[2023-08-14T00:15:16.014+0200] {processor.py:157} INFO - Started process (PID=443834) to work on /home/akhilesh/py39/lib/python3.9/site-packages/airflow/example_dags/example_setup_teardown_taskflow.py
[2023-08-14T00:15:16.023+0200] {processor.py:826} INFO - Processing file /home/akhilesh/py39/lib/python3.9/site-packages/airflow/example_dags/example_setup_teardown_taskflow.py for tasks to queue
[2023-08-14T00:15:16.024+0200] {logging_mixin.py:150} INFO - [2023-08-14T00:15:16.024+0200] {dagbag.py:541} INFO - Filling up the DagBag from /home/akhilesh/py39/lib/python3.9/site-packages/airflow/example_dags/example_setup_teardown_taskflow.py
[2023-08-14T00:15:16.026+0200] {processor.py:838} WARNING - No viable dags retrieved from /home/akhilesh/py39/lib/python3.9/site-packages/airflow/example_dags/example_setup_teardown_taskflow.py
[2023-08-14T00:15:16.037+0200] {processor.py:179} INFO - Processing /home/akhilesh/py39/lib/python3.9/site-packages/airflow/example_dags/example_setup_teardown_taskflow.py took 0.026 seconds
[2023-08-14T00:16:03.177+0200] {processor.py:157} INFO - Started process (PID=443994) to work on /home/akhilesh/py39/lib/python3.9/site-packages/airflow/example_dags/example_setup_teardown_taskflow.py
[2023-08-14T00:16:03.186+0200] {processor.py:826} INFO - Processing file /home/akhilesh/py39/lib/python3.9/site-packages/airflow/example_dags/example_setup_teardown_taskflow.py for tasks to queue
[2023-08-14T00:16:03.187+0200] {logging_mixin.py:150} INFO - [2023-08-14T00:16:03.187+0200] {dagbag.py:541} INFO - Filling up the DagBag from /home/akhilesh/py39/lib/python3.9/site-packages/airflow/example_dags/example_setup_teardown_taskflow.py
[2023-08-14T00:16:03.190+0200] {processor.py:838} WARNING - No viable dags retrieved from /home/akhilesh/py39/lib/python3.9/site-packages/airflow/example_dags/example_setup_teardown_taskflow.py
[2023-08-14T00:16:03.199+0200] {processor.py:179} INFO - Processing /home/akhilesh/py39/lib/python3.9/site-packages/airflow/example_dags/example_setup_teardown_taskflow.py took 0.025 seconds
[2023-08-14T00:16:52.777+0200] {processor.py:157} INFO - Started process (PID=444437) to work on /home/akhilesh/py39/lib/python3.9/site-packages/airflow/example_dags/example_setup_teardown_taskflow.py
[2023-08-14T00:16:52.786+0200] {processor.py:826} INFO - Processing file /home/akhilesh/py39/lib/python3.9/site-packages/airflow/example_dags/example_setup_teardown_taskflow.py for tasks to queue
[2023-08-14T00:16:52.787+0200] {logging_mixin.py:150} INFO - [2023-08-14T00:16:52.787+0200] {dagbag.py:541} INFO - Filling up the DagBag from /home/akhilesh/py39/lib/python3.9/site-packages/airflow/example_dags/example_setup_teardown_taskflow.py
[2023-08-14T00:16:52.790+0200] {processor.py:838} WARNING - No viable dags retrieved from /home/akhilesh/py39/lib/python3.9/site-packages/airflow/example_dags/example_setup_teardown_taskflow.py
[2023-08-14T00:16:52.801+0200] {processor.py:179} INFO - Processing /home/akhilesh/py39/lib/python3.9/site-packages/airflow/example_dags/example_setup_teardown_taskflow.py took 0.026 seconds
[2023-08-14T00:17:44.391+0200] {processor.py:157} INFO - Started process (PID=444620) to work on /home/akhilesh/py39/lib/python3.9/site-packages/airflow/example_dags/example_setup_teardown_taskflow.py
[2023-08-14T00:17:44.400+0200] {processor.py:826} INFO - Processing file /home/akhilesh/py39/lib/python3.9/site-packages/airflow/example_dags/example_setup_teardown_taskflow.py for tasks to queue
[2023-08-14T00:17:44.402+0200] {logging_mixin.py:150} INFO - [2023-08-14T00:17:44.401+0200] {dagbag.py:541} INFO - Filling up the DagBag from /home/akhilesh/py39/lib/python3.9/site-packages/airflow/example_dags/example_setup_teardown_taskflow.py
[2023-08-14T00:17:44.405+0200] {processor.py:838} WARNING - No viable dags retrieved from /home/akhilesh/py39/lib/python3.9/site-packages/airflow/example_dags/example_setup_teardown_taskflow.py
[2023-08-14T00:17:44.417+0200] {processor.py:179} INFO - Processing /home/akhilesh/py39/lib/python3.9/site-packages/airflow/example_dags/example_setup_teardown_taskflow.py took 0.031 seconds
[2023-08-14T00:18:33.755+0200] {processor.py:157} INFO - Started process (PID=444730) to work on /home/akhilesh/py39/lib/python3.9/site-packages/airflow/example_dags/example_setup_teardown_taskflow.py
[2023-08-14T00:18:33.764+0200] {processor.py:826} INFO - Processing file /home/akhilesh/py39/lib/python3.9/site-packages/airflow/example_dags/example_setup_teardown_taskflow.py for tasks to queue
[2023-08-14T00:18:33.765+0200] {logging_mixin.py:150} INFO - [2023-08-14T00:18:33.765+0200] {dagbag.py:541} INFO - Filling up the DagBag from /home/akhilesh/py39/lib/python3.9/site-packages/airflow/example_dags/example_setup_teardown_taskflow.py
[2023-08-14T00:18:33.768+0200] {processor.py:838} WARNING - No viable dags retrieved from /home/akhilesh/py39/lib/python3.9/site-packages/airflow/example_dags/example_setup_teardown_taskflow.py
[2023-08-14T00:18:33.778+0200] {processor.py:179} INFO - Processing /home/akhilesh/py39/lib/python3.9/site-packages/airflow/example_dags/example_setup_teardown_taskflow.py took 0.026 seconds
[2023-08-14T00:19:21.407+0200] {processor.py:157} INFO - Started process (PID=444873) to work on /home/akhilesh/py39/lib/python3.9/site-packages/airflow/example_dags/example_setup_teardown_taskflow.py
[2023-08-14T00:19:21.415+0200] {processor.py:826} INFO - Processing file /home/akhilesh/py39/lib/python3.9/site-packages/airflow/example_dags/example_setup_teardown_taskflow.py for tasks to queue
[2023-08-14T00:19:21.417+0200] {logging_mixin.py:150} INFO - [2023-08-14T00:19:21.416+0200] {dagbag.py:541} INFO - Filling up the DagBag from /home/akhilesh/py39/lib/python3.9/site-packages/airflow/example_dags/example_setup_teardown_taskflow.py
[2023-08-14T00:19:21.418+0200] {processor.py:838} WARNING - No viable dags retrieved from /home/akhilesh/py39/lib/python3.9/site-packages/airflow/example_dags/example_setup_teardown_taskflow.py
[2023-08-14T00:19:21.429+0200] {processor.py:179} INFO - Processing /home/akhilesh/py39/lib/python3.9/site-packages/airflow/example_dags/example_setup_teardown_taskflow.py took 0.026 seconds
[2023-08-14T00:44:54.683+0200] {processor.py:157} INFO - Started process (PID=449922) to work on /home/akhilesh/py39/lib/python3.9/site-packages/airflow/example_dags/example_setup_teardown_taskflow.py
[2023-08-14T00:44:54.692+0200] {processor.py:826} INFO - Processing file /home/akhilesh/py39/lib/python3.9/site-packages/airflow/example_dags/example_setup_teardown_taskflow.py for tasks to queue
[2023-08-14T00:44:54.694+0200] {logging_mixin.py:150} INFO - [2023-08-14T00:44:54.693+0200] {dagbag.py:541} INFO - Filling up the DagBag from /home/akhilesh/py39/lib/python3.9/site-packages/airflow/example_dags/example_setup_teardown_taskflow.py
[2023-08-14T00:44:54.696+0200] {processor.py:838} WARNING - No viable dags retrieved from /home/akhilesh/py39/lib/python3.9/site-packages/airflow/example_dags/example_setup_teardown_taskflow.py
[2023-08-14T00:44:54.705+0200] {processor.py:179} INFO - Processing /home/akhilesh/py39/lib/python3.9/site-packages/airflow/example_dags/example_setup_teardown_taskflow.py took 0.025 seconds
[2023-08-14T00:45:47.210+0200] {processor.py:157} INFO - Started process (PID=450382) to work on /home/akhilesh/py39/lib/python3.9/site-packages/airflow/example_dags/example_setup_teardown_taskflow.py
[2023-08-14T00:45:47.219+0200] {processor.py:826} INFO - Processing file /home/akhilesh/py39/lib/python3.9/site-packages/airflow/example_dags/example_setup_teardown_taskflow.py for tasks to queue
[2023-08-14T00:45:47.220+0200] {logging_mixin.py:150} INFO - [2023-08-14T00:45:47.220+0200] {dagbag.py:541} INFO - Filling up the DagBag from /home/akhilesh/py39/lib/python3.9/site-packages/airflow/example_dags/example_setup_teardown_taskflow.py
[2023-08-14T00:45:47.223+0200] {processor.py:838} WARNING - No viable dags retrieved from /home/akhilesh/py39/lib/python3.9/site-packages/airflow/example_dags/example_setup_teardown_taskflow.py
[2023-08-14T00:45:47.236+0200] {processor.py:179} INFO - Processing /home/akhilesh/py39/lib/python3.9/site-packages/airflow/example_dags/example_setup_teardown_taskflow.py took 0.028 seconds
[2023-08-14T00:46:42.625+0200] {processor.py:157} INFO - Started process (PID=450733) to work on /home/akhilesh/py39/lib/python3.9/site-packages/airflow/example_dags/example_setup_teardown_taskflow.py
[2023-08-14T00:46:42.626+0200] {processor.py:826} INFO - Processing file /home/akhilesh/py39/lib/python3.9/site-packages/airflow/example_dags/example_setup_teardown_taskflow.py for tasks to queue
[2023-08-14T00:46:42.627+0200] {logging_mixin.py:150} INFO - [2023-08-14T00:46:42.627+0200] {dagbag.py:541} INFO - Filling up the DagBag from /home/akhilesh/py39/lib/python3.9/site-packages/airflow/example_dags/example_setup_teardown_taskflow.py
[2023-08-14T00:46:42.629+0200] {processor.py:838} WARNING - No viable dags retrieved from /home/akhilesh/py39/lib/python3.9/site-packages/airflow/example_dags/example_setup_teardown_taskflow.py
[2023-08-14T00:46:42.636+0200] {processor.py:179} INFO - Processing /home/akhilesh/py39/lib/python3.9/site-packages/airflow/example_dags/example_setup_teardown_taskflow.py took 0.016 seconds
[2023-08-14T00:47:34.285+0200] {processor.py:157} INFO - Started process (PID=450876) to work on /home/akhilesh/py39/lib/python3.9/site-packages/airflow/example_dags/example_setup_teardown_taskflow.py
[2023-08-14T00:47:34.293+0200] {processor.py:826} INFO - Processing file /home/akhilesh/py39/lib/python3.9/site-packages/airflow/example_dags/example_setup_teardown_taskflow.py for tasks to queue
[2023-08-14T00:47:34.295+0200] {logging_mixin.py:150} INFO - [2023-08-14T00:47:34.294+0200] {dagbag.py:541} INFO - Filling up the DagBag from /home/akhilesh/py39/lib/python3.9/site-packages/airflow/example_dags/example_setup_teardown_taskflow.py
[2023-08-14T00:47:34.298+0200] {processor.py:838} WARNING - No viable dags retrieved from /home/akhilesh/py39/lib/python3.9/site-packages/airflow/example_dags/example_setup_teardown_taskflow.py
[2023-08-14T00:47:34.307+0200] {processor.py:179} INFO - Processing /home/akhilesh/py39/lib/python3.9/site-packages/airflow/example_dags/example_setup_teardown_taskflow.py took 0.026 seconds
[2023-08-14T00:48:26.725+0200] {processor.py:157} INFO - Started process (PID=451004) to work on /home/akhilesh/py39/lib/python3.9/site-packages/airflow/example_dags/example_setup_teardown_taskflow.py
[2023-08-14T00:48:26.733+0200] {processor.py:826} INFO - Processing file /home/akhilesh/py39/lib/python3.9/site-packages/airflow/example_dags/example_setup_teardown_taskflow.py for tasks to queue
[2023-08-14T00:48:26.734+0200] {logging_mixin.py:150} INFO - [2023-08-14T00:48:26.734+0200] {dagbag.py:541} INFO - Filling up the DagBag from /home/akhilesh/py39/lib/python3.9/site-packages/airflow/example_dags/example_setup_teardown_taskflow.py
[2023-08-14T00:48:26.736+0200] {processor.py:838} WARNING - No viable dags retrieved from /home/akhilesh/py39/lib/python3.9/site-packages/airflow/example_dags/example_setup_teardown_taskflow.py
[2023-08-14T00:48:26.747+0200] {processor.py:179} INFO - Processing /home/akhilesh/py39/lib/python3.9/site-packages/airflow/example_dags/example_setup_teardown_taskflow.py took 0.026 seconds
