[2023-08-13T23:08:14.841+0200] {processor.py:157} INFO - Started process (PID=427360) to work on /home/akhilesh/py39/lib/python3.9/site-packages/airflow/example_dags/example_setup_teardown.py
[2023-08-13T23:08:14.842+0200] {processor.py:826} INFO - Processing file /home/akhilesh/py39/lib/python3.9/site-packages/airflow/example_dags/example_setup_teardown.py for tasks to queue
[2023-08-13T23:08:14.843+0200] {logging_mixin.py:150} INFO - [2023-08-13T23:08:14.843+0200] {dagbag.py:541} INFO - Filling up the DagBag from /home/akhilesh/py39/lib/python3.9/site-packages/airflow/example_dags/example_setup_teardown.py
[2023-08-13T23:08:14.846+0200] {processor.py:838} WARNING - No viable dags retrieved from /home/akhilesh/py39/lib/python3.9/site-packages/airflow/example_dags/example_setup_teardown.py
[2023-08-13T23:08:14.857+0200] {processor.py:179} INFO - Processing /home/akhilesh/py39/lib/python3.9/site-packages/airflow/example_dags/example_setup_teardown.py took 0.020 seconds
[2023-08-13T23:09:05.498+0200] {processor.py:157} INFO - Started process (PID=427557) to work on /home/akhilesh/py39/lib/python3.9/site-packages/airflow/example_dags/example_setup_teardown.py
[2023-08-13T23:09:05.507+0200] {processor.py:826} INFO - Processing file /home/akhilesh/py39/lib/python3.9/site-packages/airflow/example_dags/example_setup_teardown.py for tasks to queue
[2023-08-13T23:09:05.508+0200] {logging_mixin.py:150} INFO - [2023-08-13T23:09:05.508+0200] {dagbag.py:541} INFO - Filling up the DagBag from /home/akhilesh/py39/lib/python3.9/site-packages/airflow/example_dags/example_setup_teardown.py
[2023-08-13T23:09:05.511+0200] {processor.py:838} WARNING - No viable dags retrieved from /home/akhilesh/py39/lib/python3.9/site-packages/airflow/example_dags/example_setup_teardown.py
[2023-08-13T23:09:05.523+0200] {processor.py:179} INFO - Processing /home/akhilesh/py39/lib/python3.9/site-packages/airflow/example_dags/example_setup_teardown.py took 0.029 seconds
[2023-08-13T23:09:52.158+0200] {processor.py:157} INFO - Started process (PID=427692) to work on /home/akhilesh/py39/lib/python3.9/site-packages/airflow/example_dags/example_setup_teardown.py
[2023-08-13T23:09:52.159+0200] {processor.py:826} INFO - Processing file /home/akhilesh/py39/lib/python3.9/site-packages/airflow/example_dags/example_setup_teardown.py for tasks to queue
[2023-08-13T23:09:52.161+0200] {logging_mixin.py:150} INFO - [2023-08-13T23:09:52.160+0200] {dagbag.py:541} INFO - Filling up the DagBag from /home/akhilesh/py39/lib/python3.9/site-packages/airflow/example_dags/example_setup_teardown.py
[2023-08-13T23:09:52.163+0200] {processor.py:838} WARNING - No viable dags retrieved from /home/akhilesh/py39/lib/python3.9/site-packages/airflow/example_dags/example_setup_teardown.py
[2023-08-13T23:09:52.172+0200] {processor.py:179} INFO - Processing /home/akhilesh/py39/lib/python3.9/site-packages/airflow/example_dags/example_setup_teardown.py took 0.018 seconds
[2023-08-13T23:11:05.031+0200] {processor.py:157} INFO - Started process (PID=428056) to work on /home/akhilesh/py39/lib/python3.9/site-packages/airflow/example_dags/example_setup_teardown.py
[2023-08-13T23:11:05.040+0200] {processor.py:826} INFO - Processing file /home/akhilesh/py39/lib/python3.9/site-packages/airflow/example_dags/example_setup_teardown.py for tasks to queue
[2023-08-13T23:11:05.041+0200] {logging_mixin.py:150} INFO - [2023-08-13T23:11:05.041+0200] {dagbag.py:541} INFO - Filling up the DagBag from /home/akhilesh/py39/lib/python3.9/site-packages/airflow/example_dags/example_setup_teardown.py
[2023-08-13T23:11:05.044+0200] {processor.py:838} WARNING - No viable dags retrieved from /home/akhilesh/py39/lib/python3.9/site-packages/airflow/example_dags/example_setup_teardown.py
[2023-08-13T23:11:05.056+0200] {processor.py:179} INFO - Processing /home/akhilesh/py39/lib/python3.9/site-packages/airflow/example_dags/example_setup_teardown.py took 0.028 seconds
[2023-08-13T23:11:49.167+0200] {processor.py:157} INFO - Started process (PID=428161) to work on /home/akhilesh/py39/lib/python3.9/site-packages/airflow/example_dags/example_setup_teardown.py
[2023-08-13T23:11:49.176+0200] {processor.py:826} INFO - Processing file /home/akhilesh/py39/lib/python3.9/site-packages/airflow/example_dags/example_setup_teardown.py for tasks to queue
[2023-08-13T23:11:49.177+0200] {logging_mixin.py:150} INFO - [2023-08-13T23:11:49.176+0200] {dagbag.py:541} INFO - Filling up the DagBag from /home/akhilesh/py39/lib/python3.9/site-packages/airflow/example_dags/example_setup_teardown.py
[2023-08-13T23:11:49.180+0200] {processor.py:838} WARNING - No viable dags retrieved from /home/akhilesh/py39/lib/python3.9/site-packages/airflow/example_dags/example_setup_teardown.py
[2023-08-13T23:11:49.189+0200] {processor.py:179} INFO - Processing /home/akhilesh/py39/lib/python3.9/site-packages/airflow/example_dags/example_setup_teardown.py took 0.026 seconds
[2023-08-13T23:14:02.479+0200] {processor.py:157} INFO - Started process (PID=429047) to work on /home/akhilesh/py39/lib/python3.9/site-packages/airflow/example_dags/example_setup_teardown.py
[2023-08-13T23:14:02.479+0200] {processor.py:826} INFO - Processing file /home/akhilesh/py39/lib/python3.9/site-packages/airflow/example_dags/example_setup_teardown.py for tasks to queue
[2023-08-13T23:14:02.480+0200] {logging_mixin.py:150} INFO - [2023-08-13T23:14:02.480+0200] {dagbag.py:541} INFO - Filling up the DagBag from /home/akhilesh/py39/lib/python3.9/site-packages/airflow/example_dags/example_setup_teardown.py
[2023-08-13T23:14:02.481+0200] {processor.py:838} WARNING - No viable dags retrieved from /home/akhilesh/py39/lib/python3.9/site-packages/airflow/example_dags/example_setup_teardown.py
[2023-08-13T23:14:02.487+0200] {processor.py:179} INFO - Processing /home/akhilesh/py39/lib/python3.9/site-packages/airflow/example_dags/example_setup_teardown.py took 0.012 seconds
[2023-08-13T23:14:50.510+0200] {processor.py:157} INFO - Started process (PID=429473) to work on /home/akhilesh/py39/lib/python3.9/site-packages/airflow/example_dags/example_setup_teardown.py
[2023-08-13T23:14:50.519+0200] {processor.py:826} INFO - Processing file /home/akhilesh/py39/lib/python3.9/site-packages/airflow/example_dags/example_setup_teardown.py for tasks to queue
[2023-08-13T23:14:50.520+0200] {logging_mixin.py:150} INFO - [2023-08-13T23:14:50.519+0200] {dagbag.py:541} INFO - Filling up the DagBag from /home/akhilesh/py39/lib/python3.9/site-packages/airflow/example_dags/example_setup_teardown.py
[2023-08-13T23:14:50.523+0200] {processor.py:838} WARNING - No viable dags retrieved from /home/akhilesh/py39/lib/python3.9/site-packages/airflow/example_dags/example_setup_teardown.py
[2023-08-13T23:14:50.533+0200] {processor.py:179} INFO - Processing /home/akhilesh/py39/lib/python3.9/site-packages/airflow/example_dags/example_setup_teardown.py took 0.027 seconds
[2023-08-13T23:15:50.882+0200] {processor.py:157} INFO - Started process (PID=430002) to work on /home/akhilesh/py39/lib/python3.9/site-packages/airflow/example_dags/example_setup_teardown.py
[2023-08-13T23:15:50.891+0200] {processor.py:826} INFO - Processing file /home/akhilesh/py39/lib/python3.9/site-packages/airflow/example_dags/example_setup_teardown.py for tasks to queue
[2023-08-13T23:15:50.892+0200] {logging_mixin.py:150} INFO - [2023-08-13T23:15:50.892+0200] {dagbag.py:541} INFO - Filling up the DagBag from /home/akhilesh/py39/lib/python3.9/site-packages/airflow/example_dags/example_setup_teardown.py
[2023-08-13T23:15:50.894+0200] {processor.py:838} WARNING - No viable dags retrieved from /home/akhilesh/py39/lib/python3.9/site-packages/airflow/example_dags/example_setup_teardown.py
[2023-08-13T23:15:50.905+0200] {processor.py:179} INFO - Processing /home/akhilesh/py39/lib/python3.9/site-packages/airflow/example_dags/example_setup_teardown.py took 0.027 seconds
[2023-08-13T23:16:36.249+0200] {processor.py:157} INFO - Started process (PID=430120) to work on /home/akhilesh/py39/lib/python3.9/site-packages/airflow/example_dags/example_setup_teardown.py
[2023-08-13T23:16:36.258+0200] {processor.py:826} INFO - Processing file /home/akhilesh/py39/lib/python3.9/site-packages/airflow/example_dags/example_setup_teardown.py for tasks to queue
[2023-08-13T23:16:36.259+0200] {logging_mixin.py:150} INFO - [2023-08-13T23:16:36.259+0200] {dagbag.py:541} INFO - Filling up the DagBag from /home/akhilesh/py39/lib/python3.9/site-packages/airflow/example_dags/example_setup_teardown.py
[2023-08-13T23:16:36.263+0200] {processor.py:838} WARNING - No viable dags retrieved from /home/akhilesh/py39/lib/python3.9/site-packages/airflow/example_dags/example_setup_teardown.py
[2023-08-13T23:16:36.272+0200] {processor.py:179} INFO - Processing /home/akhilesh/py39/lib/python3.9/site-packages/airflow/example_dags/example_setup_teardown.py took 0.027 seconds
[2023-08-13T23:17:23.159+0200] {processor.py:157} INFO - Started process (PID=430243) to work on /home/akhilesh/py39/lib/python3.9/site-packages/airflow/example_dags/example_setup_teardown.py
[2023-08-13T23:17:23.168+0200] {processor.py:826} INFO - Processing file /home/akhilesh/py39/lib/python3.9/site-packages/airflow/example_dags/example_setup_teardown.py for tasks to queue
[2023-08-13T23:17:23.169+0200] {logging_mixin.py:150} INFO - [2023-08-13T23:17:23.169+0200] {dagbag.py:541} INFO - Filling up the DagBag from /home/akhilesh/py39/lib/python3.9/site-packages/airflow/example_dags/example_setup_teardown.py
[2023-08-13T23:17:23.172+0200] {processor.py:838} WARNING - No viable dags retrieved from /home/akhilesh/py39/lib/python3.9/site-packages/airflow/example_dags/example_setup_teardown.py
[2023-08-13T23:17:23.184+0200] {processor.py:179} INFO - Processing /home/akhilesh/py39/lib/python3.9/site-packages/airflow/example_dags/example_setup_teardown.py took 0.028 seconds
[2023-08-13T23:18:13.186+0200] {processor.py:157} INFO - Started process (PID=430417) to work on /home/akhilesh/py39/lib/python3.9/site-packages/airflow/example_dags/example_setup_teardown.py
[2023-08-13T23:18:13.194+0200] {processor.py:826} INFO - Processing file /home/akhilesh/py39/lib/python3.9/site-packages/airflow/example_dags/example_setup_teardown.py for tasks to queue
[2023-08-13T23:18:13.196+0200] {logging_mixin.py:150} INFO - [2023-08-13T23:18:13.195+0200] {dagbag.py:541} INFO - Filling up the DagBag from /home/akhilesh/py39/lib/python3.9/site-packages/airflow/example_dags/example_setup_teardown.py
[2023-08-13T23:18:13.198+0200] {processor.py:838} WARNING - No viable dags retrieved from /home/akhilesh/py39/lib/python3.9/site-packages/airflow/example_dags/example_setup_teardown.py
[2023-08-13T23:18:13.212+0200] {processor.py:179} INFO - Processing /home/akhilesh/py39/lib/python3.9/site-packages/airflow/example_dags/example_setup_teardown.py took 0.030 seconds
[2023-08-13T23:19:01.935+0200] {processor.py:157} INFO - Started process (PID=430560) to work on /home/akhilesh/py39/lib/python3.9/site-packages/airflow/example_dags/example_setup_teardown.py
[2023-08-13T23:19:01.944+0200] {processor.py:826} INFO - Processing file /home/akhilesh/py39/lib/python3.9/site-packages/airflow/example_dags/example_setup_teardown.py for tasks to queue
[2023-08-13T23:19:01.945+0200] {logging_mixin.py:150} INFO - [2023-08-13T23:19:01.944+0200] {dagbag.py:541} INFO - Filling up the DagBag from /home/akhilesh/py39/lib/python3.9/site-packages/airflow/example_dags/example_setup_teardown.py
[2023-08-13T23:19:01.946+0200] {processor.py:838} WARNING - No viable dags retrieved from /home/akhilesh/py39/lib/python3.9/site-packages/airflow/example_dags/example_setup_teardown.py
[2023-08-13T23:19:01.957+0200] {processor.py:179} INFO - Processing /home/akhilesh/py39/lib/python3.9/site-packages/airflow/example_dags/example_setup_teardown.py took 0.025 seconds
[2023-08-13T23:19:49.138+0200] {processor.py:157} INFO - Started process (PID=430754) to work on /home/akhilesh/py39/lib/python3.9/site-packages/airflow/example_dags/example_setup_teardown.py
[2023-08-13T23:19:49.147+0200] {processor.py:826} INFO - Processing file /home/akhilesh/py39/lib/python3.9/site-packages/airflow/example_dags/example_setup_teardown.py for tasks to queue
[2023-08-13T23:19:49.148+0200] {logging_mixin.py:150} INFO - [2023-08-13T23:19:49.147+0200] {dagbag.py:541} INFO - Filling up the DagBag from /home/akhilesh/py39/lib/python3.9/site-packages/airflow/example_dags/example_setup_teardown.py
[2023-08-13T23:19:49.150+0200] {processor.py:838} WARNING - No viable dags retrieved from /home/akhilesh/py39/lib/python3.9/site-packages/airflow/example_dags/example_setup_teardown.py
[2023-08-13T23:19:49.162+0200] {processor.py:179} INFO - Processing /home/akhilesh/py39/lib/python3.9/site-packages/airflow/example_dags/example_setup_teardown.py took 0.027 seconds
[2023-08-13T23:20:37.095+0200] {processor.py:157} INFO - Started process (PID=430916) to work on /home/akhilesh/py39/lib/python3.9/site-packages/airflow/example_dags/example_setup_teardown.py
[2023-08-13T23:20:37.096+0200] {processor.py:826} INFO - Processing file /home/akhilesh/py39/lib/python3.9/site-packages/airflow/example_dags/example_setup_teardown.py for tasks to queue
[2023-08-13T23:20:37.097+0200] {logging_mixin.py:150} INFO - [2023-08-13T23:20:37.097+0200] {dagbag.py:541} INFO - Filling up the DagBag from /home/akhilesh/py39/lib/python3.9/site-packages/airflow/example_dags/example_setup_teardown.py
[2023-08-13T23:20:37.099+0200] {processor.py:838} WARNING - No viable dags retrieved from /home/akhilesh/py39/lib/python3.9/site-packages/airflow/example_dags/example_setup_teardown.py
[2023-08-13T23:20:37.108+0200] {processor.py:179} INFO - Processing /home/akhilesh/py39/lib/python3.9/site-packages/airflow/example_dags/example_setup_teardown.py took 0.016 seconds
[2023-08-13T23:21:24.050+0200] {processor.py:157} INFO - Started process (PID=431079) to work on /home/akhilesh/py39/lib/python3.9/site-packages/airflow/example_dags/example_setup_teardown.py
[2023-08-13T23:21:24.059+0200] {processor.py:826} INFO - Processing file /home/akhilesh/py39/lib/python3.9/site-packages/airflow/example_dags/example_setup_teardown.py for tasks to queue
[2023-08-13T23:21:24.061+0200] {logging_mixin.py:150} INFO - [2023-08-13T23:21:24.060+0200] {dagbag.py:541} INFO - Filling up the DagBag from /home/akhilesh/py39/lib/python3.9/site-packages/airflow/example_dags/example_setup_teardown.py
[2023-08-13T23:21:24.062+0200] {processor.py:838} WARNING - No viable dags retrieved from /home/akhilesh/py39/lib/python3.9/site-packages/airflow/example_dags/example_setup_teardown.py
[2023-08-13T23:21:24.073+0200] {processor.py:179} INFO - Processing /home/akhilesh/py39/lib/python3.9/site-packages/airflow/example_dags/example_setup_teardown.py took 0.026 seconds
[2023-08-13T23:22:11.637+0200] {processor.py:157} INFO - Started process (PID=431266) to work on /home/akhilesh/py39/lib/python3.9/site-packages/airflow/example_dags/example_setup_teardown.py
[2023-08-13T23:22:11.639+0200] {processor.py:826} INFO - Processing file /home/akhilesh/py39/lib/python3.9/site-packages/airflow/example_dags/example_setup_teardown.py for tasks to queue
[2023-08-13T23:22:11.639+0200] {logging_mixin.py:150} INFO - [2023-08-13T23:22:11.639+0200] {dagbag.py:541} INFO - Filling up the DagBag from /home/akhilesh/py39/lib/python3.9/site-packages/airflow/example_dags/example_setup_teardown.py
[2023-08-13T23:22:11.641+0200] {processor.py:838} WARNING - No viable dags retrieved from /home/akhilesh/py39/lib/python3.9/site-packages/airflow/example_dags/example_setup_teardown.py
[2023-08-13T23:22:11.648+0200] {processor.py:179} INFO - Processing /home/akhilesh/py39/lib/python3.9/site-packages/airflow/example_dags/example_setup_teardown.py took 0.015 seconds
[2023-08-13T23:25:19.166+0200] {processor.py:157} INFO - Started process (PID=432176) to work on /home/akhilesh/py39/lib/python3.9/site-packages/airflow/example_dags/example_setup_teardown.py
[2023-08-13T23:25:19.175+0200] {processor.py:826} INFO - Processing file /home/akhilesh/py39/lib/python3.9/site-packages/airflow/example_dags/example_setup_teardown.py for tasks to queue
[2023-08-13T23:25:19.176+0200] {logging_mixin.py:150} INFO - [2023-08-13T23:25:19.176+0200] {dagbag.py:541} INFO - Filling up the DagBag from /home/akhilesh/py39/lib/python3.9/site-packages/airflow/example_dags/example_setup_teardown.py
[2023-08-13T23:25:19.179+0200] {processor.py:838} WARNING - No viable dags retrieved from /home/akhilesh/py39/lib/python3.9/site-packages/airflow/example_dags/example_setup_teardown.py
[2023-08-13T23:25:19.190+0200] {processor.py:179} INFO - Processing /home/akhilesh/py39/lib/python3.9/site-packages/airflow/example_dags/example_setup_teardown.py took 0.027 seconds
[2023-08-13T23:26:04.805+0200] {processor.py:157} INFO - Started process (PID=432368) to work on /home/akhilesh/py39/lib/python3.9/site-packages/airflow/example_dags/example_setup_teardown.py
[2023-08-13T23:26:04.814+0200] {processor.py:826} INFO - Processing file /home/akhilesh/py39/lib/python3.9/site-packages/airflow/example_dags/example_setup_teardown.py for tasks to queue
[2023-08-13T23:26:04.815+0200] {logging_mixin.py:150} INFO - [2023-08-13T23:26:04.815+0200] {dagbag.py:541} INFO - Filling up the DagBag from /home/akhilesh/py39/lib/python3.9/site-packages/airflow/example_dags/example_setup_teardown.py
[2023-08-13T23:26:04.818+0200] {processor.py:838} WARNING - No viable dags retrieved from /home/akhilesh/py39/lib/python3.9/site-packages/airflow/example_dags/example_setup_teardown.py
[2023-08-13T23:26:04.830+0200] {processor.py:179} INFO - Processing /home/akhilesh/py39/lib/python3.9/site-packages/airflow/example_dags/example_setup_teardown.py took 0.028 seconds
[2023-08-13T23:26:56.375+0200] {processor.py:157} INFO - Started process (PID=432540) to work on /home/akhilesh/py39/lib/python3.9/site-packages/airflow/example_dags/example_setup_teardown.py
[2023-08-13T23:26:56.384+0200] {processor.py:826} INFO - Processing file /home/akhilesh/py39/lib/python3.9/site-packages/airflow/example_dags/example_setup_teardown.py for tasks to queue
[2023-08-13T23:26:56.386+0200] {logging_mixin.py:150} INFO - [2023-08-13T23:26:56.385+0200] {dagbag.py:541} INFO - Filling up the DagBag from /home/akhilesh/py39/lib/python3.9/site-packages/airflow/example_dags/example_setup_teardown.py
[2023-08-13T23:26:56.388+0200] {processor.py:838} WARNING - No viable dags retrieved from /home/akhilesh/py39/lib/python3.9/site-packages/airflow/example_dags/example_setup_teardown.py
[2023-08-13T23:26:56.398+0200] {processor.py:179} INFO - Processing /home/akhilesh/py39/lib/python3.9/site-packages/airflow/example_dags/example_setup_teardown.py took 0.026 seconds
[2023-08-13T23:27:41.664+0200] {processor.py:157} INFO - Started process (PID=432684) to work on /home/akhilesh/py39/lib/python3.9/site-packages/airflow/example_dags/example_setup_teardown.py
[2023-08-13T23:27:41.673+0200] {processor.py:826} INFO - Processing file /home/akhilesh/py39/lib/python3.9/site-packages/airflow/example_dags/example_setup_teardown.py for tasks to queue
[2023-08-13T23:27:41.674+0200] {logging_mixin.py:150} INFO - [2023-08-13T23:27:41.674+0200] {dagbag.py:541} INFO - Filling up the DagBag from /home/akhilesh/py39/lib/python3.9/site-packages/airflow/example_dags/example_setup_teardown.py
[2023-08-13T23:27:41.676+0200] {processor.py:838} WARNING - No viable dags retrieved from /home/akhilesh/py39/lib/python3.9/site-packages/airflow/example_dags/example_setup_teardown.py
[2023-08-13T23:27:41.688+0200] {processor.py:179} INFO - Processing /home/akhilesh/py39/lib/python3.9/site-packages/airflow/example_dags/example_setup_teardown.py took 0.028 seconds
[2023-08-13T23:28:30.077+0200] {processor.py:157} INFO - Started process (PID=432822) to work on /home/akhilesh/py39/lib/python3.9/site-packages/airflow/example_dags/example_setup_teardown.py
[2023-08-13T23:28:30.086+0200] {processor.py:826} INFO - Processing file /home/akhilesh/py39/lib/python3.9/site-packages/airflow/example_dags/example_setup_teardown.py for tasks to queue
[2023-08-13T23:28:30.087+0200] {logging_mixin.py:150} INFO - [2023-08-13T23:28:30.087+0200] {dagbag.py:541} INFO - Filling up the DagBag from /home/akhilesh/py39/lib/python3.9/site-packages/airflow/example_dags/example_setup_teardown.py
[2023-08-13T23:28:30.090+0200] {processor.py:838} WARNING - No viable dags retrieved from /home/akhilesh/py39/lib/python3.9/site-packages/airflow/example_dags/example_setup_teardown.py
[2023-08-13T23:28:30.099+0200] {processor.py:179} INFO - Processing /home/akhilesh/py39/lib/python3.9/site-packages/airflow/example_dags/example_setup_teardown.py took 0.025 seconds
[2023-08-13T23:29:24.525+0200] {processor.py:157} INFO - Started process (PID=433024) to work on /home/akhilesh/py39/lib/python3.9/site-packages/airflow/example_dags/example_setup_teardown.py
[2023-08-13T23:29:24.527+0200] {processor.py:826} INFO - Processing file /home/akhilesh/py39/lib/python3.9/site-packages/airflow/example_dags/example_setup_teardown.py for tasks to queue
[2023-08-13T23:29:24.528+0200] {logging_mixin.py:150} INFO - [2023-08-13T23:29:24.528+0200] {dagbag.py:541} INFO - Filling up the DagBag from /home/akhilesh/py39/lib/python3.9/site-packages/airflow/example_dags/example_setup_teardown.py
[2023-08-13T23:29:24.530+0200] {processor.py:838} WARNING - No viable dags retrieved from /home/akhilesh/py39/lib/python3.9/site-packages/airflow/example_dags/example_setup_teardown.py
[2023-08-13T23:29:24.541+0200] {processor.py:179} INFO - Processing /home/akhilesh/py39/lib/python3.9/site-packages/airflow/example_dags/example_setup_teardown.py took 0.019 seconds
[2023-08-13T23:30:18.183+0200] {processor.py:157} INFO - Started process (PID=433188) to work on /home/akhilesh/py39/lib/python3.9/site-packages/airflow/example_dags/example_setup_teardown.py
[2023-08-13T23:30:18.192+0200] {processor.py:826} INFO - Processing file /home/akhilesh/py39/lib/python3.9/site-packages/airflow/example_dags/example_setup_teardown.py for tasks to queue
[2023-08-13T23:30:18.193+0200] {logging_mixin.py:150} INFO - [2023-08-13T23:30:18.193+0200] {dagbag.py:541} INFO - Filling up the DagBag from /home/akhilesh/py39/lib/python3.9/site-packages/airflow/example_dags/example_setup_teardown.py
[2023-08-13T23:30:18.196+0200] {processor.py:838} WARNING - No viable dags retrieved from /home/akhilesh/py39/lib/python3.9/site-packages/airflow/example_dags/example_setup_teardown.py
[2023-08-13T23:30:18.207+0200] {processor.py:179} INFO - Processing /home/akhilesh/py39/lib/python3.9/site-packages/airflow/example_dags/example_setup_teardown.py took 0.028 seconds
[2023-08-13T23:30:57.787+0200] {processor.py:157} INFO - Started process (PID=433319) to work on /home/akhilesh/py39/lib/python3.9/site-packages/airflow/example_dags/example_setup_teardown.py
[2023-08-13T23:30:57.796+0200] {processor.py:826} INFO - Processing file /home/akhilesh/py39/lib/python3.9/site-packages/airflow/example_dags/example_setup_teardown.py for tasks to queue
[2023-08-13T23:30:57.797+0200] {logging_mixin.py:150} INFO - [2023-08-13T23:30:57.797+0200] {dagbag.py:541} INFO - Filling up the DagBag from /home/akhilesh/py39/lib/python3.9/site-packages/airflow/example_dags/example_setup_teardown.py
[2023-08-13T23:30:57.799+0200] {processor.py:838} WARNING - No viable dags retrieved from /home/akhilesh/py39/lib/python3.9/site-packages/airflow/example_dags/example_setup_teardown.py
[2023-08-13T23:30:57.810+0200] {processor.py:179} INFO - Processing /home/akhilesh/py39/lib/python3.9/site-packages/airflow/example_dags/example_setup_teardown.py took 0.026 seconds
[2023-08-13T23:31:39.841+0200] {processor.py:157} INFO - Started process (PID=433455) to work on /home/akhilesh/py39/lib/python3.9/site-packages/airflow/example_dags/example_setup_teardown.py
[2023-08-13T23:31:39.850+0200] {processor.py:826} INFO - Processing file /home/akhilesh/py39/lib/python3.9/site-packages/airflow/example_dags/example_setup_teardown.py for tasks to queue
[2023-08-13T23:31:39.851+0200] {logging_mixin.py:150} INFO - [2023-08-13T23:31:39.850+0200] {dagbag.py:541} INFO - Filling up the DagBag from /home/akhilesh/py39/lib/python3.9/site-packages/airflow/example_dags/example_setup_teardown.py
[2023-08-13T23:31:39.853+0200] {processor.py:838} WARNING - No viable dags retrieved from /home/akhilesh/py39/lib/python3.9/site-packages/airflow/example_dags/example_setup_teardown.py
[2023-08-13T23:31:39.866+0200] {processor.py:179} INFO - Processing /home/akhilesh/py39/lib/python3.9/site-packages/airflow/example_dags/example_setup_teardown.py took 0.028 seconds
[2023-08-13T23:32:20.791+0200] {processor.py:157} INFO - Started process (PID=433551) to work on /home/akhilesh/py39/lib/python3.9/site-packages/airflow/example_dags/example_setup_teardown.py
[2023-08-13T23:32:20.800+0200] {processor.py:826} INFO - Processing file /home/akhilesh/py39/lib/python3.9/site-packages/airflow/example_dags/example_setup_teardown.py for tasks to queue
[2023-08-13T23:32:20.801+0200] {logging_mixin.py:150} INFO - [2023-08-13T23:32:20.800+0200] {dagbag.py:541} INFO - Filling up the DagBag from /home/akhilesh/py39/lib/python3.9/site-packages/airflow/example_dags/example_setup_teardown.py
[2023-08-13T23:32:20.803+0200] {processor.py:838} WARNING - No viable dags retrieved from /home/akhilesh/py39/lib/python3.9/site-packages/airflow/example_dags/example_setup_teardown.py
[2023-08-13T23:32:20.813+0200] {processor.py:179} INFO - Processing /home/akhilesh/py39/lib/python3.9/site-packages/airflow/example_dags/example_setup_teardown.py took 0.026 seconds
[2023-08-13T23:33:14.244+0200] {processor.py:157} INFO - Started process (PID=433749) to work on /home/akhilesh/py39/lib/python3.9/site-packages/airflow/example_dags/example_setup_teardown.py
[2023-08-13T23:33:14.245+0200] {processor.py:826} INFO - Processing file /home/akhilesh/py39/lib/python3.9/site-packages/airflow/example_dags/example_setup_teardown.py for tasks to queue
[2023-08-13T23:33:14.247+0200] {logging_mixin.py:150} INFO - [2023-08-13T23:33:14.246+0200] {dagbag.py:541} INFO - Filling up the DagBag from /home/akhilesh/py39/lib/python3.9/site-packages/airflow/example_dags/example_setup_teardown.py
[2023-08-13T23:33:14.248+0200] {processor.py:838} WARNING - No viable dags retrieved from /home/akhilesh/py39/lib/python3.9/site-packages/airflow/example_dags/example_setup_teardown.py
[2023-08-13T23:33:14.254+0200] {processor.py:179} INFO - Processing /home/akhilesh/py39/lib/python3.9/site-packages/airflow/example_dags/example_setup_teardown.py took 0.014 seconds
[2023-08-13T23:34:04.786+0200] {processor.py:157} INFO - Started process (PID=433881) to work on /home/akhilesh/py39/lib/python3.9/site-packages/airflow/example_dags/example_setup_teardown.py
[2023-08-13T23:34:04.788+0200] {processor.py:826} INFO - Processing file /home/akhilesh/py39/lib/python3.9/site-packages/airflow/example_dags/example_setup_teardown.py for tasks to queue
[2023-08-13T23:34:04.790+0200] {logging_mixin.py:150} INFO - [2023-08-13T23:34:04.789+0200] {dagbag.py:541} INFO - Filling up the DagBag from /home/akhilesh/py39/lib/python3.9/site-packages/airflow/example_dags/example_setup_teardown.py
[2023-08-13T23:34:04.792+0200] {processor.py:838} WARNING - No viable dags retrieved from /home/akhilesh/py39/lib/python3.9/site-packages/airflow/example_dags/example_setup_teardown.py
[2023-08-13T23:34:04.800+0200] {processor.py:179} INFO - Processing /home/akhilesh/py39/lib/python3.9/site-packages/airflow/example_dags/example_setup_teardown.py took 0.017 seconds
[2023-08-13T23:34:56.851+0200] {processor.py:157} INFO - Started process (PID=434046) to work on /home/akhilesh/py39/lib/python3.9/site-packages/airflow/example_dags/example_setup_teardown.py
[2023-08-13T23:34:56.859+0200] {processor.py:826} INFO - Processing file /home/akhilesh/py39/lib/python3.9/site-packages/airflow/example_dags/example_setup_teardown.py for tasks to queue
[2023-08-13T23:34:56.861+0200] {logging_mixin.py:150} INFO - [2023-08-13T23:34:56.860+0200] {dagbag.py:541} INFO - Filling up the DagBag from /home/akhilesh/py39/lib/python3.9/site-packages/airflow/example_dags/example_setup_teardown.py
[2023-08-13T23:34:56.863+0200] {processor.py:838} WARNING - No viable dags retrieved from /home/akhilesh/py39/lib/python3.9/site-packages/airflow/example_dags/example_setup_teardown.py
[2023-08-13T23:34:56.876+0200] {processor.py:179} INFO - Processing /home/akhilesh/py39/lib/python3.9/site-packages/airflow/example_dags/example_setup_teardown.py took 0.029 seconds
[2023-08-13T23:35:53.236+0200] {processor.py:157} INFO - Started process (PID=434235) to work on /home/akhilesh/py39/lib/python3.9/site-packages/airflow/example_dags/example_setup_teardown.py
[2023-08-13T23:35:53.237+0200] {processor.py:826} INFO - Processing file /home/akhilesh/py39/lib/python3.9/site-packages/airflow/example_dags/example_setup_teardown.py for tasks to queue
[2023-08-13T23:35:53.238+0200] {logging_mixin.py:150} INFO - [2023-08-13T23:35:53.238+0200] {dagbag.py:541} INFO - Filling up the DagBag from /home/akhilesh/py39/lib/python3.9/site-packages/airflow/example_dags/example_setup_teardown.py
[2023-08-13T23:35:53.240+0200] {processor.py:838} WARNING - No viable dags retrieved from /home/akhilesh/py39/lib/python3.9/site-packages/airflow/example_dags/example_setup_teardown.py
[2023-08-13T23:35:53.246+0200] {processor.py:179} INFO - Processing /home/akhilesh/py39/lib/python3.9/site-packages/airflow/example_dags/example_setup_teardown.py took 0.014 seconds
[2023-08-13T23:36:49.087+0200] {processor.py:157} INFO - Started process (PID=434566) to work on /home/akhilesh/py39/lib/python3.9/site-packages/airflow/example_dags/example_setup_teardown.py
[2023-08-13T23:36:49.096+0200] {processor.py:826} INFO - Processing file /home/akhilesh/py39/lib/python3.9/site-packages/airflow/example_dags/example_setup_teardown.py for tasks to queue
[2023-08-13T23:36:49.097+0200] {logging_mixin.py:150} INFO - [2023-08-13T23:36:49.097+0200] {dagbag.py:541} INFO - Filling up the DagBag from /home/akhilesh/py39/lib/python3.9/site-packages/airflow/example_dags/example_setup_teardown.py
[2023-08-13T23:36:49.098+0200] {processor.py:838} WARNING - No viable dags retrieved from /home/akhilesh/py39/lib/python3.9/site-packages/airflow/example_dags/example_setup_teardown.py
[2023-08-13T23:36:49.110+0200] {processor.py:179} INFO - Processing /home/akhilesh/py39/lib/python3.9/site-packages/airflow/example_dags/example_setup_teardown.py took 0.027 seconds
[2023-08-13T23:37:42.357+0200] {processor.py:157} INFO - Started process (PID=434710) to work on /home/akhilesh/py39/lib/python3.9/site-packages/airflow/example_dags/example_setup_teardown.py
[2023-08-13T23:37:42.359+0200] {processor.py:826} INFO - Processing file /home/akhilesh/py39/lib/python3.9/site-packages/airflow/example_dags/example_setup_teardown.py for tasks to queue
[2023-08-13T23:37:42.361+0200] {logging_mixin.py:150} INFO - [2023-08-13T23:37:42.360+0200] {dagbag.py:541} INFO - Filling up the DagBag from /home/akhilesh/py39/lib/python3.9/site-packages/airflow/example_dags/example_setup_teardown.py
[2023-08-13T23:37:42.364+0200] {processor.py:838} WARNING - No viable dags retrieved from /home/akhilesh/py39/lib/python3.9/site-packages/airflow/example_dags/example_setup_teardown.py
[2023-08-13T23:37:42.374+0200] {processor.py:179} INFO - Processing /home/akhilesh/py39/lib/python3.9/site-packages/airflow/example_dags/example_setup_teardown.py took 0.020 seconds
[2023-08-13T23:38:36.128+0200] {processor.py:157} INFO - Started process (PID=434905) to work on /home/akhilesh/py39/lib/python3.9/site-packages/airflow/example_dags/example_setup_teardown.py
[2023-08-13T23:38:36.130+0200] {processor.py:826} INFO - Processing file /home/akhilesh/py39/lib/python3.9/site-packages/airflow/example_dags/example_setup_teardown.py for tasks to queue
[2023-08-13T23:38:36.131+0200] {logging_mixin.py:150} INFO - [2023-08-13T23:38:36.130+0200] {dagbag.py:541} INFO - Filling up the DagBag from /home/akhilesh/py39/lib/python3.9/site-packages/airflow/example_dags/example_setup_teardown.py
[2023-08-13T23:38:36.133+0200] {processor.py:838} WARNING - No viable dags retrieved from /home/akhilesh/py39/lib/python3.9/site-packages/airflow/example_dags/example_setup_teardown.py
[2023-08-13T23:38:36.142+0200] {processor.py:179} INFO - Processing /home/akhilesh/py39/lib/python3.9/site-packages/airflow/example_dags/example_setup_teardown.py took 0.017 seconds
[2023-08-13T23:39:31.488+0200] {processor.py:157} INFO - Started process (PID=435109) to work on /home/akhilesh/py39/lib/python3.9/site-packages/airflow/example_dags/example_setup_teardown.py
[2023-08-13T23:39:31.497+0200] {processor.py:826} INFO - Processing file /home/akhilesh/py39/lib/python3.9/site-packages/airflow/example_dags/example_setup_teardown.py for tasks to queue
[2023-08-13T23:39:31.498+0200] {logging_mixin.py:150} INFO - [2023-08-13T23:39:31.498+0200] {dagbag.py:541} INFO - Filling up the DagBag from /home/akhilesh/py39/lib/python3.9/site-packages/airflow/example_dags/example_setup_teardown.py
[2023-08-13T23:39:31.501+0200] {processor.py:838} WARNING - No viable dags retrieved from /home/akhilesh/py39/lib/python3.9/site-packages/airflow/example_dags/example_setup_teardown.py
[2023-08-13T23:39:31.509+0200] {processor.py:179} INFO - Processing /home/akhilesh/py39/lib/python3.9/site-packages/airflow/example_dags/example_setup_teardown.py took 0.025 seconds
[2023-08-13T23:40:15.823+0200] {processor.py:157} INFO - Started process (PID=435289) to work on /home/akhilesh/py39/lib/python3.9/site-packages/airflow/example_dags/example_setup_teardown.py
[2023-08-13T23:40:15.832+0200] {processor.py:826} INFO - Processing file /home/akhilesh/py39/lib/python3.9/site-packages/airflow/example_dags/example_setup_teardown.py for tasks to queue
[2023-08-13T23:40:15.834+0200] {logging_mixin.py:150} INFO - [2023-08-13T23:40:15.833+0200] {dagbag.py:541} INFO - Filling up the DagBag from /home/akhilesh/py39/lib/python3.9/site-packages/airflow/example_dags/example_setup_teardown.py
[2023-08-13T23:40:15.836+0200] {processor.py:838} WARNING - No viable dags retrieved from /home/akhilesh/py39/lib/python3.9/site-packages/airflow/example_dags/example_setup_teardown.py
[2023-08-13T23:40:15.847+0200] {processor.py:179} INFO - Processing /home/akhilesh/py39/lib/python3.9/site-packages/airflow/example_dags/example_setup_teardown.py took 0.028 seconds
[2023-08-13T23:41:05.109+0200] {processor.py:157} INFO - Started process (PID=435472) to work on /home/akhilesh/py39/lib/python3.9/site-packages/airflow/example_dags/example_setup_teardown.py
[2023-08-13T23:41:05.118+0200] {processor.py:826} INFO - Processing file /home/akhilesh/py39/lib/python3.9/site-packages/airflow/example_dags/example_setup_teardown.py for tasks to queue
[2023-08-13T23:41:05.120+0200] {logging_mixin.py:150} INFO - [2023-08-13T23:41:05.119+0200] {dagbag.py:541} INFO - Filling up the DagBag from /home/akhilesh/py39/lib/python3.9/site-packages/airflow/example_dags/example_setup_teardown.py
[2023-08-13T23:41:05.122+0200] {processor.py:838} WARNING - No viable dags retrieved from /home/akhilesh/py39/lib/python3.9/site-packages/airflow/example_dags/example_setup_teardown.py
[2023-08-13T23:41:05.133+0200] {processor.py:179} INFO - Processing /home/akhilesh/py39/lib/python3.9/site-packages/airflow/example_dags/example_setup_teardown.py took 0.027 seconds
[2023-08-13T23:41:53.479+0200] {processor.py:157} INFO - Started process (PID=435607) to work on /home/akhilesh/py39/lib/python3.9/site-packages/airflow/example_dags/example_setup_teardown.py
[2023-08-13T23:41:53.480+0200] {processor.py:826} INFO - Processing file /home/akhilesh/py39/lib/python3.9/site-packages/airflow/example_dags/example_setup_teardown.py for tasks to queue
[2023-08-13T23:41:53.481+0200] {logging_mixin.py:150} INFO - [2023-08-13T23:41:53.481+0200] {dagbag.py:541} INFO - Filling up the DagBag from /home/akhilesh/py39/lib/python3.9/site-packages/airflow/example_dags/example_setup_teardown.py
[2023-08-13T23:41:53.483+0200] {processor.py:838} WARNING - No viable dags retrieved from /home/akhilesh/py39/lib/python3.9/site-packages/airflow/example_dags/example_setup_teardown.py
[2023-08-13T23:41:53.489+0200] {processor.py:179} INFO - Processing /home/akhilesh/py39/lib/python3.9/site-packages/airflow/example_dags/example_setup_teardown.py took 0.014 seconds
[2023-08-13T23:42:37.607+0200] {processor.py:157} INFO - Started process (PID=435773) to work on /home/akhilesh/py39/lib/python3.9/site-packages/airflow/example_dags/example_setup_teardown.py
[2023-08-13T23:42:37.608+0200] {processor.py:826} INFO - Processing file /home/akhilesh/py39/lib/python3.9/site-packages/airflow/example_dags/example_setup_teardown.py for tasks to queue
[2023-08-13T23:42:37.610+0200] {logging_mixin.py:150} INFO - [2023-08-13T23:42:37.609+0200] {dagbag.py:541} INFO - Filling up the DagBag from /home/akhilesh/py39/lib/python3.9/site-packages/airflow/example_dags/example_setup_teardown.py
[2023-08-13T23:42:37.611+0200] {processor.py:838} WARNING - No viable dags retrieved from /home/akhilesh/py39/lib/python3.9/site-packages/airflow/example_dags/example_setup_teardown.py
[2023-08-13T23:42:37.618+0200] {processor.py:179} INFO - Processing /home/akhilesh/py39/lib/python3.9/site-packages/airflow/example_dags/example_setup_teardown.py took 0.015 seconds
[2023-08-13T23:43:27.393+0200] {processor.py:157} INFO - Started process (PID=435987) to work on /home/akhilesh/py39/lib/python3.9/site-packages/airflow/example_dags/example_setup_teardown.py
[2023-08-13T23:43:27.402+0200] {processor.py:826} INFO - Processing file /home/akhilesh/py39/lib/python3.9/site-packages/airflow/example_dags/example_setup_teardown.py for tasks to queue
[2023-08-13T23:43:27.404+0200] {logging_mixin.py:150} INFO - [2023-08-13T23:43:27.403+0200] {dagbag.py:541} INFO - Filling up the DagBag from /home/akhilesh/py39/lib/python3.9/site-packages/airflow/example_dags/example_setup_teardown.py
[2023-08-13T23:43:27.407+0200] {processor.py:838} WARNING - No viable dags retrieved from /home/akhilesh/py39/lib/python3.9/site-packages/airflow/example_dags/example_setup_teardown.py
[2023-08-13T23:43:27.418+0200] {processor.py:179} INFO - Processing /home/akhilesh/py39/lib/python3.9/site-packages/airflow/example_dags/example_setup_teardown.py took 0.029 seconds
[2023-08-13T23:44:13.973+0200] {processor.py:157} INFO - Started process (PID=436147) to work on /home/akhilesh/py39/lib/python3.9/site-packages/airflow/example_dags/example_setup_teardown.py
[2023-08-13T23:44:13.982+0200] {processor.py:826} INFO - Processing file /home/akhilesh/py39/lib/python3.9/site-packages/airflow/example_dags/example_setup_teardown.py for tasks to queue
[2023-08-13T23:44:13.984+0200] {logging_mixin.py:150} INFO - [2023-08-13T23:44:13.983+0200] {dagbag.py:541} INFO - Filling up the DagBag from /home/akhilesh/py39/lib/python3.9/site-packages/airflow/example_dags/example_setup_teardown.py
[2023-08-13T23:44:13.986+0200] {processor.py:838} WARNING - No viable dags retrieved from /home/akhilesh/py39/lib/python3.9/site-packages/airflow/example_dags/example_setup_teardown.py
[2023-08-13T23:44:13.996+0200] {processor.py:179} INFO - Processing /home/akhilesh/py39/lib/python3.9/site-packages/airflow/example_dags/example_setup_teardown.py took 0.027 seconds
[2023-08-13T23:45:08.700+0200] {processor.py:157} INFO - Started process (PID=436341) to work on /home/akhilesh/py39/lib/python3.9/site-packages/airflow/example_dags/example_setup_teardown.py
[2023-08-13T23:45:08.701+0200] {processor.py:826} INFO - Processing file /home/akhilesh/py39/lib/python3.9/site-packages/airflow/example_dags/example_setup_teardown.py for tasks to queue
[2023-08-13T23:45:08.702+0200] {logging_mixin.py:150} INFO - [2023-08-13T23:45:08.702+0200] {dagbag.py:541} INFO - Filling up the DagBag from /home/akhilesh/py39/lib/python3.9/site-packages/airflow/example_dags/example_setup_teardown.py
[2023-08-13T23:45:08.705+0200] {processor.py:838} WARNING - No viable dags retrieved from /home/akhilesh/py39/lib/python3.9/site-packages/airflow/example_dags/example_setup_teardown.py
[2023-08-13T23:45:08.712+0200] {processor.py:179} INFO - Processing /home/akhilesh/py39/lib/python3.9/site-packages/airflow/example_dags/example_setup_teardown.py took 0.016 seconds
[2023-08-13T23:45:58.298+0200] {processor.py:157} INFO - Started process (PID=436648) to work on /home/akhilesh/py39/lib/python3.9/site-packages/airflow/example_dags/example_setup_teardown.py
[2023-08-13T23:45:58.307+0200] {processor.py:826} INFO - Processing file /home/akhilesh/py39/lib/python3.9/site-packages/airflow/example_dags/example_setup_teardown.py for tasks to queue
[2023-08-13T23:45:58.308+0200] {logging_mixin.py:150} INFO - [2023-08-13T23:45:58.308+0200] {dagbag.py:541} INFO - Filling up the DagBag from /home/akhilesh/py39/lib/python3.9/site-packages/airflow/example_dags/example_setup_teardown.py
[2023-08-13T23:45:58.310+0200] {processor.py:838} WARNING - No viable dags retrieved from /home/akhilesh/py39/lib/python3.9/site-packages/airflow/example_dags/example_setup_teardown.py
[2023-08-13T23:45:58.321+0200] {processor.py:179} INFO - Processing /home/akhilesh/py39/lib/python3.9/site-packages/airflow/example_dags/example_setup_teardown.py took 0.026 seconds
[2023-08-13T23:46:49.402+0200] {processor.py:157} INFO - Started process (PID=436849) to work on /home/akhilesh/py39/lib/python3.9/site-packages/airflow/example_dags/example_setup_teardown.py
[2023-08-13T23:46:49.411+0200] {processor.py:826} INFO - Processing file /home/akhilesh/py39/lib/python3.9/site-packages/airflow/example_dags/example_setup_teardown.py for tasks to queue
[2023-08-13T23:46:49.413+0200] {logging_mixin.py:150} INFO - [2023-08-13T23:46:49.412+0200] {dagbag.py:541} INFO - Filling up the DagBag from /home/akhilesh/py39/lib/python3.9/site-packages/airflow/example_dags/example_setup_teardown.py
[2023-08-13T23:46:49.416+0200] {processor.py:838} WARNING - No viable dags retrieved from /home/akhilesh/py39/lib/python3.9/site-packages/airflow/example_dags/example_setup_teardown.py
[2023-08-13T23:46:49.425+0200] {processor.py:179} INFO - Processing /home/akhilesh/py39/lib/python3.9/site-packages/airflow/example_dags/example_setup_teardown.py took 0.027 seconds
[2023-08-13T23:48:18.268+0200] {processor.py:157} INFO - Started process (PID=437114) to work on /home/akhilesh/py39/lib/python3.9/site-packages/airflow/example_dags/example_setup_teardown.py
[2023-08-13T23:48:18.277+0200] {processor.py:826} INFO - Processing file /home/akhilesh/py39/lib/python3.9/site-packages/airflow/example_dags/example_setup_teardown.py for tasks to queue
[2023-08-13T23:48:18.278+0200] {logging_mixin.py:150} INFO - [2023-08-13T23:48:18.277+0200] {dagbag.py:541} INFO - Filling up the DagBag from /home/akhilesh/py39/lib/python3.9/site-packages/airflow/example_dags/example_setup_teardown.py
[2023-08-13T23:48:18.279+0200] {processor.py:838} WARNING - No viable dags retrieved from /home/akhilesh/py39/lib/python3.9/site-packages/airflow/example_dags/example_setup_teardown.py
[2023-08-13T23:48:18.289+0200] {processor.py:179} INFO - Processing /home/akhilesh/py39/lib/python3.9/site-packages/airflow/example_dags/example_setup_teardown.py took 0.024 seconds
[2023-08-13T23:49:54.916+0200] {processor.py:157} INFO - Started process (PID=437716) to work on /home/akhilesh/py39/lib/python3.9/site-packages/airflow/example_dags/example_setup_teardown.py
[2023-08-13T23:49:54.918+0200] {processor.py:826} INFO - Processing file /home/akhilesh/py39/lib/python3.9/site-packages/airflow/example_dags/example_setup_teardown.py for tasks to queue
[2023-08-13T23:49:54.919+0200] {logging_mixin.py:150} INFO - [2023-08-13T23:49:54.919+0200] {dagbag.py:541} INFO - Filling up the DagBag from /home/akhilesh/py39/lib/python3.9/site-packages/airflow/example_dags/example_setup_teardown.py
[2023-08-13T23:49:54.920+0200] {processor.py:838} WARNING - No viable dags retrieved from /home/akhilesh/py39/lib/python3.9/site-packages/airflow/example_dags/example_setup_teardown.py
[2023-08-13T23:49:54.927+0200] {processor.py:179} INFO - Processing /home/akhilesh/py39/lib/python3.9/site-packages/airflow/example_dags/example_setup_teardown.py took 0.014 seconds
[2023-08-13T23:50:45.075+0200] {processor.py:157} INFO - Started process (PID=437947) to work on /home/akhilesh/py39/lib/python3.9/site-packages/airflow/example_dags/example_setup_teardown.py
[2023-08-13T23:50:45.084+0200] {processor.py:826} INFO - Processing file /home/akhilesh/py39/lib/python3.9/site-packages/airflow/example_dags/example_setup_teardown.py for tasks to queue
[2023-08-13T23:50:45.085+0200] {logging_mixin.py:150} INFO - [2023-08-13T23:50:45.084+0200] {dagbag.py:541} INFO - Filling up the DagBag from /home/akhilesh/py39/lib/python3.9/site-packages/airflow/example_dags/example_setup_teardown.py
[2023-08-13T23:50:45.087+0200] {processor.py:838} WARNING - No viable dags retrieved from /home/akhilesh/py39/lib/python3.9/site-packages/airflow/example_dags/example_setup_teardown.py
[2023-08-13T23:50:45.100+0200] {processor.py:179} INFO - Processing /home/akhilesh/py39/lib/python3.9/site-packages/airflow/example_dags/example_setup_teardown.py took 0.028 seconds
[2023-08-13T23:51:38.460+0200] {processor.py:157} INFO - Started process (PID=438162) to work on /home/akhilesh/py39/lib/python3.9/site-packages/airflow/example_dags/example_setup_teardown.py
[2023-08-13T23:51:38.469+0200] {processor.py:826} INFO - Processing file /home/akhilesh/py39/lib/python3.9/site-packages/airflow/example_dags/example_setup_teardown.py for tasks to queue
[2023-08-13T23:51:38.470+0200] {logging_mixin.py:150} INFO - [2023-08-13T23:51:38.470+0200] {dagbag.py:541} INFO - Filling up the DagBag from /home/akhilesh/py39/lib/python3.9/site-packages/airflow/example_dags/example_setup_teardown.py
[2023-08-13T23:51:38.473+0200] {processor.py:838} WARNING - No viable dags retrieved from /home/akhilesh/py39/lib/python3.9/site-packages/airflow/example_dags/example_setup_teardown.py
[2023-08-13T23:51:38.485+0200] {processor.py:179} INFO - Processing /home/akhilesh/py39/lib/python3.9/site-packages/airflow/example_dags/example_setup_teardown.py took 0.028 seconds
[2023-08-13T23:52:21.185+0200] {processor.py:157} INFO - Started process (PID=438265) to work on /home/akhilesh/py39/lib/python3.9/site-packages/airflow/example_dags/example_setup_teardown.py
[2023-08-13T23:52:21.193+0200] {processor.py:826} INFO - Processing file /home/akhilesh/py39/lib/python3.9/site-packages/airflow/example_dags/example_setup_teardown.py for tasks to queue
[2023-08-13T23:52:21.195+0200] {logging_mixin.py:150} INFO - [2023-08-13T23:52:21.194+0200] {dagbag.py:541} INFO - Filling up the DagBag from /home/akhilesh/py39/lib/python3.9/site-packages/airflow/example_dags/example_setup_teardown.py
[2023-08-13T23:52:21.197+0200] {processor.py:838} WARNING - No viable dags retrieved from /home/akhilesh/py39/lib/python3.9/site-packages/airflow/example_dags/example_setup_teardown.py
[2023-08-13T23:52:21.210+0200] {processor.py:179} INFO - Processing /home/akhilesh/py39/lib/python3.9/site-packages/airflow/example_dags/example_setup_teardown.py took 0.029 seconds
[2023-08-13T23:53:03.207+0200] {processor.py:157} INFO - Started process (PID=438371) to work on /home/akhilesh/py39/lib/python3.9/site-packages/airflow/example_dags/example_setup_teardown.py
[2023-08-13T23:53:03.216+0200] {processor.py:826} INFO - Processing file /home/akhilesh/py39/lib/python3.9/site-packages/airflow/example_dags/example_setup_teardown.py for tasks to queue
[2023-08-13T23:53:03.217+0200] {logging_mixin.py:150} INFO - [2023-08-13T23:53:03.217+0200] {dagbag.py:541} INFO - Filling up the DagBag from /home/akhilesh/py39/lib/python3.9/site-packages/airflow/example_dags/example_setup_teardown.py
[2023-08-13T23:53:03.220+0200] {processor.py:838} WARNING - No viable dags retrieved from /home/akhilesh/py39/lib/python3.9/site-packages/airflow/example_dags/example_setup_teardown.py
[2023-08-13T23:53:03.231+0200] {processor.py:179} INFO - Processing /home/akhilesh/py39/lib/python3.9/site-packages/airflow/example_dags/example_setup_teardown.py took 0.028 seconds
[2023-08-13T23:53:50.423+0200] {processor.py:157} INFO - Started process (PID=438495) to work on /home/akhilesh/py39/lib/python3.9/site-packages/airflow/example_dags/example_setup_teardown.py
[2023-08-13T23:53:50.432+0200] {processor.py:826} INFO - Processing file /home/akhilesh/py39/lib/python3.9/site-packages/airflow/example_dags/example_setup_teardown.py for tasks to queue
[2023-08-13T23:53:50.433+0200] {logging_mixin.py:150} INFO - [2023-08-13T23:53:50.433+0200] {dagbag.py:541} INFO - Filling up the DagBag from /home/akhilesh/py39/lib/python3.9/site-packages/airflow/example_dags/example_setup_teardown.py
[2023-08-13T23:53:50.436+0200] {processor.py:838} WARNING - No viable dags retrieved from /home/akhilesh/py39/lib/python3.9/site-packages/airflow/example_dags/example_setup_teardown.py
[2023-08-13T23:53:50.446+0200] {processor.py:179} INFO - Processing /home/akhilesh/py39/lib/python3.9/site-packages/airflow/example_dags/example_setup_teardown.py took 0.026 seconds
[2023-08-13T23:54:39.424+0200] {processor.py:157} INFO - Started process (PID=438614) to work on /home/akhilesh/py39/lib/python3.9/site-packages/airflow/example_dags/example_setup_teardown.py
[2023-08-13T23:54:39.433+0200] {processor.py:826} INFO - Processing file /home/akhilesh/py39/lib/python3.9/site-packages/airflow/example_dags/example_setup_teardown.py for tasks to queue
[2023-08-13T23:54:39.435+0200] {logging_mixin.py:150} INFO - [2023-08-13T23:54:39.434+0200] {dagbag.py:541} INFO - Filling up the DagBag from /home/akhilesh/py39/lib/python3.9/site-packages/airflow/example_dags/example_setup_teardown.py
[2023-08-13T23:54:39.437+0200] {processor.py:838} WARNING - No viable dags retrieved from /home/akhilesh/py39/lib/python3.9/site-packages/airflow/example_dags/example_setup_teardown.py
[2023-08-13T23:54:39.448+0200] {processor.py:179} INFO - Processing /home/akhilesh/py39/lib/python3.9/site-packages/airflow/example_dags/example_setup_teardown.py took 0.027 seconds
[2023-08-13T23:55:30.100+0200] {processor.py:157} INFO - Started process (PID=438771) to work on /home/akhilesh/py39/lib/python3.9/site-packages/airflow/example_dags/example_setup_teardown.py
[2023-08-13T23:55:30.108+0200] {processor.py:826} INFO - Processing file /home/akhilesh/py39/lib/python3.9/site-packages/airflow/example_dags/example_setup_teardown.py for tasks to queue
[2023-08-13T23:55:30.110+0200] {logging_mixin.py:150} INFO - [2023-08-13T23:55:30.109+0200] {dagbag.py:541} INFO - Filling up the DagBag from /home/akhilesh/py39/lib/python3.9/site-packages/airflow/example_dags/example_setup_teardown.py
[2023-08-13T23:55:30.114+0200] {processor.py:838} WARNING - No viable dags retrieved from /home/akhilesh/py39/lib/python3.9/site-packages/airflow/example_dags/example_setup_teardown.py
[2023-08-13T23:55:30.123+0200] {processor.py:179} INFO - Processing /home/akhilesh/py39/lib/python3.9/site-packages/airflow/example_dags/example_setup_teardown.py took 0.028 seconds
[2023-08-13T23:56:21.688+0200] {processor.py:157} INFO - Started process (PID=438905) to work on /home/akhilesh/py39/lib/python3.9/site-packages/airflow/example_dags/example_setup_teardown.py
[2023-08-13T23:56:21.697+0200] {processor.py:826} INFO - Processing file /home/akhilesh/py39/lib/python3.9/site-packages/airflow/example_dags/example_setup_teardown.py for tasks to queue
[2023-08-13T23:56:21.698+0200] {logging_mixin.py:150} INFO - [2023-08-13T23:56:21.698+0200] {dagbag.py:541} INFO - Filling up the DagBag from /home/akhilesh/py39/lib/python3.9/site-packages/airflow/example_dags/example_setup_teardown.py
[2023-08-13T23:56:21.701+0200] {processor.py:838} WARNING - No viable dags retrieved from /home/akhilesh/py39/lib/python3.9/site-packages/airflow/example_dags/example_setup_teardown.py
[2023-08-13T23:56:21.712+0200] {processor.py:179} INFO - Processing /home/akhilesh/py39/lib/python3.9/site-packages/airflow/example_dags/example_setup_teardown.py took 0.028 seconds
[2023-08-13T23:57:12.275+0200] {processor.py:157} INFO - Started process (PID=439073) to work on /home/akhilesh/py39/lib/python3.9/site-packages/airflow/example_dags/example_setup_teardown.py
[2023-08-13T23:57:12.282+0200] {processor.py:826} INFO - Processing file /home/akhilesh/py39/lib/python3.9/site-packages/airflow/example_dags/example_setup_teardown.py for tasks to queue
[2023-08-13T23:57:12.283+0200] {logging_mixin.py:150} INFO - [2023-08-13T23:57:12.283+0200] {dagbag.py:541} INFO - Filling up the DagBag from /home/akhilesh/py39/lib/python3.9/site-packages/airflow/example_dags/example_setup_teardown.py
[2023-08-13T23:57:12.285+0200] {processor.py:838} WARNING - No viable dags retrieved from /home/akhilesh/py39/lib/python3.9/site-packages/airflow/example_dags/example_setup_teardown.py
[2023-08-13T23:57:12.296+0200] {processor.py:179} INFO - Processing /home/akhilesh/py39/lib/python3.9/site-packages/airflow/example_dags/example_setup_teardown.py took 0.024 seconds
[2023-08-13T23:58:04.156+0200] {processor.py:157} INFO - Started process (PID=439294) to work on /home/akhilesh/py39/lib/python3.9/site-packages/airflow/example_dags/example_setup_teardown.py
[2023-08-13T23:58:04.165+0200] {processor.py:826} INFO - Processing file /home/akhilesh/py39/lib/python3.9/site-packages/airflow/example_dags/example_setup_teardown.py for tasks to queue
[2023-08-13T23:58:04.166+0200] {logging_mixin.py:150} INFO - [2023-08-13T23:58:04.166+0200] {dagbag.py:541} INFO - Filling up the DagBag from /home/akhilesh/py39/lib/python3.9/site-packages/airflow/example_dags/example_setup_teardown.py
[2023-08-13T23:58:04.170+0200] {processor.py:838} WARNING - No viable dags retrieved from /home/akhilesh/py39/lib/python3.9/site-packages/airflow/example_dags/example_setup_teardown.py
[2023-08-13T23:58:04.179+0200] {processor.py:179} INFO - Processing /home/akhilesh/py39/lib/python3.9/site-packages/airflow/example_dags/example_setup_teardown.py took 0.025 seconds
[2023-08-13T23:58:50.717+0200] {processor.py:157} INFO - Started process (PID=439451) to work on /home/akhilesh/py39/lib/python3.9/site-packages/airflow/example_dags/example_setup_teardown.py
[2023-08-13T23:58:50.726+0200] {processor.py:826} INFO - Processing file /home/akhilesh/py39/lib/python3.9/site-packages/airflow/example_dags/example_setup_teardown.py for tasks to queue
[2023-08-13T23:58:50.727+0200] {logging_mixin.py:150} INFO - [2023-08-13T23:58:50.726+0200] {dagbag.py:541} INFO - Filling up the DagBag from /home/akhilesh/py39/lib/python3.9/site-packages/airflow/example_dags/example_setup_teardown.py
[2023-08-13T23:58:50.729+0200] {processor.py:838} WARNING - No viable dags retrieved from /home/akhilesh/py39/lib/python3.9/site-packages/airflow/example_dags/example_setup_teardown.py
[2023-08-13T23:58:50.741+0200] {processor.py:179} INFO - Processing /home/akhilesh/py39/lib/python3.9/site-packages/airflow/example_dags/example_setup_teardown.py took 0.028 seconds
[2023-08-13T23:59:39.968+0200] {processor.py:157} INFO - Started process (PID=439856) to work on /home/akhilesh/py39/lib/python3.9/site-packages/airflow/example_dags/example_setup_teardown.py
[2023-08-13T23:59:39.977+0200] {processor.py:826} INFO - Processing file /home/akhilesh/py39/lib/python3.9/site-packages/airflow/example_dags/example_setup_teardown.py for tasks to queue
[2023-08-13T23:59:39.978+0200] {logging_mixin.py:150} INFO - [2023-08-13T23:59:39.977+0200] {dagbag.py:541} INFO - Filling up the DagBag from /home/akhilesh/py39/lib/python3.9/site-packages/airflow/example_dags/example_setup_teardown.py
[2023-08-13T23:59:39.980+0200] {processor.py:838} WARNING - No viable dags retrieved from /home/akhilesh/py39/lib/python3.9/site-packages/airflow/example_dags/example_setup_teardown.py
[2023-08-13T23:59:39.992+0200] {processor.py:179} INFO - Processing /home/akhilesh/py39/lib/python3.9/site-packages/airflow/example_dags/example_setup_teardown.py took 0.029 seconds
[2023-08-14T00:00:29.546+0200] {processor.py:157} INFO - Started process (PID=440271) to work on /home/akhilesh/py39/lib/python3.9/site-packages/airflow/example_dags/example_setup_teardown.py
[2023-08-14T00:00:29.548+0200] {processor.py:826} INFO - Processing file /home/akhilesh/py39/lib/python3.9/site-packages/airflow/example_dags/example_setup_teardown.py for tasks to queue
[2023-08-14T00:00:29.548+0200] {logging_mixin.py:150} INFO - [2023-08-14T00:00:29.548+0200] {dagbag.py:541} INFO - Filling up the DagBag from /home/akhilesh/py39/lib/python3.9/site-packages/airflow/example_dags/example_setup_teardown.py
[2023-08-14T00:00:29.549+0200] {processor.py:838} WARNING - No viable dags retrieved from /home/akhilesh/py39/lib/python3.9/site-packages/airflow/example_dags/example_setup_teardown.py
[2023-08-14T00:00:29.556+0200] {processor.py:179} INFO - Processing /home/akhilesh/py39/lib/python3.9/site-packages/airflow/example_dags/example_setup_teardown.py took 0.015 seconds
[2023-08-14T00:01:27.117+0200] {processor.py:157} INFO - Started process (PID=440474) to work on /home/akhilesh/py39/lib/python3.9/site-packages/airflow/example_dags/example_setup_teardown.py
[2023-08-14T00:01:27.126+0200] {processor.py:826} INFO - Processing file /home/akhilesh/py39/lib/python3.9/site-packages/airflow/example_dags/example_setup_teardown.py for tasks to queue
[2023-08-14T00:01:27.128+0200] {logging_mixin.py:150} INFO - [2023-08-14T00:01:27.127+0200] {dagbag.py:541} INFO - Filling up the DagBag from /home/akhilesh/py39/lib/python3.9/site-packages/airflow/example_dags/example_setup_teardown.py
[2023-08-14T00:01:27.130+0200] {processor.py:838} WARNING - No viable dags retrieved from /home/akhilesh/py39/lib/python3.9/site-packages/airflow/example_dags/example_setup_teardown.py
[2023-08-14T00:01:27.139+0200] {processor.py:179} INFO - Processing /home/akhilesh/py39/lib/python3.9/site-packages/airflow/example_dags/example_setup_teardown.py took 0.025 seconds
[2023-08-14T00:02:15.506+0200] {processor.py:157} INFO - Started process (PID=440669) to work on /home/akhilesh/py39/lib/python3.9/site-packages/airflow/example_dags/example_setup_teardown.py
[2023-08-14T00:02:15.515+0200] {processor.py:826} INFO - Processing file /home/akhilesh/py39/lib/python3.9/site-packages/airflow/example_dags/example_setup_teardown.py for tasks to queue
[2023-08-14T00:02:15.516+0200] {logging_mixin.py:150} INFO - [2023-08-14T00:02:15.516+0200] {dagbag.py:541} INFO - Filling up the DagBag from /home/akhilesh/py39/lib/python3.9/site-packages/airflow/example_dags/example_setup_teardown.py
[2023-08-14T00:02:15.519+0200] {processor.py:838} WARNING - No viable dags retrieved from /home/akhilesh/py39/lib/python3.9/site-packages/airflow/example_dags/example_setup_teardown.py
[2023-08-14T00:02:15.529+0200] {processor.py:179} INFO - Processing /home/akhilesh/py39/lib/python3.9/site-packages/airflow/example_dags/example_setup_teardown.py took 0.027 seconds
[2023-08-14T00:03:06.392+0200] {processor.py:157} INFO - Started process (PID=440821) to work on /home/akhilesh/py39/lib/python3.9/site-packages/airflow/example_dags/example_setup_teardown.py
[2023-08-14T00:03:06.394+0200] {processor.py:826} INFO - Processing file /home/akhilesh/py39/lib/python3.9/site-packages/airflow/example_dags/example_setup_teardown.py for tasks to queue
[2023-08-14T00:03:06.394+0200] {logging_mixin.py:150} INFO - [2023-08-14T00:03:06.394+0200] {dagbag.py:541} INFO - Filling up the DagBag from /home/akhilesh/py39/lib/python3.9/site-packages/airflow/example_dags/example_setup_teardown.py
[2023-08-14T00:03:06.396+0200] {processor.py:838} WARNING - No viable dags retrieved from /home/akhilesh/py39/lib/python3.9/site-packages/airflow/example_dags/example_setup_teardown.py
[2023-08-14T00:03:06.402+0200] {processor.py:179} INFO - Processing /home/akhilesh/py39/lib/python3.9/site-packages/airflow/example_dags/example_setup_teardown.py took 0.015 seconds
[2023-08-14T00:03:58.654+0200] {processor.py:157} INFO - Started process (PID=440980) to work on /home/akhilesh/py39/lib/python3.9/site-packages/airflow/example_dags/example_setup_teardown.py
[2023-08-14T00:03:58.663+0200] {processor.py:826} INFO - Processing file /home/akhilesh/py39/lib/python3.9/site-packages/airflow/example_dags/example_setup_teardown.py for tasks to queue
[2023-08-14T00:03:58.664+0200] {logging_mixin.py:150} INFO - [2023-08-14T00:03:58.664+0200] {dagbag.py:541} INFO - Filling up the DagBag from /home/akhilesh/py39/lib/python3.9/site-packages/airflow/example_dags/example_setup_teardown.py
[2023-08-14T00:03:58.666+0200] {processor.py:838} WARNING - No viable dags retrieved from /home/akhilesh/py39/lib/python3.9/site-packages/airflow/example_dags/example_setup_teardown.py
[2023-08-14T00:03:58.676+0200] {processor.py:179} INFO - Processing /home/akhilesh/py39/lib/python3.9/site-packages/airflow/example_dags/example_setup_teardown.py took 0.026 seconds
[2023-08-14T00:04:47.420+0200] {processor.py:157} INFO - Started process (PID=441159) to work on /home/akhilesh/py39/lib/python3.9/site-packages/airflow/example_dags/example_setup_teardown.py
[2023-08-14T00:04:47.428+0200] {processor.py:826} INFO - Processing file /home/akhilesh/py39/lib/python3.9/site-packages/airflow/example_dags/example_setup_teardown.py for tasks to queue
[2023-08-14T00:04:47.430+0200] {logging_mixin.py:150} INFO - [2023-08-14T00:04:47.429+0200] {dagbag.py:541} INFO - Filling up the DagBag from /home/akhilesh/py39/lib/python3.9/site-packages/airflow/example_dags/example_setup_teardown.py
[2023-08-14T00:04:47.433+0200] {processor.py:838} WARNING - No viable dags retrieved from /home/akhilesh/py39/lib/python3.9/site-packages/airflow/example_dags/example_setup_teardown.py
[2023-08-14T00:04:47.446+0200] {processor.py:179} INFO - Processing /home/akhilesh/py39/lib/python3.9/site-packages/airflow/example_dags/example_setup_teardown.py took 0.030 seconds
[2023-08-14T00:05:37.920+0200] {processor.py:157} INFO - Started process (PID=441288) to work on /home/akhilesh/py39/lib/python3.9/site-packages/airflow/example_dags/example_setup_teardown.py
[2023-08-14T00:05:37.921+0200] {processor.py:826} INFO - Processing file /home/akhilesh/py39/lib/python3.9/site-packages/airflow/example_dags/example_setup_teardown.py for tasks to queue
[2023-08-14T00:05:37.922+0200] {logging_mixin.py:150} INFO - [2023-08-14T00:05:37.922+0200] {dagbag.py:541} INFO - Filling up the DagBag from /home/akhilesh/py39/lib/python3.9/site-packages/airflow/example_dags/example_setup_teardown.py
[2023-08-14T00:05:37.924+0200] {processor.py:838} WARNING - No viable dags retrieved from /home/akhilesh/py39/lib/python3.9/site-packages/airflow/example_dags/example_setup_teardown.py
[2023-08-14T00:05:37.933+0200] {processor.py:179} INFO - Processing /home/akhilesh/py39/lib/python3.9/site-packages/airflow/example_dags/example_setup_teardown.py took 0.017 seconds
[2023-08-14T00:06:25.365+0200] {processor.py:157} INFO - Started process (PID=441442) to work on /home/akhilesh/py39/lib/python3.9/site-packages/airflow/example_dags/example_setup_teardown.py
[2023-08-14T00:06:25.366+0200] {processor.py:826} INFO - Processing file /home/akhilesh/py39/lib/python3.9/site-packages/airflow/example_dags/example_setup_teardown.py for tasks to queue
[2023-08-14T00:06:25.367+0200] {logging_mixin.py:150} INFO - [2023-08-14T00:06:25.367+0200] {dagbag.py:541} INFO - Filling up the DagBag from /home/akhilesh/py39/lib/python3.9/site-packages/airflow/example_dags/example_setup_teardown.py
[2023-08-14T00:06:25.369+0200] {processor.py:838} WARNING - No viable dags retrieved from /home/akhilesh/py39/lib/python3.9/site-packages/airflow/example_dags/example_setup_teardown.py
[2023-08-14T00:06:25.378+0200] {processor.py:179} INFO - Processing /home/akhilesh/py39/lib/python3.9/site-packages/airflow/example_dags/example_setup_teardown.py took 0.016 seconds
[2023-08-14T00:07:20.873+0200] {processor.py:157} INFO - Started process (PID=441594) to work on /home/akhilesh/py39/lib/python3.9/site-packages/airflow/example_dags/example_setup_teardown.py
[2023-08-14T00:07:20.874+0200] {processor.py:826} INFO - Processing file /home/akhilesh/py39/lib/python3.9/site-packages/airflow/example_dags/example_setup_teardown.py for tasks to queue
[2023-08-14T00:07:20.875+0200] {logging_mixin.py:150} INFO - [2023-08-14T00:07:20.875+0200] {dagbag.py:541} INFO - Filling up the DagBag from /home/akhilesh/py39/lib/python3.9/site-packages/airflow/example_dags/example_setup_teardown.py
[2023-08-14T00:07:20.877+0200] {processor.py:838} WARNING - No viable dags retrieved from /home/akhilesh/py39/lib/python3.9/site-packages/airflow/example_dags/example_setup_teardown.py
[2023-08-14T00:07:20.886+0200] {processor.py:179} INFO - Processing /home/akhilesh/py39/lib/python3.9/site-packages/airflow/example_dags/example_setup_teardown.py took 0.017 seconds
[2023-08-14T00:08:10.968+0200] {processor.py:157} INFO - Started process (PID=441809) to work on /home/akhilesh/py39/lib/python3.9/site-packages/airflow/example_dags/example_setup_teardown.py
[2023-08-14T00:08:10.970+0200] {processor.py:826} INFO - Processing file /home/akhilesh/py39/lib/python3.9/site-packages/airflow/example_dags/example_setup_teardown.py for tasks to queue
[2023-08-14T00:08:10.971+0200] {logging_mixin.py:150} INFO - [2023-08-14T00:08:10.970+0200] {dagbag.py:541} INFO - Filling up the DagBag from /home/akhilesh/py39/lib/python3.9/site-packages/airflow/example_dags/example_setup_teardown.py
[2023-08-14T00:08:10.973+0200] {processor.py:838} WARNING - No viable dags retrieved from /home/akhilesh/py39/lib/python3.9/site-packages/airflow/example_dags/example_setup_teardown.py
[2023-08-14T00:08:10.980+0200] {processor.py:179} INFO - Processing /home/akhilesh/py39/lib/python3.9/site-packages/airflow/example_dags/example_setup_teardown.py took 0.015 seconds
[2023-08-14T00:09:00.187+0200] {processor.py:157} INFO - Started process (PID=441927) to work on /home/akhilesh/py39/lib/python3.9/site-packages/airflow/example_dags/example_setup_teardown.py
[2023-08-14T00:09:00.189+0200] {processor.py:826} INFO - Processing file /home/akhilesh/py39/lib/python3.9/site-packages/airflow/example_dags/example_setup_teardown.py for tasks to queue
[2023-08-14T00:09:00.190+0200] {logging_mixin.py:150} INFO - [2023-08-14T00:09:00.189+0200] {dagbag.py:541} INFO - Filling up the DagBag from /home/akhilesh/py39/lib/python3.9/site-packages/airflow/example_dags/example_setup_teardown.py
[2023-08-14T00:09:00.192+0200] {processor.py:838} WARNING - No viable dags retrieved from /home/akhilesh/py39/lib/python3.9/site-packages/airflow/example_dags/example_setup_teardown.py
[2023-08-14T00:09:00.202+0200] {processor.py:179} INFO - Processing /home/akhilesh/py39/lib/python3.9/site-packages/airflow/example_dags/example_setup_teardown.py took 0.018 seconds
[2023-08-14T00:09:53.346+0200] {processor.py:157} INFO - Started process (PID=442137) to work on /home/akhilesh/py39/lib/python3.9/site-packages/airflow/example_dags/example_setup_teardown.py
[2023-08-14T00:09:53.355+0200] {processor.py:826} INFO - Processing file /home/akhilesh/py39/lib/python3.9/site-packages/airflow/example_dags/example_setup_teardown.py for tasks to queue
[2023-08-14T00:09:53.356+0200] {logging_mixin.py:150} INFO - [2023-08-14T00:09:53.355+0200] {dagbag.py:541} INFO - Filling up the DagBag from /home/akhilesh/py39/lib/python3.9/site-packages/airflow/example_dags/example_setup_teardown.py
[2023-08-14T00:09:53.358+0200] {processor.py:838} WARNING - No viable dags retrieved from /home/akhilesh/py39/lib/python3.9/site-packages/airflow/example_dags/example_setup_teardown.py
[2023-08-14T00:09:53.369+0200] {processor.py:179} INFO - Processing /home/akhilesh/py39/lib/python3.9/site-packages/airflow/example_dags/example_setup_teardown.py took 0.027 seconds
[2023-08-14T00:10:37.677+0200] {processor.py:157} INFO - Started process (PID=442258) to work on /home/akhilesh/py39/lib/python3.9/site-packages/airflow/example_dags/example_setup_teardown.py
[2023-08-14T00:10:37.687+0200] {processor.py:826} INFO - Processing file /home/akhilesh/py39/lib/python3.9/site-packages/airflow/example_dags/example_setup_teardown.py for tasks to queue
[2023-08-14T00:10:37.688+0200] {logging_mixin.py:150} INFO - [2023-08-14T00:10:37.687+0200] {dagbag.py:541} INFO - Filling up the DagBag from /home/akhilesh/py39/lib/python3.9/site-packages/airflow/example_dags/example_setup_teardown.py
[2023-08-14T00:10:37.690+0200] {processor.py:838} WARNING - No viable dags retrieved from /home/akhilesh/py39/lib/python3.9/site-packages/airflow/example_dags/example_setup_teardown.py
[2023-08-14T00:10:37.705+0200] {processor.py:179} INFO - Processing /home/akhilesh/py39/lib/python3.9/site-packages/airflow/example_dags/example_setup_teardown.py took 0.031 seconds
[2023-08-14T00:11:30.210+0200] {processor.py:157} INFO - Started process (PID=442482) to work on /home/akhilesh/py39/lib/python3.9/site-packages/airflow/example_dags/example_setup_teardown.py
[2023-08-14T00:11:30.211+0200] {processor.py:826} INFO - Processing file /home/akhilesh/py39/lib/python3.9/site-packages/airflow/example_dags/example_setup_teardown.py for tasks to queue
[2023-08-14T00:11:30.212+0200] {logging_mixin.py:150} INFO - [2023-08-14T00:11:30.212+0200] {dagbag.py:541} INFO - Filling up the DagBag from /home/akhilesh/py39/lib/python3.9/site-packages/airflow/example_dags/example_setup_teardown.py
[2023-08-14T00:11:30.214+0200] {processor.py:838} WARNING - No viable dags retrieved from /home/akhilesh/py39/lib/python3.9/site-packages/airflow/example_dags/example_setup_teardown.py
[2023-08-14T00:11:30.225+0200] {processor.py:179} INFO - Processing /home/akhilesh/py39/lib/python3.9/site-packages/airflow/example_dags/example_setup_teardown.py took 0.018 seconds
[2023-08-14T00:12:20.925+0200] {processor.py:157} INFO - Started process (PID=442680) to work on /home/akhilesh/py39/lib/python3.9/site-packages/airflow/example_dags/example_setup_teardown.py
[2023-08-14T00:12:20.934+0200] {processor.py:826} INFO - Processing file /home/akhilesh/py39/lib/python3.9/site-packages/airflow/example_dags/example_setup_teardown.py for tasks to queue
[2023-08-14T00:12:20.936+0200] {logging_mixin.py:150} INFO - [2023-08-14T00:12:20.934+0200] {dagbag.py:541} INFO - Filling up the DagBag from /home/akhilesh/py39/lib/python3.9/site-packages/airflow/example_dags/example_setup_teardown.py
[2023-08-14T00:12:20.938+0200] {processor.py:838} WARNING - No viable dags retrieved from /home/akhilesh/py39/lib/python3.9/site-packages/airflow/example_dags/example_setup_teardown.py
[2023-08-14T00:12:20.950+0200] {processor.py:179} INFO - Processing /home/akhilesh/py39/lib/python3.9/site-packages/airflow/example_dags/example_setup_teardown.py took 0.029 seconds
[2023-08-14T00:13:16.475+0200] {processor.py:157} INFO - Started process (PID=442931) to work on /home/akhilesh/py39/lib/python3.9/site-packages/airflow/example_dags/example_setup_teardown.py
[2023-08-14T00:13:16.484+0200] {processor.py:826} INFO - Processing file /home/akhilesh/py39/lib/python3.9/site-packages/airflow/example_dags/example_setup_teardown.py for tasks to queue
[2023-08-14T00:13:16.485+0200] {logging_mixin.py:150} INFO - [2023-08-14T00:13:16.485+0200] {dagbag.py:541} INFO - Filling up the DagBag from /home/akhilesh/py39/lib/python3.9/site-packages/airflow/example_dags/example_setup_teardown.py
[2023-08-14T00:13:16.487+0200] {processor.py:838} WARNING - No viable dags retrieved from /home/akhilesh/py39/lib/python3.9/site-packages/airflow/example_dags/example_setup_teardown.py
[2023-08-14T00:13:16.498+0200] {processor.py:179} INFO - Processing /home/akhilesh/py39/lib/python3.9/site-packages/airflow/example_dags/example_setup_teardown.py took 0.027 seconds
[2023-08-14T00:14:11.152+0200] {processor.py:157} INFO - Started process (PID=443210) to work on /home/akhilesh/py39/lib/python3.9/site-packages/airflow/example_dags/example_setup_teardown.py
[2023-08-14T00:14:11.153+0200] {processor.py:826} INFO - Processing file /home/akhilesh/py39/lib/python3.9/site-packages/airflow/example_dags/example_setup_teardown.py for tasks to queue
[2023-08-14T00:14:11.154+0200] {logging_mixin.py:150} INFO - [2023-08-14T00:14:11.154+0200] {dagbag.py:541} INFO - Filling up the DagBag from /home/akhilesh/py39/lib/python3.9/site-packages/airflow/example_dags/example_setup_teardown.py
[2023-08-14T00:14:11.157+0200] {processor.py:838} WARNING - No viable dags retrieved from /home/akhilesh/py39/lib/python3.9/site-packages/airflow/example_dags/example_setup_teardown.py
[2023-08-14T00:14:11.167+0200] {processor.py:179} INFO - Processing /home/akhilesh/py39/lib/python3.9/site-packages/airflow/example_dags/example_setup_teardown.py took 0.019 seconds
[2023-08-14T00:14:59.525+0200] {processor.py:157} INFO - Started process (PID=443667) to work on /home/akhilesh/py39/lib/python3.9/site-packages/airflow/example_dags/example_setup_teardown.py
[2023-08-14T00:14:59.533+0200] {processor.py:826} INFO - Processing file /home/akhilesh/py39/lib/python3.9/site-packages/airflow/example_dags/example_setup_teardown.py for tasks to queue
[2023-08-14T00:14:59.535+0200] {logging_mixin.py:150} INFO - [2023-08-14T00:14:59.534+0200] {dagbag.py:541} INFO - Filling up the DagBag from /home/akhilesh/py39/lib/python3.9/site-packages/airflow/example_dags/example_setup_teardown.py
[2023-08-14T00:14:59.538+0200] {processor.py:838} WARNING - No viable dags retrieved from /home/akhilesh/py39/lib/python3.9/site-packages/airflow/example_dags/example_setup_teardown.py
[2023-08-14T00:14:59.547+0200] {processor.py:179} INFO - Processing /home/akhilesh/py39/lib/python3.9/site-packages/airflow/example_dags/example_setup_teardown.py took 0.026 seconds
[2023-08-14T00:15:48.205+0200] {processor.py:157} INFO - Started process (PID=443939) to work on /home/akhilesh/py39/lib/python3.9/site-packages/airflow/example_dags/example_setup_teardown.py
[2023-08-14T00:15:48.214+0200] {processor.py:826} INFO - Processing file /home/akhilesh/py39/lib/python3.9/site-packages/airflow/example_dags/example_setup_teardown.py for tasks to queue
[2023-08-14T00:15:48.215+0200] {logging_mixin.py:150} INFO - [2023-08-14T00:15:48.215+0200] {dagbag.py:541} INFO - Filling up the DagBag from /home/akhilesh/py39/lib/python3.9/site-packages/airflow/example_dags/example_setup_teardown.py
[2023-08-14T00:15:48.217+0200] {processor.py:838} WARNING - No viable dags retrieved from /home/akhilesh/py39/lib/python3.9/site-packages/airflow/example_dags/example_setup_teardown.py
[2023-08-14T00:15:48.228+0200] {processor.py:179} INFO - Processing /home/akhilesh/py39/lib/python3.9/site-packages/airflow/example_dags/example_setup_teardown.py took 0.027 seconds
[2023-08-14T00:16:34.689+0200] {processor.py:157} INFO - Started process (PID=444363) to work on /home/akhilesh/py39/lib/python3.9/site-packages/airflow/example_dags/example_setup_teardown.py
[2023-08-14T00:16:34.697+0200] {processor.py:826} INFO - Processing file /home/akhilesh/py39/lib/python3.9/site-packages/airflow/example_dags/example_setup_teardown.py for tasks to queue
[2023-08-14T00:16:34.699+0200] {logging_mixin.py:150} INFO - [2023-08-14T00:16:34.698+0200] {dagbag.py:541} INFO - Filling up the DagBag from /home/akhilesh/py39/lib/python3.9/site-packages/airflow/example_dags/example_setup_teardown.py
[2023-08-14T00:16:34.702+0200] {processor.py:838} WARNING - No viable dags retrieved from /home/akhilesh/py39/lib/python3.9/site-packages/airflow/example_dags/example_setup_teardown.py
[2023-08-14T00:16:34.713+0200] {processor.py:179} INFO - Processing /home/akhilesh/py39/lib/python3.9/site-packages/airflow/example_dags/example_setup_teardown.py took 0.028 seconds
[2023-08-14T00:17:26.678+0200] {processor.py:157} INFO - Started process (PID=444545) to work on /home/akhilesh/py39/lib/python3.9/site-packages/airflow/example_dags/example_setup_teardown.py
[2023-08-14T00:17:26.686+0200] {processor.py:826} INFO - Processing file /home/akhilesh/py39/lib/python3.9/site-packages/airflow/example_dags/example_setup_teardown.py for tasks to queue
[2023-08-14T00:17:26.687+0200] {logging_mixin.py:150} INFO - [2023-08-14T00:17:26.687+0200] {dagbag.py:541} INFO - Filling up the DagBag from /home/akhilesh/py39/lib/python3.9/site-packages/airflow/example_dags/example_setup_teardown.py
[2023-08-14T00:17:26.689+0200] {processor.py:838} WARNING - No viable dags retrieved from /home/akhilesh/py39/lib/python3.9/site-packages/airflow/example_dags/example_setup_teardown.py
[2023-08-14T00:17:26.702+0200] {processor.py:179} INFO - Processing /home/akhilesh/py39/lib/python3.9/site-packages/airflow/example_dags/example_setup_teardown.py took 0.028 seconds
[2023-08-14T00:18:15.032+0200] {processor.py:157} INFO - Started process (PID=444683) to work on /home/akhilesh/py39/lib/python3.9/site-packages/airflow/example_dags/example_setup_teardown.py
[2023-08-14T00:18:15.040+0200] {processor.py:826} INFO - Processing file /home/akhilesh/py39/lib/python3.9/site-packages/airflow/example_dags/example_setup_teardown.py for tasks to queue
[2023-08-14T00:18:15.042+0200] {logging_mixin.py:150} INFO - [2023-08-14T00:18:15.041+0200] {dagbag.py:541} INFO - Filling up the DagBag from /home/akhilesh/py39/lib/python3.9/site-packages/airflow/example_dags/example_setup_teardown.py
[2023-08-14T00:18:15.045+0200] {processor.py:838} WARNING - No viable dags retrieved from /home/akhilesh/py39/lib/python3.9/site-packages/airflow/example_dags/example_setup_teardown.py
[2023-08-14T00:18:15.057+0200] {processor.py:179} INFO - Processing /home/akhilesh/py39/lib/python3.9/site-packages/airflow/example_dags/example_setup_teardown.py took 0.029 seconds
[2023-08-14T00:19:06.857+0200] {processor.py:157} INFO - Started process (PID=444820) to work on /home/akhilesh/py39/lib/python3.9/site-packages/airflow/example_dags/example_setup_teardown.py
[2023-08-14T00:19:06.866+0200] {processor.py:826} INFO - Processing file /home/akhilesh/py39/lib/python3.9/site-packages/airflow/example_dags/example_setup_teardown.py for tasks to queue
[2023-08-14T00:19:06.867+0200] {logging_mixin.py:150} INFO - [2023-08-14T00:19:06.866+0200] {dagbag.py:541} INFO - Filling up the DagBag from /home/akhilesh/py39/lib/python3.9/site-packages/airflow/example_dags/example_setup_teardown.py
[2023-08-14T00:19:06.869+0200] {processor.py:838} WARNING - No viable dags retrieved from /home/akhilesh/py39/lib/python3.9/site-packages/airflow/example_dags/example_setup_teardown.py
[2023-08-14T00:19:06.879+0200] {processor.py:179} INFO - Processing /home/akhilesh/py39/lib/python3.9/site-packages/airflow/example_dags/example_setup_teardown.py took 0.026 seconds
[2023-08-14T00:45:09.863+0200] {processor.py:157} INFO - Started process (PID=450040) to work on /home/akhilesh/py39/lib/python3.9/site-packages/airflow/example_dags/example_setup_teardown.py
[2023-08-14T00:45:09.872+0200] {processor.py:826} INFO - Processing file /home/akhilesh/py39/lib/python3.9/site-packages/airflow/example_dags/example_setup_teardown.py for tasks to queue
[2023-08-14T00:45:09.873+0200] {logging_mixin.py:150} INFO - [2023-08-14T00:45:09.873+0200] {dagbag.py:541} INFO - Filling up the DagBag from /home/akhilesh/py39/lib/python3.9/site-packages/airflow/example_dags/example_setup_teardown.py
[2023-08-14T00:45:09.876+0200] {processor.py:838} WARNING - No viable dags retrieved from /home/akhilesh/py39/lib/python3.9/site-packages/airflow/example_dags/example_setup_teardown.py
[2023-08-14T00:45:09.887+0200] {processor.py:179} INFO - Processing /home/akhilesh/py39/lib/python3.9/site-packages/airflow/example_dags/example_setup_teardown.py took 0.027 seconds
[2023-08-14T00:46:03.828+0200] {processor.py:157} INFO - Started process (PID=450449) to work on /home/akhilesh/py39/lib/python3.9/site-packages/airflow/example_dags/example_setup_teardown.py
[2023-08-14T00:46:03.837+0200] {processor.py:826} INFO - Processing file /home/akhilesh/py39/lib/python3.9/site-packages/airflow/example_dags/example_setup_teardown.py for tasks to queue
[2023-08-14T00:46:03.838+0200] {logging_mixin.py:150} INFO - [2023-08-14T00:46:03.838+0200] {dagbag.py:541} INFO - Filling up the DagBag from /home/akhilesh/py39/lib/python3.9/site-packages/airflow/example_dags/example_setup_teardown.py
[2023-08-14T00:46:03.841+0200] {processor.py:838} WARNING - No viable dags retrieved from /home/akhilesh/py39/lib/python3.9/site-packages/airflow/example_dags/example_setup_teardown.py
[2023-08-14T00:46:03.851+0200] {processor.py:179} INFO - Processing /home/akhilesh/py39/lib/python3.9/site-packages/airflow/example_dags/example_setup_teardown.py took 0.026 seconds
[2023-08-14T00:46:58.093+0200] {processor.py:157} INFO - Started process (PID=450777) to work on /home/akhilesh/py39/lib/python3.9/site-packages/airflow/example_dags/example_setup_teardown.py
[2023-08-14T00:46:58.103+0200] {processor.py:826} INFO - Processing file /home/akhilesh/py39/lib/python3.9/site-packages/airflow/example_dags/example_setup_teardown.py for tasks to queue
[2023-08-14T00:46:58.104+0200] {logging_mixin.py:150} INFO - [2023-08-14T00:46:58.103+0200] {dagbag.py:541} INFO - Filling up the DagBag from /home/akhilesh/py39/lib/python3.9/site-packages/airflow/example_dags/example_setup_teardown.py
[2023-08-14T00:46:58.106+0200] {processor.py:838} WARNING - No viable dags retrieved from /home/akhilesh/py39/lib/python3.9/site-packages/airflow/example_dags/example_setup_teardown.py
[2023-08-14T00:46:58.114+0200] {processor.py:179} INFO - Processing /home/akhilesh/py39/lib/python3.9/site-packages/airflow/example_dags/example_setup_teardown.py took 0.025 seconds
[2023-08-14T00:47:49.739+0200] {processor.py:157} INFO - Started process (PID=450915) to work on /home/akhilesh/py39/lib/python3.9/site-packages/airflow/example_dags/example_setup_teardown.py
[2023-08-14T00:47:49.748+0200] {processor.py:826} INFO - Processing file /home/akhilesh/py39/lib/python3.9/site-packages/airflow/example_dags/example_setup_teardown.py for tasks to queue
[2023-08-14T00:47:49.749+0200] {logging_mixin.py:150} INFO - [2023-08-14T00:47:49.748+0200] {dagbag.py:541} INFO - Filling up the DagBag from /home/akhilesh/py39/lib/python3.9/site-packages/airflow/example_dags/example_setup_teardown.py
[2023-08-14T00:47:49.751+0200] {processor.py:838} WARNING - No viable dags retrieved from /home/akhilesh/py39/lib/python3.9/site-packages/airflow/example_dags/example_setup_teardown.py
[2023-08-14T00:47:49.761+0200] {processor.py:179} INFO - Processing /home/akhilesh/py39/lib/python3.9/site-packages/airflow/example_dags/example_setup_teardown.py took 0.025 seconds
[2023-08-14T00:48:43.023+0200] {processor.py:157} INFO - Started process (PID=451031) to work on /home/akhilesh/py39/lib/python3.9/site-packages/airflow/example_dags/example_setup_teardown.py
[2023-08-14T00:48:43.032+0200] {processor.py:826} INFO - Processing file /home/akhilesh/py39/lib/python3.9/site-packages/airflow/example_dags/example_setup_teardown.py for tasks to queue
[2023-08-14T00:48:43.033+0200] {logging_mixin.py:150} INFO - [2023-08-14T00:48:43.033+0200] {dagbag.py:541} INFO - Filling up the DagBag from /home/akhilesh/py39/lib/python3.9/site-packages/airflow/example_dags/example_setup_teardown.py
[2023-08-14T00:48:43.036+0200] {processor.py:838} WARNING - No viable dags retrieved from /home/akhilesh/py39/lib/python3.9/site-packages/airflow/example_dags/example_setup_teardown.py
[2023-08-14T00:48:43.047+0200] {processor.py:179} INFO - Processing /home/akhilesh/py39/lib/python3.9/site-packages/airflow/example_dags/example_setup_teardown.py took 0.028 seconds
