[2023-08-14T10:22:35.833+0200] {processor.py:157} INFO - Started process (PID=453435) to work on /home/akhilesh/py39/lib/python3.9/site-packages/airflow/example_dags/example_params_ui_tutorial.py
[2023-08-14T10:22:35.835+0200] {processor.py:826} INFO - Processing file /home/akhilesh/py39/lib/python3.9/site-packages/airflow/example_dags/example_params_ui_tutorial.py for tasks to queue
[2023-08-14T10:22:35.836+0200] {logging_mixin.py:150} INFO - [2023-08-14T10:22:35.835+0200] {dagbag.py:541} INFO - Filling up the DagBag from /home/akhilesh/py39/lib/python3.9/site-packages/airflow/example_dags/example_params_ui_tutorial.py
[2023-08-14T10:22:35.863+0200] {processor.py:836} INFO - DAG(s) dict_keys(['example_params_ui_tutorial']) retrieved from /home/akhilesh/py39/lib/python3.9/site-packages/airflow/example_dags/example_params_ui_tutorial.py
[2023-08-14T10:22:35.900+0200] {logging_mixin.py:150} INFO - [2023-08-14T10:22:35.900+0200] {dag.py:2742} INFO - Sync 1 DAGs
[2023-08-14T10:22:35.920+0200] {logging_mixin.py:150} INFO - [2023-08-14T10:22:35.920+0200] {dag.py:3504} INFO - Setting next_dagrun for example_params_ui_tutorial to None, run_after=None
[2023-08-14T10:22:36.057+0200] {processor.py:179} INFO - Processing /home/akhilesh/py39/lib/python3.9/site-packages/airflow/example_dags/example_params_ui_tutorial.py took 0.227 seconds
[2023-08-14T10:23:31.748+0200] {processor.py:157} INFO - Started process (PID=453686) to work on /home/akhilesh/py39/lib/python3.9/site-packages/airflow/example_dags/example_params_ui_tutorial.py
[2023-08-14T10:23:31.757+0200] {processor.py:826} INFO - Processing file /home/akhilesh/py39/lib/python3.9/site-packages/airflow/example_dags/example_params_ui_tutorial.py for tasks to queue
[2023-08-14T10:23:31.758+0200] {logging_mixin.py:150} INFO - [2023-08-14T10:23:31.758+0200] {dagbag.py:541} INFO - Filling up the DagBag from /home/akhilesh/py39/lib/python3.9/site-packages/airflow/example_dags/example_params_ui_tutorial.py
[2023-08-14T10:23:31.791+0200] {processor.py:836} INFO - DAG(s) dict_keys(['example_params_ui_tutorial']) retrieved from /home/akhilesh/py39/lib/python3.9/site-packages/airflow/example_dags/example_params_ui_tutorial.py
[2023-08-14T10:23:31.906+0200] {logging_mixin.py:150} INFO - [2023-08-14T10:23:31.906+0200] {dag.py:2742} INFO - Sync 1 DAGs
[2023-08-14T10:23:31.920+0200] {logging_mixin.py:150} INFO - [2023-08-14T10:23:31.920+0200] {dag.py:3504} INFO - Setting next_dagrun for example_params_ui_tutorial to None, run_after=None
[2023-08-14T10:23:31.947+0200] {processor.py:179} INFO - Processing /home/akhilesh/py39/lib/python3.9/site-packages/airflow/example_dags/example_params_ui_tutorial.py took 0.202 seconds
[2023-08-14T10:24:33.527+0200] {processor.py:157} INFO - Started process (PID=453961) to work on /home/akhilesh/py39/lib/python3.9/site-packages/airflow/example_dags/example_params_ui_tutorial.py
[2023-08-14T10:24:33.536+0200] {processor.py:826} INFO - Processing file /home/akhilesh/py39/lib/python3.9/site-packages/airflow/example_dags/example_params_ui_tutorial.py for tasks to queue
[2023-08-14T10:24:33.537+0200] {logging_mixin.py:150} INFO - [2023-08-14T10:24:33.536+0200] {dagbag.py:541} INFO - Filling up the DagBag from /home/akhilesh/py39/lib/python3.9/site-packages/airflow/example_dags/example_params_ui_tutorial.py
[2023-08-14T10:24:33.567+0200] {processor.py:836} INFO - DAG(s) dict_keys(['example_params_ui_tutorial']) retrieved from /home/akhilesh/py39/lib/python3.9/site-packages/airflow/example_dags/example_params_ui_tutorial.py
[2023-08-14T10:24:33.604+0200] {logging_mixin.py:150} INFO - [2023-08-14T10:24:33.604+0200] {dag.py:2742} INFO - Sync 1 DAGs
[2023-08-14T10:24:33.734+0200] {logging_mixin.py:150} INFO - [2023-08-14T10:24:33.734+0200] {dag.py:3504} INFO - Setting next_dagrun for example_params_ui_tutorial to None, run_after=None
[2023-08-14T10:24:33.765+0200] {processor.py:179} INFO - Processing /home/akhilesh/py39/lib/python3.9/site-packages/airflow/example_dags/example_params_ui_tutorial.py took 0.243 seconds
[2023-08-14T10:25:45.093+0200] {processor.py:157} INFO - Started process (PID=454155) to work on /home/akhilesh/py39/lib/python3.9/site-packages/airflow/example_dags/example_params_ui_tutorial.py
[2023-08-14T10:25:45.094+0200] {processor.py:826} INFO - Processing file /home/akhilesh/py39/lib/python3.9/site-packages/airflow/example_dags/example_params_ui_tutorial.py for tasks to queue
[2023-08-14T10:25:45.095+0200] {logging_mixin.py:150} INFO - [2023-08-14T10:25:45.095+0200] {dagbag.py:541} INFO - Filling up the DagBag from /home/akhilesh/py39/lib/python3.9/site-packages/airflow/example_dags/example_params_ui_tutorial.py
[2023-08-14T10:25:45.122+0200] {processor.py:836} INFO - DAG(s) dict_keys(['example_params_ui_tutorial']) retrieved from /home/akhilesh/py39/lib/python3.9/site-packages/airflow/example_dags/example_params_ui_tutorial.py
[2023-08-14T10:25:45.158+0200] {logging_mixin.py:150} INFO - [2023-08-14T10:25:45.158+0200] {dag.py:2742} INFO - Sync 1 DAGs
[2023-08-14T10:25:45.172+0200] {logging_mixin.py:150} INFO - [2023-08-14T10:25:45.172+0200] {dag.py:3504} INFO - Setting next_dagrun for example_params_ui_tutorial to None, run_after=None
[2023-08-14T10:25:45.306+0200] {processor.py:179} INFO - Processing /home/akhilesh/py39/lib/python3.9/site-packages/airflow/example_dags/example_params_ui_tutorial.py took 0.217 seconds
[2023-08-14T10:26:45.274+0200] {processor.py:157} INFO - Started process (PID=454499) to work on /home/akhilesh/py39/lib/python3.9/site-packages/airflow/example_dags/example_params_ui_tutorial.py
[2023-08-14T10:26:45.276+0200] {processor.py:826} INFO - Processing file /home/akhilesh/py39/lib/python3.9/site-packages/airflow/example_dags/example_params_ui_tutorial.py for tasks to queue
[2023-08-14T10:26:45.277+0200] {logging_mixin.py:150} INFO - [2023-08-14T10:26:45.276+0200] {dagbag.py:541} INFO - Filling up the DagBag from /home/akhilesh/py39/lib/python3.9/site-packages/airflow/example_dags/example_params_ui_tutorial.py
[2023-08-14T10:26:45.304+0200] {processor.py:836} INFO - DAG(s) dict_keys(['example_params_ui_tutorial']) retrieved from /home/akhilesh/py39/lib/python3.9/site-packages/airflow/example_dags/example_params_ui_tutorial.py
[2023-08-14T10:26:45.416+0200] {logging_mixin.py:150} INFO - [2023-08-14T10:26:45.415+0200] {dag.py:2742} INFO - Sync 1 DAGs
[2023-08-14T10:26:45.427+0200] {logging_mixin.py:150} INFO - [2023-08-14T10:26:45.427+0200] {dag.py:3504} INFO - Setting next_dagrun for example_params_ui_tutorial to None, run_after=None
[2023-08-14T10:26:45.446+0200] {processor.py:179} INFO - Processing /home/akhilesh/py39/lib/python3.9/site-packages/airflow/example_dags/example_params_ui_tutorial.py took 0.174 seconds
[2023-08-14T10:27:43.111+0200] {processor.py:157} INFO - Started process (PID=454841) to work on /home/akhilesh/py39/lib/python3.9/site-packages/airflow/example_dags/example_params_ui_tutorial.py
[2023-08-14T10:27:43.112+0200] {processor.py:826} INFO - Processing file /home/akhilesh/py39/lib/python3.9/site-packages/airflow/example_dags/example_params_ui_tutorial.py for tasks to queue
[2023-08-14T10:27:43.113+0200] {logging_mixin.py:150} INFO - [2023-08-14T10:27:43.113+0200] {dagbag.py:541} INFO - Filling up the DagBag from /home/akhilesh/py39/lib/python3.9/site-packages/airflow/example_dags/example_params_ui_tutorial.py
[2023-08-14T10:27:43.146+0200] {processor.py:836} INFO - DAG(s) dict_keys(['example_params_ui_tutorial']) retrieved from /home/akhilesh/py39/lib/python3.9/site-packages/airflow/example_dags/example_params_ui_tutorial.py
[2023-08-14T10:27:43.186+0200] {logging_mixin.py:150} INFO - [2023-08-14T10:27:43.186+0200] {dag.py:2742} INFO - Sync 1 DAGs
[2023-08-14T10:27:43.289+0200] {logging_mixin.py:150} INFO - [2023-08-14T10:27:43.289+0200] {dag.py:3504} INFO - Setting next_dagrun for example_params_ui_tutorial to None, run_after=None
[2023-08-14T10:27:43.318+0200] {processor.py:179} INFO - Processing /home/akhilesh/py39/lib/python3.9/site-packages/airflow/example_dags/example_params_ui_tutorial.py took 0.211 seconds
[2023-08-14T10:28:43.848+0200] {processor.py:157} INFO - Started process (PID=455019) to work on /home/akhilesh/py39/lib/python3.9/site-packages/airflow/example_dags/example_params_ui_tutorial.py
[2023-08-14T10:28:43.856+0200] {processor.py:826} INFO - Processing file /home/akhilesh/py39/lib/python3.9/site-packages/airflow/example_dags/example_params_ui_tutorial.py for tasks to queue
[2023-08-14T10:28:43.858+0200] {logging_mixin.py:150} INFO - [2023-08-14T10:28:43.857+0200] {dagbag.py:541} INFO - Filling up the DagBag from /home/akhilesh/py39/lib/python3.9/site-packages/airflow/example_dags/example_params_ui_tutorial.py
[2023-08-14T10:28:43.977+0200] {processor.py:836} INFO - DAG(s) dict_keys(['example_params_ui_tutorial']) retrieved from /home/akhilesh/py39/lib/python3.9/site-packages/airflow/example_dags/example_params_ui_tutorial.py
[2023-08-14T10:28:44.013+0200] {logging_mixin.py:150} INFO - [2023-08-14T10:28:44.013+0200] {dag.py:2742} INFO - Sync 1 DAGs
[2023-08-14T10:28:44.029+0200] {logging_mixin.py:150} INFO - [2023-08-14T10:28:44.029+0200] {dag.py:3504} INFO - Setting next_dagrun for example_params_ui_tutorial to None, run_after=None
[2023-08-14T10:28:44.074+0200] {processor.py:179} INFO - Processing /home/akhilesh/py39/lib/python3.9/site-packages/airflow/example_dags/example_params_ui_tutorial.py took 0.230 seconds
[2023-08-14T10:29:54.969+0200] {processor.py:157} INFO - Started process (PID=455247) to work on /home/akhilesh/py39/lib/python3.9/site-packages/airflow/example_dags/example_params_ui_tutorial.py
[2023-08-14T10:29:54.978+0200] {processor.py:826} INFO - Processing file /home/akhilesh/py39/lib/python3.9/site-packages/airflow/example_dags/example_params_ui_tutorial.py for tasks to queue
[2023-08-14T10:29:54.979+0200] {logging_mixin.py:150} INFO - [2023-08-14T10:29:54.979+0200] {dagbag.py:541} INFO - Filling up the DagBag from /home/akhilesh/py39/lib/python3.9/site-packages/airflow/example_dags/example_params_ui_tutorial.py
[2023-08-14T10:29:55.015+0200] {processor.py:836} INFO - DAG(s) dict_keys(['example_params_ui_tutorial']) retrieved from /home/akhilesh/py39/lib/python3.9/site-packages/airflow/example_dags/example_params_ui_tutorial.py
[2023-08-14T10:29:55.232+0200] {logging_mixin.py:150} INFO - [2023-08-14T10:29:55.231+0200] {dag.py:2742} INFO - Sync 1 DAGs
[2023-08-14T10:29:55.245+0200] {logging_mixin.py:150} INFO - [2023-08-14T10:29:55.245+0200] {dag.py:3504} INFO - Setting next_dagrun for example_params_ui_tutorial to None, run_after=None
[2023-08-14T10:29:55.279+0200] {processor.py:179} INFO - Processing /home/akhilesh/py39/lib/python3.9/site-packages/airflow/example_dags/example_params_ui_tutorial.py took 0.313 seconds
[2023-08-14T10:30:46.363+0200] {processor.py:157} INFO - Started process (PID=455429) to work on /home/akhilesh/py39/lib/python3.9/site-packages/airflow/example_dags/example_params_ui_tutorial.py
[2023-08-14T10:30:46.372+0200] {processor.py:826} INFO - Processing file /home/akhilesh/py39/lib/python3.9/site-packages/airflow/example_dags/example_params_ui_tutorial.py for tasks to queue
[2023-08-14T10:30:46.374+0200] {logging_mixin.py:150} INFO - [2023-08-14T10:30:46.373+0200] {dagbag.py:541} INFO - Filling up the DagBag from /home/akhilesh/py39/lib/python3.9/site-packages/airflow/example_dags/example_params_ui_tutorial.py
[2023-08-14T10:30:46.405+0200] {processor.py:836} INFO - DAG(s) dict_keys(['example_params_ui_tutorial']) retrieved from /home/akhilesh/py39/lib/python3.9/site-packages/airflow/example_dags/example_params_ui_tutorial.py
[2023-08-14T10:30:46.442+0200] {logging_mixin.py:150} INFO - [2023-08-14T10:30:46.442+0200] {dag.py:2742} INFO - Sync 1 DAGs
[2023-08-14T10:30:46.456+0200] {logging_mixin.py:150} INFO - [2023-08-14T10:30:46.456+0200] {dag.py:3504} INFO - Setting next_dagrun for example_params_ui_tutorial to None, run_after=None
[2023-08-14T10:30:46.488+0200] {processor.py:179} INFO - Processing /home/akhilesh/py39/lib/python3.9/site-packages/airflow/example_dags/example_params_ui_tutorial.py took 0.129 seconds
[2023-08-14T10:31:40.524+0200] {processor.py:157} INFO - Started process (PID=455555) to work on /home/akhilesh/py39/lib/python3.9/site-packages/airflow/example_dags/example_params_ui_tutorial.py
[2023-08-14T10:31:40.533+0200] {processor.py:826} INFO - Processing file /home/akhilesh/py39/lib/python3.9/site-packages/airflow/example_dags/example_params_ui_tutorial.py for tasks to queue
[2023-08-14T10:31:40.535+0200] {logging_mixin.py:150} INFO - [2023-08-14T10:31:40.534+0200] {dagbag.py:541} INFO - Filling up the DagBag from /home/akhilesh/py39/lib/python3.9/site-packages/airflow/example_dags/example_params_ui_tutorial.py
[2023-08-14T10:31:40.568+0200] {processor.py:836} INFO - DAG(s) dict_keys(['example_params_ui_tutorial']) retrieved from /home/akhilesh/py39/lib/python3.9/site-packages/airflow/example_dags/example_params_ui_tutorial.py
[2023-08-14T10:31:40.613+0200] {logging_mixin.py:150} INFO - [2023-08-14T10:31:40.613+0200] {dag.py:2742} INFO - Sync 1 DAGs
[2023-08-14T10:31:40.637+0200] {logging_mixin.py:150} INFO - [2023-08-14T10:31:40.636+0200] {dag.py:3504} INFO - Setting next_dagrun for example_params_ui_tutorial to None, run_after=None
[2023-08-14T10:31:40.670+0200] {processor.py:179} INFO - Processing /home/akhilesh/py39/lib/python3.9/site-packages/airflow/example_dags/example_params_ui_tutorial.py took 0.151 seconds
[2023-08-14T10:32:27.826+0200] {processor.py:157} INFO - Started process (PID=455836) to work on /home/akhilesh/py39/lib/python3.9/site-packages/airflow/example_dags/example_params_ui_tutorial.py
[2023-08-14T10:32:27.835+0200] {processor.py:826} INFO - Processing file /home/akhilesh/py39/lib/python3.9/site-packages/airflow/example_dags/example_params_ui_tutorial.py for tasks to queue
[2023-08-14T10:32:27.836+0200] {logging_mixin.py:150} INFO - [2023-08-14T10:32:27.836+0200] {dagbag.py:541} INFO - Filling up the DagBag from /home/akhilesh/py39/lib/python3.9/site-packages/airflow/example_dags/example_params_ui_tutorial.py
[2023-08-14T10:32:27.866+0200] {processor.py:836} INFO - DAG(s) dict_keys(['example_params_ui_tutorial']) retrieved from /home/akhilesh/py39/lib/python3.9/site-packages/airflow/example_dags/example_params_ui_tutorial.py
[2023-08-14T10:32:27.902+0200] {logging_mixin.py:150} INFO - [2023-08-14T10:32:27.902+0200] {dag.py:2742} INFO - Sync 1 DAGs
[2023-08-14T10:32:27.916+0200] {logging_mixin.py:150} INFO - [2023-08-14T10:32:27.916+0200] {dag.py:3504} INFO - Setting next_dagrun for example_params_ui_tutorial to None, run_after=None
[2023-08-14T10:32:27.934+0200] {processor.py:179} INFO - Processing /home/akhilesh/py39/lib/python3.9/site-packages/airflow/example_dags/example_params_ui_tutorial.py took 0.112 seconds
[2023-08-14T10:33:19.963+0200] {processor.py:157} INFO - Started process (PID=455984) to work on /home/akhilesh/py39/lib/python3.9/site-packages/airflow/example_dags/example_params_ui_tutorial.py
[2023-08-14T10:33:19.972+0200] {processor.py:826} INFO - Processing file /home/akhilesh/py39/lib/python3.9/site-packages/airflow/example_dags/example_params_ui_tutorial.py for tasks to queue
[2023-08-14T10:33:19.974+0200] {logging_mixin.py:150} INFO - [2023-08-14T10:33:19.973+0200] {dagbag.py:541} INFO - Filling up the DagBag from /home/akhilesh/py39/lib/python3.9/site-packages/airflow/example_dags/example_params_ui_tutorial.py
[2023-08-14T10:33:20.006+0200] {processor.py:836} INFO - DAG(s) dict_keys(['example_params_ui_tutorial']) retrieved from /home/akhilesh/py39/lib/python3.9/site-packages/airflow/example_dags/example_params_ui_tutorial.py
[2023-08-14T10:33:20.043+0200] {logging_mixin.py:150} INFO - [2023-08-14T10:33:20.043+0200] {dag.py:2742} INFO - Sync 1 DAGs
[2023-08-14T10:33:20.059+0200] {logging_mixin.py:150} INFO - [2023-08-14T10:33:20.059+0200] {dag.py:3504} INFO - Setting next_dagrun for example_params_ui_tutorial to None, run_after=None
[2023-08-14T10:33:20.079+0200] {processor.py:179} INFO - Processing /home/akhilesh/py39/lib/python3.9/site-packages/airflow/example_dags/example_params_ui_tutorial.py took 0.119 seconds
[2023-08-14T10:34:13.437+0200] {processor.py:157} INFO - Started process (PID=456110) to work on /home/akhilesh/py39/lib/python3.9/site-packages/airflow/example_dags/example_params_ui_tutorial.py
[2023-08-14T10:34:13.446+0200] {processor.py:826} INFO - Processing file /home/akhilesh/py39/lib/python3.9/site-packages/airflow/example_dags/example_params_ui_tutorial.py for tasks to queue
[2023-08-14T10:34:13.447+0200] {logging_mixin.py:150} INFO - [2023-08-14T10:34:13.447+0200] {dagbag.py:541} INFO - Filling up the DagBag from /home/akhilesh/py39/lib/python3.9/site-packages/airflow/example_dags/example_params_ui_tutorial.py
[2023-08-14T10:34:13.484+0200] {processor.py:836} INFO - DAG(s) dict_keys(['example_params_ui_tutorial']) retrieved from /home/akhilesh/py39/lib/python3.9/site-packages/airflow/example_dags/example_params_ui_tutorial.py
[2023-08-14T10:34:13.521+0200] {logging_mixin.py:150} INFO - [2023-08-14T10:34:13.521+0200] {dag.py:2742} INFO - Sync 1 DAGs
[2023-08-14T10:34:13.537+0200] {logging_mixin.py:150} INFO - [2023-08-14T10:34:13.537+0200] {dag.py:3504} INFO - Setting next_dagrun for example_params_ui_tutorial to None, run_after=None
[2023-08-14T10:34:13.559+0200] {processor.py:179} INFO - Processing /home/akhilesh/py39/lib/python3.9/site-packages/airflow/example_dags/example_params_ui_tutorial.py took 0.125 seconds
[2023-08-14T10:35:07.532+0200] {processor.py:157} INFO - Started process (PID=456255) to work on /home/akhilesh/py39/lib/python3.9/site-packages/airflow/example_dags/example_params_ui_tutorial.py
[2023-08-14T10:35:07.542+0200] {processor.py:826} INFO - Processing file /home/akhilesh/py39/lib/python3.9/site-packages/airflow/example_dags/example_params_ui_tutorial.py for tasks to queue
[2023-08-14T10:35:07.543+0200] {logging_mixin.py:150} INFO - [2023-08-14T10:35:07.543+0200] {dagbag.py:541} INFO - Filling up the DagBag from /home/akhilesh/py39/lib/python3.9/site-packages/airflow/example_dags/example_params_ui_tutorial.py
[2023-08-14T10:35:07.577+0200] {processor.py:836} INFO - DAG(s) dict_keys(['example_params_ui_tutorial']) retrieved from /home/akhilesh/py39/lib/python3.9/site-packages/airflow/example_dags/example_params_ui_tutorial.py
[2023-08-14T10:35:07.615+0200] {logging_mixin.py:150} INFO - [2023-08-14T10:35:07.615+0200] {dag.py:2742} INFO - Sync 1 DAGs
[2023-08-14T10:35:07.633+0200] {logging_mixin.py:150} INFO - [2023-08-14T10:35:07.633+0200] {dag.py:3504} INFO - Setting next_dagrun for example_params_ui_tutorial to None, run_after=None
[2023-08-14T10:35:07.661+0200] {processor.py:179} INFO - Processing /home/akhilesh/py39/lib/python3.9/site-packages/airflow/example_dags/example_params_ui_tutorial.py took 0.135 seconds
[2023-08-14T10:36:00.154+0200] {processor.py:157} INFO - Started process (PID=456411) to work on /home/akhilesh/py39/lib/python3.9/site-packages/airflow/example_dags/example_params_ui_tutorial.py
[2023-08-14T10:36:00.163+0200] {processor.py:826} INFO - Processing file /home/akhilesh/py39/lib/python3.9/site-packages/airflow/example_dags/example_params_ui_tutorial.py for tasks to queue
[2023-08-14T10:36:00.164+0200] {logging_mixin.py:150} INFO - [2023-08-14T10:36:00.163+0200] {dagbag.py:541} INFO - Filling up the DagBag from /home/akhilesh/py39/lib/python3.9/site-packages/airflow/example_dags/example_params_ui_tutorial.py
[2023-08-14T10:36:00.200+0200] {processor.py:836} INFO - DAG(s) dict_keys(['example_params_ui_tutorial']) retrieved from /home/akhilesh/py39/lib/python3.9/site-packages/airflow/example_dags/example_params_ui_tutorial.py
[2023-08-14T10:36:00.240+0200] {logging_mixin.py:150} INFO - [2023-08-14T10:36:00.240+0200] {dag.py:2742} INFO - Sync 1 DAGs
[2023-08-14T10:36:00.252+0200] {logging_mixin.py:150} INFO - [2023-08-14T10:36:00.252+0200] {dag.py:3504} INFO - Setting next_dagrun for example_params_ui_tutorial to None, run_after=None
[2023-08-14T10:36:00.277+0200] {processor.py:179} INFO - Processing /home/akhilesh/py39/lib/python3.9/site-packages/airflow/example_dags/example_params_ui_tutorial.py took 0.125 seconds
[2023-08-14T10:36:50.745+0200] {processor.py:157} INFO - Started process (PID=456555) to work on /home/akhilesh/py39/lib/python3.9/site-packages/airflow/example_dags/example_params_ui_tutorial.py
[2023-08-14T10:36:50.754+0200] {processor.py:826} INFO - Processing file /home/akhilesh/py39/lib/python3.9/site-packages/airflow/example_dags/example_params_ui_tutorial.py for tasks to queue
[2023-08-14T10:36:50.755+0200] {logging_mixin.py:150} INFO - [2023-08-14T10:36:50.755+0200] {dagbag.py:541} INFO - Filling up the DagBag from /home/akhilesh/py39/lib/python3.9/site-packages/airflow/example_dags/example_params_ui_tutorial.py
[2023-08-14T10:36:50.800+0200] {processor.py:836} INFO - DAG(s) dict_keys(['example_params_ui_tutorial']) retrieved from /home/akhilesh/py39/lib/python3.9/site-packages/airflow/example_dags/example_params_ui_tutorial.py
[2023-08-14T10:36:50.851+0200] {logging_mixin.py:150} INFO - [2023-08-14T10:36:50.851+0200] {dag.py:2742} INFO - Sync 1 DAGs
[2023-08-14T10:36:50.867+0200] {logging_mixin.py:150} INFO - [2023-08-14T10:36:50.867+0200] {dag.py:3504} INFO - Setting next_dagrun for example_params_ui_tutorial to None, run_after=None
[2023-08-14T10:36:50.898+0200] {processor.py:179} INFO - Processing /home/akhilesh/py39/lib/python3.9/site-packages/airflow/example_dags/example_params_ui_tutorial.py took 0.156 seconds
[2023-08-14T10:37:39.484+0200] {processor.py:157} INFO - Started process (PID=456699) to work on /home/akhilesh/py39/lib/python3.9/site-packages/airflow/example_dags/example_params_ui_tutorial.py
[2023-08-14T10:37:39.493+0200] {processor.py:826} INFO - Processing file /home/akhilesh/py39/lib/python3.9/site-packages/airflow/example_dags/example_params_ui_tutorial.py for tasks to queue
[2023-08-14T10:37:39.495+0200] {logging_mixin.py:150} INFO - [2023-08-14T10:37:39.494+0200] {dagbag.py:541} INFO - Filling up the DagBag from /home/akhilesh/py39/lib/python3.9/site-packages/airflow/example_dags/example_params_ui_tutorial.py
[2023-08-14T10:37:39.525+0200] {processor.py:836} INFO - DAG(s) dict_keys(['example_params_ui_tutorial']) retrieved from /home/akhilesh/py39/lib/python3.9/site-packages/airflow/example_dags/example_params_ui_tutorial.py
[2023-08-14T10:37:39.566+0200] {logging_mixin.py:150} INFO - [2023-08-14T10:37:39.566+0200] {dag.py:2742} INFO - Sync 1 DAGs
[2023-08-14T10:37:39.584+0200] {logging_mixin.py:150} INFO - [2023-08-14T10:37:39.584+0200] {dag.py:3504} INFO - Setting next_dagrun for example_params_ui_tutorial to None, run_after=None
[2023-08-14T10:37:39.607+0200] {processor.py:179} INFO - Processing /home/akhilesh/py39/lib/python3.9/site-packages/airflow/example_dags/example_params_ui_tutorial.py took 0.126 seconds
[2023-08-14T10:38:29.216+0200] {processor.py:157} INFO - Started process (PID=456812) to work on /home/akhilesh/py39/lib/python3.9/site-packages/airflow/example_dags/example_params_ui_tutorial.py
[2023-08-14T10:38:29.225+0200] {processor.py:826} INFO - Processing file /home/akhilesh/py39/lib/python3.9/site-packages/airflow/example_dags/example_params_ui_tutorial.py for tasks to queue
[2023-08-14T10:38:29.227+0200] {logging_mixin.py:150} INFO - [2023-08-14T10:38:29.227+0200] {dagbag.py:541} INFO - Filling up the DagBag from /home/akhilesh/py39/lib/python3.9/site-packages/airflow/example_dags/example_params_ui_tutorial.py
[2023-08-14T10:38:29.269+0200] {processor.py:836} INFO - DAG(s) dict_keys(['example_params_ui_tutorial']) retrieved from /home/akhilesh/py39/lib/python3.9/site-packages/airflow/example_dags/example_params_ui_tutorial.py
[2023-08-14T10:38:29.303+0200] {logging_mixin.py:150} INFO - [2023-08-14T10:38:29.303+0200] {dag.py:2742} INFO - Sync 1 DAGs
[2023-08-14T10:38:29.316+0200] {logging_mixin.py:150} INFO - [2023-08-14T10:38:29.315+0200] {dag.py:3504} INFO - Setting next_dagrun for example_params_ui_tutorial to None, run_after=None
[2023-08-14T10:38:29.346+0200] {processor.py:179} INFO - Processing /home/akhilesh/py39/lib/python3.9/site-packages/airflow/example_dags/example_params_ui_tutorial.py took 0.134 seconds
[2023-08-14T10:40:06.937+0200] {processor.py:157} INFO - Started process (PID=457344) to work on /home/akhilesh/py39/lib/python3.9/site-packages/airflow/example_dags/example_params_ui_tutorial.py
[2023-08-14T10:40:06.946+0200] {processor.py:826} INFO - Processing file /home/akhilesh/py39/lib/python3.9/site-packages/airflow/example_dags/example_params_ui_tutorial.py for tasks to queue
[2023-08-14T10:40:06.947+0200] {logging_mixin.py:150} INFO - [2023-08-14T10:40:06.947+0200] {dagbag.py:541} INFO - Filling up the DagBag from /home/akhilesh/py39/lib/python3.9/site-packages/airflow/example_dags/example_params_ui_tutorial.py
[2023-08-14T10:40:06.976+0200] {processor.py:836} INFO - DAG(s) dict_keys(['example_params_ui_tutorial']) retrieved from /home/akhilesh/py39/lib/python3.9/site-packages/airflow/example_dags/example_params_ui_tutorial.py
[2023-08-14T10:40:07.013+0200] {logging_mixin.py:150} INFO - [2023-08-14T10:40:07.012+0200] {dag.py:2742} INFO - Sync 1 DAGs
[2023-08-14T10:40:07.029+0200] {logging_mixin.py:150} INFO - [2023-08-14T10:40:07.028+0200] {dag.py:3504} INFO - Setting next_dagrun for example_params_ui_tutorial to None, run_after=None
[2023-08-14T10:40:07.054+0200] {processor.py:179} INFO - Processing /home/akhilesh/py39/lib/python3.9/site-packages/airflow/example_dags/example_params_ui_tutorial.py took 0.121 seconds
[2023-08-14T10:41:48.445+0200] {processor.py:157} INFO - Started process (PID=457635) to work on /home/akhilesh/py39/lib/python3.9/site-packages/airflow/example_dags/example_params_ui_tutorial.py
[2023-08-14T10:41:48.447+0200] {processor.py:826} INFO - Processing file /home/akhilesh/py39/lib/python3.9/site-packages/airflow/example_dags/example_params_ui_tutorial.py for tasks to queue
[2023-08-14T10:41:48.448+0200] {logging_mixin.py:150} INFO - [2023-08-14T10:41:48.447+0200] {dagbag.py:541} INFO - Filling up the DagBag from /home/akhilesh/py39/lib/python3.9/site-packages/airflow/example_dags/example_params_ui_tutorial.py
[2023-08-14T10:41:48.479+0200] {processor.py:836} INFO - DAG(s) dict_keys(['example_params_ui_tutorial']) retrieved from /home/akhilesh/py39/lib/python3.9/site-packages/airflow/example_dags/example_params_ui_tutorial.py
[2023-08-14T10:41:48.529+0200] {logging_mixin.py:150} INFO - [2023-08-14T10:41:48.528+0200] {dag.py:2742} INFO - Sync 1 DAGs
[2023-08-14T10:41:48.547+0200] {logging_mixin.py:150} INFO - [2023-08-14T10:41:48.546+0200] {dag.py:3504} INFO - Setting next_dagrun for example_params_ui_tutorial to None, run_after=None
[2023-08-14T10:41:48.591+0200] {processor.py:179} INFO - Processing /home/akhilesh/py39/lib/python3.9/site-packages/airflow/example_dags/example_params_ui_tutorial.py took 0.149 seconds
[2023-08-14T10:42:35.210+0200] {processor.py:157} INFO - Started process (PID=457800) to work on /home/akhilesh/py39/lib/python3.9/site-packages/airflow/example_dags/example_params_ui_tutorial.py
[2023-08-14T10:42:35.219+0200] {processor.py:826} INFO - Processing file /home/akhilesh/py39/lib/python3.9/site-packages/airflow/example_dags/example_params_ui_tutorial.py for tasks to queue
[2023-08-14T10:42:35.220+0200] {logging_mixin.py:150} INFO - [2023-08-14T10:42:35.220+0200] {dagbag.py:541} INFO - Filling up the DagBag from /home/akhilesh/py39/lib/python3.9/site-packages/airflow/example_dags/example_params_ui_tutorial.py
[2023-08-14T10:42:35.251+0200] {processor.py:836} INFO - DAG(s) dict_keys(['example_params_ui_tutorial']) retrieved from /home/akhilesh/py39/lib/python3.9/site-packages/airflow/example_dags/example_params_ui_tutorial.py
[2023-08-14T10:42:35.290+0200] {logging_mixin.py:150} INFO - [2023-08-14T10:42:35.290+0200] {dag.py:2742} INFO - Sync 1 DAGs
[2023-08-14T10:42:35.303+0200] {logging_mixin.py:150} INFO - [2023-08-14T10:42:35.303+0200] {dag.py:3504} INFO - Setting next_dagrun for example_params_ui_tutorial to None, run_after=None
[2023-08-14T10:42:35.334+0200] {processor.py:179} INFO - Processing /home/akhilesh/py39/lib/python3.9/site-packages/airflow/example_dags/example_params_ui_tutorial.py took 0.128 seconds
[2023-08-14T10:44:39.575+0200] {processor.py:157} INFO - Started process (PID=458292) to work on /home/akhilesh/py39/lib/python3.9/site-packages/airflow/example_dags/example_params_ui_tutorial.py
[2023-08-14T10:44:39.584+0200] {processor.py:826} INFO - Processing file /home/akhilesh/py39/lib/python3.9/site-packages/airflow/example_dags/example_params_ui_tutorial.py for tasks to queue
[2023-08-14T10:44:39.585+0200] {logging_mixin.py:150} INFO - [2023-08-14T10:44:39.585+0200] {dagbag.py:541} INFO - Filling up the DagBag from /home/akhilesh/py39/lib/python3.9/site-packages/airflow/example_dags/example_params_ui_tutorial.py
[2023-08-14T10:44:39.614+0200] {processor.py:836} INFO - DAG(s) dict_keys(['example_params_ui_tutorial']) retrieved from /home/akhilesh/py39/lib/python3.9/site-packages/airflow/example_dags/example_params_ui_tutorial.py
[2023-08-14T10:44:39.654+0200] {logging_mixin.py:150} INFO - [2023-08-14T10:44:39.654+0200] {dag.py:2742} INFO - Sync 1 DAGs
[2023-08-14T10:44:39.675+0200] {logging_mixin.py:150} INFO - [2023-08-14T10:44:39.674+0200] {dag.py:3504} INFO - Setting next_dagrun for example_params_ui_tutorial to None, run_after=None
[2023-08-14T10:44:39.704+0200] {processor.py:179} INFO - Processing /home/akhilesh/py39/lib/python3.9/site-packages/airflow/example_dags/example_params_ui_tutorial.py took 0.132 seconds
[2023-08-14T10:45:28.316+0200] {processor.py:157} INFO - Started process (PID=458489) to work on /home/akhilesh/py39/lib/python3.9/site-packages/airflow/example_dags/example_params_ui_tutorial.py
[2023-08-14T10:45:28.317+0200] {processor.py:826} INFO - Processing file /home/akhilesh/py39/lib/python3.9/site-packages/airflow/example_dags/example_params_ui_tutorial.py for tasks to queue
[2023-08-14T10:45:28.318+0200] {logging_mixin.py:150} INFO - [2023-08-14T10:45:28.318+0200] {dagbag.py:541} INFO - Filling up the DagBag from /home/akhilesh/py39/lib/python3.9/site-packages/airflow/example_dags/example_params_ui_tutorial.py
[2023-08-14T10:45:28.352+0200] {processor.py:836} INFO - DAG(s) dict_keys(['example_params_ui_tutorial']) retrieved from /home/akhilesh/py39/lib/python3.9/site-packages/airflow/example_dags/example_params_ui_tutorial.py
[2023-08-14T10:45:28.391+0200] {logging_mixin.py:150} INFO - [2023-08-14T10:45:28.391+0200] {dag.py:2742} INFO - Sync 1 DAGs
[2023-08-14T10:45:28.404+0200] {logging_mixin.py:150} INFO - [2023-08-14T10:45:28.404+0200] {dag.py:3504} INFO - Setting next_dagrun for example_params_ui_tutorial to None, run_after=None
[2023-08-14T10:45:28.426+0200] {processor.py:179} INFO - Processing /home/akhilesh/py39/lib/python3.9/site-packages/airflow/example_dags/example_params_ui_tutorial.py took 0.114 seconds
[2023-08-14T10:46:15.353+0200] {processor.py:157} INFO - Started process (PID=458773) to work on /home/akhilesh/py39/lib/python3.9/site-packages/airflow/example_dags/example_params_ui_tutorial.py
[2023-08-14T10:46:15.363+0200] {processor.py:826} INFO - Processing file /home/akhilesh/py39/lib/python3.9/site-packages/airflow/example_dags/example_params_ui_tutorial.py for tasks to queue
[2023-08-14T10:46:15.364+0200] {logging_mixin.py:150} INFO - [2023-08-14T10:46:15.364+0200] {dagbag.py:541} INFO - Filling up the DagBag from /home/akhilesh/py39/lib/python3.9/site-packages/airflow/example_dags/example_params_ui_tutorial.py
[2023-08-14T10:46:15.400+0200] {processor.py:836} INFO - DAG(s) dict_keys(['example_params_ui_tutorial']) retrieved from /home/akhilesh/py39/lib/python3.9/site-packages/airflow/example_dags/example_params_ui_tutorial.py
[2023-08-14T10:46:15.444+0200] {logging_mixin.py:150} INFO - [2023-08-14T10:46:15.443+0200] {dag.py:2742} INFO - Sync 1 DAGs
[2023-08-14T10:46:15.460+0200] {logging_mixin.py:150} INFO - [2023-08-14T10:46:15.460+0200] {dag.py:3504} INFO - Setting next_dagrun for example_params_ui_tutorial to None, run_after=None
[2023-08-14T10:46:15.498+0200] {processor.py:179} INFO - Processing /home/akhilesh/py39/lib/python3.9/site-packages/airflow/example_dags/example_params_ui_tutorial.py took 0.150 seconds
[2023-08-14T10:47:09.257+0200] {processor.py:157} INFO - Started process (PID=458954) to work on /home/akhilesh/py39/lib/python3.9/site-packages/airflow/example_dags/example_params_ui_tutorial.py
[2023-08-14T10:47:09.266+0200] {processor.py:826} INFO - Processing file /home/akhilesh/py39/lib/python3.9/site-packages/airflow/example_dags/example_params_ui_tutorial.py for tasks to queue
[2023-08-14T10:47:09.268+0200] {logging_mixin.py:150} INFO - [2023-08-14T10:47:09.267+0200] {dagbag.py:541} INFO - Filling up the DagBag from /home/akhilesh/py39/lib/python3.9/site-packages/airflow/example_dags/example_params_ui_tutorial.py
[2023-08-14T10:47:09.294+0200] {processor.py:836} INFO - DAG(s) dict_keys(['example_params_ui_tutorial']) retrieved from /home/akhilesh/py39/lib/python3.9/site-packages/airflow/example_dags/example_params_ui_tutorial.py
[2023-08-14T10:47:09.331+0200] {logging_mixin.py:150} INFO - [2023-08-14T10:47:09.331+0200] {dag.py:2742} INFO - Sync 1 DAGs
[2023-08-14T10:47:09.343+0200] {logging_mixin.py:150} INFO - [2023-08-14T10:47:09.343+0200] {dag.py:3504} INFO - Setting next_dagrun for example_params_ui_tutorial to None, run_after=None
[2023-08-14T10:47:09.368+0200] {processor.py:179} INFO - Processing /home/akhilesh/py39/lib/python3.9/site-packages/airflow/example_dags/example_params_ui_tutorial.py took 0.115 seconds
[2023-08-14T10:48:02.453+0200] {processor.py:157} INFO - Started process (PID=459163) to work on /home/akhilesh/py39/lib/python3.9/site-packages/airflow/example_dags/example_params_ui_tutorial.py
[2023-08-14T10:48:02.462+0200] {processor.py:826} INFO - Processing file /home/akhilesh/py39/lib/python3.9/site-packages/airflow/example_dags/example_params_ui_tutorial.py for tasks to queue
[2023-08-14T10:48:02.463+0200] {logging_mixin.py:150} INFO - [2023-08-14T10:48:02.463+0200] {dagbag.py:541} INFO - Filling up the DagBag from /home/akhilesh/py39/lib/python3.9/site-packages/airflow/example_dags/example_params_ui_tutorial.py
[2023-08-14T10:48:02.489+0200] {processor.py:836} INFO - DAG(s) dict_keys(['example_params_ui_tutorial']) retrieved from /home/akhilesh/py39/lib/python3.9/site-packages/airflow/example_dags/example_params_ui_tutorial.py
[2023-08-14T10:48:02.523+0200] {logging_mixin.py:150} INFO - [2023-08-14T10:48:02.523+0200] {dag.py:2742} INFO - Sync 1 DAGs
[2023-08-14T10:48:02.533+0200] {logging_mixin.py:150} INFO - [2023-08-14T10:48:02.533+0200] {dag.py:3504} INFO - Setting next_dagrun for example_params_ui_tutorial to None, run_after=None
[2023-08-14T10:48:02.550+0200] {processor.py:179} INFO - Processing /home/akhilesh/py39/lib/python3.9/site-packages/airflow/example_dags/example_params_ui_tutorial.py took 0.102 seconds
[2023-08-14T10:48:51.496+0200] {processor.py:157} INFO - Started process (PID=459289) to work on /home/akhilesh/py39/lib/python3.9/site-packages/airflow/example_dags/example_params_ui_tutorial.py
[2023-08-14T10:48:51.505+0200] {processor.py:826} INFO - Processing file /home/akhilesh/py39/lib/python3.9/site-packages/airflow/example_dags/example_params_ui_tutorial.py for tasks to queue
[2023-08-14T10:48:51.506+0200] {logging_mixin.py:150} INFO - [2023-08-14T10:48:51.506+0200] {dagbag.py:541} INFO - Filling up the DagBag from /home/akhilesh/py39/lib/python3.9/site-packages/airflow/example_dags/example_params_ui_tutorial.py
[2023-08-14T10:48:51.536+0200] {processor.py:836} INFO - DAG(s) dict_keys(['example_params_ui_tutorial']) retrieved from /home/akhilesh/py39/lib/python3.9/site-packages/airflow/example_dags/example_params_ui_tutorial.py
[2023-08-14T10:48:51.579+0200] {logging_mixin.py:150} INFO - [2023-08-14T10:48:51.579+0200] {dag.py:2742} INFO - Sync 1 DAGs
[2023-08-14T10:48:51.592+0200] {logging_mixin.py:150} INFO - [2023-08-14T10:48:51.592+0200] {dag.py:3504} INFO - Setting next_dagrun for example_params_ui_tutorial to None, run_after=None
[2023-08-14T10:48:51.608+0200] {processor.py:179} INFO - Processing /home/akhilesh/py39/lib/python3.9/site-packages/airflow/example_dags/example_params_ui_tutorial.py took 0.116 seconds
[2023-08-14T10:49:42.601+0200] {processor.py:157} INFO - Started process (PID=459455) to work on /home/akhilesh/py39/lib/python3.9/site-packages/airflow/example_dags/example_params_ui_tutorial.py
[2023-08-14T10:49:42.610+0200] {processor.py:826} INFO - Processing file /home/akhilesh/py39/lib/python3.9/site-packages/airflow/example_dags/example_params_ui_tutorial.py for tasks to queue
[2023-08-14T10:49:42.611+0200] {logging_mixin.py:150} INFO - [2023-08-14T10:49:42.611+0200] {dagbag.py:541} INFO - Filling up the DagBag from /home/akhilesh/py39/lib/python3.9/site-packages/airflow/example_dags/example_params_ui_tutorial.py
[2023-08-14T10:49:42.644+0200] {processor.py:836} INFO - DAG(s) dict_keys(['example_params_ui_tutorial']) retrieved from /home/akhilesh/py39/lib/python3.9/site-packages/airflow/example_dags/example_params_ui_tutorial.py
[2023-08-14T10:49:42.681+0200] {logging_mixin.py:150} INFO - [2023-08-14T10:49:42.680+0200] {dag.py:2742} INFO - Sync 1 DAGs
[2023-08-14T10:49:42.695+0200] {logging_mixin.py:150} INFO - [2023-08-14T10:49:42.694+0200] {dag.py:3504} INFO - Setting next_dagrun for example_params_ui_tutorial to None, run_after=None
[2023-08-14T10:49:42.718+0200] {processor.py:179} INFO - Processing /home/akhilesh/py39/lib/python3.9/site-packages/airflow/example_dags/example_params_ui_tutorial.py took 0.121 seconds
[2023-08-14T10:50:33.013+0200] {processor.py:157} INFO - Started process (PID=459671) to work on /home/akhilesh/py39/lib/python3.9/site-packages/airflow/example_dags/example_params_ui_tutorial.py
[2023-08-14T10:50:33.022+0200] {processor.py:826} INFO - Processing file /home/akhilesh/py39/lib/python3.9/site-packages/airflow/example_dags/example_params_ui_tutorial.py for tasks to queue
[2023-08-14T10:50:33.023+0200] {logging_mixin.py:150} INFO - [2023-08-14T10:50:33.023+0200] {dagbag.py:541} INFO - Filling up the DagBag from /home/akhilesh/py39/lib/python3.9/site-packages/airflow/example_dags/example_params_ui_tutorial.py
[2023-08-14T10:50:33.055+0200] {processor.py:836} INFO - DAG(s) dict_keys(['example_params_ui_tutorial']) retrieved from /home/akhilesh/py39/lib/python3.9/site-packages/airflow/example_dags/example_params_ui_tutorial.py
[2023-08-14T10:50:33.107+0200] {logging_mixin.py:150} INFO - [2023-08-14T10:50:33.107+0200] {dag.py:2742} INFO - Sync 1 DAGs
[2023-08-14T10:50:33.123+0200] {logging_mixin.py:150} INFO - [2023-08-14T10:50:33.122+0200] {dag.py:3504} INFO - Setting next_dagrun for example_params_ui_tutorial to None, run_after=None
[2023-08-14T10:50:33.159+0200] {processor.py:179} INFO - Processing /home/akhilesh/py39/lib/python3.9/site-packages/airflow/example_dags/example_params_ui_tutorial.py took 0.151 seconds
[2023-08-14T10:51:24.738+0200] {processor.py:157} INFO - Started process (PID=459818) to work on /home/akhilesh/py39/lib/python3.9/site-packages/airflow/example_dags/example_params_ui_tutorial.py
[2023-08-14T10:51:24.747+0200] {processor.py:826} INFO - Processing file /home/akhilesh/py39/lib/python3.9/site-packages/airflow/example_dags/example_params_ui_tutorial.py for tasks to queue
[2023-08-14T10:51:24.748+0200] {logging_mixin.py:150} INFO - [2023-08-14T10:51:24.748+0200] {dagbag.py:541} INFO - Filling up the DagBag from /home/akhilesh/py39/lib/python3.9/site-packages/airflow/example_dags/example_params_ui_tutorial.py
[2023-08-14T10:51:24.777+0200] {processor.py:836} INFO - DAG(s) dict_keys(['example_params_ui_tutorial']) retrieved from /home/akhilesh/py39/lib/python3.9/site-packages/airflow/example_dags/example_params_ui_tutorial.py
[2023-08-14T10:51:24.816+0200] {logging_mixin.py:150} INFO - [2023-08-14T10:51:24.816+0200] {dag.py:2742} INFO - Sync 1 DAGs
[2023-08-14T10:51:24.833+0200] {logging_mixin.py:150} INFO - [2023-08-14T10:51:24.833+0200] {dag.py:3504} INFO - Setting next_dagrun for example_params_ui_tutorial to None, run_after=None
[2023-08-14T10:51:24.879+0200] {processor.py:179} INFO - Processing /home/akhilesh/py39/lib/python3.9/site-packages/airflow/example_dags/example_params_ui_tutorial.py took 0.146 seconds
[2023-08-14T10:52:12.322+0200] {processor.py:157} INFO - Started process (PID=459940) to work on /home/akhilesh/py39/lib/python3.9/site-packages/airflow/example_dags/example_params_ui_tutorial.py
[2023-08-14T10:52:12.332+0200] {processor.py:826} INFO - Processing file /home/akhilesh/py39/lib/python3.9/site-packages/airflow/example_dags/example_params_ui_tutorial.py for tasks to queue
[2023-08-14T10:52:12.333+0200] {logging_mixin.py:150} INFO - [2023-08-14T10:52:12.332+0200] {dagbag.py:541} INFO - Filling up the DagBag from /home/akhilesh/py39/lib/python3.9/site-packages/airflow/example_dags/example_params_ui_tutorial.py
[2023-08-14T10:52:12.362+0200] {processor.py:836} INFO - DAG(s) dict_keys(['example_params_ui_tutorial']) retrieved from /home/akhilesh/py39/lib/python3.9/site-packages/airflow/example_dags/example_params_ui_tutorial.py
[2023-08-14T10:52:12.402+0200] {logging_mixin.py:150} INFO - [2023-08-14T10:52:12.401+0200] {dag.py:2742} INFO - Sync 1 DAGs
[2023-08-14T10:52:12.415+0200] {logging_mixin.py:150} INFO - [2023-08-14T10:52:12.415+0200] {dag.py:3504} INFO - Setting next_dagrun for example_params_ui_tutorial to None, run_after=None
[2023-08-14T10:52:12.440+0200] {processor.py:179} INFO - Processing /home/akhilesh/py39/lib/python3.9/site-packages/airflow/example_dags/example_params_ui_tutorial.py took 0.123 seconds
[2023-08-14T10:53:03.204+0200] {processor.py:157} INFO - Started process (PID=460138) to work on /home/akhilesh/py39/lib/python3.9/site-packages/airflow/example_dags/example_params_ui_tutorial.py
[2023-08-14T10:53:03.213+0200] {processor.py:826} INFO - Processing file /home/akhilesh/py39/lib/python3.9/site-packages/airflow/example_dags/example_params_ui_tutorial.py for tasks to queue
[2023-08-14T10:53:03.214+0200] {logging_mixin.py:150} INFO - [2023-08-14T10:53:03.214+0200] {dagbag.py:541} INFO - Filling up the DagBag from /home/akhilesh/py39/lib/python3.9/site-packages/airflow/example_dags/example_params_ui_tutorial.py
[2023-08-14T10:53:03.245+0200] {processor.py:836} INFO - DAG(s) dict_keys(['example_params_ui_tutorial']) retrieved from /home/akhilesh/py39/lib/python3.9/site-packages/airflow/example_dags/example_params_ui_tutorial.py
[2023-08-14T10:53:03.283+0200] {logging_mixin.py:150} INFO - [2023-08-14T10:53:03.282+0200] {dag.py:2742} INFO - Sync 1 DAGs
[2023-08-14T10:53:03.295+0200] {logging_mixin.py:150} INFO - [2023-08-14T10:53:03.295+0200] {dag.py:3504} INFO - Setting next_dagrun for example_params_ui_tutorial to None, run_after=None
[2023-08-14T10:53:03.329+0200] {processor.py:179} INFO - Processing /home/akhilesh/py39/lib/python3.9/site-packages/airflow/example_dags/example_params_ui_tutorial.py took 0.129 seconds
[2023-08-14T10:53:55.538+0200] {processor.py:157} INFO - Started process (PID=460301) to work on /home/akhilesh/py39/lib/python3.9/site-packages/airflow/example_dags/example_params_ui_tutorial.py
[2023-08-14T10:53:55.547+0200] {processor.py:826} INFO - Processing file /home/akhilesh/py39/lib/python3.9/site-packages/airflow/example_dags/example_params_ui_tutorial.py for tasks to queue
[2023-08-14T10:53:55.548+0200] {logging_mixin.py:150} INFO - [2023-08-14T10:53:55.548+0200] {dagbag.py:541} INFO - Filling up the DagBag from /home/akhilesh/py39/lib/python3.9/site-packages/airflow/example_dags/example_params_ui_tutorial.py
[2023-08-14T10:53:55.578+0200] {processor.py:836} INFO - DAG(s) dict_keys(['example_params_ui_tutorial']) retrieved from /home/akhilesh/py39/lib/python3.9/site-packages/airflow/example_dags/example_params_ui_tutorial.py
[2023-08-14T10:53:55.615+0200] {logging_mixin.py:150} INFO - [2023-08-14T10:53:55.615+0200] {dag.py:2742} INFO - Sync 1 DAGs
[2023-08-14T10:53:55.628+0200] {logging_mixin.py:150} INFO - [2023-08-14T10:53:55.628+0200] {dag.py:3504} INFO - Setting next_dagrun for example_params_ui_tutorial to None, run_after=None
[2023-08-14T10:53:55.647+0200] {processor.py:179} INFO - Processing /home/akhilesh/py39/lib/python3.9/site-packages/airflow/example_dags/example_params_ui_tutorial.py took 0.112 seconds
[2023-08-14T10:54:48.455+0200] {processor.py:157} INFO - Started process (PID=460492) to work on /home/akhilesh/py39/lib/python3.9/site-packages/airflow/example_dags/example_params_ui_tutorial.py
[2023-08-14T10:54:48.456+0200] {processor.py:826} INFO - Processing file /home/akhilesh/py39/lib/python3.9/site-packages/airflow/example_dags/example_params_ui_tutorial.py for tasks to queue
[2023-08-14T10:54:48.458+0200] {logging_mixin.py:150} INFO - [2023-08-14T10:54:48.457+0200] {dagbag.py:541} INFO - Filling up the DagBag from /home/akhilesh/py39/lib/python3.9/site-packages/airflow/example_dags/example_params_ui_tutorial.py
[2023-08-14T10:54:48.487+0200] {processor.py:836} INFO - DAG(s) dict_keys(['example_params_ui_tutorial']) retrieved from /home/akhilesh/py39/lib/python3.9/site-packages/airflow/example_dags/example_params_ui_tutorial.py
[2023-08-14T10:54:48.527+0200] {logging_mixin.py:150} INFO - [2023-08-14T10:54:48.527+0200] {dag.py:2742} INFO - Sync 1 DAGs
[2023-08-14T10:54:48.540+0200] {logging_mixin.py:150} INFO - [2023-08-14T10:54:48.540+0200] {dag.py:3504} INFO - Setting next_dagrun for example_params_ui_tutorial to None, run_after=None
[2023-08-14T10:54:48.565+0200] {processor.py:179} INFO - Processing /home/akhilesh/py39/lib/python3.9/site-packages/airflow/example_dags/example_params_ui_tutorial.py took 0.114 seconds
[2023-08-14T10:55:37.590+0200] {processor.py:157} INFO - Started process (PID=460630) to work on /home/akhilesh/py39/lib/python3.9/site-packages/airflow/example_dags/example_params_ui_tutorial.py
[2023-08-14T10:55:37.599+0200] {processor.py:826} INFO - Processing file /home/akhilesh/py39/lib/python3.9/site-packages/airflow/example_dags/example_params_ui_tutorial.py for tasks to queue
[2023-08-14T10:55:37.600+0200] {logging_mixin.py:150} INFO - [2023-08-14T10:55:37.599+0200] {dagbag.py:541} INFO - Filling up the DagBag from /home/akhilesh/py39/lib/python3.9/site-packages/airflow/example_dags/example_params_ui_tutorial.py
[2023-08-14T10:55:37.634+0200] {processor.py:836} INFO - DAG(s) dict_keys(['example_params_ui_tutorial']) retrieved from /home/akhilesh/py39/lib/python3.9/site-packages/airflow/example_dags/example_params_ui_tutorial.py
[2023-08-14T10:55:37.675+0200] {logging_mixin.py:150} INFO - [2023-08-14T10:55:37.675+0200] {dag.py:2742} INFO - Sync 1 DAGs
[2023-08-14T10:55:37.692+0200] {logging_mixin.py:150} INFO - [2023-08-14T10:55:37.691+0200] {dag.py:3504} INFO - Setting next_dagrun for example_params_ui_tutorial to None, run_after=None
[2023-08-14T10:55:37.731+0200] {processor.py:179} INFO - Processing /home/akhilesh/py39/lib/python3.9/site-packages/airflow/example_dags/example_params_ui_tutorial.py took 0.145 seconds
[2023-08-14T10:56:25.402+0200] {processor.py:157} INFO - Started process (PID=460794) to work on /home/akhilesh/py39/lib/python3.9/site-packages/airflow/example_dags/example_params_ui_tutorial.py
[2023-08-14T10:56:25.411+0200] {processor.py:826} INFO - Processing file /home/akhilesh/py39/lib/python3.9/site-packages/airflow/example_dags/example_params_ui_tutorial.py for tasks to queue
[2023-08-14T10:56:25.412+0200] {logging_mixin.py:150} INFO - [2023-08-14T10:56:25.412+0200] {dagbag.py:541} INFO - Filling up the DagBag from /home/akhilesh/py39/lib/python3.9/site-packages/airflow/example_dags/example_params_ui_tutorial.py
[2023-08-14T10:56:25.443+0200] {processor.py:836} INFO - DAG(s) dict_keys(['example_params_ui_tutorial']) retrieved from /home/akhilesh/py39/lib/python3.9/site-packages/airflow/example_dags/example_params_ui_tutorial.py
[2023-08-14T10:56:25.481+0200] {logging_mixin.py:150} INFO - [2023-08-14T10:56:25.481+0200] {dag.py:2742} INFO - Sync 1 DAGs
[2023-08-14T10:56:25.499+0200] {logging_mixin.py:150} INFO - [2023-08-14T10:56:25.499+0200] {dag.py:3504} INFO - Setting next_dagrun for example_params_ui_tutorial to None, run_after=None
[2023-08-14T10:56:25.522+0200] {processor.py:179} INFO - Processing /home/akhilesh/py39/lib/python3.9/site-packages/airflow/example_dags/example_params_ui_tutorial.py took 0.124 seconds
[2023-08-14T10:57:15.985+0200] {processor.py:157} INFO - Started process (PID=460991) to work on /home/akhilesh/py39/lib/python3.9/site-packages/airflow/example_dags/example_params_ui_tutorial.py
[2023-08-14T10:57:15.986+0200] {processor.py:826} INFO - Processing file /home/akhilesh/py39/lib/python3.9/site-packages/airflow/example_dags/example_params_ui_tutorial.py for tasks to queue
[2023-08-14T10:57:15.988+0200] {logging_mixin.py:150} INFO - [2023-08-14T10:57:15.987+0200] {dagbag.py:541} INFO - Filling up the DagBag from /home/akhilesh/py39/lib/python3.9/site-packages/airflow/example_dags/example_params_ui_tutorial.py
[2023-08-14T10:57:16.018+0200] {processor.py:836} INFO - DAG(s) dict_keys(['example_params_ui_tutorial']) retrieved from /home/akhilesh/py39/lib/python3.9/site-packages/airflow/example_dags/example_params_ui_tutorial.py
[2023-08-14T10:57:16.061+0200] {logging_mixin.py:150} INFO - [2023-08-14T10:57:16.061+0200] {dag.py:2742} INFO - Sync 1 DAGs
[2023-08-14T10:57:16.074+0200] {logging_mixin.py:150} INFO - [2023-08-14T10:57:16.074+0200] {dag.py:3504} INFO - Setting next_dagrun for example_params_ui_tutorial to None, run_after=None
[2023-08-14T10:57:16.097+0200] {processor.py:179} INFO - Processing /home/akhilesh/py39/lib/python3.9/site-packages/airflow/example_dags/example_params_ui_tutorial.py took 0.116 seconds
[2023-08-14T10:58:02.276+0200] {processor.py:157} INFO - Started process (PID=461218) to work on /home/akhilesh/py39/lib/python3.9/site-packages/airflow/example_dags/example_params_ui_tutorial.py
[2023-08-14T10:58:02.277+0200] {processor.py:826} INFO - Processing file /home/akhilesh/py39/lib/python3.9/site-packages/airflow/example_dags/example_params_ui_tutorial.py for tasks to queue
[2023-08-14T10:58:02.278+0200] {logging_mixin.py:150} INFO - [2023-08-14T10:58:02.278+0200] {dagbag.py:541} INFO - Filling up the DagBag from /home/akhilesh/py39/lib/python3.9/site-packages/airflow/example_dags/example_params_ui_tutorial.py
[2023-08-14T10:58:02.303+0200] {processor.py:836} INFO - DAG(s) dict_keys(['example_params_ui_tutorial']) retrieved from /home/akhilesh/py39/lib/python3.9/site-packages/airflow/example_dags/example_params_ui_tutorial.py
[2023-08-14T10:58:02.339+0200] {logging_mixin.py:150} INFO - [2023-08-14T10:58:02.338+0200] {dag.py:2742} INFO - Sync 1 DAGs
[2023-08-14T10:58:02.350+0200] {logging_mixin.py:150} INFO - [2023-08-14T10:58:02.350+0200] {dag.py:3504} INFO - Setting next_dagrun for example_params_ui_tutorial to None, run_after=None
[2023-08-14T10:58:02.369+0200] {processor.py:179} INFO - Processing /home/akhilesh/py39/lib/python3.9/site-packages/airflow/example_dags/example_params_ui_tutorial.py took 0.097 seconds
[2023-08-14T10:58:55.327+0200] {processor.py:157} INFO - Started process (PID=461387) to work on /home/akhilesh/py39/lib/python3.9/site-packages/airflow/example_dags/example_params_ui_tutorial.py
[2023-08-14T10:58:55.336+0200] {processor.py:826} INFO - Processing file /home/akhilesh/py39/lib/python3.9/site-packages/airflow/example_dags/example_params_ui_tutorial.py for tasks to queue
[2023-08-14T10:58:55.338+0200] {logging_mixin.py:150} INFO - [2023-08-14T10:58:55.337+0200] {dagbag.py:541} INFO - Filling up the DagBag from /home/akhilesh/py39/lib/python3.9/site-packages/airflow/example_dags/example_params_ui_tutorial.py
[2023-08-14T10:58:55.366+0200] {processor.py:836} INFO - DAG(s) dict_keys(['example_params_ui_tutorial']) retrieved from /home/akhilesh/py39/lib/python3.9/site-packages/airflow/example_dags/example_params_ui_tutorial.py
[2023-08-14T10:58:55.413+0200] {logging_mixin.py:150} INFO - [2023-08-14T10:58:55.413+0200] {dag.py:2742} INFO - Sync 1 DAGs
[2023-08-14T10:58:55.434+0200] {logging_mixin.py:150} INFO - [2023-08-14T10:58:55.433+0200] {dag.py:3504} INFO - Setting next_dagrun for example_params_ui_tutorial to None, run_after=None
[2023-08-14T10:58:55.455+0200] {processor.py:179} INFO - Processing /home/akhilesh/py39/lib/python3.9/site-packages/airflow/example_dags/example_params_ui_tutorial.py took 0.133 seconds
[2023-08-14T10:59:44.344+0200] {processor.py:157} INFO - Started process (PID=461567) to work on /home/akhilesh/py39/lib/python3.9/site-packages/airflow/example_dags/example_params_ui_tutorial.py
[2023-08-14T10:59:44.345+0200] {processor.py:826} INFO - Processing file /home/akhilesh/py39/lib/python3.9/site-packages/airflow/example_dags/example_params_ui_tutorial.py for tasks to queue
[2023-08-14T10:59:44.346+0200] {logging_mixin.py:150} INFO - [2023-08-14T10:59:44.346+0200] {dagbag.py:541} INFO - Filling up the DagBag from /home/akhilesh/py39/lib/python3.9/site-packages/airflow/example_dags/example_params_ui_tutorial.py
[2023-08-14T10:59:44.371+0200] {processor.py:836} INFO - DAG(s) dict_keys(['example_params_ui_tutorial']) retrieved from /home/akhilesh/py39/lib/python3.9/site-packages/airflow/example_dags/example_params_ui_tutorial.py
[2023-08-14T10:59:44.405+0200] {logging_mixin.py:150} INFO - [2023-08-14T10:59:44.404+0200] {dag.py:2742} INFO - Sync 1 DAGs
[2023-08-14T10:59:44.415+0200] {logging_mixin.py:150} INFO - [2023-08-14T10:59:44.415+0200] {dag.py:3504} INFO - Setting next_dagrun for example_params_ui_tutorial to None, run_after=None
[2023-08-14T10:59:44.431+0200] {processor.py:179} INFO - Processing /home/akhilesh/py39/lib/python3.9/site-packages/airflow/example_dags/example_params_ui_tutorial.py took 0.090 seconds
[2023-08-14T11:00:32.273+0200] {processor.py:157} INFO - Started process (PID=461684) to work on /home/akhilesh/py39/lib/python3.9/site-packages/airflow/example_dags/example_params_ui_tutorial.py
[2023-08-14T11:00:32.282+0200] {processor.py:826} INFO - Processing file /home/akhilesh/py39/lib/python3.9/site-packages/airflow/example_dags/example_params_ui_tutorial.py for tasks to queue
[2023-08-14T11:00:32.283+0200] {logging_mixin.py:150} INFO - [2023-08-14T11:00:32.282+0200] {dagbag.py:541} INFO - Filling up the DagBag from /home/akhilesh/py39/lib/python3.9/site-packages/airflow/example_dags/example_params_ui_tutorial.py
[2023-08-14T11:00:32.314+0200] {processor.py:836} INFO - DAG(s) dict_keys(['example_params_ui_tutorial']) retrieved from /home/akhilesh/py39/lib/python3.9/site-packages/airflow/example_dags/example_params_ui_tutorial.py
[2023-08-14T11:00:32.347+0200] {logging_mixin.py:150} INFO - [2023-08-14T11:00:32.347+0200] {dag.py:2742} INFO - Sync 1 DAGs
[2023-08-14T11:00:32.357+0200] {logging_mixin.py:150} INFO - [2023-08-14T11:00:32.357+0200] {dag.py:3504} INFO - Setting next_dagrun for example_params_ui_tutorial to None, run_after=None
[2023-08-14T11:00:32.379+0200] {processor.py:179} INFO - Processing /home/akhilesh/py39/lib/python3.9/site-packages/airflow/example_dags/example_params_ui_tutorial.py took 0.111 seconds
[2023-08-14T11:01:26.975+0200] {processor.py:157} INFO - Started process (PID=461869) to work on /home/akhilesh/py39/lib/python3.9/site-packages/airflow/example_dags/example_params_ui_tutorial.py
[2023-08-14T11:01:26.984+0200] {processor.py:826} INFO - Processing file /home/akhilesh/py39/lib/python3.9/site-packages/airflow/example_dags/example_params_ui_tutorial.py for tasks to queue
[2023-08-14T11:01:26.985+0200] {logging_mixin.py:150} INFO - [2023-08-14T11:01:26.985+0200] {dagbag.py:541} INFO - Filling up the DagBag from /home/akhilesh/py39/lib/python3.9/site-packages/airflow/example_dags/example_params_ui_tutorial.py
[2023-08-14T11:01:27.021+0200] {processor.py:836} INFO - DAG(s) dict_keys(['example_params_ui_tutorial']) retrieved from /home/akhilesh/py39/lib/python3.9/site-packages/airflow/example_dags/example_params_ui_tutorial.py
[2023-08-14T11:01:27.060+0200] {logging_mixin.py:150} INFO - [2023-08-14T11:01:27.060+0200] {dag.py:2742} INFO - Sync 1 DAGs
[2023-08-14T11:01:27.074+0200] {logging_mixin.py:150} INFO - [2023-08-14T11:01:27.073+0200] {dag.py:3504} INFO - Setting next_dagrun for example_params_ui_tutorial to None, run_after=None
[2023-08-14T11:01:27.096+0200] {processor.py:179} INFO - Processing /home/akhilesh/py39/lib/python3.9/site-packages/airflow/example_dags/example_params_ui_tutorial.py took 0.125 seconds
[2023-08-14T11:02:23.265+0200] {processor.py:157} INFO - Started process (PID=462050) to work on /home/akhilesh/py39/lib/python3.9/site-packages/airflow/example_dags/example_params_ui_tutorial.py
[2023-08-14T11:02:23.274+0200] {processor.py:826} INFO - Processing file /home/akhilesh/py39/lib/python3.9/site-packages/airflow/example_dags/example_params_ui_tutorial.py for tasks to queue
[2023-08-14T11:02:23.276+0200] {logging_mixin.py:150} INFO - [2023-08-14T11:02:23.275+0200] {dagbag.py:541} INFO - Filling up the DagBag from /home/akhilesh/py39/lib/python3.9/site-packages/airflow/example_dags/example_params_ui_tutorial.py
[2023-08-14T11:02:23.308+0200] {processor.py:836} INFO - DAG(s) dict_keys(['example_params_ui_tutorial']) retrieved from /home/akhilesh/py39/lib/python3.9/site-packages/airflow/example_dags/example_params_ui_tutorial.py
[2023-08-14T11:02:23.344+0200] {logging_mixin.py:150} INFO - [2023-08-14T11:02:23.344+0200] {dag.py:2742} INFO - Sync 1 DAGs
[2023-08-14T11:02:23.358+0200] {logging_mixin.py:150} INFO - [2023-08-14T11:02:23.357+0200] {dag.py:3504} INFO - Setting next_dagrun for example_params_ui_tutorial to None, run_after=None
[2023-08-14T11:02:23.378+0200] {processor.py:179} INFO - Processing /home/akhilesh/py39/lib/python3.9/site-packages/airflow/example_dags/example_params_ui_tutorial.py took 0.117 seconds
[2023-08-14T11:03:14.479+0200] {processor.py:157} INFO - Started process (PID=462236) to work on /home/akhilesh/py39/lib/python3.9/site-packages/airflow/example_dags/example_params_ui_tutorial.py
[2023-08-14T11:03:14.481+0200] {processor.py:826} INFO - Processing file /home/akhilesh/py39/lib/python3.9/site-packages/airflow/example_dags/example_params_ui_tutorial.py for tasks to queue
[2023-08-14T11:03:14.482+0200] {logging_mixin.py:150} INFO - [2023-08-14T11:03:14.482+0200] {dagbag.py:541} INFO - Filling up the DagBag from /home/akhilesh/py39/lib/python3.9/site-packages/airflow/example_dags/example_params_ui_tutorial.py
[2023-08-14T11:03:14.509+0200] {processor.py:836} INFO - DAG(s) dict_keys(['example_params_ui_tutorial']) retrieved from /home/akhilesh/py39/lib/python3.9/site-packages/airflow/example_dags/example_params_ui_tutorial.py
[2023-08-14T11:03:14.547+0200] {logging_mixin.py:150} INFO - [2023-08-14T11:03:14.546+0200] {dag.py:2742} INFO - Sync 1 DAGs
[2023-08-14T11:03:14.560+0200] {logging_mixin.py:150} INFO - [2023-08-14T11:03:14.559+0200] {dag.py:3504} INFO - Setting next_dagrun for example_params_ui_tutorial to None, run_after=None
[2023-08-14T11:03:14.584+0200] {processor.py:179} INFO - Processing /home/akhilesh/py39/lib/python3.9/site-packages/airflow/example_dags/example_params_ui_tutorial.py took 0.108 seconds
[2023-08-14T11:04:06.342+0200] {processor.py:157} INFO - Started process (PID=462365) to work on /home/akhilesh/py39/lib/python3.9/site-packages/airflow/example_dags/example_params_ui_tutorial.py
[2023-08-14T11:04:06.351+0200] {processor.py:826} INFO - Processing file /home/akhilesh/py39/lib/python3.9/site-packages/airflow/example_dags/example_params_ui_tutorial.py for tasks to queue
[2023-08-14T11:04:06.352+0200] {logging_mixin.py:150} INFO - [2023-08-14T11:04:06.352+0200] {dagbag.py:541} INFO - Filling up the DagBag from /home/akhilesh/py39/lib/python3.9/site-packages/airflow/example_dags/example_params_ui_tutorial.py
[2023-08-14T11:04:06.385+0200] {processor.py:836} INFO - DAG(s) dict_keys(['example_params_ui_tutorial']) retrieved from /home/akhilesh/py39/lib/python3.9/site-packages/airflow/example_dags/example_params_ui_tutorial.py
[2023-08-14T11:04:06.426+0200] {logging_mixin.py:150} INFO - [2023-08-14T11:04:06.426+0200] {dag.py:2742} INFO - Sync 1 DAGs
[2023-08-14T11:04:06.446+0200] {logging_mixin.py:150} INFO - [2023-08-14T11:04:06.446+0200] {dag.py:3504} INFO - Setting next_dagrun for example_params_ui_tutorial to None, run_after=None
[2023-08-14T11:04:06.487+0200] {processor.py:179} INFO - Processing /home/akhilesh/py39/lib/python3.9/site-packages/airflow/example_dags/example_params_ui_tutorial.py took 0.149 seconds
[2023-08-14T11:04:57.092+0200] {processor.py:157} INFO - Started process (PID=462490) to work on /home/akhilesh/py39/lib/python3.9/site-packages/airflow/example_dags/example_params_ui_tutorial.py
[2023-08-14T11:04:57.101+0200] {processor.py:826} INFO - Processing file /home/akhilesh/py39/lib/python3.9/site-packages/airflow/example_dags/example_params_ui_tutorial.py for tasks to queue
[2023-08-14T11:04:57.103+0200] {logging_mixin.py:150} INFO - [2023-08-14T11:04:57.102+0200] {dagbag.py:541} INFO - Filling up the DagBag from /home/akhilesh/py39/lib/python3.9/site-packages/airflow/example_dags/example_params_ui_tutorial.py
[2023-08-14T11:04:57.132+0200] {processor.py:836} INFO - DAG(s) dict_keys(['example_params_ui_tutorial']) retrieved from /home/akhilesh/py39/lib/python3.9/site-packages/airflow/example_dags/example_params_ui_tutorial.py
[2023-08-14T11:04:57.166+0200] {logging_mixin.py:150} INFO - [2023-08-14T11:04:57.166+0200] {dag.py:2742} INFO - Sync 1 DAGs
[2023-08-14T11:04:57.177+0200] {logging_mixin.py:150} INFO - [2023-08-14T11:04:57.177+0200] {dag.py:3504} INFO - Setting next_dagrun for example_params_ui_tutorial to None, run_after=None
[2023-08-14T11:04:57.212+0200] {processor.py:179} INFO - Processing /home/akhilesh/py39/lib/python3.9/site-packages/airflow/example_dags/example_params_ui_tutorial.py took 0.123 seconds
[2023-08-14T11:05:49.872+0200] {processor.py:157} INFO - Started process (PID=462632) to work on /home/akhilesh/py39/lib/python3.9/site-packages/airflow/example_dags/example_params_ui_tutorial.py
[2023-08-14T11:05:49.880+0200] {processor.py:826} INFO - Processing file /home/akhilesh/py39/lib/python3.9/site-packages/airflow/example_dags/example_params_ui_tutorial.py for tasks to queue
[2023-08-14T11:05:49.882+0200] {logging_mixin.py:150} INFO - [2023-08-14T11:05:49.881+0200] {dagbag.py:541} INFO - Filling up the DagBag from /home/akhilesh/py39/lib/python3.9/site-packages/airflow/example_dags/example_params_ui_tutorial.py
[2023-08-14T11:05:49.909+0200] {processor.py:836} INFO - DAG(s) dict_keys(['example_params_ui_tutorial']) retrieved from /home/akhilesh/py39/lib/python3.9/site-packages/airflow/example_dags/example_params_ui_tutorial.py
[2023-08-14T11:05:49.950+0200] {logging_mixin.py:150} INFO - [2023-08-14T11:05:49.950+0200] {dag.py:2742} INFO - Sync 1 DAGs
[2023-08-14T11:05:49.962+0200] {logging_mixin.py:150} INFO - [2023-08-14T11:05:49.962+0200] {dag.py:3504} INFO - Setting next_dagrun for example_params_ui_tutorial to None, run_after=None
[2023-08-14T11:05:49.991+0200] {processor.py:179} INFO - Processing /home/akhilesh/py39/lib/python3.9/site-packages/airflow/example_dags/example_params_ui_tutorial.py took 0.123 seconds
[2023-08-14T11:06:37.640+0200] {processor.py:157} INFO - Started process (PID=462814) to work on /home/akhilesh/py39/lib/python3.9/site-packages/airflow/example_dags/example_params_ui_tutorial.py
[2023-08-14T11:06:37.649+0200] {processor.py:826} INFO - Processing file /home/akhilesh/py39/lib/python3.9/site-packages/airflow/example_dags/example_params_ui_tutorial.py for tasks to queue
[2023-08-14T11:06:37.650+0200] {logging_mixin.py:150} INFO - [2023-08-14T11:06:37.649+0200] {dagbag.py:541} INFO - Filling up the DagBag from /home/akhilesh/py39/lib/python3.9/site-packages/airflow/example_dags/example_params_ui_tutorial.py
[2023-08-14T11:06:37.675+0200] {processor.py:836} INFO - DAG(s) dict_keys(['example_params_ui_tutorial']) retrieved from /home/akhilesh/py39/lib/python3.9/site-packages/airflow/example_dags/example_params_ui_tutorial.py
[2023-08-14T11:06:37.715+0200] {logging_mixin.py:150} INFO - [2023-08-14T11:06:37.715+0200] {dag.py:2742} INFO - Sync 1 DAGs
[2023-08-14T11:06:37.730+0200] {logging_mixin.py:150} INFO - [2023-08-14T11:06:37.730+0200] {dag.py:3504} INFO - Setting next_dagrun for example_params_ui_tutorial to None, run_after=None
[2023-08-14T11:06:37.755+0200] {processor.py:179} INFO - Processing /home/akhilesh/py39/lib/python3.9/site-packages/airflow/example_dags/example_params_ui_tutorial.py took 0.119 seconds
[2023-08-14T11:07:30.833+0200] {processor.py:157} INFO - Started process (PID=463020) to work on /home/akhilesh/py39/lib/python3.9/site-packages/airflow/example_dags/example_params_ui_tutorial.py
[2023-08-14T11:07:30.843+0200] {processor.py:826} INFO - Processing file /home/akhilesh/py39/lib/python3.9/site-packages/airflow/example_dags/example_params_ui_tutorial.py for tasks to queue
[2023-08-14T11:07:30.844+0200] {logging_mixin.py:150} INFO - [2023-08-14T11:07:30.843+0200] {dagbag.py:541} INFO - Filling up the DagBag from /home/akhilesh/py39/lib/python3.9/site-packages/airflow/example_dags/example_params_ui_tutorial.py
[2023-08-14T11:07:30.870+0200] {processor.py:836} INFO - DAG(s) dict_keys(['example_params_ui_tutorial']) retrieved from /home/akhilesh/py39/lib/python3.9/site-packages/airflow/example_dags/example_params_ui_tutorial.py
[2023-08-14T11:07:30.904+0200] {logging_mixin.py:150} INFO - [2023-08-14T11:07:30.903+0200] {dag.py:2742} INFO - Sync 1 DAGs
[2023-08-14T11:07:30.914+0200] {logging_mixin.py:150} INFO - [2023-08-14T11:07:30.914+0200] {dag.py:3504} INFO - Setting next_dagrun for example_params_ui_tutorial to None, run_after=None
[2023-08-14T11:07:30.941+0200] {processor.py:179} INFO - Processing /home/akhilesh/py39/lib/python3.9/site-packages/airflow/example_dags/example_params_ui_tutorial.py took 0.112 seconds
[2023-08-14T11:08:20.944+0200] {processor.py:157} INFO - Started process (PID=463166) to work on /home/akhilesh/py39/lib/python3.9/site-packages/airflow/example_dags/example_params_ui_tutorial.py
[2023-08-14T11:08:20.953+0200] {processor.py:826} INFO - Processing file /home/akhilesh/py39/lib/python3.9/site-packages/airflow/example_dags/example_params_ui_tutorial.py for tasks to queue
[2023-08-14T11:08:20.954+0200] {logging_mixin.py:150} INFO - [2023-08-14T11:08:20.953+0200] {dagbag.py:541} INFO - Filling up the DagBag from /home/akhilesh/py39/lib/python3.9/site-packages/airflow/example_dags/example_params_ui_tutorial.py
[2023-08-14T11:08:20.987+0200] {processor.py:836} INFO - DAG(s) dict_keys(['example_params_ui_tutorial']) retrieved from /home/akhilesh/py39/lib/python3.9/site-packages/airflow/example_dags/example_params_ui_tutorial.py
[2023-08-14T11:08:21.029+0200] {logging_mixin.py:150} INFO - [2023-08-14T11:08:21.029+0200] {dag.py:2742} INFO - Sync 1 DAGs
[2023-08-14T11:08:21.042+0200] {logging_mixin.py:150} INFO - [2023-08-14T11:08:21.042+0200] {dag.py:3504} INFO - Setting next_dagrun for example_params_ui_tutorial to None, run_after=None
[2023-08-14T11:08:21.062+0200] {processor.py:179} INFO - Processing /home/akhilesh/py39/lib/python3.9/site-packages/airflow/example_dags/example_params_ui_tutorial.py took 0.122 seconds
[2023-08-14T11:11:06.239+0200] {processor.py:157} INFO - Started process (PID=463709) to work on /home/akhilesh/py39/lib/python3.9/site-packages/airflow/example_dags/example_params_ui_tutorial.py
[2023-08-14T11:11:06.248+0200] {processor.py:826} INFO - Processing file /home/akhilesh/py39/lib/python3.9/site-packages/airflow/example_dags/example_params_ui_tutorial.py for tasks to queue
[2023-08-14T11:11:06.250+0200] {logging_mixin.py:150} INFO - [2023-08-14T11:11:06.249+0200] {dagbag.py:541} INFO - Filling up the DagBag from /home/akhilesh/py39/lib/python3.9/site-packages/airflow/example_dags/example_params_ui_tutorial.py
[2023-08-14T11:11:06.282+0200] {processor.py:836} INFO - DAG(s) dict_keys(['example_params_ui_tutorial']) retrieved from /home/akhilesh/py39/lib/python3.9/site-packages/airflow/example_dags/example_params_ui_tutorial.py
[2023-08-14T11:11:06.318+0200] {logging_mixin.py:150} INFO - [2023-08-14T11:11:06.318+0200] {dag.py:2742} INFO - Sync 1 DAGs
[2023-08-14T11:11:06.333+0200] {logging_mixin.py:150} INFO - [2023-08-14T11:11:06.333+0200] {dag.py:3504} INFO - Setting next_dagrun for example_params_ui_tutorial to None, run_after=None
[2023-08-14T11:11:06.357+0200] {processor.py:179} INFO - Processing /home/akhilesh/py39/lib/python3.9/site-packages/airflow/example_dags/example_params_ui_tutorial.py took 0.122 seconds
[2023-08-14T11:12:09.655+0200] {processor.py:157} INFO - Started process (PID=464048) to work on /home/akhilesh/py39/lib/python3.9/site-packages/airflow/example_dags/example_params_ui_tutorial.py
[2023-08-14T11:12:09.664+0200] {processor.py:826} INFO - Processing file /home/akhilesh/py39/lib/python3.9/site-packages/airflow/example_dags/example_params_ui_tutorial.py for tasks to queue
[2023-08-14T11:12:09.665+0200] {logging_mixin.py:150} INFO - [2023-08-14T11:12:09.665+0200] {dagbag.py:541} INFO - Filling up the DagBag from /home/akhilesh/py39/lib/python3.9/site-packages/airflow/example_dags/example_params_ui_tutorial.py
[2023-08-14T11:12:09.691+0200] {processor.py:836} INFO - DAG(s) dict_keys(['example_params_ui_tutorial']) retrieved from /home/akhilesh/py39/lib/python3.9/site-packages/airflow/example_dags/example_params_ui_tutorial.py
[2023-08-14T11:12:09.723+0200] {logging_mixin.py:150} INFO - [2023-08-14T11:12:09.723+0200] {dag.py:2742} INFO - Sync 1 DAGs
[2023-08-14T11:12:09.736+0200] {logging_mixin.py:150} INFO - [2023-08-14T11:12:09.735+0200] {dag.py:3504} INFO - Setting next_dagrun for example_params_ui_tutorial to None, run_after=None
[2023-08-14T11:12:09.759+0200] {processor.py:179} INFO - Processing /home/akhilesh/py39/lib/python3.9/site-packages/airflow/example_dags/example_params_ui_tutorial.py took 0.107 seconds
[2023-08-14T11:12:57.272+0200] {processor.py:157} INFO - Started process (PID=464239) to work on /home/akhilesh/py39/lib/python3.9/site-packages/airflow/example_dags/example_params_ui_tutorial.py
[2023-08-14T11:12:57.281+0200] {processor.py:826} INFO - Processing file /home/akhilesh/py39/lib/python3.9/site-packages/airflow/example_dags/example_params_ui_tutorial.py for tasks to queue
[2023-08-14T11:12:57.282+0200] {logging_mixin.py:150} INFO - [2023-08-14T11:12:57.282+0200] {dagbag.py:541} INFO - Filling up the DagBag from /home/akhilesh/py39/lib/python3.9/site-packages/airflow/example_dags/example_params_ui_tutorial.py
[2023-08-14T11:12:57.306+0200] {processor.py:836} INFO - DAG(s) dict_keys(['example_params_ui_tutorial']) retrieved from /home/akhilesh/py39/lib/python3.9/site-packages/airflow/example_dags/example_params_ui_tutorial.py
[2023-08-14T11:12:57.342+0200] {logging_mixin.py:150} INFO - [2023-08-14T11:12:57.342+0200] {dag.py:2742} INFO - Sync 1 DAGs
[2023-08-14T11:12:57.358+0200] {logging_mixin.py:150} INFO - [2023-08-14T11:12:57.357+0200] {dag.py:3504} INFO - Setting next_dagrun for example_params_ui_tutorial to None, run_after=None
[2023-08-14T11:12:57.391+0200] {processor.py:179} INFO - Processing /home/akhilesh/py39/lib/python3.9/site-packages/airflow/example_dags/example_params_ui_tutorial.py took 0.121 seconds
[2023-08-14T11:15:34.837+0200] {processor.py:157} INFO - Started process (PID=464887) to work on /home/akhilesh/py39/lib/python3.9/site-packages/airflow/example_dags/example_params_ui_tutorial.py
[2023-08-14T11:15:34.846+0200] {processor.py:826} INFO - Processing file /home/akhilesh/py39/lib/python3.9/site-packages/airflow/example_dags/example_params_ui_tutorial.py for tasks to queue
[2023-08-14T11:15:34.847+0200] {logging_mixin.py:150} INFO - [2023-08-14T11:15:34.847+0200] {dagbag.py:541} INFO - Filling up the DagBag from /home/akhilesh/py39/lib/python3.9/site-packages/airflow/example_dags/example_params_ui_tutorial.py
[2023-08-14T11:15:34.875+0200] {processor.py:836} INFO - DAG(s) dict_keys(['example_params_ui_tutorial']) retrieved from /home/akhilesh/py39/lib/python3.9/site-packages/airflow/example_dags/example_params_ui_tutorial.py
[2023-08-14T11:15:34.911+0200] {logging_mixin.py:150} INFO - [2023-08-14T11:15:34.911+0200] {dag.py:2742} INFO - Sync 1 DAGs
[2023-08-14T11:15:34.925+0200] {logging_mixin.py:150} INFO - [2023-08-14T11:15:34.925+0200] {dag.py:3504} INFO - Setting next_dagrun for example_params_ui_tutorial to None, run_after=None
[2023-08-14T11:15:34.951+0200] {processor.py:179} INFO - Processing /home/akhilesh/py39/lib/python3.9/site-packages/airflow/example_dags/example_params_ui_tutorial.py took 0.119 seconds
[2023-08-14T11:16:29.423+0200] {processor.py:157} INFO - Started process (PID=465052) to work on /home/akhilesh/py39/lib/python3.9/site-packages/airflow/example_dags/example_params_ui_tutorial.py
[2023-08-14T11:16:29.432+0200] {processor.py:826} INFO - Processing file /home/akhilesh/py39/lib/python3.9/site-packages/airflow/example_dags/example_params_ui_tutorial.py for tasks to queue
[2023-08-14T11:16:29.434+0200] {logging_mixin.py:150} INFO - [2023-08-14T11:16:29.433+0200] {dagbag.py:541} INFO - Filling up the DagBag from /home/akhilesh/py39/lib/python3.9/site-packages/airflow/example_dags/example_params_ui_tutorial.py
[2023-08-14T11:16:29.465+0200] {processor.py:836} INFO - DAG(s) dict_keys(['example_params_ui_tutorial']) retrieved from /home/akhilesh/py39/lib/python3.9/site-packages/airflow/example_dags/example_params_ui_tutorial.py
[2023-08-14T11:16:29.502+0200] {logging_mixin.py:150} INFO - [2023-08-14T11:16:29.502+0200] {dag.py:2742} INFO - Sync 1 DAGs
[2023-08-14T11:16:29.514+0200] {logging_mixin.py:150} INFO - [2023-08-14T11:16:29.514+0200] {dag.py:3504} INFO - Setting next_dagrun for example_params_ui_tutorial to None, run_after=None
[2023-08-14T11:16:29.538+0200] {processor.py:179} INFO - Processing /home/akhilesh/py39/lib/python3.9/site-packages/airflow/example_dags/example_params_ui_tutorial.py took 0.120 seconds
[2023-08-14T11:17:24.195+0200] {processor.py:157} INFO - Started process (PID=465233) to work on /home/akhilesh/py39/lib/python3.9/site-packages/airflow/example_dags/example_params_ui_tutorial.py
[2023-08-14T11:17:24.204+0200] {processor.py:826} INFO - Processing file /home/akhilesh/py39/lib/python3.9/site-packages/airflow/example_dags/example_params_ui_tutorial.py for tasks to queue
[2023-08-14T11:17:24.205+0200] {logging_mixin.py:150} INFO - [2023-08-14T11:17:24.204+0200] {dagbag.py:541} INFO - Filling up the DagBag from /home/akhilesh/py39/lib/python3.9/site-packages/airflow/example_dags/example_params_ui_tutorial.py
[2023-08-14T11:17:24.238+0200] {processor.py:836} INFO - DAG(s) dict_keys(['example_params_ui_tutorial']) retrieved from /home/akhilesh/py39/lib/python3.9/site-packages/airflow/example_dags/example_params_ui_tutorial.py
[2023-08-14T11:17:24.278+0200] {logging_mixin.py:150} INFO - [2023-08-14T11:17:24.278+0200] {dag.py:2742} INFO - Sync 1 DAGs
[2023-08-14T11:17:24.293+0200] {logging_mixin.py:150} INFO - [2023-08-14T11:17:24.292+0200] {dag.py:3504} INFO - Setting next_dagrun for example_params_ui_tutorial to None, run_after=None
[2023-08-14T11:17:24.324+0200] {processor.py:179} INFO - Processing /home/akhilesh/py39/lib/python3.9/site-packages/airflow/example_dags/example_params_ui_tutorial.py took 0.133 seconds
[2023-08-14T11:18:17.155+0200] {processor.py:157} INFO - Started process (PID=465360) to work on /home/akhilesh/py39/lib/python3.9/site-packages/airflow/example_dags/example_params_ui_tutorial.py
[2023-08-14T11:18:17.164+0200] {processor.py:826} INFO - Processing file /home/akhilesh/py39/lib/python3.9/site-packages/airflow/example_dags/example_params_ui_tutorial.py for tasks to queue
[2023-08-14T11:18:17.166+0200] {logging_mixin.py:150} INFO - [2023-08-14T11:18:17.165+0200] {dagbag.py:541} INFO - Filling up the DagBag from /home/akhilesh/py39/lib/python3.9/site-packages/airflow/example_dags/example_params_ui_tutorial.py
[2023-08-14T11:18:17.199+0200] {processor.py:836} INFO - DAG(s) dict_keys(['example_params_ui_tutorial']) retrieved from /home/akhilesh/py39/lib/python3.9/site-packages/airflow/example_dags/example_params_ui_tutorial.py
[2023-08-14T11:18:17.238+0200] {logging_mixin.py:150} INFO - [2023-08-14T11:18:17.238+0200] {dag.py:2742} INFO - Sync 1 DAGs
[2023-08-14T11:18:17.253+0200] {logging_mixin.py:150} INFO - [2023-08-14T11:18:17.253+0200] {dag.py:3504} INFO - Setting next_dagrun for example_params_ui_tutorial to None, run_after=None
[2023-08-14T11:18:17.284+0200] {processor.py:179} INFO - Processing /home/akhilesh/py39/lib/python3.9/site-packages/airflow/example_dags/example_params_ui_tutorial.py took 0.133 seconds
[2023-08-14T11:19:07.224+0200] {processor.py:157} INFO - Started process (PID=465656) to work on /home/akhilesh/py39/lib/python3.9/site-packages/airflow/example_dags/example_params_ui_tutorial.py
[2023-08-14T11:19:07.234+0200] {processor.py:826} INFO - Processing file /home/akhilesh/py39/lib/python3.9/site-packages/airflow/example_dags/example_params_ui_tutorial.py for tasks to queue
[2023-08-14T11:19:07.235+0200] {logging_mixin.py:150} INFO - [2023-08-14T11:19:07.235+0200] {dagbag.py:541} INFO - Filling up the DagBag from /home/akhilesh/py39/lib/python3.9/site-packages/airflow/example_dags/example_params_ui_tutorial.py
[2023-08-14T11:19:07.261+0200] {processor.py:836} INFO - DAG(s) dict_keys(['example_params_ui_tutorial']) retrieved from /home/akhilesh/py39/lib/python3.9/site-packages/airflow/example_dags/example_params_ui_tutorial.py
[2023-08-14T11:19:07.299+0200] {logging_mixin.py:150} INFO - [2023-08-14T11:19:07.299+0200] {dag.py:2742} INFO - Sync 1 DAGs
[2023-08-14T11:19:07.312+0200] {logging_mixin.py:150} INFO - [2023-08-14T11:19:07.312+0200] {dag.py:3504} INFO - Setting next_dagrun for example_params_ui_tutorial to None, run_after=None
[2023-08-14T11:19:07.341+0200] {processor.py:179} INFO - Processing /home/akhilesh/py39/lib/python3.9/site-packages/airflow/example_dags/example_params_ui_tutorial.py took 0.121 seconds
[2023-08-14T11:20:53.495+0200] {processor.py:157} INFO - Started process (PID=466011) to work on /home/akhilesh/py39/lib/python3.9/site-packages/airflow/example_dags/example_params_ui_tutorial.py
[2023-08-14T11:20:53.504+0200] {processor.py:826} INFO - Processing file /home/akhilesh/py39/lib/python3.9/site-packages/airflow/example_dags/example_params_ui_tutorial.py for tasks to queue
[2023-08-14T11:20:53.505+0200] {logging_mixin.py:150} INFO - [2023-08-14T11:20:53.505+0200] {dagbag.py:541} INFO - Filling up the DagBag from /home/akhilesh/py39/lib/python3.9/site-packages/airflow/example_dags/example_params_ui_tutorial.py
[2023-08-14T11:20:53.531+0200] {processor.py:836} INFO - DAG(s) dict_keys(['example_params_ui_tutorial']) retrieved from /home/akhilesh/py39/lib/python3.9/site-packages/airflow/example_dags/example_params_ui_tutorial.py
[2023-08-14T11:20:53.567+0200] {logging_mixin.py:150} INFO - [2023-08-14T11:20:53.567+0200] {dag.py:2742} INFO - Sync 1 DAGs
[2023-08-14T11:20:53.580+0200] {logging_mixin.py:150} INFO - [2023-08-14T11:20:53.580+0200] {dag.py:3504} INFO - Setting next_dagrun for example_params_ui_tutorial to None, run_after=None
[2023-08-14T11:20:53.613+0200] {processor.py:179} INFO - Processing /home/akhilesh/py39/lib/python3.9/site-packages/airflow/example_dags/example_params_ui_tutorial.py took 0.122 seconds
[2023-08-14T11:21:38.215+0200] {processor.py:157} INFO - Started process (PID=466141) to work on /home/akhilesh/py39/lib/python3.9/site-packages/airflow/example_dags/example_params_ui_tutorial.py
[2023-08-14T11:21:38.224+0200] {processor.py:826} INFO - Processing file /home/akhilesh/py39/lib/python3.9/site-packages/airflow/example_dags/example_params_ui_tutorial.py for tasks to queue
[2023-08-14T11:21:38.225+0200] {logging_mixin.py:150} INFO - [2023-08-14T11:21:38.225+0200] {dagbag.py:541} INFO - Filling up the DagBag from /home/akhilesh/py39/lib/python3.9/site-packages/airflow/example_dags/example_params_ui_tutorial.py
[2023-08-14T11:21:38.256+0200] {processor.py:836} INFO - DAG(s) dict_keys(['example_params_ui_tutorial']) retrieved from /home/akhilesh/py39/lib/python3.9/site-packages/airflow/example_dags/example_params_ui_tutorial.py
[2023-08-14T11:21:38.292+0200] {logging_mixin.py:150} INFO - [2023-08-14T11:21:38.292+0200] {dag.py:2742} INFO - Sync 1 DAGs
[2023-08-14T11:21:38.305+0200] {logging_mixin.py:150} INFO - [2023-08-14T11:21:38.304+0200] {dag.py:3504} INFO - Setting next_dagrun for example_params_ui_tutorial to None, run_after=None
[2023-08-14T11:21:38.335+0200] {processor.py:179} INFO - Processing /home/akhilesh/py39/lib/python3.9/site-packages/airflow/example_dags/example_params_ui_tutorial.py took 0.124 seconds
[2023-08-14T11:22:33.190+0200] {processor.py:157} INFO - Started process (PID=466303) to work on /home/akhilesh/py39/lib/python3.9/site-packages/airflow/example_dags/example_params_ui_tutorial.py
[2023-08-14T11:22:33.199+0200] {processor.py:826} INFO - Processing file /home/akhilesh/py39/lib/python3.9/site-packages/airflow/example_dags/example_params_ui_tutorial.py for tasks to queue
[2023-08-14T11:22:33.200+0200] {logging_mixin.py:150} INFO - [2023-08-14T11:22:33.200+0200] {dagbag.py:541} INFO - Filling up the DagBag from /home/akhilesh/py39/lib/python3.9/site-packages/airflow/example_dags/example_params_ui_tutorial.py
[2023-08-14T11:22:33.228+0200] {processor.py:836} INFO - DAG(s) dict_keys(['example_params_ui_tutorial']) retrieved from /home/akhilesh/py39/lib/python3.9/site-packages/airflow/example_dags/example_params_ui_tutorial.py
[2023-08-14T11:22:33.264+0200] {logging_mixin.py:150} INFO - [2023-08-14T11:22:33.264+0200] {dag.py:2742} INFO - Sync 1 DAGs
[2023-08-14T11:22:33.276+0200] {logging_mixin.py:150} INFO - [2023-08-14T11:22:33.276+0200] {dag.py:3504} INFO - Setting next_dagrun for example_params_ui_tutorial to None, run_after=None
[2023-08-14T11:22:33.304+0200] {processor.py:179} INFO - Processing /home/akhilesh/py39/lib/python3.9/site-packages/airflow/example_dags/example_params_ui_tutorial.py took 0.118 seconds
[2023-08-14T11:23:25.510+0200] {processor.py:157} INFO - Started process (PID=466887) to work on /home/akhilesh/py39/lib/python3.9/site-packages/airflow/example_dags/example_params_ui_tutorial.py
[2023-08-14T11:23:25.511+0200] {processor.py:826} INFO - Processing file /home/akhilesh/py39/lib/python3.9/site-packages/airflow/example_dags/example_params_ui_tutorial.py for tasks to queue
[2023-08-14T11:23:25.512+0200] {logging_mixin.py:150} INFO - [2023-08-14T11:23:25.512+0200] {dagbag.py:541} INFO - Filling up the DagBag from /home/akhilesh/py39/lib/python3.9/site-packages/airflow/example_dags/example_params_ui_tutorial.py
[2023-08-14T11:23:25.544+0200] {processor.py:836} INFO - DAG(s) dict_keys(['example_params_ui_tutorial']) retrieved from /home/akhilesh/py39/lib/python3.9/site-packages/airflow/example_dags/example_params_ui_tutorial.py
[2023-08-14T11:23:25.580+0200] {logging_mixin.py:150} INFO - [2023-08-14T11:23:25.580+0200] {dag.py:2742} INFO - Sync 1 DAGs
[2023-08-14T11:23:25.592+0200] {logging_mixin.py:150} INFO - [2023-08-14T11:23:25.592+0200] {dag.py:3504} INFO - Setting next_dagrun for example_params_ui_tutorial to None, run_after=None
[2023-08-14T11:23:25.622+0200] {processor.py:179} INFO - Processing /home/akhilesh/py39/lib/python3.9/site-packages/airflow/example_dags/example_params_ui_tutorial.py took 0.117 seconds
[2023-08-14T11:24:15.322+0200] {processor.py:157} INFO - Started process (PID=467175) to work on /home/akhilesh/py39/lib/python3.9/site-packages/airflow/example_dags/example_params_ui_tutorial.py
[2023-08-14T11:24:15.323+0200] {processor.py:826} INFO - Processing file /home/akhilesh/py39/lib/python3.9/site-packages/airflow/example_dags/example_params_ui_tutorial.py for tasks to queue
[2023-08-14T11:24:15.324+0200] {logging_mixin.py:150} INFO - [2023-08-14T11:24:15.324+0200] {dagbag.py:541} INFO - Filling up the DagBag from /home/akhilesh/py39/lib/python3.9/site-packages/airflow/example_dags/example_params_ui_tutorial.py
[2023-08-14T11:24:15.347+0200] {processor.py:836} INFO - DAG(s) dict_keys(['example_params_ui_tutorial']) retrieved from /home/akhilesh/py39/lib/python3.9/site-packages/airflow/example_dags/example_params_ui_tutorial.py
[2023-08-14T11:24:15.387+0200] {logging_mixin.py:150} INFO - [2023-08-14T11:24:15.387+0200] {dag.py:2742} INFO - Sync 1 DAGs
[2023-08-14T11:24:15.402+0200] {logging_mixin.py:150} INFO - [2023-08-14T11:24:15.402+0200] {dag.py:3504} INFO - Setting next_dagrun for example_params_ui_tutorial to None, run_after=None
[2023-08-14T11:24:15.438+0200] {processor.py:179} INFO - Processing /home/akhilesh/py39/lib/python3.9/site-packages/airflow/example_dags/example_params_ui_tutorial.py took 0.121 seconds
[2023-08-14T11:25:04.219+0200] {processor.py:157} INFO - Started process (PID=467442) to work on /home/akhilesh/py39/lib/python3.9/site-packages/airflow/example_dags/example_params_ui_tutorial.py
[2023-08-14T11:25:04.228+0200] {processor.py:826} INFO - Processing file /home/akhilesh/py39/lib/python3.9/site-packages/airflow/example_dags/example_params_ui_tutorial.py for tasks to queue
[2023-08-14T11:25:04.229+0200] {logging_mixin.py:150} INFO - [2023-08-14T11:25:04.229+0200] {dagbag.py:541} INFO - Filling up the DagBag from /home/akhilesh/py39/lib/python3.9/site-packages/airflow/example_dags/example_params_ui_tutorial.py
[2023-08-14T11:25:04.257+0200] {processor.py:836} INFO - DAG(s) dict_keys(['example_params_ui_tutorial']) retrieved from /home/akhilesh/py39/lib/python3.9/site-packages/airflow/example_dags/example_params_ui_tutorial.py
[2023-08-14T11:25:04.294+0200] {logging_mixin.py:150} INFO - [2023-08-14T11:25:04.294+0200] {dag.py:2742} INFO - Sync 1 DAGs
[2023-08-14T11:25:04.308+0200] {logging_mixin.py:150} INFO - [2023-08-14T11:25:04.308+0200] {dag.py:3504} INFO - Setting next_dagrun for example_params_ui_tutorial to None, run_after=None
[2023-08-14T11:25:04.333+0200] {processor.py:179} INFO - Processing /home/akhilesh/py39/lib/python3.9/site-packages/airflow/example_dags/example_params_ui_tutorial.py took 0.118 seconds
