[2023-08-14T10:22:37.437+0200] {processor.py:157} INFO - Started process (PID=453440) to work on /home/akhilesh/py39/lib/python3.9/site-packages/airflow/example_dags/example_setup_teardown_taskflow.py
[2023-08-14T10:22:37.440+0200] {processor.py:826} INFO - Processing file /home/akhilesh/py39/lib/python3.9/site-packages/airflow/example_dags/example_setup_teardown_taskflow.py for tasks to queue
[2023-08-14T10:22:37.440+0200] {logging_mixin.py:150} INFO - [2023-08-14T10:22:37.440+0200] {dagbag.py:541} INFO - Filling up the DagBag from /home/akhilesh/py39/lib/python3.9/site-packages/airflow/example_dags/example_setup_teardown_taskflow.py
[2023-08-14T10:22:37.443+0200] {processor.py:838} WARNING - No viable dags retrieved from /home/akhilesh/py39/lib/python3.9/site-packages/airflow/example_dags/example_setup_teardown_taskflow.py
[2023-08-14T10:22:37.452+0200] {processor.py:179} INFO - Processing /home/akhilesh/py39/lib/python3.9/site-packages/airflow/example_dags/example_setup_teardown_taskflow.py took 0.020 seconds
[2023-08-14T10:23:34.340+0200] {processor.py:157} INFO - Started process (PID=453719) to work on /home/akhilesh/py39/lib/python3.9/site-packages/airflow/example_dags/example_setup_teardown_taskflow.py
[2023-08-14T10:23:34.341+0200] {processor.py:826} INFO - Processing file /home/akhilesh/py39/lib/python3.9/site-packages/airflow/example_dags/example_setup_teardown_taskflow.py for tasks to queue
[2023-08-14T10:23:34.342+0200] {logging_mixin.py:150} INFO - [2023-08-14T10:23:34.342+0200] {dagbag.py:541} INFO - Filling up the DagBag from /home/akhilesh/py39/lib/python3.9/site-packages/airflow/example_dags/example_setup_teardown_taskflow.py
[2023-08-14T10:23:34.345+0200] {processor.py:838} WARNING - No viable dags retrieved from /home/akhilesh/py39/lib/python3.9/site-packages/airflow/example_dags/example_setup_teardown_taskflow.py
[2023-08-14T10:23:34.355+0200] {processor.py:179} INFO - Processing /home/akhilesh/py39/lib/python3.9/site-packages/airflow/example_dags/example_setup_teardown_taskflow.py took 0.018 seconds
[2023-08-14T10:24:35.342+0200] {processor.py:157} INFO - Started process (PID=453966) to work on /home/akhilesh/py39/lib/python3.9/site-packages/airflow/example_dags/example_setup_teardown_taskflow.py
[2023-08-14T10:24:35.351+0200] {processor.py:826} INFO - Processing file /home/akhilesh/py39/lib/python3.9/site-packages/airflow/example_dags/example_setup_teardown_taskflow.py for tasks to queue
[2023-08-14T10:24:35.352+0200] {logging_mixin.py:150} INFO - [2023-08-14T10:24:35.352+0200] {dagbag.py:541} INFO - Filling up the DagBag from /home/akhilesh/py39/lib/python3.9/site-packages/airflow/example_dags/example_setup_teardown_taskflow.py
[2023-08-14T10:24:35.355+0200] {processor.py:838} WARNING - No viable dags retrieved from /home/akhilesh/py39/lib/python3.9/site-packages/airflow/example_dags/example_setup_teardown_taskflow.py
[2023-08-14T10:24:35.369+0200] {processor.py:179} INFO - Processing /home/akhilesh/py39/lib/python3.9/site-packages/airflow/example_dags/example_setup_teardown_taskflow.py took 0.030 seconds
[2023-08-14T10:25:47.596+0200] {processor.py:157} INFO - Started process (PID=454174) to work on /home/akhilesh/py39/lib/python3.9/site-packages/airflow/example_dags/example_setup_teardown_taskflow.py
[2023-08-14T10:25:47.597+0200] {processor.py:826} INFO - Processing file /home/akhilesh/py39/lib/python3.9/site-packages/airflow/example_dags/example_setup_teardown_taskflow.py for tasks to queue
[2023-08-14T10:25:47.599+0200] {logging_mixin.py:150} INFO - [2023-08-14T10:25:47.598+0200] {dagbag.py:541} INFO - Filling up the DagBag from /home/akhilesh/py39/lib/python3.9/site-packages/airflow/example_dags/example_setup_teardown_taskflow.py
[2023-08-14T10:25:47.601+0200] {processor.py:838} WARNING - No viable dags retrieved from /home/akhilesh/py39/lib/python3.9/site-packages/airflow/example_dags/example_setup_teardown_taskflow.py
[2023-08-14T10:25:47.612+0200] {processor.py:179} INFO - Processing /home/akhilesh/py39/lib/python3.9/site-packages/airflow/example_dags/example_setup_teardown_taskflow.py took 0.019 seconds
[2023-08-14T10:26:47.779+0200] {processor.py:157} INFO - Started process (PID=454501) to work on /home/akhilesh/py39/lib/python3.9/site-packages/airflow/example_dags/example_setup_teardown_taskflow.py
[2023-08-14T10:26:47.788+0200] {processor.py:826} INFO - Processing file /home/akhilesh/py39/lib/python3.9/site-packages/airflow/example_dags/example_setup_teardown_taskflow.py for tasks to queue
[2023-08-14T10:26:47.789+0200] {logging_mixin.py:150} INFO - [2023-08-14T10:26:47.789+0200] {dagbag.py:541} INFO - Filling up the DagBag from /home/akhilesh/py39/lib/python3.9/site-packages/airflow/example_dags/example_setup_teardown_taskflow.py
[2023-08-14T10:26:47.792+0200] {processor.py:838} WARNING - No viable dags retrieved from /home/akhilesh/py39/lib/python3.9/site-packages/airflow/example_dags/example_setup_teardown_taskflow.py
[2023-08-14T10:26:47.804+0200] {processor.py:179} INFO - Processing /home/akhilesh/py39/lib/python3.9/site-packages/airflow/example_dags/example_setup_teardown_taskflow.py took 0.029 seconds
[2023-08-14T10:27:45.722+0200] {processor.py:157} INFO - Started process (PID=454844) to work on /home/akhilesh/py39/lib/python3.9/site-packages/airflow/example_dags/example_setup_teardown_taskflow.py
[2023-08-14T10:27:45.731+0200] {processor.py:826} INFO - Processing file /home/akhilesh/py39/lib/python3.9/site-packages/airflow/example_dags/example_setup_teardown_taskflow.py for tasks to queue
[2023-08-14T10:27:45.733+0200] {logging_mixin.py:150} INFO - [2023-08-14T10:27:45.732+0200] {dagbag.py:541} INFO - Filling up the DagBag from /home/akhilesh/py39/lib/python3.9/site-packages/airflow/example_dags/example_setup_teardown_taskflow.py
[2023-08-14T10:27:45.736+0200] {processor.py:838} WARNING - No viable dags retrieved from /home/akhilesh/py39/lib/python3.9/site-packages/airflow/example_dags/example_setup_teardown_taskflow.py
[2023-08-14T10:27:45.747+0200] {processor.py:179} INFO - Processing /home/akhilesh/py39/lib/python3.9/site-packages/airflow/example_dags/example_setup_teardown_taskflow.py took 0.030 seconds
[2023-08-14T10:28:46.291+0200] {processor.py:157} INFO - Started process (PID=455025) to work on /home/akhilesh/py39/lib/python3.9/site-packages/airflow/example_dags/example_setup_teardown_taskflow.py
[2023-08-14T10:28:46.300+0200] {processor.py:826} INFO - Processing file /home/akhilesh/py39/lib/python3.9/site-packages/airflow/example_dags/example_setup_teardown_taskflow.py for tasks to queue
[2023-08-14T10:28:46.301+0200] {logging_mixin.py:150} INFO - [2023-08-14T10:28:46.301+0200] {dagbag.py:541} INFO - Filling up the DagBag from /home/akhilesh/py39/lib/python3.9/site-packages/airflow/example_dags/example_setup_teardown_taskflow.py
[2023-08-14T10:28:46.304+0200] {processor.py:838} WARNING - No viable dags retrieved from /home/akhilesh/py39/lib/python3.9/site-packages/airflow/example_dags/example_setup_teardown_taskflow.py
[2023-08-14T10:28:46.314+0200] {processor.py:179} INFO - Processing /home/akhilesh/py39/lib/python3.9/site-packages/airflow/example_dags/example_setup_teardown_taskflow.py took 0.026 seconds
[2023-08-14T10:29:57.769+0200] {processor.py:157} INFO - Started process (PID=455254) to work on /home/akhilesh/py39/lib/python3.9/site-packages/airflow/example_dags/example_setup_teardown_taskflow.py
[2023-08-14T10:29:57.779+0200] {processor.py:826} INFO - Processing file /home/akhilesh/py39/lib/python3.9/site-packages/airflow/example_dags/example_setup_teardown_taskflow.py for tasks to queue
[2023-08-14T10:29:57.780+0200] {logging_mixin.py:150} INFO - [2023-08-14T10:29:57.780+0200] {dagbag.py:541} INFO - Filling up the DagBag from /home/akhilesh/py39/lib/python3.9/site-packages/airflow/example_dags/example_setup_teardown_taskflow.py
[2023-08-14T10:29:57.784+0200] {processor.py:838} WARNING - No viable dags retrieved from /home/akhilesh/py39/lib/python3.9/site-packages/airflow/example_dags/example_setup_teardown_taskflow.py
[2023-08-14T10:29:57.796+0200] {processor.py:179} INFO - Processing /home/akhilesh/py39/lib/python3.9/site-packages/airflow/example_dags/example_setup_teardown_taskflow.py took 0.032 seconds
[2023-08-14T10:31:05.282+0200] {processor.py:157} INFO - Started process (PID=455475) to work on /home/akhilesh/py39/lib/python3.9/site-packages/airflow/example_dags/example_setup_teardown_taskflow.py
[2023-08-14T10:31:05.291+0200] {processor.py:826} INFO - Processing file /home/akhilesh/py39/lib/python3.9/site-packages/airflow/example_dags/example_setup_teardown_taskflow.py for tasks to queue
[2023-08-14T10:31:05.293+0200] {logging_mixin.py:150} INFO - [2023-08-14T10:31:05.292+0200] {dagbag.py:541} INFO - Filling up the DagBag from /home/akhilesh/py39/lib/python3.9/site-packages/airflow/example_dags/example_setup_teardown_taskflow.py
[2023-08-14T10:31:05.295+0200] {processor.py:838} WARNING - No viable dags retrieved from /home/akhilesh/py39/lib/python3.9/site-packages/airflow/example_dags/example_setup_teardown_taskflow.py
[2023-08-14T10:31:05.307+0200] {processor.py:179} INFO - Processing /home/akhilesh/py39/lib/python3.9/site-packages/airflow/example_dags/example_setup_teardown_taskflow.py took 0.031 seconds
[2023-08-14T10:31:54.855+0200] {processor.py:157} INFO - Started process (PID=455622) to work on /home/akhilesh/py39/lib/python3.9/site-packages/airflow/example_dags/example_setup_teardown_taskflow.py
[2023-08-14T10:31:54.856+0200] {processor.py:826} INFO - Processing file /home/akhilesh/py39/lib/python3.9/site-packages/airflow/example_dags/example_setup_teardown_taskflow.py for tasks to queue
[2023-08-14T10:31:54.858+0200] {logging_mixin.py:150} INFO - [2023-08-14T10:31:54.857+0200] {dagbag.py:541} INFO - Filling up the DagBag from /home/akhilesh/py39/lib/python3.9/site-packages/airflow/example_dags/example_setup_teardown_taskflow.py
[2023-08-14T10:31:54.860+0200] {processor.py:838} WARNING - No viable dags retrieved from /home/akhilesh/py39/lib/python3.9/site-packages/airflow/example_dags/example_setup_teardown_taskflow.py
[2023-08-14T10:31:54.868+0200] {processor.py:179} INFO - Processing /home/akhilesh/py39/lib/python3.9/site-packages/airflow/example_dags/example_setup_teardown_taskflow.py took 0.017 seconds
[2023-08-14T10:32:42.521+0200] {processor.py:157} INFO - Started process (PID=455892) to work on /home/akhilesh/py39/lib/python3.9/site-packages/airflow/example_dags/example_setup_teardown_taskflow.py
[2023-08-14T10:32:42.530+0200] {processor.py:826} INFO - Processing file /home/akhilesh/py39/lib/python3.9/site-packages/airflow/example_dags/example_setup_teardown_taskflow.py for tasks to queue
[2023-08-14T10:32:42.532+0200] {logging_mixin.py:150} INFO - [2023-08-14T10:32:42.531+0200] {dagbag.py:541} INFO - Filling up the DagBag from /home/akhilesh/py39/lib/python3.9/site-packages/airflow/example_dags/example_setup_teardown_taskflow.py
[2023-08-14T10:32:42.536+0200] {processor.py:838} WARNING - No viable dags retrieved from /home/akhilesh/py39/lib/python3.9/site-packages/airflow/example_dags/example_setup_teardown_taskflow.py
[2023-08-14T10:32:42.547+0200] {processor.py:179} INFO - Processing /home/akhilesh/py39/lib/python3.9/site-packages/airflow/example_dags/example_setup_teardown_taskflow.py took 0.031 seconds
[2023-08-14T10:33:34.380+0200] {processor.py:157} INFO - Started process (PID=456012) to work on /home/akhilesh/py39/lib/python3.9/site-packages/airflow/example_dags/example_setup_teardown_taskflow.py
[2023-08-14T10:33:34.389+0200] {processor.py:826} INFO - Processing file /home/akhilesh/py39/lib/python3.9/site-packages/airflow/example_dags/example_setup_teardown_taskflow.py for tasks to queue
[2023-08-14T10:33:34.391+0200] {logging_mixin.py:150} INFO - [2023-08-14T10:33:34.390+0200] {dagbag.py:541} INFO - Filling up the DagBag from /home/akhilesh/py39/lib/python3.9/site-packages/airflow/example_dags/example_setup_teardown_taskflow.py
[2023-08-14T10:33:34.394+0200] {processor.py:838} WARNING - No viable dags retrieved from /home/akhilesh/py39/lib/python3.9/site-packages/airflow/example_dags/example_setup_teardown_taskflow.py
[2023-08-14T10:33:34.407+0200] {processor.py:179} INFO - Processing /home/akhilesh/py39/lib/python3.9/site-packages/airflow/example_dags/example_setup_teardown_taskflow.py took 0.031 seconds
[2023-08-14T10:34:28.742+0200] {processor.py:157} INFO - Started process (PID=456156) to work on /home/akhilesh/py39/lib/python3.9/site-packages/airflow/example_dags/example_setup_teardown_taskflow.py
[2023-08-14T10:34:28.751+0200] {processor.py:826} INFO - Processing file /home/akhilesh/py39/lib/python3.9/site-packages/airflow/example_dags/example_setup_teardown_taskflow.py for tasks to queue
[2023-08-14T10:34:28.752+0200] {logging_mixin.py:150} INFO - [2023-08-14T10:34:28.752+0200] {dagbag.py:541} INFO - Filling up the DagBag from /home/akhilesh/py39/lib/python3.9/site-packages/airflow/example_dags/example_setup_teardown_taskflow.py
[2023-08-14T10:34:28.754+0200] {processor.py:838} WARNING - No viable dags retrieved from /home/akhilesh/py39/lib/python3.9/site-packages/airflow/example_dags/example_setup_teardown_taskflow.py
[2023-08-14T10:34:28.768+0200] {processor.py:179} INFO - Processing /home/akhilesh/py39/lib/python3.9/site-packages/airflow/example_dags/example_setup_teardown_taskflow.py took 0.030 seconds
[2023-08-14T10:35:21.849+0200] {processor.py:157} INFO - Started process (PID=456293) to work on /home/akhilesh/py39/lib/python3.9/site-packages/airflow/example_dags/example_setup_teardown_taskflow.py
[2023-08-14T10:35:21.859+0200] {processor.py:826} INFO - Processing file /home/akhilesh/py39/lib/python3.9/site-packages/airflow/example_dags/example_setup_teardown_taskflow.py for tasks to queue
[2023-08-14T10:35:21.861+0200] {logging_mixin.py:150} INFO - [2023-08-14T10:35:21.860+0200] {dagbag.py:541} INFO - Filling up the DagBag from /home/akhilesh/py39/lib/python3.9/site-packages/airflow/example_dags/example_setup_teardown_taskflow.py
[2023-08-14T10:35:21.864+0200] {processor.py:838} WARNING - No viable dags retrieved from /home/akhilesh/py39/lib/python3.9/site-packages/airflow/example_dags/example_setup_teardown_taskflow.py
[2023-08-14T10:35:21.879+0200] {processor.py:179} INFO - Processing /home/akhilesh/py39/lib/python3.9/site-packages/airflow/example_dags/example_setup_teardown_taskflow.py took 0.034 seconds
[2023-08-14T10:36:13.348+0200] {processor.py:157} INFO - Started process (PID=456449) to work on /home/akhilesh/py39/lib/python3.9/site-packages/airflow/example_dags/example_setup_teardown_taskflow.py
[2023-08-14T10:36:13.357+0200] {processor.py:826} INFO - Processing file /home/akhilesh/py39/lib/python3.9/site-packages/airflow/example_dags/example_setup_teardown_taskflow.py for tasks to queue
[2023-08-14T10:36:13.358+0200] {logging_mixin.py:150} INFO - [2023-08-14T10:36:13.358+0200] {dagbag.py:541} INFO - Filling up the DagBag from /home/akhilesh/py39/lib/python3.9/site-packages/airflow/example_dags/example_setup_teardown_taskflow.py
[2023-08-14T10:36:13.361+0200] {processor.py:838} WARNING - No viable dags retrieved from /home/akhilesh/py39/lib/python3.9/site-packages/airflow/example_dags/example_setup_teardown_taskflow.py
[2023-08-14T10:36:13.370+0200] {processor.py:179} INFO - Processing /home/akhilesh/py39/lib/python3.9/site-packages/airflow/example_dags/example_setup_teardown_taskflow.py took 0.026 seconds
[2023-08-14T10:37:03.905+0200] {processor.py:157} INFO - Started process (PID=456588) to work on /home/akhilesh/py39/lib/python3.9/site-packages/airflow/example_dags/example_setup_teardown_taskflow.py
[2023-08-14T10:37:03.914+0200] {processor.py:826} INFO - Processing file /home/akhilesh/py39/lib/python3.9/site-packages/airflow/example_dags/example_setup_teardown_taskflow.py for tasks to queue
[2023-08-14T10:37:03.916+0200] {logging_mixin.py:150} INFO - [2023-08-14T10:37:03.915+0200] {dagbag.py:541} INFO - Filling up the DagBag from /home/akhilesh/py39/lib/python3.9/site-packages/airflow/example_dags/example_setup_teardown_taskflow.py
[2023-08-14T10:37:03.919+0200] {processor.py:838} WARNING - No viable dags retrieved from /home/akhilesh/py39/lib/python3.9/site-packages/airflow/example_dags/example_setup_teardown_taskflow.py
[2023-08-14T10:37:03.930+0200] {processor.py:179} INFO - Processing /home/akhilesh/py39/lib/python3.9/site-packages/airflow/example_dags/example_setup_teardown_taskflow.py took 0.029 seconds
[2023-08-14T10:37:54.397+0200] {processor.py:157} INFO - Started process (PID=456728) to work on /home/akhilesh/py39/lib/python3.9/site-packages/airflow/example_dags/example_setup_teardown_taskflow.py
[2023-08-14T10:37:54.406+0200] {processor.py:826} INFO - Processing file /home/akhilesh/py39/lib/python3.9/site-packages/airflow/example_dags/example_setup_teardown_taskflow.py for tasks to queue
[2023-08-14T10:37:54.408+0200] {logging_mixin.py:150} INFO - [2023-08-14T10:37:54.407+0200] {dagbag.py:541} INFO - Filling up the DagBag from /home/akhilesh/py39/lib/python3.9/site-packages/airflow/example_dags/example_setup_teardown_taskflow.py
[2023-08-14T10:37:54.411+0200] {processor.py:838} WARNING - No viable dags retrieved from /home/akhilesh/py39/lib/python3.9/site-packages/airflow/example_dags/example_setup_teardown_taskflow.py
[2023-08-14T10:37:54.425+0200] {processor.py:179} INFO - Processing /home/akhilesh/py39/lib/python3.9/site-packages/airflow/example_dags/example_setup_teardown_taskflow.py took 0.032 seconds
[2023-08-14T10:38:42.852+0200] {processor.py:157} INFO - Started process (PID=456842) to work on /home/akhilesh/py39/lib/python3.9/site-packages/airflow/example_dags/example_setup_teardown_taskflow.py
[2023-08-14T10:38:42.857+0200] {processor.py:826} INFO - Processing file /home/akhilesh/py39/lib/python3.9/site-packages/airflow/example_dags/example_setup_teardown_taskflow.py for tasks to queue
[2023-08-14T10:38:42.858+0200] {logging_mixin.py:150} INFO - [2023-08-14T10:38:42.858+0200] {dagbag.py:541} INFO - Filling up the DagBag from /home/akhilesh/py39/lib/python3.9/site-packages/airflow/example_dags/example_setup_teardown_taskflow.py
[2023-08-14T10:38:42.861+0200] {processor.py:838} WARNING - No viable dags retrieved from /home/akhilesh/py39/lib/python3.9/site-packages/airflow/example_dags/example_setup_teardown_taskflow.py
[2023-08-14T10:38:42.874+0200] {processor.py:179} INFO - Processing /home/akhilesh/py39/lib/python3.9/site-packages/airflow/example_dags/example_setup_teardown_taskflow.py took 0.026 seconds
[2023-08-14T10:40:08.652+0200] {processor.py:157} INFO - Started process (PID=457348) to work on /home/akhilesh/py39/lib/python3.9/site-packages/airflow/example_dags/example_setup_teardown_taskflow.py
[2023-08-14T10:40:08.654+0200] {processor.py:826} INFO - Processing file /home/akhilesh/py39/lib/python3.9/site-packages/airflow/example_dags/example_setup_teardown_taskflow.py for tasks to queue
[2023-08-14T10:40:08.655+0200] {logging_mixin.py:150} INFO - [2023-08-14T10:40:08.655+0200] {dagbag.py:541} INFO - Filling up the DagBag from /home/akhilesh/py39/lib/python3.9/site-packages/airflow/example_dags/example_setup_teardown_taskflow.py
[2023-08-14T10:40:08.657+0200] {processor.py:838} WARNING - No viable dags retrieved from /home/akhilesh/py39/lib/python3.9/site-packages/airflow/example_dags/example_setup_teardown_taskflow.py
[2023-08-14T10:40:08.664+0200] {processor.py:179} INFO - Processing /home/akhilesh/py39/lib/python3.9/site-packages/airflow/example_dags/example_setup_teardown_taskflow.py took 0.016 seconds
[2023-08-14T10:41:50.089+0200] {processor.py:157} INFO - Started process (PID=457638) to work on /home/akhilesh/py39/lib/python3.9/site-packages/airflow/example_dags/example_setup_teardown_taskflow.py
[2023-08-14T10:41:50.092+0200] {processor.py:826} INFO - Processing file /home/akhilesh/py39/lib/python3.9/site-packages/airflow/example_dags/example_setup_teardown_taskflow.py for tasks to queue
[2023-08-14T10:41:50.092+0200] {logging_mixin.py:150} INFO - [2023-08-14T10:41:50.092+0200] {dagbag.py:541} INFO - Filling up the DagBag from /home/akhilesh/py39/lib/python3.9/site-packages/airflow/example_dags/example_setup_teardown_taskflow.py
[2023-08-14T10:41:50.094+0200] {processor.py:838} WARNING - No viable dags retrieved from /home/akhilesh/py39/lib/python3.9/site-packages/airflow/example_dags/example_setup_teardown_taskflow.py
[2023-08-14T10:41:50.104+0200] {processor.py:179} INFO - Processing /home/akhilesh/py39/lib/python3.9/site-packages/airflow/example_dags/example_setup_teardown_taskflow.py took 0.019 seconds
[2023-08-14T10:42:37.019+0200] {processor.py:157} INFO - Started process (PID=457805) to work on /home/akhilesh/py39/lib/python3.9/site-packages/airflow/example_dags/example_setup_teardown_taskflow.py
[2023-08-14T10:42:37.021+0200] {processor.py:826} INFO - Processing file /home/akhilesh/py39/lib/python3.9/site-packages/airflow/example_dags/example_setup_teardown_taskflow.py for tasks to queue
[2023-08-14T10:42:37.023+0200] {logging_mixin.py:150} INFO - [2023-08-14T10:42:37.022+0200] {dagbag.py:541} INFO - Filling up the DagBag from /home/akhilesh/py39/lib/python3.9/site-packages/airflow/example_dags/example_setup_teardown_taskflow.py
[2023-08-14T10:42:37.027+0200] {processor.py:838} WARNING - No viable dags retrieved from /home/akhilesh/py39/lib/python3.9/site-packages/airflow/example_dags/example_setup_teardown_taskflow.py
[2023-08-14T10:42:37.061+0200] {processor.py:179} INFO - Processing /home/akhilesh/py39/lib/python3.9/site-packages/airflow/example_dags/example_setup_teardown_taskflow.py took 0.048 seconds
[2023-08-14T10:44:41.845+0200] {processor.py:157} INFO - Started process (PID=458308) to work on /home/akhilesh/py39/lib/python3.9/site-packages/airflow/example_dags/example_setup_teardown_taskflow.py
[2023-08-14T10:44:41.854+0200] {processor.py:826} INFO - Processing file /home/akhilesh/py39/lib/python3.9/site-packages/airflow/example_dags/example_setup_teardown_taskflow.py for tasks to queue
[2023-08-14T10:44:41.856+0200] {logging_mixin.py:150} INFO - [2023-08-14T10:44:41.855+0200] {dagbag.py:541} INFO - Filling up the DagBag from /home/akhilesh/py39/lib/python3.9/site-packages/airflow/example_dags/example_setup_teardown_taskflow.py
[2023-08-14T10:44:41.859+0200] {processor.py:838} WARNING - No viable dags retrieved from /home/akhilesh/py39/lib/python3.9/site-packages/airflow/example_dags/example_setup_teardown_taskflow.py
[2023-08-14T10:44:41.869+0200] {processor.py:179} INFO - Processing /home/akhilesh/py39/lib/python3.9/site-packages/airflow/example_dags/example_setup_teardown_taskflow.py took 0.028 seconds
[2023-08-14T10:45:30.024+0200] {processor.py:157} INFO - Started process (PID=458493) to work on /home/akhilesh/py39/lib/python3.9/site-packages/airflow/example_dags/example_setup_teardown_taskflow.py
[2023-08-14T10:45:30.033+0200] {processor.py:826} INFO - Processing file /home/akhilesh/py39/lib/python3.9/site-packages/airflow/example_dags/example_setup_teardown_taskflow.py for tasks to queue
[2023-08-14T10:45:30.034+0200] {logging_mixin.py:150} INFO - [2023-08-14T10:45:30.034+0200] {dagbag.py:541} INFO - Filling up the DagBag from /home/akhilesh/py39/lib/python3.9/site-packages/airflow/example_dags/example_setup_teardown_taskflow.py
[2023-08-14T10:45:30.037+0200] {processor.py:838} WARNING - No viable dags retrieved from /home/akhilesh/py39/lib/python3.9/site-packages/airflow/example_dags/example_setup_teardown_taskflow.py
[2023-08-14T10:45:30.048+0200] {processor.py:179} INFO - Processing /home/akhilesh/py39/lib/python3.9/site-packages/airflow/example_dags/example_setup_teardown_taskflow.py took 0.028 seconds
[2023-08-14T10:46:17.782+0200] {processor.py:157} INFO - Started process (PID=458777) to work on /home/akhilesh/py39/lib/python3.9/site-packages/airflow/example_dags/example_setup_teardown_taskflow.py
[2023-08-14T10:46:17.791+0200] {processor.py:826} INFO - Processing file /home/akhilesh/py39/lib/python3.9/site-packages/airflow/example_dags/example_setup_teardown_taskflow.py for tasks to queue
[2023-08-14T10:46:17.793+0200] {logging_mixin.py:150} INFO - [2023-08-14T10:46:17.792+0200] {dagbag.py:541} INFO - Filling up the DagBag from /home/akhilesh/py39/lib/python3.9/site-packages/airflow/example_dags/example_setup_teardown_taskflow.py
[2023-08-14T10:46:17.796+0200] {processor.py:838} WARNING - No viable dags retrieved from /home/akhilesh/py39/lib/python3.9/site-packages/airflow/example_dags/example_setup_teardown_taskflow.py
[2023-08-14T10:46:17.813+0200] {processor.py:179} INFO - Processing /home/akhilesh/py39/lib/python3.9/site-packages/airflow/example_dags/example_setup_teardown_taskflow.py took 0.036 seconds
[2023-08-14T10:47:11.757+0200] {processor.py:157} INFO - Started process (PID=458959) to work on /home/akhilesh/py39/lib/python3.9/site-packages/airflow/example_dags/example_setup_teardown_taskflow.py
[2023-08-14T10:47:11.766+0200] {processor.py:826} INFO - Processing file /home/akhilesh/py39/lib/python3.9/site-packages/airflow/example_dags/example_setup_teardown_taskflow.py for tasks to queue
[2023-08-14T10:47:11.767+0200] {logging_mixin.py:150} INFO - [2023-08-14T10:47:11.767+0200] {dagbag.py:541} INFO - Filling up the DagBag from /home/akhilesh/py39/lib/python3.9/site-packages/airflow/example_dags/example_setup_teardown_taskflow.py
[2023-08-14T10:47:11.770+0200] {processor.py:838} WARNING - No viable dags retrieved from /home/akhilesh/py39/lib/python3.9/site-packages/airflow/example_dags/example_setup_teardown_taskflow.py
[2023-08-14T10:47:11.782+0200] {processor.py:179} INFO - Processing /home/akhilesh/py39/lib/python3.9/site-packages/airflow/example_dags/example_setup_teardown_taskflow.py took 0.029 seconds
[2023-08-14T10:48:04.993+0200] {processor.py:157} INFO - Started process (PID=459168) to work on /home/akhilesh/py39/lib/python3.9/site-packages/airflow/example_dags/example_setup_teardown_taskflow.py
[2023-08-14T10:48:05.002+0200] {processor.py:826} INFO - Processing file /home/akhilesh/py39/lib/python3.9/site-packages/airflow/example_dags/example_setup_teardown_taskflow.py for tasks to queue
[2023-08-14T10:48:05.003+0200] {logging_mixin.py:150} INFO - [2023-08-14T10:48:05.003+0200] {dagbag.py:541} INFO - Filling up the DagBag from /home/akhilesh/py39/lib/python3.9/site-packages/airflow/example_dags/example_setup_teardown_taskflow.py
[2023-08-14T10:48:05.006+0200] {processor.py:838} WARNING - No viable dags retrieved from /home/akhilesh/py39/lib/python3.9/site-packages/airflow/example_dags/example_setup_teardown_taskflow.py
[2023-08-14T10:48:05.017+0200] {processor.py:179} INFO - Processing /home/akhilesh/py39/lib/python3.9/site-packages/airflow/example_dags/example_setup_teardown_taskflow.py took 0.027 seconds
[2023-08-14T10:49:01.820+0200] {processor.py:157} INFO - Started process (PID=459312) to work on /home/akhilesh/py39/lib/python3.9/site-packages/airflow/example_dags/example_setup_teardown_taskflow.py
[2023-08-14T10:49:01.829+0200] {processor.py:826} INFO - Processing file /home/akhilesh/py39/lib/python3.9/site-packages/airflow/example_dags/example_setup_teardown_taskflow.py for tasks to queue
[2023-08-14T10:49:01.831+0200] {logging_mixin.py:150} INFO - [2023-08-14T10:49:01.830+0200] {dagbag.py:541} INFO - Filling up the DagBag from /home/akhilesh/py39/lib/python3.9/site-packages/airflow/example_dags/example_setup_teardown_taskflow.py
[2023-08-14T10:49:01.833+0200] {processor.py:838} WARNING - No viable dags retrieved from /home/akhilesh/py39/lib/python3.9/site-packages/airflow/example_dags/example_setup_teardown_taskflow.py
[2023-08-14T10:49:01.846+0200] {processor.py:179} INFO - Processing /home/akhilesh/py39/lib/python3.9/site-packages/airflow/example_dags/example_setup_teardown_taskflow.py took 0.030 seconds
[2023-08-14T10:49:50.955+0200] {processor.py:157} INFO - Started process (PID=459488) to work on /home/akhilesh/py39/lib/python3.9/site-packages/airflow/example_dags/example_setup_teardown_taskflow.py
[2023-08-14T10:49:50.964+0200] {processor.py:826} INFO - Processing file /home/akhilesh/py39/lib/python3.9/site-packages/airflow/example_dags/example_setup_teardown_taskflow.py for tasks to queue
[2023-08-14T10:49:50.965+0200] {logging_mixin.py:150} INFO - [2023-08-14T10:49:50.965+0200] {dagbag.py:541} INFO - Filling up the DagBag from /home/akhilesh/py39/lib/python3.9/site-packages/airflow/example_dags/example_setup_teardown_taskflow.py
[2023-08-14T10:49:50.967+0200] {processor.py:838} WARNING - No viable dags retrieved from /home/akhilesh/py39/lib/python3.9/site-packages/airflow/example_dags/example_setup_teardown_taskflow.py
[2023-08-14T10:49:50.977+0200] {processor.py:179} INFO - Processing /home/akhilesh/py39/lib/python3.9/site-packages/airflow/example_dags/example_setup_teardown_taskflow.py took 0.025 seconds
[2023-08-14T10:50:41.718+0200] {processor.py:157} INFO - Started process (PID=459714) to work on /home/akhilesh/py39/lib/python3.9/site-packages/airflow/example_dags/example_setup_teardown_taskflow.py
[2023-08-14T10:50:41.727+0200] {processor.py:826} INFO - Processing file /home/akhilesh/py39/lib/python3.9/site-packages/airflow/example_dags/example_setup_teardown_taskflow.py for tasks to queue
[2023-08-14T10:50:41.729+0200] {logging_mixin.py:150} INFO - [2023-08-14T10:50:41.728+0200] {dagbag.py:541} INFO - Filling up the DagBag from /home/akhilesh/py39/lib/python3.9/site-packages/airflow/example_dags/example_setup_teardown_taskflow.py
[2023-08-14T10:50:41.731+0200] {processor.py:838} WARNING - No viable dags retrieved from /home/akhilesh/py39/lib/python3.9/site-packages/airflow/example_dags/example_setup_teardown_taskflow.py
[2023-08-14T10:50:41.745+0200] {processor.py:179} INFO - Processing /home/akhilesh/py39/lib/python3.9/site-packages/airflow/example_dags/example_setup_teardown_taskflow.py took 0.032 seconds
[2023-08-14T10:51:33.441+0200] {processor.py:157} INFO - Started process (PID=459846) to work on /home/akhilesh/py39/lib/python3.9/site-packages/airflow/example_dags/example_setup_teardown_taskflow.py
[2023-08-14T10:51:33.450+0200] {processor.py:826} INFO - Processing file /home/akhilesh/py39/lib/python3.9/site-packages/airflow/example_dags/example_setup_teardown_taskflow.py for tasks to queue
[2023-08-14T10:51:33.451+0200] {logging_mixin.py:150} INFO - [2023-08-14T10:51:33.451+0200] {dagbag.py:541} INFO - Filling up the DagBag from /home/akhilesh/py39/lib/python3.9/site-packages/airflow/example_dags/example_setup_teardown_taskflow.py
[2023-08-14T10:51:33.454+0200] {processor.py:838} WARNING - No viable dags retrieved from /home/akhilesh/py39/lib/python3.9/site-packages/airflow/example_dags/example_setup_teardown_taskflow.py
[2023-08-14T10:51:33.464+0200] {processor.py:179} INFO - Processing /home/akhilesh/py39/lib/python3.9/site-packages/airflow/example_dags/example_setup_teardown_taskflow.py took 0.027 seconds
[2023-08-14T10:52:21.352+0200] {processor.py:157} INFO - Started process (PID=459952) to work on /home/akhilesh/py39/lib/python3.9/site-packages/airflow/example_dags/example_setup_teardown_taskflow.py
[2023-08-14T10:52:21.361+0200] {processor.py:826} INFO - Processing file /home/akhilesh/py39/lib/python3.9/site-packages/airflow/example_dags/example_setup_teardown_taskflow.py for tasks to queue
[2023-08-14T10:52:21.362+0200] {logging_mixin.py:150} INFO - [2023-08-14T10:52:21.361+0200] {dagbag.py:541} INFO - Filling up the DagBag from /home/akhilesh/py39/lib/python3.9/site-packages/airflow/example_dags/example_setup_teardown_taskflow.py
[2023-08-14T10:52:21.364+0200] {processor.py:838} WARNING - No viable dags retrieved from /home/akhilesh/py39/lib/python3.9/site-packages/airflow/example_dags/example_setup_teardown_taskflow.py
[2023-08-14T10:52:21.374+0200] {processor.py:179} INFO - Processing /home/akhilesh/py39/lib/python3.9/site-packages/airflow/example_dags/example_setup_teardown_taskflow.py took 0.026 seconds
[2023-08-14T10:53:12.510+0200] {processor.py:157} INFO - Started process (PID=460160) to work on /home/akhilesh/py39/lib/python3.9/site-packages/airflow/example_dags/example_setup_teardown_taskflow.py
[2023-08-14T10:53:12.519+0200] {processor.py:826} INFO - Processing file /home/akhilesh/py39/lib/python3.9/site-packages/airflow/example_dags/example_setup_teardown_taskflow.py for tasks to queue
[2023-08-14T10:53:12.520+0200] {logging_mixin.py:150} INFO - [2023-08-14T10:53:12.520+0200] {dagbag.py:541} INFO - Filling up the DagBag from /home/akhilesh/py39/lib/python3.9/site-packages/airflow/example_dags/example_setup_teardown_taskflow.py
[2023-08-14T10:53:12.524+0200] {processor.py:838} WARNING - No viable dags retrieved from /home/akhilesh/py39/lib/python3.9/site-packages/airflow/example_dags/example_setup_teardown_taskflow.py
[2023-08-14T10:53:12.536+0200] {processor.py:179} INFO - Processing /home/akhilesh/py39/lib/python3.9/site-packages/airflow/example_dags/example_setup_teardown_taskflow.py took 0.030 seconds
[2023-08-14T10:54:05.885+0200] {processor.py:157} INFO - Started process (PID=460336) to work on /home/akhilesh/py39/lib/python3.9/site-packages/airflow/example_dags/example_setup_teardown_taskflow.py
[2023-08-14T10:54:05.886+0200] {processor.py:826} INFO - Processing file /home/akhilesh/py39/lib/python3.9/site-packages/airflow/example_dags/example_setup_teardown_taskflow.py for tasks to queue
[2023-08-14T10:54:05.887+0200] {logging_mixin.py:150} INFO - [2023-08-14T10:54:05.886+0200] {dagbag.py:541} INFO - Filling up the DagBag from /home/akhilesh/py39/lib/python3.9/site-packages/airflow/example_dags/example_setup_teardown_taskflow.py
[2023-08-14T10:54:05.888+0200] {processor.py:838} WARNING - No viable dags retrieved from /home/akhilesh/py39/lib/python3.9/site-packages/airflow/example_dags/example_setup_teardown_taskflow.py
[2023-08-14T10:54:05.897+0200] {processor.py:179} INFO - Processing /home/akhilesh/py39/lib/python3.9/site-packages/airflow/example_dags/example_setup_teardown_taskflow.py took 0.016 seconds
[2023-08-14T10:54:57.611+0200] {processor.py:157} INFO - Started process (PID=460515) to work on /home/akhilesh/py39/lib/python3.9/site-packages/airflow/example_dags/example_setup_teardown_taskflow.py
[2023-08-14T10:54:57.621+0200] {processor.py:826} INFO - Processing file /home/akhilesh/py39/lib/python3.9/site-packages/airflow/example_dags/example_setup_teardown_taskflow.py for tasks to queue
[2023-08-14T10:54:57.622+0200] {logging_mixin.py:150} INFO - [2023-08-14T10:54:57.621+0200] {dagbag.py:541} INFO - Filling up the DagBag from /home/akhilesh/py39/lib/python3.9/site-packages/airflow/example_dags/example_setup_teardown_taskflow.py
[2023-08-14T10:54:57.625+0200] {processor.py:838} WARNING - No viable dags retrieved from /home/akhilesh/py39/lib/python3.9/site-packages/airflow/example_dags/example_setup_teardown_taskflow.py
[2023-08-14T10:54:57.637+0200] {processor.py:179} INFO - Processing /home/akhilesh/py39/lib/python3.9/site-packages/airflow/example_dags/example_setup_teardown_taskflow.py took 0.030 seconds
[2023-08-14T10:55:46.294+0200] {processor.py:157} INFO - Started process (PID=460667) to work on /home/akhilesh/py39/lib/python3.9/site-packages/airflow/example_dags/example_setup_teardown_taskflow.py
[2023-08-14T10:55:46.304+0200] {processor.py:826} INFO - Processing file /home/akhilesh/py39/lib/python3.9/site-packages/airflow/example_dags/example_setup_teardown_taskflow.py for tasks to queue
[2023-08-14T10:55:46.305+0200] {logging_mixin.py:150} INFO - [2023-08-14T10:55:46.304+0200] {dagbag.py:541} INFO - Filling up the DagBag from /home/akhilesh/py39/lib/python3.9/site-packages/airflow/example_dags/example_setup_teardown_taskflow.py
[2023-08-14T10:55:46.307+0200] {processor.py:838} WARNING - No viable dags retrieved from /home/akhilesh/py39/lib/python3.9/site-packages/airflow/example_dags/example_setup_teardown_taskflow.py
[2023-08-14T10:55:46.321+0200] {processor.py:179} INFO - Processing /home/akhilesh/py39/lib/python3.9/site-packages/airflow/example_dags/example_setup_teardown_taskflow.py took 0.031 seconds
[2023-08-14T10:56:33.333+0200] {processor.py:157} INFO - Started process (PID=460837) to work on /home/akhilesh/py39/lib/python3.9/site-packages/airflow/example_dags/example_setup_teardown_taskflow.py
[2023-08-14T10:56:33.341+0200] {processor.py:826} INFO - Processing file /home/akhilesh/py39/lib/python3.9/site-packages/airflow/example_dags/example_setup_teardown_taskflow.py for tasks to queue
[2023-08-14T10:56:33.343+0200] {logging_mixin.py:150} INFO - [2023-08-14T10:56:33.342+0200] {dagbag.py:541} INFO - Filling up the DagBag from /home/akhilesh/py39/lib/python3.9/site-packages/airflow/example_dags/example_setup_teardown_taskflow.py
[2023-08-14T10:56:33.345+0200] {processor.py:838} WARNING - No viable dags retrieved from /home/akhilesh/py39/lib/python3.9/site-packages/airflow/example_dags/example_setup_teardown_taskflow.py
[2023-08-14T10:56:33.356+0200] {processor.py:179} INFO - Processing /home/akhilesh/py39/lib/python3.9/site-packages/airflow/example_dags/example_setup_teardown_taskflow.py took 0.027 seconds
[2023-08-14T10:57:24.537+0200] {processor.py:157} INFO - Started process (PID=461004) to work on /home/akhilesh/py39/lib/python3.9/site-packages/airflow/example_dags/example_setup_teardown_taskflow.py
[2023-08-14T10:57:24.538+0200] {processor.py:826} INFO - Processing file /home/akhilesh/py39/lib/python3.9/site-packages/airflow/example_dags/example_setup_teardown_taskflow.py for tasks to queue
[2023-08-14T10:57:24.539+0200] {logging_mixin.py:150} INFO - [2023-08-14T10:57:24.539+0200] {dagbag.py:541} INFO - Filling up the DagBag from /home/akhilesh/py39/lib/python3.9/site-packages/airflow/example_dags/example_setup_teardown_taskflow.py
[2023-08-14T10:57:24.542+0200] {processor.py:838} WARNING - No viable dags retrieved from /home/akhilesh/py39/lib/python3.9/site-packages/airflow/example_dags/example_setup_teardown_taskflow.py
[2023-08-14T10:57:24.551+0200] {processor.py:179} INFO - Processing /home/akhilesh/py39/lib/python3.9/site-packages/airflow/example_dags/example_setup_teardown_taskflow.py took 0.018 seconds
[2023-08-14T10:58:07.704+0200] {processor.py:157} INFO - Started process (PID=461231) to work on /home/akhilesh/py39/lib/python3.9/site-packages/airflow/example_dags/example_setup_teardown_taskflow.py
[2023-08-14T10:58:07.713+0200] {processor.py:826} INFO - Processing file /home/akhilesh/py39/lib/python3.9/site-packages/airflow/example_dags/example_setup_teardown_taskflow.py for tasks to queue
[2023-08-14T10:58:07.714+0200] {logging_mixin.py:150} INFO - [2023-08-14T10:58:07.714+0200] {dagbag.py:541} INFO - Filling up the DagBag from /home/akhilesh/py39/lib/python3.9/site-packages/airflow/example_dags/example_setup_teardown_taskflow.py
[2023-08-14T10:58:07.717+0200] {processor.py:838} WARNING - No viable dags retrieved from /home/akhilesh/py39/lib/python3.9/site-packages/airflow/example_dags/example_setup_teardown_taskflow.py
[2023-08-14T10:58:07.730+0200] {processor.py:179} INFO - Processing /home/akhilesh/py39/lib/python3.9/site-packages/airflow/example_dags/example_setup_teardown_taskflow.py took 0.029 seconds
[2023-08-14T10:58:57.740+0200] {processor.py:157} INFO - Started process (PID=461391) to work on /home/akhilesh/py39/lib/python3.9/site-packages/airflow/example_dags/example_setup_teardown_taskflow.py
[2023-08-14T10:58:57.741+0200] {processor.py:826} INFO - Processing file /home/akhilesh/py39/lib/python3.9/site-packages/airflow/example_dags/example_setup_teardown_taskflow.py for tasks to queue
[2023-08-14T10:58:57.742+0200] {logging_mixin.py:150} INFO - [2023-08-14T10:58:57.741+0200] {dagbag.py:541} INFO - Filling up the DagBag from /home/akhilesh/py39/lib/python3.9/site-packages/airflow/example_dags/example_setup_teardown_taskflow.py
[2023-08-14T10:58:57.744+0200] {processor.py:838} WARNING - No viable dags retrieved from /home/akhilesh/py39/lib/python3.9/site-packages/airflow/example_dags/example_setup_teardown_taskflow.py
[2023-08-14T10:58:57.752+0200] {processor.py:179} INFO - Processing /home/akhilesh/py39/lib/python3.9/site-packages/airflow/example_dags/example_setup_teardown_taskflow.py took 0.016 seconds
[2023-08-14T10:59:45.775+0200] {processor.py:157} INFO - Started process (PID=461569) to work on /home/akhilesh/py39/lib/python3.9/site-packages/airflow/example_dags/example_setup_teardown_taskflow.py
[2023-08-14T10:59:45.777+0200] {processor.py:826} INFO - Processing file /home/akhilesh/py39/lib/python3.9/site-packages/airflow/example_dags/example_setup_teardown_taskflow.py for tasks to queue
[2023-08-14T10:59:45.778+0200] {logging_mixin.py:150} INFO - [2023-08-14T10:59:45.777+0200] {dagbag.py:541} INFO - Filling up the DagBag from /home/akhilesh/py39/lib/python3.9/site-packages/airflow/example_dags/example_setup_teardown_taskflow.py
[2023-08-14T10:59:45.780+0200] {processor.py:838} WARNING - No viable dags retrieved from /home/akhilesh/py39/lib/python3.9/site-packages/airflow/example_dags/example_setup_teardown_taskflow.py
[2023-08-14T10:59:45.788+0200] {processor.py:179} INFO - Processing /home/akhilesh/py39/lib/python3.9/site-packages/airflow/example_dags/example_setup_teardown_taskflow.py took 0.017 seconds
[2023-08-14T11:00:34.694+0200] {processor.py:157} INFO - Started process (PID=461686) to work on /home/akhilesh/py39/lib/python3.9/site-packages/airflow/example_dags/example_setup_teardown_taskflow.py
[2023-08-14T11:00:34.704+0200] {processor.py:826} INFO - Processing file /home/akhilesh/py39/lib/python3.9/site-packages/airflow/example_dags/example_setup_teardown_taskflow.py for tasks to queue
[2023-08-14T11:00:34.705+0200] {logging_mixin.py:150} INFO - [2023-08-14T11:00:34.704+0200] {dagbag.py:541} INFO - Filling up the DagBag from /home/akhilesh/py39/lib/python3.9/site-packages/airflow/example_dags/example_setup_teardown_taskflow.py
[2023-08-14T11:00:34.708+0200] {processor.py:838} WARNING - No viable dags retrieved from /home/akhilesh/py39/lib/python3.9/site-packages/airflow/example_dags/example_setup_teardown_taskflow.py
[2023-08-14T11:00:34.720+0200] {processor.py:179} INFO - Processing /home/akhilesh/py39/lib/python3.9/site-packages/airflow/example_dags/example_setup_teardown_taskflow.py took 0.030 seconds
[2023-08-14T11:01:29.101+0200] {processor.py:157} INFO - Started process (PID=461891) to work on /home/akhilesh/py39/lib/python3.9/site-packages/airflow/example_dags/example_setup_teardown_taskflow.py
[2023-08-14T11:01:29.102+0200] {processor.py:826} INFO - Processing file /home/akhilesh/py39/lib/python3.9/site-packages/airflow/example_dags/example_setup_teardown_taskflow.py for tasks to queue
[2023-08-14T11:01:29.103+0200] {logging_mixin.py:150} INFO - [2023-08-14T11:01:29.103+0200] {dagbag.py:541} INFO - Filling up the DagBag from /home/akhilesh/py39/lib/python3.9/site-packages/airflow/example_dags/example_setup_teardown_taskflow.py
[2023-08-14T11:01:29.104+0200] {processor.py:838} WARNING - No viable dags retrieved from /home/akhilesh/py39/lib/python3.9/site-packages/airflow/example_dags/example_setup_teardown_taskflow.py
[2023-08-14T11:01:29.111+0200] {processor.py:179} INFO - Processing /home/akhilesh/py39/lib/python3.9/site-packages/airflow/example_dags/example_setup_teardown_taskflow.py took 0.014 seconds
[2023-08-14T11:02:25.663+0200] {processor.py:157} INFO - Started process (PID=462056) to work on /home/akhilesh/py39/lib/python3.9/site-packages/airflow/example_dags/example_setup_teardown_taskflow.py
[2023-08-14T11:02:25.668+0200] {processor.py:826} INFO - Processing file /home/akhilesh/py39/lib/python3.9/site-packages/airflow/example_dags/example_setup_teardown_taskflow.py for tasks to queue
[2023-08-14T11:02:25.670+0200] {logging_mixin.py:150} INFO - [2023-08-14T11:02:25.669+0200] {dagbag.py:541} INFO - Filling up the DagBag from /home/akhilesh/py39/lib/python3.9/site-packages/airflow/example_dags/example_setup_teardown_taskflow.py
[2023-08-14T11:02:25.672+0200] {processor.py:838} WARNING - No viable dags retrieved from /home/akhilesh/py39/lib/python3.9/site-packages/airflow/example_dags/example_setup_teardown_taskflow.py
[2023-08-14T11:02:25.683+0200] {processor.py:179} INFO - Processing /home/akhilesh/py39/lib/python3.9/site-packages/airflow/example_dags/example_setup_teardown_taskflow.py took 0.024 seconds
[2023-08-14T11:03:16.893+0200] {processor.py:157} INFO - Started process (PID=462239) to work on /home/akhilesh/py39/lib/python3.9/site-packages/airflow/example_dags/example_setup_teardown_taskflow.py
[2023-08-14T11:03:16.903+0200] {processor.py:826} INFO - Processing file /home/akhilesh/py39/lib/python3.9/site-packages/airflow/example_dags/example_setup_teardown_taskflow.py for tasks to queue
[2023-08-14T11:03:16.904+0200] {logging_mixin.py:150} INFO - [2023-08-14T11:03:16.903+0200] {dagbag.py:541} INFO - Filling up the DagBag from /home/akhilesh/py39/lib/python3.9/site-packages/airflow/example_dags/example_setup_teardown_taskflow.py
[2023-08-14T11:03:16.907+0200] {processor.py:838} WARNING - No viable dags retrieved from /home/akhilesh/py39/lib/python3.9/site-packages/airflow/example_dags/example_setup_teardown_taskflow.py
[2023-08-14T11:03:16.920+0200] {processor.py:179} INFO - Processing /home/akhilesh/py39/lib/python3.9/site-packages/airflow/example_dags/example_setup_teardown_taskflow.py took 0.030 seconds
[2023-08-14T11:04:08.846+0200] {processor.py:157} INFO - Started process (PID=462367) to work on /home/akhilesh/py39/lib/python3.9/site-packages/airflow/example_dags/example_setup_teardown_taskflow.py
[2023-08-14T11:04:08.847+0200] {processor.py:826} INFO - Processing file /home/akhilesh/py39/lib/python3.9/site-packages/airflow/example_dags/example_setup_teardown_taskflow.py for tasks to queue
[2023-08-14T11:04:08.848+0200] {logging_mixin.py:150} INFO - [2023-08-14T11:04:08.847+0200] {dagbag.py:541} INFO - Filling up the DagBag from /home/akhilesh/py39/lib/python3.9/site-packages/airflow/example_dags/example_setup_teardown_taskflow.py
[2023-08-14T11:04:08.850+0200] {processor.py:838} WARNING - No viable dags retrieved from /home/akhilesh/py39/lib/python3.9/site-packages/airflow/example_dags/example_setup_teardown_taskflow.py
[2023-08-14T11:04:08.858+0200] {processor.py:179} INFO - Processing /home/akhilesh/py39/lib/python3.9/site-packages/airflow/example_dags/example_setup_teardown_taskflow.py took 0.017 seconds
[2023-08-14T11:04:58.799+0200] {processor.py:157} INFO - Started process (PID=462496) to work on /home/akhilesh/py39/lib/python3.9/site-packages/airflow/example_dags/example_setup_teardown_taskflow.py
[2023-08-14T11:04:58.808+0200] {processor.py:826} INFO - Processing file /home/akhilesh/py39/lib/python3.9/site-packages/airflow/example_dags/example_setup_teardown_taskflow.py for tasks to queue
[2023-08-14T11:04:58.809+0200] {logging_mixin.py:150} INFO - [2023-08-14T11:04:58.809+0200] {dagbag.py:541} INFO - Filling up the DagBag from /home/akhilesh/py39/lib/python3.9/site-packages/airflow/example_dags/example_setup_teardown_taskflow.py
[2023-08-14T11:04:58.812+0200] {processor.py:838} WARNING - No viable dags retrieved from /home/akhilesh/py39/lib/python3.9/site-packages/airflow/example_dags/example_setup_teardown_taskflow.py
[2023-08-14T11:04:58.826+0200] {processor.py:179} INFO - Processing /home/akhilesh/py39/lib/python3.9/site-packages/airflow/example_dags/example_setup_teardown_taskflow.py took 0.032 seconds
[2023-08-14T11:05:52.077+0200] {processor.py:157} INFO - Started process (PID=462634) to work on /home/akhilesh/py39/lib/python3.9/site-packages/airflow/example_dags/example_setup_teardown_taskflow.py
[2023-08-14T11:05:52.085+0200] {processor.py:826} INFO - Processing file /home/akhilesh/py39/lib/python3.9/site-packages/airflow/example_dags/example_setup_teardown_taskflow.py for tasks to queue
[2023-08-14T11:05:52.087+0200] {logging_mixin.py:150} INFO - [2023-08-14T11:05:52.086+0200] {dagbag.py:541} INFO - Filling up the DagBag from /home/akhilesh/py39/lib/python3.9/site-packages/airflow/example_dags/example_setup_teardown_taskflow.py
[2023-08-14T11:05:52.089+0200] {processor.py:838} WARNING - No viable dags retrieved from /home/akhilesh/py39/lib/python3.9/site-packages/airflow/example_dags/example_setup_teardown_taskflow.py
[2023-08-14T11:05:52.103+0200] {processor.py:179} INFO - Processing /home/akhilesh/py39/lib/python3.9/site-packages/airflow/example_dags/example_setup_teardown_taskflow.py took 0.031 seconds
[2023-08-14T11:06:40.035+0200] {processor.py:157} INFO - Started process (PID=462816) to work on /home/akhilesh/py39/lib/python3.9/site-packages/airflow/example_dags/example_setup_teardown_taskflow.py
[2023-08-14T11:06:40.044+0200] {processor.py:826} INFO - Processing file /home/akhilesh/py39/lib/python3.9/site-packages/airflow/example_dags/example_setup_teardown_taskflow.py for tasks to queue
[2023-08-14T11:06:40.045+0200] {logging_mixin.py:150} INFO - [2023-08-14T11:06:40.045+0200] {dagbag.py:541} INFO - Filling up the DagBag from /home/akhilesh/py39/lib/python3.9/site-packages/airflow/example_dags/example_setup_teardown_taskflow.py
[2023-08-14T11:06:40.048+0200] {processor.py:838} WARNING - No viable dags retrieved from /home/akhilesh/py39/lib/python3.9/site-packages/airflow/example_dags/example_setup_teardown_taskflow.py
[2023-08-14T11:06:40.061+0200] {processor.py:179} INFO - Processing /home/akhilesh/py39/lib/python3.9/site-packages/airflow/example_dags/example_setup_teardown_taskflow.py took 0.030 seconds
[2023-08-14T11:07:33.106+0200] {processor.py:157} INFO - Started process (PID=463022) to work on /home/akhilesh/py39/lib/python3.9/site-packages/airflow/example_dags/example_setup_teardown_taskflow.py
[2023-08-14T11:07:33.107+0200] {processor.py:826} INFO - Processing file /home/akhilesh/py39/lib/python3.9/site-packages/airflow/example_dags/example_setup_teardown_taskflow.py for tasks to queue
[2023-08-14T11:07:33.108+0200] {logging_mixin.py:150} INFO - [2023-08-14T11:07:33.108+0200] {dagbag.py:541} INFO - Filling up the DagBag from /home/akhilesh/py39/lib/python3.9/site-packages/airflow/example_dags/example_setup_teardown_taskflow.py
[2023-08-14T11:07:33.110+0200] {processor.py:838} WARNING - No viable dags retrieved from /home/akhilesh/py39/lib/python3.9/site-packages/airflow/example_dags/example_setup_teardown_taskflow.py
[2023-08-14T11:07:33.120+0200] {processor.py:179} INFO - Processing /home/akhilesh/py39/lib/python3.9/site-packages/airflow/example_dags/example_setup_teardown_taskflow.py took 0.018 seconds
[2023-08-14T11:08:23.641+0200] {processor.py:157} INFO - Started process (PID=463182) to work on /home/akhilesh/py39/lib/python3.9/site-packages/airflow/example_dags/example_setup_teardown_taskflow.py
[2023-08-14T11:08:23.650+0200] {processor.py:826} INFO - Processing file /home/akhilesh/py39/lib/python3.9/site-packages/airflow/example_dags/example_setup_teardown_taskflow.py for tasks to queue
[2023-08-14T11:08:23.651+0200] {logging_mixin.py:150} INFO - [2023-08-14T11:08:23.651+0200] {dagbag.py:541} INFO - Filling up the DagBag from /home/akhilesh/py39/lib/python3.9/site-packages/airflow/example_dags/example_setup_teardown_taskflow.py
[2023-08-14T11:08:23.653+0200] {processor.py:838} WARNING - No viable dags retrieved from /home/akhilesh/py39/lib/python3.9/site-packages/airflow/example_dags/example_setup_teardown_taskflow.py
[2023-08-14T11:08:23.665+0200] {processor.py:179} INFO - Processing /home/akhilesh/py39/lib/python3.9/site-packages/airflow/example_dags/example_setup_teardown_taskflow.py took 0.028 seconds
[2023-08-14T11:11:07.859+0200] {processor.py:157} INFO - Started process (PID=463711) to work on /home/akhilesh/py39/lib/python3.9/site-packages/airflow/example_dags/example_setup_teardown_taskflow.py
[2023-08-14T11:11:07.868+0200] {processor.py:826} INFO - Processing file /home/akhilesh/py39/lib/python3.9/site-packages/airflow/example_dags/example_setup_teardown_taskflow.py for tasks to queue
[2023-08-14T11:11:07.870+0200] {logging_mixin.py:150} INFO - [2023-08-14T11:11:07.869+0200] {dagbag.py:541} INFO - Filling up the DagBag from /home/akhilesh/py39/lib/python3.9/site-packages/airflow/example_dags/example_setup_teardown_taskflow.py
[2023-08-14T11:11:07.873+0200] {processor.py:838} WARNING - No viable dags retrieved from /home/akhilesh/py39/lib/python3.9/site-packages/airflow/example_dags/example_setup_teardown_taskflow.py
[2023-08-14T11:11:07.885+0200] {processor.py:179} INFO - Processing /home/akhilesh/py39/lib/python3.9/site-packages/airflow/example_dags/example_setup_teardown_taskflow.py took 0.030 seconds
[2023-08-14T11:12:11.603+0200] {processor.py:157} INFO - Started process (PID=464084) to work on /home/akhilesh/py39/lib/python3.9/site-packages/airflow/example_dags/example_setup_teardown_taskflow.py
[2023-08-14T11:12:11.612+0200] {processor.py:826} INFO - Processing file /home/akhilesh/py39/lib/python3.9/site-packages/airflow/example_dags/example_setup_teardown_taskflow.py for tasks to queue
[2023-08-14T11:12:11.614+0200] {logging_mixin.py:150} INFO - [2023-08-14T11:12:11.613+0200] {dagbag.py:541} INFO - Filling up the DagBag from /home/akhilesh/py39/lib/python3.9/site-packages/airflow/example_dags/example_setup_teardown_taskflow.py
[2023-08-14T11:12:11.616+0200] {processor.py:838} WARNING - No viable dags retrieved from /home/akhilesh/py39/lib/python3.9/site-packages/airflow/example_dags/example_setup_teardown_taskflow.py
[2023-08-14T11:12:11.627+0200] {processor.py:179} INFO - Processing /home/akhilesh/py39/lib/python3.9/site-packages/airflow/example_dags/example_setup_teardown_taskflow.py took 0.028 seconds
[2023-08-14T11:12:59.788+0200] {processor.py:157} INFO - Started process (PID=464242) to work on /home/akhilesh/py39/lib/python3.9/site-packages/airflow/example_dags/example_setup_teardown_taskflow.py
[2023-08-14T11:12:59.797+0200] {processor.py:826} INFO - Processing file /home/akhilesh/py39/lib/python3.9/site-packages/airflow/example_dags/example_setup_teardown_taskflow.py for tasks to queue
[2023-08-14T11:12:59.798+0200] {logging_mixin.py:150} INFO - [2023-08-14T11:12:59.798+0200] {dagbag.py:541} INFO - Filling up the DagBag from /home/akhilesh/py39/lib/python3.9/site-packages/airflow/example_dags/example_setup_teardown_taskflow.py
[2023-08-14T11:12:59.801+0200] {processor.py:838} WARNING - No viable dags retrieved from /home/akhilesh/py39/lib/python3.9/site-packages/airflow/example_dags/example_setup_teardown_taskflow.py
[2023-08-14T11:12:59.814+0200] {processor.py:179} INFO - Processing /home/akhilesh/py39/lib/python3.9/site-packages/airflow/example_dags/example_setup_teardown_taskflow.py took 0.028 seconds
[2023-08-14T11:15:37.205+0200] {processor.py:157} INFO - Started process (PID=464920) to work on /home/akhilesh/py39/lib/python3.9/site-packages/airflow/example_dags/example_setup_teardown_taskflow.py
[2023-08-14T11:15:37.214+0200] {processor.py:826} INFO - Processing file /home/akhilesh/py39/lib/python3.9/site-packages/airflow/example_dags/example_setup_teardown_taskflow.py for tasks to queue
[2023-08-14T11:15:37.215+0200] {logging_mixin.py:150} INFO - [2023-08-14T11:15:37.214+0200] {dagbag.py:541} INFO - Filling up the DagBag from /home/akhilesh/py39/lib/python3.9/site-packages/airflow/example_dags/example_setup_teardown_taskflow.py
[2023-08-14T11:15:37.217+0200] {processor.py:838} WARNING - No viable dags retrieved from /home/akhilesh/py39/lib/python3.9/site-packages/airflow/example_dags/example_setup_teardown_taskflow.py
[2023-08-14T11:15:37.233+0200] {processor.py:179} INFO - Processing /home/akhilesh/py39/lib/python3.9/site-packages/airflow/example_dags/example_setup_teardown_taskflow.py took 0.032 seconds
[2023-08-14T11:16:31.853+0200] {processor.py:157} INFO - Started process (PID=465059) to work on /home/akhilesh/py39/lib/python3.9/site-packages/airflow/example_dags/example_setup_teardown_taskflow.py
[2023-08-14T11:16:31.863+0200] {processor.py:826} INFO - Processing file /home/akhilesh/py39/lib/python3.9/site-packages/airflow/example_dags/example_setup_teardown_taskflow.py for tasks to queue
[2023-08-14T11:16:31.864+0200] {logging_mixin.py:150} INFO - [2023-08-14T11:16:31.864+0200] {dagbag.py:541} INFO - Filling up the DagBag from /home/akhilesh/py39/lib/python3.9/site-packages/airflow/example_dags/example_setup_teardown_taskflow.py
[2023-08-14T11:16:31.867+0200] {processor.py:838} WARNING - No viable dags retrieved from /home/akhilesh/py39/lib/python3.9/site-packages/airflow/example_dags/example_setup_teardown_taskflow.py
[2023-08-14T11:16:31.882+0200] {processor.py:179} INFO - Processing /home/akhilesh/py39/lib/python3.9/site-packages/airflow/example_dags/example_setup_teardown_taskflow.py took 0.032 seconds
[2023-08-14T11:17:26.592+0200] {processor.py:157} INFO - Started process (PID=465236) to work on /home/akhilesh/py39/lib/python3.9/site-packages/airflow/example_dags/example_setup_teardown_taskflow.py
[2023-08-14T11:17:26.602+0200] {processor.py:826} INFO - Processing file /home/akhilesh/py39/lib/python3.9/site-packages/airflow/example_dags/example_setup_teardown_taskflow.py for tasks to queue
[2023-08-14T11:17:26.603+0200] {logging_mixin.py:150} INFO - [2023-08-14T11:17:26.603+0200] {dagbag.py:541} INFO - Filling up the DagBag from /home/akhilesh/py39/lib/python3.9/site-packages/airflow/example_dags/example_setup_teardown_taskflow.py
[2023-08-14T11:17:26.606+0200] {processor.py:838} WARNING - No viable dags retrieved from /home/akhilesh/py39/lib/python3.9/site-packages/airflow/example_dags/example_setup_teardown_taskflow.py
[2023-08-14T11:17:26.616+0200] {processor.py:179} INFO - Processing /home/akhilesh/py39/lib/python3.9/site-packages/airflow/example_dags/example_setup_teardown_taskflow.py took 0.028 seconds
[2023-08-14T11:18:19.568+0200] {processor.py:157} INFO - Started process (PID=465365) to work on /home/akhilesh/py39/lib/python3.9/site-packages/airflow/example_dags/example_setup_teardown_taskflow.py
[2023-08-14T11:18:19.577+0200] {processor.py:826} INFO - Processing file /home/akhilesh/py39/lib/python3.9/site-packages/airflow/example_dags/example_setup_teardown_taskflow.py for tasks to queue
[2023-08-14T11:18:19.579+0200] {logging_mixin.py:150} INFO - [2023-08-14T11:18:19.578+0200] {dagbag.py:541} INFO - Filling up the DagBag from /home/akhilesh/py39/lib/python3.9/site-packages/airflow/example_dags/example_setup_teardown_taskflow.py
[2023-08-14T11:18:19.582+0200] {processor.py:838} WARNING - No viable dags retrieved from /home/akhilesh/py39/lib/python3.9/site-packages/airflow/example_dags/example_setup_teardown_taskflow.py
[2023-08-14T11:18:19.595+0200] {processor.py:179} INFO - Processing /home/akhilesh/py39/lib/python3.9/site-packages/airflow/example_dags/example_setup_teardown_taskflow.py took 0.032 seconds
[2023-08-14T11:19:09.720+0200] {processor.py:157} INFO - Started process (PID=465663) to work on /home/akhilesh/py39/lib/python3.9/site-packages/airflow/example_dags/example_setup_teardown_taskflow.py
[2023-08-14T11:19:09.721+0200] {processor.py:826} INFO - Processing file /home/akhilesh/py39/lib/python3.9/site-packages/airflow/example_dags/example_setup_teardown_taskflow.py for tasks to queue
[2023-08-14T11:19:09.722+0200] {logging_mixin.py:150} INFO - [2023-08-14T11:19:09.722+0200] {dagbag.py:541} INFO - Filling up the DagBag from /home/akhilesh/py39/lib/python3.9/site-packages/airflow/example_dags/example_setup_teardown_taskflow.py
[2023-08-14T11:19:09.724+0200] {processor.py:838} WARNING - No viable dags retrieved from /home/akhilesh/py39/lib/python3.9/site-packages/airflow/example_dags/example_setup_teardown_taskflow.py
[2023-08-14T11:19:09.732+0200] {processor.py:179} INFO - Processing /home/akhilesh/py39/lib/python3.9/site-packages/airflow/example_dags/example_setup_teardown_taskflow.py took 0.016 seconds
[2023-08-14T11:20:55.197+0200] {processor.py:157} INFO - Started process (PID=466015) to work on /home/akhilesh/py39/lib/python3.9/site-packages/airflow/example_dags/example_setup_teardown_taskflow.py
[2023-08-14T11:20:55.199+0200] {processor.py:826} INFO - Processing file /home/akhilesh/py39/lib/python3.9/site-packages/airflow/example_dags/example_setup_teardown_taskflow.py for tasks to queue
[2023-08-14T11:20:55.200+0200] {logging_mixin.py:150} INFO - [2023-08-14T11:20:55.199+0200] {dagbag.py:541} INFO - Filling up the DagBag from /home/akhilesh/py39/lib/python3.9/site-packages/airflow/example_dags/example_setup_teardown_taskflow.py
[2023-08-14T11:20:55.202+0200] {processor.py:838} WARNING - No viable dags retrieved from /home/akhilesh/py39/lib/python3.9/site-packages/airflow/example_dags/example_setup_teardown_taskflow.py
[2023-08-14T11:20:55.214+0200] {processor.py:179} INFO - Processing /home/akhilesh/py39/lib/python3.9/site-packages/airflow/example_dags/example_setup_teardown_taskflow.py took 0.020 seconds
[2023-08-14T11:21:40.722+0200] {processor.py:157} INFO - Started process (PID=466150) to work on /home/akhilesh/py39/lib/python3.9/site-packages/airflow/example_dags/example_setup_teardown_taskflow.py
[2023-08-14T11:21:40.731+0200] {processor.py:826} INFO - Processing file /home/akhilesh/py39/lib/python3.9/site-packages/airflow/example_dags/example_setup_teardown_taskflow.py for tasks to queue
[2023-08-14T11:21:40.733+0200] {logging_mixin.py:150} INFO - [2023-08-14T11:21:40.732+0200] {dagbag.py:541} INFO - Filling up the DagBag from /home/akhilesh/py39/lib/python3.9/site-packages/airflow/example_dags/example_setup_teardown_taskflow.py
[2023-08-14T11:21:40.735+0200] {processor.py:838} WARNING - No viable dags retrieved from /home/akhilesh/py39/lib/python3.9/site-packages/airflow/example_dags/example_setup_teardown_taskflow.py
[2023-08-14T11:21:40.747+0200] {processor.py:179} INFO - Processing /home/akhilesh/py39/lib/python3.9/site-packages/airflow/example_dags/example_setup_teardown_taskflow.py took 0.029 seconds
[2023-08-14T11:22:35.009+0200] {processor.py:157} INFO - Started process (PID=466305) to work on /home/akhilesh/py39/lib/python3.9/site-packages/airflow/example_dags/example_setup_teardown_taskflow.py
[2023-08-14T11:22:35.019+0200] {processor.py:826} INFO - Processing file /home/akhilesh/py39/lib/python3.9/site-packages/airflow/example_dags/example_setup_teardown_taskflow.py for tasks to queue
[2023-08-14T11:22:35.020+0200] {logging_mixin.py:150} INFO - [2023-08-14T11:22:35.020+0200] {dagbag.py:541} INFO - Filling up the DagBag from /home/akhilesh/py39/lib/python3.9/site-packages/airflow/example_dags/example_setup_teardown_taskflow.py
[2023-08-14T11:22:35.023+0200] {processor.py:838} WARNING - No viable dags retrieved from /home/akhilesh/py39/lib/python3.9/site-packages/airflow/example_dags/example_setup_teardown_taskflow.py
[2023-08-14T11:22:35.035+0200] {processor.py:179} INFO - Processing /home/akhilesh/py39/lib/python3.9/site-packages/airflow/example_dags/example_setup_teardown_taskflow.py took 0.030 seconds
[2023-08-14T11:23:27.651+0200] {processor.py:157} INFO - Started process (PID=466967) to work on /home/akhilesh/py39/lib/python3.9/site-packages/airflow/example_dags/example_setup_teardown_taskflow.py
[2023-08-14T11:23:27.660+0200] {processor.py:826} INFO - Processing file /home/akhilesh/py39/lib/python3.9/site-packages/airflow/example_dags/example_setup_teardown_taskflow.py for tasks to queue
[2023-08-14T11:23:27.661+0200] {logging_mixin.py:150} INFO - [2023-08-14T11:23:27.661+0200] {dagbag.py:541} INFO - Filling up the DagBag from /home/akhilesh/py39/lib/python3.9/site-packages/airflow/example_dags/example_setup_teardown_taskflow.py
[2023-08-14T11:23:27.664+0200] {processor.py:838} WARNING - No viable dags retrieved from /home/akhilesh/py39/lib/python3.9/site-packages/airflow/example_dags/example_setup_teardown_taskflow.py
[2023-08-14T11:23:27.675+0200] {processor.py:179} INFO - Processing /home/akhilesh/py39/lib/python3.9/site-packages/airflow/example_dags/example_setup_teardown_taskflow.py took 0.029 seconds
[2023-08-14T11:24:16.941+0200] {processor.py:157} INFO - Started process (PID=467178) to work on /home/akhilesh/py39/lib/python3.9/site-packages/airflow/example_dags/example_setup_teardown_taskflow.py
[2023-08-14T11:24:16.951+0200] {processor.py:826} INFO - Processing file /home/akhilesh/py39/lib/python3.9/site-packages/airflow/example_dags/example_setup_teardown_taskflow.py for tasks to queue
[2023-08-14T11:24:16.952+0200] {logging_mixin.py:150} INFO - [2023-08-14T11:24:16.951+0200] {dagbag.py:541} INFO - Filling up the DagBag from /home/akhilesh/py39/lib/python3.9/site-packages/airflow/example_dags/example_setup_teardown_taskflow.py
[2023-08-14T11:24:16.955+0200] {processor.py:838} WARNING - No viable dags retrieved from /home/akhilesh/py39/lib/python3.9/site-packages/airflow/example_dags/example_setup_teardown_taskflow.py
[2023-08-14T11:24:16.970+0200] {processor.py:179} INFO - Processing /home/akhilesh/py39/lib/python3.9/site-packages/airflow/example_dags/example_setup_teardown_taskflow.py took 0.035 seconds
[2023-08-14T11:25:06.732+0200] {processor.py:157} INFO - Started process (PID=467467) to work on /home/akhilesh/py39/lib/python3.9/site-packages/airflow/example_dags/example_setup_teardown_taskflow.py
[2023-08-14T11:25:06.734+0200] {processor.py:826} INFO - Processing file /home/akhilesh/py39/lib/python3.9/site-packages/airflow/example_dags/example_setup_teardown_taskflow.py for tasks to queue
[2023-08-14T11:25:06.735+0200] {logging_mixin.py:150} INFO - [2023-08-14T11:25:06.735+0200] {dagbag.py:541} INFO - Filling up the DagBag from /home/akhilesh/py39/lib/python3.9/site-packages/airflow/example_dags/example_setup_teardown_taskflow.py
[2023-08-14T11:25:06.737+0200] {processor.py:838} WARNING - No viable dags retrieved from /home/akhilesh/py39/lib/python3.9/site-packages/airflow/example_dags/example_setup_teardown_taskflow.py
[2023-08-14T11:25:06.745+0200] {processor.py:179} INFO - Processing /home/akhilesh/py39/lib/python3.9/site-packages/airflow/example_dags/example_setup_teardown_taskflow.py took 0.016 seconds
