[2023-08-14T10:21:53.142+0200] {processor.py:157} INFO - Started process (PID=452838) to work on /home/akhilesh/py39/lib/python3.9/site-packages/airflow/example_dags/example_task_group_decorator.py
[2023-08-14T10:21:53.143+0200] {processor.py:826} INFO - Processing file /home/akhilesh/py39/lib/python3.9/site-packages/airflow/example_dags/example_task_group_decorator.py for tasks to queue
[2023-08-14T10:21:53.144+0200] {logging_mixin.py:150} INFO - [2023-08-14T10:21:53.144+0200] {dagbag.py:541} INFO - Filling up the DagBag from /home/akhilesh/py39/lib/python3.9/site-packages/airflow/example_dags/example_task_group_decorator.py
[2023-08-14T10:21:53.158+0200] {processor.py:836} INFO - DAG(s) dict_keys(['example_task_group_decorator']) retrieved from /home/akhilesh/py39/lib/python3.9/site-packages/airflow/example_dags/example_task_group_decorator.py
[2023-08-14T10:21:53.181+0200] {logging_mixin.py:150} INFO - [2023-08-14T10:21:53.180+0200] {dag.py:2742} INFO - Sync 1 DAGs
[2023-08-14T10:21:53.417+0200] {logging_mixin.py:150} INFO - [2023-08-14T10:21:53.417+0200] {dag.py:3504} INFO - Setting next_dagrun for example_task_group_decorator to 2023-08-13T08:21:53.417179+00:00, run_after=2023-08-14T08:21:53.417179+00:00
[2023-08-14T10:21:53.437+0200] {processor.py:179} INFO - Processing /home/akhilesh/py39/lib/python3.9/site-packages/airflow/example_dags/example_task_group_decorator.py took 0.299 seconds
[2023-08-14T10:22:54.079+0200] {processor.py:157} INFO - Started process (PID=453520) to work on /home/akhilesh/py39/lib/python3.9/site-packages/airflow/example_dags/example_task_group_decorator.py
[2023-08-14T10:22:54.088+0200] {processor.py:826} INFO - Processing file /home/akhilesh/py39/lib/python3.9/site-packages/airflow/example_dags/example_task_group_decorator.py for tasks to queue
[2023-08-14T10:22:54.090+0200] {logging_mixin.py:150} INFO - [2023-08-14T10:22:54.089+0200] {dagbag.py:541} INFO - Filling up the DagBag from /home/akhilesh/py39/lib/python3.9/site-packages/airflow/example_dags/example_task_group_decorator.py
[2023-08-14T10:22:54.109+0200] {processor.py:836} INFO - DAG(s) dict_keys(['example_task_group_decorator']) retrieved from /home/akhilesh/py39/lib/python3.9/site-packages/airflow/example_dags/example_task_group_decorator.py
[2023-08-14T10:22:54.125+0200] {logging_mixin.py:150} INFO - [2023-08-14T10:22:54.125+0200] {dag.py:2742} INFO - Sync 1 DAGs
[2023-08-14T10:22:54.140+0200] {logging_mixin.py:150} INFO - [2023-08-14T10:22:54.140+0200] {dag.py:3504} INFO - Setting next_dagrun for example_task_group_decorator to 2023-08-13T08:22:54.139998+00:00, run_after=2023-08-14T08:22:54.139998+00:00
[2023-08-14T10:22:54.157+0200] {processor.py:179} INFO - Processing /home/akhilesh/py39/lib/python3.9/site-packages/airflow/example_dags/example_task_group_decorator.py took 0.082 seconds
[2023-08-14T10:23:53.410+0200] {processor.py:157} INFO - Started process (PID=453796) to work on /home/akhilesh/py39/lib/python3.9/site-packages/airflow/example_dags/example_task_group_decorator.py
[2023-08-14T10:23:53.411+0200] {processor.py:826} INFO - Processing file /home/akhilesh/py39/lib/python3.9/site-packages/airflow/example_dags/example_task_group_decorator.py for tasks to queue
[2023-08-14T10:23:53.412+0200] {logging_mixin.py:150} INFO - [2023-08-14T10:23:53.412+0200] {dagbag.py:541} INFO - Filling up the DagBag from /home/akhilesh/py39/lib/python3.9/site-packages/airflow/example_dags/example_task_group_decorator.py
[2023-08-14T10:23:53.423+0200] {processor.py:836} INFO - DAG(s) dict_keys(['example_task_group_decorator']) retrieved from /home/akhilesh/py39/lib/python3.9/site-packages/airflow/example_dags/example_task_group_decorator.py
[2023-08-14T10:23:53.439+0200] {logging_mixin.py:150} INFO - [2023-08-14T10:23:53.439+0200] {dag.py:2742} INFO - Sync 1 DAGs
[2023-08-14T10:23:53.455+0200] {logging_mixin.py:150} INFO - [2023-08-14T10:23:53.454+0200] {dag.py:3504} INFO - Setting next_dagrun for example_task_group_decorator to 2023-08-13T08:23:53.454563+00:00, run_after=2023-08-14T08:23:53.454563+00:00
[2023-08-14T10:23:53.477+0200] {processor.py:179} INFO - Processing /home/akhilesh/py39/lib/python3.9/site-packages/airflow/example_dags/example_task_group_decorator.py took 0.071 seconds
[2023-08-14T10:24:56.356+0200] {processor.py:157} INFO - Started process (PID=454023) to work on /home/akhilesh/py39/lib/python3.9/site-packages/airflow/example_dags/example_task_group_decorator.py
[2023-08-14T10:24:56.365+0200] {processor.py:826} INFO - Processing file /home/akhilesh/py39/lib/python3.9/site-packages/airflow/example_dags/example_task_group_decorator.py for tasks to queue
[2023-08-14T10:24:56.366+0200] {logging_mixin.py:150} INFO - [2023-08-14T10:24:56.366+0200] {dagbag.py:541} INFO - Filling up the DagBag from /home/akhilesh/py39/lib/python3.9/site-packages/airflow/example_dags/example_task_group_decorator.py
[2023-08-14T10:24:56.382+0200] {processor.py:836} INFO - DAG(s) dict_keys(['example_task_group_decorator']) retrieved from /home/akhilesh/py39/lib/python3.9/site-packages/airflow/example_dags/example_task_group_decorator.py
[2023-08-14T10:24:56.398+0200] {logging_mixin.py:150} INFO - [2023-08-14T10:24:56.398+0200] {dag.py:2742} INFO - Sync 1 DAGs
[2023-08-14T10:24:56.522+0200] {logging_mixin.py:150} INFO - [2023-08-14T10:24:56.521+0200] {dag.py:3504} INFO - Setting next_dagrun for example_task_group_decorator to 2023-08-13T08:24:56.521663+00:00, run_after=2023-08-14T08:24:56.521663+00:00
[2023-08-14T10:24:56.563+0200] {processor.py:179} INFO - Processing /home/akhilesh/py39/lib/python3.9/site-packages/airflow/example_dags/example_task_group_decorator.py took 0.211 seconds
[2023-08-14T10:25:48.669+0200] {processor.py:157} INFO - Started process (PID=454176) to work on /home/akhilesh/py39/lib/python3.9/site-packages/airflow/example_dags/example_task_group_decorator.py
[2023-08-14T10:25:48.671+0200] {processor.py:826} INFO - Processing file /home/akhilesh/py39/lib/python3.9/site-packages/airflow/example_dags/example_task_group_decorator.py for tasks to queue
[2023-08-14T10:25:48.672+0200] {logging_mixin.py:150} INFO - [2023-08-14T10:25:48.671+0200] {dagbag.py:541} INFO - Filling up the DagBag from /home/akhilesh/py39/lib/python3.9/site-packages/airflow/example_dags/example_task_group_decorator.py
[2023-08-14T10:25:48.683+0200] {processor.py:836} INFO - DAG(s) dict_keys(['example_task_group_decorator']) retrieved from /home/akhilesh/py39/lib/python3.9/site-packages/airflow/example_dags/example_task_group_decorator.py
[2023-08-14T10:25:48.699+0200] {logging_mixin.py:150} INFO - [2023-08-14T10:25:48.699+0200] {dag.py:2742} INFO - Sync 1 DAGs
[2023-08-14T10:25:48.714+0200] {logging_mixin.py:150} INFO - [2023-08-14T10:25:48.714+0200] {dag.py:3504} INFO - Setting next_dagrun for example_task_group_decorator to 2023-08-13T08:25:48.714013+00:00, run_after=2023-08-14T08:25:48.714013+00:00
[2023-08-14T10:25:48.733+0200] {processor.py:179} INFO - Processing /home/akhilesh/py39/lib/python3.9/site-packages/airflow/example_dags/example_task_group_decorator.py took 0.067 seconds
[2023-08-14T10:26:49.744+0200] {processor.py:157} INFO - Started process (PID=454506) to work on /home/akhilesh/py39/lib/python3.9/site-packages/airflow/example_dags/example_task_group_decorator.py
[2023-08-14T10:26:49.753+0200] {processor.py:826} INFO - Processing file /home/akhilesh/py39/lib/python3.9/site-packages/airflow/example_dags/example_task_group_decorator.py for tasks to queue
[2023-08-14T10:26:49.754+0200] {logging_mixin.py:150} INFO - [2023-08-14T10:26:49.754+0200] {dagbag.py:541} INFO - Filling up the DagBag from /home/akhilesh/py39/lib/python3.9/site-packages/airflow/example_dags/example_task_group_decorator.py
[2023-08-14T10:26:49.767+0200] {processor.py:836} INFO - DAG(s) dict_keys(['example_task_group_decorator']) retrieved from /home/akhilesh/py39/lib/python3.9/site-packages/airflow/example_dags/example_task_group_decorator.py
[2023-08-14T10:26:49.781+0200] {logging_mixin.py:150} INFO - [2023-08-14T10:26:49.780+0200] {dag.py:2742} INFO - Sync 1 DAGs
[2023-08-14T10:26:49.868+0200] {logging_mixin.py:150} INFO - [2023-08-14T10:26:49.868+0200] {dag.py:3504} INFO - Setting next_dagrun for example_task_group_decorator to 2023-08-13T08:26:49.868462+00:00, run_after=2023-08-14T08:26:49.868462+00:00
[2023-08-14T10:26:49.897+0200] {processor.py:179} INFO - Processing /home/akhilesh/py39/lib/python3.9/site-packages/airflow/example_dags/example_task_group_decorator.py took 0.156 seconds
[2023-08-14T10:27:48.032+0200] {processor.py:157} INFO - Started process (PID=454850) to work on /home/akhilesh/py39/lib/python3.9/site-packages/airflow/example_dags/example_task_group_decorator.py
[2023-08-14T10:27:48.041+0200] {processor.py:826} INFO - Processing file /home/akhilesh/py39/lib/python3.9/site-packages/airflow/example_dags/example_task_group_decorator.py for tasks to queue
[2023-08-14T10:27:48.042+0200] {logging_mixin.py:150} INFO - [2023-08-14T10:27:48.042+0200] {dagbag.py:541} INFO - Filling up the DagBag from /home/akhilesh/py39/lib/python3.9/site-packages/airflow/example_dags/example_task_group_decorator.py
[2023-08-14T10:27:48.059+0200] {processor.py:836} INFO - DAG(s) dict_keys(['example_task_group_decorator']) retrieved from /home/akhilesh/py39/lib/python3.9/site-packages/airflow/example_dags/example_task_group_decorator.py
[2023-08-14T10:27:48.078+0200] {logging_mixin.py:150} INFO - [2023-08-14T10:27:48.078+0200] {dag.py:2742} INFO - Sync 1 DAGs
[2023-08-14T10:27:48.096+0200] {logging_mixin.py:150} INFO - [2023-08-14T10:27:48.096+0200] {dag.py:3504} INFO - Setting next_dagrun for example_task_group_decorator to 2023-08-13T08:27:48.094374+00:00, run_after=2023-08-14T08:27:48.094374+00:00
[2023-08-14T10:27:48.212+0200] {processor.py:179} INFO - Processing /home/akhilesh/py39/lib/python3.9/site-packages/airflow/example_dags/example_task_group_decorator.py took 0.185 seconds
[2023-08-14T10:28:48.613+0200] {processor.py:157} INFO - Started process (PID=455027) to work on /home/akhilesh/py39/lib/python3.9/site-packages/airflow/example_dags/example_task_group_decorator.py
[2023-08-14T10:28:48.623+0200] {processor.py:826} INFO - Processing file /home/akhilesh/py39/lib/python3.9/site-packages/airflow/example_dags/example_task_group_decorator.py for tasks to queue
[2023-08-14T10:28:48.624+0200] {logging_mixin.py:150} INFO - [2023-08-14T10:28:48.624+0200] {dagbag.py:541} INFO - Filling up the DagBag from /home/akhilesh/py39/lib/python3.9/site-packages/airflow/example_dags/example_task_group_decorator.py
[2023-08-14T10:28:48.642+0200] {processor.py:836} INFO - DAG(s) dict_keys(['example_task_group_decorator']) retrieved from /home/akhilesh/py39/lib/python3.9/site-packages/airflow/example_dags/example_task_group_decorator.py
[2023-08-14T10:28:48.661+0200] {logging_mixin.py:150} INFO - [2023-08-14T10:28:48.660+0200] {dag.py:2742} INFO - Sync 1 DAGs
[2023-08-14T10:28:48.677+0200] {logging_mixin.py:150} INFO - [2023-08-14T10:28:48.677+0200] {dag.py:3504} INFO - Setting next_dagrun for example_task_group_decorator to 2023-08-13T08:28:48.676941+00:00, run_after=2023-08-14T08:28:48.676941+00:00
[2023-08-14T10:28:48.698+0200] {processor.py:179} INFO - Processing /home/akhilesh/py39/lib/python3.9/site-packages/airflow/example_dags/example_task_group_decorator.py took 0.088 seconds
[2023-08-14T10:29:58.965+0200] {processor.py:157} INFO - Started process (PID=455256) to work on /home/akhilesh/py39/lib/python3.9/site-packages/airflow/example_dags/example_task_group_decorator.py
[2023-08-14T10:29:58.974+0200] {processor.py:826} INFO - Processing file /home/akhilesh/py39/lib/python3.9/site-packages/airflow/example_dags/example_task_group_decorator.py for tasks to queue
[2023-08-14T10:29:58.975+0200] {logging_mixin.py:150} INFO - [2023-08-14T10:29:58.975+0200] {dagbag.py:541} INFO - Filling up the DagBag from /home/akhilesh/py39/lib/python3.9/site-packages/airflow/example_dags/example_task_group_decorator.py
[2023-08-14T10:29:58.993+0200] {processor.py:836} INFO - DAG(s) dict_keys(['example_task_group_decorator']) retrieved from /home/akhilesh/py39/lib/python3.9/site-packages/airflow/example_dags/example_task_group_decorator.py
[2023-08-14T10:29:59.112+0200] {logging_mixin.py:150} INFO - [2023-08-14T10:29:59.112+0200] {dag.py:2742} INFO - Sync 1 DAGs
[2023-08-14T10:29:59.123+0200] {logging_mixin.py:150} INFO - [2023-08-14T10:29:59.123+0200] {dag.py:3504} INFO - Setting next_dagrun for example_task_group_decorator to 2023-08-13T08:29:59.123349+00:00, run_after=2023-08-14T08:29:59.123349+00:00
[2023-08-14T10:29:59.143+0200] {processor.py:179} INFO - Processing /home/akhilesh/py39/lib/python3.9/site-packages/airflow/example_dags/example_task_group_decorator.py took 0.182 seconds
[2023-08-14T10:31:06.606+0200] {processor.py:157} INFO - Started process (PID=455480) to work on /home/akhilesh/py39/lib/python3.9/site-packages/airflow/example_dags/example_task_group_decorator.py
[2023-08-14T10:31:06.613+0200] {processor.py:826} INFO - Processing file /home/akhilesh/py39/lib/python3.9/site-packages/airflow/example_dags/example_task_group_decorator.py for tasks to queue
[2023-08-14T10:31:06.614+0200] {logging_mixin.py:150} INFO - [2023-08-14T10:31:06.613+0200] {dagbag.py:541} INFO - Filling up the DagBag from /home/akhilesh/py39/lib/python3.9/site-packages/airflow/example_dags/example_task_group_decorator.py
[2023-08-14T10:31:06.630+0200] {processor.py:836} INFO - DAG(s) dict_keys(['example_task_group_decorator']) retrieved from /home/akhilesh/py39/lib/python3.9/site-packages/airflow/example_dags/example_task_group_decorator.py
[2023-08-14T10:31:06.648+0200] {logging_mixin.py:150} INFO - [2023-08-14T10:31:06.648+0200] {dag.py:2742} INFO - Sync 1 DAGs
[2023-08-14T10:31:06.664+0200] {logging_mixin.py:150} INFO - [2023-08-14T10:31:06.663+0200] {dag.py:3504} INFO - Setting next_dagrun for example_task_group_decorator to 2023-08-13T08:31:06.663759+00:00, run_after=2023-08-14T08:31:06.663759+00:00
[2023-08-14T10:31:06.684+0200] {processor.py:179} INFO - Processing /home/akhilesh/py39/lib/python3.9/site-packages/airflow/example_dags/example_task_group_decorator.py took 0.082 seconds
[2023-08-14T10:31:56.214+0200] {processor.py:157} INFO - Started process (PID=455624) to work on /home/akhilesh/py39/lib/python3.9/site-packages/airflow/example_dags/example_task_group_decorator.py
[2023-08-14T10:31:56.223+0200] {processor.py:826} INFO - Processing file /home/akhilesh/py39/lib/python3.9/site-packages/airflow/example_dags/example_task_group_decorator.py for tasks to queue
[2023-08-14T10:31:56.224+0200] {logging_mixin.py:150} INFO - [2023-08-14T10:31:56.223+0200] {dagbag.py:541} INFO - Filling up the DagBag from /home/akhilesh/py39/lib/python3.9/site-packages/airflow/example_dags/example_task_group_decorator.py
[2023-08-14T10:31:56.242+0200] {processor.py:836} INFO - DAG(s) dict_keys(['example_task_group_decorator']) retrieved from /home/akhilesh/py39/lib/python3.9/site-packages/airflow/example_dags/example_task_group_decorator.py
[2023-08-14T10:31:56.258+0200] {logging_mixin.py:150} INFO - [2023-08-14T10:31:56.258+0200] {dag.py:2742} INFO - Sync 1 DAGs
[2023-08-14T10:31:56.274+0200] {logging_mixin.py:150} INFO - [2023-08-14T10:31:56.273+0200] {dag.py:3504} INFO - Setting next_dagrun for example_task_group_decorator to 2023-08-13T08:31:56.273745+00:00, run_after=2023-08-14T08:31:56.273745+00:00
[2023-08-14T10:31:56.296+0200] {processor.py:179} INFO - Processing /home/akhilesh/py39/lib/python3.9/site-packages/airflow/example_dags/example_task_group_decorator.py took 0.086 seconds
[2023-08-14T10:32:44.818+0200] {processor.py:157} INFO - Started process (PID=455894) to work on /home/akhilesh/py39/lib/python3.9/site-packages/airflow/example_dags/example_task_group_decorator.py
[2023-08-14T10:32:44.827+0200] {processor.py:826} INFO - Processing file /home/akhilesh/py39/lib/python3.9/site-packages/airflow/example_dags/example_task_group_decorator.py for tasks to queue
[2023-08-14T10:32:44.829+0200] {logging_mixin.py:150} INFO - [2023-08-14T10:32:44.828+0200] {dagbag.py:541} INFO - Filling up the DagBag from /home/akhilesh/py39/lib/python3.9/site-packages/airflow/example_dags/example_task_group_decorator.py
[2023-08-14T10:32:44.844+0200] {processor.py:836} INFO - DAG(s) dict_keys(['example_task_group_decorator']) retrieved from /home/akhilesh/py39/lib/python3.9/site-packages/airflow/example_dags/example_task_group_decorator.py
[2023-08-14T10:32:44.860+0200] {logging_mixin.py:150} INFO - [2023-08-14T10:32:44.859+0200] {dag.py:2742} INFO - Sync 1 DAGs
[2023-08-14T10:32:44.875+0200] {logging_mixin.py:150} INFO - [2023-08-14T10:32:44.875+0200] {dag.py:3504} INFO - Setting next_dagrun for example_task_group_decorator to 2023-08-13T08:32:44.875232+00:00, run_after=2023-08-14T08:32:44.875232+00:00
[2023-08-14T10:32:44.900+0200] {processor.py:179} INFO - Processing /home/akhilesh/py39/lib/python3.9/site-packages/airflow/example_dags/example_task_group_decorator.py took 0.086 seconds
[2023-08-14T10:33:36.672+0200] {processor.py:157} INFO - Started process (PID=456014) to work on /home/akhilesh/py39/lib/python3.9/site-packages/airflow/example_dags/example_task_group_decorator.py
[2023-08-14T10:33:36.673+0200] {processor.py:826} INFO - Processing file /home/akhilesh/py39/lib/python3.9/site-packages/airflow/example_dags/example_task_group_decorator.py for tasks to queue
[2023-08-14T10:33:36.674+0200] {logging_mixin.py:150} INFO - [2023-08-14T10:33:36.674+0200] {dagbag.py:541} INFO - Filling up the DagBag from /home/akhilesh/py39/lib/python3.9/site-packages/airflow/example_dags/example_task_group_decorator.py
[2023-08-14T10:33:36.688+0200] {processor.py:836} INFO - DAG(s) dict_keys(['example_task_group_decorator']) retrieved from /home/akhilesh/py39/lib/python3.9/site-packages/airflow/example_dags/example_task_group_decorator.py
[2023-08-14T10:33:36.705+0200] {logging_mixin.py:150} INFO - [2023-08-14T10:33:36.704+0200] {dag.py:2742} INFO - Sync 1 DAGs
[2023-08-14T10:33:36.725+0200] {logging_mixin.py:150} INFO - [2023-08-14T10:33:36.725+0200] {dag.py:3504} INFO - Setting next_dagrun for example_task_group_decorator to 2023-08-13T08:33:36.725449+00:00, run_after=2023-08-14T08:33:36.725449+00:00
[2023-08-14T10:33:36.752+0200] {processor.py:179} INFO - Processing /home/akhilesh/py39/lib/python3.9/site-packages/airflow/example_dags/example_task_group_decorator.py took 0.085 seconds
[2023-08-14T10:34:31.069+0200] {processor.py:157} INFO - Started process (PID=456163) to work on /home/akhilesh/py39/lib/python3.9/site-packages/airflow/example_dags/example_task_group_decorator.py
[2023-08-14T10:34:31.078+0200] {processor.py:826} INFO - Processing file /home/akhilesh/py39/lib/python3.9/site-packages/airflow/example_dags/example_task_group_decorator.py for tasks to queue
[2023-08-14T10:34:31.079+0200] {logging_mixin.py:150} INFO - [2023-08-14T10:34:31.079+0200] {dagbag.py:541} INFO - Filling up the DagBag from /home/akhilesh/py39/lib/python3.9/site-packages/airflow/example_dags/example_task_group_decorator.py
[2023-08-14T10:34:31.096+0200] {processor.py:836} INFO - DAG(s) dict_keys(['example_task_group_decorator']) retrieved from /home/akhilesh/py39/lib/python3.9/site-packages/airflow/example_dags/example_task_group_decorator.py
[2023-08-14T10:34:31.112+0200] {logging_mixin.py:150} INFO - [2023-08-14T10:34:31.112+0200] {dag.py:2742} INFO - Sync 1 DAGs
[2023-08-14T10:34:31.128+0200] {logging_mixin.py:150} INFO - [2023-08-14T10:34:31.128+0200] {dag.py:3504} INFO - Setting next_dagrun for example_task_group_decorator to 2023-08-13T08:34:31.128000+00:00, run_after=2023-08-14T08:34:31.128000+00:00
[2023-08-14T10:34:31.151+0200] {processor.py:179} INFO - Processing /home/akhilesh/py39/lib/python3.9/site-packages/airflow/example_dags/example_task_group_decorator.py took 0.086 seconds
[2023-08-14T10:35:24.142+0200] {processor.py:157} INFO - Started process (PID=456301) to work on /home/akhilesh/py39/lib/python3.9/site-packages/airflow/example_dags/example_task_group_decorator.py
[2023-08-14T10:35:24.151+0200] {processor.py:826} INFO - Processing file /home/akhilesh/py39/lib/python3.9/site-packages/airflow/example_dags/example_task_group_decorator.py for tasks to queue
[2023-08-14T10:35:24.153+0200] {logging_mixin.py:150} INFO - [2023-08-14T10:35:24.152+0200] {dagbag.py:541} INFO - Filling up the DagBag from /home/akhilesh/py39/lib/python3.9/site-packages/airflow/example_dags/example_task_group_decorator.py
[2023-08-14T10:35:24.168+0200] {processor.py:836} INFO - DAG(s) dict_keys(['example_task_group_decorator']) retrieved from /home/akhilesh/py39/lib/python3.9/site-packages/airflow/example_dags/example_task_group_decorator.py
[2023-08-14T10:35:24.184+0200] {logging_mixin.py:150} INFO - [2023-08-14T10:35:24.184+0200] {dag.py:2742} INFO - Sync 1 DAGs
[2023-08-14T10:35:24.199+0200] {logging_mixin.py:150} INFO - [2023-08-14T10:35:24.198+0200] {dag.py:3504} INFO - Setting next_dagrun for example_task_group_decorator to 2023-08-13T08:35:24.198513+00:00, run_after=2023-08-14T08:35:24.198513+00:00
[2023-08-14T10:35:24.222+0200] {processor.py:179} INFO - Processing /home/akhilesh/py39/lib/python3.9/site-packages/airflow/example_dags/example_task_group_decorator.py took 0.084 seconds
[2023-08-14T10:36:15.651+0200] {processor.py:157} INFO - Started process (PID=456454) to work on /home/akhilesh/py39/lib/python3.9/site-packages/airflow/example_dags/example_task_group_decorator.py
[2023-08-14T10:36:15.660+0200] {processor.py:826} INFO - Processing file /home/akhilesh/py39/lib/python3.9/site-packages/airflow/example_dags/example_task_group_decorator.py for tasks to queue
[2023-08-14T10:36:15.661+0200] {logging_mixin.py:150} INFO - [2023-08-14T10:36:15.661+0200] {dagbag.py:541} INFO - Filling up the DagBag from /home/akhilesh/py39/lib/python3.9/site-packages/airflow/example_dags/example_task_group_decorator.py
[2023-08-14T10:36:15.677+0200] {processor.py:836} INFO - DAG(s) dict_keys(['example_task_group_decorator']) retrieved from /home/akhilesh/py39/lib/python3.9/site-packages/airflow/example_dags/example_task_group_decorator.py
[2023-08-14T10:36:15.695+0200] {logging_mixin.py:150} INFO - [2023-08-14T10:36:15.695+0200] {dag.py:2742} INFO - Sync 1 DAGs
[2023-08-14T10:36:15.713+0200] {logging_mixin.py:150} INFO - [2023-08-14T10:36:15.713+0200] {dag.py:3504} INFO - Setting next_dagrun for example_task_group_decorator to 2023-08-13T08:36:15.712776+00:00, run_after=2023-08-14T08:36:15.712776+00:00
[2023-08-14T10:36:15.742+0200] {processor.py:179} INFO - Processing /home/akhilesh/py39/lib/python3.9/site-packages/airflow/example_dags/example_task_group_decorator.py took 0.095 seconds
[2023-08-14T10:37:06.223+0200] {processor.py:157} INFO - Started process (PID=456590) to work on /home/akhilesh/py39/lib/python3.9/site-packages/airflow/example_dags/example_task_group_decorator.py
[2023-08-14T10:37:06.224+0200] {processor.py:826} INFO - Processing file /home/akhilesh/py39/lib/python3.9/site-packages/airflow/example_dags/example_task_group_decorator.py for tasks to queue
[2023-08-14T10:37:06.225+0200] {logging_mixin.py:150} INFO - [2023-08-14T10:37:06.224+0200] {dagbag.py:541} INFO - Filling up the DagBag from /home/akhilesh/py39/lib/python3.9/site-packages/airflow/example_dags/example_task_group_decorator.py
[2023-08-14T10:37:06.236+0200] {processor.py:836} INFO - DAG(s) dict_keys(['example_task_group_decorator']) retrieved from /home/akhilesh/py39/lib/python3.9/site-packages/airflow/example_dags/example_task_group_decorator.py
[2023-08-14T10:37:06.254+0200] {logging_mixin.py:150} INFO - [2023-08-14T10:37:06.254+0200] {dag.py:2742} INFO - Sync 1 DAGs
[2023-08-14T10:37:06.310+0200] {logging_mixin.py:150} INFO - [2023-08-14T10:37:06.308+0200] {dag.py:3504} INFO - Setting next_dagrun for example_task_group_decorator to 2023-08-13T08:37:06.307463+00:00, run_after=2023-08-14T08:37:06.307463+00:00
[2023-08-14T10:37:06.380+0200] {processor.py:179} INFO - Processing /home/akhilesh/py39/lib/python3.9/site-packages/airflow/example_dags/example_task_group_decorator.py took 0.161 seconds
[2023-08-14T10:37:55.738+0200] {processor.py:157} INFO - Started process (PID=456733) to work on /home/akhilesh/py39/lib/python3.9/site-packages/airflow/example_dags/example_task_group_decorator.py
[2023-08-14T10:37:55.747+0200] {processor.py:826} INFO - Processing file /home/akhilesh/py39/lib/python3.9/site-packages/airflow/example_dags/example_task_group_decorator.py for tasks to queue
[2023-08-14T10:37:55.748+0200] {logging_mixin.py:150} INFO - [2023-08-14T10:37:55.748+0200] {dagbag.py:541} INFO - Filling up the DagBag from /home/akhilesh/py39/lib/python3.9/site-packages/airflow/example_dags/example_task_group_decorator.py
[2023-08-14T10:37:55.768+0200] {processor.py:836} INFO - DAG(s) dict_keys(['example_task_group_decorator']) retrieved from /home/akhilesh/py39/lib/python3.9/site-packages/airflow/example_dags/example_task_group_decorator.py
[2023-08-14T10:37:55.782+0200] {logging_mixin.py:150} INFO - [2023-08-14T10:37:55.782+0200] {dag.py:2742} INFO - Sync 1 DAGs
[2023-08-14T10:37:55.796+0200] {logging_mixin.py:150} INFO - [2023-08-14T10:37:55.796+0200] {dag.py:3504} INFO - Setting next_dagrun for example_task_group_decorator to 2023-08-13T08:37:55.796636+00:00, run_after=2023-08-14T08:37:55.796636+00:00
[2023-08-14T10:37:55.820+0200] {processor.py:179} INFO - Processing /home/akhilesh/py39/lib/python3.9/site-packages/airflow/example_dags/example_task_group_decorator.py took 0.085 seconds
[2023-08-14T10:38:45.160+0200] {processor.py:157} INFO - Started process (PID=456844) to work on /home/akhilesh/py39/lib/python3.9/site-packages/airflow/example_dags/example_task_group_decorator.py
[2023-08-14T10:38:45.169+0200] {processor.py:826} INFO - Processing file /home/akhilesh/py39/lib/python3.9/site-packages/airflow/example_dags/example_task_group_decorator.py for tasks to queue
[2023-08-14T10:38:45.171+0200] {logging_mixin.py:150} INFO - [2023-08-14T10:38:45.170+0200] {dagbag.py:541} INFO - Filling up the DagBag from /home/akhilesh/py39/lib/python3.9/site-packages/airflow/example_dags/example_task_group_decorator.py
[2023-08-14T10:38:45.185+0200] {processor.py:836} INFO - DAG(s) dict_keys(['example_task_group_decorator']) retrieved from /home/akhilesh/py39/lib/python3.9/site-packages/airflow/example_dags/example_task_group_decorator.py
[2023-08-14T10:38:45.202+0200] {logging_mixin.py:150} INFO - [2023-08-14T10:38:45.202+0200] {dag.py:2742} INFO - Sync 1 DAGs
[2023-08-14T10:38:45.220+0200] {logging_mixin.py:150} INFO - [2023-08-14T10:38:45.220+0200] {dag.py:3504} INFO - Setting next_dagrun for example_task_group_decorator to 2023-08-13T08:38:45.219822+00:00, run_after=2023-08-14T08:38:45.219822+00:00
[2023-08-14T10:38:45.251+0200] {processor.py:179} INFO - Processing /home/akhilesh/py39/lib/python3.9/site-packages/airflow/example_dags/example_task_group_decorator.py took 0.095 seconds
[2023-08-14T10:40:11.019+0200] {processor.py:157} INFO - Started process (PID=457356) to work on /home/akhilesh/py39/lib/python3.9/site-packages/airflow/example_dags/example_task_group_decorator.py
[2023-08-14T10:40:11.021+0200] {processor.py:826} INFO - Processing file /home/akhilesh/py39/lib/python3.9/site-packages/airflow/example_dags/example_task_group_decorator.py for tasks to queue
[2023-08-14T10:40:11.023+0200] {logging_mixin.py:150} INFO - [2023-08-14T10:40:11.023+0200] {dagbag.py:541} INFO - Filling up the DagBag from /home/akhilesh/py39/lib/python3.9/site-packages/airflow/example_dags/example_task_group_decorator.py
[2023-08-14T10:40:11.043+0200] {processor.py:836} INFO - DAG(s) dict_keys(['example_task_group_decorator']) retrieved from /home/akhilesh/py39/lib/python3.9/site-packages/airflow/example_dags/example_task_group_decorator.py
[2023-08-14T10:40:11.089+0200] {logging_mixin.py:150} INFO - [2023-08-14T10:40:11.089+0200] {dag.py:2742} INFO - Sync 1 DAGs
[2023-08-14T10:40:11.132+0200] {logging_mixin.py:150} INFO - [2023-08-14T10:40:11.132+0200] {dag.py:3504} INFO - Setting next_dagrun for example_task_group_decorator to 2023-08-13T08:40:11.131899+00:00, run_after=2023-08-14T08:40:11.131899+00:00
[2023-08-14T10:40:11.211+0200] {processor.py:179} INFO - Processing /home/akhilesh/py39/lib/python3.9/site-packages/airflow/example_dags/example_task_group_decorator.py took 0.197 seconds
[2023-08-14T10:41:52.386+0200] {processor.py:157} INFO - Started process (PID=457645) to work on /home/akhilesh/py39/lib/python3.9/site-packages/airflow/example_dags/example_task_group_decorator.py
[2023-08-14T10:41:52.395+0200] {processor.py:826} INFO - Processing file /home/akhilesh/py39/lib/python3.9/site-packages/airflow/example_dags/example_task_group_decorator.py for tasks to queue
[2023-08-14T10:41:52.396+0200] {logging_mixin.py:150} INFO - [2023-08-14T10:41:52.396+0200] {dagbag.py:541} INFO - Filling up the DagBag from /home/akhilesh/py39/lib/python3.9/site-packages/airflow/example_dags/example_task_group_decorator.py
[2023-08-14T10:41:52.410+0200] {processor.py:836} INFO - DAG(s) dict_keys(['example_task_group_decorator']) retrieved from /home/akhilesh/py39/lib/python3.9/site-packages/airflow/example_dags/example_task_group_decorator.py
[2023-08-14T10:41:52.427+0200] {logging_mixin.py:150} INFO - [2023-08-14T10:41:52.426+0200] {dag.py:2742} INFO - Sync 1 DAGs
[2023-08-14T10:41:52.439+0200] {logging_mixin.py:150} INFO - [2023-08-14T10:41:52.439+0200] {dag.py:3504} INFO - Setting next_dagrun for example_task_group_decorator to 2023-08-13T08:41:52.438918+00:00, run_after=2023-08-14T08:41:52.438918+00:00
[2023-08-14T10:41:52.461+0200] {processor.py:179} INFO - Processing /home/akhilesh/py39/lib/python3.9/site-packages/airflow/example_dags/example_task_group_decorator.py took 0.079 seconds
[2023-08-14T10:42:39.310+0200] {processor.py:157} INFO - Started process (PID=457816) to work on /home/akhilesh/py39/lib/python3.9/site-packages/airflow/example_dags/example_task_group_decorator.py
[2023-08-14T10:42:39.320+0200] {processor.py:826} INFO - Processing file /home/akhilesh/py39/lib/python3.9/site-packages/airflow/example_dags/example_task_group_decorator.py for tasks to queue
[2023-08-14T10:42:39.322+0200] {logging_mixin.py:150} INFO - [2023-08-14T10:42:39.321+0200] {dagbag.py:541} INFO - Filling up the DagBag from /home/akhilesh/py39/lib/python3.9/site-packages/airflow/example_dags/example_task_group_decorator.py
[2023-08-14T10:42:39.335+0200] {processor.py:836} INFO - DAG(s) dict_keys(['example_task_group_decorator']) retrieved from /home/akhilesh/py39/lib/python3.9/site-packages/airflow/example_dags/example_task_group_decorator.py
[2023-08-14T10:42:39.354+0200] {logging_mixin.py:150} INFO - [2023-08-14T10:42:39.354+0200] {dag.py:2742} INFO - Sync 1 DAGs
[2023-08-14T10:42:39.377+0200] {logging_mixin.py:150} INFO - [2023-08-14T10:42:39.377+0200] {dag.py:3504} INFO - Setting next_dagrun for example_task_group_decorator to 2023-08-13T08:42:39.377212+00:00, run_after=2023-08-14T08:42:39.377212+00:00
[2023-08-14T10:42:39.408+0200] {processor.py:179} INFO - Processing /home/akhilesh/py39/lib/python3.9/site-packages/airflow/example_dags/example_task_group_decorator.py took 0.103 seconds
[2023-08-14T10:44:43.597+0200] {processor.py:157} INFO - Started process (PID=458335) to work on /home/akhilesh/py39/lib/python3.9/site-packages/airflow/example_dags/example_task_group_decorator.py
[2023-08-14T10:44:43.599+0200] {processor.py:826} INFO - Processing file /home/akhilesh/py39/lib/python3.9/site-packages/airflow/example_dags/example_task_group_decorator.py for tasks to queue
[2023-08-14T10:44:43.600+0200] {logging_mixin.py:150} INFO - [2023-08-14T10:44:43.599+0200] {dagbag.py:541} INFO - Filling up the DagBag from /home/akhilesh/py39/lib/python3.9/site-packages/airflow/example_dags/example_task_group_decorator.py
[2023-08-14T10:44:43.610+0200] {processor.py:836} INFO - DAG(s) dict_keys(['example_task_group_decorator']) retrieved from /home/akhilesh/py39/lib/python3.9/site-packages/airflow/example_dags/example_task_group_decorator.py
[2023-08-14T10:44:43.628+0200] {logging_mixin.py:150} INFO - [2023-08-14T10:44:43.627+0200] {dag.py:2742} INFO - Sync 1 DAGs
[2023-08-14T10:44:43.641+0200] {logging_mixin.py:150} INFO - [2023-08-14T10:44:43.640+0200] {dag.py:3504} INFO - Setting next_dagrun for example_task_group_decorator to 2023-08-13T08:44:43.640570+00:00, run_after=2023-08-14T08:44:43.640570+00:00
[2023-08-14T10:44:43.664+0200] {processor.py:179} INFO - Processing /home/akhilesh/py39/lib/python3.9/site-packages/airflow/example_dags/example_task_group_decorator.py took 0.070 seconds
[2023-08-14T10:45:32.310+0200] {processor.py:157} INFO - Started process (PID=458510) to work on /home/akhilesh/py39/lib/python3.9/site-packages/airflow/example_dags/example_task_group_decorator.py
[2023-08-14T10:45:32.320+0200] {processor.py:826} INFO - Processing file /home/akhilesh/py39/lib/python3.9/site-packages/airflow/example_dags/example_task_group_decorator.py for tasks to queue
[2023-08-14T10:45:32.321+0200] {logging_mixin.py:150} INFO - [2023-08-14T10:45:32.321+0200] {dagbag.py:541} INFO - Filling up the DagBag from /home/akhilesh/py39/lib/python3.9/site-packages/airflow/example_dags/example_task_group_decorator.py
[2023-08-14T10:45:32.336+0200] {processor.py:836} INFO - DAG(s) dict_keys(['example_task_group_decorator']) retrieved from /home/akhilesh/py39/lib/python3.9/site-packages/airflow/example_dags/example_task_group_decorator.py
[2023-08-14T10:45:32.352+0200] {logging_mixin.py:150} INFO - [2023-08-14T10:45:32.352+0200] {dag.py:2742} INFO - Sync 1 DAGs
[2023-08-14T10:45:32.365+0200] {logging_mixin.py:150} INFO - [2023-08-14T10:45:32.365+0200] {dag.py:3504} INFO - Setting next_dagrun for example_task_group_decorator to 2023-08-13T08:45:32.365103+00:00, run_after=2023-08-14T08:45:32.365103+00:00
[2023-08-14T10:45:32.386+0200] {processor.py:179} INFO - Processing /home/akhilesh/py39/lib/python3.9/site-packages/airflow/example_dags/example_task_group_decorator.py took 0.080 seconds
[2023-08-14T10:46:20.075+0200] {processor.py:157} INFO - Started process (PID=458807) to work on /home/akhilesh/py39/lib/python3.9/site-packages/airflow/example_dags/example_task_group_decorator.py
[2023-08-14T10:46:20.084+0200] {processor.py:826} INFO - Processing file /home/akhilesh/py39/lib/python3.9/site-packages/airflow/example_dags/example_task_group_decorator.py for tasks to queue
[2023-08-14T10:46:20.085+0200] {logging_mixin.py:150} INFO - [2023-08-14T10:46:20.085+0200] {dagbag.py:541} INFO - Filling up the DagBag from /home/akhilesh/py39/lib/python3.9/site-packages/airflow/example_dags/example_task_group_decorator.py
[2023-08-14T10:46:20.100+0200] {processor.py:836} INFO - DAG(s) dict_keys(['example_task_group_decorator']) retrieved from /home/akhilesh/py39/lib/python3.9/site-packages/airflow/example_dags/example_task_group_decorator.py
[2023-08-14T10:46:20.116+0200] {logging_mixin.py:150} INFO - [2023-08-14T10:46:20.116+0200] {dag.py:2742} INFO - Sync 1 DAGs
[2023-08-14T10:46:20.130+0200] {logging_mixin.py:150} INFO - [2023-08-14T10:46:20.130+0200] {dag.py:3504} INFO - Setting next_dagrun for example_task_group_decorator to 2023-08-13T08:46:20.129801+00:00, run_after=2023-08-14T08:46:20.129801+00:00
[2023-08-14T10:46:20.159+0200] {processor.py:179} INFO - Processing /home/akhilesh/py39/lib/python3.9/site-packages/airflow/example_dags/example_task_group_decorator.py took 0.088 seconds
[2023-08-14T10:47:13.276+0200] {processor.py:157} INFO - Started process (PID=458964) to work on /home/akhilesh/py39/lib/python3.9/site-packages/airflow/example_dags/example_task_group_decorator.py
[2023-08-14T10:47:13.285+0200] {processor.py:826} INFO - Processing file /home/akhilesh/py39/lib/python3.9/site-packages/airflow/example_dags/example_task_group_decorator.py for tasks to queue
[2023-08-14T10:47:13.286+0200] {logging_mixin.py:150} INFO - [2023-08-14T10:47:13.285+0200] {dagbag.py:541} INFO - Filling up the DagBag from /home/akhilesh/py39/lib/python3.9/site-packages/airflow/example_dags/example_task_group_decorator.py
[2023-08-14T10:47:13.301+0200] {processor.py:836} INFO - DAG(s) dict_keys(['example_task_group_decorator']) retrieved from /home/akhilesh/py39/lib/python3.9/site-packages/airflow/example_dags/example_task_group_decorator.py
[2023-08-14T10:47:13.317+0200] {logging_mixin.py:150} INFO - [2023-08-14T10:47:13.317+0200] {dag.py:2742} INFO - Sync 1 DAGs
[2023-08-14T10:47:13.330+0200] {logging_mixin.py:150} INFO - [2023-08-14T10:47:13.330+0200] {dag.py:3504} INFO - Setting next_dagrun for example_task_group_decorator to 2023-08-13T08:47:13.330263+00:00, run_after=2023-08-14T08:47:13.330263+00:00
[2023-08-14T10:47:13.352+0200] {processor.py:179} INFO - Processing /home/akhilesh/py39/lib/python3.9/site-packages/airflow/example_dags/example_task_group_decorator.py took 0.080 seconds
[2023-08-14T10:48:06.491+0200] {processor.py:157} INFO - Started process (PID=459170) to work on /home/akhilesh/py39/lib/python3.9/site-packages/airflow/example_dags/example_task_group_decorator.py
[2023-08-14T10:48:06.500+0200] {processor.py:826} INFO - Processing file /home/akhilesh/py39/lib/python3.9/site-packages/airflow/example_dags/example_task_group_decorator.py for tasks to queue
[2023-08-14T10:48:06.502+0200] {logging_mixin.py:150} INFO - [2023-08-14T10:48:06.501+0200] {dagbag.py:541} INFO - Filling up the DagBag from /home/akhilesh/py39/lib/python3.9/site-packages/airflow/example_dags/example_task_group_decorator.py
[2023-08-14T10:48:06.519+0200] {processor.py:836} INFO - DAG(s) dict_keys(['example_task_group_decorator']) retrieved from /home/akhilesh/py39/lib/python3.9/site-packages/airflow/example_dags/example_task_group_decorator.py
[2023-08-14T10:48:06.544+0200] {logging_mixin.py:150} INFO - [2023-08-14T10:48:06.544+0200] {dag.py:2742} INFO - Sync 1 DAGs
[2023-08-14T10:48:06.563+0200] {logging_mixin.py:150} INFO - [2023-08-14T10:48:06.563+0200] {dag.py:3504} INFO - Setting next_dagrun for example_task_group_decorator to 2023-08-13T08:48:06.563148+00:00, run_after=2023-08-14T08:48:06.563148+00:00
[2023-08-14T10:48:06.596+0200] {processor.py:179} INFO - Processing /home/akhilesh/py39/lib/python3.9/site-packages/airflow/example_dags/example_task_group_decorator.py took 0.108 seconds
[2023-08-14T10:49:03.863+0200] {processor.py:157} INFO - Started process (PID=459336) to work on /home/akhilesh/py39/lib/python3.9/site-packages/airflow/example_dags/example_task_group_decorator.py
[2023-08-14T10:49:03.868+0200] {processor.py:826} INFO - Processing file /home/akhilesh/py39/lib/python3.9/site-packages/airflow/example_dags/example_task_group_decorator.py for tasks to queue
[2023-08-14T10:49:03.869+0200] {logging_mixin.py:150} INFO - [2023-08-14T10:49:03.868+0200] {dagbag.py:541} INFO - Filling up the DagBag from /home/akhilesh/py39/lib/python3.9/site-packages/airflow/example_dags/example_task_group_decorator.py
[2023-08-14T10:49:03.888+0200] {processor.py:836} INFO - DAG(s) dict_keys(['example_task_group_decorator']) retrieved from /home/akhilesh/py39/lib/python3.9/site-packages/airflow/example_dags/example_task_group_decorator.py
[2023-08-14T10:49:03.908+0200] {logging_mixin.py:150} INFO - [2023-08-14T10:49:03.908+0200] {dag.py:2742} INFO - Sync 1 DAGs
[2023-08-14T10:49:03.928+0200] {logging_mixin.py:150} INFO - [2023-08-14T10:49:03.928+0200] {dag.py:3504} INFO - Setting next_dagrun for example_task_group_decorator to 2023-08-13T08:49:03.927760+00:00, run_after=2023-08-14T08:49:03.927760+00:00
[2023-08-14T10:49:03.951+0200] {processor.py:179} INFO - Processing /home/akhilesh/py39/lib/python3.9/site-packages/airflow/example_dags/example_task_group_decorator.py took 0.091 seconds
[2023-08-14T10:49:52.922+0200] {processor.py:157} INFO - Started process (PID=459490) to work on /home/akhilesh/py39/lib/python3.9/site-packages/airflow/example_dags/example_task_group_decorator.py
[2023-08-14T10:49:52.931+0200] {processor.py:826} INFO - Processing file /home/akhilesh/py39/lib/python3.9/site-packages/airflow/example_dags/example_task_group_decorator.py for tasks to queue
[2023-08-14T10:49:52.933+0200] {logging_mixin.py:150} INFO - [2023-08-14T10:49:52.932+0200] {dagbag.py:541} INFO - Filling up the DagBag from /home/akhilesh/py39/lib/python3.9/site-packages/airflow/example_dags/example_task_group_decorator.py
[2023-08-14T10:49:52.948+0200] {processor.py:836} INFO - DAG(s) dict_keys(['example_task_group_decorator']) retrieved from /home/akhilesh/py39/lib/python3.9/site-packages/airflow/example_dags/example_task_group_decorator.py
[2023-08-14T10:49:52.965+0200] {logging_mixin.py:150} INFO - [2023-08-14T10:49:52.965+0200] {dag.py:2742} INFO - Sync 1 DAGs
[2023-08-14T10:49:52.979+0200] {logging_mixin.py:150} INFO - [2023-08-14T10:49:52.979+0200] {dag.py:3504} INFO - Setting next_dagrun for example_task_group_decorator to 2023-08-13T08:49:52.979127+00:00, run_after=2023-08-14T08:49:52.979127+00:00
[2023-08-14T10:49:53.002+0200] {processor.py:179} INFO - Processing /home/akhilesh/py39/lib/python3.9/site-packages/airflow/example_dags/example_task_group_decorator.py took 0.086 seconds
[2023-08-14T10:50:43.423+0200] {processor.py:157} INFO - Started process (PID=459721) to work on /home/akhilesh/py39/lib/python3.9/site-packages/airflow/example_dags/example_task_group_decorator.py
[2023-08-14T10:50:43.432+0200] {processor.py:826} INFO - Processing file /home/akhilesh/py39/lib/python3.9/site-packages/airflow/example_dags/example_task_group_decorator.py for tasks to queue
[2023-08-14T10:50:43.433+0200] {logging_mixin.py:150} INFO - [2023-08-14T10:50:43.433+0200] {dagbag.py:541} INFO - Filling up the DagBag from /home/akhilesh/py39/lib/python3.9/site-packages/airflow/example_dags/example_task_group_decorator.py
[2023-08-14T10:50:43.450+0200] {processor.py:836} INFO - DAG(s) dict_keys(['example_task_group_decorator']) retrieved from /home/akhilesh/py39/lib/python3.9/site-packages/airflow/example_dags/example_task_group_decorator.py
[2023-08-14T10:50:43.468+0200] {logging_mixin.py:150} INFO - [2023-08-14T10:50:43.468+0200] {dag.py:2742} INFO - Sync 1 DAGs
[2023-08-14T10:50:43.483+0200] {logging_mixin.py:150} INFO - [2023-08-14T10:50:43.483+0200] {dag.py:3504} INFO - Setting next_dagrun for example_task_group_decorator to 2023-08-13T08:50:43.483360+00:00, run_after=2023-08-14T08:50:43.483360+00:00
[2023-08-14T10:50:43.507+0200] {processor.py:179} INFO - Processing /home/akhilesh/py39/lib/python3.9/site-packages/airflow/example_dags/example_task_group_decorator.py took 0.088 seconds
[2023-08-14T10:51:35.150+0200] {processor.py:157} INFO - Started process (PID=459851) to work on /home/akhilesh/py39/lib/python3.9/site-packages/airflow/example_dags/example_task_group_decorator.py
[2023-08-14T10:51:35.159+0200] {processor.py:826} INFO - Processing file /home/akhilesh/py39/lib/python3.9/site-packages/airflow/example_dags/example_task_group_decorator.py for tasks to queue
[2023-08-14T10:51:35.161+0200] {logging_mixin.py:150} INFO - [2023-08-14T10:51:35.160+0200] {dagbag.py:541} INFO - Filling up the DagBag from /home/akhilesh/py39/lib/python3.9/site-packages/airflow/example_dags/example_task_group_decorator.py
[2023-08-14T10:51:35.176+0200] {processor.py:836} INFO - DAG(s) dict_keys(['example_task_group_decorator']) retrieved from /home/akhilesh/py39/lib/python3.9/site-packages/airflow/example_dags/example_task_group_decorator.py
[2023-08-14T10:51:35.194+0200] {logging_mixin.py:150} INFO - [2023-08-14T10:51:35.194+0200] {dag.py:2742} INFO - Sync 1 DAGs
[2023-08-14T10:51:35.208+0200] {logging_mixin.py:150} INFO - [2023-08-14T10:51:35.208+0200] {dag.py:3504} INFO - Setting next_dagrun for example_task_group_decorator to 2023-08-13T08:51:35.208186+00:00, run_after=2023-08-14T08:51:35.208186+00:00
[2023-08-14T10:51:35.232+0200] {processor.py:179} INFO - Processing /home/akhilesh/py39/lib/python3.9/site-packages/airflow/example_dags/example_task_group_decorator.py took 0.086 seconds
[2023-08-14T10:52:23.665+0200] {processor.py:157} INFO - Started process (PID=459957) to work on /home/akhilesh/py39/lib/python3.9/site-packages/airflow/example_dags/example_task_group_decorator.py
[2023-08-14T10:52:23.674+0200] {processor.py:826} INFO - Processing file /home/akhilesh/py39/lib/python3.9/site-packages/airflow/example_dags/example_task_group_decorator.py for tasks to queue
[2023-08-14T10:52:23.675+0200] {logging_mixin.py:150} INFO - [2023-08-14T10:52:23.675+0200] {dagbag.py:541} INFO - Filling up the DagBag from /home/akhilesh/py39/lib/python3.9/site-packages/airflow/example_dags/example_task_group_decorator.py
[2023-08-14T10:52:23.689+0200] {processor.py:836} INFO - DAG(s) dict_keys(['example_task_group_decorator']) retrieved from /home/akhilesh/py39/lib/python3.9/site-packages/airflow/example_dags/example_task_group_decorator.py
[2023-08-14T10:52:23.703+0200] {logging_mixin.py:150} INFO - [2023-08-14T10:52:23.702+0200] {dag.py:2742} INFO - Sync 1 DAGs
[2023-08-14T10:52:23.713+0200] {logging_mixin.py:150} INFO - [2023-08-14T10:52:23.713+0200] {dag.py:3504} INFO - Setting next_dagrun for example_task_group_decorator to 2023-08-13T08:52:23.713357+00:00, run_after=2023-08-14T08:52:23.713357+00:00
[2023-08-14T10:52:23.742+0200] {processor.py:179} INFO - Processing /home/akhilesh/py39/lib/python3.9/site-packages/airflow/example_dags/example_task_group_decorator.py took 0.081 seconds
[2023-08-14T10:53:14.132+0200] {processor.py:157} INFO - Started process (PID=460165) to work on /home/akhilesh/py39/lib/python3.9/site-packages/airflow/example_dags/example_task_group_decorator.py
[2023-08-14T10:53:14.141+0200] {processor.py:826} INFO - Processing file /home/akhilesh/py39/lib/python3.9/site-packages/airflow/example_dags/example_task_group_decorator.py for tasks to queue
[2023-08-14T10:53:14.143+0200] {logging_mixin.py:150} INFO - [2023-08-14T10:53:14.142+0200] {dagbag.py:541} INFO - Filling up the DagBag from /home/akhilesh/py39/lib/python3.9/site-packages/airflow/example_dags/example_task_group_decorator.py
[2023-08-14T10:53:14.156+0200] {processor.py:836} INFO - DAG(s) dict_keys(['example_task_group_decorator']) retrieved from /home/akhilesh/py39/lib/python3.9/site-packages/airflow/example_dags/example_task_group_decorator.py
[2023-08-14T10:53:14.173+0200] {logging_mixin.py:150} INFO - [2023-08-14T10:53:14.173+0200] {dag.py:2742} INFO - Sync 1 DAGs
[2023-08-14T10:53:14.187+0200] {logging_mixin.py:150} INFO - [2023-08-14T10:53:14.187+0200] {dag.py:3504} INFO - Setting next_dagrun for example_task_group_decorator to 2023-08-13T08:53:14.187122+00:00, run_after=2023-08-14T08:53:14.187122+00:00
[2023-08-14T10:53:14.212+0200] {processor.py:179} INFO - Processing /home/akhilesh/py39/lib/python3.9/site-packages/airflow/example_dags/example_task_group_decorator.py took 0.083 seconds
[2023-08-14T10:54:07.373+0200] {processor.py:157} INFO - Started process (PID=460341) to work on /home/akhilesh/py39/lib/python3.9/site-packages/airflow/example_dags/example_task_group_decorator.py
[2023-08-14T10:54:07.382+0200] {processor.py:826} INFO - Processing file /home/akhilesh/py39/lib/python3.9/site-packages/airflow/example_dags/example_task_group_decorator.py for tasks to queue
[2023-08-14T10:54:07.384+0200] {logging_mixin.py:150} INFO - [2023-08-14T10:54:07.383+0200] {dagbag.py:541} INFO - Filling up the DagBag from /home/akhilesh/py39/lib/python3.9/site-packages/airflow/example_dags/example_task_group_decorator.py
[2023-08-14T10:54:07.398+0200] {processor.py:836} INFO - DAG(s) dict_keys(['example_task_group_decorator']) retrieved from /home/akhilesh/py39/lib/python3.9/site-packages/airflow/example_dags/example_task_group_decorator.py
[2023-08-14T10:54:07.414+0200] {logging_mixin.py:150} INFO - [2023-08-14T10:54:07.414+0200] {dag.py:2742} INFO - Sync 1 DAGs
[2023-08-14T10:54:07.427+0200] {logging_mixin.py:150} INFO - [2023-08-14T10:54:07.427+0200] {dag.py:3504} INFO - Setting next_dagrun for example_task_group_decorator to 2023-08-13T08:54:07.426988+00:00, run_after=2023-08-14T08:54:07.426988+00:00
[2023-08-14T10:54:07.449+0200] {processor.py:179} INFO - Processing /home/akhilesh/py39/lib/python3.9/site-packages/airflow/example_dags/example_task_group_decorator.py took 0.079 seconds
[2023-08-14T10:54:59.909+0200] {processor.py:157} INFO - Started process (PID=460525) to work on /home/akhilesh/py39/lib/python3.9/site-packages/airflow/example_dags/example_task_group_decorator.py
[2023-08-14T10:54:59.919+0200] {processor.py:826} INFO - Processing file /home/akhilesh/py39/lib/python3.9/site-packages/airflow/example_dags/example_task_group_decorator.py for tasks to queue
[2023-08-14T10:54:59.920+0200] {logging_mixin.py:150} INFO - [2023-08-14T10:54:59.919+0200] {dagbag.py:541} INFO - Filling up the DagBag from /home/akhilesh/py39/lib/python3.9/site-packages/airflow/example_dags/example_task_group_decorator.py
[2023-08-14T10:54:59.937+0200] {processor.py:836} INFO - DAG(s) dict_keys(['example_task_group_decorator']) retrieved from /home/akhilesh/py39/lib/python3.9/site-packages/airflow/example_dags/example_task_group_decorator.py
[2023-08-14T10:54:59.955+0200] {logging_mixin.py:150} INFO - [2023-08-14T10:54:59.955+0200] {dag.py:2742} INFO - Sync 1 DAGs
[2023-08-14T10:54:59.971+0200] {logging_mixin.py:150} INFO - [2023-08-14T10:54:59.971+0200] {dag.py:3504} INFO - Setting next_dagrun for example_task_group_decorator to 2023-08-13T08:54:59.971463+00:00, run_after=2023-08-14T08:54:59.971463+00:00
[2023-08-14T10:55:00.000+0200] {processor.py:179} INFO - Processing /home/akhilesh/py39/lib/python3.9/site-packages/airflow/example_dags/example_task_group_decorator.py took 0.094 seconds
[2023-08-14T10:55:48.008+0200] {processor.py:157} INFO - Started process (PID=460669) to work on /home/akhilesh/py39/lib/python3.9/site-packages/airflow/example_dags/example_task_group_decorator.py
[2023-08-14T10:55:48.009+0200] {processor.py:826} INFO - Processing file /home/akhilesh/py39/lib/python3.9/site-packages/airflow/example_dags/example_task_group_decorator.py for tasks to queue
[2023-08-14T10:55:48.010+0200] {logging_mixin.py:150} INFO - [2023-08-14T10:55:48.009+0200] {dagbag.py:541} INFO - Filling up the DagBag from /home/akhilesh/py39/lib/python3.9/site-packages/airflow/example_dags/example_task_group_decorator.py
[2023-08-14T10:55:48.024+0200] {processor.py:836} INFO - DAG(s) dict_keys(['example_task_group_decorator']) retrieved from /home/akhilesh/py39/lib/python3.9/site-packages/airflow/example_dags/example_task_group_decorator.py
[2023-08-14T10:55:48.040+0200] {logging_mixin.py:150} INFO - [2023-08-14T10:55:48.040+0200] {dag.py:2742} INFO - Sync 1 DAGs
[2023-08-14T10:55:48.054+0200] {logging_mixin.py:150} INFO - [2023-08-14T10:55:48.054+0200] {dag.py:3504} INFO - Setting next_dagrun for example_task_group_decorator to 2023-08-13T08:55:48.053763+00:00, run_after=2023-08-14T08:55:48.053763+00:00
[2023-08-14T10:55:48.081+0200] {processor.py:179} INFO - Processing /home/akhilesh/py39/lib/python3.9/site-packages/airflow/example_dags/example_task_group_decorator.py took 0.077 seconds
[2023-08-14T10:56:35.655+0200] {processor.py:157} INFO - Started process (PID=460841) to work on /home/akhilesh/py39/lib/python3.9/site-packages/airflow/example_dags/example_task_group_decorator.py
[2023-08-14T10:56:35.658+0200] {processor.py:826} INFO - Processing file /home/akhilesh/py39/lib/python3.9/site-packages/airflow/example_dags/example_task_group_decorator.py for tasks to queue
[2023-08-14T10:56:35.659+0200] {logging_mixin.py:150} INFO - [2023-08-14T10:56:35.659+0200] {dagbag.py:541} INFO - Filling up the DagBag from /home/akhilesh/py39/lib/python3.9/site-packages/airflow/example_dags/example_task_group_decorator.py
[2023-08-14T10:56:35.676+0200] {processor.py:836} INFO - DAG(s) dict_keys(['example_task_group_decorator']) retrieved from /home/akhilesh/py39/lib/python3.9/site-packages/airflow/example_dags/example_task_group_decorator.py
[2023-08-14T10:56:35.692+0200] {logging_mixin.py:150} INFO - [2023-08-14T10:56:35.692+0200] {dag.py:2742} INFO - Sync 1 DAGs
[2023-08-14T10:56:35.702+0200] {logging_mixin.py:150} INFO - [2023-08-14T10:56:35.702+0200] {dag.py:3504} INFO - Setting next_dagrun for example_task_group_decorator to 2023-08-13T08:56:35.702262+00:00, run_after=2023-08-14T08:56:35.702262+00:00
[2023-08-14T10:56:35.728+0200] {processor.py:179} INFO - Processing /home/akhilesh/py39/lib/python3.9/site-packages/airflow/example_dags/example_task_group_decorator.py took 0.076 seconds
[2023-08-14T10:57:26.415+0200] {processor.py:157} INFO - Started process (PID=461009) to work on /home/akhilesh/py39/lib/python3.9/site-packages/airflow/example_dags/example_task_group_decorator.py
[2023-08-14T10:57:26.417+0200] {processor.py:826} INFO - Processing file /home/akhilesh/py39/lib/python3.9/site-packages/airflow/example_dags/example_task_group_decorator.py for tasks to queue
[2023-08-14T10:57:26.418+0200] {logging_mixin.py:150} INFO - [2023-08-14T10:57:26.418+0200] {dagbag.py:541} INFO - Filling up the DagBag from /home/akhilesh/py39/lib/python3.9/site-packages/airflow/example_dags/example_task_group_decorator.py
[2023-08-14T10:57:26.432+0200] {processor.py:836} INFO - DAG(s) dict_keys(['example_task_group_decorator']) retrieved from /home/akhilesh/py39/lib/python3.9/site-packages/airflow/example_dags/example_task_group_decorator.py
[2023-08-14T10:57:26.449+0200] {logging_mixin.py:150} INFO - [2023-08-14T10:57:26.449+0200] {dag.py:2742} INFO - Sync 1 DAGs
[2023-08-14T10:57:26.465+0200] {logging_mixin.py:150} INFO - [2023-08-14T10:57:26.464+0200] {dag.py:3504} INFO - Setting next_dagrun for example_task_group_decorator to 2023-08-13T08:57:26.464353+00:00, run_after=2023-08-14T08:57:26.464353+00:00
[2023-08-14T10:57:26.490+0200] {processor.py:179} INFO - Processing /home/akhilesh/py39/lib/python3.9/site-packages/airflow/example_dags/example_task_group_decorator.py took 0.079 seconds
[2023-08-14T10:58:09.992+0200] {processor.py:157} INFO - Started process (PID=461236) to work on /home/akhilesh/py39/lib/python3.9/site-packages/airflow/example_dags/example_task_group_decorator.py
[2023-08-14T10:58:10.000+0200] {processor.py:826} INFO - Processing file /home/akhilesh/py39/lib/python3.9/site-packages/airflow/example_dags/example_task_group_decorator.py for tasks to queue
[2023-08-14T10:58:10.002+0200] {logging_mixin.py:150} INFO - [2023-08-14T10:58:10.001+0200] {dagbag.py:541} INFO - Filling up the DagBag from /home/akhilesh/py39/lib/python3.9/site-packages/airflow/example_dags/example_task_group_decorator.py
[2023-08-14T10:58:10.019+0200] {processor.py:836} INFO - DAG(s) dict_keys(['example_task_group_decorator']) retrieved from /home/akhilesh/py39/lib/python3.9/site-packages/airflow/example_dags/example_task_group_decorator.py
[2023-08-14T10:58:10.033+0200] {logging_mixin.py:150} INFO - [2023-08-14T10:58:10.032+0200] {dag.py:2742} INFO - Sync 1 DAGs
[2023-08-14T10:58:10.043+0200] {logging_mixin.py:150} INFO - [2023-08-14T10:58:10.043+0200] {dag.py:3504} INFO - Setting next_dagrun for example_task_group_decorator to 2023-08-13T08:58:10.043080+00:00, run_after=2023-08-14T08:58:10.043080+00:00
[2023-08-14T10:58:10.059+0200] {processor.py:179} INFO - Processing /home/akhilesh/py39/lib/python3.9/site-packages/airflow/example_dags/example_task_group_decorator.py took 0.070 seconds
[2023-08-14T10:58:59.091+0200] {processor.py:157} INFO - Started process (PID=461393) to work on /home/akhilesh/py39/lib/python3.9/site-packages/airflow/example_dags/example_task_group_decorator.py
[2023-08-14T10:58:59.100+0200] {processor.py:826} INFO - Processing file /home/akhilesh/py39/lib/python3.9/site-packages/airflow/example_dags/example_task_group_decorator.py for tasks to queue
[2023-08-14T10:58:59.101+0200] {logging_mixin.py:150} INFO - [2023-08-14T10:58:59.101+0200] {dagbag.py:541} INFO - Filling up the DagBag from /home/akhilesh/py39/lib/python3.9/site-packages/airflow/example_dags/example_task_group_decorator.py
[2023-08-14T10:58:59.116+0200] {processor.py:836} INFO - DAG(s) dict_keys(['example_task_group_decorator']) retrieved from /home/akhilesh/py39/lib/python3.9/site-packages/airflow/example_dags/example_task_group_decorator.py
[2023-08-14T10:58:59.132+0200] {logging_mixin.py:150} INFO - [2023-08-14T10:58:59.132+0200] {dag.py:2742} INFO - Sync 1 DAGs
[2023-08-14T10:58:59.146+0200] {logging_mixin.py:150} INFO - [2023-08-14T10:58:59.145+0200] {dag.py:3504} INFO - Setting next_dagrun for example_task_group_decorator to 2023-08-13T08:58:59.145755+00:00, run_after=2023-08-14T08:58:59.145755+00:00
[2023-08-14T10:58:59.171+0200] {processor.py:179} INFO - Processing /home/akhilesh/py39/lib/python3.9/site-packages/airflow/example_dags/example_task_group_decorator.py took 0.085 seconds
[2023-08-14T10:59:47.343+0200] {processor.py:157} INFO - Started process (PID=461571) to work on /home/akhilesh/py39/lib/python3.9/site-packages/airflow/example_dags/example_task_group_decorator.py
[2023-08-14T10:59:47.351+0200] {processor.py:826} INFO - Processing file /home/akhilesh/py39/lib/python3.9/site-packages/airflow/example_dags/example_task_group_decorator.py for tasks to queue
[2023-08-14T10:59:47.353+0200] {logging_mixin.py:150} INFO - [2023-08-14T10:59:47.352+0200] {dagbag.py:541} INFO - Filling up the DagBag from /home/akhilesh/py39/lib/python3.9/site-packages/airflow/example_dags/example_task_group_decorator.py
[2023-08-14T10:59:47.369+0200] {processor.py:836} INFO - DAG(s) dict_keys(['example_task_group_decorator']) retrieved from /home/akhilesh/py39/lib/python3.9/site-packages/airflow/example_dags/example_task_group_decorator.py
[2023-08-14T10:59:47.390+0200] {logging_mixin.py:150} INFO - [2023-08-14T10:59:47.389+0200] {dag.py:2742} INFO - Sync 1 DAGs
[2023-08-14T10:59:47.403+0200] {logging_mixin.py:150} INFO - [2023-08-14T10:59:47.403+0200] {dag.py:3504} INFO - Setting next_dagrun for example_task_group_decorator to 2023-08-13T08:59:47.403272+00:00, run_after=2023-08-14T08:59:47.403272+00:00
[2023-08-14T10:59:47.426+0200] {processor.py:179} INFO - Processing /home/akhilesh/py39/lib/python3.9/site-packages/airflow/example_dags/example_task_group_decorator.py took 0.088 seconds
[2023-08-14T11:00:36.953+0200] {processor.py:157} INFO - Started process (PID=461698) to work on /home/akhilesh/py39/lib/python3.9/site-packages/airflow/example_dags/example_task_group_decorator.py
[2023-08-14T11:00:36.962+0200] {processor.py:826} INFO - Processing file /home/akhilesh/py39/lib/python3.9/site-packages/airflow/example_dags/example_task_group_decorator.py for tasks to queue
[2023-08-14T11:00:36.964+0200] {logging_mixin.py:150} INFO - [2023-08-14T11:00:36.963+0200] {dagbag.py:541} INFO - Filling up the DagBag from /home/akhilesh/py39/lib/python3.9/site-packages/airflow/example_dags/example_task_group_decorator.py
[2023-08-14T11:00:36.983+0200] {processor.py:836} INFO - DAG(s) dict_keys(['example_task_group_decorator']) retrieved from /home/akhilesh/py39/lib/python3.9/site-packages/airflow/example_dags/example_task_group_decorator.py
[2023-08-14T11:00:37.002+0200] {logging_mixin.py:150} INFO - [2023-08-14T11:00:37.002+0200] {dag.py:2742} INFO - Sync 1 DAGs
[2023-08-14T11:00:37.016+0200] {logging_mixin.py:150} INFO - [2023-08-14T11:00:37.016+0200] {dag.py:3504} INFO - Setting next_dagrun for example_task_group_decorator to 2023-08-13T09:00:37.015764+00:00, run_after=2023-08-14T09:00:37.015764+00:00
[2023-08-14T11:00:37.041+0200] {processor.py:179} INFO - Processing /home/akhilesh/py39/lib/python3.9/site-packages/airflow/example_dags/example_task_group_decorator.py took 0.093 seconds
[2023-08-14T11:01:31.414+0200] {processor.py:157} INFO - Started process (PID=461901) to work on /home/akhilesh/py39/lib/python3.9/site-packages/airflow/example_dags/example_task_group_decorator.py
[2023-08-14T11:01:31.423+0200] {processor.py:826} INFO - Processing file /home/akhilesh/py39/lib/python3.9/site-packages/airflow/example_dags/example_task_group_decorator.py for tasks to queue
[2023-08-14T11:01:31.425+0200] {logging_mixin.py:150} INFO - [2023-08-14T11:01:31.424+0200] {dagbag.py:541} INFO - Filling up the DagBag from /home/akhilesh/py39/lib/python3.9/site-packages/airflow/example_dags/example_task_group_decorator.py
[2023-08-14T11:01:31.439+0200] {processor.py:836} INFO - DAG(s) dict_keys(['example_task_group_decorator']) retrieved from /home/akhilesh/py39/lib/python3.9/site-packages/airflow/example_dags/example_task_group_decorator.py
[2023-08-14T11:01:31.465+0200] {logging_mixin.py:150} INFO - [2023-08-14T11:01:31.465+0200] {dag.py:2742} INFO - Sync 1 DAGs
[2023-08-14T11:01:31.488+0200] {logging_mixin.py:150} INFO - [2023-08-14T11:01:31.488+0200] {dag.py:3504} INFO - Setting next_dagrun for example_task_group_decorator to 2023-08-13T09:01:31.488197+00:00, run_after=2023-08-14T09:01:31.488197+00:00
[2023-08-14T11:01:31.512+0200] {processor.py:179} INFO - Processing /home/akhilesh/py39/lib/python3.9/site-packages/airflow/example_dags/example_task_group_decorator.py took 0.102 seconds
[2023-08-14T11:02:27.300+0200] {processor.py:157} INFO - Started process (PID=462058) to work on /home/akhilesh/py39/lib/python3.9/site-packages/airflow/example_dags/example_task_group_decorator.py
[2023-08-14T11:02:27.309+0200] {processor.py:826} INFO - Processing file /home/akhilesh/py39/lib/python3.9/site-packages/airflow/example_dags/example_task_group_decorator.py for tasks to queue
[2023-08-14T11:02:27.310+0200] {logging_mixin.py:150} INFO - [2023-08-14T11:02:27.310+0200] {dagbag.py:541} INFO - Filling up the DagBag from /home/akhilesh/py39/lib/python3.9/site-packages/airflow/example_dags/example_task_group_decorator.py
[2023-08-14T11:02:27.326+0200] {processor.py:836} INFO - DAG(s) dict_keys(['example_task_group_decorator']) retrieved from /home/akhilesh/py39/lib/python3.9/site-packages/airflow/example_dags/example_task_group_decorator.py
[2023-08-14T11:02:27.345+0200] {logging_mixin.py:150} INFO - [2023-08-14T11:02:27.344+0200] {dag.py:2742} INFO - Sync 1 DAGs
[2023-08-14T11:02:27.358+0200] {logging_mixin.py:150} INFO - [2023-08-14T11:02:27.358+0200] {dag.py:3504} INFO - Setting next_dagrun for example_task_group_decorator to 2023-08-13T09:02:27.358148+00:00, run_after=2023-08-14T09:02:27.358148+00:00
[2023-08-14T11:02:27.385+0200] {processor.py:179} INFO - Processing /home/akhilesh/py39/lib/python3.9/site-packages/airflow/example_dags/example_task_group_decorator.py took 0.090 seconds
[2023-08-14T11:03:18.479+0200] {processor.py:157} INFO - Started process (PID=462245) to work on /home/akhilesh/py39/lib/python3.9/site-packages/airflow/example_dags/example_task_group_decorator.py
[2023-08-14T11:03:18.488+0200] {processor.py:826} INFO - Processing file /home/akhilesh/py39/lib/python3.9/site-packages/airflow/example_dags/example_task_group_decorator.py for tasks to queue
[2023-08-14T11:03:18.489+0200] {logging_mixin.py:150} INFO - [2023-08-14T11:03:18.489+0200] {dagbag.py:541} INFO - Filling up the DagBag from /home/akhilesh/py39/lib/python3.9/site-packages/airflow/example_dags/example_task_group_decorator.py
[2023-08-14T11:03:18.504+0200] {processor.py:836} INFO - DAG(s) dict_keys(['example_task_group_decorator']) retrieved from /home/akhilesh/py39/lib/python3.9/site-packages/airflow/example_dags/example_task_group_decorator.py
[2023-08-14T11:03:18.524+0200] {logging_mixin.py:150} INFO - [2023-08-14T11:03:18.524+0200] {dag.py:2742} INFO - Sync 1 DAGs
[2023-08-14T11:03:18.540+0200] {logging_mixin.py:150} INFO - [2023-08-14T11:03:18.540+0200] {dag.py:3504} INFO - Setting next_dagrun for example_task_group_decorator to 2023-08-13T09:03:18.539605+00:00, run_after=2023-08-14T09:03:18.539605+00:00
[2023-08-14T11:03:18.579+0200] {processor.py:179} INFO - Processing /home/akhilesh/py39/lib/python3.9/site-packages/airflow/example_dags/example_task_group_decorator.py took 0.104 seconds
[2023-08-14T11:04:10.336+0200] {processor.py:157} INFO - Started process (PID=462372) to work on /home/akhilesh/py39/lib/python3.9/site-packages/airflow/example_dags/example_task_group_decorator.py
[2023-08-14T11:04:10.345+0200] {processor.py:826} INFO - Processing file /home/akhilesh/py39/lib/python3.9/site-packages/airflow/example_dags/example_task_group_decorator.py for tasks to queue
[2023-08-14T11:04:10.346+0200] {logging_mixin.py:150} INFO - [2023-08-14T11:04:10.346+0200] {dagbag.py:541} INFO - Filling up the DagBag from /home/akhilesh/py39/lib/python3.9/site-packages/airflow/example_dags/example_task_group_decorator.py
[2023-08-14T11:04:10.361+0200] {processor.py:836} INFO - DAG(s) dict_keys(['example_task_group_decorator']) retrieved from /home/akhilesh/py39/lib/python3.9/site-packages/airflow/example_dags/example_task_group_decorator.py
[2023-08-14T11:04:10.382+0200] {logging_mixin.py:150} INFO - [2023-08-14T11:04:10.381+0200] {dag.py:2742} INFO - Sync 1 DAGs
[2023-08-14T11:04:10.395+0200] {logging_mixin.py:150} INFO - [2023-08-14T11:04:10.395+0200] {dag.py:3504} INFO - Setting next_dagrun for example_task_group_decorator to 2023-08-13T09:04:10.395284+00:00, run_after=2023-08-14T09:04:10.395284+00:00
[2023-08-14T11:04:10.420+0200] {processor.py:179} INFO - Processing /home/akhilesh/py39/lib/python3.9/site-packages/airflow/example_dags/example_task_group_decorator.py took 0.088 seconds
[2023-08-14T11:05:00.369+0200] {processor.py:157} INFO - Started process (PID=462498) to work on /home/akhilesh/py39/lib/python3.9/site-packages/airflow/example_dags/example_task_group_decorator.py
[2023-08-14T11:05:00.379+0200] {processor.py:826} INFO - Processing file /home/akhilesh/py39/lib/python3.9/site-packages/airflow/example_dags/example_task_group_decorator.py for tasks to queue
[2023-08-14T11:05:00.380+0200] {logging_mixin.py:150} INFO - [2023-08-14T11:05:00.380+0200] {dagbag.py:541} INFO - Filling up the DagBag from /home/akhilesh/py39/lib/python3.9/site-packages/airflow/example_dags/example_task_group_decorator.py
[2023-08-14T11:05:00.399+0200] {processor.py:836} INFO - DAG(s) dict_keys(['example_task_group_decorator']) retrieved from /home/akhilesh/py39/lib/python3.9/site-packages/airflow/example_dags/example_task_group_decorator.py
[2023-08-14T11:05:00.417+0200] {logging_mixin.py:150} INFO - [2023-08-14T11:05:00.417+0200] {dag.py:2742} INFO - Sync 1 DAGs
[2023-08-14T11:05:00.436+0200] {logging_mixin.py:150} INFO - [2023-08-14T11:05:00.436+0200] {dag.py:3504} INFO - Setting next_dagrun for example_task_group_decorator to 2023-08-13T09:05:00.436161+00:00, run_after=2023-08-14T09:05:00.436161+00:00
[2023-08-14T11:05:00.467+0200] {processor.py:179} INFO - Processing /home/akhilesh/py39/lib/python3.9/site-packages/airflow/example_dags/example_task_group_decorator.py took 0.102 seconds
[2023-08-14T11:05:54.385+0200] {processor.py:157} INFO - Started process (PID=462636) to work on /home/akhilesh/py39/lib/python3.9/site-packages/airflow/example_dags/example_task_group_decorator.py
[2023-08-14T11:05:54.394+0200] {processor.py:826} INFO - Processing file /home/akhilesh/py39/lib/python3.9/site-packages/airflow/example_dags/example_task_group_decorator.py for tasks to queue
[2023-08-14T11:05:54.395+0200] {logging_mixin.py:150} INFO - [2023-08-14T11:05:54.395+0200] {dagbag.py:541} INFO - Filling up the DagBag from /home/akhilesh/py39/lib/python3.9/site-packages/airflow/example_dags/example_task_group_decorator.py
[2023-08-14T11:05:54.413+0200] {processor.py:836} INFO - DAG(s) dict_keys(['example_task_group_decorator']) retrieved from /home/akhilesh/py39/lib/python3.9/site-packages/airflow/example_dags/example_task_group_decorator.py
[2023-08-14T11:05:54.430+0200] {logging_mixin.py:150} INFO - [2023-08-14T11:05:54.429+0200] {dag.py:2742} INFO - Sync 1 DAGs
[2023-08-14T11:05:54.443+0200] {logging_mixin.py:150} INFO - [2023-08-14T11:05:54.443+0200] {dag.py:3504} INFO - Setting next_dagrun for example_task_group_decorator to 2023-08-13T09:05:54.442980+00:00, run_after=2023-08-14T09:05:54.442980+00:00
[2023-08-14T11:05:54.473+0200] {processor.py:179} INFO - Processing /home/akhilesh/py39/lib/python3.9/site-packages/airflow/example_dags/example_task_group_decorator.py took 0.092 seconds
[2023-08-14T11:06:41.640+0200] {processor.py:157} INFO - Started process (PID=462822) to work on /home/akhilesh/py39/lib/python3.9/site-packages/airflow/example_dags/example_task_group_decorator.py
[2023-08-14T11:06:41.641+0200] {processor.py:826} INFO - Processing file /home/akhilesh/py39/lib/python3.9/site-packages/airflow/example_dags/example_task_group_decorator.py for tasks to queue
[2023-08-14T11:06:41.642+0200] {logging_mixin.py:150} INFO - [2023-08-14T11:06:41.642+0200] {dagbag.py:541} INFO - Filling up the DagBag from /home/akhilesh/py39/lib/python3.9/site-packages/airflow/example_dags/example_task_group_decorator.py
[2023-08-14T11:06:41.655+0200] {processor.py:836} INFO - DAG(s) dict_keys(['example_task_group_decorator']) retrieved from /home/akhilesh/py39/lib/python3.9/site-packages/airflow/example_dags/example_task_group_decorator.py
[2023-08-14T11:06:41.668+0200] {logging_mixin.py:150} INFO - [2023-08-14T11:06:41.668+0200] {dag.py:2742} INFO - Sync 1 DAGs
[2023-08-14T11:06:41.680+0200] {logging_mixin.py:150} INFO - [2023-08-14T11:06:41.680+0200] {dag.py:3504} INFO - Setting next_dagrun for example_task_group_decorator to 2023-08-13T09:06:41.680266+00:00, run_after=2023-08-14T09:06:41.680266+00:00
[2023-08-14T11:06:41.702+0200] {processor.py:179} INFO - Processing /home/akhilesh/py39/lib/python3.9/site-packages/airflow/example_dags/example_task_group_decorator.py took 0.066 seconds
[2023-08-14T11:07:34.825+0200] {processor.py:157} INFO - Started process (PID=463027) to work on /home/akhilesh/py39/lib/python3.9/site-packages/airflow/example_dags/example_task_group_decorator.py
[2023-08-14T11:07:34.827+0200] {processor.py:826} INFO - Processing file /home/akhilesh/py39/lib/python3.9/site-packages/airflow/example_dags/example_task_group_decorator.py for tasks to queue
[2023-08-14T11:07:34.827+0200] {logging_mixin.py:150} INFO - [2023-08-14T11:07:34.827+0200] {dagbag.py:541} INFO - Filling up the DagBag from /home/akhilesh/py39/lib/python3.9/site-packages/airflow/example_dags/example_task_group_decorator.py
[2023-08-14T11:07:34.841+0200] {processor.py:836} INFO - DAG(s) dict_keys(['example_task_group_decorator']) retrieved from /home/akhilesh/py39/lib/python3.9/site-packages/airflow/example_dags/example_task_group_decorator.py
[2023-08-14T11:07:34.860+0200] {logging_mixin.py:150} INFO - [2023-08-14T11:07:34.859+0200] {dag.py:2742} INFO - Sync 1 DAGs
[2023-08-14T11:07:34.876+0200] {logging_mixin.py:150} INFO - [2023-08-14T11:07:34.875+0200] {dag.py:3504} INFO - Setting next_dagrun for example_task_group_decorator to 2023-08-13T09:07:34.875698+00:00, run_after=2023-08-14T09:07:34.875698+00:00
[2023-08-14T11:07:34.903+0200] {processor.py:179} INFO - Processing /home/akhilesh/py39/lib/python3.9/site-packages/airflow/example_dags/example_task_group_decorator.py took 0.083 seconds
[2023-08-14T11:08:24.943+0200] {processor.py:157} INFO - Started process (PID=463184) to work on /home/akhilesh/py39/lib/python3.9/site-packages/airflow/example_dags/example_task_group_decorator.py
[2023-08-14T11:08:24.952+0200] {processor.py:826} INFO - Processing file /home/akhilesh/py39/lib/python3.9/site-packages/airflow/example_dags/example_task_group_decorator.py for tasks to queue
[2023-08-14T11:08:24.953+0200] {logging_mixin.py:150} INFO - [2023-08-14T11:08:24.952+0200] {dagbag.py:541} INFO - Filling up the DagBag from /home/akhilesh/py39/lib/python3.9/site-packages/airflow/example_dags/example_task_group_decorator.py
[2023-08-14T11:08:24.967+0200] {processor.py:836} INFO - DAG(s) dict_keys(['example_task_group_decorator']) retrieved from /home/akhilesh/py39/lib/python3.9/site-packages/airflow/example_dags/example_task_group_decorator.py
[2023-08-14T11:08:24.984+0200] {logging_mixin.py:150} INFO - [2023-08-14T11:08:24.984+0200] {dag.py:2742} INFO - Sync 1 DAGs
[2023-08-14T11:08:24.996+0200] {logging_mixin.py:150} INFO - [2023-08-14T11:08:24.996+0200] {dag.py:3504} INFO - Setting next_dagrun for example_task_group_decorator to 2023-08-13T09:08:24.996509+00:00, run_after=2023-08-14T09:08:24.996509+00:00
[2023-08-14T11:08:25.037+0200] {processor.py:179} INFO - Processing /home/akhilesh/py39/lib/python3.9/site-packages/airflow/example_dags/example_task_group_decorator.py took 0.098 seconds
[2023-08-14T11:11:10.161+0200] {processor.py:157} INFO - Started process (PID=463716) to work on /home/akhilesh/py39/lib/python3.9/site-packages/airflow/example_dags/example_task_group_decorator.py
[2023-08-14T11:11:10.171+0200] {processor.py:826} INFO - Processing file /home/akhilesh/py39/lib/python3.9/site-packages/airflow/example_dags/example_task_group_decorator.py for tasks to queue
[2023-08-14T11:11:10.173+0200] {logging_mixin.py:150} INFO - [2023-08-14T11:11:10.172+0200] {dagbag.py:541} INFO - Filling up the DagBag from /home/akhilesh/py39/lib/python3.9/site-packages/airflow/example_dags/example_task_group_decorator.py
[2023-08-14T11:11:10.193+0200] {processor.py:836} INFO - DAG(s) dict_keys(['example_task_group_decorator']) retrieved from /home/akhilesh/py39/lib/python3.9/site-packages/airflow/example_dags/example_task_group_decorator.py
[2023-08-14T11:11:10.214+0200] {logging_mixin.py:150} INFO - [2023-08-14T11:11:10.214+0200] {dag.py:2742} INFO - Sync 1 DAGs
[2023-08-14T11:11:10.235+0200] {logging_mixin.py:150} INFO - [2023-08-14T11:11:10.235+0200] {dag.py:3504} INFO - Setting next_dagrun for example_task_group_decorator to 2023-08-13T09:11:10.234789+00:00, run_after=2023-08-14T09:11:10.234789+00:00
[2023-08-14T11:11:10.265+0200] {processor.py:179} INFO - Processing /home/akhilesh/py39/lib/python3.9/site-packages/airflow/example_dags/example_task_group_decorator.py took 0.108 seconds
[2023-08-14T11:12:13.901+0200] {processor.py:157} INFO - Started process (PID=464089) to work on /home/akhilesh/py39/lib/python3.9/site-packages/airflow/example_dags/example_task_group_decorator.py
[2023-08-14T11:12:13.910+0200] {processor.py:826} INFO - Processing file /home/akhilesh/py39/lib/python3.9/site-packages/airflow/example_dags/example_task_group_decorator.py for tasks to queue
[2023-08-14T11:12:13.911+0200] {logging_mixin.py:150} INFO - [2023-08-14T11:12:13.911+0200] {dagbag.py:541} INFO - Filling up the DagBag from /home/akhilesh/py39/lib/python3.9/site-packages/airflow/example_dags/example_task_group_decorator.py
[2023-08-14T11:12:13.925+0200] {processor.py:836} INFO - DAG(s) dict_keys(['example_task_group_decorator']) retrieved from /home/akhilesh/py39/lib/python3.9/site-packages/airflow/example_dags/example_task_group_decorator.py
[2023-08-14T11:12:13.941+0200] {logging_mixin.py:150} INFO - [2023-08-14T11:12:13.940+0200] {dag.py:2742} INFO - Sync 1 DAGs
[2023-08-14T11:12:13.955+0200] {logging_mixin.py:150} INFO - [2023-08-14T11:12:13.954+0200] {dag.py:3504} INFO - Setting next_dagrun for example_task_group_decorator to 2023-08-13T09:12:13.954633+00:00, run_after=2023-08-14T09:12:13.954633+00:00
[2023-08-14T11:12:13.988+0200] {processor.py:179} INFO - Processing /home/akhilesh/py39/lib/python3.9/site-packages/airflow/example_dags/example_task_group_decorator.py took 0.091 seconds
[2023-08-14T11:13:02.115+0200] {processor.py:157} INFO - Started process (PID=464248) to work on /home/akhilesh/py39/lib/python3.9/site-packages/airflow/example_dags/example_task_group_decorator.py
[2023-08-14T11:13:02.124+0200] {processor.py:826} INFO - Processing file /home/akhilesh/py39/lib/python3.9/site-packages/airflow/example_dags/example_task_group_decorator.py for tasks to queue
[2023-08-14T11:13:02.126+0200] {logging_mixin.py:150} INFO - [2023-08-14T11:13:02.125+0200] {dagbag.py:541} INFO - Filling up the DagBag from /home/akhilesh/py39/lib/python3.9/site-packages/airflow/example_dags/example_task_group_decorator.py
[2023-08-14T11:13:02.141+0200] {processor.py:836} INFO - DAG(s) dict_keys(['example_task_group_decorator']) retrieved from /home/akhilesh/py39/lib/python3.9/site-packages/airflow/example_dags/example_task_group_decorator.py
[2023-08-14T11:13:02.163+0200] {logging_mixin.py:150} INFO - [2023-08-14T11:13:02.162+0200] {dag.py:2742} INFO - Sync 1 DAGs
[2023-08-14T11:13:02.180+0200] {logging_mixin.py:150} INFO - [2023-08-14T11:13:02.180+0200] {dag.py:3504} INFO - Setting next_dagrun for example_task_group_decorator to 2023-08-13T09:13:02.180363+00:00, run_after=2023-08-14T09:13:02.180363+00:00
[2023-08-14T11:13:02.207+0200] {processor.py:179} INFO - Processing /home/akhilesh/py39/lib/python3.9/site-packages/airflow/example_dags/example_task_group_decorator.py took 0.096 seconds
[2023-08-14T11:15:38.856+0200] {processor.py:157} INFO - Started process (PID=464926) to work on /home/akhilesh/py39/lib/python3.9/site-packages/airflow/example_dags/example_task_group_decorator.py
[2023-08-14T11:15:38.865+0200] {processor.py:826} INFO - Processing file /home/akhilesh/py39/lib/python3.9/site-packages/airflow/example_dags/example_task_group_decorator.py for tasks to queue
[2023-08-14T11:15:38.866+0200] {logging_mixin.py:150} INFO - [2023-08-14T11:15:38.866+0200] {dagbag.py:541} INFO - Filling up the DagBag from /home/akhilesh/py39/lib/python3.9/site-packages/airflow/example_dags/example_task_group_decorator.py
[2023-08-14T11:15:38.884+0200] {processor.py:836} INFO - DAG(s) dict_keys(['example_task_group_decorator']) retrieved from /home/akhilesh/py39/lib/python3.9/site-packages/airflow/example_dags/example_task_group_decorator.py
[2023-08-14T11:15:38.898+0200] {logging_mixin.py:150} INFO - [2023-08-14T11:15:38.898+0200] {dag.py:2742} INFO - Sync 1 DAGs
[2023-08-14T11:15:38.908+0200] {logging_mixin.py:150} INFO - [2023-08-14T11:15:38.908+0200] {dag.py:3504} INFO - Setting next_dagrun for example_task_group_decorator to 2023-08-13T09:15:38.908432+00:00, run_after=2023-08-14T09:15:38.908432+00:00
[2023-08-14T11:15:38.934+0200] {processor.py:179} INFO - Processing /home/akhilesh/py39/lib/python3.9/site-packages/airflow/example_dags/example_task_group_decorator.py took 0.082 seconds
[2023-08-14T11:16:34.150+0200] {processor.py:157} INFO - Started process (PID=465062) to work on /home/akhilesh/py39/lib/python3.9/site-packages/airflow/example_dags/example_task_group_decorator.py
[2023-08-14T11:16:34.152+0200] {processor.py:826} INFO - Processing file /home/akhilesh/py39/lib/python3.9/site-packages/airflow/example_dags/example_task_group_decorator.py for tasks to queue
[2023-08-14T11:16:34.153+0200] {logging_mixin.py:150} INFO - [2023-08-14T11:16:34.152+0200] {dagbag.py:541} INFO - Filling up the DagBag from /home/akhilesh/py39/lib/python3.9/site-packages/airflow/example_dags/example_task_group_decorator.py
[2023-08-14T11:16:34.164+0200] {processor.py:836} INFO - DAG(s) dict_keys(['example_task_group_decorator']) retrieved from /home/akhilesh/py39/lib/python3.9/site-packages/airflow/example_dags/example_task_group_decorator.py
[2023-08-14T11:16:34.184+0200] {logging_mixin.py:150} INFO - [2023-08-14T11:16:34.184+0200] {dag.py:2742} INFO - Sync 1 DAGs
[2023-08-14T11:16:34.205+0200] {logging_mixin.py:150} INFO - [2023-08-14T11:16:34.205+0200] {dag.py:3504} INFO - Setting next_dagrun for example_task_group_decorator to 2023-08-13T09:16:34.205062+00:00, run_after=2023-08-14T09:16:34.205062+00:00
[2023-08-14T11:16:34.235+0200] {processor.py:179} INFO - Processing /home/akhilesh/py39/lib/python3.9/site-packages/airflow/example_dags/example_task_group_decorator.py took 0.089 seconds
[2023-08-14T11:17:28.223+0200] {processor.py:157} INFO - Started process (PID=465241) to work on /home/akhilesh/py39/lib/python3.9/site-packages/airflow/example_dags/example_task_group_decorator.py
[2023-08-14T11:17:28.232+0200] {processor.py:826} INFO - Processing file /home/akhilesh/py39/lib/python3.9/site-packages/airflow/example_dags/example_task_group_decorator.py for tasks to queue
[2023-08-14T11:17:28.234+0200] {logging_mixin.py:150} INFO - [2023-08-14T11:17:28.233+0200] {dagbag.py:541} INFO - Filling up the DagBag from /home/akhilesh/py39/lib/python3.9/site-packages/airflow/example_dags/example_task_group_decorator.py
[2023-08-14T11:17:28.253+0200] {processor.py:836} INFO - DAG(s) dict_keys(['example_task_group_decorator']) retrieved from /home/akhilesh/py39/lib/python3.9/site-packages/airflow/example_dags/example_task_group_decorator.py
[2023-08-14T11:17:28.271+0200] {logging_mixin.py:150} INFO - [2023-08-14T11:17:28.270+0200] {dag.py:2742} INFO - Sync 1 DAGs
[2023-08-14T11:17:28.284+0200] {logging_mixin.py:150} INFO - [2023-08-14T11:17:28.284+0200] {dag.py:3504} INFO - Setting next_dagrun for example_task_group_decorator to 2023-08-13T09:17:28.284065+00:00, run_after=2023-08-14T09:17:28.284065+00:00
[2023-08-14T11:17:28.314+0200] {processor.py:179} INFO - Processing /home/akhilesh/py39/lib/python3.9/site-packages/airflow/example_dags/example_task_group_decorator.py took 0.095 seconds
[2023-08-14T11:18:21.701+0200] {processor.py:157} INFO - Started process (PID=465370) to work on /home/akhilesh/py39/lib/python3.9/site-packages/airflow/example_dags/example_task_group_decorator.py
[2023-08-14T11:18:21.710+0200] {processor.py:826} INFO - Processing file /home/akhilesh/py39/lib/python3.9/site-packages/airflow/example_dags/example_task_group_decorator.py for tasks to queue
[2023-08-14T11:18:21.711+0200] {logging_mixin.py:150} INFO - [2023-08-14T11:18:21.710+0200] {dagbag.py:541} INFO - Filling up the DagBag from /home/akhilesh/py39/lib/python3.9/site-packages/airflow/example_dags/example_task_group_decorator.py
[2023-08-14T11:18:21.729+0200] {processor.py:836} INFO - DAG(s) dict_keys(['example_task_group_decorator']) retrieved from /home/akhilesh/py39/lib/python3.9/site-packages/airflow/example_dags/example_task_group_decorator.py
[2023-08-14T11:18:21.745+0200] {logging_mixin.py:150} INFO - [2023-08-14T11:18:21.745+0200] {dag.py:2742} INFO - Sync 1 DAGs
[2023-08-14T11:18:21.757+0200] {logging_mixin.py:150} INFO - [2023-08-14T11:18:21.757+0200] {dag.py:3504} INFO - Setting next_dagrun for example_task_group_decorator to 2023-08-13T09:18:21.757517+00:00, run_after=2023-08-14T09:18:21.757517+00:00
[2023-08-14T11:18:21.788+0200] {processor.py:179} INFO - Processing /home/akhilesh/py39/lib/python3.9/site-packages/airflow/example_dags/example_task_group_decorator.py took 0.091 seconds
[2023-08-14T11:19:11.253+0200] {processor.py:157} INFO - Started process (PID=465669) to work on /home/akhilesh/py39/lib/python3.9/site-packages/airflow/example_dags/example_task_group_decorator.py
[2023-08-14T11:19:11.261+0200] {processor.py:826} INFO - Processing file /home/akhilesh/py39/lib/python3.9/site-packages/airflow/example_dags/example_task_group_decorator.py for tasks to queue
[2023-08-14T11:19:11.262+0200] {logging_mixin.py:150} INFO - [2023-08-14T11:19:11.262+0200] {dagbag.py:541} INFO - Filling up the DagBag from /home/akhilesh/py39/lib/python3.9/site-packages/airflow/example_dags/example_task_group_decorator.py
[2023-08-14T11:19:11.271+0200] {processor.py:836} INFO - DAG(s) dict_keys(['example_task_group_decorator']) retrieved from /home/akhilesh/py39/lib/python3.9/site-packages/airflow/example_dags/example_task_group_decorator.py
[2023-08-14T11:19:11.284+0200] {logging_mixin.py:150} INFO - [2023-08-14T11:19:11.284+0200] {dag.py:2742} INFO - Sync 1 DAGs
[2023-08-14T11:19:11.296+0200] {logging_mixin.py:150} INFO - [2023-08-14T11:19:11.295+0200] {dag.py:3504} INFO - Setting next_dagrun for example_task_group_decorator to 2023-08-13T09:19:11.295705+00:00, run_after=2023-08-14T09:19:11.295705+00:00
[2023-08-14T11:19:11.318+0200] {processor.py:179} INFO - Processing /home/akhilesh/py39/lib/python3.9/site-packages/airflow/example_dags/example_task_group_decorator.py took 0.069 seconds
[2023-08-14T11:20:57.506+0200] {processor.py:157} INFO - Started process (PID=466018) to work on /home/akhilesh/py39/lib/python3.9/site-packages/airflow/example_dags/example_task_group_decorator.py
[2023-08-14T11:20:57.507+0200] {processor.py:826} INFO - Processing file /home/akhilesh/py39/lib/python3.9/site-packages/airflow/example_dags/example_task_group_decorator.py for tasks to queue
[2023-08-14T11:20:57.508+0200] {logging_mixin.py:150} INFO - [2023-08-14T11:20:57.508+0200] {dagbag.py:541} INFO - Filling up the DagBag from /home/akhilesh/py39/lib/python3.9/site-packages/airflow/example_dags/example_task_group_decorator.py
[2023-08-14T11:20:57.518+0200] {processor.py:836} INFO - DAG(s) dict_keys(['example_task_group_decorator']) retrieved from /home/akhilesh/py39/lib/python3.9/site-packages/airflow/example_dags/example_task_group_decorator.py
[2023-08-14T11:20:57.543+0200] {logging_mixin.py:150} INFO - [2023-08-14T11:20:57.542+0200] {dag.py:2742} INFO - Sync 1 DAGs
[2023-08-14T11:20:57.555+0200] {logging_mixin.py:150} INFO - [2023-08-14T11:20:57.555+0200] {dag.py:3504} INFO - Setting next_dagrun for example_task_group_decorator to 2023-08-13T09:20:57.555526+00:00, run_after=2023-08-14T09:20:57.555526+00:00
[2023-08-14T11:20:57.593+0200] {processor.py:179} INFO - Processing /home/akhilesh/py39/lib/python3.9/site-packages/airflow/example_dags/example_task_group_decorator.py took 0.091 seconds
[2023-08-14T11:21:42.214+0200] {processor.py:157} INFO - Started process (PID=466156) to work on /home/akhilesh/py39/lib/python3.9/site-packages/airflow/example_dags/example_task_group_decorator.py
[2023-08-14T11:21:42.223+0200] {processor.py:826} INFO - Processing file /home/akhilesh/py39/lib/python3.9/site-packages/airflow/example_dags/example_task_group_decorator.py for tasks to queue
[2023-08-14T11:21:42.224+0200] {logging_mixin.py:150} INFO - [2023-08-14T11:21:42.224+0200] {dagbag.py:541} INFO - Filling up the DagBag from /home/akhilesh/py39/lib/python3.9/site-packages/airflow/example_dags/example_task_group_decorator.py
[2023-08-14T11:21:42.236+0200] {processor.py:836} INFO - DAG(s) dict_keys(['example_task_group_decorator']) retrieved from /home/akhilesh/py39/lib/python3.9/site-packages/airflow/example_dags/example_task_group_decorator.py
[2023-08-14T11:21:42.255+0200] {logging_mixin.py:150} INFO - [2023-08-14T11:21:42.255+0200] {dag.py:2742} INFO - Sync 1 DAGs
[2023-08-14T11:21:42.268+0200] {logging_mixin.py:150} INFO - [2023-08-14T11:21:42.267+0200] {dag.py:3504} INFO - Setting next_dagrun for example_task_group_decorator to 2023-08-13T09:21:42.267620+00:00, run_after=2023-08-14T09:21:42.267620+00:00
[2023-08-14T11:21:42.295+0200] {processor.py:179} INFO - Processing /home/akhilesh/py39/lib/python3.9/site-packages/airflow/example_dags/example_task_group_decorator.py took 0.086 seconds
[2023-08-14T11:22:37.022+0200] {processor.py:157} INFO - Started process (PID=466307) to work on /home/akhilesh/py39/lib/python3.9/site-packages/airflow/example_dags/example_task_group_decorator.py
[2023-08-14T11:22:37.031+0200] {processor.py:826} INFO - Processing file /home/akhilesh/py39/lib/python3.9/site-packages/airflow/example_dags/example_task_group_decorator.py for tasks to queue
[2023-08-14T11:22:37.032+0200] {logging_mixin.py:150} INFO - [2023-08-14T11:22:37.032+0200] {dagbag.py:541} INFO - Filling up the DagBag from /home/akhilesh/py39/lib/python3.9/site-packages/airflow/example_dags/example_task_group_decorator.py
[2023-08-14T11:22:37.047+0200] {processor.py:836} INFO - DAG(s) dict_keys(['example_task_group_decorator']) retrieved from /home/akhilesh/py39/lib/python3.9/site-packages/airflow/example_dags/example_task_group_decorator.py
[2023-08-14T11:22:37.063+0200] {logging_mixin.py:150} INFO - [2023-08-14T11:22:37.063+0200] {dag.py:2742} INFO - Sync 1 DAGs
[2023-08-14T11:22:37.076+0200] {logging_mixin.py:150} INFO - [2023-08-14T11:22:37.076+0200] {dag.py:3504} INFO - Setting next_dagrun for example_task_group_decorator to 2023-08-13T09:22:37.076030+00:00, run_after=2023-08-14T09:22:37.076030+00:00
[2023-08-14T11:22:37.106+0200] {processor.py:179} INFO - Processing /home/akhilesh/py39/lib/python3.9/site-packages/airflow/example_dags/example_task_group_decorator.py took 0.088 seconds
[2023-08-14T11:23:29.944+0200] {processor.py:157} INFO - Started process (PID=466982) to work on /home/akhilesh/py39/lib/python3.9/site-packages/airflow/example_dags/example_task_group_decorator.py
[2023-08-14T11:23:29.953+0200] {processor.py:826} INFO - Processing file /home/akhilesh/py39/lib/python3.9/site-packages/airflow/example_dags/example_task_group_decorator.py for tasks to queue
[2023-08-14T11:23:29.955+0200] {logging_mixin.py:150} INFO - [2023-08-14T11:23:29.954+0200] {dagbag.py:541} INFO - Filling up the DagBag from /home/akhilesh/py39/lib/python3.9/site-packages/airflow/example_dags/example_task_group_decorator.py
[2023-08-14T11:23:29.974+0200] {processor.py:836} INFO - DAG(s) dict_keys(['example_task_group_decorator']) retrieved from /home/akhilesh/py39/lib/python3.9/site-packages/airflow/example_dags/example_task_group_decorator.py
[2023-08-14T11:23:29.990+0200] {logging_mixin.py:150} INFO - [2023-08-14T11:23:29.990+0200] {dag.py:2742} INFO - Sync 1 DAGs
[2023-08-14T11:23:30.003+0200] {logging_mixin.py:150} INFO - [2023-08-14T11:23:30.002+0200] {dag.py:3504} INFO - Setting next_dagrun for example_task_group_decorator to 2023-08-13T09:23:30.002609+00:00, run_after=2023-08-14T09:23:30.002609+00:00
[2023-08-14T11:23:30.034+0200] {processor.py:179} INFO - Processing /home/akhilesh/py39/lib/python3.9/site-packages/airflow/example_dags/example_task_group_decorator.py took 0.093 seconds
[2023-08-14T11:24:17.689+0200] {processor.py:157} INFO - Started process (PID=467183) to work on /home/akhilesh/py39/lib/python3.9/site-packages/airflow/example_dags/example_task_group_decorator.py
[2023-08-14T11:24:17.691+0200] {processor.py:826} INFO - Processing file /home/akhilesh/py39/lib/python3.9/site-packages/airflow/example_dags/example_task_group_decorator.py for tasks to queue
[2023-08-14T11:24:17.692+0200] {logging_mixin.py:150} INFO - [2023-08-14T11:24:17.691+0200] {dagbag.py:541} INFO - Filling up the DagBag from /home/akhilesh/py39/lib/python3.9/site-packages/airflow/example_dags/example_task_group_decorator.py
[2023-08-14T11:24:17.704+0200] {processor.py:836} INFO - DAG(s) dict_keys(['example_task_group_decorator']) retrieved from /home/akhilesh/py39/lib/python3.9/site-packages/airflow/example_dags/example_task_group_decorator.py
[2023-08-14T11:24:17.723+0200] {logging_mixin.py:150} INFO - [2023-08-14T11:24:17.723+0200] {dag.py:2742} INFO - Sync 1 DAGs
[2023-08-14T11:24:17.736+0200] {logging_mixin.py:150} INFO - [2023-08-14T11:24:17.736+0200] {dag.py:3504} INFO - Setting next_dagrun for example_task_group_decorator to 2023-08-13T09:24:17.736437+00:00, run_after=2023-08-14T09:24:17.736437+00:00
[2023-08-14T11:24:17.761+0200] {processor.py:179} INFO - Processing /home/akhilesh/py39/lib/python3.9/site-packages/airflow/example_dags/example_task_group_decorator.py took 0.076 seconds
[2023-08-14T11:25:08.198+0200] {processor.py:157} INFO - Started process (PID=467469) to work on /home/akhilesh/py39/lib/python3.9/site-packages/airflow/example_dags/example_task_group_decorator.py
[2023-08-14T11:25:08.207+0200] {processor.py:826} INFO - Processing file /home/akhilesh/py39/lib/python3.9/site-packages/airflow/example_dags/example_task_group_decorator.py for tasks to queue
[2023-08-14T11:25:08.208+0200] {logging_mixin.py:150} INFO - [2023-08-14T11:25:08.208+0200] {dagbag.py:541} INFO - Filling up the DagBag from /home/akhilesh/py39/lib/python3.9/site-packages/airflow/example_dags/example_task_group_decorator.py
[2023-08-14T11:25:08.224+0200] {processor.py:836} INFO - DAG(s) dict_keys(['example_task_group_decorator']) retrieved from /home/akhilesh/py39/lib/python3.9/site-packages/airflow/example_dags/example_task_group_decorator.py
[2023-08-14T11:25:08.239+0200] {logging_mixin.py:150} INFO - [2023-08-14T11:25:08.239+0200] {dag.py:2742} INFO - Sync 1 DAGs
[2023-08-14T11:25:08.252+0200] {logging_mixin.py:150} INFO - [2023-08-14T11:25:08.251+0200] {dag.py:3504} INFO - Setting next_dagrun for example_task_group_decorator to 2023-08-13T09:25:08.251793+00:00, run_after=2023-08-14T09:25:08.251793+00:00
[2023-08-14T11:25:08.282+0200] {processor.py:179} INFO - Processing /home/akhilesh/py39/lib/python3.9/site-packages/airflow/example_dags/example_task_group_decorator.py took 0.088 seconds
