[2023-08-14T10:22:20.249+0200] {processor.py:157} INFO - Started process (PID=453398) to work on /home/akhilesh/py39/lib/python3.9/site-packages/airflow/example_dags/example_setup_teardown.py
[2023-08-14T10:22:20.251+0200] {processor.py:826} INFO - Processing file /home/akhilesh/py39/lib/python3.9/site-packages/airflow/example_dags/example_setup_teardown.py for tasks to queue
[2023-08-14T10:22:20.252+0200] {logging_mixin.py:150} INFO - [2023-08-14T10:22:20.251+0200] {dagbag.py:541} INFO - Filling up the DagBag from /home/akhilesh/py39/lib/python3.9/site-packages/airflow/example_dags/example_setup_teardown.py
[2023-08-14T10:22:20.253+0200] {processor.py:838} WARNING - No viable dags retrieved from /home/akhilesh/py39/lib/python3.9/site-packages/airflow/example_dags/example_setup_teardown.py
[2023-08-14T10:22:20.262+0200] {processor.py:179} INFO - Processing /home/akhilesh/py39/lib/python3.9/site-packages/airflow/example_dags/example_setup_teardown.py took 0.017 seconds
[2023-08-14T10:23:07.288+0200] {processor.py:157} INFO - Started process (PID=453540) to work on /home/akhilesh/py39/lib/python3.9/site-packages/airflow/example_dags/example_setup_teardown.py
[2023-08-14T10:23:07.289+0200] {processor.py:826} INFO - Processing file /home/akhilesh/py39/lib/python3.9/site-packages/airflow/example_dags/example_setup_teardown.py for tasks to queue
[2023-08-14T10:23:07.290+0200] {logging_mixin.py:150} INFO - [2023-08-14T10:23:07.290+0200] {dagbag.py:541} INFO - Filling up the DagBag from /home/akhilesh/py39/lib/python3.9/site-packages/airflow/example_dags/example_setup_teardown.py
[2023-08-14T10:23:07.292+0200] {processor.py:838} WARNING - No viable dags retrieved from /home/akhilesh/py39/lib/python3.9/site-packages/airflow/example_dags/example_setup_teardown.py
[2023-08-14T10:23:07.301+0200] {processor.py:179} INFO - Processing /home/akhilesh/py39/lib/python3.9/site-packages/airflow/example_dags/example_setup_teardown.py took 0.017 seconds
[2023-08-14T10:24:04.876+0200] {processor.py:157} INFO - Started process (PID=453818) to work on /home/akhilesh/py39/lib/python3.9/site-packages/airflow/example_dags/example_setup_teardown.py
[2023-08-14T10:24:04.885+0200] {processor.py:826} INFO - Processing file /home/akhilesh/py39/lib/python3.9/site-packages/airflow/example_dags/example_setup_teardown.py for tasks to queue
[2023-08-14T10:24:04.886+0200] {logging_mixin.py:150} INFO - [2023-08-14T10:24:04.886+0200] {dagbag.py:541} INFO - Filling up the DagBag from /home/akhilesh/py39/lib/python3.9/site-packages/airflow/example_dags/example_setup_teardown.py
[2023-08-14T10:24:04.889+0200] {processor.py:838} WARNING - No viable dags retrieved from /home/akhilesh/py39/lib/python3.9/site-packages/airflow/example_dags/example_setup_teardown.py
[2023-08-14T10:24:04.901+0200] {processor.py:179} INFO - Processing /home/akhilesh/py39/lib/python3.9/site-packages/airflow/example_dags/example_setup_teardown.py took 0.028 seconds
[2023-08-14T10:24:49.537+0200] {processor.py:157} INFO - Started process (PID=454003) to work on /home/akhilesh/py39/lib/python3.9/site-packages/airflow/example_dags/example_setup_teardown.py
[2023-08-14T10:24:49.546+0200] {processor.py:826} INFO - Processing file /home/akhilesh/py39/lib/python3.9/site-packages/airflow/example_dags/example_setup_teardown.py for tasks to queue
[2023-08-14T10:24:49.548+0200] {logging_mixin.py:150} INFO - [2023-08-14T10:24:49.547+0200] {dagbag.py:541} INFO - Filling up the DagBag from /home/akhilesh/py39/lib/python3.9/site-packages/airflow/example_dags/example_setup_teardown.py
[2023-08-14T10:24:49.552+0200] {processor.py:838} WARNING - No viable dags retrieved from /home/akhilesh/py39/lib/python3.9/site-packages/airflow/example_dags/example_setup_teardown.py
[2023-08-14T10:24:49.562+0200] {processor.py:179} INFO - Processing /home/akhilesh/py39/lib/python3.9/site-packages/airflow/example_dags/example_setup_teardown.py took 0.029 seconds
[2023-08-14T10:25:38.518+0200] {processor.py:157} INFO - Started process (PID=454123) to work on /home/akhilesh/py39/lib/python3.9/site-packages/airflow/example_dags/example_setup_teardown.py
[2023-08-14T10:25:38.527+0200] {processor.py:826} INFO - Processing file /home/akhilesh/py39/lib/python3.9/site-packages/airflow/example_dags/example_setup_teardown.py for tasks to queue
[2023-08-14T10:25:38.529+0200] {logging_mixin.py:150} INFO - [2023-08-14T10:25:38.528+0200] {dagbag.py:541} INFO - Filling up the DagBag from /home/akhilesh/py39/lib/python3.9/site-packages/airflow/example_dags/example_setup_teardown.py
[2023-08-14T10:25:38.531+0200] {processor.py:838} WARNING - No viable dags retrieved from /home/akhilesh/py39/lib/python3.9/site-packages/airflow/example_dags/example_setup_teardown.py
[2023-08-14T10:25:38.544+0200] {processor.py:179} INFO - Processing /home/akhilesh/py39/lib/python3.9/site-packages/airflow/example_dags/example_setup_teardown.py took 0.030 seconds
[2023-08-14T10:26:23.908+0200] {processor.py:157} INFO - Started process (PID=454306) to work on /home/akhilesh/py39/lib/python3.9/site-packages/airflow/example_dags/example_setup_teardown.py
[2023-08-14T10:26:23.917+0200] {processor.py:826} INFO - Processing file /home/akhilesh/py39/lib/python3.9/site-packages/airflow/example_dags/example_setup_teardown.py for tasks to queue
[2023-08-14T10:26:23.918+0200] {logging_mixin.py:150} INFO - [2023-08-14T10:26:23.918+0200] {dagbag.py:541} INFO - Filling up the DagBag from /home/akhilesh/py39/lib/python3.9/site-packages/airflow/example_dags/example_setup_teardown.py
[2023-08-14T10:26:23.922+0200] {processor.py:838} WARNING - No viable dags retrieved from /home/akhilesh/py39/lib/python3.9/site-packages/airflow/example_dags/example_setup_teardown.py
[2023-08-14T10:26:23.936+0200] {processor.py:179} INFO - Processing /home/akhilesh/py39/lib/python3.9/site-packages/airflow/example_dags/example_setup_teardown.py took 0.033 seconds
[2023-08-14T10:27:23.306+0200] {processor.py:157} INFO - Started process (PID=454666) to work on /home/akhilesh/py39/lib/python3.9/site-packages/airflow/example_dags/example_setup_teardown.py
[2023-08-14T10:27:23.307+0200] {processor.py:826} INFO - Processing file /home/akhilesh/py39/lib/python3.9/site-packages/airflow/example_dags/example_setup_teardown.py for tasks to queue
[2023-08-14T10:27:23.308+0200] {logging_mixin.py:150} INFO - [2023-08-14T10:27:23.307+0200] {dagbag.py:541} INFO - Filling up the DagBag from /home/akhilesh/py39/lib/python3.9/site-packages/airflow/example_dags/example_setup_teardown.py
[2023-08-14T10:27:23.309+0200] {processor.py:838} WARNING - No viable dags retrieved from /home/akhilesh/py39/lib/python3.9/site-packages/airflow/example_dags/example_setup_teardown.py
[2023-08-14T10:27:23.315+0200] {processor.py:179} INFO - Processing /home/akhilesh/py39/lib/python3.9/site-packages/airflow/example_dags/example_setup_teardown.py took 0.013 seconds
[2023-08-14T10:28:19.800+0200] {processor.py:157} INFO - Started process (PID=454941) to work on /home/akhilesh/py39/lib/python3.9/site-packages/airflow/example_dags/example_setup_teardown.py
[2023-08-14T10:28:19.809+0200] {processor.py:826} INFO - Processing file /home/akhilesh/py39/lib/python3.9/site-packages/airflow/example_dags/example_setup_teardown.py for tasks to queue
[2023-08-14T10:28:19.810+0200] {logging_mixin.py:150} INFO - [2023-08-14T10:28:19.810+0200] {dagbag.py:541} INFO - Filling up the DagBag from /home/akhilesh/py39/lib/python3.9/site-packages/airflow/example_dags/example_setup_teardown.py
[2023-08-14T10:28:19.813+0200] {processor.py:838} WARNING - No viable dags retrieved from /home/akhilesh/py39/lib/python3.9/site-packages/airflow/example_dags/example_setup_teardown.py
[2023-08-14T10:28:19.826+0200] {processor.py:179} INFO - Processing /home/akhilesh/py39/lib/python3.9/site-packages/airflow/example_dags/example_setup_teardown.py took 0.030 seconds
[2023-08-14T10:29:01.400+0200] {processor.py:157} INFO - Started process (PID=455082) to work on /home/akhilesh/py39/lib/python3.9/site-packages/airflow/example_dags/example_setup_teardown.py
[2023-08-14T10:29:01.409+0200] {processor.py:826} INFO - Processing file /home/akhilesh/py39/lib/python3.9/site-packages/airflow/example_dags/example_setup_teardown.py for tasks to queue
[2023-08-14T10:29:01.410+0200] {logging_mixin.py:150} INFO - [2023-08-14T10:29:01.410+0200] {dagbag.py:541} INFO - Filling up the DagBag from /home/akhilesh/py39/lib/python3.9/site-packages/airflow/example_dags/example_setup_teardown.py
[2023-08-14T10:29:01.413+0200] {processor.py:838} WARNING - No viable dags retrieved from /home/akhilesh/py39/lib/python3.9/site-packages/airflow/example_dags/example_setup_teardown.py
[2023-08-14T10:29:01.423+0200] {processor.py:179} INFO - Processing /home/akhilesh/py39/lib/python3.9/site-packages/airflow/example_dags/example_setup_teardown.py took 0.026 seconds
[2023-08-14T10:29:47.084+0200] {processor.py:157} INFO - Started process (PID=455237) to work on /home/akhilesh/py39/lib/python3.9/site-packages/airflow/example_dags/example_setup_teardown.py
[2023-08-14T10:29:47.093+0200] {processor.py:826} INFO - Processing file /home/akhilesh/py39/lib/python3.9/site-packages/airflow/example_dags/example_setup_teardown.py for tasks to queue
[2023-08-14T10:29:47.094+0200] {logging_mixin.py:150} INFO - [2023-08-14T10:29:47.094+0200] {dagbag.py:541} INFO - Filling up the DagBag from /home/akhilesh/py39/lib/python3.9/site-packages/airflow/example_dags/example_setup_teardown.py
[2023-08-14T10:29:47.097+0200] {processor.py:838} WARNING - No viable dags retrieved from /home/akhilesh/py39/lib/python3.9/site-packages/airflow/example_dags/example_setup_teardown.py
[2023-08-14T10:29:47.108+0200] {processor.py:179} INFO - Processing /home/akhilesh/py39/lib/python3.9/site-packages/airflow/example_dags/example_setup_teardown.py took 0.028 seconds
[2023-08-14T10:30:38.326+0200] {processor.py:157} INFO - Started process (PID=455396) to work on /home/akhilesh/py39/lib/python3.9/site-packages/airflow/example_dags/example_setup_teardown.py
[2023-08-14T10:30:38.327+0200] {processor.py:826} INFO - Processing file /home/akhilesh/py39/lib/python3.9/site-packages/airflow/example_dags/example_setup_teardown.py for tasks to queue
[2023-08-14T10:30:38.328+0200] {logging_mixin.py:150} INFO - [2023-08-14T10:30:38.328+0200] {dagbag.py:541} INFO - Filling up the DagBag from /home/akhilesh/py39/lib/python3.9/site-packages/airflow/example_dags/example_setup_teardown.py
[2023-08-14T10:30:38.331+0200] {processor.py:838} WARNING - No viable dags retrieved from /home/akhilesh/py39/lib/python3.9/site-packages/airflow/example_dags/example_setup_teardown.py
[2023-08-14T10:30:38.427+0200] {processor.py:179} INFO - Processing /home/akhilesh/py39/lib/python3.9/site-packages/airflow/example_dags/example_setup_teardown.py took 0.104 seconds
[2023-08-14T10:31:17.426+0200] {processor.py:157} INFO - Started process (PID=455498) to work on /home/akhilesh/py39/lib/python3.9/site-packages/airflow/example_dags/example_setup_teardown.py
[2023-08-14T10:31:17.435+0200] {processor.py:826} INFO - Processing file /home/akhilesh/py39/lib/python3.9/site-packages/airflow/example_dags/example_setup_teardown.py for tasks to queue
[2023-08-14T10:31:17.437+0200] {logging_mixin.py:150} INFO - [2023-08-14T10:31:17.436+0200] {dagbag.py:541} INFO - Filling up the DagBag from /home/akhilesh/py39/lib/python3.9/site-packages/airflow/example_dags/example_setup_teardown.py
[2023-08-14T10:31:17.440+0200] {processor.py:838} WARNING - No viable dags retrieved from /home/akhilesh/py39/lib/python3.9/site-packages/airflow/example_dags/example_setup_teardown.py
[2023-08-14T10:31:17.451+0200] {processor.py:179} INFO - Processing /home/akhilesh/py39/lib/python3.9/site-packages/airflow/example_dags/example_setup_teardown.py took 0.029 seconds
[2023-08-14T10:32:06.364+0200] {processor.py:157} INFO - Started process (PID=455671) to work on /home/akhilesh/py39/lib/python3.9/site-packages/airflow/example_dags/example_setup_teardown.py
[2023-08-14T10:32:06.373+0200] {processor.py:826} INFO - Processing file /home/akhilesh/py39/lib/python3.9/site-packages/airflow/example_dags/example_setup_teardown.py for tasks to queue
[2023-08-14T10:32:06.375+0200] {logging_mixin.py:150} INFO - [2023-08-14T10:32:06.374+0200] {dagbag.py:541} INFO - Filling up the DagBag from /home/akhilesh/py39/lib/python3.9/site-packages/airflow/example_dags/example_setup_teardown.py
[2023-08-14T10:32:06.377+0200] {processor.py:838} WARNING - No viable dags retrieved from /home/akhilesh/py39/lib/python3.9/site-packages/airflow/example_dags/example_setup_teardown.py
[2023-08-14T10:32:06.390+0200] {processor.py:179} INFO - Processing /home/akhilesh/py39/lib/python3.9/site-packages/airflow/example_dags/example_setup_teardown.py took 0.029 seconds
[2023-08-14T10:32:56.980+0200] {processor.py:157} INFO - Started process (PID=455934) to work on /home/akhilesh/py39/lib/python3.9/site-packages/airflow/example_dags/example_setup_teardown.py
[2023-08-14T10:32:56.989+0200] {processor.py:826} INFO - Processing file /home/akhilesh/py39/lib/python3.9/site-packages/airflow/example_dags/example_setup_teardown.py for tasks to queue
[2023-08-14T10:32:56.990+0200] {logging_mixin.py:150} INFO - [2023-08-14T10:32:56.990+0200] {dagbag.py:541} INFO - Filling up the DagBag from /home/akhilesh/py39/lib/python3.9/site-packages/airflow/example_dags/example_setup_teardown.py
[2023-08-14T10:32:56.993+0200] {processor.py:838} WARNING - No viable dags retrieved from /home/akhilesh/py39/lib/python3.9/site-packages/airflow/example_dags/example_setup_teardown.py
[2023-08-14T10:32:57.007+0200] {processor.py:179} INFO - Processing /home/akhilesh/py39/lib/python3.9/site-packages/airflow/example_dags/example_setup_teardown.py took 0.031 seconds
[2023-08-14T10:33:49.264+0200] {processor.py:157} INFO - Started process (PID=456064) to work on /home/akhilesh/py39/lib/python3.9/site-packages/airflow/example_dags/example_setup_teardown.py
[2023-08-14T10:33:49.273+0200] {processor.py:826} INFO - Processing file /home/akhilesh/py39/lib/python3.9/site-packages/airflow/example_dags/example_setup_teardown.py for tasks to queue
[2023-08-14T10:33:49.274+0200] {logging_mixin.py:150} INFO - [2023-08-14T10:33:49.273+0200] {dagbag.py:541} INFO - Filling up the DagBag from /home/akhilesh/py39/lib/python3.9/site-packages/airflow/example_dags/example_setup_teardown.py
[2023-08-14T10:33:49.276+0200] {processor.py:838} WARNING - No viable dags retrieved from /home/akhilesh/py39/lib/python3.9/site-packages/airflow/example_dags/example_setup_teardown.py
[2023-08-14T10:33:49.287+0200] {processor.py:179} INFO - Processing /home/akhilesh/py39/lib/python3.9/site-packages/airflow/example_dags/example_setup_teardown.py took 0.028 seconds
[2023-08-14T10:34:44.442+0200] {processor.py:157} INFO - Started process (PID=456195) to work on /home/akhilesh/py39/lib/python3.9/site-packages/airflow/example_dags/example_setup_teardown.py
[2023-08-14T10:34:44.443+0200] {processor.py:826} INFO - Processing file /home/akhilesh/py39/lib/python3.9/site-packages/airflow/example_dags/example_setup_teardown.py for tasks to queue
[2023-08-14T10:34:44.444+0200] {logging_mixin.py:150} INFO - [2023-08-14T10:34:44.443+0200] {dagbag.py:541} INFO - Filling up the DagBag from /home/akhilesh/py39/lib/python3.9/site-packages/airflow/example_dags/example_setup_teardown.py
[2023-08-14T10:34:44.445+0200] {processor.py:838} WARNING - No viable dags retrieved from /home/akhilesh/py39/lib/python3.9/site-packages/airflow/example_dags/example_setup_teardown.py
[2023-08-14T10:34:44.453+0200] {processor.py:179} INFO - Processing /home/akhilesh/py39/lib/python3.9/site-packages/airflow/example_dags/example_setup_teardown.py took 0.015 seconds
[2023-08-14T10:35:37.270+0200] {processor.py:157} INFO - Started process (PID=456352) to work on /home/akhilesh/py39/lib/python3.9/site-packages/airflow/example_dags/example_setup_teardown.py
[2023-08-14T10:35:37.279+0200] {processor.py:826} INFO - Processing file /home/akhilesh/py39/lib/python3.9/site-packages/airflow/example_dags/example_setup_teardown.py for tasks to queue
[2023-08-14T10:35:37.281+0200] {logging_mixin.py:150} INFO - [2023-08-14T10:35:37.280+0200] {dagbag.py:541} INFO - Filling up the DagBag from /home/akhilesh/py39/lib/python3.9/site-packages/airflow/example_dags/example_setup_teardown.py
[2023-08-14T10:35:37.284+0200] {processor.py:838} WARNING - No viable dags retrieved from /home/akhilesh/py39/lib/python3.9/site-packages/airflow/example_dags/example_setup_teardown.py
[2023-08-14T10:35:37.297+0200] {processor.py:179} INFO - Processing /home/akhilesh/py39/lib/python3.9/site-packages/airflow/example_dags/example_setup_teardown.py took 0.032 seconds
[2023-08-14T10:36:27.666+0200] {processor.py:157} INFO - Started process (PID=456499) to work on /home/akhilesh/py39/lib/python3.9/site-packages/airflow/example_dags/example_setup_teardown.py
[2023-08-14T10:36:27.675+0200] {processor.py:826} INFO - Processing file /home/akhilesh/py39/lib/python3.9/site-packages/airflow/example_dags/example_setup_teardown.py for tasks to queue
[2023-08-14T10:36:27.676+0200] {logging_mixin.py:150} INFO - [2023-08-14T10:36:27.676+0200] {dagbag.py:541} INFO - Filling up the DagBag from /home/akhilesh/py39/lib/python3.9/site-packages/airflow/example_dags/example_setup_teardown.py
[2023-08-14T10:36:27.680+0200] {processor.py:838} WARNING - No viable dags retrieved from /home/akhilesh/py39/lib/python3.9/site-packages/airflow/example_dags/example_setup_teardown.py
[2023-08-14T10:36:27.691+0200] {processor.py:179} INFO - Processing /home/akhilesh/py39/lib/python3.9/site-packages/airflow/example_dags/example_setup_teardown.py took 0.030 seconds
[2023-08-14T10:37:16.548+0200] {processor.py:157} INFO - Started process (PID=456611) to work on /home/akhilesh/py39/lib/python3.9/site-packages/airflow/example_dags/example_setup_teardown.py
[2023-08-14T10:37:16.557+0200] {processor.py:826} INFO - Processing file /home/akhilesh/py39/lib/python3.9/site-packages/airflow/example_dags/example_setup_teardown.py for tasks to queue
[2023-08-14T10:37:16.559+0200] {logging_mixin.py:150} INFO - [2023-08-14T10:37:16.558+0200] {dagbag.py:541} INFO - Filling up the DagBag from /home/akhilesh/py39/lib/python3.9/site-packages/airflow/example_dags/example_setup_teardown.py
[2023-08-14T10:37:16.561+0200] {processor.py:838} WARNING - No viable dags retrieved from /home/akhilesh/py39/lib/python3.9/site-packages/airflow/example_dags/example_setup_teardown.py
[2023-08-14T10:37:16.571+0200] {processor.py:179} INFO - Processing /home/akhilesh/py39/lib/python3.9/site-packages/airflow/example_dags/example_setup_teardown.py took 0.026 seconds
[2023-08-14T10:38:06.059+0200] {processor.py:157} INFO - Started process (PID=456751) to work on /home/akhilesh/py39/lib/python3.9/site-packages/airflow/example_dags/example_setup_teardown.py
[2023-08-14T10:38:06.068+0200] {processor.py:826} INFO - Processing file /home/akhilesh/py39/lib/python3.9/site-packages/airflow/example_dags/example_setup_teardown.py for tasks to queue
[2023-08-14T10:38:06.070+0200] {logging_mixin.py:150} INFO - [2023-08-14T10:38:06.069+0200] {dagbag.py:541} INFO - Filling up the DagBag from /home/akhilesh/py39/lib/python3.9/site-packages/airflow/example_dags/example_setup_teardown.py
[2023-08-14T10:38:06.074+0200] {processor.py:838} WARNING - No viable dags retrieved from /home/akhilesh/py39/lib/python3.9/site-packages/airflow/example_dags/example_setup_teardown.py
[2023-08-14T10:38:06.081+0200] {processor.py:179} INFO - Processing /home/akhilesh/py39/lib/python3.9/site-packages/airflow/example_dags/example_setup_teardown.py took 0.026 seconds
[2023-08-14T10:38:57.584+0200] {processor.py:157} INFO - Started process (PID=456864) to work on /home/akhilesh/py39/lib/python3.9/site-packages/airflow/example_dags/example_setup_teardown.py
[2023-08-14T10:38:57.593+0200] {processor.py:826} INFO - Processing file /home/akhilesh/py39/lib/python3.9/site-packages/airflow/example_dags/example_setup_teardown.py for tasks to queue
[2023-08-14T10:38:57.594+0200] {logging_mixin.py:150} INFO - [2023-08-14T10:38:57.594+0200] {dagbag.py:541} INFO - Filling up the DagBag from /home/akhilesh/py39/lib/python3.9/site-packages/airflow/example_dags/example_setup_teardown.py
[2023-08-14T10:38:57.597+0200] {processor.py:838} WARNING - No viable dags retrieved from /home/akhilesh/py39/lib/python3.9/site-packages/airflow/example_dags/example_setup_teardown.py
[2023-08-14T10:38:57.607+0200] {processor.py:179} INFO - Processing /home/akhilesh/py39/lib/python3.9/site-packages/airflow/example_dags/example_setup_teardown.py took 0.027 seconds
[2023-08-14T10:39:51.497+0200] {processor.py:157} INFO - Started process (PID=457141) to work on /home/akhilesh/py39/lib/python3.9/site-packages/airflow/example_dags/example_setup_teardown.py
[2023-08-14T10:39:51.506+0200] {processor.py:826} INFO - Processing file /home/akhilesh/py39/lib/python3.9/site-packages/airflow/example_dags/example_setup_teardown.py for tasks to queue
[2023-08-14T10:39:51.507+0200] {logging_mixin.py:150} INFO - [2023-08-14T10:39:51.507+0200] {dagbag.py:541} INFO - Filling up the DagBag from /home/akhilesh/py39/lib/python3.9/site-packages/airflow/example_dags/example_setup_teardown.py
[2023-08-14T10:39:51.509+0200] {processor.py:838} WARNING - No viable dags retrieved from /home/akhilesh/py39/lib/python3.9/site-packages/airflow/example_dags/example_setup_teardown.py
[2023-08-14T10:39:51.520+0200] {processor.py:179} INFO - Processing /home/akhilesh/py39/lib/python3.9/site-packages/airflow/example_dags/example_setup_teardown.py took 0.027 seconds
[2023-08-14T10:41:33.172+0200] {processor.py:157} INFO - Started process (PID=457553) to work on /home/akhilesh/py39/lib/python3.9/site-packages/airflow/example_dags/example_setup_teardown.py
[2023-08-14T10:41:33.182+0200] {processor.py:826} INFO - Processing file /home/akhilesh/py39/lib/python3.9/site-packages/airflow/example_dags/example_setup_teardown.py for tasks to queue
[2023-08-14T10:41:33.183+0200] {logging_mixin.py:150} INFO - [2023-08-14T10:41:33.182+0200] {dagbag.py:541} INFO - Filling up the DagBag from /home/akhilesh/py39/lib/python3.9/site-packages/airflow/example_dags/example_setup_teardown.py
[2023-08-14T10:41:33.186+0200] {processor.py:838} WARNING - No viable dags retrieved from /home/akhilesh/py39/lib/python3.9/site-packages/airflow/example_dags/example_setup_teardown.py
[2023-08-14T10:41:33.197+0200] {processor.py:179} INFO - Processing /home/akhilesh/py39/lib/python3.9/site-packages/airflow/example_dags/example_setup_teardown.py took 0.029 seconds
[2023-08-14T10:42:18.605+0200] {processor.py:157} INFO - Started process (PID=457717) to work on /home/akhilesh/py39/lib/python3.9/site-packages/airflow/example_dags/example_setup_teardown.py
[2023-08-14T10:42:18.613+0200] {processor.py:826} INFO - Processing file /home/akhilesh/py39/lib/python3.9/site-packages/airflow/example_dags/example_setup_teardown.py for tasks to queue
[2023-08-14T10:42:18.615+0200] {logging_mixin.py:150} INFO - [2023-08-14T10:42:18.614+0200] {dagbag.py:541} INFO - Filling up the DagBag from /home/akhilesh/py39/lib/python3.9/site-packages/airflow/example_dags/example_setup_teardown.py
[2023-08-14T10:42:18.617+0200] {processor.py:838} WARNING - No viable dags retrieved from /home/akhilesh/py39/lib/python3.9/site-packages/airflow/example_dags/example_setup_teardown.py
[2023-08-14T10:42:18.630+0200] {processor.py:179} INFO - Processing /home/akhilesh/py39/lib/python3.9/site-packages/airflow/example_dags/example_setup_teardown.py took 0.028 seconds
[2023-08-14T10:44:24.082+0200] {processor.py:157} INFO - Started process (PID=458238) to work on /home/akhilesh/py39/lib/python3.9/site-packages/airflow/example_dags/example_setup_teardown.py
[2023-08-14T10:44:24.092+0200] {processor.py:826} INFO - Processing file /home/akhilesh/py39/lib/python3.9/site-packages/airflow/example_dags/example_setup_teardown.py for tasks to queue
[2023-08-14T10:44:24.094+0200] {logging_mixin.py:150} INFO - [2023-08-14T10:44:24.093+0200] {dagbag.py:541} INFO - Filling up the DagBag from /home/akhilesh/py39/lib/python3.9/site-packages/airflow/example_dags/example_setup_teardown.py
[2023-08-14T10:44:24.098+0200] {processor.py:838} WARNING - No viable dags retrieved from /home/akhilesh/py39/lib/python3.9/site-packages/airflow/example_dags/example_setup_teardown.py
[2023-08-14T10:44:24.116+0200] {processor.py:179} INFO - Processing /home/akhilesh/py39/lib/python3.9/site-packages/airflow/example_dags/example_setup_teardown.py took 0.039 seconds
[2023-08-14T10:45:10.631+0200] {processor.py:157} INFO - Started process (PID=458439) to work on /home/akhilesh/py39/lib/python3.9/site-packages/airflow/example_dags/example_setup_teardown.py
[2023-08-14T10:45:10.640+0200] {processor.py:826} INFO - Processing file /home/akhilesh/py39/lib/python3.9/site-packages/airflow/example_dags/example_setup_teardown.py for tasks to queue
[2023-08-14T10:45:10.642+0200] {logging_mixin.py:150} INFO - [2023-08-14T10:45:10.641+0200] {dagbag.py:541} INFO - Filling up the DagBag from /home/akhilesh/py39/lib/python3.9/site-packages/airflow/example_dags/example_setup_teardown.py
[2023-08-14T10:45:10.644+0200] {processor.py:838} WARNING - No viable dags retrieved from /home/akhilesh/py39/lib/python3.9/site-packages/airflow/example_dags/example_setup_teardown.py
[2023-08-14T10:45:10.658+0200] {processor.py:179} INFO - Processing /home/akhilesh/py39/lib/python3.9/site-packages/airflow/example_dags/example_setup_teardown.py took 0.031 seconds
[2023-08-14T10:45:59.320+0200] {processor.py:157} INFO - Started process (PID=458698) to work on /home/akhilesh/py39/lib/python3.9/site-packages/airflow/example_dags/example_setup_teardown.py
[2023-08-14T10:45:59.330+0200] {processor.py:826} INFO - Processing file /home/akhilesh/py39/lib/python3.9/site-packages/airflow/example_dags/example_setup_teardown.py for tasks to queue
[2023-08-14T10:45:59.331+0200] {logging_mixin.py:150} INFO - [2023-08-14T10:45:59.330+0200] {dagbag.py:541} INFO - Filling up the DagBag from /home/akhilesh/py39/lib/python3.9/site-packages/airflow/example_dags/example_setup_teardown.py
[2023-08-14T10:45:59.334+0200] {processor.py:838} WARNING - No viable dags retrieved from /home/akhilesh/py39/lib/python3.9/site-packages/airflow/example_dags/example_setup_teardown.py
[2023-08-14T10:45:59.347+0200] {processor.py:179} INFO - Processing /home/akhilesh/py39/lib/python3.9/site-packages/airflow/example_dags/example_setup_teardown.py took 0.030 seconds
[2023-08-14T10:46:47.541+0200] {processor.py:157} INFO - Started process (PID=458893) to work on /home/akhilesh/py39/lib/python3.9/site-packages/airflow/example_dags/example_setup_teardown.py
[2023-08-14T10:46:47.549+0200] {processor.py:826} INFO - Processing file /home/akhilesh/py39/lib/python3.9/site-packages/airflow/example_dags/example_setup_teardown.py for tasks to queue
[2023-08-14T10:46:47.551+0200] {logging_mixin.py:150} INFO - [2023-08-14T10:46:47.550+0200] {dagbag.py:541} INFO - Filling up the DagBag from /home/akhilesh/py39/lib/python3.9/site-packages/airflow/example_dags/example_setup_teardown.py
[2023-08-14T10:46:47.554+0200] {processor.py:838} WARNING - No viable dags retrieved from /home/akhilesh/py39/lib/python3.9/site-packages/airflow/example_dags/example_setup_teardown.py
[2023-08-14T10:46:47.568+0200] {processor.py:179} INFO - Processing /home/akhilesh/py39/lib/python3.9/site-packages/airflow/example_dags/example_setup_teardown.py took 0.031 seconds
[2023-08-14T10:47:33.599+0200] {processor.py:157} INFO - Started process (PID=459040) to work on /home/akhilesh/py39/lib/python3.9/site-packages/airflow/example_dags/example_setup_teardown.py
[2023-08-14T10:47:33.608+0200] {processor.py:826} INFO - Processing file /home/akhilesh/py39/lib/python3.9/site-packages/airflow/example_dags/example_setup_teardown.py for tasks to queue
[2023-08-14T10:47:33.609+0200] {logging_mixin.py:150} INFO - [2023-08-14T10:47:33.609+0200] {dagbag.py:541} INFO - Filling up the DagBag from /home/akhilesh/py39/lib/python3.9/site-packages/airflow/example_dags/example_setup_teardown.py
[2023-08-14T10:47:33.612+0200] {processor.py:838} WARNING - No viable dags retrieved from /home/akhilesh/py39/lib/python3.9/site-packages/airflow/example_dags/example_setup_teardown.py
[2023-08-14T10:47:33.626+0200] {processor.py:179} INFO - Processing /home/akhilesh/py39/lib/python3.9/site-packages/airflow/example_dags/example_setup_teardown.py took 0.032 seconds
[2023-08-14T10:48:29.021+0200] {processor.py:157} INFO - Started process (PID=459224) to work on /home/akhilesh/py39/lib/python3.9/site-packages/airflow/example_dags/example_setup_teardown.py
[2023-08-14T10:48:29.030+0200] {processor.py:826} INFO - Processing file /home/akhilesh/py39/lib/python3.9/site-packages/airflow/example_dags/example_setup_teardown.py for tasks to queue
[2023-08-14T10:48:29.031+0200] {logging_mixin.py:150} INFO - [2023-08-14T10:48:29.031+0200] {dagbag.py:541} INFO - Filling up the DagBag from /home/akhilesh/py39/lib/python3.9/site-packages/airflow/example_dags/example_setup_teardown.py
[2023-08-14T10:48:29.034+0200] {processor.py:838} WARNING - No viable dags retrieved from /home/akhilesh/py39/lib/python3.9/site-packages/airflow/example_dags/example_setup_teardown.py
[2023-08-14T10:48:29.049+0200] {processor.py:179} INFO - Processing /home/akhilesh/py39/lib/python3.9/site-packages/airflow/example_dags/example_setup_teardown.py took 0.033 seconds
[2023-08-14T10:49:22.213+0200] {processor.py:157} INFO - Started process (PID=459400) to work on /home/akhilesh/py39/lib/python3.9/site-packages/airflow/example_dags/example_setup_teardown.py
[2023-08-14T10:49:22.223+0200] {processor.py:826} INFO - Processing file /home/akhilesh/py39/lib/python3.9/site-packages/airflow/example_dags/example_setup_teardown.py for tasks to queue
[2023-08-14T10:49:22.224+0200] {logging_mixin.py:150} INFO - [2023-08-14T10:49:22.224+0200] {dagbag.py:541} INFO - Filling up the DagBag from /home/akhilesh/py39/lib/python3.9/site-packages/airflow/example_dags/example_setup_teardown.py
[2023-08-14T10:49:22.227+0200] {processor.py:838} WARNING - No viable dags retrieved from /home/akhilesh/py39/lib/python3.9/site-packages/airflow/example_dags/example_setup_teardown.py
[2023-08-14T10:49:22.238+0200] {processor.py:179} INFO - Processing /home/akhilesh/py39/lib/python3.9/site-packages/airflow/example_dags/example_setup_teardown.py took 0.029 seconds
[2023-08-14T10:50:12.368+0200] {processor.py:157} INFO - Started process (PID=459545) to work on /home/akhilesh/py39/lib/python3.9/site-packages/airflow/example_dags/example_setup_teardown.py
[2023-08-14T10:50:12.377+0200] {processor.py:826} INFO - Processing file /home/akhilesh/py39/lib/python3.9/site-packages/airflow/example_dags/example_setup_teardown.py for tasks to queue
[2023-08-14T10:50:12.378+0200] {logging_mixin.py:150} INFO - [2023-08-14T10:50:12.378+0200] {dagbag.py:541} INFO - Filling up the DagBag from /home/akhilesh/py39/lib/python3.9/site-packages/airflow/example_dags/example_setup_teardown.py
[2023-08-14T10:50:12.380+0200] {processor.py:838} WARNING - No viable dags retrieved from /home/akhilesh/py39/lib/python3.9/site-packages/airflow/example_dags/example_setup_teardown.py
[2023-08-14T10:50:12.393+0200] {processor.py:179} INFO - Processing /home/akhilesh/py39/lib/python3.9/site-packages/airflow/example_dags/example_setup_teardown.py took 0.029 seconds
[2023-08-14T10:51:04.081+0200] {processor.py:157} INFO - Started process (PID=459772) to work on /home/akhilesh/py39/lib/python3.9/site-packages/airflow/example_dags/example_setup_teardown.py
[2023-08-14T10:51:04.083+0200] {processor.py:826} INFO - Processing file /home/akhilesh/py39/lib/python3.9/site-packages/airflow/example_dags/example_setup_teardown.py for tasks to queue
[2023-08-14T10:51:04.084+0200] {logging_mixin.py:150} INFO - [2023-08-14T10:51:04.084+0200] {dagbag.py:541} INFO - Filling up the DagBag from /home/akhilesh/py39/lib/python3.9/site-packages/airflow/example_dags/example_setup_teardown.py
[2023-08-14T10:51:04.087+0200] {processor.py:838} WARNING - No viable dags retrieved from /home/akhilesh/py39/lib/python3.9/site-packages/airflow/example_dags/example_setup_teardown.py
[2023-08-14T10:51:04.099+0200] {processor.py:179} INFO - Processing /home/akhilesh/py39/lib/python3.9/site-packages/airflow/example_dags/example_setup_teardown.py took 0.022 seconds
[2023-08-14T10:51:52.201+0200] {processor.py:157} INFO - Started process (PID=459899) to work on /home/akhilesh/py39/lib/python3.9/site-packages/airflow/example_dags/example_setup_teardown.py
[2023-08-14T10:51:52.210+0200] {processor.py:826} INFO - Processing file /home/akhilesh/py39/lib/python3.9/site-packages/airflow/example_dags/example_setup_teardown.py for tasks to queue
[2023-08-14T10:51:52.212+0200] {logging_mixin.py:150} INFO - [2023-08-14T10:51:52.211+0200] {dagbag.py:541} INFO - Filling up the DagBag from /home/akhilesh/py39/lib/python3.9/site-packages/airflow/example_dags/example_setup_teardown.py
[2023-08-14T10:51:52.213+0200] {processor.py:838} WARNING - No viable dags retrieved from /home/akhilesh/py39/lib/python3.9/site-packages/airflow/example_dags/example_setup_teardown.py
[2023-08-14T10:51:52.226+0200] {processor.py:179} INFO - Processing /home/akhilesh/py39/lib/python3.9/site-packages/airflow/example_dags/example_setup_teardown.py took 0.029 seconds
[2023-08-14T10:52:43.158+0200] {processor.py:157} INFO - Started process (PID=460024) to work on /home/akhilesh/py39/lib/python3.9/site-packages/airflow/example_dags/example_setup_teardown.py
[2023-08-14T10:52:43.167+0200] {processor.py:826} INFO - Processing file /home/akhilesh/py39/lib/python3.9/site-packages/airflow/example_dags/example_setup_teardown.py for tasks to queue
[2023-08-14T10:52:43.168+0200] {logging_mixin.py:150} INFO - [2023-08-14T10:52:43.168+0200] {dagbag.py:541} INFO - Filling up the DagBag from /home/akhilesh/py39/lib/python3.9/site-packages/airflow/example_dags/example_setup_teardown.py
[2023-08-14T10:52:43.171+0200] {processor.py:838} WARNING - No viable dags retrieved from /home/akhilesh/py39/lib/python3.9/site-packages/airflow/example_dags/example_setup_teardown.py
[2023-08-14T10:52:43.181+0200] {processor.py:179} INFO - Processing /home/akhilesh/py39/lib/python3.9/site-packages/airflow/example_dags/example_setup_teardown.py took 0.027 seconds
[2023-08-14T10:53:33.729+0200] {processor.py:157} INFO - Started process (PID=460255) to work on /home/akhilesh/py39/lib/python3.9/site-packages/airflow/example_dags/example_setup_teardown.py
[2023-08-14T10:53:33.731+0200] {processor.py:826} INFO - Processing file /home/akhilesh/py39/lib/python3.9/site-packages/airflow/example_dags/example_setup_teardown.py for tasks to queue
[2023-08-14T10:53:33.733+0200] {logging_mixin.py:150} INFO - [2023-08-14T10:53:33.732+0200] {dagbag.py:541} INFO - Filling up the DagBag from /home/akhilesh/py39/lib/python3.9/site-packages/airflow/example_dags/example_setup_teardown.py
[2023-08-14T10:53:33.736+0200] {processor.py:838} WARNING - No viable dags retrieved from /home/akhilesh/py39/lib/python3.9/site-packages/airflow/example_dags/example_setup_teardown.py
[2023-08-14T10:53:33.746+0200] {processor.py:179} INFO - Processing /home/akhilesh/py39/lib/python3.9/site-packages/airflow/example_dags/example_setup_teardown.py took 0.020 seconds
[2023-08-14T10:54:26.525+0200] {processor.py:157} INFO - Started process (PID=460413) to work on /home/akhilesh/py39/lib/python3.9/site-packages/airflow/example_dags/example_setup_teardown.py
[2023-08-14T10:54:26.534+0200] {processor.py:826} INFO - Processing file /home/akhilesh/py39/lib/python3.9/site-packages/airflow/example_dags/example_setup_teardown.py for tasks to queue
[2023-08-14T10:54:26.536+0200] {logging_mixin.py:150} INFO - [2023-08-14T10:54:26.535+0200] {dagbag.py:541} INFO - Filling up the DagBag from /home/akhilesh/py39/lib/python3.9/site-packages/airflow/example_dags/example_setup_teardown.py
[2023-08-14T10:54:26.538+0200] {processor.py:838} WARNING - No viable dags retrieved from /home/akhilesh/py39/lib/python3.9/site-packages/airflow/example_dags/example_setup_teardown.py
[2023-08-14T10:54:26.552+0200] {processor.py:179} INFO - Processing /home/akhilesh/py39/lib/python3.9/site-packages/airflow/example_dags/example_setup_teardown.py took 0.031 seconds
[2023-08-14T10:55:17.095+0200] {processor.py:157} INFO - Started process (PID=460585) to work on /home/akhilesh/py39/lib/python3.9/site-packages/airflow/example_dags/example_setup_teardown.py
[2023-08-14T10:55:17.104+0200] {processor.py:826} INFO - Processing file /home/akhilesh/py39/lib/python3.9/site-packages/airflow/example_dags/example_setup_teardown.py for tasks to queue
[2023-08-14T10:55:17.105+0200] {logging_mixin.py:150} INFO - [2023-08-14T10:55:17.104+0200] {dagbag.py:541} INFO - Filling up the DagBag from /home/akhilesh/py39/lib/python3.9/site-packages/airflow/example_dags/example_setup_teardown.py
[2023-08-14T10:55:17.108+0200] {processor.py:838} WARNING - No viable dags retrieved from /home/akhilesh/py39/lib/python3.9/site-packages/airflow/example_dags/example_setup_teardown.py
[2023-08-14T10:55:17.120+0200] {processor.py:179} INFO - Processing /home/akhilesh/py39/lib/python3.9/site-packages/airflow/example_dags/example_setup_teardown.py took 0.030 seconds
[2023-08-14T10:56:06.061+0200] {processor.py:157} INFO - Started process (PID=460715) to work on /home/akhilesh/py39/lib/python3.9/site-packages/airflow/example_dags/example_setup_teardown.py
[2023-08-14T10:56:06.071+0200] {processor.py:826} INFO - Processing file /home/akhilesh/py39/lib/python3.9/site-packages/airflow/example_dags/example_setup_teardown.py for tasks to queue
[2023-08-14T10:56:06.073+0200] {logging_mixin.py:150} INFO - [2023-08-14T10:56:06.072+0200] {dagbag.py:541} INFO - Filling up the DagBag from /home/akhilesh/py39/lib/python3.9/site-packages/airflow/example_dags/example_setup_teardown.py
[2023-08-14T10:56:06.076+0200] {processor.py:838} WARNING - No viable dags retrieved from /home/akhilesh/py39/lib/python3.9/site-packages/airflow/example_dags/example_setup_teardown.py
[2023-08-14T10:56:06.089+0200] {processor.py:179} INFO - Processing /home/akhilesh/py39/lib/python3.9/site-packages/airflow/example_dags/example_setup_teardown.py took 0.032 seconds
[2023-08-14T10:56:55.241+0200] {processor.py:157} INFO - Started process (PID=460943) to work on /home/akhilesh/py39/lib/python3.9/site-packages/airflow/example_dags/example_setup_teardown.py
[2023-08-14T10:56:55.250+0200] {processor.py:826} INFO - Processing file /home/akhilesh/py39/lib/python3.9/site-packages/airflow/example_dags/example_setup_teardown.py for tasks to queue
[2023-08-14T10:56:55.251+0200] {logging_mixin.py:150} INFO - [2023-08-14T10:56:55.251+0200] {dagbag.py:541} INFO - Filling up the DagBag from /home/akhilesh/py39/lib/python3.9/site-packages/airflow/example_dags/example_setup_teardown.py
[2023-08-14T10:56:55.254+0200] {processor.py:838} WARNING - No viable dags retrieved from /home/akhilesh/py39/lib/python3.9/site-packages/airflow/example_dags/example_setup_teardown.py
[2023-08-14T10:56:55.265+0200] {processor.py:179} INFO - Processing /home/akhilesh/py39/lib/python3.9/site-packages/airflow/example_dags/example_setup_teardown.py took 0.027 seconds
[2023-08-14T10:57:44.410+0200] {processor.py:157} INFO - Started process (PID=461116) to work on /home/akhilesh/py39/lib/python3.9/site-packages/airflow/example_dags/example_setup_teardown.py
[2023-08-14T10:57:44.419+0200] {processor.py:826} INFO - Processing file /home/akhilesh/py39/lib/python3.9/site-packages/airflow/example_dags/example_setup_teardown.py for tasks to queue
[2023-08-14T10:57:44.421+0200] {logging_mixin.py:150} INFO - [2023-08-14T10:57:44.420+0200] {dagbag.py:541} INFO - Filling up the DagBag from /home/akhilesh/py39/lib/python3.9/site-packages/airflow/example_dags/example_setup_teardown.py
[2023-08-14T10:57:44.424+0200] {processor.py:838} WARNING - No viable dags retrieved from /home/akhilesh/py39/lib/python3.9/site-packages/airflow/example_dags/example_setup_teardown.py
[2023-08-14T10:57:44.434+0200] {processor.py:179} INFO - Processing /home/akhilesh/py39/lib/python3.9/site-packages/airflow/example_dags/example_setup_teardown.py took 0.027 seconds
[2023-08-14T10:58:28.354+0200] {processor.py:157} INFO - Started process (PID=461302) to work on /home/akhilesh/py39/lib/python3.9/site-packages/airflow/example_dags/example_setup_teardown.py
[2023-08-14T10:58:28.355+0200] {processor.py:826} INFO - Processing file /home/akhilesh/py39/lib/python3.9/site-packages/airflow/example_dags/example_setup_teardown.py for tasks to queue
[2023-08-14T10:58:28.356+0200] {logging_mixin.py:150} INFO - [2023-08-14T10:58:28.356+0200] {dagbag.py:541} INFO - Filling up the DagBag from /home/akhilesh/py39/lib/python3.9/site-packages/airflow/example_dags/example_setup_teardown.py
[2023-08-14T10:58:28.359+0200] {processor.py:838} WARNING - No viable dags retrieved from /home/akhilesh/py39/lib/python3.9/site-packages/airflow/example_dags/example_setup_teardown.py
[2023-08-14T10:58:28.368+0200] {processor.py:179} INFO - Processing /home/akhilesh/py39/lib/python3.9/site-packages/airflow/example_dags/example_setup_teardown.py took 0.018 seconds
[2023-08-14T10:59:18.043+0200] {processor.py:157} INFO - Started process (PID=461454) to work on /home/akhilesh/py39/lib/python3.9/site-packages/airflow/example_dags/example_setup_teardown.py
[2023-08-14T10:59:18.052+0200] {processor.py:826} INFO - Processing file /home/akhilesh/py39/lib/python3.9/site-packages/airflow/example_dags/example_setup_teardown.py for tasks to queue
[2023-08-14T10:59:18.053+0200] {logging_mixin.py:150} INFO - [2023-08-14T10:59:18.053+0200] {dagbag.py:541} INFO - Filling up the DagBag from /home/akhilesh/py39/lib/python3.9/site-packages/airflow/example_dags/example_setup_teardown.py
[2023-08-14T10:59:18.056+0200] {processor.py:838} WARNING - No viable dags retrieved from /home/akhilesh/py39/lib/python3.9/site-packages/airflow/example_dags/example_setup_teardown.py
[2023-08-14T10:59:18.068+0200] {processor.py:179} INFO - Processing /home/akhilesh/py39/lib/python3.9/site-packages/airflow/example_dags/example_setup_teardown.py took 0.029 seconds
[2023-08-14T11:00:05.405+0200] {processor.py:157} INFO - Started process (PID=461627) to work on /home/akhilesh/py39/lib/python3.9/site-packages/airflow/example_dags/example_setup_teardown.py
[2023-08-14T11:00:05.415+0200] {processor.py:826} INFO - Processing file /home/akhilesh/py39/lib/python3.9/site-packages/airflow/example_dags/example_setup_teardown.py for tasks to queue
[2023-08-14T11:00:05.417+0200] {logging_mixin.py:150} INFO - [2023-08-14T11:00:05.416+0200] {dagbag.py:541} INFO - Filling up the DagBag from /home/akhilesh/py39/lib/python3.9/site-packages/airflow/example_dags/example_setup_teardown.py
[2023-08-14T11:00:05.420+0200] {processor.py:838} WARNING - No viable dags retrieved from /home/akhilesh/py39/lib/python3.9/site-packages/airflow/example_dags/example_setup_teardown.py
[2023-08-14T11:00:05.432+0200] {processor.py:179} INFO - Processing /home/akhilesh/py39/lib/python3.9/site-packages/airflow/example_dags/example_setup_teardown.py took 0.031 seconds
[2023-08-14T11:00:55.414+0200] {processor.py:157} INFO - Started process (PID=461746) to work on /home/akhilesh/py39/lib/python3.9/site-packages/airflow/example_dags/example_setup_teardown.py
[2023-08-14T11:00:55.424+0200] {processor.py:826} INFO - Processing file /home/akhilesh/py39/lib/python3.9/site-packages/airflow/example_dags/example_setup_teardown.py for tasks to queue
[2023-08-14T11:00:55.425+0200] {logging_mixin.py:150} INFO - [2023-08-14T11:00:55.425+0200] {dagbag.py:541} INFO - Filling up the DagBag from /home/akhilesh/py39/lib/python3.9/site-packages/airflow/example_dags/example_setup_teardown.py
[2023-08-14T11:00:55.427+0200] {processor.py:838} WARNING - No viable dags retrieved from /home/akhilesh/py39/lib/python3.9/site-packages/airflow/example_dags/example_setup_teardown.py
[2023-08-14T11:00:55.441+0200] {processor.py:179} INFO - Processing /home/akhilesh/py39/lib/python3.9/site-packages/airflow/example_dags/example_setup_teardown.py took 0.031 seconds
[2023-08-14T11:01:50.847+0200] {processor.py:157} INFO - Started process (PID=461967) to work on /home/akhilesh/py39/lib/python3.9/site-packages/airflow/example_dags/example_setup_teardown.py
[2023-08-14T11:01:50.856+0200] {processor.py:826} INFO - Processing file /home/akhilesh/py39/lib/python3.9/site-packages/airflow/example_dags/example_setup_teardown.py for tasks to queue
[2023-08-14T11:01:50.857+0200] {logging_mixin.py:150} INFO - [2023-08-14T11:01:50.857+0200] {dagbag.py:541} INFO - Filling up the DagBag from /home/akhilesh/py39/lib/python3.9/site-packages/airflow/example_dags/example_setup_teardown.py
[2023-08-14T11:01:50.860+0200] {processor.py:838} WARNING - No viable dags retrieved from /home/akhilesh/py39/lib/python3.9/site-packages/airflow/example_dags/example_setup_teardown.py
[2023-08-14T11:01:50.874+0200] {processor.py:179} INFO - Processing /home/akhilesh/py39/lib/python3.9/site-packages/airflow/example_dags/example_setup_teardown.py took 0.031 seconds
[2023-08-14T11:02:43.991+0200] {processor.py:157} INFO - Started process (PID=462135) to work on /home/akhilesh/py39/lib/python3.9/site-packages/airflow/example_dags/example_setup_teardown.py
[2023-08-14T11:02:43.992+0200] {processor.py:826} INFO - Processing file /home/akhilesh/py39/lib/python3.9/site-packages/airflow/example_dags/example_setup_teardown.py for tasks to queue
[2023-08-14T11:02:43.993+0200] {logging_mixin.py:150} INFO - [2023-08-14T11:02:43.993+0200] {dagbag.py:541} INFO - Filling up the DagBag from /home/akhilesh/py39/lib/python3.9/site-packages/airflow/example_dags/example_setup_teardown.py
[2023-08-14T11:02:43.995+0200] {processor.py:838} WARNING - No viable dags retrieved from /home/akhilesh/py39/lib/python3.9/site-packages/airflow/example_dags/example_setup_teardown.py
[2023-08-14T11:02:44.004+0200] {processor.py:179} INFO - Processing /home/akhilesh/py39/lib/python3.9/site-packages/airflow/example_dags/example_setup_teardown.py took 0.017 seconds
[2023-08-14T11:03:35.226+0200] {processor.py:157} INFO - Started process (PID=462280) to work on /home/akhilesh/py39/lib/python3.9/site-packages/airflow/example_dags/example_setup_teardown.py
[2023-08-14T11:03:35.235+0200] {processor.py:826} INFO - Processing file /home/akhilesh/py39/lib/python3.9/site-packages/airflow/example_dags/example_setup_teardown.py for tasks to queue
[2023-08-14T11:03:35.237+0200] {logging_mixin.py:150} INFO - [2023-08-14T11:03:35.236+0200] {dagbag.py:541} INFO - Filling up the DagBag from /home/akhilesh/py39/lib/python3.9/site-packages/airflow/example_dags/example_setup_teardown.py
[2023-08-14T11:03:35.239+0200] {processor.py:838} WARNING - No viable dags retrieved from /home/akhilesh/py39/lib/python3.9/site-packages/airflow/example_dags/example_setup_teardown.py
[2023-08-14T11:03:35.252+0200] {processor.py:179} INFO - Processing /home/akhilesh/py39/lib/python3.9/site-packages/airflow/example_dags/example_setup_teardown.py took 0.030 seconds
[2023-08-14T11:04:25.486+0200] {processor.py:157} INFO - Started process (PID=462406) to work on /home/akhilesh/py39/lib/python3.9/site-packages/airflow/example_dags/example_setup_teardown.py
[2023-08-14T11:04:25.496+0200] {processor.py:826} INFO - Processing file /home/akhilesh/py39/lib/python3.9/site-packages/airflow/example_dags/example_setup_teardown.py for tasks to queue
[2023-08-14T11:04:25.497+0200] {logging_mixin.py:150} INFO - [2023-08-14T11:04:25.496+0200] {dagbag.py:541} INFO - Filling up the DagBag from /home/akhilesh/py39/lib/python3.9/site-packages/airflow/example_dags/example_setup_teardown.py
[2023-08-14T11:04:25.499+0200] {processor.py:838} WARNING - No viable dags retrieved from /home/akhilesh/py39/lib/python3.9/site-packages/airflow/example_dags/example_setup_teardown.py
[2023-08-14T11:04:25.513+0200] {processor.py:179} INFO - Processing /home/akhilesh/py39/lib/python3.9/site-packages/airflow/example_dags/example_setup_teardown.py took 0.031 seconds
[2023-08-14T11:05:18.300+0200] {processor.py:157} INFO - Started process (PID=462546) to work on /home/akhilesh/py39/lib/python3.9/site-packages/airflow/example_dags/example_setup_teardown.py
[2023-08-14T11:05:18.309+0200] {processor.py:826} INFO - Processing file /home/akhilesh/py39/lib/python3.9/site-packages/airflow/example_dags/example_setup_teardown.py for tasks to queue
[2023-08-14T11:05:18.310+0200] {logging_mixin.py:150} INFO - [2023-08-14T11:05:18.310+0200] {dagbag.py:541} INFO - Filling up the DagBag from /home/akhilesh/py39/lib/python3.9/site-packages/airflow/example_dags/example_setup_teardown.py
[2023-08-14T11:05:18.313+0200] {processor.py:838} WARNING - No viable dags retrieved from /home/akhilesh/py39/lib/python3.9/site-packages/airflow/example_dags/example_setup_teardown.py
[2023-08-14T11:05:18.327+0200] {processor.py:179} INFO - Processing /home/akhilesh/py39/lib/python3.9/site-packages/airflow/example_dags/example_setup_teardown.py took 0.031 seconds
[2023-08-14T11:06:11.911+0200] {processor.py:157} INFO - Started process (PID=462703) to work on /home/akhilesh/py39/lib/python3.9/site-packages/airflow/example_dags/example_setup_teardown.py
[2023-08-14T11:06:11.920+0200] {processor.py:826} INFO - Processing file /home/akhilesh/py39/lib/python3.9/site-packages/airflow/example_dags/example_setup_teardown.py for tasks to queue
[2023-08-14T11:06:11.922+0200] {logging_mixin.py:150} INFO - [2023-08-14T11:06:11.921+0200] {dagbag.py:541} INFO - Filling up the DagBag from /home/akhilesh/py39/lib/python3.9/site-packages/airflow/example_dags/example_setup_teardown.py
[2023-08-14T11:06:11.927+0200] {processor.py:838} WARNING - No viable dags retrieved from /home/akhilesh/py39/lib/python3.9/site-packages/airflow/example_dags/example_setup_teardown.py
[2023-08-14T11:06:11.943+0200] {processor.py:179} INFO - Processing /home/akhilesh/py39/lib/python3.9/site-packages/airflow/example_dags/example_setup_teardown.py took 0.037 seconds
[2023-08-14T11:06:58.147+0200] {processor.py:157} INFO - Started process (PID=462896) to work on /home/akhilesh/py39/lib/python3.9/site-packages/airflow/example_dags/example_setup_teardown.py
[2023-08-14T11:06:58.156+0200] {processor.py:826} INFO - Processing file /home/akhilesh/py39/lib/python3.9/site-packages/airflow/example_dags/example_setup_teardown.py for tasks to queue
[2023-08-14T11:06:58.158+0200] {logging_mixin.py:150} INFO - [2023-08-14T11:06:58.157+0200] {dagbag.py:541} INFO - Filling up the DagBag from /home/akhilesh/py39/lib/python3.9/site-packages/airflow/example_dags/example_setup_teardown.py
[2023-08-14T11:06:58.160+0200] {processor.py:838} WARNING - No viable dags retrieved from /home/akhilesh/py39/lib/python3.9/site-packages/airflow/example_dags/example_setup_teardown.py
[2023-08-14T11:06:58.172+0200] {processor.py:179} INFO - Processing /home/akhilesh/py39/lib/python3.9/site-packages/airflow/example_dags/example_setup_teardown.py took 0.028 seconds
[2023-08-14T11:07:53.200+0200] {processor.py:157} INFO - Started process (PID=463066) to work on /home/akhilesh/py39/lib/python3.9/site-packages/airflow/example_dags/example_setup_teardown.py
[2023-08-14T11:07:53.209+0200] {processor.py:826} INFO - Processing file /home/akhilesh/py39/lib/python3.9/site-packages/airflow/example_dags/example_setup_teardown.py for tasks to queue
[2023-08-14T11:07:53.210+0200] {logging_mixin.py:150} INFO - [2023-08-14T11:07:53.209+0200] {dagbag.py:541} INFO - Filling up the DagBag from /home/akhilesh/py39/lib/python3.9/site-packages/airflow/example_dags/example_setup_teardown.py
[2023-08-14T11:07:53.212+0200] {processor.py:838} WARNING - No viable dags retrieved from /home/akhilesh/py39/lib/python3.9/site-packages/airflow/example_dags/example_setup_teardown.py
[2023-08-14T11:07:53.224+0200] {processor.py:179} INFO - Processing /home/akhilesh/py39/lib/python3.9/site-packages/airflow/example_dags/example_setup_teardown.py took 0.027 seconds
[2023-08-14T11:08:41.707+0200] {processor.py:157} INFO - Started process (PID=463231) to work on /home/akhilesh/py39/lib/python3.9/site-packages/airflow/example_dags/example_setup_teardown.py
[2023-08-14T11:08:41.709+0200] {processor.py:826} INFO - Processing file /home/akhilesh/py39/lib/python3.9/site-packages/airflow/example_dags/example_setup_teardown.py for tasks to queue
[2023-08-14T11:08:41.711+0200] {logging_mixin.py:150} INFO - [2023-08-14T11:08:41.710+0200] {dagbag.py:541} INFO - Filling up the DagBag from /home/akhilesh/py39/lib/python3.9/site-packages/airflow/example_dags/example_setup_teardown.py
[2023-08-14T11:08:41.714+0200] {processor.py:838} WARNING - No viable dags retrieved from /home/akhilesh/py39/lib/python3.9/site-packages/airflow/example_dags/example_setup_teardown.py
[2023-08-14T11:08:41.728+0200] {processor.py:179} INFO - Processing /home/akhilesh/py39/lib/python3.9/site-packages/airflow/example_dags/example_setup_teardown.py took 0.025 seconds
[2023-08-14T11:10:50.847+0200] {processor.py:157} INFO - Started process (PID=463657) to work on /home/akhilesh/py39/lib/python3.9/site-packages/airflow/example_dags/example_setup_teardown.py
[2023-08-14T11:10:50.848+0200] {processor.py:826} INFO - Processing file /home/akhilesh/py39/lib/python3.9/site-packages/airflow/example_dags/example_setup_teardown.py for tasks to queue
[2023-08-14T11:10:50.849+0200] {logging_mixin.py:150} INFO - [2023-08-14T11:10:50.849+0200] {dagbag.py:541} INFO - Filling up the DagBag from /home/akhilesh/py39/lib/python3.9/site-packages/airflow/example_dags/example_setup_teardown.py
[2023-08-14T11:10:50.851+0200] {processor.py:838} WARNING - No viable dags retrieved from /home/akhilesh/py39/lib/python3.9/site-packages/airflow/example_dags/example_setup_teardown.py
[2023-08-14T11:10:50.859+0200] {processor.py:179} INFO - Processing /home/akhilesh/py39/lib/python3.9/site-packages/airflow/example_dags/example_setup_teardown.py took 0.015 seconds
[2023-08-14T11:11:54.375+0200] {processor.py:157} INFO - Started process (PID=464010) to work on /home/akhilesh/py39/lib/python3.9/site-packages/airflow/example_dags/example_setup_teardown.py
[2023-08-14T11:11:54.384+0200] {processor.py:826} INFO - Processing file /home/akhilesh/py39/lib/python3.9/site-packages/airflow/example_dags/example_setup_teardown.py for tasks to queue
[2023-08-14T11:11:54.386+0200] {logging_mixin.py:150} INFO - [2023-08-14T11:11:54.385+0200] {dagbag.py:541} INFO - Filling up the DagBag from /home/akhilesh/py39/lib/python3.9/site-packages/airflow/example_dags/example_setup_teardown.py
[2023-08-14T11:11:54.388+0200] {processor.py:838} WARNING - No viable dags retrieved from /home/akhilesh/py39/lib/python3.9/site-packages/airflow/example_dags/example_setup_teardown.py
[2023-08-14T11:11:54.399+0200] {processor.py:179} INFO - Processing /home/akhilesh/py39/lib/python3.9/site-packages/airflow/example_dags/example_setup_teardown.py took 0.027 seconds
[2023-08-14T11:12:39.969+0200] {processor.py:157} INFO - Started process (PID=464163) to work on /home/akhilesh/py39/lib/python3.9/site-packages/airflow/example_dags/example_setup_teardown.py
[2023-08-14T11:12:39.978+0200] {processor.py:826} INFO - Processing file /home/akhilesh/py39/lib/python3.9/site-packages/airflow/example_dags/example_setup_teardown.py for tasks to queue
[2023-08-14T11:12:39.979+0200] {logging_mixin.py:150} INFO - [2023-08-14T11:12:39.978+0200] {dagbag.py:541} INFO - Filling up the DagBag from /home/akhilesh/py39/lib/python3.9/site-packages/airflow/example_dags/example_setup_teardown.py
[2023-08-14T11:12:39.982+0200] {processor.py:838} WARNING - No viable dags retrieved from /home/akhilesh/py39/lib/python3.9/site-packages/airflow/example_dags/example_setup_teardown.py
[2023-08-14T11:12:39.995+0200] {processor.py:179} INFO - Processing /home/akhilesh/py39/lib/python3.9/site-packages/airflow/example_dags/example_setup_teardown.py took 0.031 seconds
[2023-08-14T11:13:42.357+0200] {processor.py:157} INFO - Started process (PID=464520) to work on /home/akhilesh/py39/lib/python3.9/site-packages/airflow/example_dags/example_setup_teardown.py
[2023-08-14T11:13:42.358+0200] {processor.py:826} INFO - Processing file /home/akhilesh/py39/lib/python3.9/site-packages/airflow/example_dags/example_setup_teardown.py for tasks to queue
[2023-08-14T11:13:42.359+0200] {logging_mixin.py:150} INFO - [2023-08-14T11:13:42.359+0200] {dagbag.py:541} INFO - Filling up the DagBag from /home/akhilesh/py39/lib/python3.9/site-packages/airflow/example_dags/example_setup_teardown.py
[2023-08-14T11:13:42.360+0200] {processor.py:838} WARNING - No viable dags retrieved from /home/akhilesh/py39/lib/python3.9/site-packages/airflow/example_dags/example_setup_teardown.py
[2023-08-14T11:13:42.370+0200] {processor.py:179} INFO - Processing /home/akhilesh/py39/lib/python3.9/site-packages/airflow/example_dags/example_setup_teardown.py took 0.017 seconds
[2023-08-14T11:15:19.377+0200] {processor.py:157} INFO - Started process (PID=464842) to work on /home/akhilesh/py39/lib/python3.9/site-packages/airflow/example_dags/example_setup_teardown.py
[2023-08-14T11:15:19.386+0200] {processor.py:826} INFO - Processing file /home/akhilesh/py39/lib/python3.9/site-packages/airflow/example_dags/example_setup_teardown.py for tasks to queue
[2023-08-14T11:15:19.387+0200] {logging_mixin.py:150} INFO - [2023-08-14T11:15:19.387+0200] {dagbag.py:541} INFO - Filling up the DagBag from /home/akhilesh/py39/lib/python3.9/site-packages/airflow/example_dags/example_setup_teardown.py
[2023-08-14T11:15:19.390+0200] {processor.py:838} WARNING - No viable dags retrieved from /home/akhilesh/py39/lib/python3.9/site-packages/airflow/example_dags/example_setup_teardown.py
[2023-08-14T11:15:19.403+0200] {processor.py:179} INFO - Processing /home/akhilesh/py39/lib/python3.9/site-packages/airflow/example_dags/example_setup_teardown.py took 0.030 seconds
[2023-08-14T11:16:07.053+0200] {processor.py:157} INFO - Started process (PID=465011) to work on /home/akhilesh/py39/lib/python3.9/site-packages/airflow/example_dags/example_setup_teardown.py
[2023-08-14T11:16:07.062+0200] {processor.py:826} INFO - Processing file /home/akhilesh/py39/lib/python3.9/site-packages/airflow/example_dags/example_setup_teardown.py for tasks to queue
[2023-08-14T11:16:07.063+0200] {logging_mixin.py:150} INFO - [2023-08-14T11:16:07.063+0200] {dagbag.py:541} INFO - Filling up the DagBag from /home/akhilesh/py39/lib/python3.9/site-packages/airflow/example_dags/example_setup_teardown.py
[2023-08-14T11:16:07.065+0200] {processor.py:838} WARNING - No viable dags retrieved from /home/akhilesh/py39/lib/python3.9/site-packages/airflow/example_dags/example_setup_teardown.py
[2023-08-14T11:16:07.077+0200] {processor.py:179} INFO - Processing /home/akhilesh/py39/lib/python3.9/site-packages/airflow/example_dags/example_setup_teardown.py took 0.028 seconds
[2023-08-14T11:16:55.754+0200] {processor.py:157} INFO - Started process (PID=465143) to work on /home/akhilesh/py39/lib/python3.9/site-packages/airflow/example_dags/example_setup_teardown.py
[2023-08-14T11:16:55.763+0200] {processor.py:826} INFO - Processing file /home/akhilesh/py39/lib/python3.9/site-packages/airflow/example_dags/example_setup_teardown.py for tasks to queue
[2023-08-14T11:16:55.764+0200] {logging_mixin.py:150} INFO - [2023-08-14T11:16:55.764+0200] {dagbag.py:541} INFO - Filling up the DagBag from /home/akhilesh/py39/lib/python3.9/site-packages/airflow/example_dags/example_setup_teardown.py
[2023-08-14T11:16:55.767+0200] {processor.py:838} WARNING - No viable dags retrieved from /home/akhilesh/py39/lib/python3.9/site-packages/airflow/example_dags/example_setup_teardown.py
[2023-08-14T11:16:55.780+0200] {processor.py:179} INFO - Processing /home/akhilesh/py39/lib/python3.9/site-packages/airflow/example_dags/example_setup_teardown.py took 0.029 seconds
[2023-08-14T11:17:48.749+0200] {processor.py:157} INFO - Started process (PID=465279) to work on /home/akhilesh/py39/lib/python3.9/site-packages/airflow/example_dags/example_setup_teardown.py
[2023-08-14T11:17:48.758+0200] {processor.py:826} INFO - Processing file /home/akhilesh/py39/lib/python3.9/site-packages/airflow/example_dags/example_setup_teardown.py for tasks to queue
[2023-08-14T11:17:48.759+0200] {logging_mixin.py:150} INFO - [2023-08-14T11:17:48.759+0200] {dagbag.py:541} INFO - Filling up the DagBag from /home/akhilesh/py39/lib/python3.9/site-packages/airflow/example_dags/example_setup_teardown.py
[2023-08-14T11:17:48.762+0200] {processor.py:838} WARNING - No viable dags retrieved from /home/akhilesh/py39/lib/python3.9/site-packages/airflow/example_dags/example_setup_teardown.py
[2023-08-14T11:17:48.773+0200] {processor.py:179} INFO - Processing /home/akhilesh/py39/lib/python3.9/site-packages/airflow/example_dags/example_setup_teardown.py took 0.028 seconds
[2023-08-14T11:18:40.851+0200] {processor.py:157} INFO - Started process (PID=465512) to work on /home/akhilesh/py39/lib/python3.9/site-packages/airflow/example_dags/example_setup_teardown.py
[2023-08-14T11:18:40.860+0200] {processor.py:826} INFO - Processing file /home/akhilesh/py39/lib/python3.9/site-packages/airflow/example_dags/example_setup_teardown.py for tasks to queue
[2023-08-14T11:18:40.861+0200] {logging_mixin.py:150} INFO - [2023-08-14T11:18:40.861+0200] {dagbag.py:541} INFO - Filling up the DagBag from /home/akhilesh/py39/lib/python3.9/site-packages/airflow/example_dags/example_setup_teardown.py
[2023-08-14T11:18:40.864+0200] {processor.py:838} WARNING - No viable dags retrieved from /home/akhilesh/py39/lib/python3.9/site-packages/airflow/example_dags/example_setup_teardown.py
[2023-08-14T11:18:40.877+0200] {processor.py:179} INFO - Processing /home/akhilesh/py39/lib/python3.9/site-packages/airflow/example_dags/example_setup_teardown.py took 0.030 seconds
[2023-08-14T11:20:23.600+0200] {processor.py:157} INFO - Started process (PID=465913) to work on /home/akhilesh/py39/lib/python3.9/site-packages/airflow/example_dags/example_setup_teardown.py
[2023-08-14T11:20:23.609+0200] {processor.py:826} INFO - Processing file /home/akhilesh/py39/lib/python3.9/site-packages/airflow/example_dags/example_setup_teardown.py for tasks to queue
[2023-08-14T11:20:23.611+0200] {logging_mixin.py:150} INFO - [2023-08-14T11:20:23.610+0200] {dagbag.py:541} INFO - Filling up the DagBag from /home/akhilesh/py39/lib/python3.9/site-packages/airflow/example_dags/example_setup_teardown.py
[2023-08-14T11:20:23.613+0200] {processor.py:838} WARNING - No viable dags retrieved from /home/akhilesh/py39/lib/python3.9/site-packages/airflow/example_dags/example_setup_teardown.py
[2023-08-14T11:20:23.626+0200] {processor.py:179} INFO - Processing /home/akhilesh/py39/lib/python3.9/site-packages/airflow/example_dags/example_setup_teardown.py took 0.030 seconds
[2023-08-14T11:21:14.348+0200] {processor.py:157} INFO - Started process (PID=466073) to work on /home/akhilesh/py39/lib/python3.9/site-packages/airflow/example_dags/example_setup_teardown.py
[2023-08-14T11:21:14.356+0200] {processor.py:826} INFO - Processing file /home/akhilesh/py39/lib/python3.9/site-packages/airflow/example_dags/example_setup_teardown.py for tasks to queue
[2023-08-14T11:21:14.358+0200] {logging_mixin.py:150} INFO - [2023-08-14T11:21:14.357+0200] {dagbag.py:541} INFO - Filling up the DagBag from /home/akhilesh/py39/lib/python3.9/site-packages/airflow/example_dags/example_setup_teardown.py
[2023-08-14T11:21:14.360+0200] {processor.py:838} WARNING - No viable dags retrieved from /home/akhilesh/py39/lib/python3.9/site-packages/airflow/example_dags/example_setup_teardown.py
[2023-08-14T11:21:14.373+0200] {processor.py:179} INFO - Processing /home/akhilesh/py39/lib/python3.9/site-packages/airflow/example_dags/example_setup_teardown.py took 0.028 seconds
[2023-08-14T11:22:04.065+0200] {processor.py:157} INFO - Started process (PID=466237) to work on /home/akhilesh/py39/lib/python3.9/site-packages/airflow/example_dags/example_setup_teardown.py
[2023-08-14T11:22:04.067+0200] {processor.py:826} INFO - Processing file /home/akhilesh/py39/lib/python3.9/site-packages/airflow/example_dags/example_setup_teardown.py for tasks to queue
[2023-08-14T11:22:04.068+0200] {logging_mixin.py:150} INFO - [2023-08-14T11:22:04.067+0200] {dagbag.py:541} INFO - Filling up the DagBag from /home/akhilesh/py39/lib/python3.9/site-packages/airflow/example_dags/example_setup_teardown.py
[2023-08-14T11:22:04.071+0200] {processor.py:838} WARNING - No viable dags retrieved from /home/akhilesh/py39/lib/python3.9/site-packages/airflow/example_dags/example_setup_teardown.py
[2023-08-14T11:22:04.081+0200] {processor.py:179} INFO - Processing /home/akhilesh/py39/lib/python3.9/site-packages/airflow/example_dags/example_setup_teardown.py took 0.020 seconds
[2023-08-14T11:22:57.336+0200] {processor.py:157} INFO - Started process (PID=466529) to work on /home/akhilesh/py39/lib/python3.9/site-packages/airflow/example_dags/example_setup_teardown.py
[2023-08-14T11:22:57.345+0200] {processor.py:826} INFO - Processing file /home/akhilesh/py39/lib/python3.9/site-packages/airflow/example_dags/example_setup_teardown.py for tasks to queue
[2023-08-14T11:22:57.346+0200] {logging_mixin.py:150} INFO - [2023-08-14T11:22:57.346+0200] {dagbag.py:541} INFO - Filling up the DagBag from /home/akhilesh/py39/lib/python3.9/site-packages/airflow/example_dags/example_setup_teardown.py
[2023-08-14T11:22:57.349+0200] {processor.py:838} WARNING - No viable dags retrieved from /home/akhilesh/py39/lib/python3.9/site-packages/airflow/example_dags/example_setup_teardown.py
[2023-08-14T11:22:57.361+0200] {processor.py:179} INFO - Processing /home/akhilesh/py39/lib/python3.9/site-packages/airflow/example_dags/example_setup_teardown.py took 0.029 seconds
[2023-08-14T11:23:46.384+0200] {processor.py:157} INFO - Started process (PID=467055) to work on /home/akhilesh/py39/lib/python3.9/site-packages/airflow/example_dags/example_setup_teardown.py
[2023-08-14T11:23:46.394+0200] {processor.py:826} INFO - Processing file /home/akhilesh/py39/lib/python3.9/site-packages/airflow/example_dags/example_setup_teardown.py for tasks to queue
[2023-08-14T11:23:46.395+0200] {logging_mixin.py:150} INFO - [2023-08-14T11:23:46.394+0200] {dagbag.py:541} INFO - Filling up the DagBag from /home/akhilesh/py39/lib/python3.9/site-packages/airflow/example_dags/example_setup_teardown.py
[2023-08-14T11:23:46.398+0200] {processor.py:838} WARNING - No viable dags retrieved from /home/akhilesh/py39/lib/python3.9/site-packages/airflow/example_dags/example_setup_teardown.py
[2023-08-14T11:23:46.411+0200] {processor.py:179} INFO - Processing /home/akhilesh/py39/lib/python3.9/site-packages/airflow/example_dags/example_setup_teardown.py took 0.031 seconds
[2023-08-14T11:24:36.696+0200] {processor.py:157} INFO - Started process (PID=467226) to work on /home/akhilesh/py39/lib/python3.9/site-packages/airflow/example_dags/example_setup_teardown.py
[2023-08-14T11:24:36.705+0200] {processor.py:826} INFO - Processing file /home/akhilesh/py39/lib/python3.9/site-packages/airflow/example_dags/example_setup_teardown.py for tasks to queue
[2023-08-14T11:24:36.706+0200] {logging_mixin.py:150} INFO - [2023-08-14T11:24:36.706+0200] {dagbag.py:541} INFO - Filling up the DagBag from /home/akhilesh/py39/lib/python3.9/site-packages/airflow/example_dags/example_setup_teardown.py
[2023-08-14T11:24:36.709+0200] {processor.py:838} WARNING - No viable dags retrieved from /home/akhilesh/py39/lib/python3.9/site-packages/airflow/example_dags/example_setup_teardown.py
[2023-08-14T11:24:36.724+0200] {processor.py:179} INFO - Processing /home/akhilesh/py39/lib/python3.9/site-packages/airflow/example_dags/example_setup_teardown.py took 0.032 seconds
[2023-08-14T11:25:24.846+0200] {processor.py:157} INFO - Started process (PID=467646) to work on /home/akhilesh/py39/lib/python3.9/site-packages/airflow/example_dags/example_setup_teardown.py
[2023-08-14T11:25:24.855+0200] {processor.py:826} INFO - Processing file /home/akhilesh/py39/lib/python3.9/site-packages/airflow/example_dags/example_setup_teardown.py for tasks to queue
[2023-08-14T11:25:24.856+0200] {logging_mixin.py:150} INFO - [2023-08-14T11:25:24.855+0200] {dagbag.py:541} INFO - Filling up the DagBag from /home/akhilesh/py39/lib/python3.9/site-packages/airflow/example_dags/example_setup_teardown.py
[2023-08-14T11:25:24.859+0200] {processor.py:838} WARNING - No viable dags retrieved from /home/akhilesh/py39/lib/python3.9/site-packages/airflow/example_dags/example_setup_teardown.py
[2023-08-14T11:25:24.871+0200] {processor.py:179} INFO - Processing /home/akhilesh/py39/lib/python3.9/site-packages/airflow/example_dags/example_setup_teardown.py took 0.030 seconds
