[2023-08-14T10:22:19.107+0200] {processor.py:157} INFO - Started process (PID=453391) to work on /home/akhilesh/py39/lib/python3.9/site-packages/airflow/example_dags/example_trigger_controller_dag.py
[2023-08-14T10:22:19.108+0200] {processor.py:826} INFO - Processing file /home/akhilesh/py39/lib/python3.9/site-packages/airflow/example_dags/example_trigger_controller_dag.py for tasks to queue
[2023-08-14T10:22:19.109+0200] {logging_mixin.py:150} INFO - [2023-08-14T10:22:19.108+0200] {dagbag.py:541} INFO - Filling up the DagBag from /home/akhilesh/py39/lib/python3.9/site-packages/airflow/example_dags/example_trigger_controller_dag.py
[2023-08-14T10:22:19.115+0200] {processor.py:836} INFO - DAG(s) dict_keys(['example_trigger_controller_dag']) retrieved from /home/akhilesh/py39/lib/python3.9/site-packages/airflow/example_dags/example_trigger_controller_dag.py
[2023-08-14T10:22:19.137+0200] {logging_mixin.py:150} INFO - [2023-08-14T10:22:19.137+0200] {dag.py:2742} INFO - Sync 1 DAGs
[2023-08-14T10:22:19.160+0200] {logging_mixin.py:150} INFO - [2023-08-14T10:22:19.160+0200] {dag.py:3504} INFO - Setting next_dagrun for example_trigger_controller_dag to 2021-01-01T00:00:00+00:00, run_after=2021-01-01T00:00:00+00:00
[2023-08-14T10:22:19.187+0200] {processor.py:179} INFO - Processing /home/akhilesh/py39/lib/python3.9/site-packages/airflow/example_dags/example_trigger_controller_dag.py took 0.085 seconds
[2023-08-14T10:23:06.288+0200] {processor.py:157} INFO - Started process (PID=453539) to work on /home/akhilesh/py39/lib/python3.9/site-packages/airflow/example_dags/example_trigger_controller_dag.py
[2023-08-14T10:23:06.289+0200] {processor.py:826} INFO - Processing file /home/akhilesh/py39/lib/python3.9/site-packages/airflow/example_dags/example_trigger_controller_dag.py for tasks to queue
[2023-08-14T10:23:06.291+0200] {logging_mixin.py:150} INFO - [2023-08-14T10:23:06.290+0200] {dagbag.py:541} INFO - Filling up the DagBag from /home/akhilesh/py39/lib/python3.9/site-packages/airflow/example_dags/example_trigger_controller_dag.py
[2023-08-14T10:23:06.295+0200] {processor.py:836} INFO - DAG(s) dict_keys(['example_trigger_controller_dag']) retrieved from /home/akhilesh/py39/lib/python3.9/site-packages/airflow/example_dags/example_trigger_controller_dag.py
[2023-08-14T10:23:06.311+0200] {logging_mixin.py:150} INFO - [2023-08-14T10:23:06.310+0200] {dag.py:2742} INFO - Sync 1 DAGs
[2023-08-14T10:23:06.325+0200] {logging_mixin.py:150} INFO - [2023-08-14T10:23:06.325+0200] {dag.py:3504} INFO - Setting next_dagrun for example_trigger_controller_dag to 2021-01-01T00:00:00+00:00, run_after=2021-01-01T00:00:00+00:00
[2023-08-14T10:23:06.347+0200] {processor.py:179} INFO - Processing /home/akhilesh/py39/lib/python3.9/site-packages/airflow/example_dags/example_trigger_controller_dag.py took 0.063 seconds
[2023-08-14T10:23:51.723+0200] {processor.py:157} INFO - Started process (PID=453794) to work on /home/akhilesh/py39/lib/python3.9/site-packages/airflow/example_dags/example_trigger_controller_dag.py
[2023-08-14T10:23:51.732+0200] {processor.py:826} INFO - Processing file /home/akhilesh/py39/lib/python3.9/site-packages/airflow/example_dags/example_trigger_controller_dag.py for tasks to queue
[2023-08-14T10:23:51.734+0200] {logging_mixin.py:150} INFO - [2023-08-14T10:23:51.733+0200] {dagbag.py:541} INFO - Filling up the DagBag from /home/akhilesh/py39/lib/python3.9/site-packages/airflow/example_dags/example_trigger_controller_dag.py
[2023-08-14T10:23:51.740+0200] {processor.py:836} INFO - DAG(s) dict_keys(['example_trigger_controller_dag']) retrieved from /home/akhilesh/py39/lib/python3.9/site-packages/airflow/example_dags/example_trigger_controller_dag.py
[2023-08-14T10:23:51.756+0200] {logging_mixin.py:150} INFO - [2023-08-14T10:23:51.755+0200] {dag.py:2742} INFO - Sync 1 DAGs
[2023-08-14T10:23:51.935+0200] {logging_mixin.py:150} INFO - [2023-08-14T10:23:51.935+0200] {dag.py:3504} INFO - Setting next_dagrun for example_trigger_controller_dag to 2021-01-01T00:00:00+00:00, run_after=2021-01-01T00:00:00+00:00
[2023-08-14T10:23:51.965+0200] {processor.py:179} INFO - Processing /home/akhilesh/py39/lib/python3.9/site-packages/airflow/example_dags/example_trigger_controller_dag.py took 0.247 seconds
[2023-08-14T10:24:48.185+0200] {processor.py:157} INFO - Started process (PID=454002) to work on /home/akhilesh/py39/lib/python3.9/site-packages/airflow/example_dags/example_trigger_controller_dag.py
[2023-08-14T10:24:48.194+0200] {processor.py:826} INFO - Processing file /home/akhilesh/py39/lib/python3.9/site-packages/airflow/example_dags/example_trigger_controller_dag.py for tasks to queue
[2023-08-14T10:24:48.195+0200] {logging_mixin.py:150} INFO - [2023-08-14T10:24:48.195+0200] {dagbag.py:541} INFO - Filling up the DagBag from /home/akhilesh/py39/lib/python3.9/site-packages/airflow/example_dags/example_trigger_controller_dag.py
[2023-08-14T10:24:48.202+0200] {processor.py:836} INFO - DAG(s) dict_keys(['example_trigger_controller_dag']) retrieved from /home/akhilesh/py39/lib/python3.9/site-packages/airflow/example_dags/example_trigger_controller_dag.py
[2023-08-14T10:24:48.220+0200] {logging_mixin.py:150} INFO - [2023-08-14T10:24:48.220+0200] {dag.py:2742} INFO - Sync 1 DAGs
[2023-08-14T10:24:48.237+0200] {logging_mixin.py:150} INFO - [2023-08-14T10:24:48.236+0200] {dag.py:3504} INFO - Setting next_dagrun for example_trigger_controller_dag to 2021-01-01T00:00:00+00:00, run_after=2021-01-01T00:00:00+00:00
[2023-08-14T10:24:48.396+0200] {processor.py:179} INFO - Processing /home/akhilesh/py39/lib/python3.9/site-packages/airflow/example_dags/example_trigger_controller_dag.py took 0.215 seconds
[2023-08-14T10:25:37.424+0200] {processor.py:157} INFO - Started process (PID=454122) to work on /home/akhilesh/py39/lib/python3.9/site-packages/airflow/example_dags/example_trigger_controller_dag.py
[2023-08-14T10:25:37.433+0200] {processor.py:826} INFO - Processing file /home/akhilesh/py39/lib/python3.9/site-packages/airflow/example_dags/example_trigger_controller_dag.py for tasks to queue
[2023-08-14T10:25:37.434+0200] {logging_mixin.py:150} INFO - [2023-08-14T10:25:37.434+0200] {dagbag.py:541} INFO - Filling up the DagBag from /home/akhilesh/py39/lib/python3.9/site-packages/airflow/example_dags/example_trigger_controller_dag.py
[2023-08-14T10:25:37.440+0200] {processor.py:836} INFO - DAG(s) dict_keys(['example_trigger_controller_dag']) retrieved from /home/akhilesh/py39/lib/python3.9/site-packages/airflow/example_dags/example_trigger_controller_dag.py
[2023-08-14T10:25:37.461+0200] {logging_mixin.py:150} INFO - [2023-08-14T10:25:37.460+0200] {dag.py:2742} INFO - Sync 1 DAGs
[2023-08-14T10:25:37.642+0200] {logging_mixin.py:150} INFO - [2023-08-14T10:25:37.642+0200] {dag.py:3504} INFO - Setting next_dagrun for example_trigger_controller_dag to 2021-01-01T00:00:00+00:00, run_after=2021-01-01T00:00:00+00:00
[2023-08-14T10:25:37.679+0200] {processor.py:179} INFO - Processing /home/akhilesh/py39/lib/python3.9/site-packages/airflow/example_dags/example_trigger_controller_dag.py took 0.259 seconds
[2023-08-14T10:26:22.664+0200] {processor.py:157} INFO - Started process (PID=454304) to work on /home/akhilesh/py39/lib/python3.9/site-packages/airflow/example_dags/example_trigger_controller_dag.py
[2023-08-14T10:26:22.673+0200] {processor.py:826} INFO - Processing file /home/akhilesh/py39/lib/python3.9/site-packages/airflow/example_dags/example_trigger_controller_dag.py for tasks to queue
[2023-08-14T10:26:22.674+0200] {logging_mixin.py:150} INFO - [2023-08-14T10:26:22.674+0200] {dagbag.py:541} INFO - Filling up the DagBag from /home/akhilesh/py39/lib/python3.9/site-packages/airflow/example_dags/example_trigger_controller_dag.py
[2023-08-14T10:26:22.681+0200] {processor.py:836} INFO - DAG(s) dict_keys(['example_trigger_controller_dag']) retrieved from /home/akhilesh/py39/lib/python3.9/site-packages/airflow/example_dags/example_trigger_controller_dag.py
[2023-08-14T10:26:22.704+0200] {logging_mixin.py:150} INFO - [2023-08-14T10:26:22.704+0200] {dag.py:2742} INFO - Sync 1 DAGs
[2023-08-14T10:26:22.734+0200] {logging_mixin.py:150} INFO - [2023-08-14T10:26:22.733+0200] {dag.py:3504} INFO - Setting next_dagrun for example_trigger_controller_dag to 2021-01-01T00:00:00+00:00, run_after=2021-01-01T00:00:00+00:00
[2023-08-14T10:26:22.763+0200] {processor.py:179} INFO - Processing /home/akhilesh/py39/lib/python3.9/site-packages/airflow/example_dags/example_trigger_controller_dag.py took 0.103 seconds
[2023-08-14T10:27:02.151+0200] {processor.py:157} INFO - Started process (PID=454533) to work on /home/akhilesh/py39/lib/python3.9/site-packages/airflow/example_dags/example_trigger_controller_dag.py
[2023-08-14T10:27:02.160+0200] {processor.py:826} INFO - Processing file /home/akhilesh/py39/lib/python3.9/site-packages/airflow/example_dags/example_trigger_controller_dag.py for tasks to queue
[2023-08-14T10:27:02.161+0200] {logging_mixin.py:150} INFO - [2023-08-14T10:27:02.161+0200] {dagbag.py:541} INFO - Filling up the DagBag from /home/akhilesh/py39/lib/python3.9/site-packages/airflow/example_dags/example_trigger_controller_dag.py
[2023-08-14T10:27:02.166+0200] {processor.py:836} INFO - DAG(s) dict_keys(['example_trigger_controller_dag']) retrieved from /home/akhilesh/py39/lib/python3.9/site-packages/airflow/example_dags/example_trigger_controller_dag.py
[2023-08-14T10:27:02.182+0200] {logging_mixin.py:150} INFO - [2023-08-14T10:27:02.182+0200] {dag.py:2742} INFO - Sync 1 DAGs
[2023-08-14T10:27:02.281+0200] {logging_mixin.py:150} INFO - [2023-08-14T10:27:02.280+0200] {dag.py:3504} INFO - Setting next_dagrun for example_trigger_controller_dag to 2021-01-01T00:00:00+00:00, run_after=2021-01-01T00:00:00+00:00
[2023-08-14T10:27:02.309+0200] {processor.py:179} INFO - Processing /home/akhilesh/py39/lib/python3.9/site-packages/airflow/example_dags/example_trigger_controller_dag.py took 0.161 seconds
[2023-08-14T10:27:41.670+0200] {processor.py:157} INFO - Started process (PID=454838) to work on /home/akhilesh/py39/lib/python3.9/site-packages/airflow/example_dags/example_trigger_controller_dag.py
[2023-08-14T10:27:41.679+0200] {processor.py:826} INFO - Processing file /home/akhilesh/py39/lib/python3.9/site-packages/airflow/example_dags/example_trigger_controller_dag.py for tasks to queue
[2023-08-14T10:27:41.680+0200] {logging_mixin.py:150} INFO - [2023-08-14T10:27:41.680+0200] {dagbag.py:541} INFO - Filling up the DagBag from /home/akhilesh/py39/lib/python3.9/site-packages/airflow/example_dags/example_trigger_controller_dag.py
[2023-08-14T10:27:41.688+0200] {processor.py:836} INFO - DAG(s) dict_keys(['example_trigger_controller_dag']) retrieved from /home/akhilesh/py39/lib/python3.9/site-packages/airflow/example_dags/example_trigger_controller_dag.py
[2023-08-14T10:27:41.708+0200] {logging_mixin.py:150} INFO - [2023-08-14T10:27:41.707+0200] {dag.py:2742} INFO - Sync 1 DAGs
[2023-08-14T10:27:41.727+0200] {logging_mixin.py:150} INFO - [2023-08-14T10:27:41.727+0200] {dag.py:3504} INFO - Setting next_dagrun for example_trigger_controller_dag to 2021-01-01T00:00:00+00:00, run_after=2021-01-01T00:00:00+00:00
[2023-08-14T10:27:41.753+0200] {processor.py:179} INFO - Processing /home/akhilesh/py39/lib/python3.9/site-packages/airflow/example_dags/example_trigger_controller_dag.py took 0.088 seconds
[2023-08-14T10:28:41.034+0200] {processor.py:157} INFO - Started process (PID=455015) to work on /home/akhilesh/py39/lib/python3.9/site-packages/airflow/example_dags/example_trigger_controller_dag.py
[2023-08-14T10:28:41.043+0200] {processor.py:826} INFO - Processing file /home/akhilesh/py39/lib/python3.9/site-packages/airflow/example_dags/example_trigger_controller_dag.py for tasks to queue
[2023-08-14T10:28:41.044+0200] {logging_mixin.py:150} INFO - [2023-08-14T10:28:41.044+0200] {dagbag.py:541} INFO - Filling up the DagBag from /home/akhilesh/py39/lib/python3.9/site-packages/airflow/example_dags/example_trigger_controller_dag.py
[2023-08-14T10:28:41.050+0200] {processor.py:836} INFO - DAG(s) dict_keys(['example_trigger_controller_dag']) retrieved from /home/akhilesh/py39/lib/python3.9/site-packages/airflow/example_dags/example_trigger_controller_dag.py
[2023-08-14T10:28:41.151+0200] {logging_mixin.py:150} INFO - [2023-08-14T10:28:41.151+0200] {dag.py:2742} INFO - Sync 1 DAGs
[2023-08-14T10:28:41.162+0200] {logging_mixin.py:150} INFO - [2023-08-14T10:28:41.162+0200] {dag.py:3504} INFO - Setting next_dagrun for example_trigger_controller_dag to 2021-01-01T00:00:00+00:00, run_after=2021-01-01T00:00:00+00:00
[2023-08-14T10:28:41.191+0200] {processor.py:179} INFO - Processing /home/akhilesh/py39/lib/python3.9/site-packages/airflow/example_dags/example_trigger_controller_dag.py took 0.160 seconds
[2023-08-14T10:29:23.898+0200] {processor.py:157} INFO - Started process (PID=455190) to work on /home/akhilesh/py39/lib/python3.9/site-packages/airflow/example_dags/example_trigger_controller_dag.py
[2023-08-14T10:29:23.907+0200] {processor.py:826} INFO - Processing file /home/akhilesh/py39/lib/python3.9/site-packages/airflow/example_dags/example_trigger_controller_dag.py for tasks to queue
[2023-08-14T10:29:23.908+0200] {logging_mixin.py:150} INFO - [2023-08-14T10:29:23.907+0200] {dagbag.py:541} INFO - Filling up the DagBag from /home/akhilesh/py39/lib/python3.9/site-packages/airflow/example_dags/example_trigger_controller_dag.py
[2023-08-14T10:29:23.914+0200] {processor.py:836} INFO - DAG(s) dict_keys(['example_trigger_controller_dag']) retrieved from /home/akhilesh/py39/lib/python3.9/site-packages/airflow/example_dags/example_trigger_controller_dag.py
[2023-08-14T10:29:23.931+0200] {logging_mixin.py:150} INFO - [2023-08-14T10:29:23.931+0200] {dag.py:2742} INFO - Sync 1 DAGs
[2023-08-14T10:29:23.946+0200] {logging_mixin.py:150} INFO - [2023-08-14T10:29:23.945+0200] {dag.py:3504} INFO - Setting next_dagrun for example_trigger_controller_dag to 2021-01-01T00:00:00+00:00, run_after=2021-01-01T00:00:00+00:00
[2023-08-14T10:29:24.131+0200] {processor.py:179} INFO - Processing /home/akhilesh/py39/lib/python3.9/site-packages/airflow/example_dags/example_trigger_controller_dag.py took 0.236 seconds
[2023-08-14T10:30:13.736+0200] {processor.py:157} INFO - Started process (PID=455316) to work on /home/akhilesh/py39/lib/python3.9/site-packages/airflow/example_dags/example_trigger_controller_dag.py
[2023-08-14T10:30:13.745+0200] {processor.py:826} INFO - Processing file /home/akhilesh/py39/lib/python3.9/site-packages/airflow/example_dags/example_trigger_controller_dag.py for tasks to queue
[2023-08-14T10:30:13.746+0200] {logging_mixin.py:150} INFO - [2023-08-14T10:30:13.746+0200] {dagbag.py:541} INFO - Filling up the DagBag from /home/akhilesh/py39/lib/python3.9/site-packages/airflow/example_dags/example_trigger_controller_dag.py
[2023-08-14T10:30:13.753+0200] {processor.py:836} INFO - DAG(s) dict_keys(['example_trigger_controller_dag']) retrieved from /home/akhilesh/py39/lib/python3.9/site-packages/airflow/example_dags/example_trigger_controller_dag.py
[2023-08-14T10:30:13.884+0200] {logging_mixin.py:150} INFO - [2023-08-14T10:30:13.884+0200] {dag.py:2742} INFO - Sync 1 DAGs
[2023-08-14T10:30:13.897+0200] {logging_mixin.py:150} INFO - [2023-08-14T10:30:13.897+0200] {dag.py:3504} INFO - Setting next_dagrun for example_trigger_controller_dag to 2021-01-01T00:00:00+00:00, run_after=2021-01-01T00:00:00+00:00
[2023-08-14T10:30:13.931+0200] {processor.py:179} INFO - Processing /home/akhilesh/py39/lib/python3.9/site-packages/airflow/example_dags/example_trigger_controller_dag.py took 0.199 seconds
[2023-08-14T10:30:59.105+0200] {processor.py:157} INFO - Started process (PID=455466) to work on /home/akhilesh/py39/lib/python3.9/site-packages/airflow/example_dags/example_trigger_controller_dag.py
[2023-08-14T10:30:59.114+0200] {processor.py:826} INFO - Processing file /home/akhilesh/py39/lib/python3.9/site-packages/airflow/example_dags/example_trigger_controller_dag.py for tasks to queue
[2023-08-14T10:30:59.116+0200] {logging_mixin.py:150} INFO - [2023-08-14T10:30:59.115+0200] {dagbag.py:541} INFO - Filling up the DagBag from /home/akhilesh/py39/lib/python3.9/site-packages/airflow/example_dags/example_trigger_controller_dag.py
[2023-08-14T10:30:59.121+0200] {processor.py:836} INFO - DAG(s) dict_keys(['example_trigger_controller_dag']) retrieved from /home/akhilesh/py39/lib/python3.9/site-packages/airflow/example_dags/example_trigger_controller_dag.py
[2023-08-14T10:30:59.140+0200] {logging_mixin.py:150} INFO - [2023-08-14T10:30:59.140+0200] {dag.py:2742} INFO - Sync 1 DAGs
[2023-08-14T10:30:59.156+0200] {logging_mixin.py:150} INFO - [2023-08-14T10:30:59.156+0200] {dag.py:3504} INFO - Setting next_dagrun for example_trigger_controller_dag to 2021-01-01T00:00:00+00:00, run_after=2021-01-01T00:00:00+00:00
[2023-08-14T10:30:59.180+0200] {processor.py:179} INFO - Processing /home/akhilesh/py39/lib/python3.9/site-packages/airflow/example_dags/example_trigger_controller_dag.py took 0.078 seconds
[2023-08-14T10:31:48.533+0200] {processor.py:157} INFO - Started process (PID=455588) to work on /home/akhilesh/py39/lib/python3.9/site-packages/airflow/example_dags/example_trigger_controller_dag.py
[2023-08-14T10:31:48.542+0200] {processor.py:826} INFO - Processing file /home/akhilesh/py39/lib/python3.9/site-packages/airflow/example_dags/example_trigger_controller_dag.py for tasks to queue
[2023-08-14T10:31:48.543+0200] {logging_mixin.py:150} INFO - [2023-08-14T10:31:48.543+0200] {dagbag.py:541} INFO - Filling up the DagBag from /home/akhilesh/py39/lib/python3.9/site-packages/airflow/example_dags/example_trigger_controller_dag.py
[2023-08-14T10:31:48.547+0200] {processor.py:836} INFO - DAG(s) dict_keys(['example_trigger_controller_dag']) retrieved from /home/akhilesh/py39/lib/python3.9/site-packages/airflow/example_dags/example_trigger_controller_dag.py
[2023-08-14T10:31:48.566+0200] {logging_mixin.py:150} INFO - [2023-08-14T10:31:48.566+0200] {dag.py:2742} INFO - Sync 1 DAGs
[2023-08-14T10:31:48.581+0200] {logging_mixin.py:150} INFO - [2023-08-14T10:31:48.580+0200] {dag.py:3504} INFO - Setting next_dagrun for example_trigger_controller_dag to 2021-01-01T00:00:00+00:00, run_after=2021-01-01T00:00:00+00:00
[2023-08-14T10:31:48.613+0200] {processor.py:179} INFO - Processing /home/akhilesh/py39/lib/python3.9/site-packages/airflow/example_dags/example_trigger_controller_dag.py took 0.083 seconds
[2023-08-14T10:32:36.199+0200] {processor.py:157} INFO - Started process (PID=455865) to work on /home/akhilesh/py39/lib/python3.9/site-packages/airflow/example_dags/example_trigger_controller_dag.py
[2023-08-14T10:32:36.208+0200] {processor.py:826} INFO - Processing file /home/akhilesh/py39/lib/python3.9/site-packages/airflow/example_dags/example_trigger_controller_dag.py for tasks to queue
[2023-08-14T10:32:36.209+0200] {logging_mixin.py:150} INFO - [2023-08-14T10:32:36.209+0200] {dagbag.py:541} INFO - Filling up the DagBag from /home/akhilesh/py39/lib/python3.9/site-packages/airflow/example_dags/example_trigger_controller_dag.py
[2023-08-14T10:32:36.215+0200] {processor.py:836} INFO - DAG(s) dict_keys(['example_trigger_controller_dag']) retrieved from /home/akhilesh/py39/lib/python3.9/site-packages/airflow/example_dags/example_trigger_controller_dag.py
[2023-08-14T10:32:36.232+0200] {logging_mixin.py:150} INFO - [2023-08-14T10:32:36.232+0200] {dag.py:2742} INFO - Sync 1 DAGs
[2023-08-14T10:32:36.247+0200] {logging_mixin.py:150} INFO - [2023-08-14T10:32:36.247+0200] {dag.py:3504} INFO - Setting next_dagrun for example_trigger_controller_dag to 2021-01-01T00:00:00+00:00, run_after=2021-01-01T00:00:00+00:00
[2023-08-14T10:32:36.269+0200] {processor.py:179} INFO - Processing /home/akhilesh/py39/lib/python3.9/site-packages/airflow/example_dags/example_trigger_controller_dag.py took 0.074 seconds
[2023-08-14T10:33:27.808+0200] {processor.py:157} INFO - Started process (PID=456003) to work on /home/akhilesh/py39/lib/python3.9/site-packages/airflow/example_dags/example_trigger_controller_dag.py
[2023-08-14T10:33:27.817+0200] {processor.py:826} INFO - Processing file /home/akhilesh/py39/lib/python3.9/site-packages/airflow/example_dags/example_trigger_controller_dag.py for tasks to queue
[2023-08-14T10:33:27.819+0200] {logging_mixin.py:150} INFO - [2023-08-14T10:33:27.818+0200] {dagbag.py:541} INFO - Filling up the DagBag from /home/akhilesh/py39/lib/python3.9/site-packages/airflow/example_dags/example_trigger_controller_dag.py
[2023-08-14T10:33:27.824+0200] {processor.py:836} INFO - DAG(s) dict_keys(['example_trigger_controller_dag']) retrieved from /home/akhilesh/py39/lib/python3.9/site-packages/airflow/example_dags/example_trigger_controller_dag.py
[2023-08-14T10:33:27.846+0200] {logging_mixin.py:150} INFO - [2023-08-14T10:33:27.846+0200] {dag.py:2742} INFO - Sync 1 DAGs
[2023-08-14T10:33:27.861+0200] {logging_mixin.py:150} INFO - [2023-08-14T10:33:27.861+0200] {dag.py:3504} INFO - Setting next_dagrun for example_trigger_controller_dag to 2021-01-01T00:00:00+00:00, run_after=2021-01-01T00:00:00+00:00
[2023-08-14T10:33:27.888+0200] {processor.py:179} INFO - Processing /home/akhilesh/py39/lib/python3.9/site-packages/airflow/example_dags/example_trigger_controller_dag.py took 0.084 seconds
[2023-08-14T10:34:22.244+0200] {processor.py:157} INFO - Started process (PID=456143) to work on /home/akhilesh/py39/lib/python3.9/site-packages/airflow/example_dags/example_trigger_controller_dag.py
[2023-08-14T10:34:22.253+0200] {processor.py:826} INFO - Processing file /home/akhilesh/py39/lib/python3.9/site-packages/airflow/example_dags/example_trigger_controller_dag.py for tasks to queue
[2023-08-14T10:34:22.255+0200] {logging_mixin.py:150} INFO - [2023-08-14T10:34:22.254+0200] {dagbag.py:541} INFO - Filling up the DagBag from /home/akhilesh/py39/lib/python3.9/site-packages/airflow/example_dags/example_trigger_controller_dag.py
[2023-08-14T10:34:22.261+0200] {processor.py:836} INFO - DAG(s) dict_keys(['example_trigger_controller_dag']) retrieved from /home/akhilesh/py39/lib/python3.9/site-packages/airflow/example_dags/example_trigger_controller_dag.py
[2023-08-14T10:34:22.279+0200] {logging_mixin.py:150} INFO - [2023-08-14T10:34:22.279+0200] {dag.py:2742} INFO - Sync 1 DAGs
[2023-08-14T10:34:22.295+0200] {logging_mixin.py:150} INFO - [2023-08-14T10:34:22.294+0200] {dag.py:3504} INFO - Setting next_dagrun for example_trigger_controller_dag to 2021-01-01T00:00:00+00:00, run_after=2021-01-01T00:00:00+00:00
[2023-08-14T10:34:22.322+0200] {processor.py:179} INFO - Processing /home/akhilesh/py39/lib/python3.9/site-packages/airflow/example_dags/example_trigger_controller_dag.py took 0.081 seconds
[2023-08-14T10:35:15.530+0200] {processor.py:157} INFO - Started process (PID=456283) to work on /home/akhilesh/py39/lib/python3.9/site-packages/airflow/example_dags/example_trigger_controller_dag.py
[2023-08-14T10:35:15.539+0200] {processor.py:826} INFO - Processing file /home/akhilesh/py39/lib/python3.9/site-packages/airflow/example_dags/example_trigger_controller_dag.py for tasks to queue
[2023-08-14T10:35:15.541+0200] {logging_mixin.py:150} INFO - [2023-08-14T10:35:15.540+0200] {dagbag.py:541} INFO - Filling up the DagBag from /home/akhilesh/py39/lib/python3.9/site-packages/airflow/example_dags/example_trigger_controller_dag.py
[2023-08-14T10:35:15.547+0200] {processor.py:836} INFO - DAG(s) dict_keys(['example_trigger_controller_dag']) retrieved from /home/akhilesh/py39/lib/python3.9/site-packages/airflow/example_dags/example_trigger_controller_dag.py
[2023-08-14T10:35:15.565+0200] {logging_mixin.py:150} INFO - [2023-08-14T10:35:15.564+0200] {dag.py:2742} INFO - Sync 1 DAGs
[2023-08-14T10:35:15.580+0200] {logging_mixin.py:150} INFO - [2023-08-14T10:35:15.579+0200] {dag.py:3504} INFO - Setting next_dagrun for example_trigger_controller_dag to 2021-01-01T00:00:00+00:00, run_after=2021-01-01T00:00:00+00:00
[2023-08-14T10:35:15.602+0200] {processor.py:179} INFO - Processing /home/akhilesh/py39/lib/python3.9/site-packages/airflow/example_dags/example_trigger_controller_dag.py took 0.075 seconds
[2023-08-14T10:36:08.198+0200] {processor.py:157} INFO - Started process (PID=456435) to work on /home/akhilesh/py39/lib/python3.9/site-packages/airflow/example_dags/example_trigger_controller_dag.py
[2023-08-14T10:36:08.207+0200] {processor.py:826} INFO - Processing file /home/akhilesh/py39/lib/python3.9/site-packages/airflow/example_dags/example_trigger_controller_dag.py for tasks to queue
[2023-08-14T10:36:08.208+0200] {logging_mixin.py:150} INFO - [2023-08-14T10:36:08.208+0200] {dagbag.py:541} INFO - Filling up the DagBag from /home/akhilesh/py39/lib/python3.9/site-packages/airflow/example_dags/example_trigger_controller_dag.py
[2023-08-14T10:36:08.213+0200] {processor.py:836} INFO - DAG(s) dict_keys(['example_trigger_controller_dag']) retrieved from /home/akhilesh/py39/lib/python3.9/site-packages/airflow/example_dags/example_trigger_controller_dag.py
[2023-08-14T10:36:08.232+0200] {logging_mixin.py:150} INFO - [2023-08-14T10:36:08.231+0200] {dag.py:2742} INFO - Sync 1 DAGs
[2023-08-14T10:36:08.246+0200] {logging_mixin.py:150} INFO - [2023-08-14T10:36:08.246+0200] {dag.py:3504} INFO - Setting next_dagrun for example_trigger_controller_dag to 2021-01-01T00:00:00+00:00, run_after=2021-01-01T00:00:00+00:00
[2023-08-14T10:36:08.266+0200] {processor.py:179} INFO - Processing /home/akhilesh/py39/lib/python3.9/site-packages/airflow/example_dags/example_trigger_controller_dag.py took 0.072 seconds
[2023-08-14T10:36:58.746+0200] {processor.py:157} INFO - Started process (PID=456575) to work on /home/akhilesh/py39/lib/python3.9/site-packages/airflow/example_dags/example_trigger_controller_dag.py
[2023-08-14T10:36:58.755+0200] {processor.py:826} INFO - Processing file /home/akhilesh/py39/lib/python3.9/site-packages/airflow/example_dags/example_trigger_controller_dag.py for tasks to queue
[2023-08-14T10:36:58.757+0200] {logging_mixin.py:150} INFO - [2023-08-14T10:36:58.756+0200] {dagbag.py:541} INFO - Filling up the DagBag from /home/akhilesh/py39/lib/python3.9/site-packages/airflow/example_dags/example_trigger_controller_dag.py
[2023-08-14T10:36:58.762+0200] {processor.py:836} INFO - DAG(s) dict_keys(['example_trigger_controller_dag']) retrieved from /home/akhilesh/py39/lib/python3.9/site-packages/airflow/example_dags/example_trigger_controller_dag.py
[2023-08-14T10:36:58.782+0200] {logging_mixin.py:150} INFO - [2023-08-14T10:36:58.781+0200] {dag.py:2742} INFO - Sync 1 DAGs
[2023-08-14T10:36:58.799+0200] {logging_mixin.py:150} INFO - [2023-08-14T10:36:58.799+0200] {dag.py:3504} INFO - Setting next_dagrun for example_trigger_controller_dag to 2021-01-01T00:00:00+00:00, run_after=2021-01-01T00:00:00+00:00
[2023-08-14T10:36:58.824+0200] {processor.py:179} INFO - Processing /home/akhilesh/py39/lib/python3.9/site-packages/airflow/example_dags/example_trigger_controller_dag.py took 0.082 seconds
[2023-08-14T10:37:49.002+0200] {processor.py:157} INFO - Started process (PID=456718) to work on /home/akhilesh/py39/lib/python3.9/site-packages/airflow/example_dags/example_trigger_controller_dag.py
[2023-08-14T10:37:49.012+0200] {processor.py:826} INFO - Processing file /home/akhilesh/py39/lib/python3.9/site-packages/airflow/example_dags/example_trigger_controller_dag.py for tasks to queue
[2023-08-14T10:37:49.013+0200] {logging_mixin.py:150} INFO - [2023-08-14T10:37:49.013+0200] {dagbag.py:541} INFO - Filling up the DagBag from /home/akhilesh/py39/lib/python3.9/site-packages/airflow/example_dags/example_trigger_controller_dag.py
[2023-08-14T10:37:49.018+0200] {processor.py:836} INFO - DAG(s) dict_keys(['example_trigger_controller_dag']) retrieved from /home/akhilesh/py39/lib/python3.9/site-packages/airflow/example_dags/example_trigger_controller_dag.py
[2023-08-14T10:37:49.037+0200] {logging_mixin.py:150} INFO - [2023-08-14T10:37:49.037+0200] {dag.py:2742} INFO - Sync 1 DAGs
[2023-08-14T10:37:49.056+0200] {logging_mixin.py:150} INFO - [2023-08-14T10:37:49.056+0200] {dag.py:3504} INFO - Setting next_dagrun for example_trigger_controller_dag to 2021-01-01T00:00:00+00:00, run_after=2021-01-01T00:00:00+00:00
[2023-08-14T10:37:49.091+0200] {processor.py:179} INFO - Processing /home/akhilesh/py39/lib/python3.9/site-packages/airflow/example_dags/example_trigger_controller_dag.py took 0.093 seconds
[2023-08-14T10:38:37.211+0200] {processor.py:157} INFO - Started process (PID=456828) to work on /home/akhilesh/py39/lib/python3.9/site-packages/airflow/example_dags/example_trigger_controller_dag.py
[2023-08-14T10:38:37.220+0200] {processor.py:826} INFO - Processing file /home/akhilesh/py39/lib/python3.9/site-packages/airflow/example_dags/example_trigger_controller_dag.py for tasks to queue
[2023-08-14T10:38:37.222+0200] {logging_mixin.py:150} INFO - [2023-08-14T10:38:37.221+0200] {dagbag.py:541} INFO - Filling up the DagBag from /home/akhilesh/py39/lib/python3.9/site-packages/airflow/example_dags/example_trigger_controller_dag.py
[2023-08-14T10:38:37.228+0200] {processor.py:836} INFO - DAG(s) dict_keys(['example_trigger_controller_dag']) retrieved from /home/akhilesh/py39/lib/python3.9/site-packages/airflow/example_dags/example_trigger_controller_dag.py
[2023-08-14T10:38:37.247+0200] {logging_mixin.py:150} INFO - [2023-08-14T10:38:37.247+0200] {dag.py:2742} INFO - Sync 1 DAGs
[2023-08-14T10:38:37.265+0200] {logging_mixin.py:150} INFO - [2023-08-14T10:38:37.265+0200] {dag.py:3504} INFO - Setting next_dagrun for example_trigger_controller_dag to 2021-01-01T00:00:00+00:00, run_after=2021-01-01T00:00:00+00:00
[2023-08-14T10:38:37.295+0200] {processor.py:179} INFO - Processing /home/akhilesh/py39/lib/python3.9/site-packages/airflow/example_dags/example_trigger_controller_dag.py took 0.090 seconds
[2023-08-14T10:39:50.353+0200] {processor.py:157} INFO - Started process (PID=457136) to work on /home/akhilesh/py39/lib/python3.9/site-packages/airflow/example_dags/example_trigger_controller_dag.py
[2023-08-14T10:39:50.362+0200] {processor.py:826} INFO - Processing file /home/akhilesh/py39/lib/python3.9/site-packages/airflow/example_dags/example_trigger_controller_dag.py for tasks to queue
[2023-08-14T10:39:50.364+0200] {logging_mixin.py:150} INFO - [2023-08-14T10:39:50.363+0200] {dagbag.py:541} INFO - Filling up the DagBag from /home/akhilesh/py39/lib/python3.9/site-packages/airflow/example_dags/example_trigger_controller_dag.py
[2023-08-14T10:39:50.371+0200] {processor.py:836} INFO - DAG(s) dict_keys(['example_trigger_controller_dag']) retrieved from /home/akhilesh/py39/lib/python3.9/site-packages/airflow/example_dags/example_trigger_controller_dag.py
[2023-08-14T10:39:50.385+0200] {logging_mixin.py:150} INFO - [2023-08-14T10:39:50.385+0200] {dag.py:2742} INFO - Sync 1 DAGs
[2023-08-14T10:39:50.398+0200] {logging_mixin.py:150} INFO - [2023-08-14T10:39:50.398+0200] {dag.py:3504} INFO - Setting next_dagrun for example_trigger_controller_dag to 2021-01-01T00:00:00+00:00, run_after=2021-01-01T00:00:00+00:00
[2023-08-14T10:39:50.414+0200] {processor.py:179} INFO - Processing /home/akhilesh/py39/lib/python3.9/site-packages/airflow/example_dags/example_trigger_controller_dag.py took 0.064 seconds
[2023-08-14T10:41:32.593+0200] {processor.py:157} INFO - Started process (PID=457552) to work on /home/akhilesh/py39/lib/python3.9/site-packages/airflow/example_dags/example_trigger_controller_dag.py
[2023-08-14T10:41:32.602+0200] {processor.py:826} INFO - Processing file /home/akhilesh/py39/lib/python3.9/site-packages/airflow/example_dags/example_trigger_controller_dag.py for tasks to queue
[2023-08-14T10:41:32.604+0200] {logging_mixin.py:150} INFO - [2023-08-14T10:41:32.603+0200] {dagbag.py:541} INFO - Filling up the DagBag from /home/akhilesh/py39/lib/python3.9/site-packages/airflow/example_dags/example_trigger_controller_dag.py
[2023-08-14T10:41:32.609+0200] {processor.py:836} INFO - DAG(s) dict_keys(['example_trigger_controller_dag']) retrieved from /home/akhilesh/py39/lib/python3.9/site-packages/airflow/example_dags/example_trigger_controller_dag.py
[2023-08-14T10:41:32.625+0200] {logging_mixin.py:150} INFO - [2023-08-14T10:41:32.624+0200] {dag.py:2742} INFO - Sync 1 DAGs
[2023-08-14T10:41:32.639+0200] {logging_mixin.py:150} INFO - [2023-08-14T10:41:32.638+0200] {dag.py:3504} INFO - Setting next_dagrun for example_trigger_controller_dag to 2021-01-01T00:00:00+00:00, run_after=2021-01-01T00:00:00+00:00
[2023-08-14T10:41:32.661+0200] {processor.py:179} INFO - Processing /home/akhilesh/py39/lib/python3.9/site-packages/airflow/example_dags/example_trigger_controller_dag.py took 0.072 seconds
[2023-08-14T10:42:17.460+0200] {processor.py:157} INFO - Started process (PID=457713) to work on /home/akhilesh/py39/lib/python3.9/site-packages/airflow/example_dags/example_trigger_controller_dag.py
[2023-08-14T10:42:17.470+0200] {processor.py:826} INFO - Processing file /home/akhilesh/py39/lib/python3.9/site-packages/airflow/example_dags/example_trigger_controller_dag.py for tasks to queue
[2023-08-14T10:42:17.471+0200] {logging_mixin.py:150} INFO - [2023-08-14T10:42:17.470+0200] {dagbag.py:541} INFO - Filling up the DagBag from /home/akhilesh/py39/lib/python3.9/site-packages/airflow/example_dags/example_trigger_controller_dag.py
[2023-08-14T10:42:17.477+0200] {processor.py:836} INFO - DAG(s) dict_keys(['example_trigger_controller_dag']) retrieved from /home/akhilesh/py39/lib/python3.9/site-packages/airflow/example_dags/example_trigger_controller_dag.py
[2023-08-14T10:42:17.496+0200] {logging_mixin.py:150} INFO - [2023-08-14T10:42:17.496+0200] {dag.py:2742} INFO - Sync 1 DAGs
[2023-08-14T10:42:17.510+0200] {logging_mixin.py:150} INFO - [2023-08-14T10:42:17.509+0200] {dag.py:3504} INFO - Setting next_dagrun for example_trigger_controller_dag to 2021-01-01T00:00:00+00:00, run_after=2021-01-01T00:00:00+00:00
[2023-08-14T10:42:17.535+0200] {processor.py:179} INFO - Processing /home/akhilesh/py39/lib/python3.9/site-packages/airflow/example_dags/example_trigger_controller_dag.py took 0.079 seconds
[2023-08-14T10:44:22.933+0200] {processor.py:157} INFO - Started process (PID=458223) to work on /home/akhilesh/py39/lib/python3.9/site-packages/airflow/example_dags/example_trigger_controller_dag.py
[2023-08-14T10:44:22.935+0200] {processor.py:826} INFO - Processing file /home/akhilesh/py39/lib/python3.9/site-packages/airflow/example_dags/example_trigger_controller_dag.py for tasks to queue
[2023-08-14T10:44:22.936+0200] {logging_mixin.py:150} INFO - [2023-08-14T10:44:22.936+0200] {dagbag.py:541} INFO - Filling up the DagBag from /home/akhilesh/py39/lib/python3.9/site-packages/airflow/example_dags/example_trigger_controller_dag.py
[2023-08-14T10:44:22.941+0200] {processor.py:836} INFO - DAG(s) dict_keys(['example_trigger_controller_dag']) retrieved from /home/akhilesh/py39/lib/python3.9/site-packages/airflow/example_dags/example_trigger_controller_dag.py
[2023-08-14T10:44:22.956+0200] {logging_mixin.py:150} INFO - [2023-08-14T10:44:22.955+0200] {dag.py:2742} INFO - Sync 1 DAGs
[2023-08-14T10:44:22.970+0200] {logging_mixin.py:150} INFO - [2023-08-14T10:44:22.969+0200] {dag.py:3504} INFO - Setting next_dagrun for example_trigger_controller_dag to 2021-01-01T00:00:00+00:00, run_after=2021-01-01T00:00:00+00:00
[2023-08-14T10:44:22.994+0200] {processor.py:179} INFO - Processing /home/akhilesh/py39/lib/python3.9/site-packages/airflow/example_dags/example_trigger_controller_dag.py took 0.065 seconds
[2023-08-14T10:45:09.486+0200] {processor.py:157} INFO - Started process (PID=458438) to work on /home/akhilesh/py39/lib/python3.9/site-packages/airflow/example_dags/example_trigger_controller_dag.py
[2023-08-14T10:45:09.495+0200] {processor.py:826} INFO - Processing file /home/akhilesh/py39/lib/python3.9/site-packages/airflow/example_dags/example_trigger_controller_dag.py for tasks to queue
[2023-08-14T10:45:09.497+0200] {logging_mixin.py:150} INFO - [2023-08-14T10:45:09.496+0200] {dagbag.py:541} INFO - Filling up the DagBag from /home/akhilesh/py39/lib/python3.9/site-packages/airflow/example_dags/example_trigger_controller_dag.py
[2023-08-14T10:45:09.502+0200] {processor.py:836} INFO - DAG(s) dict_keys(['example_trigger_controller_dag']) retrieved from /home/akhilesh/py39/lib/python3.9/site-packages/airflow/example_dags/example_trigger_controller_dag.py
[2023-08-14T10:45:09.518+0200] {logging_mixin.py:150} INFO - [2023-08-14T10:45:09.518+0200] {dag.py:2742} INFO - Sync 1 DAGs
[2023-08-14T10:45:09.536+0200] {logging_mixin.py:150} INFO - [2023-08-14T10:45:09.535+0200] {dag.py:3504} INFO - Setting next_dagrun for example_trigger_controller_dag to 2021-01-01T00:00:00+00:00, run_after=2021-01-01T00:00:00+00:00
[2023-08-14T10:45:09.559+0200] {processor.py:179} INFO - Processing /home/akhilesh/py39/lib/python3.9/site-packages/airflow/example_dags/example_trigger_controller_dag.py took 0.076 seconds
[2023-08-14T10:45:58.166+0200] {processor.py:157} INFO - Started process (PID=458682) to work on /home/akhilesh/py39/lib/python3.9/site-packages/airflow/example_dags/example_trigger_controller_dag.py
[2023-08-14T10:45:58.175+0200] {processor.py:826} INFO - Processing file /home/akhilesh/py39/lib/python3.9/site-packages/airflow/example_dags/example_trigger_controller_dag.py for tasks to queue
[2023-08-14T10:45:58.177+0200] {logging_mixin.py:150} INFO - [2023-08-14T10:45:58.176+0200] {dagbag.py:541} INFO - Filling up the DagBag from /home/akhilesh/py39/lib/python3.9/site-packages/airflow/example_dags/example_trigger_controller_dag.py
[2023-08-14T10:45:58.182+0200] {processor.py:836} INFO - DAG(s) dict_keys(['example_trigger_controller_dag']) retrieved from /home/akhilesh/py39/lib/python3.9/site-packages/airflow/example_dags/example_trigger_controller_dag.py
[2023-08-14T10:45:58.198+0200] {logging_mixin.py:150} INFO - [2023-08-14T10:45:58.197+0200] {dag.py:2742} INFO - Sync 1 DAGs
[2023-08-14T10:45:58.209+0200] {logging_mixin.py:150} INFO - [2023-08-14T10:45:58.209+0200] {dag.py:3504} INFO - Setting next_dagrun for example_trigger_controller_dag to 2021-01-01T00:00:00+00:00, run_after=2021-01-01T00:00:00+00:00
[2023-08-14T10:45:58.230+0200] {processor.py:179} INFO - Processing /home/akhilesh/py39/lib/python3.9/site-packages/airflow/example_dags/example_trigger_controller_dag.py took 0.067 seconds
[2023-08-14T10:46:46.381+0200] {processor.py:157} INFO - Started process (PID=458890) to work on /home/akhilesh/py39/lib/python3.9/site-packages/airflow/example_dags/example_trigger_controller_dag.py
[2023-08-14T10:46:46.382+0200] {processor.py:826} INFO - Processing file /home/akhilesh/py39/lib/python3.9/site-packages/airflow/example_dags/example_trigger_controller_dag.py for tasks to queue
[2023-08-14T10:46:46.383+0200] {logging_mixin.py:150} INFO - [2023-08-14T10:46:46.383+0200] {dagbag.py:541} INFO - Filling up the DagBag from /home/akhilesh/py39/lib/python3.9/site-packages/airflow/example_dags/example_trigger_controller_dag.py
[2023-08-14T10:46:46.388+0200] {processor.py:836} INFO - DAG(s) dict_keys(['example_trigger_controller_dag']) retrieved from /home/akhilesh/py39/lib/python3.9/site-packages/airflow/example_dags/example_trigger_controller_dag.py
[2023-08-14T10:46:46.402+0200] {logging_mixin.py:150} INFO - [2023-08-14T10:46:46.401+0200] {dag.py:2742} INFO - Sync 1 DAGs
[2023-08-14T10:46:46.415+0200] {logging_mixin.py:150} INFO - [2023-08-14T10:46:46.414+0200] {dag.py:3504} INFO - Setting next_dagrun for example_trigger_controller_dag to 2021-01-01T00:00:00+00:00, run_after=2021-01-01T00:00:00+00:00
[2023-08-14T10:46:46.434+0200] {processor.py:179} INFO - Processing /home/akhilesh/py39/lib/python3.9/site-packages/airflow/example_dags/example_trigger_controller_dag.py took 0.057 seconds
[2023-08-14T10:47:32.761+0200] {processor.py:157} INFO - Started process (PID=459036) to work on /home/akhilesh/py39/lib/python3.9/site-packages/airflow/example_dags/example_trigger_controller_dag.py
[2023-08-14T10:47:32.762+0200] {processor.py:826} INFO - Processing file /home/akhilesh/py39/lib/python3.9/site-packages/airflow/example_dags/example_trigger_controller_dag.py for tasks to queue
[2023-08-14T10:47:32.763+0200] {logging_mixin.py:150} INFO - [2023-08-14T10:47:32.763+0200] {dagbag.py:541} INFO - Filling up the DagBag from /home/akhilesh/py39/lib/python3.9/site-packages/airflow/example_dags/example_trigger_controller_dag.py
[2023-08-14T10:47:32.767+0200] {processor.py:836} INFO - DAG(s) dict_keys(['example_trigger_controller_dag']) retrieved from /home/akhilesh/py39/lib/python3.9/site-packages/airflow/example_dags/example_trigger_controller_dag.py
[2023-08-14T10:47:32.788+0200] {logging_mixin.py:150} INFO - [2023-08-14T10:47:32.788+0200] {dag.py:2742} INFO - Sync 1 DAGs
[2023-08-14T10:47:32.802+0200] {logging_mixin.py:150} INFO - [2023-08-14T10:47:32.802+0200] {dag.py:3504} INFO - Setting next_dagrun for example_trigger_controller_dag to 2021-01-01T00:00:00+00:00, run_after=2021-01-01T00:00:00+00:00
[2023-08-14T10:47:32.829+0200] {processor.py:179} INFO - Processing /home/akhilesh/py39/lib/python3.9/site-packages/airflow/example_dags/example_trigger_controller_dag.py took 0.072 seconds
[2023-08-14T10:48:27.876+0200] {processor.py:157} INFO - Started process (PID=459222) to work on /home/akhilesh/py39/lib/python3.9/site-packages/airflow/example_dags/example_trigger_controller_dag.py
[2023-08-14T10:48:27.885+0200] {processor.py:826} INFO - Processing file /home/akhilesh/py39/lib/python3.9/site-packages/airflow/example_dags/example_trigger_controller_dag.py for tasks to queue
[2023-08-14T10:48:27.886+0200] {logging_mixin.py:150} INFO - [2023-08-14T10:48:27.886+0200] {dagbag.py:541} INFO - Filling up the DagBag from /home/akhilesh/py39/lib/python3.9/site-packages/airflow/example_dags/example_trigger_controller_dag.py
[2023-08-14T10:48:27.893+0200] {processor.py:836} INFO - DAG(s) dict_keys(['example_trigger_controller_dag']) retrieved from /home/akhilesh/py39/lib/python3.9/site-packages/airflow/example_dags/example_trigger_controller_dag.py
[2023-08-14T10:48:27.913+0200] {logging_mixin.py:150} INFO - [2023-08-14T10:48:27.913+0200] {dag.py:2742} INFO - Sync 1 DAGs
[2023-08-14T10:48:27.929+0200] {logging_mixin.py:150} INFO - [2023-08-14T10:48:27.929+0200] {dag.py:3504} INFO - Setting next_dagrun for example_trigger_controller_dag to 2021-01-01T00:00:00+00:00, run_after=2021-01-01T00:00:00+00:00
[2023-08-14T10:48:27.953+0200] {processor.py:179} INFO - Processing /home/akhilesh/py39/lib/python3.9/site-packages/airflow/example_dags/example_trigger_controller_dag.py took 0.081 seconds
[2023-08-14T10:49:21.045+0200] {processor.py:157} INFO - Started process (PID=459398) to work on /home/akhilesh/py39/lib/python3.9/site-packages/airflow/example_dags/example_trigger_controller_dag.py
[2023-08-14T10:49:21.046+0200] {processor.py:826} INFO - Processing file /home/akhilesh/py39/lib/python3.9/site-packages/airflow/example_dags/example_trigger_controller_dag.py for tasks to queue
[2023-08-14T10:49:21.047+0200] {logging_mixin.py:150} INFO - [2023-08-14T10:49:21.047+0200] {dagbag.py:541} INFO - Filling up the DagBag from /home/akhilesh/py39/lib/python3.9/site-packages/airflow/example_dags/example_trigger_controller_dag.py
[2023-08-14T10:49:21.050+0200] {processor.py:836} INFO - DAG(s) dict_keys(['example_trigger_controller_dag']) retrieved from /home/akhilesh/py39/lib/python3.9/site-packages/airflow/example_dags/example_trigger_controller_dag.py
[2023-08-14T10:49:21.064+0200] {logging_mixin.py:150} INFO - [2023-08-14T10:49:21.064+0200] {dag.py:2742} INFO - Sync 1 DAGs
[2023-08-14T10:49:21.078+0200] {logging_mixin.py:150} INFO - [2023-08-14T10:49:21.078+0200] {dag.py:3504} INFO - Setting next_dagrun for example_trigger_controller_dag to 2021-01-01T00:00:00+00:00, run_after=2021-01-01T00:00:00+00:00
[2023-08-14T10:49:21.106+0200] {processor.py:179} INFO - Processing /home/akhilesh/py39/lib/python3.9/site-packages/airflow/example_dags/example_trigger_controller_dag.py took 0.063 seconds
[2023-08-14T10:50:11.802+0200] {processor.py:157} INFO - Started process (PID=459544) to work on /home/akhilesh/py39/lib/python3.9/site-packages/airflow/example_dags/example_trigger_controller_dag.py
[2023-08-14T10:50:11.811+0200] {processor.py:826} INFO - Processing file /home/akhilesh/py39/lib/python3.9/site-packages/airflow/example_dags/example_trigger_controller_dag.py for tasks to queue
[2023-08-14T10:50:11.812+0200] {logging_mixin.py:150} INFO - [2023-08-14T10:50:11.812+0200] {dagbag.py:541} INFO - Filling up the DagBag from /home/akhilesh/py39/lib/python3.9/site-packages/airflow/example_dags/example_trigger_controller_dag.py
[2023-08-14T10:50:11.815+0200] {processor.py:836} INFO - DAG(s) dict_keys(['example_trigger_controller_dag']) retrieved from /home/akhilesh/py39/lib/python3.9/site-packages/airflow/example_dags/example_trigger_controller_dag.py
[2023-08-14T10:50:11.833+0200] {logging_mixin.py:150} INFO - [2023-08-14T10:50:11.833+0200] {dag.py:2742} INFO - Sync 1 DAGs
[2023-08-14T10:50:11.848+0200] {logging_mixin.py:150} INFO - [2023-08-14T10:50:11.847+0200] {dag.py:3504} INFO - Setting next_dagrun for example_trigger_controller_dag to 2021-01-01T00:00:00+00:00, run_after=2021-01-01T00:00:00+00:00
[2023-08-14T10:50:11.869+0200] {processor.py:179} INFO - Processing /home/akhilesh/py39/lib/python3.9/site-packages/airflow/example_dags/example_trigger_controller_dag.py took 0.071 seconds
[2023-08-14T10:51:03.001+0200] {processor.py:157} INFO - Started process (PID=459771) to work on /home/akhilesh/py39/lib/python3.9/site-packages/airflow/example_dags/example_trigger_controller_dag.py
[2023-08-14T10:51:03.005+0200] {processor.py:826} INFO - Processing file /home/akhilesh/py39/lib/python3.9/site-packages/airflow/example_dags/example_trigger_controller_dag.py for tasks to queue
[2023-08-14T10:51:03.006+0200] {logging_mixin.py:150} INFO - [2023-08-14T10:51:03.006+0200] {dagbag.py:541} INFO - Filling up the DagBag from /home/akhilesh/py39/lib/python3.9/site-packages/airflow/example_dags/example_trigger_controller_dag.py
[2023-08-14T10:51:03.009+0200] {processor.py:836} INFO - DAG(s) dict_keys(['example_trigger_controller_dag']) retrieved from /home/akhilesh/py39/lib/python3.9/site-packages/airflow/example_dags/example_trigger_controller_dag.py
[2023-08-14T10:51:03.030+0200] {logging_mixin.py:150} INFO - [2023-08-14T10:51:03.030+0200] {dag.py:2742} INFO - Sync 1 DAGs
[2023-08-14T10:51:03.045+0200] {logging_mixin.py:150} INFO - [2023-08-14T10:51:03.045+0200] {dag.py:3504} INFO - Setting next_dagrun for example_trigger_controller_dag to 2021-01-01T00:00:00+00:00, run_after=2021-01-01T00:00:00+00:00
[2023-08-14T10:51:03.066+0200] {processor.py:179} INFO - Processing /home/akhilesh/py39/lib/python3.9/site-packages/airflow/example_dags/example_trigger_controller_dag.py took 0.070 seconds
[2023-08-14T10:51:51.051+0200] {processor.py:157} INFO - Started process (PID=459897) to work on /home/akhilesh/py39/lib/python3.9/site-packages/airflow/example_dags/example_trigger_controller_dag.py
[2023-08-14T10:51:51.060+0200] {processor.py:826} INFO - Processing file /home/akhilesh/py39/lib/python3.9/site-packages/airflow/example_dags/example_trigger_controller_dag.py for tasks to queue
[2023-08-14T10:51:51.061+0200] {logging_mixin.py:150} INFO - [2023-08-14T10:51:51.061+0200] {dagbag.py:541} INFO - Filling up the DagBag from /home/akhilesh/py39/lib/python3.9/site-packages/airflow/example_dags/example_trigger_controller_dag.py
[2023-08-14T10:51:51.066+0200] {processor.py:836} INFO - DAG(s) dict_keys(['example_trigger_controller_dag']) retrieved from /home/akhilesh/py39/lib/python3.9/site-packages/airflow/example_dags/example_trigger_controller_dag.py
[2023-08-14T10:51:51.084+0200] {logging_mixin.py:150} INFO - [2023-08-14T10:51:51.083+0200] {dag.py:2742} INFO - Sync 1 DAGs
[2023-08-14T10:51:51.098+0200] {logging_mixin.py:150} INFO - [2023-08-14T10:51:51.098+0200] {dag.py:3504} INFO - Setting next_dagrun for example_trigger_controller_dag to 2021-01-01T00:00:00+00:00, run_after=2021-01-01T00:00:00+00:00
[2023-08-14T10:51:51.117+0200] {processor.py:179} INFO - Processing /home/akhilesh/py39/lib/python3.9/site-packages/airflow/example_dags/example_trigger_controller_dag.py took 0.070 seconds
[2023-08-14T10:52:42.003+0200] {processor.py:157} INFO - Started process (PID=460018) to work on /home/akhilesh/py39/lib/python3.9/site-packages/airflow/example_dags/example_trigger_controller_dag.py
[2023-08-14T10:52:42.004+0200] {processor.py:826} INFO - Processing file /home/akhilesh/py39/lib/python3.9/site-packages/airflow/example_dags/example_trigger_controller_dag.py for tasks to queue
[2023-08-14T10:52:42.005+0200] {logging_mixin.py:150} INFO - [2023-08-14T10:52:42.005+0200] {dagbag.py:541} INFO - Filling up the DagBag from /home/akhilesh/py39/lib/python3.9/site-packages/airflow/example_dags/example_trigger_controller_dag.py
[2023-08-14T10:52:42.008+0200] {processor.py:836} INFO - DAG(s) dict_keys(['example_trigger_controller_dag']) retrieved from /home/akhilesh/py39/lib/python3.9/site-packages/airflow/example_dags/example_trigger_controller_dag.py
[2023-08-14T10:52:42.024+0200] {logging_mixin.py:150} INFO - [2023-08-14T10:52:42.024+0200] {dag.py:2742} INFO - Sync 1 DAGs
[2023-08-14T10:52:42.039+0200] {logging_mixin.py:150} INFO - [2023-08-14T10:52:42.039+0200] {dag.py:3504} INFO - Setting next_dagrun for example_trigger_controller_dag to 2021-01-01T00:00:00+00:00, run_after=2021-01-01T00:00:00+00:00
[2023-08-14T10:52:42.063+0200] {processor.py:179} INFO - Processing /home/akhilesh/py39/lib/python3.9/site-packages/airflow/example_dags/example_trigger_controller_dag.py took 0.063 seconds
[2023-08-14T10:53:32.798+0200] {processor.py:157} INFO - Started process (PID=460254) to work on /home/akhilesh/py39/lib/python3.9/site-packages/airflow/example_dags/example_trigger_controller_dag.py
[2023-08-14T10:53:32.807+0200] {processor.py:826} INFO - Processing file /home/akhilesh/py39/lib/python3.9/site-packages/airflow/example_dags/example_trigger_controller_dag.py for tasks to queue
[2023-08-14T10:53:32.808+0200] {logging_mixin.py:150} INFO - [2023-08-14T10:53:32.808+0200] {dagbag.py:541} INFO - Filling up the DagBag from /home/akhilesh/py39/lib/python3.9/site-packages/airflow/example_dags/example_trigger_controller_dag.py
[2023-08-14T10:53:32.813+0200] {processor.py:836} INFO - DAG(s) dict_keys(['example_trigger_controller_dag']) retrieved from /home/akhilesh/py39/lib/python3.9/site-packages/airflow/example_dags/example_trigger_controller_dag.py
[2023-08-14T10:53:32.827+0200] {logging_mixin.py:150} INFO - [2023-08-14T10:53:32.827+0200] {dag.py:2742} INFO - Sync 1 DAGs
[2023-08-14T10:53:32.837+0200] {logging_mixin.py:150} INFO - [2023-08-14T10:53:32.837+0200] {dag.py:3504} INFO - Setting next_dagrun for example_trigger_controller_dag to 2021-01-01T00:00:00+00:00, run_after=2021-01-01T00:00:00+00:00
[2023-08-14T10:53:32.855+0200] {processor.py:179} INFO - Processing /home/akhilesh/py39/lib/python3.9/site-packages/airflow/example_dags/example_trigger_controller_dag.py took 0.060 seconds
[2023-08-14T10:54:25.364+0200] {processor.py:157} INFO - Started process (PID=460411) to work on /home/akhilesh/py39/lib/python3.9/site-packages/airflow/example_dags/example_trigger_controller_dag.py
[2023-08-14T10:54:25.373+0200] {processor.py:826} INFO - Processing file /home/akhilesh/py39/lib/python3.9/site-packages/airflow/example_dags/example_trigger_controller_dag.py for tasks to queue
[2023-08-14T10:54:25.375+0200] {logging_mixin.py:150} INFO - [2023-08-14T10:54:25.374+0200] {dagbag.py:541} INFO - Filling up the DagBag from /home/akhilesh/py39/lib/python3.9/site-packages/airflow/example_dags/example_trigger_controller_dag.py
[2023-08-14T10:54:25.380+0200] {processor.py:836} INFO - DAG(s) dict_keys(['example_trigger_controller_dag']) retrieved from /home/akhilesh/py39/lib/python3.9/site-packages/airflow/example_dags/example_trigger_controller_dag.py
[2023-08-14T10:54:25.396+0200] {logging_mixin.py:150} INFO - [2023-08-14T10:54:25.395+0200] {dag.py:2742} INFO - Sync 1 DAGs
[2023-08-14T10:54:25.409+0200] {logging_mixin.py:150} INFO - [2023-08-14T10:54:25.408+0200] {dag.py:3504} INFO - Setting next_dagrun for example_trigger_controller_dag to 2021-01-01T00:00:00+00:00, run_after=2021-01-01T00:00:00+00:00
[2023-08-14T10:54:25.428+0200] {processor.py:179} INFO - Processing /home/akhilesh/py39/lib/python3.9/site-packages/airflow/example_dags/example_trigger_controller_dag.py took 0.068 seconds
[2023-08-14T10:55:16.822+0200] {processor.py:157} INFO - Started process (PID=460584) to work on /home/akhilesh/py39/lib/python3.9/site-packages/airflow/example_dags/example_trigger_controller_dag.py
[2023-08-14T10:55:16.824+0200] {processor.py:826} INFO - Processing file /home/akhilesh/py39/lib/python3.9/site-packages/airflow/example_dags/example_trigger_controller_dag.py for tasks to queue
[2023-08-14T10:55:16.825+0200] {logging_mixin.py:150} INFO - [2023-08-14T10:55:16.824+0200] {dagbag.py:541} INFO - Filling up the DagBag from /home/akhilesh/py39/lib/python3.9/site-packages/airflow/example_dags/example_trigger_controller_dag.py
[2023-08-14T10:55:16.829+0200] {processor.py:836} INFO - DAG(s) dict_keys(['example_trigger_controller_dag']) retrieved from /home/akhilesh/py39/lib/python3.9/site-packages/airflow/example_dags/example_trigger_controller_dag.py
[2023-08-14T10:55:16.843+0200] {logging_mixin.py:150} INFO - [2023-08-14T10:55:16.843+0200] {dag.py:2742} INFO - Sync 1 DAGs
[2023-08-14T10:55:16.856+0200] {logging_mixin.py:150} INFO - [2023-08-14T10:55:16.855+0200] {dag.py:3504} INFO - Setting next_dagrun for example_trigger_controller_dag to 2021-01-01T00:00:00+00:00, run_after=2021-01-01T00:00:00+00:00
[2023-08-14T10:55:16.880+0200] {processor.py:179} INFO - Processing /home/akhilesh/py39/lib/python3.9/site-packages/airflow/example_dags/example_trigger_controller_dag.py took 0.061 seconds
[2023-08-14T10:56:04.911+0200] {processor.py:157} INFO - Started process (PID=460714) to work on /home/akhilesh/py39/lib/python3.9/site-packages/airflow/example_dags/example_trigger_controller_dag.py
[2023-08-14T10:56:04.921+0200] {processor.py:826} INFO - Processing file /home/akhilesh/py39/lib/python3.9/site-packages/airflow/example_dags/example_trigger_controller_dag.py for tasks to queue
[2023-08-14T10:56:04.922+0200] {logging_mixin.py:150} INFO - [2023-08-14T10:56:04.922+0200] {dagbag.py:541} INFO - Filling up the DagBag from /home/akhilesh/py39/lib/python3.9/site-packages/airflow/example_dags/example_trigger_controller_dag.py
[2023-08-14T10:56:04.927+0200] {processor.py:836} INFO - DAG(s) dict_keys(['example_trigger_controller_dag']) retrieved from /home/akhilesh/py39/lib/python3.9/site-packages/airflow/example_dags/example_trigger_controller_dag.py
[2023-08-14T10:56:04.943+0200] {logging_mixin.py:150} INFO - [2023-08-14T10:56:04.943+0200] {dag.py:2742} INFO - Sync 1 DAGs
[2023-08-14T10:56:04.956+0200] {logging_mixin.py:150} INFO - [2023-08-14T10:56:04.956+0200] {dag.py:3504} INFO - Setting next_dagrun for example_trigger_controller_dag to 2021-01-01T00:00:00+00:00, run_after=2021-01-01T00:00:00+00:00
[2023-08-14T10:56:04.984+0200] {processor.py:179} INFO - Processing /home/akhilesh/py39/lib/python3.9/site-packages/airflow/example_dags/example_trigger_controller_dag.py took 0.077 seconds
[2023-08-14T10:56:54.237+0200] {processor.py:157} INFO - Started process (PID=460938) to work on /home/akhilesh/py39/lib/python3.9/site-packages/airflow/example_dags/example_trigger_controller_dag.py
[2023-08-14T10:56:54.238+0200] {processor.py:826} INFO - Processing file /home/akhilesh/py39/lib/python3.9/site-packages/airflow/example_dags/example_trigger_controller_dag.py for tasks to queue
[2023-08-14T10:56:54.240+0200] {logging_mixin.py:150} INFO - [2023-08-14T10:56:54.239+0200] {dagbag.py:541} INFO - Filling up the DagBag from /home/akhilesh/py39/lib/python3.9/site-packages/airflow/example_dags/example_trigger_controller_dag.py
[2023-08-14T10:56:54.244+0200] {processor.py:836} INFO - DAG(s) dict_keys(['example_trigger_controller_dag']) retrieved from /home/akhilesh/py39/lib/python3.9/site-packages/airflow/example_dags/example_trigger_controller_dag.py
[2023-08-14T10:56:54.257+0200] {logging_mixin.py:150} INFO - [2023-08-14T10:56:54.257+0200] {dag.py:2742} INFO - Sync 1 DAGs
[2023-08-14T10:56:54.270+0200] {logging_mixin.py:150} INFO - [2023-08-14T10:56:54.270+0200] {dag.py:3504} INFO - Setting next_dagrun for example_trigger_controller_dag to 2021-01-01T00:00:00+00:00, run_after=2021-01-01T00:00:00+00:00
[2023-08-14T10:56:54.294+0200] {processor.py:179} INFO - Processing /home/akhilesh/py39/lib/python3.9/site-packages/airflow/example_dags/example_trigger_controller_dag.py took 0.061 seconds
[2023-08-14T10:57:44.226+0200] {processor.py:157} INFO - Started process (PID=461114) to work on /home/akhilesh/py39/lib/python3.9/site-packages/airflow/example_dags/example_trigger_controller_dag.py
[2023-08-14T10:57:44.235+0200] {processor.py:826} INFO - Processing file /home/akhilesh/py39/lib/python3.9/site-packages/airflow/example_dags/example_trigger_controller_dag.py for tasks to queue
[2023-08-14T10:57:44.237+0200] {logging_mixin.py:150} INFO - [2023-08-14T10:57:44.236+0200] {dagbag.py:541} INFO - Filling up the DagBag from /home/akhilesh/py39/lib/python3.9/site-packages/airflow/example_dags/example_trigger_controller_dag.py
[2023-08-14T10:57:44.242+0200] {processor.py:836} INFO - DAG(s) dict_keys(['example_trigger_controller_dag']) retrieved from /home/akhilesh/py39/lib/python3.9/site-packages/airflow/example_dags/example_trigger_controller_dag.py
[2023-08-14T10:57:44.260+0200] {logging_mixin.py:150} INFO - [2023-08-14T10:57:44.260+0200] {dag.py:2742} INFO - Sync 1 DAGs
[2023-08-14T10:57:44.275+0200] {logging_mixin.py:150} INFO - [2023-08-14T10:57:44.275+0200] {dag.py:3504} INFO - Setting next_dagrun for example_trigger_controller_dag to 2021-01-01T00:00:00+00:00, run_after=2021-01-01T00:00:00+00:00
[2023-08-14T10:57:44.313+0200] {processor.py:179} INFO - Processing /home/akhilesh/py39/lib/python3.9/site-packages/airflow/example_dags/example_trigger_controller_dag.py took 0.091 seconds
[2023-08-14T10:58:27.313+0200] {processor.py:157} INFO - Started process (PID=461301) to work on /home/akhilesh/py39/lib/python3.9/site-packages/airflow/example_dags/example_trigger_controller_dag.py
[2023-08-14T10:58:27.322+0200] {processor.py:826} INFO - Processing file /home/akhilesh/py39/lib/python3.9/site-packages/airflow/example_dags/example_trigger_controller_dag.py for tasks to queue
[2023-08-14T10:58:27.324+0200] {logging_mixin.py:150} INFO - [2023-08-14T10:58:27.323+0200] {dagbag.py:541} INFO - Filling up the DagBag from /home/akhilesh/py39/lib/python3.9/site-packages/airflow/example_dags/example_trigger_controller_dag.py
[2023-08-14T10:58:27.329+0200] {processor.py:836} INFO - DAG(s) dict_keys(['example_trigger_controller_dag']) retrieved from /home/akhilesh/py39/lib/python3.9/site-packages/airflow/example_dags/example_trigger_controller_dag.py
[2023-08-14T10:58:27.346+0200] {logging_mixin.py:150} INFO - [2023-08-14T10:58:27.345+0200] {dag.py:2742} INFO - Sync 1 DAGs
[2023-08-14T10:58:27.358+0200] {logging_mixin.py:150} INFO - [2023-08-14T10:58:27.358+0200] {dag.py:3504} INFO - Setting next_dagrun for example_trigger_controller_dag to 2021-01-01T00:00:00+00:00, run_after=2021-01-01T00:00:00+00:00
[2023-08-14T10:58:27.379+0200] {processor.py:179} INFO - Processing /home/akhilesh/py39/lib/python3.9/site-packages/airflow/example_dags/example_trigger_controller_dag.py took 0.070 seconds
[2023-08-14T10:59:16.894+0200] {processor.py:157} INFO - Started process (PID=461453) to work on /home/akhilesh/py39/lib/python3.9/site-packages/airflow/example_dags/example_trigger_controller_dag.py
[2023-08-14T10:59:16.903+0200] {processor.py:826} INFO - Processing file /home/akhilesh/py39/lib/python3.9/site-packages/airflow/example_dags/example_trigger_controller_dag.py for tasks to queue
[2023-08-14T10:59:16.905+0200] {logging_mixin.py:150} INFO - [2023-08-14T10:59:16.904+0200] {dagbag.py:541} INFO - Filling up the DagBag from /home/akhilesh/py39/lib/python3.9/site-packages/airflow/example_dags/example_trigger_controller_dag.py
[2023-08-14T10:59:16.909+0200] {processor.py:836} INFO - DAG(s) dict_keys(['example_trigger_controller_dag']) retrieved from /home/akhilesh/py39/lib/python3.9/site-packages/airflow/example_dags/example_trigger_controller_dag.py
[2023-08-14T10:59:16.928+0200] {logging_mixin.py:150} INFO - [2023-08-14T10:59:16.928+0200] {dag.py:2742} INFO - Sync 1 DAGs
[2023-08-14T10:59:16.941+0200] {logging_mixin.py:150} INFO - [2023-08-14T10:59:16.941+0200] {dag.py:3504} INFO - Setting next_dagrun for example_trigger_controller_dag to 2021-01-01T00:00:00+00:00, run_after=2021-01-01T00:00:00+00:00
[2023-08-14T10:59:16.964+0200] {processor.py:179} INFO - Processing /home/akhilesh/py39/lib/python3.9/site-packages/airflow/example_dags/example_trigger_controller_dag.py took 0.074 seconds
[2023-08-14T11:00:04.254+0200] {processor.py:157} INFO - Started process (PID=461626) to work on /home/akhilesh/py39/lib/python3.9/site-packages/airflow/example_dags/example_trigger_controller_dag.py
[2023-08-14T11:00:04.255+0200] {processor.py:826} INFO - Processing file /home/akhilesh/py39/lib/python3.9/site-packages/airflow/example_dags/example_trigger_controller_dag.py for tasks to queue
[2023-08-14T11:00:04.256+0200] {logging_mixin.py:150} INFO - [2023-08-14T11:00:04.256+0200] {dagbag.py:541} INFO - Filling up the DagBag from /home/akhilesh/py39/lib/python3.9/site-packages/airflow/example_dags/example_trigger_controller_dag.py
[2023-08-14T11:00:04.259+0200] {processor.py:836} INFO - DAG(s) dict_keys(['example_trigger_controller_dag']) retrieved from /home/akhilesh/py39/lib/python3.9/site-packages/airflow/example_dags/example_trigger_controller_dag.py
[2023-08-14T11:00:04.274+0200] {logging_mixin.py:150} INFO - [2023-08-14T11:00:04.274+0200] {dag.py:2742} INFO - Sync 1 DAGs
[2023-08-14T11:00:04.287+0200] {logging_mixin.py:150} INFO - [2023-08-14T11:00:04.287+0200] {dag.py:3504} INFO - Setting next_dagrun for example_trigger_controller_dag to 2021-01-01T00:00:00+00:00, run_after=2021-01-01T00:00:00+00:00
[2023-08-14T11:00:04.311+0200] {processor.py:179} INFO - Processing /home/akhilesh/py39/lib/python3.9/site-packages/airflow/example_dags/example_trigger_controller_dag.py took 0.061 seconds
[2023-08-14T11:00:54.271+0200] {processor.py:157} INFO - Started process (PID=461744) to work on /home/akhilesh/py39/lib/python3.9/site-packages/airflow/example_dags/example_trigger_controller_dag.py
[2023-08-14T11:00:54.280+0200] {processor.py:826} INFO - Processing file /home/akhilesh/py39/lib/python3.9/site-packages/airflow/example_dags/example_trigger_controller_dag.py for tasks to queue
[2023-08-14T11:00:54.282+0200] {logging_mixin.py:150} INFO - [2023-08-14T11:00:54.281+0200] {dagbag.py:541} INFO - Filling up the DagBag from /home/akhilesh/py39/lib/python3.9/site-packages/airflow/example_dags/example_trigger_controller_dag.py
[2023-08-14T11:00:54.287+0200] {processor.py:836} INFO - DAG(s) dict_keys(['example_trigger_controller_dag']) retrieved from /home/akhilesh/py39/lib/python3.9/site-packages/airflow/example_dags/example_trigger_controller_dag.py
[2023-08-14T11:00:54.307+0200] {logging_mixin.py:150} INFO - [2023-08-14T11:00:54.307+0200] {dag.py:2742} INFO - Sync 1 DAGs
[2023-08-14T11:00:54.320+0200] {logging_mixin.py:150} INFO - [2023-08-14T11:00:54.320+0200] {dag.py:3504} INFO - Setting next_dagrun for example_trigger_controller_dag to 2021-01-01T00:00:00+00:00, run_after=2021-01-01T00:00:00+00:00
[2023-08-14T11:00:54.348+0200] {processor.py:179} INFO - Processing /home/akhilesh/py39/lib/python3.9/site-packages/airflow/example_dags/example_trigger_controller_dag.py took 0.081 seconds
[2023-08-14T11:01:49.687+0200] {processor.py:157} INFO - Started process (PID=461965) to work on /home/akhilesh/py39/lib/python3.9/site-packages/airflow/example_dags/example_trigger_controller_dag.py
[2023-08-14T11:01:49.695+0200] {processor.py:826} INFO - Processing file /home/akhilesh/py39/lib/python3.9/site-packages/airflow/example_dags/example_trigger_controller_dag.py for tasks to queue
[2023-08-14T11:01:49.697+0200] {logging_mixin.py:150} INFO - [2023-08-14T11:01:49.696+0200] {dagbag.py:541} INFO - Filling up the DagBag from /home/akhilesh/py39/lib/python3.9/site-packages/airflow/example_dags/example_trigger_controller_dag.py
[2023-08-14T11:01:49.703+0200] {processor.py:836} INFO - DAG(s) dict_keys(['example_trigger_controller_dag']) retrieved from /home/akhilesh/py39/lib/python3.9/site-packages/airflow/example_dags/example_trigger_controller_dag.py
[2023-08-14T11:01:49.721+0200] {logging_mixin.py:150} INFO - [2023-08-14T11:01:49.721+0200] {dag.py:2742} INFO - Sync 1 DAGs
[2023-08-14T11:01:49.735+0200] {logging_mixin.py:150} INFO - [2023-08-14T11:01:49.735+0200] {dag.py:3504} INFO - Setting next_dagrun for example_trigger_controller_dag to 2021-01-01T00:00:00+00:00, run_after=2021-01-01T00:00:00+00:00
[2023-08-14T11:01:49.758+0200] {processor.py:179} INFO - Processing /home/akhilesh/py39/lib/python3.9/site-packages/airflow/example_dags/example_trigger_controller_dag.py took 0.076 seconds
[2023-08-14T11:02:42.833+0200] {processor.py:157} INFO - Started process (PID=462133) to work on /home/akhilesh/py39/lib/python3.9/site-packages/airflow/example_dags/example_trigger_controller_dag.py
[2023-08-14T11:02:42.835+0200] {processor.py:826} INFO - Processing file /home/akhilesh/py39/lib/python3.9/site-packages/airflow/example_dags/example_trigger_controller_dag.py for tasks to queue
[2023-08-14T11:02:42.836+0200] {logging_mixin.py:150} INFO - [2023-08-14T11:02:42.836+0200] {dagbag.py:541} INFO - Filling up the DagBag from /home/akhilesh/py39/lib/python3.9/site-packages/airflow/example_dags/example_trigger_controller_dag.py
[2023-08-14T11:02:42.841+0200] {processor.py:836} INFO - DAG(s) dict_keys(['example_trigger_controller_dag']) retrieved from /home/akhilesh/py39/lib/python3.9/site-packages/airflow/example_dags/example_trigger_controller_dag.py
[2023-08-14T11:02:42.857+0200] {logging_mixin.py:150} INFO - [2023-08-14T11:02:42.856+0200] {dag.py:2742} INFO - Sync 1 DAGs
[2023-08-14T11:02:42.873+0200] {logging_mixin.py:150} INFO - [2023-08-14T11:02:42.873+0200] {dag.py:3504} INFO - Setting next_dagrun for example_trigger_controller_dag to 2021-01-01T00:00:00+00:00, run_after=2021-01-01T00:00:00+00:00
[2023-08-14T11:02:42.905+0200] {processor.py:179} INFO - Processing /home/akhilesh/py39/lib/python3.9/site-packages/airflow/example_dags/example_trigger_controller_dag.py took 0.076 seconds
[2023-08-14T11:03:34.061+0200] {processor.py:157} INFO - Started process (PID=462279) to work on /home/akhilesh/py39/lib/python3.9/site-packages/airflow/example_dags/example_trigger_controller_dag.py
[2023-08-14T11:03:34.070+0200] {processor.py:826} INFO - Processing file /home/akhilesh/py39/lib/python3.9/site-packages/airflow/example_dags/example_trigger_controller_dag.py for tasks to queue
[2023-08-14T11:03:34.071+0200] {logging_mixin.py:150} INFO - [2023-08-14T11:03:34.071+0200] {dagbag.py:541} INFO - Filling up the DagBag from /home/akhilesh/py39/lib/python3.9/site-packages/airflow/example_dags/example_trigger_controller_dag.py
[2023-08-14T11:03:34.076+0200] {processor.py:836} INFO - DAG(s) dict_keys(['example_trigger_controller_dag']) retrieved from /home/akhilesh/py39/lib/python3.9/site-packages/airflow/example_dags/example_trigger_controller_dag.py
[2023-08-14T11:03:34.096+0200] {logging_mixin.py:150} INFO - [2023-08-14T11:03:34.095+0200] {dag.py:2742} INFO - Sync 1 DAGs
[2023-08-14T11:03:34.109+0200] {logging_mixin.py:150} INFO - [2023-08-14T11:03:34.109+0200] {dag.py:3504} INFO - Setting next_dagrun for example_trigger_controller_dag to 2021-01-01T00:00:00+00:00, run_after=2021-01-01T00:00:00+00:00
[2023-08-14T11:03:34.138+0200] {processor.py:179} INFO - Processing /home/akhilesh/py39/lib/python3.9/site-packages/airflow/example_dags/example_trigger_controller_dag.py took 0.081 seconds
[2023-08-14T11:04:24.341+0200] {processor.py:157} INFO - Started process (PID=462404) to work on /home/akhilesh/py39/lib/python3.9/site-packages/airflow/example_dags/example_trigger_controller_dag.py
[2023-08-14T11:04:24.350+0200] {processor.py:826} INFO - Processing file /home/akhilesh/py39/lib/python3.9/site-packages/airflow/example_dags/example_trigger_controller_dag.py for tasks to queue
[2023-08-14T11:04:24.351+0200] {logging_mixin.py:150} INFO - [2023-08-14T11:04:24.351+0200] {dagbag.py:541} INFO - Filling up the DagBag from /home/akhilesh/py39/lib/python3.9/site-packages/airflow/example_dags/example_trigger_controller_dag.py
[2023-08-14T11:04:24.357+0200] {processor.py:836} INFO - DAG(s) dict_keys(['example_trigger_controller_dag']) retrieved from /home/akhilesh/py39/lib/python3.9/site-packages/airflow/example_dags/example_trigger_controller_dag.py
[2023-08-14T11:04:24.372+0200] {logging_mixin.py:150} INFO - [2023-08-14T11:04:24.372+0200] {dag.py:2742} INFO - Sync 1 DAGs
[2023-08-14T11:04:24.389+0200] {logging_mixin.py:150} INFO - [2023-08-14T11:04:24.389+0200] {dag.py:3504} INFO - Setting next_dagrun for example_trigger_controller_dag to 2021-01-01T00:00:00+00:00, run_after=2021-01-01T00:00:00+00:00
[2023-08-14T11:04:24.412+0200] {processor.py:179} INFO - Processing /home/akhilesh/py39/lib/python3.9/site-packages/airflow/example_dags/example_trigger_controller_dag.py took 0.075 seconds
[2023-08-14T11:05:17.760+0200] {processor.py:157} INFO - Started process (PID=462542) to work on /home/akhilesh/py39/lib/python3.9/site-packages/airflow/example_dags/example_trigger_controller_dag.py
[2023-08-14T11:05:17.769+0200] {processor.py:826} INFO - Processing file /home/akhilesh/py39/lib/python3.9/site-packages/airflow/example_dags/example_trigger_controller_dag.py for tasks to queue
[2023-08-14T11:05:17.770+0200] {logging_mixin.py:150} INFO - [2023-08-14T11:05:17.770+0200] {dagbag.py:541} INFO - Filling up the DagBag from /home/akhilesh/py39/lib/python3.9/site-packages/airflow/example_dags/example_trigger_controller_dag.py
[2023-08-14T11:05:17.776+0200] {processor.py:836} INFO - DAG(s) dict_keys(['example_trigger_controller_dag']) retrieved from /home/akhilesh/py39/lib/python3.9/site-packages/airflow/example_dags/example_trigger_controller_dag.py
[2023-08-14T11:05:17.791+0200] {logging_mixin.py:150} INFO - [2023-08-14T11:05:17.791+0200] {dag.py:2742} INFO - Sync 1 DAGs
[2023-08-14T11:05:17.804+0200] {logging_mixin.py:150} INFO - [2023-08-14T11:05:17.804+0200] {dag.py:3504} INFO - Setting next_dagrun for example_trigger_controller_dag to 2021-01-01T00:00:00+00:00, run_after=2021-01-01T00:00:00+00:00
[2023-08-14T11:05:17.831+0200] {processor.py:179} INFO - Processing /home/akhilesh/py39/lib/python3.9/site-packages/airflow/example_dags/example_trigger_controller_dag.py took 0.076 seconds
[2023-08-14T11:06:10.748+0200] {processor.py:157} INFO - Started process (PID=462691) to work on /home/akhilesh/py39/lib/python3.9/site-packages/airflow/example_dags/example_trigger_controller_dag.py
[2023-08-14T11:06:10.757+0200] {processor.py:826} INFO - Processing file /home/akhilesh/py39/lib/python3.9/site-packages/airflow/example_dags/example_trigger_controller_dag.py for tasks to queue
[2023-08-14T11:06:10.759+0200] {logging_mixin.py:150} INFO - [2023-08-14T11:06:10.758+0200] {dagbag.py:541} INFO - Filling up the DagBag from /home/akhilesh/py39/lib/python3.9/site-packages/airflow/example_dags/example_trigger_controller_dag.py
[2023-08-14T11:06:10.764+0200] {processor.py:836} INFO - DAG(s) dict_keys(['example_trigger_controller_dag']) retrieved from /home/akhilesh/py39/lib/python3.9/site-packages/airflow/example_dags/example_trigger_controller_dag.py
[2023-08-14T11:06:10.786+0200] {logging_mixin.py:150} INFO - [2023-08-14T11:06:10.786+0200] {dag.py:2742} INFO - Sync 1 DAGs
[2023-08-14T11:06:10.802+0200] {logging_mixin.py:150} INFO - [2023-08-14T11:06:10.801+0200] {dag.py:3504} INFO - Setting next_dagrun for example_trigger_controller_dag to 2021-01-01T00:00:00+00:00, run_after=2021-01-01T00:00:00+00:00
[2023-08-14T11:06:10.829+0200] {processor.py:179} INFO - Processing /home/akhilesh/py39/lib/python3.9/site-packages/airflow/example_dags/example_trigger_controller_dag.py took 0.085 seconds
[2023-08-14T11:06:56.994+0200] {processor.py:157} INFO - Started process (PID=462891) to work on /home/akhilesh/py39/lib/python3.9/site-packages/airflow/example_dags/example_trigger_controller_dag.py
[2023-08-14T11:06:57.003+0200] {processor.py:826} INFO - Processing file /home/akhilesh/py39/lib/python3.9/site-packages/airflow/example_dags/example_trigger_controller_dag.py for tasks to queue
[2023-08-14T11:06:57.004+0200] {logging_mixin.py:150} INFO - [2023-08-14T11:06:57.004+0200] {dagbag.py:541} INFO - Filling up the DagBag from /home/akhilesh/py39/lib/python3.9/site-packages/airflow/example_dags/example_trigger_controller_dag.py
[2023-08-14T11:06:57.009+0200] {processor.py:836} INFO - DAG(s) dict_keys(['example_trigger_controller_dag']) retrieved from /home/akhilesh/py39/lib/python3.9/site-packages/airflow/example_dags/example_trigger_controller_dag.py
[2023-08-14T11:06:57.022+0200] {logging_mixin.py:150} INFO - [2023-08-14T11:06:57.021+0200] {dag.py:2742} INFO - Sync 1 DAGs
[2023-08-14T11:06:57.033+0200] {logging_mixin.py:150} INFO - [2023-08-14T11:06:57.033+0200] {dag.py:3504} INFO - Setting next_dagrun for example_trigger_controller_dag to 2021-01-01T00:00:00+00:00, run_after=2021-01-01T00:00:00+00:00
[2023-08-14T11:06:57.053+0200] {processor.py:179} INFO - Processing /home/akhilesh/py39/lib/python3.9/site-packages/airflow/example_dags/example_trigger_controller_dag.py took 0.063 seconds
[2023-08-14T11:07:52.048+0200] {processor.py:157} INFO - Started process (PID=463065) to work on /home/akhilesh/py39/lib/python3.9/site-packages/airflow/example_dags/example_trigger_controller_dag.py
[2023-08-14T11:07:52.057+0200] {processor.py:826} INFO - Processing file /home/akhilesh/py39/lib/python3.9/site-packages/airflow/example_dags/example_trigger_controller_dag.py for tasks to queue
[2023-08-14T11:07:52.058+0200] {logging_mixin.py:150} INFO - [2023-08-14T11:07:52.058+0200] {dagbag.py:541} INFO - Filling up the DagBag from /home/akhilesh/py39/lib/python3.9/site-packages/airflow/example_dags/example_trigger_controller_dag.py
[2023-08-14T11:07:52.063+0200] {processor.py:836} INFO - DAG(s) dict_keys(['example_trigger_controller_dag']) retrieved from /home/akhilesh/py39/lib/python3.9/site-packages/airflow/example_dags/example_trigger_controller_dag.py
[2023-08-14T11:07:52.082+0200] {logging_mixin.py:150} INFO - [2023-08-14T11:07:52.082+0200] {dag.py:2742} INFO - Sync 1 DAGs
[2023-08-14T11:07:52.093+0200] {logging_mixin.py:150} INFO - [2023-08-14T11:07:52.093+0200] {dag.py:3504} INFO - Setting next_dagrun for example_trigger_controller_dag to 2021-01-01T00:00:00+00:00, run_after=2021-01-01T00:00:00+00:00
[2023-08-14T11:07:52.113+0200] {processor.py:179} INFO - Processing /home/akhilesh/py39/lib/python3.9/site-packages/airflow/example_dags/example_trigger_controller_dag.py took 0.068 seconds
[2023-08-14T11:08:40.551+0200] {processor.py:157} INFO - Started process (PID=463230) to work on /home/akhilesh/py39/lib/python3.9/site-packages/airflow/example_dags/example_trigger_controller_dag.py
[2023-08-14T11:08:40.560+0200] {processor.py:826} INFO - Processing file /home/akhilesh/py39/lib/python3.9/site-packages/airflow/example_dags/example_trigger_controller_dag.py for tasks to queue
[2023-08-14T11:08:40.562+0200] {logging_mixin.py:150} INFO - [2023-08-14T11:08:40.561+0200] {dagbag.py:541} INFO - Filling up the DagBag from /home/akhilesh/py39/lib/python3.9/site-packages/airflow/example_dags/example_trigger_controller_dag.py
[2023-08-14T11:08:40.569+0200] {processor.py:836} INFO - DAG(s) dict_keys(['example_trigger_controller_dag']) retrieved from /home/akhilesh/py39/lib/python3.9/site-packages/airflow/example_dags/example_trigger_controller_dag.py
[2023-08-14T11:08:40.586+0200] {logging_mixin.py:150} INFO - [2023-08-14T11:08:40.586+0200] {dag.py:2742} INFO - Sync 1 DAGs
[2023-08-14T11:08:40.600+0200] {logging_mixin.py:150} INFO - [2023-08-14T11:08:40.599+0200] {dag.py:3504} INFO - Setting next_dagrun for example_trigger_controller_dag to 2021-01-01T00:00:00+00:00, run_after=2021-01-01T00:00:00+00:00
[2023-08-14T11:08:40.631+0200] {processor.py:179} INFO - Processing /home/akhilesh/py39/lib/python3.9/site-packages/airflow/example_dags/example_trigger_controller_dag.py took 0.084 seconds
[2023-08-14T11:10:50.571+0200] {processor.py:157} INFO - Started process (PID=463655) to work on /home/akhilesh/py39/lib/python3.9/site-packages/airflow/example_dags/example_trigger_controller_dag.py
[2023-08-14T11:10:50.572+0200] {processor.py:826} INFO - Processing file /home/akhilesh/py39/lib/python3.9/site-packages/airflow/example_dags/example_trigger_controller_dag.py for tasks to queue
[2023-08-14T11:10:50.573+0200] {logging_mixin.py:150} INFO - [2023-08-14T11:10:50.573+0200] {dagbag.py:541} INFO - Filling up the DagBag from /home/akhilesh/py39/lib/python3.9/site-packages/airflow/example_dags/example_trigger_controller_dag.py
[2023-08-14T11:10:50.581+0200] {processor.py:836} INFO - DAG(s) dict_keys(['example_trigger_controller_dag']) retrieved from /home/akhilesh/py39/lib/python3.9/site-packages/airflow/example_dags/example_trigger_controller_dag.py
[2023-08-14T11:10:50.614+0200] {logging_mixin.py:150} INFO - [2023-08-14T11:10:50.613+0200] {dag.py:2742} INFO - Sync 1 DAGs
[2023-08-14T11:10:50.628+0200] {logging_mixin.py:150} INFO - [2023-08-14T11:10:50.627+0200] {dag.py:3504} INFO - Setting next_dagrun for example_trigger_controller_dag to 2021-01-01T00:00:00+00:00, run_after=2021-01-01T00:00:00+00:00
[2023-08-14T11:10:50.655+0200] {processor.py:179} INFO - Processing /home/akhilesh/py39/lib/python3.9/site-packages/airflow/example_dags/example_trigger_controller_dag.py took 0.088 seconds
[2023-08-14T11:11:54.097+0200] {processor.py:157} INFO - Started process (PID=464009) to work on /home/akhilesh/py39/lib/python3.9/site-packages/airflow/example_dags/example_trigger_controller_dag.py
[2023-08-14T11:11:54.106+0200] {processor.py:826} INFO - Processing file /home/akhilesh/py39/lib/python3.9/site-packages/airflow/example_dags/example_trigger_controller_dag.py for tasks to queue
[2023-08-14T11:11:54.107+0200] {logging_mixin.py:150} INFO - [2023-08-14T11:11:54.106+0200] {dagbag.py:541} INFO - Filling up the DagBag from /home/akhilesh/py39/lib/python3.9/site-packages/airflow/example_dags/example_trigger_controller_dag.py
[2023-08-14T11:11:54.114+0200] {processor.py:836} INFO - DAG(s) dict_keys(['example_trigger_controller_dag']) retrieved from /home/akhilesh/py39/lib/python3.9/site-packages/airflow/example_dags/example_trigger_controller_dag.py
[2023-08-14T11:11:54.130+0200] {logging_mixin.py:150} INFO - [2023-08-14T11:11:54.130+0200] {dag.py:2742} INFO - Sync 1 DAGs
[2023-08-14T11:11:54.143+0200] {logging_mixin.py:150} INFO - [2023-08-14T11:11:54.143+0200] {dag.py:3504} INFO - Setting next_dagrun for example_trigger_controller_dag to 2021-01-01T00:00:00+00:00, run_after=2021-01-01T00:00:00+00:00
[2023-08-14T11:11:54.167+0200] {processor.py:179} INFO - Processing /home/akhilesh/py39/lib/python3.9/site-packages/airflow/example_dags/example_trigger_controller_dag.py took 0.074 seconds
[2023-08-14T11:12:38.824+0200] {processor.py:157} INFO - Started process (PID=464158) to work on /home/akhilesh/py39/lib/python3.9/site-packages/airflow/example_dags/example_trigger_controller_dag.py
[2023-08-14T11:12:38.833+0200] {processor.py:826} INFO - Processing file /home/akhilesh/py39/lib/python3.9/site-packages/airflow/example_dags/example_trigger_controller_dag.py for tasks to queue
[2023-08-14T11:12:38.834+0200] {logging_mixin.py:150} INFO - [2023-08-14T11:12:38.834+0200] {dagbag.py:541} INFO - Filling up the DagBag from /home/akhilesh/py39/lib/python3.9/site-packages/airflow/example_dags/example_trigger_controller_dag.py
[2023-08-14T11:12:38.838+0200] {processor.py:836} INFO - DAG(s) dict_keys(['example_trigger_controller_dag']) retrieved from /home/akhilesh/py39/lib/python3.9/site-packages/airflow/example_dags/example_trigger_controller_dag.py
[2023-08-14T11:12:38.853+0200] {logging_mixin.py:150} INFO - [2023-08-14T11:12:38.853+0200] {dag.py:2742} INFO - Sync 1 DAGs
[2023-08-14T11:12:38.868+0200] {logging_mixin.py:150} INFO - [2023-08-14T11:12:38.868+0200] {dag.py:3504} INFO - Setting next_dagrun for example_trigger_controller_dag to 2021-01-01T00:00:00+00:00, run_after=2021-01-01T00:00:00+00:00
[2023-08-14T11:12:38.894+0200] {processor.py:179} INFO - Processing /home/akhilesh/py39/lib/python3.9/site-packages/airflow/example_dags/example_trigger_controller_dag.py took 0.075 seconds
[2023-08-14T11:13:41.985+0200] {processor.py:157} INFO - Started process (PID=464519) to work on /home/akhilesh/py39/lib/python3.9/site-packages/airflow/example_dags/example_trigger_controller_dag.py
[2023-08-14T11:13:41.986+0200] {processor.py:826} INFO - Processing file /home/akhilesh/py39/lib/python3.9/site-packages/airflow/example_dags/example_trigger_controller_dag.py for tasks to queue
[2023-08-14T11:13:41.988+0200] {logging_mixin.py:150} INFO - [2023-08-14T11:13:41.987+0200] {dagbag.py:541} INFO - Filling up the DagBag from /home/akhilesh/py39/lib/python3.9/site-packages/airflow/example_dags/example_trigger_controller_dag.py
[2023-08-14T11:13:41.993+0200] {processor.py:836} INFO - DAG(s) dict_keys(['example_trigger_controller_dag']) retrieved from /home/akhilesh/py39/lib/python3.9/site-packages/airflow/example_dags/example_trigger_controller_dag.py
[2023-08-14T11:13:42.008+0200] {logging_mixin.py:150} INFO - [2023-08-14T11:13:42.008+0200] {dag.py:2742} INFO - Sync 1 DAGs
[2023-08-14T11:13:42.029+0200] {logging_mixin.py:150} INFO - [2023-08-14T11:13:42.029+0200] {dag.py:3504} INFO - Setting next_dagrun for example_trigger_controller_dag to 2021-01-01T00:00:00+00:00, run_after=2021-01-01T00:00:00+00:00
[2023-08-14T11:13:42.055+0200] {processor.py:179} INFO - Processing /home/akhilesh/py39/lib/python3.9/site-packages/airflow/example_dags/example_trigger_controller_dag.py took 0.074 seconds
[2023-08-14T11:15:18.227+0200] {processor.py:157} INFO - Started process (PID=464841) to work on /home/akhilesh/py39/lib/python3.9/site-packages/airflow/example_dags/example_trigger_controller_dag.py
[2023-08-14T11:15:18.236+0200] {processor.py:826} INFO - Processing file /home/akhilesh/py39/lib/python3.9/site-packages/airflow/example_dags/example_trigger_controller_dag.py for tasks to queue
[2023-08-14T11:15:18.237+0200] {logging_mixin.py:150} INFO - [2023-08-14T11:15:18.237+0200] {dagbag.py:541} INFO - Filling up the DagBag from /home/akhilesh/py39/lib/python3.9/site-packages/airflow/example_dags/example_trigger_controller_dag.py
[2023-08-14T11:15:18.243+0200] {processor.py:836} INFO - DAG(s) dict_keys(['example_trigger_controller_dag']) retrieved from /home/akhilesh/py39/lib/python3.9/site-packages/airflow/example_dags/example_trigger_controller_dag.py
[2023-08-14T11:15:18.264+0200] {logging_mixin.py:150} INFO - [2023-08-14T11:15:18.263+0200] {dag.py:2742} INFO - Sync 1 DAGs
[2023-08-14T11:15:18.280+0200] {logging_mixin.py:150} INFO - [2023-08-14T11:15:18.280+0200] {dag.py:3504} INFO - Setting next_dagrun for example_trigger_controller_dag to 2021-01-01T00:00:00+00:00, run_after=2021-01-01T00:00:00+00:00
[2023-08-14T11:15:18.307+0200] {processor.py:179} INFO - Processing /home/akhilesh/py39/lib/python3.9/site-packages/airflow/example_dags/example_trigger_controller_dag.py took 0.084 seconds
[2023-08-14T11:16:05.906+0200] {processor.py:157} INFO - Started process (PID=465010) to work on /home/akhilesh/py39/lib/python3.9/site-packages/airflow/example_dags/example_trigger_controller_dag.py
[2023-08-14T11:16:05.915+0200] {processor.py:826} INFO - Processing file /home/akhilesh/py39/lib/python3.9/site-packages/airflow/example_dags/example_trigger_controller_dag.py for tasks to queue
[2023-08-14T11:16:05.916+0200] {logging_mixin.py:150} INFO - [2023-08-14T11:16:05.916+0200] {dagbag.py:541} INFO - Filling up the DagBag from /home/akhilesh/py39/lib/python3.9/site-packages/airflow/example_dags/example_trigger_controller_dag.py
[2023-08-14T11:16:05.921+0200] {processor.py:836} INFO - DAG(s) dict_keys(['example_trigger_controller_dag']) retrieved from /home/akhilesh/py39/lib/python3.9/site-packages/airflow/example_dags/example_trigger_controller_dag.py
[2023-08-14T11:16:05.938+0200] {logging_mixin.py:150} INFO - [2023-08-14T11:16:05.938+0200] {dag.py:2742} INFO - Sync 1 DAGs
[2023-08-14T11:16:05.951+0200] {logging_mixin.py:150} INFO - [2023-08-14T11:16:05.950+0200] {dag.py:3504} INFO - Setting next_dagrun for example_trigger_controller_dag to 2021-01-01T00:00:00+00:00, run_after=2021-01-01T00:00:00+00:00
[2023-08-14T11:16:05.976+0200] {processor.py:179} INFO - Processing /home/akhilesh/py39/lib/python3.9/site-packages/airflow/example_dags/example_trigger_controller_dag.py took 0.074 seconds
[2023-08-14T11:16:55.196+0200] {processor.py:157} INFO - Started process (PID=465142) to work on /home/akhilesh/py39/lib/python3.9/site-packages/airflow/example_dags/example_trigger_controller_dag.py
[2023-08-14T11:16:55.198+0200] {processor.py:826} INFO - Processing file /home/akhilesh/py39/lib/python3.9/site-packages/airflow/example_dags/example_trigger_controller_dag.py for tasks to queue
[2023-08-14T11:16:55.199+0200] {logging_mixin.py:150} INFO - [2023-08-14T11:16:55.199+0200] {dagbag.py:541} INFO - Filling up the DagBag from /home/akhilesh/py39/lib/python3.9/site-packages/airflow/example_dags/example_trigger_controller_dag.py
[2023-08-14T11:16:55.204+0200] {processor.py:836} INFO - DAG(s) dict_keys(['example_trigger_controller_dag']) retrieved from /home/akhilesh/py39/lib/python3.9/site-packages/airflow/example_dags/example_trigger_controller_dag.py
[2023-08-14T11:16:55.221+0200] {logging_mixin.py:150} INFO - [2023-08-14T11:16:55.220+0200] {dag.py:2742} INFO - Sync 1 DAGs
[2023-08-14T11:16:55.234+0200] {logging_mixin.py:150} INFO - [2023-08-14T11:16:55.234+0200] {dag.py:3504} INFO - Setting next_dagrun for example_trigger_controller_dag to 2021-01-01T00:00:00+00:00, run_after=2021-01-01T00:00:00+00:00
[2023-08-14T11:16:55.259+0200] {processor.py:179} INFO - Processing /home/akhilesh/py39/lib/python3.9/site-packages/airflow/example_dags/example_trigger_controller_dag.py took 0.066 seconds
[2023-08-14T11:17:47.584+0200] {processor.py:157} INFO - Started process (PID=465275) to work on /home/akhilesh/py39/lib/python3.9/site-packages/airflow/example_dags/example_trigger_controller_dag.py
[2023-08-14T11:17:47.593+0200] {processor.py:826} INFO - Processing file /home/akhilesh/py39/lib/python3.9/site-packages/airflow/example_dags/example_trigger_controller_dag.py for tasks to queue
[2023-08-14T11:17:47.595+0200] {logging_mixin.py:150} INFO - [2023-08-14T11:17:47.594+0200] {dagbag.py:541} INFO - Filling up the DagBag from /home/akhilesh/py39/lib/python3.9/site-packages/airflow/example_dags/example_trigger_controller_dag.py
[2023-08-14T11:17:47.600+0200] {processor.py:836} INFO - DAG(s) dict_keys(['example_trigger_controller_dag']) retrieved from /home/akhilesh/py39/lib/python3.9/site-packages/airflow/example_dags/example_trigger_controller_dag.py
[2023-08-14T11:17:47.617+0200] {logging_mixin.py:150} INFO - [2023-08-14T11:17:47.617+0200] {dag.py:2742} INFO - Sync 1 DAGs
[2023-08-14T11:17:47.635+0200] {logging_mixin.py:150} INFO - [2023-08-14T11:17:47.635+0200] {dag.py:3504} INFO - Setting next_dagrun for example_trigger_controller_dag to 2021-01-01T00:00:00+00:00, run_after=2021-01-01T00:00:00+00:00
[2023-08-14T11:17:47.664+0200] {processor.py:179} INFO - Processing /home/akhilesh/py39/lib/python3.9/site-packages/airflow/example_dags/example_trigger_controller_dag.py took 0.083 seconds
[2023-08-14T11:18:40.224+0200] {processor.py:157} INFO - Started process (PID=465511) to work on /home/akhilesh/py39/lib/python3.9/site-packages/airflow/example_dags/example_trigger_controller_dag.py
[2023-08-14T11:18:40.233+0200] {processor.py:826} INFO - Processing file /home/akhilesh/py39/lib/python3.9/site-packages/airflow/example_dags/example_trigger_controller_dag.py for tasks to queue
[2023-08-14T11:18:40.234+0200] {logging_mixin.py:150} INFO - [2023-08-14T11:18:40.234+0200] {dagbag.py:541} INFO - Filling up the DagBag from /home/akhilesh/py39/lib/python3.9/site-packages/airflow/example_dags/example_trigger_controller_dag.py
[2023-08-14T11:18:40.239+0200] {processor.py:836} INFO - DAG(s) dict_keys(['example_trigger_controller_dag']) retrieved from /home/akhilesh/py39/lib/python3.9/site-packages/airflow/example_dags/example_trigger_controller_dag.py
[2023-08-14T11:18:40.259+0200] {logging_mixin.py:150} INFO - [2023-08-14T11:18:40.259+0200] {dag.py:2742} INFO - Sync 1 DAGs
[2023-08-14T11:18:40.271+0200] {logging_mixin.py:150} INFO - [2023-08-14T11:18:40.271+0200] {dag.py:3504} INFO - Setting next_dagrun for example_trigger_controller_dag to 2021-01-01T00:00:00+00:00, run_after=2021-01-01T00:00:00+00:00
[2023-08-14T11:18:40.300+0200] {processor.py:179} INFO - Processing /home/akhilesh/py39/lib/python3.9/site-packages/airflow/example_dags/example_trigger_controller_dag.py took 0.080 seconds
[2023-08-14T11:20:22.611+0200] {processor.py:157} INFO - Started process (PID=465912) to work on /home/akhilesh/py39/lib/python3.9/site-packages/airflow/example_dags/example_trigger_controller_dag.py
[2023-08-14T11:20:22.612+0200] {processor.py:826} INFO - Processing file /home/akhilesh/py39/lib/python3.9/site-packages/airflow/example_dags/example_trigger_controller_dag.py for tasks to queue
[2023-08-14T11:20:22.614+0200] {logging_mixin.py:150} INFO - [2023-08-14T11:20:22.613+0200] {dagbag.py:541} INFO - Filling up the DagBag from /home/akhilesh/py39/lib/python3.9/site-packages/airflow/example_dags/example_trigger_controller_dag.py
[2023-08-14T11:20:22.618+0200] {processor.py:836} INFO - DAG(s) dict_keys(['example_trigger_controller_dag']) retrieved from /home/akhilesh/py39/lib/python3.9/site-packages/airflow/example_dags/example_trigger_controller_dag.py
[2023-08-14T11:20:22.633+0200] {logging_mixin.py:150} INFO - [2023-08-14T11:20:22.633+0200] {dag.py:2742} INFO - Sync 1 DAGs
[2023-08-14T11:20:22.646+0200] {logging_mixin.py:150} INFO - [2023-08-14T11:20:22.646+0200] {dag.py:3504} INFO - Setting next_dagrun for example_trigger_controller_dag to 2021-01-01T00:00:00+00:00, run_after=2021-01-01T00:00:00+00:00
[2023-08-14T11:20:22.684+0200] {processor.py:179} INFO - Processing /home/akhilesh/py39/lib/python3.9/site-packages/airflow/example_dags/example_trigger_controller_dag.py took 0.077 seconds
[2023-08-14T11:21:14.049+0200] {processor.py:157} INFO - Started process (PID=466072) to work on /home/akhilesh/py39/lib/python3.9/site-packages/airflow/example_dags/example_trigger_controller_dag.py
[2023-08-14T11:21:14.058+0200] {processor.py:826} INFO - Processing file /home/akhilesh/py39/lib/python3.9/site-packages/airflow/example_dags/example_trigger_controller_dag.py for tasks to queue
[2023-08-14T11:21:14.059+0200] {logging_mixin.py:150} INFO - [2023-08-14T11:21:14.059+0200] {dagbag.py:541} INFO - Filling up the DagBag from /home/akhilesh/py39/lib/python3.9/site-packages/airflow/example_dags/example_trigger_controller_dag.py
[2023-08-14T11:21:14.064+0200] {processor.py:836} INFO - DAG(s) dict_keys(['example_trigger_controller_dag']) retrieved from /home/akhilesh/py39/lib/python3.9/site-packages/airflow/example_dags/example_trigger_controller_dag.py
[2023-08-14T11:21:14.079+0200] {logging_mixin.py:150} INFO - [2023-08-14T11:21:14.079+0200] {dag.py:2742} INFO - Sync 1 DAGs
[2023-08-14T11:21:14.089+0200] {logging_mixin.py:150} INFO - [2023-08-14T11:21:14.089+0200] {dag.py:3504} INFO - Setting next_dagrun for example_trigger_controller_dag to 2021-01-01T00:00:00+00:00, run_after=2021-01-01T00:00:00+00:00
[2023-08-14T11:21:14.132+0200] {processor.py:179} INFO - Processing /home/akhilesh/py39/lib/python3.9/site-packages/airflow/example_dags/example_trigger_controller_dag.py took 0.086 seconds
[2023-08-14T11:22:02.908+0200] {processor.py:157} INFO - Started process (PID=466232) to work on /home/akhilesh/py39/lib/python3.9/site-packages/airflow/example_dags/example_trigger_controller_dag.py
[2023-08-14T11:22:02.910+0200] {processor.py:826} INFO - Processing file /home/akhilesh/py39/lib/python3.9/site-packages/airflow/example_dags/example_trigger_controller_dag.py for tasks to queue
[2023-08-14T11:22:02.911+0200] {logging_mixin.py:150} INFO - [2023-08-14T11:22:02.911+0200] {dagbag.py:541} INFO - Filling up the DagBag from /home/akhilesh/py39/lib/python3.9/site-packages/airflow/example_dags/example_trigger_controller_dag.py
[2023-08-14T11:22:02.914+0200] {processor.py:836} INFO - DAG(s) dict_keys(['example_trigger_controller_dag']) retrieved from /home/akhilesh/py39/lib/python3.9/site-packages/airflow/example_dags/example_trigger_controller_dag.py
[2023-08-14T11:22:02.930+0200] {logging_mixin.py:150} INFO - [2023-08-14T11:22:02.930+0200] {dag.py:2742} INFO - Sync 1 DAGs
[2023-08-14T11:22:02.944+0200] {logging_mixin.py:150} INFO - [2023-08-14T11:22:02.944+0200] {dag.py:3504} INFO - Setting next_dagrun for example_trigger_controller_dag to 2021-01-01T00:00:00+00:00, run_after=2021-01-01T00:00:00+00:00
[2023-08-14T11:22:02.969+0200] {processor.py:179} INFO - Processing /home/akhilesh/py39/lib/python3.9/site-packages/airflow/example_dags/example_trigger_controller_dag.py took 0.065 seconds
[2023-08-14T11:22:56.183+0200] {processor.py:157} INFO - Started process (PID=466516) to work on /home/akhilesh/py39/lib/python3.9/site-packages/airflow/example_dags/example_trigger_controller_dag.py
[2023-08-14T11:22:56.187+0200] {processor.py:826} INFO - Processing file /home/akhilesh/py39/lib/python3.9/site-packages/airflow/example_dags/example_trigger_controller_dag.py for tasks to queue
[2023-08-14T11:22:56.188+0200] {logging_mixin.py:150} INFO - [2023-08-14T11:22:56.187+0200] {dagbag.py:541} INFO - Filling up the DagBag from /home/akhilesh/py39/lib/python3.9/site-packages/airflow/example_dags/example_trigger_controller_dag.py
[2023-08-14T11:22:56.190+0200] {processor.py:836} INFO - DAG(s) dict_keys(['example_trigger_controller_dag']) retrieved from /home/akhilesh/py39/lib/python3.9/site-packages/airflow/example_dags/example_trigger_controller_dag.py
[2023-08-14T11:22:56.207+0200] {logging_mixin.py:150} INFO - [2023-08-14T11:22:56.207+0200] {dag.py:2742} INFO - Sync 1 DAGs
[2023-08-14T11:22:56.225+0200] {logging_mixin.py:150} INFO - [2023-08-14T11:22:56.224+0200] {dag.py:3504} INFO - Setting next_dagrun for example_trigger_controller_dag to 2021-01-01T00:00:00+00:00, run_after=2021-01-01T00:00:00+00:00
[2023-08-14T11:22:56.255+0200] {processor.py:179} INFO - Processing /home/akhilesh/py39/lib/python3.9/site-packages/airflow/example_dags/example_trigger_controller_dag.py took 0.076 seconds
[2023-08-14T11:23:45.502+0200] {processor.py:157} INFO - Started process (PID=467031) to work on /home/akhilesh/py39/lib/python3.9/site-packages/airflow/example_dags/example_trigger_controller_dag.py
[2023-08-14T11:23:45.511+0200] {processor.py:826} INFO - Processing file /home/akhilesh/py39/lib/python3.9/site-packages/airflow/example_dags/example_trigger_controller_dag.py for tasks to queue
[2023-08-14T11:23:45.512+0200] {logging_mixin.py:150} INFO - [2023-08-14T11:23:45.512+0200] {dagbag.py:541} INFO - Filling up the DagBag from /home/akhilesh/py39/lib/python3.9/site-packages/airflow/example_dags/example_trigger_controller_dag.py
[2023-08-14T11:23:45.518+0200] {processor.py:836} INFO - DAG(s) dict_keys(['example_trigger_controller_dag']) retrieved from /home/akhilesh/py39/lib/python3.9/site-packages/airflow/example_dags/example_trigger_controller_dag.py
[2023-08-14T11:23:45.535+0200] {logging_mixin.py:150} INFO - [2023-08-14T11:23:45.535+0200] {dag.py:2742} INFO - Sync 1 DAGs
[2023-08-14T11:23:45.548+0200] {logging_mixin.py:150} INFO - [2023-08-14T11:23:45.548+0200] {dag.py:3504} INFO - Setting next_dagrun for example_trigger_controller_dag to 2021-01-01T00:00:00+00:00, run_after=2021-01-01T00:00:00+00:00
[2023-08-14T11:23:45.575+0200] {processor.py:179} INFO - Processing /home/akhilesh/py39/lib/python3.9/site-packages/airflow/example_dags/example_trigger_controller_dag.py took 0.078 seconds
[2023-08-14T11:24:35.552+0200] {processor.py:157} INFO - Started process (PID=467225) to work on /home/akhilesh/py39/lib/python3.9/site-packages/airflow/example_dags/example_trigger_controller_dag.py
[2023-08-14T11:24:35.561+0200] {processor.py:826} INFO - Processing file /home/akhilesh/py39/lib/python3.9/site-packages/airflow/example_dags/example_trigger_controller_dag.py for tasks to queue
[2023-08-14T11:24:35.563+0200] {logging_mixin.py:150} INFO - [2023-08-14T11:24:35.562+0200] {dagbag.py:541} INFO - Filling up the DagBag from /home/akhilesh/py39/lib/python3.9/site-packages/airflow/example_dags/example_trigger_controller_dag.py
[2023-08-14T11:24:35.570+0200] {processor.py:836} INFO - DAG(s) dict_keys(['example_trigger_controller_dag']) retrieved from /home/akhilesh/py39/lib/python3.9/site-packages/airflow/example_dags/example_trigger_controller_dag.py
[2023-08-14T11:24:35.588+0200] {logging_mixin.py:150} INFO - [2023-08-14T11:24:35.587+0200] {dag.py:2742} INFO - Sync 1 DAGs
[2023-08-14T11:24:35.602+0200] {logging_mixin.py:150} INFO - [2023-08-14T11:24:35.601+0200] {dag.py:3504} INFO - Setting next_dagrun for example_trigger_controller_dag to 2021-01-01T00:00:00+00:00, run_after=2021-01-01T00:00:00+00:00
[2023-08-14T11:24:35.627+0200] {processor.py:179} INFO - Processing /home/akhilesh/py39/lib/python3.9/site-packages/airflow/example_dags/example_trigger_controller_dag.py took 0.080 seconds
[2023-08-14T11:25:24.295+0200] {processor.py:157} INFO - Started process (PID=467645) to work on /home/akhilesh/py39/lib/python3.9/site-packages/airflow/example_dags/example_trigger_controller_dag.py
[2023-08-14T11:25:24.304+0200] {processor.py:826} INFO - Processing file /home/akhilesh/py39/lib/python3.9/site-packages/airflow/example_dags/example_trigger_controller_dag.py for tasks to queue
[2023-08-14T11:25:24.306+0200] {logging_mixin.py:150} INFO - [2023-08-14T11:25:24.305+0200] {dagbag.py:541} INFO - Filling up the DagBag from /home/akhilesh/py39/lib/python3.9/site-packages/airflow/example_dags/example_trigger_controller_dag.py
[2023-08-14T11:25:24.312+0200] {processor.py:836} INFO - DAG(s) dict_keys(['example_trigger_controller_dag']) retrieved from /home/akhilesh/py39/lib/python3.9/site-packages/airflow/example_dags/example_trigger_controller_dag.py
[2023-08-14T11:25:24.327+0200] {logging_mixin.py:150} INFO - [2023-08-14T11:25:24.327+0200] {dag.py:2742} INFO - Sync 1 DAGs
[2023-08-14T11:25:24.339+0200] {logging_mixin.py:150} INFO - [2023-08-14T11:25:24.339+0200] {dag.py:3504} INFO - Setting next_dagrun for example_trigger_controller_dag to 2021-01-01T00:00:00+00:00, run_after=2021-01-01T00:00:00+00:00
[2023-08-14T11:25:24.370+0200] {processor.py:179} INFO - Processing /home/akhilesh/py39/lib/python3.9/site-packages/airflow/example_dags/example_trigger_controller_dag.py took 0.079 seconds
