[2023-08-14T10:21:55.250+0200] {processor.py:157} INFO - Started process (PID=452858) to work on /home/akhilesh/py39/lib/python3.9/site-packages/airflow/example_dags/example_sensors.py
[2023-08-14T10:21:55.251+0200] {processor.py:826} INFO - Processing file /home/akhilesh/py39/lib/python3.9/site-packages/airflow/example_dags/example_sensors.py for tasks to queue
[2023-08-14T10:21:55.252+0200] {logging_mixin.py:150} INFO - [2023-08-14T10:21:55.251+0200] {dagbag.py:541} INFO - Filling up the DagBag from /home/akhilesh/py39/lib/python3.9/site-packages/airflow/example_dags/example_sensors.py
[2023-08-14T10:21:55.262+0200] {processor.py:836} INFO - DAG(s) dict_keys(['example_sensors']) retrieved from /home/akhilesh/py39/lib/python3.9/site-packages/airflow/example_dags/example_sensors.py
[2023-08-14T10:21:55.290+0200] {logging_mixin.py:150} INFO - [2023-08-14T10:21:55.290+0200] {dag.py:2742} INFO - Sync 1 DAGs
[2023-08-14T10:21:55.420+0200] {logging_mixin.py:150} INFO - [2023-08-14T10:21:55.420+0200] {dag.py:3504} INFO - Setting next_dagrun for example_sensors to None, run_after=None
[2023-08-14T10:21:55.453+0200] {processor.py:179} INFO - Processing /home/akhilesh/py39/lib/python3.9/site-packages/airflow/example_dags/example_sensors.py took 0.208 seconds
[2023-08-14T10:22:56.136+0200] {processor.py:157} INFO - Started process (PID=453523) to work on /home/akhilesh/py39/lib/python3.9/site-packages/airflow/example_dags/example_sensors.py
[2023-08-14T10:22:56.137+0200] {processor.py:826} INFO - Processing file /home/akhilesh/py39/lib/python3.9/site-packages/airflow/example_dags/example_sensors.py for tasks to queue
[2023-08-14T10:22:56.138+0200] {logging_mixin.py:150} INFO - [2023-08-14T10:22:56.137+0200] {dagbag.py:541} INFO - Filling up the DagBag from /home/akhilesh/py39/lib/python3.9/site-packages/airflow/example_dags/example_sensors.py
[2023-08-14T10:22:56.145+0200] {processor.py:836} INFO - DAG(s) dict_keys(['example_sensors']) retrieved from /home/akhilesh/py39/lib/python3.9/site-packages/airflow/example_dags/example_sensors.py
[2023-08-14T10:22:56.162+0200] {logging_mixin.py:150} INFO - [2023-08-14T10:22:56.161+0200] {dag.py:2742} INFO - Sync 1 DAGs
[2023-08-14T10:22:56.177+0200] {logging_mixin.py:150} INFO - [2023-08-14T10:22:56.177+0200] {dag.py:3504} INFO - Setting next_dagrun for example_sensors to None, run_after=None
[2023-08-14T10:22:56.207+0200] {processor.py:179} INFO - Processing /home/akhilesh/py39/lib/python3.9/site-packages/airflow/example_dags/example_sensors.py took 0.075 seconds
[2023-08-14T10:23:55.707+0200] {processor.py:157} INFO - Started process (PID=453801) to work on /home/akhilesh/py39/lib/python3.9/site-packages/airflow/example_dags/example_sensors.py
[2023-08-14T10:23:55.716+0200] {processor.py:826} INFO - Processing file /home/akhilesh/py39/lib/python3.9/site-packages/airflow/example_dags/example_sensors.py for tasks to queue
[2023-08-14T10:23:55.718+0200] {logging_mixin.py:150} INFO - [2023-08-14T10:23:55.717+0200] {dagbag.py:541} INFO - Filling up the DagBag from /home/akhilesh/py39/lib/python3.9/site-packages/airflow/example_dags/example_sensors.py
[2023-08-14T10:23:55.728+0200] {processor.py:836} INFO - DAG(s) dict_keys(['example_sensors']) retrieved from /home/akhilesh/py39/lib/python3.9/site-packages/airflow/example_dags/example_sensors.py
[2023-08-14T10:23:55.747+0200] {logging_mixin.py:150} INFO - [2023-08-14T10:23:55.746+0200] {dag.py:2742} INFO - Sync 1 DAGs
[2023-08-14T10:23:55.762+0200] {logging_mixin.py:150} INFO - [2023-08-14T10:23:55.761+0200] {dag.py:3504} INFO - Setting next_dagrun for example_sensors to None, run_after=None
[2023-08-14T10:23:55.784+0200] {processor.py:179} INFO - Processing /home/akhilesh/py39/lib/python3.9/site-packages/airflow/example_dags/example_sensors.py took 0.081 seconds
[2023-08-14T10:24:58.537+0200] {processor.py:157} INFO - Started process (PID=454028) to work on /home/akhilesh/py39/lib/python3.9/site-packages/airflow/example_dags/example_sensors.py
[2023-08-14T10:24:58.546+0200] {processor.py:826} INFO - Processing file /home/akhilesh/py39/lib/python3.9/site-packages/airflow/example_dags/example_sensors.py for tasks to queue
[2023-08-14T10:24:58.548+0200] {logging_mixin.py:150} INFO - [2023-08-14T10:24:58.547+0200] {dagbag.py:541} INFO - Filling up the DagBag from /home/akhilesh/py39/lib/python3.9/site-packages/airflow/example_dags/example_sensors.py
[2023-08-14T10:24:58.558+0200] {processor.py:836} INFO - DAG(s) dict_keys(['example_sensors']) retrieved from /home/akhilesh/py39/lib/python3.9/site-packages/airflow/example_dags/example_sensors.py
[2023-08-14T10:24:58.577+0200] {logging_mixin.py:150} INFO - [2023-08-14T10:24:58.576+0200] {dag.py:2742} INFO - Sync 1 DAGs
[2023-08-14T10:24:58.759+0200] {logging_mixin.py:150} INFO - [2023-08-14T10:24:58.759+0200] {dag.py:3504} INFO - Setting next_dagrun for example_sensors to None, run_after=None
[2023-08-14T10:24:58.789+0200] {processor.py:179} INFO - Processing /home/akhilesh/py39/lib/python3.9/site-packages/airflow/example_dags/example_sensors.py took 0.256 seconds
[2023-08-14T10:26:10.119+0200] {processor.py:157} INFO - Started process (PID=454235) to work on /home/akhilesh/py39/lib/python3.9/site-packages/airflow/example_dags/example_sensors.py
[2023-08-14T10:26:10.120+0200] {processor.py:826} INFO - Processing file /home/akhilesh/py39/lib/python3.9/site-packages/airflow/example_dags/example_sensors.py for tasks to queue
[2023-08-14T10:26:10.122+0200] {logging_mixin.py:150} INFO - [2023-08-14T10:26:10.121+0200] {dagbag.py:541} INFO - Filling up the DagBag from /home/akhilesh/py39/lib/python3.9/site-packages/airflow/example_dags/example_sensors.py
[2023-08-14T10:26:10.132+0200] {processor.py:836} INFO - DAG(s) dict_keys(['example_sensors']) retrieved from /home/akhilesh/py39/lib/python3.9/site-packages/airflow/example_dags/example_sensors.py
[2023-08-14T10:26:10.149+0200] {logging_mixin.py:150} INFO - [2023-08-14T10:26:10.149+0200] {dag.py:2742} INFO - Sync 1 DAGs
[2023-08-14T10:26:10.164+0200] {logging_mixin.py:150} INFO - [2023-08-14T10:26:10.164+0200] {dag.py:3504} INFO - Setting next_dagrun for example_sensors to None, run_after=None
[2023-08-14T10:26:10.348+0200] {processor.py:179} INFO - Processing /home/akhilesh/py39/lib/python3.9/site-packages/airflow/example_dags/example_sensors.py took 0.233 seconds
[2023-08-14T10:27:10.095+0200] {processor.py:157} INFO - Started process (PID=454579) to work on /home/akhilesh/py39/lib/python3.9/site-packages/airflow/example_dags/example_sensors.py
[2023-08-14T10:27:10.096+0200] {processor.py:826} INFO - Processing file /home/akhilesh/py39/lib/python3.9/site-packages/airflow/example_dags/example_sensors.py for tasks to queue
[2023-08-14T10:27:10.098+0200] {logging_mixin.py:150} INFO - [2023-08-14T10:27:10.097+0200] {dagbag.py:541} INFO - Filling up the DagBag from /home/akhilesh/py39/lib/python3.9/site-packages/airflow/example_dags/example_sensors.py
[2023-08-14T10:27:10.104+0200] {processor.py:836} INFO - DAG(s) dict_keys(['example_sensors']) retrieved from /home/akhilesh/py39/lib/python3.9/site-packages/airflow/example_dags/example_sensors.py
[2023-08-14T10:27:10.118+0200] {logging_mixin.py:150} INFO - [2023-08-14T10:27:10.118+0200] {dag.py:2742} INFO - Sync 1 DAGs
[2023-08-14T10:27:10.130+0200] {logging_mixin.py:150} INFO - [2023-08-14T10:27:10.130+0200] {dag.py:3504} INFO - Setting next_dagrun for example_sensors to None, run_after=None
[2023-08-14T10:27:10.157+0200] {processor.py:179} INFO - Processing /home/akhilesh/py39/lib/python3.9/site-packages/airflow/example_dags/example_sensors.py took 0.065 seconds
[2023-08-14T10:28:06.758+0200] {processor.py:157} INFO - Started process (PID=454919) to work on /home/akhilesh/py39/lib/python3.9/site-packages/airflow/example_dags/example_sensors.py
[2023-08-14T10:28:06.767+0200] {processor.py:826} INFO - Processing file /home/akhilesh/py39/lib/python3.9/site-packages/airflow/example_dags/example_sensors.py for tasks to queue
[2023-08-14T10:28:06.768+0200] {logging_mixin.py:150} INFO - [2023-08-14T10:28:06.768+0200] {dagbag.py:541} INFO - Filling up the DagBag from /home/akhilesh/py39/lib/python3.9/site-packages/airflow/example_dags/example_sensors.py
[2023-08-14T10:28:06.780+0200] {processor.py:836} INFO - DAG(s) dict_keys(['example_sensors']) retrieved from /home/akhilesh/py39/lib/python3.9/site-packages/airflow/example_dags/example_sensors.py
[2023-08-14T10:28:06.794+0200] {logging_mixin.py:150} INFO - [2023-08-14T10:28:06.794+0200] {dag.py:2742} INFO - Sync 1 DAGs
[2023-08-14T10:28:06.885+0200] {logging_mixin.py:150} INFO - [2023-08-14T10:28:06.885+0200] {dag.py:3504} INFO - Setting next_dagrun for example_sensors to None, run_after=None
[2023-08-14T10:28:06.913+0200] {processor.py:179} INFO - Processing /home/akhilesh/py39/lib/python3.9/site-packages/airflow/example_dags/example_sensors.py took 0.158 seconds
[2023-08-14T10:29:09.676+0200] {processor.py:157} INFO - Started process (PID=455151) to work on /home/akhilesh/py39/lib/python3.9/site-packages/airflow/example_dags/example_sensors.py
[2023-08-14T10:29:09.677+0200] {processor.py:826} INFO - Processing file /home/akhilesh/py39/lib/python3.9/site-packages/airflow/example_dags/example_sensors.py for tasks to queue
[2023-08-14T10:29:09.679+0200] {logging_mixin.py:150} INFO - [2023-08-14T10:29:09.678+0200] {dagbag.py:541} INFO - Filling up the DagBag from /home/akhilesh/py39/lib/python3.9/site-packages/airflow/example_dags/example_sensors.py
[2023-08-14T10:29:09.686+0200] {processor.py:836} INFO - DAG(s) dict_keys(['example_sensors']) retrieved from /home/akhilesh/py39/lib/python3.9/site-packages/airflow/example_dags/example_sensors.py
[2023-08-14T10:29:09.704+0200] {logging_mixin.py:150} INFO - [2023-08-14T10:29:09.704+0200] {dag.py:2742} INFO - Sync 1 DAGs
[2023-08-14T10:29:09.719+0200] {logging_mixin.py:150} INFO - [2023-08-14T10:29:09.718+0200] {dag.py:3504} INFO - Setting next_dagrun for example_sensors to None, run_after=None
[2023-08-14T10:29:09.904+0200] {processor.py:179} INFO - Processing /home/akhilesh/py39/lib/python3.9/site-packages/airflow/example_dags/example_sensors.py took 0.233 seconds
[2023-08-14T10:30:24.583+0200] {processor.py:157} INFO - Started process (PID=455337) to work on /home/akhilesh/py39/lib/python3.9/site-packages/airflow/example_dags/example_sensors.py
[2023-08-14T10:30:24.592+0200] {processor.py:826} INFO - Processing file /home/akhilesh/py39/lib/python3.9/site-packages/airflow/example_dags/example_sensors.py for tasks to queue
[2023-08-14T10:30:24.594+0200] {logging_mixin.py:150} INFO - [2023-08-14T10:30:24.593+0200] {dagbag.py:541} INFO - Filling up the DagBag from /home/akhilesh/py39/lib/python3.9/site-packages/airflow/example_dags/example_sensors.py
[2023-08-14T10:30:24.774+0200] {processor.py:836} INFO - DAG(s) dict_keys(['example_sensors']) retrieved from /home/akhilesh/py39/lib/python3.9/site-packages/airflow/example_dags/example_sensors.py
[2023-08-14T10:30:24.789+0200] {logging_mixin.py:150} INFO - [2023-08-14T10:30:24.789+0200] {dag.py:2742} INFO - Sync 1 DAGs
[2023-08-14T10:30:24.803+0200] {logging_mixin.py:150} INFO - [2023-08-14T10:30:24.802+0200] {dag.py:3504} INFO - Setting next_dagrun for example_sensors to None, run_after=None
[2023-08-14T10:30:24.831+0200] {processor.py:179} INFO - Processing /home/akhilesh/py39/lib/python3.9/site-packages/airflow/example_dags/example_sensors.py took 0.253 seconds
[2023-08-14T10:31:22.593+0200] {processor.py:157} INFO - Started process (PID=455509) to work on /home/akhilesh/py39/lib/python3.9/site-packages/airflow/example_dags/example_sensors.py
[2023-08-14T10:31:22.602+0200] {processor.py:826} INFO - Processing file /home/akhilesh/py39/lib/python3.9/site-packages/airflow/example_dags/example_sensors.py for tasks to queue
[2023-08-14T10:31:22.603+0200] {logging_mixin.py:150} INFO - [2023-08-14T10:31:22.603+0200] {dagbag.py:541} INFO - Filling up the DagBag from /home/akhilesh/py39/lib/python3.9/site-packages/airflow/example_dags/example_sensors.py
[2023-08-14T10:31:22.618+0200] {processor.py:836} INFO - DAG(s) dict_keys(['example_sensors']) retrieved from /home/akhilesh/py39/lib/python3.9/site-packages/airflow/example_dags/example_sensors.py
[2023-08-14T10:31:22.640+0200] {logging_mixin.py:150} INFO - [2023-08-14T10:31:22.640+0200] {dag.py:2742} INFO - Sync 1 DAGs
[2023-08-14T10:31:22.658+0200] {logging_mixin.py:150} INFO - [2023-08-14T10:31:22.658+0200] {dag.py:3504} INFO - Setting next_dagrun for example_sensors to None, run_after=None
[2023-08-14T10:31:22.687+0200] {processor.py:179} INFO - Processing /home/akhilesh/py39/lib/python3.9/site-packages/airflow/example_dags/example_sensors.py took 0.098 seconds
[2023-08-14T10:32:11.351+0200] {processor.py:157} INFO - Started process (PID=455726) to work on /home/akhilesh/py39/lib/python3.9/site-packages/airflow/example_dags/example_sensors.py
[2023-08-14T10:32:11.359+0200] {processor.py:826} INFO - Processing file /home/akhilesh/py39/lib/python3.9/site-packages/airflow/example_dags/example_sensors.py for tasks to queue
[2023-08-14T10:32:11.361+0200] {logging_mixin.py:150} INFO - [2023-08-14T10:32:11.360+0200] {dagbag.py:541} INFO - Filling up the DagBag from /home/akhilesh/py39/lib/python3.9/site-packages/airflow/example_dags/example_sensors.py
[2023-08-14T10:32:11.373+0200] {processor.py:836} INFO - DAG(s) dict_keys(['example_sensors']) retrieved from /home/akhilesh/py39/lib/python3.9/site-packages/airflow/example_dags/example_sensors.py
[2023-08-14T10:32:11.390+0200] {logging_mixin.py:150} INFO - [2023-08-14T10:32:11.390+0200] {dag.py:2742} INFO - Sync 1 DAGs
[2023-08-14T10:32:11.406+0200] {logging_mixin.py:150} INFO - [2023-08-14T10:32:11.405+0200] {dag.py:3504} INFO - Setting next_dagrun for example_sensors to None, run_after=None
[2023-08-14T10:32:11.429+0200] {processor.py:179} INFO - Processing /home/akhilesh/py39/lib/python3.9/site-packages/airflow/example_dags/example_sensors.py took 0.082 seconds
[2023-08-14T10:33:00.928+0200] {processor.py:157} INFO - Started process (PID=455939) to work on /home/akhilesh/py39/lib/python3.9/site-packages/airflow/example_dags/example_sensors.py
[2023-08-14T10:33:00.937+0200] {processor.py:826} INFO - Processing file /home/akhilesh/py39/lib/python3.9/site-packages/airflow/example_dags/example_sensors.py for tasks to queue
[2023-08-14T10:33:00.939+0200] {logging_mixin.py:150} INFO - [2023-08-14T10:33:00.938+0200] {dagbag.py:541} INFO - Filling up the DagBag from /home/akhilesh/py39/lib/python3.9/site-packages/airflow/example_dags/example_sensors.py
[2023-08-14T10:33:00.955+0200] {processor.py:836} INFO - DAG(s) dict_keys(['example_sensors']) retrieved from /home/akhilesh/py39/lib/python3.9/site-packages/airflow/example_dags/example_sensors.py
[2023-08-14T10:33:00.994+0200] {logging_mixin.py:150} INFO - [2023-08-14T10:33:00.993+0200] {dag.py:2742} INFO - Sync 1 DAGs
[2023-08-14T10:33:01.025+0200] {logging_mixin.py:150} INFO - [2023-08-14T10:33:01.025+0200] {dag.py:3504} INFO - Setting next_dagrun for example_sensors to None, run_after=None
[2023-08-14T10:33:01.075+0200] {processor.py:179} INFO - Processing /home/akhilesh/py39/lib/python3.9/site-packages/airflow/example_dags/example_sensors.py took 0.153 seconds
[2023-08-14T10:33:55.013+0200] {processor.py:157} INFO - Started process (PID=456073) to work on /home/akhilesh/py39/lib/python3.9/site-packages/airflow/example_dags/example_sensors.py
[2023-08-14T10:33:55.022+0200] {processor.py:826} INFO - Processing file /home/akhilesh/py39/lib/python3.9/site-packages/airflow/example_dags/example_sensors.py for tasks to queue
[2023-08-14T10:33:55.023+0200] {logging_mixin.py:150} INFO - [2023-08-14T10:33:55.023+0200] {dagbag.py:541} INFO - Filling up the DagBag from /home/akhilesh/py39/lib/python3.9/site-packages/airflow/example_dags/example_sensors.py
[2023-08-14T10:33:55.037+0200] {processor.py:836} INFO - DAG(s) dict_keys(['example_sensors']) retrieved from /home/akhilesh/py39/lib/python3.9/site-packages/airflow/example_dags/example_sensors.py
[2023-08-14T10:33:55.057+0200] {logging_mixin.py:150} INFO - [2023-08-14T10:33:55.057+0200] {dag.py:2742} INFO - Sync 1 DAGs
[2023-08-14T10:33:55.076+0200] {logging_mixin.py:150} INFO - [2023-08-14T10:33:55.075+0200] {dag.py:3504} INFO - Setting next_dagrun for example_sensors to None, run_after=None
[2023-08-14T10:33:55.103+0200] {processor.py:179} INFO - Processing /home/akhilesh/py39/lib/python3.9/site-packages/airflow/example_dags/example_sensors.py took 0.096 seconds
[2023-08-14T10:34:49.065+0200] {processor.py:157} INFO - Started process (PID=456203) to work on /home/akhilesh/py39/lib/python3.9/site-packages/airflow/example_dags/example_sensors.py
[2023-08-14T10:34:49.074+0200] {processor.py:826} INFO - Processing file /home/akhilesh/py39/lib/python3.9/site-packages/airflow/example_dags/example_sensors.py for tasks to queue
[2023-08-14T10:34:49.075+0200] {logging_mixin.py:150} INFO - [2023-08-14T10:34:49.075+0200] {dagbag.py:541} INFO - Filling up the DagBag from /home/akhilesh/py39/lib/python3.9/site-packages/airflow/example_dags/example_sensors.py
[2023-08-14T10:34:49.088+0200] {processor.py:836} INFO - DAG(s) dict_keys(['example_sensors']) retrieved from /home/akhilesh/py39/lib/python3.9/site-packages/airflow/example_dags/example_sensors.py
[2023-08-14T10:34:49.105+0200] {logging_mixin.py:150} INFO - [2023-08-14T10:34:49.105+0200] {dag.py:2742} INFO - Sync 1 DAGs
[2023-08-14T10:34:49.120+0200] {logging_mixin.py:150} INFO - [2023-08-14T10:34:49.120+0200] {dag.py:3504} INFO - Setting next_dagrun for example_sensors to None, run_after=None
[2023-08-14T10:34:49.139+0200] {processor.py:179} INFO - Processing /home/akhilesh/py39/lib/python3.9/site-packages/airflow/example_dags/example_sensors.py took 0.078 seconds
[2023-08-14T10:35:41.268+0200] {processor.py:157} INFO - Started process (PID=456360) to work on /home/akhilesh/py39/lib/python3.9/site-packages/airflow/example_dags/example_sensors.py
[2023-08-14T10:35:41.277+0200] {processor.py:826} INFO - Processing file /home/akhilesh/py39/lib/python3.9/site-packages/airflow/example_dags/example_sensors.py for tasks to queue
[2023-08-14T10:35:41.279+0200] {logging_mixin.py:150} INFO - [2023-08-14T10:35:41.278+0200] {dagbag.py:541} INFO - Filling up the DagBag from /home/akhilesh/py39/lib/python3.9/site-packages/airflow/example_dags/example_sensors.py
[2023-08-14T10:35:41.292+0200] {processor.py:836} INFO - DAG(s) dict_keys(['example_sensors']) retrieved from /home/akhilesh/py39/lib/python3.9/site-packages/airflow/example_dags/example_sensors.py
[2023-08-14T10:35:41.311+0200] {logging_mixin.py:150} INFO - [2023-08-14T10:35:41.311+0200] {dag.py:2742} INFO - Sync 1 DAGs
[2023-08-14T10:35:41.328+0200] {logging_mixin.py:150} INFO - [2023-08-14T10:35:41.328+0200] {dag.py:3504} INFO - Setting next_dagrun for example_sensors to None, run_after=None
[2023-08-14T10:35:41.346+0200] {processor.py:179} INFO - Processing /home/akhilesh/py39/lib/python3.9/site-packages/airflow/example_dags/example_sensors.py took 0.082 seconds
[2023-08-14T10:36:32.831+0200] {processor.py:157} INFO - Started process (PID=456509) to work on /home/akhilesh/py39/lib/python3.9/site-packages/airflow/example_dags/example_sensors.py
[2023-08-14T10:36:32.832+0200] {processor.py:826} INFO - Processing file /home/akhilesh/py39/lib/python3.9/site-packages/airflow/example_dags/example_sensors.py for tasks to queue
[2023-08-14T10:36:32.833+0200] {logging_mixin.py:150} INFO - [2023-08-14T10:36:32.833+0200] {dagbag.py:541} INFO - Filling up the DagBag from /home/akhilesh/py39/lib/python3.9/site-packages/airflow/example_dags/example_sensors.py
[2023-08-14T10:36:32.839+0200] {processor.py:836} INFO - DAG(s) dict_keys(['example_sensors']) retrieved from /home/akhilesh/py39/lib/python3.9/site-packages/airflow/example_dags/example_sensors.py
[2023-08-14T10:36:32.853+0200] {logging_mixin.py:150} INFO - [2023-08-14T10:36:32.853+0200] {dag.py:2742} INFO - Sync 1 DAGs
[2023-08-14T10:36:32.866+0200] {logging_mixin.py:150} INFO - [2023-08-14T10:36:32.866+0200] {dag.py:3504} INFO - Setting next_dagrun for example_sensors to None, run_after=None
[2023-08-14T10:36:32.889+0200] {processor.py:179} INFO - Processing /home/akhilesh/py39/lib/python3.9/site-packages/airflow/example_dags/example_sensors.py took 0.062 seconds
[2023-08-14T10:37:21.538+0200] {processor.py:157} INFO - Started process (PID=456636) to work on /home/akhilesh/py39/lib/python3.9/site-packages/airflow/example_dags/example_sensors.py
[2023-08-14T10:37:21.547+0200] {processor.py:826} INFO - Processing file /home/akhilesh/py39/lib/python3.9/site-packages/airflow/example_dags/example_sensors.py for tasks to queue
[2023-08-14T10:37:21.549+0200] {logging_mixin.py:150} INFO - [2023-08-14T10:37:21.548+0200] {dagbag.py:541} INFO - Filling up the DagBag from /home/akhilesh/py39/lib/python3.9/site-packages/airflow/example_dags/example_sensors.py
[2023-08-14T10:37:21.561+0200] {processor.py:836} INFO - DAG(s) dict_keys(['example_sensors']) retrieved from /home/akhilesh/py39/lib/python3.9/site-packages/airflow/example_dags/example_sensors.py
[2023-08-14T10:37:21.580+0200] {logging_mixin.py:150} INFO - [2023-08-14T10:37:21.580+0200] {dag.py:2742} INFO - Sync 1 DAGs
[2023-08-14T10:37:21.592+0200] {logging_mixin.py:150} INFO - [2023-08-14T10:37:21.592+0200] {dag.py:3504} INFO - Setting next_dagrun for example_sensors to None, run_after=None
[2023-08-14T10:37:21.608+0200] {processor.py:179} INFO - Processing /home/akhilesh/py39/lib/python3.9/site-packages/airflow/example_dags/example_sensors.py took 0.073 seconds
[2023-08-14T10:38:11.222+0200] {processor.py:157} INFO - Started process (PID=456759) to work on /home/akhilesh/py39/lib/python3.9/site-packages/airflow/example_dags/example_sensors.py
[2023-08-14T10:38:11.231+0200] {processor.py:826} INFO - Processing file /home/akhilesh/py39/lib/python3.9/site-packages/airflow/example_dags/example_sensors.py for tasks to queue
[2023-08-14T10:38:11.233+0200] {logging_mixin.py:150} INFO - [2023-08-14T10:38:11.232+0200] {dagbag.py:541} INFO - Filling up the DagBag from /home/akhilesh/py39/lib/python3.9/site-packages/airflow/example_dags/example_sensors.py
[2023-08-14T10:38:11.247+0200] {processor.py:836} INFO - DAG(s) dict_keys(['example_sensors']) retrieved from /home/akhilesh/py39/lib/python3.9/site-packages/airflow/example_dags/example_sensors.py
[2023-08-14T10:38:11.265+0200] {logging_mixin.py:150} INFO - [2023-08-14T10:38:11.264+0200] {dag.py:2742} INFO - Sync 1 DAGs
[2023-08-14T10:38:11.280+0200] {logging_mixin.py:150} INFO - [2023-08-14T10:38:11.280+0200] {dag.py:3504} INFO - Setting next_dagrun for example_sensors to None, run_after=None
[2023-08-14T10:38:11.307+0200] {processor.py:179} INFO - Processing /home/akhilesh/py39/lib/python3.9/site-packages/airflow/example_dags/example_sensors.py took 0.088 seconds
[2023-08-14T10:39:02.378+0200] {processor.py:157} INFO - Started process (PID=456890) to work on /home/akhilesh/py39/lib/python3.9/site-packages/airflow/example_dags/example_sensors.py
[2023-08-14T10:39:02.387+0200] {processor.py:826} INFO - Processing file /home/akhilesh/py39/lib/python3.9/site-packages/airflow/example_dags/example_sensors.py for tasks to queue
[2023-08-14T10:39:02.388+0200] {logging_mixin.py:150} INFO - [2023-08-14T10:39:02.388+0200] {dagbag.py:541} INFO - Filling up the DagBag from /home/akhilesh/py39/lib/python3.9/site-packages/airflow/example_dags/example_sensors.py
[2023-08-14T10:39:02.400+0200] {processor.py:836} INFO - DAG(s) dict_keys(['example_sensors']) retrieved from /home/akhilesh/py39/lib/python3.9/site-packages/airflow/example_dags/example_sensors.py
[2023-08-14T10:39:02.417+0200] {logging_mixin.py:150} INFO - [2023-08-14T10:39:02.416+0200] {dag.py:2742} INFO - Sync 1 DAGs
[2023-08-14T10:39:02.429+0200] {logging_mixin.py:150} INFO - [2023-08-14T10:39:02.429+0200] {dag.py:3504} INFO - Setting next_dagrun for example_sensors to None, run_after=None
[2023-08-14T10:39:02.453+0200] {processor.py:179} INFO - Processing /home/akhilesh/py39/lib/python3.9/site-packages/airflow/example_dags/example_sensors.py took 0.078 seconds
[2023-08-14T10:40:12.653+0200] {processor.py:157} INFO - Started process (PID=457363) to work on /home/akhilesh/py39/lib/python3.9/site-packages/airflow/example_dags/example_sensors.py
[2023-08-14T10:40:12.654+0200] {processor.py:826} INFO - Processing file /home/akhilesh/py39/lib/python3.9/site-packages/airflow/example_dags/example_sensors.py for tasks to queue
[2023-08-14T10:40:12.655+0200] {logging_mixin.py:150} INFO - [2023-08-14T10:40:12.655+0200] {dagbag.py:541} INFO - Filling up the DagBag from /home/akhilesh/py39/lib/python3.9/site-packages/airflow/example_dags/example_sensors.py
[2023-08-14T10:40:12.660+0200] {processor.py:836} INFO - DAG(s) dict_keys(['example_sensors']) retrieved from /home/akhilesh/py39/lib/python3.9/site-packages/airflow/example_dags/example_sensors.py
[2023-08-14T10:40:12.674+0200] {logging_mixin.py:150} INFO - [2023-08-14T10:40:12.674+0200] {dag.py:2742} INFO - Sync 1 DAGs
[2023-08-14T10:40:12.686+0200] {logging_mixin.py:150} INFO - [2023-08-14T10:40:12.686+0200] {dag.py:3504} INFO - Setting next_dagrun for example_sensors to None, run_after=None
[2023-08-14T10:40:12.701+0200] {processor.py:179} INFO - Processing /home/akhilesh/py39/lib/python3.9/site-packages/airflow/example_dags/example_sensors.py took 0.052 seconds
[2023-08-14T10:41:54.090+0200] {processor.py:157} INFO - Started process (PID=457647) to work on /home/akhilesh/py39/lib/python3.9/site-packages/airflow/example_dags/example_sensors.py
[2023-08-14T10:41:54.099+0200] {processor.py:826} INFO - Processing file /home/akhilesh/py39/lib/python3.9/site-packages/airflow/example_dags/example_sensors.py for tasks to queue
[2023-08-14T10:41:54.100+0200] {logging_mixin.py:150} INFO - [2023-08-14T10:41:54.100+0200] {dagbag.py:541} INFO - Filling up the DagBag from /home/akhilesh/py39/lib/python3.9/site-packages/airflow/example_dags/example_sensors.py
[2023-08-14T10:41:54.112+0200] {processor.py:836} INFO - DAG(s) dict_keys(['example_sensors']) retrieved from /home/akhilesh/py39/lib/python3.9/site-packages/airflow/example_dags/example_sensors.py
[2023-08-14T10:41:54.130+0200] {logging_mixin.py:150} INFO - [2023-08-14T10:41:54.129+0200] {dag.py:2742} INFO - Sync 1 DAGs
[2023-08-14T10:41:54.141+0200] {logging_mixin.py:150} INFO - [2023-08-14T10:41:54.141+0200] {dag.py:3504} INFO - Setting next_dagrun for example_sensors to None, run_after=None
[2023-08-14T10:41:54.159+0200] {processor.py:179} INFO - Processing /home/akhilesh/py39/lib/python3.9/site-packages/airflow/example_dags/example_sensors.py took 0.073 seconds
[2023-08-14T10:42:41.005+0200] {processor.py:157} INFO - Started process (PID=457829) to work on /home/akhilesh/py39/lib/python3.9/site-packages/airflow/example_dags/example_sensors.py
[2023-08-14T10:42:41.006+0200] {processor.py:826} INFO - Processing file /home/akhilesh/py39/lib/python3.9/site-packages/airflow/example_dags/example_sensors.py for tasks to queue
[2023-08-14T10:42:41.007+0200] {logging_mixin.py:150} INFO - [2023-08-14T10:42:41.007+0200] {dagbag.py:541} INFO - Filling up the DagBag from /home/akhilesh/py39/lib/python3.9/site-packages/airflow/example_dags/example_sensors.py
[2023-08-14T10:42:41.020+0200] {processor.py:836} INFO - DAG(s) dict_keys(['example_sensors']) retrieved from /home/akhilesh/py39/lib/python3.9/site-packages/airflow/example_dags/example_sensors.py
[2023-08-14T10:42:41.040+0200] {logging_mixin.py:150} INFO - [2023-08-14T10:42:41.040+0200] {dag.py:2742} INFO - Sync 1 DAGs
[2023-08-14T10:42:41.054+0200] {logging_mixin.py:150} INFO - [2023-08-14T10:42:41.054+0200] {dag.py:3504} INFO - Setting next_dagrun for example_sensors to None, run_after=None
[2023-08-14T10:42:41.075+0200] {processor.py:179} INFO - Processing /home/akhilesh/py39/lib/python3.9/site-packages/airflow/example_dags/example_sensors.py took 0.073 seconds
[2023-08-14T10:44:45.899+0200] {processor.py:157} INFO - Started process (PID=458342) to work on /home/akhilesh/py39/lib/python3.9/site-packages/airflow/example_dags/example_sensors.py
[2023-08-14T10:44:45.903+0200] {processor.py:826} INFO - Processing file /home/akhilesh/py39/lib/python3.9/site-packages/airflow/example_dags/example_sensors.py for tasks to queue
[2023-08-14T10:44:45.904+0200] {logging_mixin.py:150} INFO - [2023-08-14T10:44:45.904+0200] {dagbag.py:541} INFO - Filling up the DagBag from /home/akhilesh/py39/lib/python3.9/site-packages/airflow/example_dags/example_sensors.py
[2023-08-14T10:44:45.914+0200] {processor.py:836} INFO - DAG(s) dict_keys(['example_sensors']) retrieved from /home/akhilesh/py39/lib/python3.9/site-packages/airflow/example_dags/example_sensors.py
[2023-08-14T10:44:45.930+0200] {logging_mixin.py:150} INFO - [2023-08-14T10:44:45.930+0200] {dag.py:2742} INFO - Sync 1 DAGs
[2023-08-14T10:44:45.942+0200] {logging_mixin.py:150} INFO - [2023-08-14T10:44:45.942+0200] {dag.py:3504} INFO - Setting next_dagrun for example_sensors to None, run_after=None
[2023-08-14T10:44:45.969+0200] {processor.py:179} INFO - Processing /home/akhilesh/py39/lib/python3.9/site-packages/airflow/example_dags/example_sensors.py took 0.073 seconds
[2023-08-14T10:45:33.863+0200] {processor.py:157} INFO - Started process (PID=458512) to work on /home/akhilesh/py39/lib/python3.9/site-packages/airflow/example_dags/example_sensors.py
[2023-08-14T10:45:33.872+0200] {processor.py:826} INFO - Processing file /home/akhilesh/py39/lib/python3.9/site-packages/airflow/example_dags/example_sensors.py for tasks to queue
[2023-08-14T10:45:33.873+0200] {logging_mixin.py:150} INFO - [2023-08-14T10:45:33.872+0200] {dagbag.py:541} INFO - Filling up the DagBag from /home/akhilesh/py39/lib/python3.9/site-packages/airflow/example_dags/example_sensors.py
[2023-08-14T10:45:33.888+0200] {processor.py:836} INFO - DAG(s) dict_keys(['example_sensors']) retrieved from /home/akhilesh/py39/lib/python3.9/site-packages/airflow/example_dags/example_sensors.py
[2023-08-14T10:45:33.916+0200] {logging_mixin.py:150} INFO - [2023-08-14T10:45:33.915+0200] {dag.py:2742} INFO - Sync 1 DAGs
[2023-08-14T10:45:33.935+0200] {logging_mixin.py:150} INFO - [2023-08-14T10:45:33.934+0200] {dag.py:3504} INFO - Setting next_dagrun for example_sensors to None, run_after=None
[2023-08-14T10:45:33.962+0200] {processor.py:179} INFO - Processing /home/akhilesh/py39/lib/python3.9/site-packages/airflow/example_dags/example_sensors.py took 0.104 seconds
[2023-08-14T10:46:21.787+0200] {processor.py:157} INFO - Started process (PID=458809) to work on /home/akhilesh/py39/lib/python3.9/site-packages/airflow/example_dags/example_sensors.py
[2023-08-14T10:46:21.796+0200] {processor.py:826} INFO - Processing file /home/akhilesh/py39/lib/python3.9/site-packages/airflow/example_dags/example_sensors.py for tasks to queue
[2023-08-14T10:46:21.798+0200] {logging_mixin.py:150} INFO - [2023-08-14T10:46:21.797+0200] {dagbag.py:541} INFO - Filling up the DagBag from /home/akhilesh/py39/lib/python3.9/site-packages/airflow/example_dags/example_sensors.py
[2023-08-14T10:46:21.812+0200] {processor.py:836} INFO - DAG(s) dict_keys(['example_sensors']) retrieved from /home/akhilesh/py39/lib/python3.9/site-packages/airflow/example_dags/example_sensors.py
[2023-08-14T10:46:21.832+0200] {logging_mixin.py:150} INFO - [2023-08-14T10:46:21.832+0200] {dag.py:2742} INFO - Sync 1 DAGs
[2023-08-14T10:46:21.851+0200] {logging_mixin.py:150} INFO - [2023-08-14T10:46:21.851+0200] {dag.py:3504} INFO - Setting next_dagrun for example_sensors to None, run_after=None
[2023-08-14T10:46:21.878+0200] {processor.py:179} INFO - Processing /home/akhilesh/py39/lib/python3.9/site-packages/airflow/example_dags/example_sensors.py took 0.095 seconds
[2023-08-14T10:47:14.635+0200] {processor.py:157} INFO - Started process (PID=458967) to work on /home/akhilesh/py39/lib/python3.9/site-packages/airflow/example_dags/example_sensors.py
[2023-08-14T10:47:14.637+0200] {processor.py:826} INFO - Processing file /home/akhilesh/py39/lib/python3.9/site-packages/airflow/example_dags/example_sensors.py for tasks to queue
[2023-08-14T10:47:14.638+0200] {logging_mixin.py:150} INFO - [2023-08-14T10:47:14.638+0200] {dagbag.py:541} INFO - Filling up the DagBag from /home/akhilesh/py39/lib/python3.9/site-packages/airflow/example_dags/example_sensors.py
[2023-08-14T10:47:14.649+0200] {processor.py:836} INFO - DAG(s) dict_keys(['example_sensors']) retrieved from /home/akhilesh/py39/lib/python3.9/site-packages/airflow/example_dags/example_sensors.py
[2023-08-14T10:47:14.665+0200] {logging_mixin.py:150} INFO - [2023-08-14T10:47:14.665+0200] {dag.py:2742} INFO - Sync 1 DAGs
[2023-08-14T10:47:14.678+0200] {logging_mixin.py:150} INFO - [2023-08-14T10:47:14.677+0200] {dag.py:3504} INFO - Setting next_dagrun for example_sensors to None, run_after=None
[2023-08-14T10:47:14.701+0200] {processor.py:179} INFO - Processing /home/akhilesh/py39/lib/python3.9/site-packages/airflow/example_dags/example_sensors.py took 0.069 seconds
[2023-08-14T10:48:08.989+0200] {processor.py:157} INFO - Started process (PID=459174) to work on /home/akhilesh/py39/lib/python3.9/site-packages/airflow/example_dags/example_sensors.py
[2023-08-14T10:48:08.998+0200] {processor.py:826} INFO - Processing file /home/akhilesh/py39/lib/python3.9/site-packages/airflow/example_dags/example_sensors.py for tasks to queue
[2023-08-14T10:48:08.999+0200] {logging_mixin.py:150} INFO - [2023-08-14T10:48:08.999+0200] {dagbag.py:541} INFO - Filling up the DagBag from /home/akhilesh/py39/lib/python3.9/site-packages/airflow/example_dags/example_sensors.py
[2023-08-14T10:48:09.010+0200] {processor.py:836} INFO - DAG(s) dict_keys(['example_sensors']) retrieved from /home/akhilesh/py39/lib/python3.9/site-packages/airflow/example_dags/example_sensors.py
[2023-08-14T10:48:09.029+0200] {logging_mixin.py:150} INFO - [2023-08-14T10:48:09.029+0200] {dag.py:2742} INFO - Sync 1 DAGs
[2023-08-14T10:48:09.040+0200] {logging_mixin.py:150} INFO - [2023-08-14T10:48:09.040+0200] {dag.py:3504} INFO - Setting next_dagrun for example_sensors to None, run_after=None
[2023-08-14T10:48:09.058+0200] {processor.py:179} INFO - Processing /home/akhilesh/py39/lib/python3.9/site-packages/airflow/example_dags/example_sensors.py took 0.072 seconds
[2023-08-14T10:49:05.500+0200] {processor.py:157} INFO - Started process (PID=459338) to work on /home/akhilesh/py39/lib/python3.9/site-packages/airflow/example_dags/example_sensors.py
[2023-08-14T10:49:05.509+0200] {processor.py:826} INFO - Processing file /home/akhilesh/py39/lib/python3.9/site-packages/airflow/example_dags/example_sensors.py for tasks to queue
[2023-08-14T10:49:05.511+0200] {logging_mixin.py:150} INFO - [2023-08-14T10:49:05.510+0200] {dagbag.py:541} INFO - Filling up the DagBag from /home/akhilesh/py39/lib/python3.9/site-packages/airflow/example_dags/example_sensors.py
[2023-08-14T10:49:05.525+0200] {processor.py:836} INFO - DAG(s) dict_keys(['example_sensors']) retrieved from /home/akhilesh/py39/lib/python3.9/site-packages/airflow/example_dags/example_sensors.py
[2023-08-14T10:49:05.543+0200] {logging_mixin.py:150} INFO - [2023-08-14T10:49:05.543+0200] {dag.py:2742} INFO - Sync 1 DAGs
[2023-08-14T10:49:05.560+0200] {logging_mixin.py:150} INFO - [2023-08-14T10:49:05.560+0200] {dag.py:3504} INFO - Setting next_dagrun for example_sensors to None, run_after=None
[2023-08-14T10:49:05.581+0200] {processor.py:179} INFO - Processing /home/akhilesh/py39/lib/python3.9/site-packages/airflow/example_dags/example_sensors.py took 0.086 seconds
[2023-08-14T10:49:55.216+0200] {processor.py:157} INFO - Started process (PID=459495) to work on /home/akhilesh/py39/lib/python3.9/site-packages/airflow/example_dags/example_sensors.py
[2023-08-14T10:49:55.225+0200] {processor.py:826} INFO - Processing file /home/akhilesh/py39/lib/python3.9/site-packages/airflow/example_dags/example_sensors.py for tasks to queue
[2023-08-14T10:49:55.227+0200] {logging_mixin.py:150} INFO - [2023-08-14T10:49:55.226+0200] {dagbag.py:541} INFO - Filling up the DagBag from /home/akhilesh/py39/lib/python3.9/site-packages/airflow/example_dags/example_sensors.py
[2023-08-14T10:49:55.240+0200] {processor.py:836} INFO - DAG(s) dict_keys(['example_sensors']) retrieved from /home/akhilesh/py39/lib/python3.9/site-packages/airflow/example_dags/example_sensors.py
[2023-08-14T10:49:55.259+0200] {logging_mixin.py:150} INFO - [2023-08-14T10:49:55.258+0200] {dag.py:2742} INFO - Sync 1 DAGs
[2023-08-14T10:49:55.277+0200] {logging_mixin.py:150} INFO - [2023-08-14T10:49:55.276+0200] {dag.py:3504} INFO - Setting next_dagrun for example_sensors to None, run_after=None
[2023-08-14T10:49:55.298+0200] {processor.py:179} INFO - Processing /home/akhilesh/py39/lib/python3.9/site-packages/airflow/example_dags/example_sensors.py took 0.086 seconds
[2023-08-14T10:50:45.735+0200] {processor.py:157} INFO - Started process (PID=459723) to work on /home/akhilesh/py39/lib/python3.9/site-packages/airflow/example_dags/example_sensors.py
[2023-08-14T10:50:45.744+0200] {processor.py:826} INFO - Processing file /home/akhilesh/py39/lib/python3.9/site-packages/airflow/example_dags/example_sensors.py for tasks to queue
[2023-08-14T10:50:45.746+0200] {logging_mixin.py:150} INFO - [2023-08-14T10:50:45.745+0200] {dagbag.py:541} INFO - Filling up the DagBag from /home/akhilesh/py39/lib/python3.9/site-packages/airflow/example_dags/example_sensors.py
[2023-08-14T10:50:45.758+0200] {processor.py:836} INFO - DAG(s) dict_keys(['example_sensors']) retrieved from /home/akhilesh/py39/lib/python3.9/site-packages/airflow/example_dags/example_sensors.py
[2023-08-14T10:50:45.777+0200] {logging_mixin.py:150} INFO - [2023-08-14T10:50:45.776+0200] {dag.py:2742} INFO - Sync 1 DAGs
[2023-08-14T10:50:45.789+0200] {logging_mixin.py:150} INFO - [2023-08-14T10:50:45.789+0200] {dag.py:3504} INFO - Setting next_dagrun for example_sensors to None, run_after=None
[2023-08-14T10:50:45.814+0200] {processor.py:179} INFO - Processing /home/akhilesh/py39/lib/python3.9/site-packages/airflow/example_dags/example_sensors.py took 0.083 seconds
[2023-08-14T10:51:37.052+0200] {processor.py:157} INFO - Started process (PID=459853) to work on /home/akhilesh/py39/lib/python3.9/site-packages/airflow/example_dags/example_sensors.py
[2023-08-14T10:51:37.061+0200] {processor.py:826} INFO - Processing file /home/akhilesh/py39/lib/python3.9/site-packages/airflow/example_dags/example_sensors.py for tasks to queue
[2023-08-14T10:51:37.062+0200] {logging_mixin.py:150} INFO - [2023-08-14T10:51:37.061+0200] {dagbag.py:541} INFO - Filling up the DagBag from /home/akhilesh/py39/lib/python3.9/site-packages/airflow/example_dags/example_sensors.py
[2023-08-14T10:51:37.076+0200] {processor.py:836} INFO - DAG(s) dict_keys(['example_sensors']) retrieved from /home/akhilesh/py39/lib/python3.9/site-packages/airflow/example_dags/example_sensors.py
[2023-08-14T10:51:37.096+0200] {logging_mixin.py:150} INFO - [2023-08-14T10:51:37.095+0200] {dag.py:2742} INFO - Sync 1 DAGs
[2023-08-14T10:51:37.109+0200] {logging_mixin.py:150} INFO - [2023-08-14T10:51:37.109+0200] {dag.py:3504} INFO - Setting next_dagrun for example_sensors to None, run_after=None
[2023-08-14T10:51:37.134+0200] {processor.py:179} INFO - Processing /home/akhilesh/py39/lib/python3.9/site-packages/airflow/example_dags/example_sensors.py took 0.087 seconds
[2023-08-14T10:52:25.965+0200] {processor.py:157} INFO - Started process (PID=459960) to work on /home/akhilesh/py39/lib/python3.9/site-packages/airflow/example_dags/example_sensors.py
[2023-08-14T10:52:25.974+0200] {processor.py:826} INFO - Processing file /home/akhilesh/py39/lib/python3.9/site-packages/airflow/example_dags/example_sensors.py for tasks to queue
[2023-08-14T10:52:25.975+0200] {logging_mixin.py:150} INFO - [2023-08-14T10:52:25.974+0200] {dagbag.py:541} INFO - Filling up the DagBag from /home/akhilesh/py39/lib/python3.9/site-packages/airflow/example_dags/example_sensors.py
[2023-08-14T10:52:25.987+0200] {processor.py:836} INFO - DAG(s) dict_keys(['example_sensors']) retrieved from /home/akhilesh/py39/lib/python3.9/site-packages/airflow/example_dags/example_sensors.py
[2023-08-14T10:52:26.016+0200] {logging_mixin.py:150} INFO - [2023-08-14T10:52:26.016+0200] {dag.py:2742} INFO - Sync 1 DAGs
[2023-08-14T10:52:26.039+0200] {logging_mixin.py:150} INFO - [2023-08-14T10:52:26.038+0200] {dag.py:3504} INFO - Setting next_dagrun for example_sensors to None, run_after=None
[2023-08-14T10:52:26.065+0200] {processor.py:179} INFO - Processing /home/akhilesh/py39/lib/python3.9/site-packages/airflow/example_dags/example_sensors.py took 0.104 seconds
[2023-08-14T10:53:16.425+0200] {processor.py:157} INFO - Started process (PID=460167) to work on /home/akhilesh/py39/lib/python3.9/site-packages/airflow/example_dags/example_sensors.py
[2023-08-14T10:53:16.426+0200] {processor.py:826} INFO - Processing file /home/akhilesh/py39/lib/python3.9/site-packages/airflow/example_dags/example_sensors.py for tasks to queue
[2023-08-14T10:53:16.428+0200] {logging_mixin.py:150} INFO - [2023-08-14T10:53:16.427+0200] {dagbag.py:541} INFO - Filling up the DagBag from /home/akhilesh/py39/lib/python3.9/site-packages/airflow/example_dags/example_sensors.py
[2023-08-14T10:53:16.436+0200] {processor.py:836} INFO - DAG(s) dict_keys(['example_sensors']) retrieved from /home/akhilesh/py39/lib/python3.9/site-packages/airflow/example_dags/example_sensors.py
[2023-08-14T10:53:16.455+0200] {logging_mixin.py:150} INFO - [2023-08-14T10:53:16.454+0200] {dag.py:2742} INFO - Sync 1 DAGs
[2023-08-14T10:53:16.469+0200] {logging_mixin.py:150} INFO - [2023-08-14T10:53:16.469+0200] {dag.py:3504} INFO - Setting next_dagrun for example_sensors to None, run_after=None
[2023-08-14T10:53:16.494+0200] {processor.py:179} INFO - Processing /home/akhilesh/py39/lib/python3.9/site-packages/airflow/example_dags/example_sensors.py took 0.073 seconds
[2023-08-14T10:54:09.687+0200] {processor.py:157} INFO - Started process (PID=460358) to work on /home/akhilesh/py39/lib/python3.9/site-packages/airflow/example_dags/example_sensors.py
[2023-08-14T10:54:09.696+0200] {processor.py:826} INFO - Processing file /home/akhilesh/py39/lib/python3.9/site-packages/airflow/example_dags/example_sensors.py for tasks to queue
[2023-08-14T10:54:09.697+0200] {logging_mixin.py:150} INFO - [2023-08-14T10:54:09.697+0200] {dagbag.py:541} INFO - Filling up the DagBag from /home/akhilesh/py39/lib/python3.9/site-packages/airflow/example_dags/example_sensors.py
[2023-08-14T10:54:09.711+0200] {processor.py:836} INFO - DAG(s) dict_keys(['example_sensors']) retrieved from /home/akhilesh/py39/lib/python3.9/site-packages/airflow/example_dags/example_sensors.py
[2023-08-14T10:54:09.741+0200] {logging_mixin.py:150} INFO - [2023-08-14T10:54:09.741+0200] {dag.py:2742} INFO - Sync 1 DAGs
[2023-08-14T10:54:09.754+0200] {logging_mixin.py:150} INFO - [2023-08-14T10:54:09.754+0200] {dag.py:3504} INFO - Setting next_dagrun for example_sensors to None, run_after=None
[2023-08-14T10:54:09.779+0200] {processor.py:179} INFO - Processing /home/akhilesh/py39/lib/python3.9/site-packages/airflow/example_dags/example_sensors.py took 0.097 seconds
[2023-08-14T10:55:01.613+0200] {processor.py:157} INFO - Started process (PID=460530) to work on /home/akhilesh/py39/lib/python3.9/site-packages/airflow/example_dags/example_sensors.py
[2023-08-14T10:55:01.617+0200] {processor.py:826} INFO - Processing file /home/akhilesh/py39/lib/python3.9/site-packages/airflow/example_dags/example_sensors.py for tasks to queue
[2023-08-14T10:55:01.618+0200] {logging_mixin.py:150} INFO - [2023-08-14T10:55:01.618+0200] {dagbag.py:541} INFO - Filling up the DagBag from /home/akhilesh/py39/lib/python3.9/site-packages/airflow/example_dags/example_sensors.py
[2023-08-14T10:55:01.625+0200] {processor.py:836} INFO - DAG(s) dict_keys(['example_sensors']) retrieved from /home/akhilesh/py39/lib/python3.9/site-packages/airflow/example_dags/example_sensors.py
[2023-08-14T10:55:01.646+0200] {logging_mixin.py:150} INFO - [2023-08-14T10:55:01.645+0200] {dag.py:2742} INFO - Sync 1 DAGs
[2023-08-14T10:55:01.658+0200] {logging_mixin.py:150} INFO - [2023-08-14T10:55:01.658+0200] {dag.py:3504} INFO - Setting next_dagrun for example_sensors to None, run_after=None
[2023-08-14T10:55:01.679+0200] {processor.py:179} INFO - Processing /home/akhilesh/py39/lib/python3.9/site-packages/airflow/example_dags/example_sensors.py took 0.070 seconds
[2023-08-14T10:55:50.318+0200] {processor.py:157} INFO - Started process (PID=460673) to work on /home/akhilesh/py39/lib/python3.9/site-packages/airflow/example_dags/example_sensors.py
[2023-08-14T10:55:50.327+0200] {processor.py:826} INFO - Processing file /home/akhilesh/py39/lib/python3.9/site-packages/airflow/example_dags/example_sensors.py for tasks to queue
[2023-08-14T10:55:50.328+0200] {logging_mixin.py:150} INFO - [2023-08-14T10:55:50.328+0200] {dagbag.py:541} INFO - Filling up the DagBag from /home/akhilesh/py39/lib/python3.9/site-packages/airflow/example_dags/example_sensors.py
[2023-08-14T10:55:50.341+0200] {processor.py:836} INFO - DAG(s) dict_keys(['example_sensors']) retrieved from /home/akhilesh/py39/lib/python3.9/site-packages/airflow/example_dags/example_sensors.py
[2023-08-14T10:55:50.357+0200] {logging_mixin.py:150} INFO - [2023-08-14T10:55:50.357+0200] {dag.py:2742} INFO - Sync 1 DAGs
[2023-08-14T10:55:50.369+0200] {logging_mixin.py:150} INFO - [2023-08-14T10:55:50.369+0200] {dag.py:3504} INFO - Setting next_dagrun for example_sensors to None, run_after=None
[2023-08-14T10:55:50.387+0200] {processor.py:179} INFO - Processing /home/akhilesh/py39/lib/python3.9/site-packages/airflow/example_dags/example_sensors.py took 0.073 seconds
[2023-08-14T10:56:37.960+0200] {processor.py:157} INFO - Started process (PID=460856) to work on /home/akhilesh/py39/lib/python3.9/site-packages/airflow/example_dags/example_sensors.py
[2023-08-14T10:56:37.961+0200] {processor.py:826} INFO - Processing file /home/akhilesh/py39/lib/python3.9/site-packages/airflow/example_dags/example_sensors.py for tasks to queue
[2023-08-14T10:56:37.962+0200] {logging_mixin.py:150} INFO - [2023-08-14T10:56:37.961+0200] {dagbag.py:541} INFO - Filling up the DagBag from /home/akhilesh/py39/lib/python3.9/site-packages/airflow/example_dags/example_sensors.py
[2023-08-14T10:56:37.973+0200] {processor.py:836} INFO - DAG(s) dict_keys(['example_sensors']) retrieved from /home/akhilesh/py39/lib/python3.9/site-packages/airflow/example_dags/example_sensors.py
[2023-08-14T10:56:37.992+0200] {logging_mixin.py:150} INFO - [2023-08-14T10:56:37.992+0200] {dag.py:2742} INFO - Sync 1 DAGs
[2023-08-14T10:56:38.008+0200] {logging_mixin.py:150} INFO - [2023-08-14T10:56:38.008+0200] {dag.py:3504} INFO - Setting next_dagrun for example_sensors to None, run_after=None
[2023-08-14T10:56:38.032+0200] {processor.py:179} INFO - Processing /home/akhilesh/py39/lib/python3.9/site-packages/airflow/example_dags/example_sensors.py took 0.076 seconds
[2023-08-14T10:57:28.732+0200] {processor.py:157} INFO - Started process (PID=461011) to work on /home/akhilesh/py39/lib/python3.9/site-packages/airflow/example_dags/example_sensors.py
[2023-08-14T10:57:28.741+0200] {processor.py:826} INFO - Processing file /home/akhilesh/py39/lib/python3.9/site-packages/airflow/example_dags/example_sensors.py for tasks to queue
[2023-08-14T10:57:28.742+0200] {logging_mixin.py:150} INFO - [2023-08-14T10:57:28.742+0200] {dagbag.py:541} INFO - Filling up the DagBag from /home/akhilesh/py39/lib/python3.9/site-packages/airflow/example_dags/example_sensors.py
[2023-08-14T10:57:28.753+0200] {processor.py:836} INFO - DAG(s) dict_keys(['example_sensors']) retrieved from /home/akhilesh/py39/lib/python3.9/site-packages/airflow/example_dags/example_sensors.py
[2023-08-14T10:57:28.770+0200] {logging_mixin.py:150} INFO - [2023-08-14T10:57:28.769+0200] {dag.py:2742} INFO - Sync 1 DAGs
[2023-08-14T10:57:28.784+0200] {logging_mixin.py:150} INFO - [2023-08-14T10:57:28.784+0200] {dag.py:3504} INFO - Setting next_dagrun for example_sensors to None, run_after=None
[2023-08-14T10:57:28.806+0200] {processor.py:179} INFO - Processing /home/akhilesh/py39/lib/python3.9/site-packages/airflow/example_dags/example_sensors.py took 0.078 seconds
[2023-08-14T10:58:12.397+0200] {processor.py:157} INFO - Started process (PID=461239) to work on /home/akhilesh/py39/lib/python3.9/site-packages/airflow/example_dags/example_sensors.py
[2023-08-14T10:58:12.406+0200] {processor.py:826} INFO - Processing file /home/akhilesh/py39/lib/python3.9/site-packages/airflow/example_dags/example_sensors.py for tasks to queue
[2023-08-14T10:58:12.408+0200] {logging_mixin.py:150} INFO - [2023-08-14T10:58:12.407+0200] {dagbag.py:541} INFO - Filling up the DagBag from /home/akhilesh/py39/lib/python3.9/site-packages/airflow/example_dags/example_sensors.py
[2023-08-14T10:58:12.417+0200] {processor.py:836} INFO - DAG(s) dict_keys(['example_sensors']) retrieved from /home/akhilesh/py39/lib/python3.9/site-packages/airflow/example_dags/example_sensors.py
[2023-08-14T10:58:12.431+0200] {logging_mixin.py:150} INFO - [2023-08-14T10:58:12.431+0200] {dag.py:2742} INFO - Sync 1 DAGs
[2023-08-14T10:58:12.441+0200] {logging_mixin.py:150} INFO - [2023-08-14T10:58:12.441+0200] {dag.py:3504} INFO - Setting next_dagrun for example_sensors to None, run_after=None
[2023-08-14T10:58:12.456+0200] {processor.py:179} INFO - Processing /home/akhilesh/py39/lib/python3.9/site-packages/airflow/example_dags/example_sensors.py took 0.063 seconds
[2023-08-14T10:59:01.395+0200] {processor.py:157} INFO - Started process (PID=461398) to work on /home/akhilesh/py39/lib/python3.9/site-packages/airflow/example_dags/example_sensors.py
[2023-08-14T10:59:01.404+0200] {processor.py:826} INFO - Processing file /home/akhilesh/py39/lib/python3.9/site-packages/airflow/example_dags/example_sensors.py for tasks to queue
[2023-08-14T10:59:01.406+0200] {logging_mixin.py:150} INFO - [2023-08-14T10:59:01.405+0200] {dagbag.py:541} INFO - Filling up the DagBag from /home/akhilesh/py39/lib/python3.9/site-packages/airflow/example_dags/example_sensors.py
[2023-08-14T10:59:01.417+0200] {processor.py:836} INFO - DAG(s) dict_keys(['example_sensors']) retrieved from /home/akhilesh/py39/lib/python3.9/site-packages/airflow/example_dags/example_sensors.py
[2023-08-14T10:59:01.434+0200] {logging_mixin.py:150} INFO - [2023-08-14T10:59:01.433+0200] {dag.py:2742} INFO - Sync 1 DAGs
[2023-08-14T10:59:01.446+0200] {logging_mixin.py:150} INFO - [2023-08-14T10:59:01.446+0200] {dag.py:3504} INFO - Setting next_dagrun for example_sensors to None, run_after=None
[2023-08-14T10:59:01.469+0200] {processor.py:179} INFO - Processing /home/akhilesh/py39/lib/python3.9/site-packages/airflow/example_dags/example_sensors.py took 0.077 seconds
[2023-08-14T10:59:49.754+0200] {processor.py:157} INFO - Started process (PID=461583) to work on /home/akhilesh/py39/lib/python3.9/site-packages/airflow/example_dags/example_sensors.py
[2023-08-14T10:59:49.763+0200] {processor.py:826} INFO - Processing file /home/akhilesh/py39/lib/python3.9/site-packages/airflow/example_dags/example_sensors.py for tasks to queue
[2023-08-14T10:59:49.765+0200] {logging_mixin.py:150} INFO - [2023-08-14T10:59:49.764+0200] {dagbag.py:541} INFO - Filling up the DagBag from /home/akhilesh/py39/lib/python3.9/site-packages/airflow/example_dags/example_sensors.py
[2023-08-14T10:59:49.777+0200] {processor.py:836} INFO - DAG(s) dict_keys(['example_sensors']) retrieved from /home/akhilesh/py39/lib/python3.9/site-packages/airflow/example_dags/example_sensors.py
[2023-08-14T10:59:49.794+0200] {logging_mixin.py:150} INFO - [2023-08-14T10:59:49.794+0200] {dag.py:2742} INFO - Sync 1 DAGs
[2023-08-14T10:59:49.812+0200] {logging_mixin.py:150} INFO - [2023-08-14T10:59:49.812+0200] {dag.py:3504} INFO - Setting next_dagrun for example_sensors to None, run_after=None
[2023-08-14T10:59:49.830+0200] {processor.py:179} INFO - Processing /home/akhilesh/py39/lib/python3.9/site-packages/airflow/example_dags/example_sensors.py took 0.080 seconds
[2023-08-14T11:00:38.699+0200] {processor.py:157} INFO - Started process (PID=461701) to work on /home/akhilesh/py39/lib/python3.9/site-packages/airflow/example_dags/example_sensors.py
[2023-08-14T11:00:38.708+0200] {processor.py:826} INFO - Processing file /home/akhilesh/py39/lib/python3.9/site-packages/airflow/example_dags/example_sensors.py for tasks to queue
[2023-08-14T11:00:38.709+0200] {logging_mixin.py:150} INFO - [2023-08-14T11:00:38.709+0200] {dagbag.py:541} INFO - Filling up the DagBag from /home/akhilesh/py39/lib/python3.9/site-packages/airflow/example_dags/example_sensors.py
[2023-08-14T11:00:38.719+0200] {processor.py:836} INFO - DAG(s) dict_keys(['example_sensors']) retrieved from /home/akhilesh/py39/lib/python3.9/site-packages/airflow/example_dags/example_sensors.py
[2023-08-14T11:00:38.734+0200] {logging_mixin.py:150} INFO - [2023-08-14T11:00:38.734+0200] {dag.py:2742} INFO - Sync 1 DAGs
[2023-08-14T11:00:38.746+0200] {logging_mixin.py:150} INFO - [2023-08-14T11:00:38.745+0200] {dag.py:3504} INFO - Setting next_dagrun for example_sensors to None, run_after=None
[2023-08-14T11:00:38.761+0200] {processor.py:179} INFO - Processing /home/akhilesh/py39/lib/python3.9/site-packages/airflow/example_dags/example_sensors.py took 0.065 seconds
[2023-08-14T11:01:33.811+0200] {processor.py:157} INFO - Started process (PID=461907) to work on /home/akhilesh/py39/lib/python3.9/site-packages/airflow/example_dags/example_sensors.py
[2023-08-14T11:01:33.820+0200] {processor.py:826} INFO - Processing file /home/akhilesh/py39/lib/python3.9/site-packages/airflow/example_dags/example_sensors.py for tasks to queue
[2023-08-14T11:01:33.822+0200] {logging_mixin.py:150} INFO - [2023-08-14T11:01:33.821+0200] {dagbag.py:541} INFO - Filling up the DagBag from /home/akhilesh/py39/lib/python3.9/site-packages/airflow/example_dags/example_sensors.py
[2023-08-14T11:01:33.834+0200] {processor.py:836} INFO - DAG(s) dict_keys(['example_sensors']) retrieved from /home/akhilesh/py39/lib/python3.9/site-packages/airflow/example_dags/example_sensors.py
[2023-08-14T11:01:33.850+0200] {logging_mixin.py:150} INFO - [2023-08-14T11:01:33.850+0200] {dag.py:2742} INFO - Sync 1 DAGs
[2023-08-14T11:01:33.863+0200] {logging_mixin.py:150} INFO - [2023-08-14T11:01:33.863+0200] {dag.py:3504} INFO - Setting next_dagrun for example_sensors to None, run_after=None
[2023-08-14T11:01:33.886+0200] {processor.py:179} INFO - Processing /home/akhilesh/py39/lib/python3.9/site-packages/airflow/example_dags/example_sensors.py took 0.079 seconds
[2023-08-14T11:02:28.836+0200] {processor.py:157} INFO - Started process (PID=462063) to work on /home/akhilesh/py39/lib/python3.9/site-packages/airflow/example_dags/example_sensors.py
[2023-08-14T11:02:28.845+0200] {processor.py:826} INFO - Processing file /home/akhilesh/py39/lib/python3.9/site-packages/airflow/example_dags/example_sensors.py for tasks to queue
[2023-08-14T11:02:28.846+0200] {logging_mixin.py:150} INFO - [2023-08-14T11:02:28.846+0200] {dagbag.py:541} INFO - Filling up the DagBag from /home/akhilesh/py39/lib/python3.9/site-packages/airflow/example_dags/example_sensors.py
[2023-08-14T11:02:28.860+0200] {processor.py:836} INFO - DAG(s) dict_keys(['example_sensors']) retrieved from /home/akhilesh/py39/lib/python3.9/site-packages/airflow/example_dags/example_sensors.py
[2023-08-14T11:02:28.877+0200] {logging_mixin.py:150} INFO - [2023-08-14T11:02:28.877+0200] {dag.py:2742} INFO - Sync 1 DAGs
[2023-08-14T11:02:28.890+0200] {logging_mixin.py:150} INFO - [2023-08-14T11:02:28.890+0200] {dag.py:3504} INFO - Setting next_dagrun for example_sensors to None, run_after=None
[2023-08-14T11:02:28.916+0200] {processor.py:179} INFO - Processing /home/akhilesh/py39/lib/python3.9/site-packages/airflow/example_dags/example_sensors.py took 0.084 seconds
[2023-08-14T11:03:20.904+0200] {processor.py:157} INFO - Started process (PID=462248) to work on /home/akhilesh/py39/lib/python3.9/site-packages/airflow/example_dags/example_sensors.py
[2023-08-14T11:03:20.913+0200] {processor.py:826} INFO - Processing file /home/akhilesh/py39/lib/python3.9/site-packages/airflow/example_dags/example_sensors.py for tasks to queue
[2023-08-14T11:03:20.914+0200] {logging_mixin.py:150} INFO - [2023-08-14T11:03:20.913+0200] {dagbag.py:541} INFO - Filling up the DagBag from /home/akhilesh/py39/lib/python3.9/site-packages/airflow/example_dags/example_sensors.py
[2023-08-14T11:03:20.928+0200] {processor.py:836} INFO - DAG(s) dict_keys(['example_sensors']) retrieved from /home/akhilesh/py39/lib/python3.9/site-packages/airflow/example_dags/example_sensors.py
[2023-08-14T11:03:20.947+0200] {logging_mixin.py:150} INFO - [2023-08-14T11:03:20.947+0200] {dag.py:2742} INFO - Sync 1 DAGs
[2023-08-14T11:03:20.961+0200] {logging_mixin.py:150} INFO - [2023-08-14T11:03:20.960+0200] {dag.py:3504} INFO - Setting next_dagrun for example_sensors to None, run_after=None
[2023-08-14T11:03:20.984+0200] {processor.py:179} INFO - Processing /home/akhilesh/py39/lib/python3.9/site-packages/airflow/example_dags/example_sensors.py took 0.084 seconds
[2023-08-14T11:04:11.781+0200] {processor.py:157} INFO - Started process (PID=462374) to work on /home/akhilesh/py39/lib/python3.9/site-packages/airflow/example_dags/example_sensors.py
[2023-08-14T11:04:11.790+0200] {processor.py:826} INFO - Processing file /home/akhilesh/py39/lib/python3.9/site-packages/airflow/example_dags/example_sensors.py for tasks to queue
[2023-08-14T11:04:11.791+0200] {logging_mixin.py:150} INFO - [2023-08-14T11:04:11.791+0200] {dagbag.py:541} INFO - Filling up the DagBag from /home/akhilesh/py39/lib/python3.9/site-packages/airflow/example_dags/example_sensors.py
[2023-08-14T11:04:11.804+0200] {processor.py:836} INFO - DAG(s) dict_keys(['example_sensors']) retrieved from /home/akhilesh/py39/lib/python3.9/site-packages/airflow/example_dags/example_sensors.py
[2023-08-14T11:04:11.822+0200] {logging_mixin.py:150} INFO - [2023-08-14T11:04:11.821+0200] {dag.py:2742} INFO - Sync 1 DAGs
[2023-08-14T11:04:11.835+0200] {logging_mixin.py:150} INFO - [2023-08-14T11:04:11.835+0200] {dag.py:3504} INFO - Setting next_dagrun for example_sensors to None, run_after=None
[2023-08-14T11:04:11.862+0200] {processor.py:179} INFO - Processing /home/akhilesh/py39/lib/python3.9/site-packages/airflow/example_dags/example_sensors.py took 0.085 seconds
[2023-08-14T11:05:02.542+0200] {processor.py:157} INFO - Started process (PID=462505) to work on /home/akhilesh/py39/lib/python3.9/site-packages/airflow/example_dags/example_sensors.py
[2023-08-14T11:05:02.543+0200] {processor.py:826} INFO - Processing file /home/akhilesh/py39/lib/python3.9/site-packages/airflow/example_dags/example_sensors.py for tasks to queue
[2023-08-14T11:05:02.545+0200] {logging_mixin.py:150} INFO - [2023-08-14T11:05:02.544+0200] {dagbag.py:541} INFO - Filling up the DagBag from /home/akhilesh/py39/lib/python3.9/site-packages/airflow/example_dags/example_sensors.py
[2023-08-14T11:05:02.556+0200] {processor.py:836} INFO - DAG(s) dict_keys(['example_sensors']) retrieved from /home/akhilesh/py39/lib/python3.9/site-packages/airflow/example_dags/example_sensors.py
[2023-08-14T11:05:02.575+0200] {logging_mixin.py:150} INFO - [2023-08-14T11:05:02.575+0200] {dag.py:2742} INFO - Sync 1 DAGs
[2023-08-14T11:05:02.589+0200] {logging_mixin.py:150} INFO - [2023-08-14T11:05:02.589+0200] {dag.py:3504} INFO - Setting next_dagrun for example_sensors to None, run_after=None
[2023-08-14T11:05:02.615+0200] {processor.py:179} INFO - Processing /home/akhilesh/py39/lib/python3.9/site-packages/airflow/example_dags/example_sensors.py took 0.076 seconds
[2023-08-14T11:05:56.321+0200] {processor.py:157} INFO - Started process (PID=462642) to work on /home/akhilesh/py39/lib/python3.9/site-packages/airflow/example_dags/example_sensors.py
[2023-08-14T11:05:56.330+0200] {processor.py:826} INFO - Processing file /home/akhilesh/py39/lib/python3.9/site-packages/airflow/example_dags/example_sensors.py for tasks to queue
[2023-08-14T11:05:56.331+0200] {logging_mixin.py:150} INFO - [2023-08-14T11:05:56.331+0200] {dagbag.py:541} INFO - Filling up the DagBag from /home/akhilesh/py39/lib/python3.9/site-packages/airflow/example_dags/example_sensors.py
[2023-08-14T11:05:56.342+0200] {processor.py:836} INFO - DAG(s) dict_keys(['example_sensors']) retrieved from /home/akhilesh/py39/lib/python3.9/site-packages/airflow/example_dags/example_sensors.py
[2023-08-14T11:05:56.358+0200] {logging_mixin.py:150} INFO - [2023-08-14T11:05:56.358+0200] {dag.py:2742} INFO - Sync 1 DAGs
[2023-08-14T11:05:56.371+0200] {logging_mixin.py:150} INFO - [2023-08-14T11:05:56.371+0200] {dag.py:3504} INFO - Setting next_dagrun for example_sensors to None, run_after=None
[2023-08-14T11:05:56.396+0200] {processor.py:179} INFO - Processing /home/akhilesh/py39/lib/python3.9/site-packages/airflow/example_dags/example_sensors.py took 0.080 seconds
[2023-08-14T11:06:43.952+0200] {processor.py:157} INFO - Started process (PID=462828) to work on /home/akhilesh/py39/lib/python3.9/site-packages/airflow/example_dags/example_sensors.py
[2023-08-14T11:06:43.961+0200] {processor.py:826} INFO - Processing file /home/akhilesh/py39/lib/python3.9/site-packages/airflow/example_dags/example_sensors.py for tasks to queue
[2023-08-14T11:06:43.962+0200] {logging_mixin.py:150} INFO - [2023-08-14T11:06:43.962+0200] {dagbag.py:541} INFO - Filling up the DagBag from /home/akhilesh/py39/lib/python3.9/site-packages/airflow/example_dags/example_sensors.py
[2023-08-14T11:06:43.973+0200] {processor.py:836} INFO - DAG(s) dict_keys(['example_sensors']) retrieved from /home/akhilesh/py39/lib/python3.9/site-packages/airflow/example_dags/example_sensors.py
[2023-08-14T11:06:43.987+0200] {logging_mixin.py:150} INFO - [2023-08-14T11:06:43.987+0200] {dag.py:2742} INFO - Sync 1 DAGs
[2023-08-14T11:06:43.999+0200] {logging_mixin.py:150} INFO - [2023-08-14T11:06:43.998+0200] {dag.py:3504} INFO - Setting next_dagrun for example_sensors to None, run_after=None
[2023-08-14T11:06:44.025+0200] {processor.py:179} INFO - Processing /home/akhilesh/py39/lib/python3.9/site-packages/airflow/example_dags/example_sensors.py took 0.077 seconds
[2023-08-14T11:07:37.116+0200] {processor.py:157} INFO - Started process (PID=463030) to work on /home/akhilesh/py39/lib/python3.9/site-packages/airflow/example_dags/example_sensors.py
[2023-08-14T11:07:37.118+0200] {processor.py:826} INFO - Processing file /home/akhilesh/py39/lib/python3.9/site-packages/airflow/example_dags/example_sensors.py for tasks to queue
[2023-08-14T11:07:37.119+0200] {logging_mixin.py:150} INFO - [2023-08-14T11:07:37.119+0200] {dagbag.py:541} INFO - Filling up the DagBag from /home/akhilesh/py39/lib/python3.9/site-packages/airflow/example_dags/example_sensors.py
[2023-08-14T11:07:37.127+0200] {processor.py:836} INFO - DAG(s) dict_keys(['example_sensors']) retrieved from /home/akhilesh/py39/lib/python3.9/site-packages/airflow/example_dags/example_sensors.py
[2023-08-14T11:07:37.144+0200] {logging_mixin.py:150} INFO - [2023-08-14T11:07:37.144+0200] {dag.py:2742} INFO - Sync 1 DAGs
[2023-08-14T11:07:37.154+0200] {logging_mixin.py:150} INFO - [2023-08-14T11:07:37.154+0200] {dag.py:3504} INFO - Setting next_dagrun for example_sensors to None, run_after=None
[2023-08-14T11:07:37.170+0200] {processor.py:179} INFO - Processing /home/akhilesh/py39/lib/python3.9/site-packages/airflow/example_dags/example_sensors.py took 0.058 seconds
[2023-08-14T11:08:27.371+0200] {processor.py:157} INFO - Started process (PID=463190) to work on /home/akhilesh/py39/lib/python3.9/site-packages/airflow/example_dags/example_sensors.py
[2023-08-14T11:08:27.380+0200] {processor.py:826} INFO - Processing file /home/akhilesh/py39/lib/python3.9/site-packages/airflow/example_dags/example_sensors.py for tasks to queue
[2023-08-14T11:08:27.381+0200] {logging_mixin.py:150} INFO - [2023-08-14T11:08:27.381+0200] {dagbag.py:541} INFO - Filling up the DagBag from /home/akhilesh/py39/lib/python3.9/site-packages/airflow/example_dags/example_sensors.py
[2023-08-14T11:08:27.393+0200] {processor.py:836} INFO - DAG(s) dict_keys(['example_sensors']) retrieved from /home/akhilesh/py39/lib/python3.9/site-packages/airflow/example_dags/example_sensors.py
[2023-08-14T11:08:27.411+0200] {logging_mixin.py:150} INFO - [2023-08-14T11:08:27.410+0200] {dag.py:2742} INFO - Sync 1 DAGs
[2023-08-14T11:08:27.426+0200] {logging_mixin.py:150} INFO - [2023-08-14T11:08:27.425+0200] {dag.py:3504} INFO - Setting next_dagrun for example_sensors to None, run_after=None
[2023-08-14T11:08:27.453+0200] {processor.py:179} INFO - Processing /home/akhilesh/py39/lib/python3.9/site-packages/airflow/example_dags/example_sensors.py took 0.087 seconds
[2023-08-14T11:11:11.864+0200] {processor.py:157} INFO - Started process (PID=463719) to work on /home/akhilesh/py39/lib/python3.9/site-packages/airflow/example_dags/example_sensors.py
[2023-08-14T11:11:11.873+0200] {processor.py:826} INFO - Processing file /home/akhilesh/py39/lib/python3.9/site-packages/airflow/example_dags/example_sensors.py for tasks to queue
[2023-08-14T11:11:11.874+0200] {logging_mixin.py:150} INFO - [2023-08-14T11:11:11.873+0200] {dagbag.py:541} INFO - Filling up the DagBag from /home/akhilesh/py39/lib/python3.9/site-packages/airflow/example_dags/example_sensors.py
[2023-08-14T11:11:11.886+0200] {processor.py:836} INFO - DAG(s) dict_keys(['example_sensors']) retrieved from /home/akhilesh/py39/lib/python3.9/site-packages/airflow/example_dags/example_sensors.py
[2023-08-14T11:11:11.903+0200] {logging_mixin.py:150} INFO - [2023-08-14T11:11:11.903+0200] {dag.py:2742} INFO - Sync 1 DAGs
[2023-08-14T11:11:11.920+0200] {logging_mixin.py:150} INFO - [2023-08-14T11:11:11.920+0200] {dag.py:3504} INFO - Setting next_dagrun for example_sensors to None, run_after=None
[2023-08-14T11:11:11.944+0200] {processor.py:179} INFO - Processing /home/akhilesh/py39/lib/python3.9/site-packages/airflow/example_dags/example_sensors.py took 0.085 seconds
[2023-08-14T11:12:15.607+0200] {processor.py:157} INFO - Started process (PID=464091) to work on /home/akhilesh/py39/lib/python3.9/site-packages/airflow/example_dags/example_sensors.py
[2023-08-14T11:12:15.616+0200] {processor.py:826} INFO - Processing file /home/akhilesh/py39/lib/python3.9/site-packages/airflow/example_dags/example_sensors.py for tasks to queue
[2023-08-14T11:12:15.617+0200] {logging_mixin.py:150} INFO - [2023-08-14T11:12:15.617+0200] {dagbag.py:541} INFO - Filling up the DagBag from /home/akhilesh/py39/lib/python3.9/site-packages/airflow/example_dags/example_sensors.py
[2023-08-14T11:12:15.629+0200] {processor.py:836} INFO - DAG(s) dict_keys(['example_sensors']) retrieved from /home/akhilesh/py39/lib/python3.9/site-packages/airflow/example_dags/example_sensors.py
[2023-08-14T11:12:15.647+0200] {logging_mixin.py:150} INFO - [2023-08-14T11:12:15.647+0200] {dag.py:2742} INFO - Sync 1 DAGs
[2023-08-14T11:12:15.662+0200] {logging_mixin.py:150} INFO - [2023-08-14T11:12:15.662+0200] {dag.py:3504} INFO - Setting next_dagrun for example_sensors to None, run_after=None
[2023-08-14T11:12:15.685+0200] {processor.py:179} INFO - Processing /home/akhilesh/py39/lib/python3.9/site-packages/airflow/example_dags/example_sensors.py took 0.082 seconds
[2023-08-14T11:13:03.716+0200] {processor.py:157} INFO - Started process (PID=464250) to work on /home/akhilesh/py39/lib/python3.9/site-packages/airflow/example_dags/example_sensors.py
[2023-08-14T11:13:03.718+0200] {processor.py:826} INFO - Processing file /home/akhilesh/py39/lib/python3.9/site-packages/airflow/example_dags/example_sensors.py for tasks to queue
[2023-08-14T11:13:03.719+0200] {logging_mixin.py:150} INFO - [2023-08-14T11:13:03.719+0200] {dagbag.py:541} INFO - Filling up the DagBag from /home/akhilesh/py39/lib/python3.9/site-packages/airflow/example_dags/example_sensors.py
[2023-08-14T11:13:03.727+0200] {processor.py:836} INFO - DAG(s) dict_keys(['example_sensors']) retrieved from /home/akhilesh/py39/lib/python3.9/site-packages/airflow/example_dags/example_sensors.py
[2023-08-14T11:13:03.744+0200] {logging_mixin.py:150} INFO - [2023-08-14T11:13:03.743+0200] {dag.py:2742} INFO - Sync 1 DAGs
[2023-08-14T11:13:03.758+0200] {logging_mixin.py:150} INFO - [2023-08-14T11:13:03.758+0200] {dag.py:3504} INFO - Setting next_dagrun for example_sensors to None, run_after=None
[2023-08-14T11:13:03.788+0200] {processor.py:179} INFO - Processing /home/akhilesh/py39/lib/python3.9/site-packages/airflow/example_dags/example_sensors.py took 0.075 seconds
[2023-08-14T11:15:41.148+0200] {processor.py:157} INFO - Started process (PID=464928) to work on /home/akhilesh/py39/lib/python3.9/site-packages/airflow/example_dags/example_sensors.py
[2023-08-14T11:15:41.157+0200] {processor.py:826} INFO - Processing file /home/akhilesh/py39/lib/python3.9/site-packages/airflow/example_dags/example_sensors.py for tasks to queue
[2023-08-14T11:15:41.158+0200] {logging_mixin.py:150} INFO - [2023-08-14T11:15:41.158+0200] {dagbag.py:541} INFO - Filling up the DagBag from /home/akhilesh/py39/lib/python3.9/site-packages/airflow/example_dags/example_sensors.py
[2023-08-14T11:15:41.169+0200] {processor.py:836} INFO - DAG(s) dict_keys(['example_sensors']) retrieved from /home/akhilesh/py39/lib/python3.9/site-packages/airflow/example_dags/example_sensors.py
[2023-08-14T11:15:41.182+0200] {logging_mixin.py:150} INFO - [2023-08-14T11:15:41.182+0200] {dag.py:2742} INFO - Sync 1 DAGs
[2023-08-14T11:15:41.193+0200] {logging_mixin.py:150} INFO - [2023-08-14T11:15:41.192+0200] {dag.py:3504} INFO - Setting next_dagrun for example_sensors to None, run_after=None
[2023-08-14T11:15:41.223+0200] {processor.py:179} INFO - Processing /home/akhilesh/py39/lib/python3.9/site-packages/airflow/example_dags/example_sensors.py took 0.079 seconds
[2023-08-14T11:16:35.854+0200] {processor.py:157} INFO - Started process (PID=465067) to work on /home/akhilesh/py39/lib/python3.9/site-packages/airflow/example_dags/example_sensors.py
[2023-08-14T11:16:35.863+0200] {processor.py:826} INFO - Processing file /home/akhilesh/py39/lib/python3.9/site-packages/airflow/example_dags/example_sensors.py for tasks to queue
[2023-08-14T11:16:35.864+0200] {logging_mixin.py:150} INFO - [2023-08-14T11:16:35.864+0200] {dagbag.py:541} INFO - Filling up the DagBag from /home/akhilesh/py39/lib/python3.9/site-packages/airflow/example_dags/example_sensors.py
[2023-08-14T11:16:35.877+0200] {processor.py:836} INFO - DAG(s) dict_keys(['example_sensors']) retrieved from /home/akhilesh/py39/lib/python3.9/site-packages/airflow/example_dags/example_sensors.py
[2023-08-14T11:16:35.901+0200] {logging_mixin.py:150} INFO - [2023-08-14T11:16:35.901+0200] {dag.py:2742} INFO - Sync 1 DAGs
[2023-08-14T11:16:35.913+0200] {logging_mixin.py:150} INFO - [2023-08-14T11:16:35.913+0200] {dag.py:3504} INFO - Setting next_dagrun for example_sensors to None, run_after=None
[2023-08-14T11:16:35.939+0200] {processor.py:179} INFO - Processing /home/akhilesh/py39/lib/python3.9/site-packages/airflow/example_dags/example_sensors.py took 0.089 seconds
[2023-08-14T11:17:29.605+0200] {processor.py:157} INFO - Started process (PID=465243) to work on /home/akhilesh/py39/lib/python3.9/site-packages/airflow/example_dags/example_sensors.py
[2023-08-14T11:17:29.614+0200] {processor.py:826} INFO - Processing file /home/akhilesh/py39/lib/python3.9/site-packages/airflow/example_dags/example_sensors.py for tasks to queue
[2023-08-14T11:17:29.616+0200] {logging_mixin.py:150} INFO - [2023-08-14T11:17:29.615+0200] {dagbag.py:541} INFO - Filling up the DagBag from /home/akhilesh/py39/lib/python3.9/site-packages/airflow/example_dags/example_sensors.py
[2023-08-14T11:17:29.632+0200] {processor.py:836} INFO - DAG(s) dict_keys(['example_sensors']) retrieved from /home/akhilesh/py39/lib/python3.9/site-packages/airflow/example_dags/example_sensors.py
[2023-08-14T11:17:29.656+0200] {logging_mixin.py:150} INFO - [2023-08-14T11:17:29.656+0200] {dag.py:2742} INFO - Sync 1 DAGs
[2023-08-14T11:17:29.678+0200] {logging_mixin.py:150} INFO - [2023-08-14T11:17:29.678+0200] {dag.py:3504} INFO - Setting next_dagrun for example_sensors to None, run_after=None
[2023-08-14T11:17:29.712+0200] {processor.py:179} INFO - Processing /home/akhilesh/py39/lib/python3.9/site-packages/airflow/example_dags/example_sensors.py took 0.110 seconds
[2023-08-14T11:18:23.012+0200] {processor.py:157} INFO - Started process (PID=465372) to work on /home/akhilesh/py39/lib/python3.9/site-packages/airflow/example_dags/example_sensors.py
[2023-08-14T11:18:23.015+0200] {processor.py:826} INFO - Processing file /home/akhilesh/py39/lib/python3.9/site-packages/airflow/example_dags/example_sensors.py for tasks to queue
[2023-08-14T11:18:23.015+0200] {logging_mixin.py:150} INFO - [2023-08-14T11:18:23.015+0200] {dagbag.py:541} INFO - Filling up the DagBag from /home/akhilesh/py39/lib/python3.9/site-packages/airflow/example_dags/example_sensors.py
[2023-08-14T11:18:23.023+0200] {processor.py:836} INFO - DAG(s) dict_keys(['example_sensors']) retrieved from /home/akhilesh/py39/lib/python3.9/site-packages/airflow/example_dags/example_sensors.py
[2023-08-14T11:18:23.038+0200] {logging_mixin.py:150} INFO - [2023-08-14T11:18:23.038+0200] {dag.py:2742} INFO - Sync 1 DAGs
[2023-08-14T11:18:23.050+0200] {logging_mixin.py:150} INFO - [2023-08-14T11:18:23.050+0200] {dag.py:3504} INFO - Setting next_dagrun for example_sensors to None, run_after=None
[2023-08-14T11:18:23.080+0200] {processor.py:179} INFO - Processing /home/akhilesh/py39/lib/python3.9/site-packages/airflow/example_dags/example_sensors.py took 0.072 seconds
[2023-08-14T11:19:13.553+0200] {processor.py:157} INFO - Started process (PID=465676) to work on /home/akhilesh/py39/lib/python3.9/site-packages/airflow/example_dags/example_sensors.py
[2023-08-14T11:19:13.561+0200] {processor.py:826} INFO - Processing file /home/akhilesh/py39/lib/python3.9/site-packages/airflow/example_dags/example_sensors.py for tasks to queue
[2023-08-14T11:19:13.563+0200] {logging_mixin.py:150} INFO - [2023-08-14T11:19:13.562+0200] {dagbag.py:541} INFO - Filling up the DagBag from /home/akhilesh/py39/lib/python3.9/site-packages/airflow/example_dags/example_sensors.py
[2023-08-14T11:19:13.575+0200] {processor.py:836} INFO - DAG(s) dict_keys(['example_sensors']) retrieved from /home/akhilesh/py39/lib/python3.9/site-packages/airflow/example_dags/example_sensors.py
[2023-08-14T11:19:13.592+0200] {logging_mixin.py:150} INFO - [2023-08-14T11:19:13.592+0200] {dag.py:2742} INFO - Sync 1 DAGs
[2023-08-14T11:19:13.606+0200] {logging_mixin.py:150} INFO - [2023-08-14T11:19:13.605+0200] {dag.py:3504} INFO - Setting next_dagrun for example_sensors to None, run_after=None
[2023-08-14T11:19:13.632+0200] {processor.py:179} INFO - Processing /home/akhilesh/py39/lib/python3.9/site-packages/airflow/example_dags/example_sensors.py took 0.083 seconds
[2023-08-14T11:20:58.898+0200] {processor.py:157} INFO - Started process (PID=466023) to work on /home/akhilesh/py39/lib/python3.9/site-packages/airflow/example_dags/example_sensors.py
[2023-08-14T11:20:58.907+0200] {processor.py:826} INFO - Processing file /home/akhilesh/py39/lib/python3.9/site-packages/airflow/example_dags/example_sensors.py for tasks to queue
[2023-08-14T11:20:58.909+0200] {logging_mixin.py:150} INFO - [2023-08-14T11:20:58.908+0200] {dagbag.py:541} INFO - Filling up the DagBag from /home/akhilesh/py39/lib/python3.9/site-packages/airflow/example_dags/example_sensors.py
[2023-08-14T11:20:58.920+0200] {processor.py:836} INFO - DAG(s) dict_keys(['example_sensors']) retrieved from /home/akhilesh/py39/lib/python3.9/site-packages/airflow/example_dags/example_sensors.py
[2023-08-14T11:20:58.941+0200] {logging_mixin.py:150} INFO - [2023-08-14T11:20:58.940+0200] {dag.py:2742} INFO - Sync 1 DAGs
[2023-08-14T11:20:58.958+0200] {logging_mixin.py:150} INFO - [2023-08-14T11:20:58.958+0200] {dag.py:3504} INFO - Setting next_dagrun for example_sensors to None, run_after=None
[2023-08-14T11:20:58.987+0200] {processor.py:179} INFO - Processing /home/akhilesh/py39/lib/python3.9/site-packages/airflow/example_dags/example_sensors.py took 0.092 seconds
[2023-08-14T11:21:44.379+0200] {processor.py:157} INFO - Started process (PID=466158) to work on /home/akhilesh/py39/lib/python3.9/site-packages/airflow/example_dags/example_sensors.py
[2023-08-14T11:21:44.380+0200] {processor.py:826} INFO - Processing file /home/akhilesh/py39/lib/python3.9/site-packages/airflow/example_dags/example_sensors.py for tasks to queue
[2023-08-14T11:21:44.380+0200] {logging_mixin.py:150} INFO - [2023-08-14T11:21:44.380+0200] {dagbag.py:541} INFO - Filling up the DagBag from /home/akhilesh/py39/lib/python3.9/site-packages/airflow/example_dags/example_sensors.py
[2023-08-14T11:21:44.388+0200] {processor.py:836} INFO - DAG(s) dict_keys(['example_sensors']) retrieved from /home/akhilesh/py39/lib/python3.9/site-packages/airflow/example_dags/example_sensors.py
[2023-08-14T11:21:44.405+0200] {logging_mixin.py:150} INFO - [2023-08-14T11:21:44.405+0200] {dag.py:2742} INFO - Sync 1 DAGs
[2023-08-14T11:21:44.418+0200] {logging_mixin.py:150} INFO - [2023-08-14T11:21:44.417+0200] {dag.py:3504} INFO - Setting next_dagrun for example_sensors to None, run_after=None
[2023-08-14T11:21:44.446+0200] {processor.py:179} INFO - Processing /home/akhilesh/py39/lib/python3.9/site-packages/airflow/example_dags/example_sensors.py took 0.071 seconds
[2023-08-14T11:22:39.010+0200] {processor.py:157} INFO - Started process (PID=466314) to work on /home/akhilesh/py39/lib/python3.9/site-packages/airflow/example_dags/example_sensors.py
[2023-08-14T11:22:39.012+0200] {processor.py:826} INFO - Processing file /home/akhilesh/py39/lib/python3.9/site-packages/airflow/example_dags/example_sensors.py for tasks to queue
[2023-08-14T11:22:39.012+0200] {logging_mixin.py:150} INFO - [2023-08-14T11:22:39.012+0200] {dagbag.py:541} INFO - Filling up the DagBag from /home/akhilesh/py39/lib/python3.9/site-packages/airflow/example_dags/example_sensors.py
[2023-08-14T11:22:39.020+0200] {processor.py:836} INFO - DAG(s) dict_keys(['example_sensors']) retrieved from /home/akhilesh/py39/lib/python3.9/site-packages/airflow/example_dags/example_sensors.py
[2023-08-14T11:22:39.038+0200] {logging_mixin.py:150} INFO - [2023-08-14T11:22:39.038+0200] {dag.py:2742} INFO - Sync 1 DAGs
[2023-08-14T11:22:39.051+0200] {logging_mixin.py:150} INFO - [2023-08-14T11:22:39.051+0200] {dag.py:3504} INFO - Setting next_dagrun for example_sensors to None, run_after=None
[2023-08-14T11:22:39.081+0200] {processor.py:179} INFO - Processing /home/akhilesh/py39/lib/python3.9/site-packages/airflow/example_dags/example_sensors.py took 0.075 seconds
[2023-08-14T11:23:30.785+0200] {processor.py:157} INFO - Started process (PID=466984) to work on /home/akhilesh/py39/lib/python3.9/site-packages/airflow/example_dags/example_sensors.py
[2023-08-14T11:23:30.794+0200] {processor.py:826} INFO - Processing file /home/akhilesh/py39/lib/python3.9/site-packages/airflow/example_dags/example_sensors.py for tasks to queue
[2023-08-14T11:23:30.796+0200] {logging_mixin.py:150} INFO - [2023-08-14T11:23:30.795+0200] {dagbag.py:541} INFO - Filling up the DagBag from /home/akhilesh/py39/lib/python3.9/site-packages/airflow/example_dags/example_sensors.py
[2023-08-14T11:23:30.808+0200] {processor.py:836} INFO - DAG(s) dict_keys(['example_sensors']) retrieved from /home/akhilesh/py39/lib/python3.9/site-packages/airflow/example_dags/example_sensors.py
[2023-08-14T11:23:30.826+0200] {logging_mixin.py:150} INFO - [2023-08-14T11:23:30.826+0200] {dag.py:2742} INFO - Sync 1 DAGs
[2023-08-14T11:23:30.838+0200] {logging_mixin.py:150} INFO - [2023-08-14T11:23:30.838+0200] {dag.py:3504} INFO - Setting next_dagrun for example_sensors to None, run_after=None
[2023-08-14T11:23:30.874+0200] {processor.py:179} INFO - Processing /home/akhilesh/py39/lib/python3.9/site-packages/airflow/example_dags/example_sensors.py took 0.093 seconds
[2023-08-14T11:24:19.994+0200] {processor.py:157} INFO - Started process (PID=467191) to work on /home/akhilesh/py39/lib/python3.9/site-packages/airflow/example_dags/example_sensors.py
[2023-08-14T11:24:20.003+0200] {processor.py:826} INFO - Processing file /home/akhilesh/py39/lib/python3.9/site-packages/airflow/example_dags/example_sensors.py for tasks to queue
[2023-08-14T11:24:20.004+0200] {logging_mixin.py:150} INFO - [2023-08-14T11:24:20.004+0200] {dagbag.py:541} INFO - Filling up the DagBag from /home/akhilesh/py39/lib/python3.9/site-packages/airflow/example_dags/example_sensors.py
[2023-08-14T11:24:20.017+0200] {processor.py:836} INFO - DAG(s) dict_keys(['example_sensors']) retrieved from /home/akhilesh/py39/lib/python3.9/site-packages/airflow/example_dags/example_sensors.py
[2023-08-14T11:24:20.035+0200] {logging_mixin.py:150} INFO - [2023-08-14T11:24:20.035+0200] {dag.py:2742} INFO - Sync 1 DAGs
[2023-08-14T11:24:20.047+0200] {logging_mixin.py:150} INFO - [2023-08-14T11:24:20.047+0200] {dag.py:3504} INFO - Setting next_dagrun for example_sensors to None, run_after=None
[2023-08-14T11:24:20.072+0200] {processor.py:179} INFO - Processing /home/akhilesh/py39/lib/python3.9/site-packages/airflow/example_dags/example_sensors.py took 0.082 seconds
[2023-08-14T11:25:10.527+0200] {processor.py:157} INFO - Started process (PID=467553) to work on /home/akhilesh/py39/lib/python3.9/site-packages/airflow/example_dags/example_sensors.py
[2023-08-14T11:25:10.536+0200] {processor.py:826} INFO - Processing file /home/akhilesh/py39/lib/python3.9/site-packages/airflow/example_dags/example_sensors.py for tasks to queue
[2023-08-14T11:25:10.537+0200] {logging_mixin.py:150} INFO - [2023-08-14T11:25:10.537+0200] {dagbag.py:541} INFO - Filling up the DagBag from /home/akhilesh/py39/lib/python3.9/site-packages/airflow/example_dags/example_sensors.py
[2023-08-14T11:25:10.549+0200] {processor.py:836} INFO - DAG(s) dict_keys(['example_sensors']) retrieved from /home/akhilesh/py39/lib/python3.9/site-packages/airflow/example_dags/example_sensors.py
[2023-08-14T11:25:10.566+0200] {logging_mixin.py:150} INFO - [2023-08-14T11:25:10.566+0200] {dag.py:2742} INFO - Sync 1 DAGs
[2023-08-14T11:25:10.579+0200] {logging_mixin.py:150} INFO - [2023-08-14T11:25:10.578+0200] {dag.py:3504} INFO - Setting next_dagrun for example_sensors to None, run_after=None
[2023-08-14T11:25:10.612+0200] {processor.py:179} INFO - Processing /home/akhilesh/py39/lib/python3.9/site-packages/airflow/example_dags/example_sensors.py took 0.090 seconds
