[2023-08-14T10:22:25.794+0200] {processor.py:157} INFO - Started process (PID=453411) to work on /home/akhilesh/py39/lib/python3.9/site-packages/airflow/example_dags/example_python_operator.py
[2023-08-14T10:22:25.796+0200] {processor.py:826} INFO - Processing file /home/akhilesh/py39/lib/python3.9/site-packages/airflow/example_dags/example_python_operator.py for tasks to queue
[2023-08-14T10:22:25.797+0200] {logging_mixin.py:150} INFO - [2023-08-14T10:22:25.796+0200] {dagbag.py:541} INFO - Filling up the DagBag from /home/akhilesh/py39/lib/python3.9/site-packages/airflow/example_dags/example_python_operator.py
[2023-08-14T10:22:25.806+0200] {processor.py:836} INFO - DAG(s) dict_keys(['example_python_operator']) retrieved from /home/akhilesh/py39/lib/python3.9/site-packages/airflow/example_dags/example_python_operator.py
[2023-08-14T10:22:25.823+0200] {logging_mixin.py:150} INFO - [2023-08-14T10:22:25.823+0200] {dag.py:2742} INFO - Sync 1 DAGs
[2023-08-14T10:22:25.837+0200] {logging_mixin.py:150} INFO - [2023-08-14T10:22:25.837+0200] {dag.py:3504} INFO - Setting next_dagrun for example_python_operator to None, run_after=None
[2023-08-14T10:22:25.871+0200] {processor.py:179} INFO - Processing /home/akhilesh/py39/lib/python3.9/site-packages/airflow/example_dags/example_python_operator.py took 0.080 seconds
[2023-08-14T10:23:13.189+0200] {processor.py:157} INFO - Started process (PID=453550) to work on /home/akhilesh/py39/lib/python3.9/site-packages/airflow/example_dags/example_python_operator.py
[2023-08-14T10:23:13.198+0200] {processor.py:826} INFO - Processing file /home/akhilesh/py39/lib/python3.9/site-packages/airflow/example_dags/example_python_operator.py for tasks to queue
[2023-08-14T10:23:13.200+0200] {logging_mixin.py:150} INFO - [2023-08-14T10:23:13.199+0200] {dagbag.py:541} INFO - Filling up the DagBag from /home/akhilesh/py39/lib/python3.9/site-packages/airflow/example_dags/example_python_operator.py
[2023-08-14T10:23:13.213+0200] {processor.py:836} INFO - DAG(s) dict_keys(['example_python_operator']) retrieved from /home/akhilesh/py39/lib/python3.9/site-packages/airflow/example_dags/example_python_operator.py
[2023-08-14T10:23:13.239+0200] {logging_mixin.py:150} INFO - [2023-08-14T10:23:13.239+0200] {dag.py:2742} INFO - Sync 1 DAGs
[2023-08-14T10:23:13.258+0200] {logging_mixin.py:150} INFO - [2023-08-14T10:23:13.258+0200] {dag.py:3504} INFO - Setting next_dagrun for example_python_operator to None, run_after=None
[2023-08-14T10:23:13.464+0200] {processor.py:179} INFO - Processing /home/akhilesh/py39/lib/python3.9/site-packages/airflow/example_dags/example_python_operator.py took 0.279 seconds
[2023-08-14T10:24:10.879+0200] {processor.py:157} INFO - Started process (PID=453849) to work on /home/akhilesh/py39/lib/python3.9/site-packages/airflow/example_dags/example_python_operator.py
[2023-08-14T10:24:10.888+0200] {processor.py:826} INFO - Processing file /home/akhilesh/py39/lib/python3.9/site-packages/airflow/example_dags/example_python_operator.py for tasks to queue
[2023-08-14T10:24:10.889+0200] {logging_mixin.py:150} INFO - [2023-08-14T10:24:10.889+0200] {dagbag.py:541} INFO - Filling up the DagBag from /home/akhilesh/py39/lib/python3.9/site-packages/airflow/example_dags/example_python_operator.py
[2023-08-14T10:24:10.900+0200] {processor.py:836} INFO - DAG(s) dict_keys(['example_python_operator']) retrieved from /home/akhilesh/py39/lib/python3.9/site-packages/airflow/example_dags/example_python_operator.py
[2023-08-14T10:24:10.914+0200] {logging_mixin.py:150} INFO - [2023-08-14T10:24:10.914+0200] {dag.py:2742} INFO - Sync 1 DAGs
[2023-08-14T10:24:10.927+0200] {logging_mixin.py:150} INFO - [2023-08-14T10:24:10.926+0200] {dag.py:3504} INFO - Setting next_dagrun for example_python_operator to None, run_after=None
[2023-08-14T10:24:10.948+0200] {processor.py:179} INFO - Processing /home/akhilesh/py39/lib/python3.9/site-packages/airflow/example_dags/example_python_operator.py took 0.073 seconds
[2023-08-14T10:25:15.149+0200] {processor.py:157} INFO - Started process (PID=454077) to work on /home/akhilesh/py39/lib/python3.9/site-packages/airflow/example_dags/example_python_operator.py
[2023-08-14T10:25:15.159+0200] {processor.py:826} INFO - Processing file /home/akhilesh/py39/lib/python3.9/site-packages/airflow/example_dags/example_python_operator.py for tasks to queue
[2023-08-14T10:25:15.160+0200] {logging_mixin.py:150} INFO - [2023-08-14T10:25:15.159+0200] {dagbag.py:541} INFO - Filling up the DagBag from /home/akhilesh/py39/lib/python3.9/site-packages/airflow/example_dags/example_python_operator.py
[2023-08-14T10:25:15.172+0200] {processor.py:836} INFO - DAG(s) dict_keys(['example_python_operator']) retrieved from /home/akhilesh/py39/lib/python3.9/site-packages/airflow/example_dags/example_python_operator.py
[2023-08-14T10:25:15.189+0200] {logging_mixin.py:150} INFO - [2023-08-14T10:25:15.188+0200] {dag.py:2742} INFO - Sync 1 DAGs
[2023-08-14T10:25:15.366+0200] {logging_mixin.py:150} INFO - [2023-08-14T10:25:15.365+0200] {dag.py:3504} INFO - Setting next_dagrun for example_python_operator to None, run_after=None
[2023-08-14T10:25:15.403+0200] {processor.py:179} INFO - Processing /home/akhilesh/py39/lib/python3.9/site-packages/airflow/example_dags/example_python_operator.py took 0.258 seconds
[2023-08-14T10:26:04.578+0200] {processor.py:157} INFO - Started process (PID=454226) to work on /home/akhilesh/py39/lib/python3.9/site-packages/airflow/example_dags/example_python_operator.py
[2023-08-14T10:26:04.587+0200] {processor.py:826} INFO - Processing file /home/akhilesh/py39/lib/python3.9/site-packages/airflow/example_dags/example_python_operator.py for tasks to queue
[2023-08-14T10:26:04.588+0200] {logging_mixin.py:150} INFO - [2023-08-14T10:26:04.588+0200] {dagbag.py:541} INFO - Filling up the DagBag from /home/akhilesh/py39/lib/python3.9/site-packages/airflow/example_dags/example_python_operator.py
[2023-08-14T10:26:04.599+0200] {processor.py:836} INFO - DAG(s) dict_keys(['example_python_operator']) retrieved from /home/akhilesh/py39/lib/python3.9/site-packages/airflow/example_dags/example_python_operator.py
[2023-08-14T10:26:04.616+0200] {logging_mixin.py:150} INFO - [2023-08-14T10:26:04.616+0200] {dag.py:2742} INFO - Sync 1 DAGs
[2023-08-14T10:26:04.630+0200] {logging_mixin.py:150} INFO - [2023-08-14T10:26:04.630+0200] {dag.py:3504} INFO - Setting next_dagrun for example_python_operator to None, run_after=None
[2023-08-14T10:26:04.656+0200] {processor.py:179} INFO - Processing /home/akhilesh/py39/lib/python3.9/site-packages/airflow/example_dags/example_python_operator.py took 0.082 seconds
[2023-08-14T10:27:03.835+0200] {processor.py:157} INFO - Started process (PID=454540) to work on /home/akhilesh/py39/lib/python3.9/site-packages/airflow/example_dags/example_python_operator.py
[2023-08-14T10:27:03.837+0200] {processor.py:826} INFO - Processing file /home/akhilesh/py39/lib/python3.9/site-packages/airflow/example_dags/example_python_operator.py for tasks to queue
[2023-08-14T10:27:03.837+0200] {logging_mixin.py:150} INFO - [2023-08-14T10:27:03.837+0200] {dagbag.py:541} INFO - Filling up the DagBag from /home/akhilesh/py39/lib/python3.9/site-packages/airflow/example_dags/example_python_operator.py
[2023-08-14T10:27:03.844+0200] {processor.py:836} INFO - DAG(s) dict_keys(['example_python_operator']) retrieved from /home/akhilesh/py39/lib/python3.9/site-packages/airflow/example_dags/example_python_operator.py
[2023-08-14T10:27:03.968+0200] {logging_mixin.py:150} INFO - [2023-08-14T10:27:03.968+0200] {dag.py:2742} INFO - Sync 1 DAGs
[2023-08-14T10:27:03.981+0200] {logging_mixin.py:150} INFO - [2023-08-14T10:27:03.980+0200] {dag.py:3504} INFO - Setting next_dagrun for example_python_operator to None, run_after=None
[2023-08-14T10:27:04.012+0200] {processor.py:179} INFO - Processing /home/akhilesh/py39/lib/python3.9/site-packages/airflow/example_dags/example_python_operator.py took 0.181 seconds
[2023-08-14T10:28:00.268+0200] {processor.py:157} INFO - Started process (PID=454892) to work on /home/akhilesh/py39/lib/python3.9/site-packages/airflow/example_dags/example_python_operator.py
[2023-08-14T10:28:00.269+0200] {processor.py:826} INFO - Processing file /home/akhilesh/py39/lib/python3.9/site-packages/airflow/example_dags/example_python_operator.py for tasks to queue
[2023-08-14T10:28:00.270+0200] {logging_mixin.py:150} INFO - [2023-08-14T10:28:00.269+0200] {dagbag.py:541} INFO - Filling up the DagBag from /home/akhilesh/py39/lib/python3.9/site-packages/airflow/example_dags/example_python_operator.py
[2023-08-14T10:28:00.279+0200] {processor.py:836} INFO - DAG(s) dict_keys(['example_python_operator']) retrieved from /home/akhilesh/py39/lib/python3.9/site-packages/airflow/example_dags/example_python_operator.py
[2023-08-14T10:28:00.294+0200] {logging_mixin.py:150} INFO - [2023-08-14T10:28:00.293+0200] {dag.py:2742} INFO - Sync 1 DAGs
[2023-08-14T10:28:00.430+0200] {logging_mixin.py:150} INFO - [2023-08-14T10:28:00.430+0200] {dag.py:3504} INFO - Setting next_dagrun for example_python_operator to None, run_after=None
[2023-08-14T10:28:00.451+0200] {processor.py:179} INFO - Processing /home/akhilesh/py39/lib/python3.9/site-packages/airflow/example_dags/example_python_operator.py took 0.188 seconds
[2023-08-14T10:29:02.831+0200] {processor.py:157} INFO - Started process (PID=455114) to work on /home/akhilesh/py39/lib/python3.9/site-packages/airflow/example_dags/example_python_operator.py
[2023-08-14T10:29:02.833+0200] {processor.py:826} INFO - Processing file /home/akhilesh/py39/lib/python3.9/site-packages/airflow/example_dags/example_python_operator.py for tasks to queue
[2023-08-14T10:29:02.834+0200] {logging_mixin.py:150} INFO - [2023-08-14T10:29:02.833+0200] {dagbag.py:541} INFO - Filling up the DagBag from /home/akhilesh/py39/lib/python3.9/site-packages/airflow/example_dags/example_python_operator.py
[2023-08-14T10:29:02.840+0200] {processor.py:836} INFO - DAG(s) dict_keys(['example_python_operator']) retrieved from /home/akhilesh/py39/lib/python3.9/site-packages/airflow/example_dags/example_python_operator.py
[2023-08-14T10:29:02.853+0200] {logging_mixin.py:150} INFO - [2023-08-14T10:29:02.853+0200] {dag.py:2742} INFO - Sync 1 DAGs
[2023-08-14T10:29:02.865+0200] {logging_mixin.py:150} INFO - [2023-08-14T10:29:02.864+0200] {dag.py:3504} INFO - Setting next_dagrun for example_python_operator to None, run_after=None
[2023-08-14T10:29:02.885+0200] {processor.py:179} INFO - Processing /home/akhilesh/py39/lib/python3.9/site-packages/airflow/example_dags/example_python_operator.py took 0.056 seconds
[2023-08-14T10:29:49.705+0200] {processor.py:157} INFO - Started process (PID=455239) to work on /home/akhilesh/py39/lib/python3.9/site-packages/airflow/example_dags/example_python_operator.py
[2023-08-14T10:29:49.715+0200] {processor.py:826} INFO - Processing file /home/akhilesh/py39/lib/python3.9/site-packages/airflow/example_dags/example_python_operator.py for tasks to queue
[2023-08-14T10:29:49.716+0200] {logging_mixin.py:150} INFO - [2023-08-14T10:29:49.715+0200] {dagbag.py:541} INFO - Filling up the DagBag from /home/akhilesh/py39/lib/python3.9/site-packages/airflow/example_dags/example_python_operator.py
[2023-08-14T10:29:49.728+0200] {processor.py:836} INFO - DAG(s) dict_keys(['example_python_operator']) retrieved from /home/akhilesh/py39/lib/python3.9/site-packages/airflow/example_dags/example_python_operator.py
[2023-08-14T10:29:49.745+0200] {logging_mixin.py:150} INFO - [2023-08-14T10:29:49.745+0200] {dag.py:2742} INFO - Sync 1 DAGs
[2023-08-14T10:29:49.870+0200] {logging_mixin.py:150} INFO - [2023-08-14T10:29:49.870+0200] {dag.py:3504} INFO - Setting next_dagrun for example_python_operator to None, run_after=None
[2023-08-14T10:29:49.903+0200] {processor.py:179} INFO - Processing /home/akhilesh/py39/lib/python3.9/site-packages/airflow/example_dags/example_python_operator.py took 0.202 seconds
[2023-08-14T10:30:40.876+0200] {processor.py:157} INFO - Started process (PID=455417) to work on /home/akhilesh/py39/lib/python3.9/site-packages/airflow/example_dags/example_python_operator.py
[2023-08-14T10:30:40.877+0200] {processor.py:826} INFO - Processing file /home/akhilesh/py39/lib/python3.9/site-packages/airflow/example_dags/example_python_operator.py for tasks to queue
[2023-08-14T10:30:40.879+0200] {logging_mixin.py:150} INFO - [2023-08-14T10:30:40.878+0200] {dagbag.py:541} INFO - Filling up the DagBag from /home/akhilesh/py39/lib/python3.9/site-packages/airflow/example_dags/example_python_operator.py
[2023-08-14T10:30:40.886+0200] {processor.py:836} INFO - DAG(s) dict_keys(['example_python_operator']) retrieved from /home/akhilesh/py39/lib/python3.9/site-packages/airflow/example_dags/example_python_operator.py
[2023-08-14T10:30:40.903+0200] {logging_mixin.py:150} INFO - [2023-08-14T10:30:40.903+0200] {dag.py:2742} INFO - Sync 1 DAGs
[2023-08-14T10:30:40.918+0200] {logging_mixin.py:150} INFO - [2023-08-14T10:30:40.918+0200] {dag.py:3504} INFO - Setting next_dagrun for example_python_operator to None, run_after=None
[2023-08-14T10:30:40.939+0200] {processor.py:179} INFO - Processing /home/akhilesh/py39/lib/python3.9/site-packages/airflow/example_dags/example_python_operator.py took 0.067 seconds
[2023-08-14T10:31:34.290+0200] {processor.py:157} INFO - Started process (PID=455546) to work on /home/akhilesh/py39/lib/python3.9/site-packages/airflow/example_dags/example_python_operator.py
[2023-08-14T10:31:34.299+0200] {processor.py:826} INFO - Processing file /home/akhilesh/py39/lib/python3.9/site-packages/airflow/example_dags/example_python_operator.py for tasks to queue
[2023-08-14T10:31:34.300+0200] {logging_mixin.py:150} INFO - [2023-08-14T10:31:34.300+0200] {dagbag.py:541} INFO - Filling up the DagBag from /home/akhilesh/py39/lib/python3.9/site-packages/airflow/example_dags/example_python_operator.py
[2023-08-14T10:31:34.313+0200] {processor.py:836} INFO - DAG(s) dict_keys(['example_python_operator']) retrieved from /home/akhilesh/py39/lib/python3.9/site-packages/airflow/example_dags/example_python_operator.py
[2023-08-14T10:31:34.330+0200] {logging_mixin.py:150} INFO - [2023-08-14T10:31:34.330+0200] {dag.py:2742} INFO - Sync 1 DAGs
[2023-08-14T10:31:34.345+0200] {logging_mixin.py:150} INFO - [2023-08-14T10:31:34.345+0200] {dag.py:3504} INFO - Setting next_dagrun for example_python_operator to None, run_after=None
[2023-08-14T10:31:34.369+0200] {processor.py:179} INFO - Processing /home/akhilesh/py39/lib/python3.9/site-packages/airflow/example_dags/example_python_operator.py took 0.083 seconds
[2023-08-14T10:32:21.864+0200] {processor.py:157} INFO - Started process (PID=455823) to work on /home/akhilesh/py39/lib/python3.9/site-packages/airflow/example_dags/example_python_operator.py
[2023-08-14T10:32:21.866+0200] {processor.py:826} INFO - Processing file /home/akhilesh/py39/lib/python3.9/site-packages/airflow/example_dags/example_python_operator.py for tasks to queue
[2023-08-14T10:32:21.867+0200] {logging_mixin.py:150} INFO - [2023-08-14T10:32:21.866+0200] {dagbag.py:541} INFO - Filling up the DagBag from /home/akhilesh/py39/lib/python3.9/site-packages/airflow/example_dags/example_python_operator.py
[2023-08-14T10:32:21.877+0200] {processor.py:836} INFO - DAG(s) dict_keys(['example_python_operator']) retrieved from /home/akhilesh/py39/lib/python3.9/site-packages/airflow/example_dags/example_python_operator.py
[2023-08-14T10:32:21.893+0200] {logging_mixin.py:150} INFO - [2023-08-14T10:32:21.893+0200] {dag.py:2742} INFO - Sync 1 DAGs
[2023-08-14T10:32:21.908+0200] {logging_mixin.py:150} INFO - [2023-08-14T10:32:21.908+0200] {dag.py:3504} INFO - Setting next_dagrun for example_python_operator to None, run_after=None
[2023-08-14T10:32:21.927+0200] {processor.py:179} INFO - Processing /home/akhilesh/py39/lib/python3.9/site-packages/airflow/example_dags/example_python_operator.py took 0.066 seconds
[2023-08-14T10:33:13.762+0200] {processor.py:157} INFO - Started process (PID=455975) to work on /home/akhilesh/py39/lib/python3.9/site-packages/airflow/example_dags/example_python_operator.py
[2023-08-14T10:33:13.772+0200] {processor.py:826} INFO - Processing file /home/akhilesh/py39/lib/python3.9/site-packages/airflow/example_dags/example_python_operator.py for tasks to queue
[2023-08-14T10:33:13.773+0200] {logging_mixin.py:150} INFO - [2023-08-14T10:33:13.773+0200] {dagbag.py:541} INFO - Filling up the DagBag from /home/akhilesh/py39/lib/python3.9/site-packages/airflow/example_dags/example_python_operator.py
[2023-08-14T10:33:13.785+0200] {processor.py:836} INFO - DAG(s) dict_keys(['example_python_operator']) retrieved from /home/akhilesh/py39/lib/python3.9/site-packages/airflow/example_dags/example_python_operator.py
[2023-08-14T10:33:13.802+0200] {logging_mixin.py:150} INFO - [2023-08-14T10:33:13.802+0200] {dag.py:2742} INFO - Sync 1 DAGs
[2023-08-14T10:33:13.819+0200] {logging_mixin.py:150} INFO - [2023-08-14T10:33:13.819+0200] {dag.py:3504} INFO - Setting next_dagrun for example_python_operator to None, run_after=None
[2023-08-14T10:33:13.841+0200] {processor.py:179} INFO - Processing /home/akhilesh/py39/lib/python3.9/site-packages/airflow/example_dags/example_python_operator.py took 0.083 seconds
[2023-08-14T10:34:07.854+0200] {processor.py:157} INFO - Started process (PID=456095) to work on /home/akhilesh/py39/lib/python3.9/site-packages/airflow/example_dags/example_python_operator.py
[2023-08-14T10:34:07.856+0200] {processor.py:826} INFO - Processing file /home/akhilesh/py39/lib/python3.9/site-packages/airflow/example_dags/example_python_operator.py for tasks to queue
[2023-08-14T10:34:07.857+0200] {logging_mixin.py:150} INFO - [2023-08-14T10:34:07.857+0200] {dagbag.py:541} INFO - Filling up the DagBag from /home/akhilesh/py39/lib/python3.9/site-packages/airflow/example_dags/example_python_operator.py
[2023-08-14T10:34:07.870+0200] {processor.py:836} INFO - DAG(s) dict_keys(['example_python_operator']) retrieved from /home/akhilesh/py39/lib/python3.9/site-packages/airflow/example_dags/example_python_operator.py
[2023-08-14T10:34:07.894+0200] {logging_mixin.py:150} INFO - [2023-08-14T10:34:07.893+0200] {dag.py:2742} INFO - Sync 1 DAGs
[2023-08-14T10:34:07.912+0200] {logging_mixin.py:150} INFO - [2023-08-14T10:34:07.912+0200] {dag.py:3504} INFO - Setting next_dagrun for example_python_operator to None, run_after=None
[2023-08-14T10:34:07.941+0200] {processor.py:179} INFO - Processing /home/akhilesh/py39/lib/python3.9/site-packages/airflow/example_dags/example_python_operator.py took 0.092 seconds
[2023-08-14T10:35:01.205+0200] {processor.py:157} INFO - Started process (PID=456242) to work on /home/akhilesh/py39/lib/python3.9/site-packages/airflow/example_dags/example_python_operator.py
[2023-08-14T10:35:01.214+0200] {processor.py:826} INFO - Processing file /home/akhilesh/py39/lib/python3.9/site-packages/airflow/example_dags/example_python_operator.py for tasks to queue
[2023-08-14T10:35:01.216+0200] {logging_mixin.py:150} INFO - [2023-08-14T10:35:01.215+0200] {dagbag.py:541} INFO - Filling up the DagBag from /home/akhilesh/py39/lib/python3.9/site-packages/airflow/example_dags/example_python_operator.py
[2023-08-14T10:35:01.230+0200] {processor.py:836} INFO - DAG(s) dict_keys(['example_python_operator']) retrieved from /home/akhilesh/py39/lib/python3.9/site-packages/airflow/example_dags/example_python_operator.py
[2023-08-14T10:35:01.249+0200] {logging_mixin.py:150} INFO - [2023-08-14T10:35:01.249+0200] {dag.py:2742} INFO - Sync 1 DAGs
[2023-08-14T10:35:01.270+0200] {logging_mixin.py:150} INFO - [2023-08-14T10:35:01.269+0200] {dag.py:3504} INFO - Setting next_dagrun for example_python_operator to None, run_after=None
[2023-08-14T10:35:01.305+0200] {processor.py:179} INFO - Processing /home/akhilesh/py39/lib/python3.9/site-packages/airflow/example_dags/example_python_operator.py took 0.103 seconds
[2023-08-14T10:35:53.963+0200] {processor.py:157} INFO - Started process (PID=456397) to work on /home/akhilesh/py39/lib/python3.9/site-packages/airflow/example_dags/example_python_operator.py
[2023-08-14T10:35:53.972+0200] {processor.py:826} INFO - Processing file /home/akhilesh/py39/lib/python3.9/site-packages/airflow/example_dags/example_python_operator.py for tasks to queue
[2023-08-14T10:35:53.973+0200] {logging_mixin.py:150} INFO - [2023-08-14T10:35:53.973+0200] {dagbag.py:541} INFO - Filling up the DagBag from /home/akhilesh/py39/lib/python3.9/site-packages/airflow/example_dags/example_python_operator.py
[2023-08-14T10:35:53.986+0200] {processor.py:836} INFO - DAG(s) dict_keys(['example_python_operator']) retrieved from /home/akhilesh/py39/lib/python3.9/site-packages/airflow/example_dags/example_python_operator.py
[2023-08-14T10:35:54.007+0200] {logging_mixin.py:150} INFO - [2023-08-14T10:35:54.007+0200] {dag.py:2742} INFO - Sync 1 DAGs
[2023-08-14T10:35:54.025+0200] {logging_mixin.py:150} INFO - [2023-08-14T10:35:54.025+0200] {dag.py:3504} INFO - Setting next_dagrun for example_python_operator to None, run_after=None
[2023-08-14T10:35:54.051+0200] {processor.py:179} INFO - Processing /home/akhilesh/py39/lib/python3.9/site-packages/airflow/example_dags/example_python_operator.py took 0.093 seconds
[2023-08-14T10:36:44.420+0200] {processor.py:157} INFO - Started process (PID=456545) to work on /home/akhilesh/py39/lib/python3.9/site-packages/airflow/example_dags/example_python_operator.py
[2023-08-14T10:36:44.429+0200] {processor.py:826} INFO - Processing file /home/akhilesh/py39/lib/python3.9/site-packages/airflow/example_dags/example_python_operator.py for tasks to queue
[2023-08-14T10:36:44.431+0200] {logging_mixin.py:150} INFO - [2023-08-14T10:36:44.430+0200] {dagbag.py:541} INFO - Filling up the DagBag from /home/akhilesh/py39/lib/python3.9/site-packages/airflow/example_dags/example_python_operator.py
[2023-08-14T10:36:44.445+0200] {processor.py:836} INFO - DAG(s) dict_keys(['example_python_operator']) retrieved from /home/akhilesh/py39/lib/python3.9/site-packages/airflow/example_dags/example_python_operator.py
[2023-08-14T10:36:44.464+0200] {logging_mixin.py:150} INFO - [2023-08-14T10:36:44.463+0200] {dag.py:2742} INFO - Sync 1 DAGs
[2023-08-14T10:36:44.482+0200] {logging_mixin.py:150} INFO - [2023-08-14T10:36:44.482+0200] {dag.py:3504} INFO - Setting next_dagrun for example_python_operator to None, run_after=None
[2023-08-14T10:36:44.503+0200] {processor.py:179} INFO - Processing /home/akhilesh/py39/lib/python3.9/site-packages/airflow/example_dags/example_python_operator.py took 0.087 seconds
[2023-08-14T10:37:32.938+0200] {processor.py:157} INFO - Started process (PID=456671) to work on /home/akhilesh/py39/lib/python3.9/site-packages/airflow/example_dags/example_python_operator.py
[2023-08-14T10:37:32.948+0200] {processor.py:826} INFO - Processing file /home/akhilesh/py39/lib/python3.9/site-packages/airflow/example_dags/example_python_operator.py for tasks to queue
[2023-08-14T10:37:32.949+0200] {logging_mixin.py:150} INFO - [2023-08-14T10:37:32.948+0200] {dagbag.py:541} INFO - Filling up the DagBag from /home/akhilesh/py39/lib/python3.9/site-packages/airflow/example_dags/example_python_operator.py
[2023-08-14T10:37:32.963+0200] {processor.py:836} INFO - DAG(s) dict_keys(['example_python_operator']) retrieved from /home/akhilesh/py39/lib/python3.9/site-packages/airflow/example_dags/example_python_operator.py
[2023-08-14T10:37:32.983+0200] {logging_mixin.py:150} INFO - [2023-08-14T10:37:32.983+0200] {dag.py:2742} INFO - Sync 1 DAGs
[2023-08-14T10:37:33.001+0200] {logging_mixin.py:150} INFO - [2023-08-14T10:37:33.001+0200] {dag.py:3504} INFO - Setting next_dagrun for example_python_operator to None, run_after=None
[2023-08-14T10:37:33.025+0200] {processor.py:179} INFO - Processing /home/akhilesh/py39/lib/python3.9/site-packages/airflow/example_dags/example_python_operator.py took 0.091 seconds
[2023-08-14T10:38:22.547+0200] {processor.py:157} INFO - Started process (PID=456801) to work on /home/akhilesh/py39/lib/python3.9/site-packages/airflow/example_dags/example_python_operator.py
[2023-08-14T10:38:22.556+0200] {processor.py:826} INFO - Processing file /home/akhilesh/py39/lib/python3.9/site-packages/airflow/example_dags/example_python_operator.py for tasks to queue
[2023-08-14T10:38:22.558+0200] {logging_mixin.py:150} INFO - [2023-08-14T10:38:22.557+0200] {dagbag.py:541} INFO - Filling up the DagBag from /home/akhilesh/py39/lib/python3.9/site-packages/airflow/example_dags/example_python_operator.py
[2023-08-14T10:38:22.572+0200] {processor.py:836} INFO - DAG(s) dict_keys(['example_python_operator']) retrieved from /home/akhilesh/py39/lib/python3.9/site-packages/airflow/example_dags/example_python_operator.py
[2023-08-14T10:38:22.592+0200] {logging_mixin.py:150} INFO - [2023-08-14T10:38:22.592+0200] {dag.py:2742} INFO - Sync 1 DAGs
[2023-08-14T10:38:22.610+0200] {logging_mixin.py:150} INFO - [2023-08-14T10:38:22.609+0200] {dag.py:3504} INFO - Setting next_dagrun for example_python_operator to None, run_after=None
[2023-08-14T10:38:22.634+0200] {processor.py:179} INFO - Processing /home/akhilesh/py39/lib/python3.9/site-packages/airflow/example_dags/example_python_operator.py took 0.092 seconds
[2023-08-14T10:39:57.071+0200] {processor.py:157} INFO - Started process (PID=457178) to work on /home/akhilesh/py39/lib/python3.9/site-packages/airflow/example_dags/example_python_operator.py
[2023-08-14T10:39:57.080+0200] {processor.py:826} INFO - Processing file /home/akhilesh/py39/lib/python3.9/site-packages/airflow/example_dags/example_python_operator.py for tasks to queue
[2023-08-14T10:39:57.082+0200] {logging_mixin.py:150} INFO - [2023-08-14T10:39:57.081+0200] {dagbag.py:541} INFO - Filling up the DagBag from /home/akhilesh/py39/lib/python3.9/site-packages/airflow/example_dags/example_python_operator.py
[2023-08-14T10:39:57.094+0200] {processor.py:836} INFO - DAG(s) dict_keys(['example_python_operator']) retrieved from /home/akhilesh/py39/lib/python3.9/site-packages/airflow/example_dags/example_python_operator.py
[2023-08-14T10:39:57.159+0200] {logging_mixin.py:150} INFO - [2023-08-14T10:39:57.158+0200] {dag.py:2742} INFO - Sync 1 DAGs
[2023-08-14T10:39:57.170+0200] {logging_mixin.py:150} INFO - [2023-08-14T10:39:57.170+0200] {dag.py:3504} INFO - Setting next_dagrun for example_python_operator to None, run_after=None
[2023-08-14T10:39:57.186+0200] {processor.py:179} INFO - Processing /home/akhilesh/py39/lib/python3.9/site-packages/airflow/example_dags/example_python_operator.py took 0.118 seconds
[2023-08-14T10:41:38.606+0200] {processor.py:157} INFO - Started process (PID=457601) to work on /home/akhilesh/py39/lib/python3.9/site-packages/airflow/example_dags/example_python_operator.py
[2023-08-14T10:41:38.607+0200] {processor.py:826} INFO - Processing file /home/akhilesh/py39/lib/python3.9/site-packages/airflow/example_dags/example_python_operator.py for tasks to queue
[2023-08-14T10:41:38.608+0200] {logging_mixin.py:150} INFO - [2023-08-14T10:41:38.608+0200] {dagbag.py:541} INFO - Filling up the DagBag from /home/akhilesh/py39/lib/python3.9/site-packages/airflow/example_dags/example_python_operator.py
[2023-08-14T10:41:38.614+0200] {processor.py:836} INFO - DAG(s) dict_keys(['example_python_operator']) retrieved from /home/akhilesh/py39/lib/python3.9/site-packages/airflow/example_dags/example_python_operator.py
[2023-08-14T10:41:38.632+0200] {logging_mixin.py:150} INFO - [2023-08-14T10:41:38.631+0200] {dag.py:2742} INFO - Sync 1 DAGs
[2023-08-14T10:41:38.645+0200] {logging_mixin.py:150} INFO - [2023-08-14T10:41:38.644+0200] {dag.py:3504} INFO - Setting next_dagrun for example_python_operator to None, run_after=None
[2023-08-14T10:41:38.673+0200] {processor.py:179} INFO - Processing /home/akhilesh/py39/lib/python3.9/site-packages/airflow/example_dags/example_python_operator.py took 0.072 seconds
[2023-08-14T10:42:23.930+0200] {processor.py:157} INFO - Started process (PID=457766) to work on /home/akhilesh/py39/lib/python3.9/site-packages/airflow/example_dags/example_python_operator.py
[2023-08-14T10:42:23.931+0200] {processor.py:826} INFO - Processing file /home/akhilesh/py39/lib/python3.9/site-packages/airflow/example_dags/example_python_operator.py for tasks to queue
[2023-08-14T10:42:23.932+0200] {logging_mixin.py:150} INFO - [2023-08-14T10:42:23.932+0200] {dagbag.py:541} INFO - Filling up the DagBag from /home/akhilesh/py39/lib/python3.9/site-packages/airflow/example_dags/example_python_operator.py
[2023-08-14T10:42:23.940+0200] {processor.py:836} INFO - DAG(s) dict_keys(['example_python_operator']) retrieved from /home/akhilesh/py39/lib/python3.9/site-packages/airflow/example_dags/example_python_operator.py
[2023-08-14T10:42:23.956+0200] {logging_mixin.py:150} INFO - [2023-08-14T10:42:23.956+0200] {dag.py:2742} INFO - Sync 1 DAGs
[2023-08-14T10:42:23.975+0200] {logging_mixin.py:150} INFO - [2023-08-14T10:42:23.975+0200] {dag.py:3504} INFO - Setting next_dagrun for example_python_operator to None, run_after=None
[2023-08-14T10:42:23.997+0200] {processor.py:179} INFO - Processing /home/akhilesh/py39/lib/python3.9/site-packages/airflow/example_dags/example_python_operator.py took 0.070 seconds
[2023-08-14T10:44:30.381+0200] {processor.py:157} INFO - Started process (PID=458250) to work on /home/akhilesh/py39/lib/python3.9/site-packages/airflow/example_dags/example_python_operator.py
[2023-08-14T10:44:30.390+0200] {processor.py:826} INFO - Processing file /home/akhilesh/py39/lib/python3.9/site-packages/airflow/example_dags/example_python_operator.py for tasks to queue
[2023-08-14T10:44:30.391+0200] {logging_mixin.py:150} INFO - [2023-08-14T10:44:30.391+0200] {dagbag.py:541} INFO - Filling up the DagBag from /home/akhilesh/py39/lib/python3.9/site-packages/airflow/example_dags/example_python_operator.py
[2023-08-14T10:44:30.402+0200] {processor.py:836} INFO - DAG(s) dict_keys(['example_python_operator']) retrieved from /home/akhilesh/py39/lib/python3.9/site-packages/airflow/example_dags/example_python_operator.py
[2023-08-14T10:44:30.418+0200] {logging_mixin.py:150} INFO - [2023-08-14T10:44:30.418+0200] {dag.py:2742} INFO - Sync 1 DAGs
[2023-08-14T10:44:30.431+0200] {logging_mixin.py:150} INFO - [2023-08-14T10:44:30.431+0200] {dag.py:3504} INFO - Setting next_dagrun for example_python_operator to None, run_after=None
[2023-08-14T10:44:30.454+0200] {processor.py:179} INFO - Processing /home/akhilesh/py39/lib/python3.9/site-packages/airflow/example_dags/example_python_operator.py took 0.076 seconds
[2023-08-14T10:45:16.917+0200] {processor.py:157} INFO - Started process (PID=458454) to work on /home/akhilesh/py39/lib/python3.9/site-packages/airflow/example_dags/example_python_operator.py
[2023-08-14T10:45:16.926+0200] {processor.py:826} INFO - Processing file /home/akhilesh/py39/lib/python3.9/site-packages/airflow/example_dags/example_python_operator.py for tasks to queue
[2023-08-14T10:45:16.928+0200] {logging_mixin.py:150} INFO - [2023-08-14T10:45:16.927+0200] {dagbag.py:541} INFO - Filling up the DagBag from /home/akhilesh/py39/lib/python3.9/site-packages/airflow/example_dags/example_python_operator.py
[2023-08-14T10:45:16.941+0200] {processor.py:836} INFO - DAG(s) dict_keys(['example_python_operator']) retrieved from /home/akhilesh/py39/lib/python3.9/site-packages/airflow/example_dags/example_python_operator.py
[2023-08-14T10:45:16.961+0200] {logging_mixin.py:150} INFO - [2023-08-14T10:45:16.961+0200] {dag.py:2742} INFO - Sync 1 DAGs
[2023-08-14T10:45:16.974+0200] {logging_mixin.py:150} INFO - [2023-08-14T10:45:16.974+0200] {dag.py:3504} INFO - Setting next_dagrun for example_python_operator to None, run_after=None
[2023-08-14T10:45:16.999+0200] {processor.py:179} INFO - Processing /home/akhilesh/py39/lib/python3.9/site-packages/airflow/example_dags/example_python_operator.py took 0.086 seconds
[2023-08-14T10:46:03.056+0200] {processor.py:157} INFO - Started process (PID=458740) to work on /home/akhilesh/py39/lib/python3.9/site-packages/airflow/example_dags/example_python_operator.py
[2023-08-14T10:46:03.058+0200] {processor.py:826} INFO - Processing file /home/akhilesh/py39/lib/python3.9/site-packages/airflow/example_dags/example_python_operator.py for tasks to queue
[2023-08-14T10:46:03.059+0200] {logging_mixin.py:150} INFO - [2023-08-14T10:46:03.058+0200] {dagbag.py:541} INFO - Filling up the DagBag from /home/akhilesh/py39/lib/python3.9/site-packages/airflow/example_dags/example_python_operator.py
[2023-08-14T10:46:03.070+0200] {processor.py:836} INFO - DAG(s) dict_keys(['example_python_operator']) retrieved from /home/akhilesh/py39/lib/python3.9/site-packages/airflow/example_dags/example_python_operator.py
[2023-08-14T10:46:03.082+0200] {logging_mixin.py:150} INFO - [2023-08-14T10:46:03.082+0200] {dag.py:2742} INFO - Sync 1 DAGs
[2023-08-14T10:46:03.093+0200] {logging_mixin.py:150} INFO - [2023-08-14T10:46:03.093+0200] {dag.py:3504} INFO - Setting next_dagrun for example_python_operator to None, run_after=None
[2023-08-14T10:46:03.117+0200] {processor.py:179} INFO - Processing /home/akhilesh/py39/lib/python3.9/site-packages/airflow/example_dags/example_python_operator.py took 0.064 seconds
[2023-08-14T10:46:53.850+0200] {processor.py:157} INFO - Started process (PID=458906) to work on /home/akhilesh/py39/lib/python3.9/site-packages/airflow/example_dags/example_python_operator.py
[2023-08-14T10:46:53.859+0200] {processor.py:826} INFO - Processing file /home/akhilesh/py39/lib/python3.9/site-packages/airflow/example_dags/example_python_operator.py for tasks to queue
[2023-08-14T10:46:53.860+0200] {logging_mixin.py:150} INFO - [2023-08-14T10:46:53.860+0200] {dagbag.py:541} INFO - Filling up the DagBag from /home/akhilesh/py39/lib/python3.9/site-packages/airflow/example_dags/example_python_operator.py
[2023-08-14T10:46:53.873+0200] {processor.py:836} INFO - DAG(s) dict_keys(['example_python_operator']) retrieved from /home/akhilesh/py39/lib/python3.9/site-packages/airflow/example_dags/example_python_operator.py
[2023-08-14T10:46:53.889+0200] {logging_mixin.py:150} INFO - [2023-08-14T10:46:53.889+0200] {dag.py:2742} INFO - Sync 1 DAGs
[2023-08-14T10:46:53.901+0200] {logging_mixin.py:150} INFO - [2023-08-14T10:46:53.901+0200] {dag.py:3504} INFO - Setting next_dagrun for example_python_operator to None, run_after=None
[2023-08-14T10:46:53.922+0200] {processor.py:179} INFO - Processing /home/akhilesh/py39/lib/python3.9/site-packages/airflow/example_dags/example_python_operator.py took 0.077 seconds
[2023-08-14T10:47:46.186+0200] {processor.py:157} INFO - Started process (PID=459078) to work on /home/akhilesh/py39/lib/python3.9/site-packages/airflow/example_dags/example_python_operator.py
[2023-08-14T10:47:46.187+0200] {processor.py:826} INFO - Processing file /home/akhilesh/py39/lib/python3.9/site-packages/airflow/example_dags/example_python_operator.py for tasks to queue
[2023-08-14T10:47:46.189+0200] {logging_mixin.py:150} INFO - [2023-08-14T10:47:46.188+0200] {dagbag.py:541} INFO - Filling up the DagBag from /home/akhilesh/py39/lib/python3.9/site-packages/airflow/example_dags/example_python_operator.py
[2023-08-14T10:47:46.196+0200] {processor.py:836} INFO - DAG(s) dict_keys(['example_python_operator']) retrieved from /home/akhilesh/py39/lib/python3.9/site-packages/airflow/example_dags/example_python_operator.py
[2023-08-14T10:47:46.212+0200] {logging_mixin.py:150} INFO - [2023-08-14T10:47:46.212+0200] {dag.py:2742} INFO - Sync 1 DAGs
[2023-08-14T10:47:46.227+0200] {logging_mixin.py:150} INFO - [2023-08-14T10:47:46.226+0200] {dag.py:3504} INFO - Setting next_dagrun for example_python_operator to None, run_after=None
[2023-08-14T10:47:46.257+0200] {processor.py:179} INFO - Processing /home/akhilesh/py39/lib/python3.9/site-packages/airflow/example_dags/example_python_operator.py took 0.076 seconds
[2023-08-14T10:48:41.318+0200] {processor.py:157} INFO - Started process (PID=459266) to work on /home/akhilesh/py39/lib/python3.9/site-packages/airflow/example_dags/example_python_operator.py
[2023-08-14T10:48:41.327+0200] {processor.py:826} INFO - Processing file /home/akhilesh/py39/lib/python3.9/site-packages/airflow/example_dags/example_python_operator.py for tasks to queue
[2023-08-14T10:48:41.328+0200] {logging_mixin.py:150} INFO - [2023-08-14T10:48:41.328+0200] {dagbag.py:541} INFO - Filling up the DagBag from /home/akhilesh/py39/lib/python3.9/site-packages/airflow/example_dags/example_python_operator.py
[2023-08-14T10:48:41.341+0200] {processor.py:836} INFO - DAG(s) dict_keys(['example_python_operator']) retrieved from /home/akhilesh/py39/lib/python3.9/site-packages/airflow/example_dags/example_python_operator.py
[2023-08-14T10:48:41.357+0200] {logging_mixin.py:150} INFO - [2023-08-14T10:48:41.357+0200] {dag.py:2742} INFO - Sync 1 DAGs
[2023-08-14T10:48:41.370+0200] {logging_mixin.py:150} INFO - [2023-08-14T10:48:41.370+0200] {dag.py:3504} INFO - Setting next_dagrun for example_python_operator to None, run_after=None
[2023-08-14T10:48:41.391+0200] {processor.py:179} INFO - Processing /home/akhilesh/py39/lib/python3.9/site-packages/airflow/example_dags/example_python_operator.py took 0.077 seconds
[2023-08-14T10:49:32.843+0200] {processor.py:157} INFO - Started process (PID=459423) to work on /home/akhilesh/py39/lib/python3.9/site-packages/airflow/example_dags/example_python_operator.py
[2023-08-14T10:49:32.852+0200] {processor.py:826} INFO - Processing file /home/akhilesh/py39/lib/python3.9/site-packages/airflow/example_dags/example_python_operator.py for tasks to queue
[2023-08-14T10:49:32.853+0200] {logging_mixin.py:150} INFO - [2023-08-14T10:49:32.853+0200] {dagbag.py:541} INFO - Filling up the DagBag from /home/akhilesh/py39/lib/python3.9/site-packages/airflow/example_dags/example_python_operator.py
[2023-08-14T10:49:32.864+0200] {processor.py:836} INFO - DAG(s) dict_keys(['example_python_operator']) retrieved from /home/akhilesh/py39/lib/python3.9/site-packages/airflow/example_dags/example_python_operator.py
[2023-08-14T10:49:32.877+0200] {logging_mixin.py:150} INFO - [2023-08-14T10:49:32.877+0200] {dag.py:2742} INFO - Sync 1 DAGs
[2023-08-14T10:49:32.888+0200] {logging_mixin.py:150} INFO - [2023-08-14T10:49:32.888+0200] {dag.py:3504} INFO - Setting next_dagrun for example_python_operator to None, run_after=None
[2023-08-14T10:49:32.908+0200] {processor.py:179} INFO - Processing /home/akhilesh/py39/lib/python3.9/site-packages/airflow/example_dags/example_python_operator.py took 0.069 seconds
[2023-08-14T10:50:22.680+0200] {processor.py:157} INFO - Started process (PID=459619) to work on /home/akhilesh/py39/lib/python3.9/site-packages/airflow/example_dags/example_python_operator.py
[2023-08-14T10:50:22.681+0200] {processor.py:826} INFO - Processing file /home/akhilesh/py39/lib/python3.9/site-packages/airflow/example_dags/example_python_operator.py for tasks to queue
[2023-08-14T10:50:22.682+0200] {logging_mixin.py:150} INFO - [2023-08-14T10:50:22.681+0200] {dagbag.py:541} INFO - Filling up the DagBag from /home/akhilesh/py39/lib/python3.9/site-packages/airflow/example_dags/example_python_operator.py
[2023-08-14T10:50:22.693+0200] {processor.py:836} INFO - DAG(s) dict_keys(['example_python_operator']) retrieved from /home/akhilesh/py39/lib/python3.9/site-packages/airflow/example_dags/example_python_operator.py
[2023-08-14T10:50:22.706+0200] {logging_mixin.py:150} INFO - [2023-08-14T10:50:22.706+0200] {dag.py:2742} INFO - Sync 1 DAGs
[2023-08-14T10:50:22.717+0200] {logging_mixin.py:150} INFO - [2023-08-14T10:50:22.717+0200] {dag.py:3504} INFO - Setting next_dagrun for example_python_operator to None, run_after=None
[2023-08-14T10:50:22.741+0200] {processor.py:179} INFO - Processing /home/akhilesh/py39/lib/python3.9/site-packages/airflow/example_dags/example_python_operator.py took 0.064 seconds
[2023-08-14T10:51:14.417+0200] {processor.py:157} INFO - Started process (PID=459790) to work on /home/akhilesh/py39/lib/python3.9/site-packages/airflow/example_dags/example_python_operator.py
[2023-08-14T10:51:14.426+0200] {processor.py:826} INFO - Processing file /home/akhilesh/py39/lib/python3.9/site-packages/airflow/example_dags/example_python_operator.py for tasks to queue
[2023-08-14T10:51:14.427+0200] {logging_mixin.py:150} INFO - [2023-08-14T10:51:14.427+0200] {dagbag.py:541} INFO - Filling up the DagBag from /home/akhilesh/py39/lib/python3.9/site-packages/airflow/example_dags/example_python_operator.py
[2023-08-14T10:51:14.441+0200] {processor.py:836} INFO - DAG(s) dict_keys(['example_python_operator']) retrieved from /home/akhilesh/py39/lib/python3.9/site-packages/airflow/example_dags/example_python_operator.py
[2023-08-14T10:51:14.459+0200] {logging_mixin.py:150} INFO - [2023-08-14T10:51:14.459+0200] {dag.py:2742} INFO - Sync 1 DAGs
[2023-08-14T10:51:14.476+0200] {logging_mixin.py:150} INFO - [2023-08-14T10:51:14.475+0200] {dag.py:3504} INFO - Setting next_dagrun for example_python_operator to None, run_after=None
[2023-08-14T10:51:14.501+0200] {processor.py:179} INFO - Processing /home/akhilesh/py39/lib/python3.9/site-packages/airflow/example_dags/example_python_operator.py took 0.088 seconds
[2023-08-14T10:52:03.049+0200] {processor.py:157} INFO - Started process (PID=459921) to work on /home/akhilesh/py39/lib/python3.9/site-packages/airflow/example_dags/example_python_operator.py
[2023-08-14T10:52:03.057+0200] {processor.py:826} INFO - Processing file /home/akhilesh/py39/lib/python3.9/site-packages/airflow/example_dags/example_python_operator.py for tasks to queue
[2023-08-14T10:52:03.059+0200] {logging_mixin.py:150} INFO - [2023-08-14T10:52:03.059+0200] {dagbag.py:541} INFO - Filling up the DagBag from /home/akhilesh/py39/lib/python3.9/site-packages/airflow/example_dags/example_python_operator.py
[2023-08-14T10:52:03.070+0200] {processor.py:836} INFO - DAG(s) dict_keys(['example_python_operator']) retrieved from /home/akhilesh/py39/lib/python3.9/site-packages/airflow/example_dags/example_python_operator.py
[2023-08-14T10:52:03.086+0200] {logging_mixin.py:150} INFO - [2023-08-14T10:52:03.086+0200] {dag.py:2742} INFO - Sync 1 DAGs
[2023-08-14T10:52:03.098+0200] {logging_mixin.py:150} INFO - [2023-08-14T10:52:03.098+0200] {dag.py:3504} INFO - Setting next_dagrun for example_python_operator to None, run_after=None
[2023-08-14T10:52:03.123+0200] {processor.py:179} INFO - Processing /home/akhilesh/py39/lib/python3.9/site-packages/airflow/example_dags/example_python_operator.py took 0.077 seconds
[2023-08-14T10:52:54.641+0200] {processor.py:157} INFO - Started process (PID=460068) to work on /home/akhilesh/py39/lib/python3.9/site-packages/airflow/example_dags/example_python_operator.py
[2023-08-14T10:52:54.643+0200] {processor.py:826} INFO - Processing file /home/akhilesh/py39/lib/python3.9/site-packages/airflow/example_dags/example_python_operator.py for tasks to queue
[2023-08-14T10:52:54.644+0200] {logging_mixin.py:150} INFO - [2023-08-14T10:52:54.644+0200] {dagbag.py:541} INFO - Filling up the DagBag from /home/akhilesh/py39/lib/python3.9/site-packages/airflow/example_dags/example_python_operator.py
[2023-08-14T10:52:54.652+0200] {processor.py:836} INFO - DAG(s) dict_keys(['example_python_operator']) retrieved from /home/akhilesh/py39/lib/python3.9/site-packages/airflow/example_dags/example_python_operator.py
[2023-08-14T10:52:54.668+0200] {logging_mixin.py:150} INFO - [2023-08-14T10:52:54.668+0200] {dag.py:2742} INFO - Sync 1 DAGs
[2023-08-14T10:52:54.681+0200] {logging_mixin.py:150} INFO - [2023-08-14T10:52:54.681+0200] {dag.py:3504} INFO - Setting next_dagrun for example_python_operator to None, run_after=None
[2023-08-14T10:52:54.701+0200] {processor.py:179} INFO - Processing /home/akhilesh/py39/lib/python3.9/site-packages/airflow/example_dags/example_python_operator.py took 0.063 seconds
[2023-08-14T10:53:46.368+0200] {processor.py:157} INFO - Started process (PID=460288) to work on /home/akhilesh/py39/lib/python3.9/site-packages/airflow/example_dags/example_python_operator.py
[2023-08-14T10:53:46.377+0200] {processor.py:826} INFO - Processing file /home/akhilesh/py39/lib/python3.9/site-packages/airflow/example_dags/example_python_operator.py for tasks to queue
[2023-08-14T10:53:46.379+0200] {logging_mixin.py:150} INFO - [2023-08-14T10:53:46.378+0200] {dagbag.py:541} INFO - Filling up the DagBag from /home/akhilesh/py39/lib/python3.9/site-packages/airflow/example_dags/example_python_operator.py
[2023-08-14T10:53:46.389+0200] {processor.py:836} INFO - DAG(s) dict_keys(['example_python_operator']) retrieved from /home/akhilesh/py39/lib/python3.9/site-packages/airflow/example_dags/example_python_operator.py
[2023-08-14T10:53:46.405+0200] {logging_mixin.py:150} INFO - [2023-08-14T10:53:46.404+0200] {dag.py:2742} INFO - Sync 1 DAGs
[2023-08-14T10:53:46.418+0200] {logging_mixin.py:150} INFO - [2023-08-14T10:53:46.417+0200] {dag.py:3504} INFO - Setting next_dagrun for example_python_operator to None, run_after=None
[2023-08-14T10:53:46.439+0200] {processor.py:179} INFO - Processing /home/akhilesh/py39/lib/python3.9/site-packages/airflow/example_dags/example_python_operator.py took 0.075 seconds
[2023-08-14T10:54:37.672+0200] {processor.py:157} INFO - Started process (PID=460450) to work on /home/akhilesh/py39/lib/python3.9/site-packages/airflow/example_dags/example_python_operator.py
[2023-08-14T10:54:37.681+0200] {processor.py:826} INFO - Processing file /home/akhilesh/py39/lib/python3.9/site-packages/airflow/example_dags/example_python_operator.py for tasks to queue
[2023-08-14T10:54:37.683+0200] {logging_mixin.py:150} INFO - [2023-08-14T10:54:37.682+0200] {dagbag.py:541} INFO - Filling up the DagBag from /home/akhilesh/py39/lib/python3.9/site-packages/airflow/example_dags/example_python_operator.py
[2023-08-14T10:54:37.693+0200] {processor.py:836} INFO - DAG(s) dict_keys(['example_python_operator']) retrieved from /home/akhilesh/py39/lib/python3.9/site-packages/airflow/example_dags/example_python_operator.py
[2023-08-14T10:54:37.709+0200] {logging_mixin.py:150} INFO - [2023-08-14T10:54:37.709+0200] {dag.py:2742} INFO - Sync 1 DAGs
[2023-08-14T10:54:37.723+0200] {logging_mixin.py:150} INFO - [2023-08-14T10:54:37.723+0200] {dag.py:3504} INFO - Setting next_dagrun for example_python_operator to None, run_after=None
[2023-08-14T10:54:37.743+0200] {processor.py:179} INFO - Processing /home/akhilesh/py39/lib/python3.9/site-packages/airflow/example_dags/example_python_operator.py took 0.075 seconds
[2023-08-14T10:55:27.422+0200] {processor.py:157} INFO - Started process (PID=460610) to work on /home/akhilesh/py39/lib/python3.9/site-packages/airflow/example_dags/example_python_operator.py
[2023-08-14T10:55:27.431+0200] {processor.py:826} INFO - Processing file /home/akhilesh/py39/lib/python3.9/site-packages/airflow/example_dags/example_python_operator.py for tasks to queue
[2023-08-14T10:55:27.433+0200] {logging_mixin.py:150} INFO - [2023-08-14T10:55:27.432+0200] {dagbag.py:541} INFO - Filling up the DagBag from /home/akhilesh/py39/lib/python3.9/site-packages/airflow/example_dags/example_python_operator.py
[2023-08-14T10:55:27.445+0200] {processor.py:836} INFO - DAG(s) dict_keys(['example_python_operator']) retrieved from /home/akhilesh/py39/lib/python3.9/site-packages/airflow/example_dags/example_python_operator.py
[2023-08-14T10:55:27.462+0200] {logging_mixin.py:150} INFO - [2023-08-14T10:55:27.462+0200] {dag.py:2742} INFO - Sync 1 DAGs
[2023-08-14T10:55:27.476+0200] {logging_mixin.py:150} INFO - [2023-08-14T10:55:27.475+0200] {dag.py:3504} INFO - Setting next_dagrun for example_python_operator to None, run_after=None
[2023-08-14T10:55:27.494+0200] {processor.py:179} INFO - Processing /home/akhilesh/py39/lib/python3.9/site-packages/airflow/example_dags/example_python_operator.py took 0.075 seconds
[2023-08-14T10:56:16.230+0200] {processor.py:157} INFO - Started process (PID=460748) to work on /home/akhilesh/py39/lib/python3.9/site-packages/airflow/example_dags/example_python_operator.py
[2023-08-14T10:56:16.239+0200] {processor.py:826} INFO - Processing file /home/akhilesh/py39/lib/python3.9/site-packages/airflow/example_dags/example_python_operator.py for tasks to queue
[2023-08-14T10:56:16.241+0200] {logging_mixin.py:150} INFO - [2023-08-14T10:56:16.240+0200] {dagbag.py:541} INFO - Filling up the DagBag from /home/akhilesh/py39/lib/python3.9/site-packages/airflow/example_dags/example_python_operator.py
[2023-08-14T10:56:16.254+0200] {processor.py:836} INFO - DAG(s) dict_keys(['example_python_operator']) retrieved from /home/akhilesh/py39/lib/python3.9/site-packages/airflow/example_dags/example_python_operator.py
[2023-08-14T10:56:16.276+0200] {logging_mixin.py:150} INFO - [2023-08-14T10:56:16.275+0200] {dag.py:2742} INFO - Sync 1 DAGs
[2023-08-14T10:56:16.290+0200] {logging_mixin.py:150} INFO - [2023-08-14T10:56:16.290+0200] {dag.py:3504} INFO - Setting next_dagrun for example_python_operator to None, run_after=None
[2023-08-14T10:56:16.322+0200] {processor.py:179} INFO - Processing /home/akhilesh/py39/lib/python3.9/site-packages/airflow/example_dags/example_python_operator.py took 0.097 seconds
[2023-08-14T10:57:06.831+0200] {processor.py:157} INFO - Started process (PID=460966) to work on /home/akhilesh/py39/lib/python3.9/site-packages/airflow/example_dags/example_python_operator.py
[2023-08-14T10:57:06.833+0200] {processor.py:826} INFO - Processing file /home/akhilesh/py39/lib/python3.9/site-packages/airflow/example_dags/example_python_operator.py for tasks to queue
[2023-08-14T10:57:06.834+0200] {logging_mixin.py:150} INFO - [2023-08-14T10:57:06.834+0200] {dagbag.py:541} INFO - Filling up the DagBag from /home/akhilesh/py39/lib/python3.9/site-packages/airflow/example_dags/example_python_operator.py
[2023-08-14T10:57:06.842+0200] {processor.py:836} INFO - DAG(s) dict_keys(['example_python_operator']) retrieved from /home/akhilesh/py39/lib/python3.9/site-packages/airflow/example_dags/example_python_operator.py
[2023-08-14T10:57:06.862+0200] {logging_mixin.py:150} INFO - [2023-08-14T10:57:06.862+0200] {dag.py:2742} INFO - Sync 1 DAGs
[2023-08-14T10:57:06.886+0200] {logging_mixin.py:150} INFO - [2023-08-14T10:57:06.885+0200] {dag.py:3504} INFO - Setting next_dagrun for example_python_operator to None, run_after=None
[2023-08-14T10:57:06.906+0200] {processor.py:179} INFO - Processing /home/akhilesh/py39/lib/python3.9/site-packages/airflow/example_dags/example_python_operator.py took 0.079 seconds
[2023-08-14T10:57:53.396+0200] {processor.py:157} INFO - Started process (PID=461168) to work on /home/akhilesh/py39/lib/python3.9/site-packages/airflow/example_dags/example_python_operator.py
[2023-08-14T10:57:53.405+0200] {processor.py:826} INFO - Processing file /home/akhilesh/py39/lib/python3.9/site-packages/airflow/example_dags/example_python_operator.py for tasks to queue
[2023-08-14T10:57:53.406+0200] {logging_mixin.py:150} INFO - [2023-08-14T10:57:53.406+0200] {dagbag.py:541} INFO - Filling up the DagBag from /home/akhilesh/py39/lib/python3.9/site-packages/airflow/example_dags/example_python_operator.py
[2023-08-14T10:57:53.417+0200] {processor.py:836} INFO - DAG(s) dict_keys(['example_python_operator']) retrieved from /home/akhilesh/py39/lib/python3.9/site-packages/airflow/example_dags/example_python_operator.py
[2023-08-14T10:57:53.432+0200] {logging_mixin.py:150} INFO - [2023-08-14T10:57:53.432+0200] {dag.py:2742} INFO - Sync 1 DAGs
[2023-08-14T10:57:53.443+0200] {logging_mixin.py:150} INFO - [2023-08-14T10:57:53.442+0200] {dag.py:3504} INFO - Setting next_dagrun for example_python_operator to None, run_after=None
[2023-08-14T10:57:53.465+0200] {processor.py:179} INFO - Processing /home/akhilesh/py39/lib/python3.9/site-packages/airflow/example_dags/example_python_operator.py took 0.073 seconds
[2023-08-14T10:58:38.615+0200] {processor.py:157} INFO - Started process (PID=461331) to work on /home/akhilesh/py39/lib/python3.9/site-packages/airflow/example_dags/example_python_operator.py
[2023-08-14T10:58:38.616+0200] {processor.py:826} INFO - Processing file /home/akhilesh/py39/lib/python3.9/site-packages/airflow/example_dags/example_python_operator.py for tasks to queue
[2023-08-14T10:58:38.616+0200] {logging_mixin.py:150} INFO - [2023-08-14T10:58:38.616+0200] {dagbag.py:541} INFO - Filling up the DagBag from /home/akhilesh/py39/lib/python3.9/site-packages/airflow/example_dags/example_python_operator.py
[2023-08-14T10:58:38.624+0200] {processor.py:836} INFO - DAG(s) dict_keys(['example_python_operator']) retrieved from /home/akhilesh/py39/lib/python3.9/site-packages/airflow/example_dags/example_python_operator.py
[2023-08-14T10:58:38.639+0200] {logging_mixin.py:150} INFO - [2023-08-14T10:58:38.639+0200] {dag.py:2742} INFO - Sync 1 DAGs
[2023-08-14T10:58:38.652+0200] {logging_mixin.py:150} INFO - [2023-08-14T10:58:38.651+0200] {dag.py:3504} INFO - Setting next_dagrun for example_python_operator to None, run_after=None
[2023-08-14T10:58:38.677+0200] {processor.py:179} INFO - Processing /home/akhilesh/py39/lib/python3.9/site-packages/airflow/example_dags/example_python_operator.py took 0.066 seconds
[2023-08-14T10:59:28.195+0200] {processor.py:157} INFO - Started process (PID=461475) to work on /home/akhilesh/py39/lib/python3.9/site-packages/airflow/example_dags/example_python_operator.py
[2023-08-14T10:59:28.205+0200] {processor.py:826} INFO - Processing file /home/akhilesh/py39/lib/python3.9/site-packages/airflow/example_dags/example_python_operator.py for tasks to queue
[2023-08-14T10:59:28.206+0200] {logging_mixin.py:150} INFO - [2023-08-14T10:59:28.205+0200] {dagbag.py:541} INFO - Filling up the DagBag from /home/akhilesh/py39/lib/python3.9/site-packages/airflow/example_dags/example_python_operator.py
[2023-08-14T10:59:28.219+0200] {processor.py:836} INFO - DAG(s) dict_keys(['example_python_operator']) retrieved from /home/akhilesh/py39/lib/python3.9/site-packages/airflow/example_dags/example_python_operator.py
[2023-08-14T10:59:28.239+0200] {logging_mixin.py:150} INFO - [2023-08-14T10:59:28.238+0200] {dag.py:2742} INFO - Sync 1 DAGs
[2023-08-14T10:59:28.260+0200] {logging_mixin.py:150} INFO - [2023-08-14T10:59:28.260+0200] {dag.py:3504} INFO - Setting next_dagrun for example_python_operator to None, run_after=None
[2023-08-14T10:59:28.288+0200] {processor.py:179} INFO - Processing /home/akhilesh/py39/lib/python3.9/site-packages/airflow/example_dags/example_python_operator.py took 0.097 seconds
[2023-08-14T11:00:16.799+0200] {processor.py:157} INFO - Started process (PID=461645) to work on /home/akhilesh/py39/lib/python3.9/site-packages/airflow/example_dags/example_python_operator.py
[2023-08-14T11:00:16.800+0200] {processor.py:826} INFO - Processing file /home/akhilesh/py39/lib/python3.9/site-packages/airflow/example_dags/example_python_operator.py for tasks to queue
[2023-08-14T11:00:16.800+0200] {logging_mixin.py:150} INFO - [2023-08-14T11:00:16.800+0200] {dagbag.py:541} INFO - Filling up the DagBag from /home/akhilesh/py39/lib/python3.9/site-packages/airflow/example_dags/example_python_operator.py
[2023-08-14T11:00:16.806+0200] {processor.py:836} INFO - DAG(s) dict_keys(['example_python_operator']) retrieved from /home/akhilesh/py39/lib/python3.9/site-packages/airflow/example_dags/example_python_operator.py
[2023-08-14T11:00:16.819+0200] {logging_mixin.py:150} INFO - [2023-08-14T11:00:16.818+0200] {dag.py:2742} INFO - Sync 1 DAGs
[2023-08-14T11:00:16.829+0200] {logging_mixin.py:150} INFO - [2023-08-14T11:00:16.829+0200] {dag.py:3504} INFO - Setting next_dagrun for example_python_operator to None, run_after=None
[2023-08-14T11:00:16.850+0200] {processor.py:179} INFO - Processing /home/akhilesh/py39/lib/python3.9/site-packages/airflow/example_dags/example_python_operator.py took 0.055 seconds
[2023-08-14T11:01:08.606+0200] {processor.py:157} INFO - Started process (PID=461769) to work on /home/akhilesh/py39/lib/python3.9/site-packages/airflow/example_dags/example_python_operator.py
[2023-08-14T11:01:08.608+0200] {processor.py:826} INFO - Processing file /home/akhilesh/py39/lib/python3.9/site-packages/airflow/example_dags/example_python_operator.py for tasks to queue
[2023-08-14T11:01:08.609+0200] {logging_mixin.py:150} INFO - [2023-08-14T11:01:08.609+0200] {dagbag.py:541} INFO - Filling up the DagBag from /home/akhilesh/py39/lib/python3.9/site-packages/airflow/example_dags/example_python_operator.py
[2023-08-14T11:01:08.622+0200] {processor.py:836} INFO - DAG(s) dict_keys(['example_python_operator']) retrieved from /home/akhilesh/py39/lib/python3.9/site-packages/airflow/example_dags/example_python_operator.py
[2023-08-14T11:01:08.639+0200] {logging_mixin.py:150} INFO - [2023-08-14T11:01:08.639+0200] {dag.py:2742} INFO - Sync 1 DAGs
[2023-08-14T11:01:08.656+0200] {logging_mixin.py:150} INFO - [2023-08-14T11:01:08.656+0200] {dag.py:3504} INFO - Setting next_dagrun for example_python_operator to None, run_after=None
[2023-08-14T11:01:08.679+0200] {processor.py:179} INFO - Processing /home/akhilesh/py39/lib/python3.9/site-packages/airflow/example_dags/example_python_operator.py took 0.078 seconds
[2023-08-14T11:02:04.554+0200] {processor.py:157} INFO - Started process (PID=462020) to work on /home/akhilesh/py39/lib/python3.9/site-packages/airflow/example_dags/example_python_operator.py
[2023-08-14T11:02:04.563+0200] {processor.py:826} INFO - Processing file /home/akhilesh/py39/lib/python3.9/site-packages/airflow/example_dags/example_python_operator.py for tasks to queue
[2023-08-14T11:02:04.564+0200] {logging_mixin.py:150} INFO - [2023-08-14T11:02:04.564+0200] {dagbag.py:541} INFO - Filling up the DagBag from /home/akhilesh/py39/lib/python3.9/site-packages/airflow/example_dags/example_python_operator.py
[2023-08-14T11:02:04.578+0200] {processor.py:836} INFO - DAG(s) dict_keys(['example_python_operator']) retrieved from /home/akhilesh/py39/lib/python3.9/site-packages/airflow/example_dags/example_python_operator.py
[2023-08-14T11:02:04.594+0200] {logging_mixin.py:150} INFO - [2023-08-14T11:02:04.594+0200] {dag.py:2742} INFO - Sync 1 DAGs
[2023-08-14T11:02:04.607+0200] {logging_mixin.py:150} INFO - [2023-08-14T11:02:04.606+0200] {dag.py:3504} INFO - Setting next_dagrun for example_python_operator to None, run_after=None
[2023-08-14T11:02:04.644+0200] {processor.py:179} INFO - Processing /home/akhilesh/py39/lib/python3.9/site-packages/airflow/example_dags/example_python_operator.py took 0.094 seconds
[2023-08-14T11:02:57.989+0200] {processor.py:157} INFO - Started process (PID=462190) to work on /home/akhilesh/py39/lib/python3.9/site-packages/airflow/example_dags/example_python_operator.py
[2023-08-14T11:02:57.991+0200] {processor.py:826} INFO - Processing file /home/akhilesh/py39/lib/python3.9/site-packages/airflow/example_dags/example_python_operator.py for tasks to queue
[2023-08-14T11:02:57.992+0200] {logging_mixin.py:150} INFO - [2023-08-14T11:02:57.992+0200] {dagbag.py:541} INFO - Filling up the DagBag from /home/akhilesh/py39/lib/python3.9/site-packages/airflow/example_dags/example_python_operator.py
[2023-08-14T11:02:58.000+0200] {processor.py:836} INFO - DAG(s) dict_keys(['example_python_operator']) retrieved from /home/akhilesh/py39/lib/python3.9/site-packages/airflow/example_dags/example_python_operator.py
[2023-08-14T11:02:58.016+0200] {logging_mixin.py:150} INFO - [2023-08-14T11:02:58.016+0200] {dag.py:2742} INFO - Sync 1 DAGs
[2023-08-14T11:02:58.030+0200] {logging_mixin.py:150} INFO - [2023-08-14T11:02:58.030+0200] {dag.py:3504} INFO - Setting next_dagrun for example_python_operator to None, run_after=None
[2023-08-14T11:02:58.057+0200] {processor.py:179} INFO - Processing /home/akhilesh/py39/lib/python3.9/site-packages/airflow/example_dags/example_python_operator.py took 0.071 seconds
[2023-08-14T11:03:49.660+0200] {processor.py:157} INFO - Started process (PID=462308) to work on /home/akhilesh/py39/lib/python3.9/site-packages/airflow/example_dags/example_python_operator.py
[2023-08-14T11:03:49.662+0200] {processor.py:826} INFO - Processing file /home/akhilesh/py39/lib/python3.9/site-packages/airflow/example_dags/example_python_operator.py for tasks to queue
[2023-08-14T11:03:49.663+0200] {logging_mixin.py:150} INFO - [2023-08-14T11:03:49.662+0200] {dagbag.py:541} INFO - Filling up the DagBag from /home/akhilesh/py39/lib/python3.9/site-packages/airflow/example_dags/example_python_operator.py
[2023-08-14T11:03:49.674+0200] {processor.py:836} INFO - DAG(s) dict_keys(['example_python_operator']) retrieved from /home/akhilesh/py39/lib/python3.9/site-packages/airflow/example_dags/example_python_operator.py
[2023-08-14T11:03:49.691+0200] {logging_mixin.py:150} INFO - [2023-08-14T11:03:49.691+0200] {dag.py:2742} INFO - Sync 1 DAGs
[2023-08-14T11:03:49.708+0200] {logging_mixin.py:150} INFO - [2023-08-14T11:03:49.708+0200] {dag.py:3504} INFO - Setting next_dagrun for example_python_operator to None, run_after=None
[2023-08-14T11:03:49.738+0200] {processor.py:179} INFO - Processing /home/akhilesh/py39/lib/python3.9/site-packages/airflow/example_dags/example_python_operator.py took 0.082 seconds
[2023-08-14T11:04:37.629+0200] {processor.py:157} INFO - Started process (PID=462438) to work on /home/akhilesh/py39/lib/python3.9/site-packages/airflow/example_dags/example_python_operator.py
[2023-08-14T11:04:37.639+0200] {processor.py:826} INFO - Processing file /home/akhilesh/py39/lib/python3.9/site-packages/airflow/example_dags/example_python_operator.py for tasks to queue
[2023-08-14T11:04:37.640+0200] {logging_mixin.py:150} INFO - [2023-08-14T11:04:37.639+0200] {dagbag.py:541} INFO - Filling up the DagBag from /home/akhilesh/py39/lib/python3.9/site-packages/airflow/example_dags/example_python_operator.py
[2023-08-14T11:04:37.652+0200] {processor.py:836} INFO - DAG(s) dict_keys(['example_python_operator']) retrieved from /home/akhilesh/py39/lib/python3.9/site-packages/airflow/example_dags/example_python_operator.py
[2023-08-14T11:04:37.670+0200] {logging_mixin.py:150} INFO - [2023-08-14T11:04:37.669+0200] {dag.py:2742} INFO - Sync 1 DAGs
[2023-08-14T11:04:37.686+0200] {logging_mixin.py:150} INFO - [2023-08-14T11:04:37.685+0200] {dag.py:3504} INFO - Setting next_dagrun for example_python_operator to None, run_after=None
[2023-08-14T11:04:37.714+0200] {processor.py:179} INFO - Processing /home/akhilesh/py39/lib/python3.9/site-packages/airflow/example_dags/example_python_operator.py took 0.088 seconds
[2023-08-14T11:05:31.768+0200] {processor.py:157} INFO - Started process (PID=462589) to work on /home/akhilesh/py39/lib/python3.9/site-packages/airflow/example_dags/example_python_operator.py
[2023-08-14T11:05:31.769+0200] {processor.py:826} INFO - Processing file /home/akhilesh/py39/lib/python3.9/site-packages/airflow/example_dags/example_python_operator.py for tasks to queue
[2023-08-14T11:05:31.770+0200] {logging_mixin.py:150} INFO - [2023-08-14T11:05:31.770+0200] {dagbag.py:541} INFO - Filling up the DagBag from /home/akhilesh/py39/lib/python3.9/site-packages/airflow/example_dags/example_python_operator.py
[2023-08-14T11:05:31.781+0200] {processor.py:836} INFO - DAG(s) dict_keys(['example_python_operator']) retrieved from /home/akhilesh/py39/lib/python3.9/site-packages/airflow/example_dags/example_python_operator.py
[2023-08-14T11:05:31.797+0200] {logging_mixin.py:150} INFO - [2023-08-14T11:05:31.796+0200] {dag.py:2742} INFO - Sync 1 DAGs
[2023-08-14T11:05:31.809+0200] {logging_mixin.py:150} INFO - [2023-08-14T11:05:31.809+0200] {dag.py:3504} INFO - Setting next_dagrun for example_python_operator to None, run_after=None
[2023-08-14T11:05:31.833+0200] {processor.py:179} INFO - Processing /home/akhilesh/py39/lib/python3.9/site-packages/airflow/example_dags/example_python_operator.py took 0.069 seconds
[2023-08-14T11:06:22.633+0200] {processor.py:157} INFO - Started process (PID=462757) to work on /home/akhilesh/py39/lib/python3.9/site-packages/airflow/example_dags/example_python_operator.py
[2023-08-14T11:06:22.641+0200] {processor.py:826} INFO - Processing file /home/akhilesh/py39/lib/python3.9/site-packages/airflow/example_dags/example_python_operator.py for tasks to queue
[2023-08-14T11:06:22.643+0200] {logging_mixin.py:150} INFO - [2023-08-14T11:06:22.642+0200] {dagbag.py:541} INFO - Filling up the DagBag from /home/akhilesh/py39/lib/python3.9/site-packages/airflow/example_dags/example_python_operator.py
[2023-08-14T11:06:22.656+0200] {processor.py:836} INFO - DAG(s) dict_keys(['example_python_operator']) retrieved from /home/akhilesh/py39/lib/python3.9/site-packages/airflow/example_dags/example_python_operator.py
[2023-08-14T11:06:22.673+0200] {logging_mixin.py:150} INFO - [2023-08-14T11:06:22.673+0200] {dag.py:2742} INFO - Sync 1 DAGs
[2023-08-14T11:06:22.686+0200] {logging_mixin.py:150} INFO - [2023-08-14T11:06:22.686+0200] {dag.py:3504} INFO - Setting next_dagrun for example_python_operator to None, run_after=None
[2023-08-14T11:06:22.709+0200] {processor.py:179} INFO - Processing /home/akhilesh/py39/lib/python3.9/site-packages/airflow/example_dags/example_python_operator.py took 0.081 seconds
[2023-08-14T11:07:12.460+0200] {processor.py:157} INFO - Started process (PID=462922) to work on /home/akhilesh/py39/lib/python3.9/site-packages/airflow/example_dags/example_python_operator.py
[2023-08-14T11:07:12.469+0200] {processor.py:826} INFO - Processing file /home/akhilesh/py39/lib/python3.9/site-packages/airflow/example_dags/example_python_operator.py for tasks to queue
[2023-08-14T11:07:12.470+0200] {logging_mixin.py:150} INFO - [2023-08-14T11:07:12.469+0200] {dagbag.py:541} INFO - Filling up the DagBag from /home/akhilesh/py39/lib/python3.9/site-packages/airflow/example_dags/example_python_operator.py
[2023-08-14T11:07:12.484+0200] {processor.py:836} INFO - DAG(s) dict_keys(['example_python_operator']) retrieved from /home/akhilesh/py39/lib/python3.9/site-packages/airflow/example_dags/example_python_operator.py
[2023-08-14T11:07:12.496+0200] {logging_mixin.py:150} INFO - [2023-08-14T11:07:12.496+0200] {dag.py:2742} INFO - Sync 1 DAGs
[2023-08-14T11:07:12.507+0200] {logging_mixin.py:150} INFO - [2023-08-14T11:07:12.507+0200] {dag.py:3504} INFO - Setting next_dagrun for example_python_operator to None, run_after=None
[2023-08-14T11:07:12.528+0200] {processor.py:179} INFO - Processing /home/akhilesh/py39/lib/python3.9/site-packages/airflow/example_dags/example_python_operator.py took 0.072 seconds
[2023-08-14T11:08:05.451+0200] {processor.py:157} INFO - Started process (PID=463100) to work on /home/akhilesh/py39/lib/python3.9/site-packages/airflow/example_dags/example_python_operator.py
[2023-08-14T11:08:05.460+0200] {processor.py:826} INFO - Processing file /home/akhilesh/py39/lib/python3.9/site-packages/airflow/example_dags/example_python_operator.py for tasks to queue
[2023-08-14T11:08:05.461+0200] {logging_mixin.py:150} INFO - [2023-08-14T11:08:05.461+0200] {dagbag.py:541} INFO - Filling up the DagBag from /home/akhilesh/py39/lib/python3.9/site-packages/airflow/example_dags/example_python_operator.py
[2023-08-14T11:08:05.472+0200] {processor.py:836} INFO - DAG(s) dict_keys(['example_python_operator']) retrieved from /home/akhilesh/py39/lib/python3.9/site-packages/airflow/example_dags/example_python_operator.py
[2023-08-14T11:08:05.485+0200] {logging_mixin.py:150} INFO - [2023-08-14T11:08:05.485+0200] {dag.py:2742} INFO - Sync 1 DAGs
[2023-08-14T11:08:05.496+0200] {logging_mixin.py:150} INFO - [2023-08-14T11:08:05.496+0200] {dag.py:3504} INFO - Setting next_dagrun for example_python_operator to None, run_after=None
[2023-08-14T11:08:05.522+0200] {processor.py:179} INFO - Processing /home/akhilesh/py39/lib/python3.9/site-packages/airflow/example_dags/example_python_operator.py took 0.074 seconds
[2023-08-14T11:08:56.052+0200] {processor.py:157} INFO - Started process (PID=463277) to work on /home/akhilesh/py39/lib/python3.9/site-packages/airflow/example_dags/example_python_operator.py
[2023-08-14T11:08:56.061+0200] {processor.py:826} INFO - Processing file /home/akhilesh/py39/lib/python3.9/site-packages/airflow/example_dags/example_python_operator.py for tasks to queue
[2023-08-14T11:08:56.062+0200] {logging_mixin.py:150} INFO - [2023-08-14T11:08:56.062+0200] {dagbag.py:541} INFO - Filling up the DagBag from /home/akhilesh/py39/lib/python3.9/site-packages/airflow/example_dags/example_python_operator.py
[2023-08-14T11:08:56.074+0200] {processor.py:836} INFO - DAG(s) dict_keys(['example_python_operator']) retrieved from /home/akhilesh/py39/lib/python3.9/site-packages/airflow/example_dags/example_python_operator.py
[2023-08-14T11:08:56.093+0200] {logging_mixin.py:150} INFO - [2023-08-14T11:08:56.093+0200] {dag.py:2742} INFO - Sync 1 DAGs
[2023-08-14T11:08:56.108+0200] {logging_mixin.py:150} INFO - [2023-08-14T11:08:56.107+0200] {dag.py:3504} INFO - Setting next_dagrun for example_python_operator to None, run_after=None
[2023-08-14T11:08:56.130+0200] {processor.py:179} INFO - Processing /home/akhilesh/py39/lib/python3.9/site-packages/airflow/example_dags/example_python_operator.py took 0.083 seconds
[2023-08-14T11:10:56.279+0200] {processor.py:157} INFO - Started process (PID=463675) to work on /home/akhilesh/py39/lib/python3.9/site-packages/airflow/example_dags/example_python_operator.py
[2023-08-14T11:10:56.288+0200] {processor.py:826} INFO - Processing file /home/akhilesh/py39/lib/python3.9/site-packages/airflow/example_dags/example_python_operator.py for tasks to queue
[2023-08-14T11:10:56.289+0200] {logging_mixin.py:150} INFO - [2023-08-14T11:10:56.289+0200] {dagbag.py:541} INFO - Filling up the DagBag from /home/akhilesh/py39/lib/python3.9/site-packages/airflow/example_dags/example_python_operator.py
[2023-08-14T11:10:56.304+0200] {processor.py:836} INFO - DAG(s) dict_keys(['example_python_operator']) retrieved from /home/akhilesh/py39/lib/python3.9/site-packages/airflow/example_dags/example_python_operator.py
[2023-08-14T11:10:56.373+0200] {logging_mixin.py:150} INFO - [2023-08-14T11:10:56.373+0200] {dag.py:2742} INFO - Sync 1 DAGs
[2023-08-14T11:10:56.386+0200] {logging_mixin.py:150} INFO - [2023-08-14T11:10:56.386+0200] {dag.py:3504} INFO - Setting next_dagrun for example_python_operator to None, run_after=None
[2023-08-14T11:10:56.422+0200] {processor.py:179} INFO - Processing /home/akhilesh/py39/lib/python3.9/site-packages/airflow/example_dags/example_python_operator.py took 0.146 seconds
[2023-08-14T11:11:59.807+0200] {processor.py:157} INFO - Started process (PID=464023) to work on /home/akhilesh/py39/lib/python3.9/site-packages/airflow/example_dags/example_python_operator.py
[2023-08-14T11:11:59.815+0200] {processor.py:826} INFO - Processing file /home/akhilesh/py39/lib/python3.9/site-packages/airflow/example_dags/example_python_operator.py for tasks to queue
[2023-08-14T11:11:59.817+0200] {logging_mixin.py:150} INFO - [2023-08-14T11:11:59.817+0200] {dagbag.py:541} INFO - Filling up the DagBag from /home/akhilesh/py39/lib/python3.9/site-packages/airflow/example_dags/example_python_operator.py
[2023-08-14T11:11:59.834+0200] {processor.py:836} INFO - DAG(s) dict_keys(['example_python_operator']) retrieved from /home/akhilesh/py39/lib/python3.9/site-packages/airflow/example_dags/example_python_operator.py
[2023-08-14T11:11:59.916+0200] {logging_mixin.py:150} INFO - [2023-08-14T11:11:59.916+0200] {dag.py:2742} INFO - Sync 1 DAGs
[2023-08-14T11:11:59.933+0200] {logging_mixin.py:150} INFO - [2023-08-14T11:11:59.933+0200] {dag.py:3504} INFO - Setting next_dagrun for example_python_operator to None, run_after=None
[2023-08-14T11:11:59.964+0200] {processor.py:179} INFO - Processing /home/akhilesh/py39/lib/python3.9/site-packages/airflow/example_dags/example_python_operator.py took 0.161 seconds
[2023-08-14T11:12:46.288+0200] {processor.py:157} INFO - Started process (PID=464174) to work on /home/akhilesh/py39/lib/python3.9/site-packages/airflow/example_dags/example_python_operator.py
[2023-08-14T11:12:46.290+0200] {processor.py:826} INFO - Processing file /home/akhilesh/py39/lib/python3.9/site-packages/airflow/example_dags/example_python_operator.py for tasks to queue
[2023-08-14T11:12:46.291+0200] {logging_mixin.py:150} INFO - [2023-08-14T11:12:46.291+0200] {dagbag.py:541} INFO - Filling up the DagBag from /home/akhilesh/py39/lib/python3.9/site-packages/airflow/example_dags/example_python_operator.py
[2023-08-14T11:12:46.301+0200] {processor.py:836} INFO - DAG(s) dict_keys(['example_python_operator']) retrieved from /home/akhilesh/py39/lib/python3.9/site-packages/airflow/example_dags/example_python_operator.py
[2023-08-14T11:12:46.317+0200] {logging_mixin.py:150} INFO - [2023-08-14T11:12:46.317+0200] {dag.py:2742} INFO - Sync 1 DAGs
[2023-08-14T11:12:46.332+0200] {logging_mixin.py:150} INFO - [2023-08-14T11:12:46.332+0200] {dag.py:3504} INFO - Setting next_dagrun for example_python_operator to None, run_after=None
[2023-08-14T11:12:46.362+0200] {processor.py:179} INFO - Processing /home/akhilesh/py39/lib/python3.9/site-packages/airflow/example_dags/example_python_operator.py took 0.077 seconds
[2023-08-14T11:15:25.679+0200] {processor.py:157} INFO - Started process (PID=464858) to work on /home/akhilesh/py39/lib/python3.9/site-packages/airflow/example_dags/example_python_operator.py
[2023-08-14T11:15:25.688+0200] {processor.py:826} INFO - Processing file /home/akhilesh/py39/lib/python3.9/site-packages/airflow/example_dags/example_python_operator.py for tasks to queue
[2023-08-14T11:15:25.689+0200] {logging_mixin.py:150} INFO - [2023-08-14T11:15:25.689+0200] {dagbag.py:541} INFO - Filling up the DagBag from /home/akhilesh/py39/lib/python3.9/site-packages/airflow/example_dags/example_python_operator.py
[2023-08-14T11:15:25.704+0200] {processor.py:836} INFO - DAG(s) dict_keys(['example_python_operator']) retrieved from /home/akhilesh/py39/lib/python3.9/site-packages/airflow/example_dags/example_python_operator.py
[2023-08-14T11:15:25.786+0200] {logging_mixin.py:150} INFO - [2023-08-14T11:15:25.786+0200] {dag.py:2742} INFO - Sync 1 DAGs
[2023-08-14T11:15:25.800+0200] {logging_mixin.py:150} INFO - [2023-08-14T11:15:25.800+0200] {dag.py:3504} INFO - Setting next_dagrun for example_python_operator to None, run_after=None
[2023-08-14T11:15:25.840+0200] {processor.py:179} INFO - Processing /home/akhilesh/py39/lib/python3.9/site-packages/airflow/example_dags/example_python_operator.py took 0.166 seconds
[2023-08-14T11:16:13.576+0200] {processor.py:157} INFO - Started process (PID=465023) to work on /home/akhilesh/py39/lib/python3.9/site-packages/airflow/example_dags/example_python_operator.py
[2023-08-14T11:16:13.585+0200] {processor.py:826} INFO - Processing file /home/akhilesh/py39/lib/python3.9/site-packages/airflow/example_dags/example_python_operator.py for tasks to queue
[2023-08-14T11:16:13.587+0200] {logging_mixin.py:150} INFO - [2023-08-14T11:16:13.586+0200] {dagbag.py:541} INFO - Filling up the DagBag from /home/akhilesh/py39/lib/python3.9/site-packages/airflow/example_dags/example_python_operator.py
[2023-08-14T11:16:13.600+0200] {processor.py:836} INFO - DAG(s) dict_keys(['example_python_operator']) retrieved from /home/akhilesh/py39/lib/python3.9/site-packages/airflow/example_dags/example_python_operator.py
[2023-08-14T11:16:13.617+0200] {logging_mixin.py:150} INFO - [2023-08-14T11:16:13.617+0200] {dag.py:2742} INFO - Sync 1 DAGs
[2023-08-14T11:16:13.629+0200] {logging_mixin.py:150} INFO - [2023-08-14T11:16:13.629+0200] {dag.py:3504} INFO - Setting next_dagrun for example_python_operator to None, run_after=None
[2023-08-14T11:16:13.656+0200] {processor.py:179} INFO - Processing /home/akhilesh/py39/lib/python3.9/site-packages/airflow/example_dags/example_python_operator.py took 0.084 seconds
[2023-08-14T11:17:07.250+0200] {processor.py:157} INFO - Started process (PID=465172) to work on /home/akhilesh/py39/lib/python3.9/site-packages/airflow/example_dags/example_python_operator.py
[2023-08-14T11:17:07.258+0200] {processor.py:826} INFO - Processing file /home/akhilesh/py39/lib/python3.9/site-packages/airflow/example_dags/example_python_operator.py for tasks to queue
[2023-08-14T11:17:07.260+0200] {logging_mixin.py:150} INFO - [2023-08-14T11:17:07.259+0200] {dagbag.py:541} INFO - Filling up the DagBag from /home/akhilesh/py39/lib/python3.9/site-packages/airflow/example_dags/example_python_operator.py
[2023-08-14T11:17:07.274+0200] {processor.py:836} INFO - DAG(s) dict_keys(['example_python_operator']) retrieved from /home/akhilesh/py39/lib/python3.9/site-packages/airflow/example_dags/example_python_operator.py
[2023-08-14T11:17:07.289+0200] {logging_mixin.py:150} INFO - [2023-08-14T11:17:07.289+0200] {dag.py:2742} INFO - Sync 1 DAGs
[2023-08-14T11:17:07.301+0200] {logging_mixin.py:150} INFO - [2023-08-14T11:17:07.301+0200] {dag.py:3504} INFO - Setting next_dagrun for example_python_operator to None, run_after=None
[2023-08-14T11:17:07.329+0200] {processor.py:179} INFO - Processing /home/akhilesh/py39/lib/python3.9/site-packages/airflow/example_dags/example_python_operator.py took 0.083 seconds
[2023-08-14T11:18:00.149+0200] {processor.py:157} INFO - Started process (PID=465320) to work on /home/akhilesh/py39/lib/python3.9/site-packages/airflow/example_dags/example_python_operator.py
[2023-08-14T11:18:00.158+0200] {processor.py:826} INFO - Processing file /home/akhilesh/py39/lib/python3.9/site-packages/airflow/example_dags/example_python_operator.py for tasks to queue
[2023-08-14T11:18:00.159+0200] {logging_mixin.py:150} INFO - [2023-08-14T11:18:00.159+0200] {dagbag.py:541} INFO - Filling up the DagBag from /home/akhilesh/py39/lib/python3.9/site-packages/airflow/example_dags/example_python_operator.py
[2023-08-14T11:18:00.172+0200] {processor.py:836} INFO - DAG(s) dict_keys(['example_python_operator']) retrieved from /home/akhilesh/py39/lib/python3.9/site-packages/airflow/example_dags/example_python_operator.py
[2023-08-14T11:18:00.188+0200] {logging_mixin.py:150} INFO - [2023-08-14T11:18:00.188+0200] {dag.py:2742} INFO - Sync 1 DAGs
[2023-08-14T11:18:00.200+0200] {logging_mixin.py:150} INFO - [2023-08-14T11:18:00.200+0200] {dag.py:3504} INFO - Setting next_dagrun for example_python_operator to None, run_after=None
[2023-08-14T11:18:00.227+0200] {processor.py:179} INFO - Processing /home/akhilesh/py39/lib/python3.9/site-packages/airflow/example_dags/example_python_operator.py took 0.081 seconds
[2023-08-14T11:18:51.008+0200] {processor.py:157} INFO - Started process (PID=465619) to work on /home/akhilesh/py39/lib/python3.9/site-packages/airflow/example_dags/example_python_operator.py
[2023-08-14T11:18:51.017+0200] {processor.py:826} INFO - Processing file /home/akhilesh/py39/lib/python3.9/site-packages/airflow/example_dags/example_python_operator.py for tasks to queue
[2023-08-14T11:18:51.018+0200] {logging_mixin.py:150} INFO - [2023-08-14T11:18:51.017+0200] {dagbag.py:541} INFO - Filling up the DagBag from /home/akhilesh/py39/lib/python3.9/site-packages/airflow/example_dags/example_python_operator.py
[2023-08-14T11:18:51.032+0200] {processor.py:836} INFO - DAG(s) dict_keys(['example_python_operator']) retrieved from /home/akhilesh/py39/lib/python3.9/site-packages/airflow/example_dags/example_python_operator.py
[2023-08-14T11:18:51.050+0200] {logging_mixin.py:150} INFO - [2023-08-14T11:18:51.050+0200] {dag.py:2742} INFO - Sync 1 DAGs
[2023-08-14T11:18:51.064+0200] {logging_mixin.py:150} INFO - [2023-08-14T11:18:51.064+0200] {dag.py:3504} INFO - Setting next_dagrun for example_python_operator to None, run_after=None
[2023-08-14T11:18:51.100+0200] {processor.py:179} INFO - Processing /home/akhilesh/py39/lib/python3.9/site-packages/airflow/example_dags/example_python_operator.py took 0.096 seconds
[2023-08-14T11:20:43.737+0200] {processor.py:157} INFO - Started process (PID=465972) to work on /home/akhilesh/py39/lib/python3.9/site-packages/airflow/example_dags/example_python_operator.py
[2023-08-14T11:20:43.746+0200] {processor.py:826} INFO - Processing file /home/akhilesh/py39/lib/python3.9/site-packages/airflow/example_dags/example_python_operator.py for tasks to queue
[2023-08-14T11:20:43.747+0200] {logging_mixin.py:150} INFO - [2023-08-14T11:20:43.747+0200] {dagbag.py:541} INFO - Filling up the DagBag from /home/akhilesh/py39/lib/python3.9/site-packages/airflow/example_dags/example_python_operator.py
[2023-08-14T11:20:43.760+0200] {processor.py:836} INFO - DAG(s) dict_keys(['example_python_operator']) retrieved from /home/akhilesh/py39/lib/python3.9/site-packages/airflow/example_dags/example_python_operator.py
[2023-08-14T11:20:43.774+0200] {logging_mixin.py:150} INFO - [2023-08-14T11:20:43.774+0200] {dag.py:2742} INFO - Sync 1 DAGs
[2023-08-14T11:20:43.785+0200] {logging_mixin.py:150} INFO - [2023-08-14T11:20:43.785+0200] {dag.py:3504} INFO - Setting next_dagrun for example_python_operator to None, run_after=None
[2023-08-14T11:20:43.812+0200] {processor.py:179} INFO - Processing /home/akhilesh/py39/lib/python3.9/site-packages/airflow/example_dags/example_python_operator.py took 0.078 seconds
[2023-08-14T11:21:27.879+0200] {processor.py:157} INFO - Started process (PID=466124) to work on /home/akhilesh/py39/lib/python3.9/site-packages/airflow/example_dags/example_python_operator.py
[2023-08-14T11:21:27.888+0200] {processor.py:826} INFO - Processing file /home/akhilesh/py39/lib/python3.9/site-packages/airflow/example_dags/example_python_operator.py for tasks to queue
[2023-08-14T11:21:27.889+0200] {logging_mixin.py:150} INFO - [2023-08-14T11:21:27.889+0200] {dagbag.py:541} INFO - Filling up the DagBag from /home/akhilesh/py39/lib/python3.9/site-packages/airflow/example_dags/example_python_operator.py
[2023-08-14T11:21:27.900+0200] {processor.py:836} INFO - DAG(s) dict_keys(['example_python_operator']) retrieved from /home/akhilesh/py39/lib/python3.9/site-packages/airflow/example_dags/example_python_operator.py
[2023-08-14T11:21:27.915+0200] {logging_mixin.py:150} INFO - [2023-08-14T11:21:27.914+0200] {dag.py:2742} INFO - Sync 1 DAGs
[2023-08-14T11:21:27.928+0200] {logging_mixin.py:150} INFO - [2023-08-14T11:21:27.928+0200] {dag.py:3504} INFO - Setting next_dagrun for example_python_operator to None, run_after=None
[2023-08-14T11:21:27.971+0200] {processor.py:179} INFO - Processing /home/akhilesh/py39/lib/python3.9/site-packages/airflow/example_dags/example_python_operator.py took 0.097 seconds
[2023-08-14T11:22:15.463+0200] {processor.py:157} INFO - Started process (PID=466270) to work on /home/akhilesh/py39/lib/python3.9/site-packages/airflow/example_dags/example_python_operator.py
[2023-08-14T11:22:15.472+0200] {processor.py:826} INFO - Processing file /home/akhilesh/py39/lib/python3.9/site-packages/airflow/example_dags/example_python_operator.py for tasks to queue
[2023-08-14T11:22:15.474+0200] {logging_mixin.py:150} INFO - [2023-08-14T11:22:15.473+0200] {dagbag.py:541} INFO - Filling up the DagBag from /home/akhilesh/py39/lib/python3.9/site-packages/airflow/example_dags/example_python_operator.py
[2023-08-14T11:22:15.487+0200] {processor.py:836} INFO - DAG(s) dict_keys(['example_python_operator']) retrieved from /home/akhilesh/py39/lib/python3.9/site-packages/airflow/example_dags/example_python_operator.py
[2023-08-14T11:22:15.501+0200] {logging_mixin.py:150} INFO - [2023-08-14T11:22:15.501+0200] {dag.py:2742} INFO - Sync 1 DAGs
[2023-08-14T11:22:15.511+0200] {logging_mixin.py:150} INFO - [2023-08-14T11:22:15.511+0200] {dag.py:3504} INFO - Setting next_dagrun for example_python_operator to None, run_after=None
[2023-08-14T11:22:15.536+0200] {processor.py:179} INFO - Processing /home/akhilesh/py39/lib/python3.9/site-packages/airflow/example_dags/example_python_operator.py took 0.076 seconds
[2023-08-14T11:23:10.018+0200] {processor.py:157} INFO - Started process (PID=466680) to work on /home/akhilesh/py39/lib/python3.9/site-packages/airflow/example_dags/example_python_operator.py
[2023-08-14T11:23:10.028+0200] {processor.py:826} INFO - Processing file /home/akhilesh/py39/lib/python3.9/site-packages/airflow/example_dags/example_python_operator.py for tasks to queue
[2023-08-14T11:23:10.029+0200] {logging_mixin.py:150} INFO - [2023-08-14T11:23:10.028+0200] {dagbag.py:541} INFO - Filling up the DagBag from /home/akhilesh/py39/lib/python3.9/site-packages/airflow/example_dags/example_python_operator.py
[2023-08-14T11:23:10.040+0200] {processor.py:836} INFO - DAG(s) dict_keys(['example_python_operator']) retrieved from /home/akhilesh/py39/lib/python3.9/site-packages/airflow/example_dags/example_python_operator.py
[2023-08-14T11:23:10.056+0200] {logging_mixin.py:150} INFO - [2023-08-14T11:23:10.056+0200] {dag.py:2742} INFO - Sync 1 DAGs
[2023-08-14T11:23:10.069+0200] {logging_mixin.py:150} INFO - [2023-08-14T11:23:10.068+0200] {dag.py:3504} INFO - Setting next_dagrun for example_python_operator to None, run_after=None
[2023-08-14T11:23:10.098+0200] {processor.py:179} INFO - Processing /home/akhilesh/py39/lib/python3.9/site-packages/airflow/example_dags/example_python_operator.py took 0.084 seconds
[2023-08-14T11:23:58.209+0200] {processor.py:157} INFO - Started process (PID=467109) to work on /home/akhilesh/py39/lib/python3.9/site-packages/airflow/example_dags/example_python_operator.py
[2023-08-14T11:23:58.211+0200] {processor.py:826} INFO - Processing file /home/akhilesh/py39/lib/python3.9/site-packages/airflow/example_dags/example_python_operator.py for tasks to queue
[2023-08-14T11:23:58.212+0200] {logging_mixin.py:150} INFO - [2023-08-14T11:23:58.212+0200] {dagbag.py:541} INFO - Filling up the DagBag from /home/akhilesh/py39/lib/python3.9/site-packages/airflow/example_dags/example_python_operator.py
[2023-08-14T11:23:58.222+0200] {processor.py:836} INFO - DAG(s) dict_keys(['example_python_operator']) retrieved from /home/akhilesh/py39/lib/python3.9/site-packages/airflow/example_dags/example_python_operator.py
[2023-08-14T11:23:58.237+0200] {logging_mixin.py:150} INFO - [2023-08-14T11:23:58.237+0200] {dag.py:2742} INFO - Sync 1 DAGs
[2023-08-14T11:23:58.249+0200] {logging_mixin.py:150} INFO - [2023-08-14T11:23:58.249+0200] {dag.py:3504} INFO - Setting next_dagrun for example_python_operator to None, run_after=None
[2023-08-14T11:23:58.279+0200] {processor.py:179} INFO - Processing /home/akhilesh/py39/lib/python3.9/site-packages/airflow/example_dags/example_python_operator.py took 0.073 seconds
[2023-08-14T11:24:47.785+0200] {processor.py:157} INFO - Started process (PID=467265) to work on /home/akhilesh/py39/lib/python3.9/site-packages/airflow/example_dags/example_python_operator.py
[2023-08-14T11:24:47.794+0200] {processor.py:826} INFO - Processing file /home/akhilesh/py39/lib/python3.9/site-packages/airflow/example_dags/example_python_operator.py for tasks to queue
[2023-08-14T11:24:47.796+0200] {logging_mixin.py:150} INFO - [2023-08-14T11:24:47.795+0200] {dagbag.py:541} INFO - Filling up the DagBag from /home/akhilesh/py39/lib/python3.9/site-packages/airflow/example_dags/example_python_operator.py
[2023-08-14T11:24:47.806+0200] {processor.py:836} INFO - DAG(s) dict_keys(['example_python_operator']) retrieved from /home/akhilesh/py39/lib/python3.9/site-packages/airflow/example_dags/example_python_operator.py
[2023-08-14T11:24:47.824+0200] {logging_mixin.py:150} INFO - [2023-08-14T11:24:47.824+0200] {dag.py:2742} INFO - Sync 1 DAGs
[2023-08-14T11:24:47.837+0200] {logging_mixin.py:150} INFO - [2023-08-14T11:24:47.837+0200] {dag.py:3504} INFO - Setting next_dagrun for example_python_operator to None, run_after=None
[2023-08-14T11:24:47.865+0200] {processor.py:179} INFO - Processing /home/akhilesh/py39/lib/python3.9/site-packages/airflow/example_dags/example_python_operator.py took 0.085 seconds
[2023-08-14T11:25:36.443+0200] {processor.py:157} INFO - Started process (PID=467841) to work on /home/akhilesh/py39/lib/python3.9/site-packages/airflow/example_dags/example_python_operator.py
[2023-08-14T11:25:36.451+0200] {processor.py:826} INFO - Processing file /home/akhilesh/py39/lib/python3.9/site-packages/airflow/example_dags/example_python_operator.py for tasks to queue
[2023-08-14T11:25:36.453+0200] {logging_mixin.py:150} INFO - [2023-08-14T11:25:36.452+0200] {dagbag.py:541} INFO - Filling up the DagBag from /home/akhilesh/py39/lib/python3.9/site-packages/airflow/example_dags/example_python_operator.py
[2023-08-14T11:25:36.465+0200] {processor.py:836} INFO - DAG(s) dict_keys(['example_python_operator']) retrieved from /home/akhilesh/py39/lib/python3.9/site-packages/airflow/example_dags/example_python_operator.py
[2023-08-14T11:25:36.486+0200] {logging_mixin.py:150} INFO - [2023-08-14T11:25:36.486+0200] {dag.py:2742} INFO - Sync 1 DAGs
[2023-08-14T11:25:36.501+0200] {logging_mixin.py:150} INFO - [2023-08-14T11:25:36.501+0200] {dag.py:3504} INFO - Setting next_dagrun for example_python_operator to None, run_after=None
[2023-08-14T11:25:36.533+0200] {processor.py:179} INFO - Processing /home/akhilesh/py39/lib/python3.9/site-packages/airflow/example_dags/example_python_operator.py took 0.094 seconds
