[2023-08-14T10:22:13.944+0200] {processor.py:157} INFO - Started process (PID=453362) to work on /home/akhilesh/py39/lib/python3.9/site-packages/airflow/example_dags/example_sla_dag.py
[2023-08-14T10:22:13.945+0200] {processor.py:826} INFO - Processing file /home/akhilesh/py39/lib/python3.9/site-packages/airflow/example_dags/example_sla_dag.py for tasks to queue
[2023-08-14T10:22:13.946+0200] {logging_mixin.py:150} INFO - [2023-08-14T10:22:13.945+0200] {dagbag.py:541} INFO - Filling up the DagBag from /home/akhilesh/py39/lib/python3.9/site-packages/airflow/example_dags/example_sla_dag.py
[2023-08-14T10:22:13.956+0200] {processor.py:836} INFO - DAG(s) dict_keys(['example_sla_dag']) retrieved from /home/akhilesh/py39/lib/python3.9/site-packages/airflow/example_dags/example_sla_dag.py
[2023-08-14T10:22:13.970+0200] {logging_mixin.py:150} INFO - [2023-08-14T10:22:13.970+0200] {dag.py:2742} INFO - Sync 1 DAGs
[2023-08-14T10:22:13.987+0200] {logging_mixin.py:150} INFO - [2023-08-14T10:22:13.987+0200] {dag.py:3504} INFO - Setting next_dagrun for example_sla_dag to 2023-08-14T08:20:00+00:00, run_after=2023-08-14T08:22:00+00:00
[2023-08-14T10:22:14.011+0200] {processor.py:179} INFO - Processing /home/akhilesh/py39/lib/python3.9/site-packages/airflow/example_dags/example_sla_dag.py took 0.072 seconds
[2023-08-14T10:23:01.540+0200] {processor.py:157} INFO - Started process (PID=453531) to work on /home/akhilesh/py39/lib/python3.9/site-packages/airflow/example_dags/example_sla_dag.py
[2023-08-14T10:23:01.549+0200] {processor.py:826} INFO - Processing file /home/akhilesh/py39/lib/python3.9/site-packages/airflow/example_dags/example_sla_dag.py for tasks to queue
[2023-08-14T10:23:01.551+0200] {logging_mixin.py:150} INFO - [2023-08-14T10:23:01.550+0200] {dagbag.py:541} INFO - Filling up the DagBag from /home/akhilesh/py39/lib/python3.9/site-packages/airflow/example_dags/example_sla_dag.py
[2023-08-14T10:23:01.561+0200] {processor.py:836} INFO - DAG(s) dict_keys(['example_sla_dag']) retrieved from /home/akhilesh/py39/lib/python3.9/site-packages/airflow/example_dags/example_sla_dag.py
[2023-08-14T10:23:01.575+0200] {logging_mixin.py:150} INFO - [2023-08-14T10:23:01.574+0200] {dag.py:2742} INFO - Sync 1 DAGs
[2023-08-14T10:23:01.591+0200] {logging_mixin.py:150} INFO - [2023-08-14T10:23:01.590+0200] {dag.py:3504} INFO - Setting next_dagrun for example_sla_dag to 2023-08-14T08:20:00+00:00, run_after=2023-08-14T08:22:00+00:00
[2023-08-14T10:23:01.613+0200] {processor.py:179} INFO - Processing /home/akhilesh/py39/lib/python3.9/site-packages/airflow/example_dags/example_sla_dag.py took 0.076 seconds
[2023-08-14T10:23:45.737+0200] {processor.py:157} INFO - Started process (PID=453786) to work on /home/akhilesh/py39/lib/python3.9/site-packages/airflow/example_dags/example_sla_dag.py
[2023-08-14T10:23:45.739+0200] {processor.py:826} INFO - Processing file /home/akhilesh/py39/lib/python3.9/site-packages/airflow/example_dags/example_sla_dag.py for tasks to queue
[2023-08-14T10:23:45.740+0200] {logging_mixin.py:150} INFO - [2023-08-14T10:23:45.739+0200] {dagbag.py:541} INFO - Filling up the DagBag from /home/akhilesh/py39/lib/python3.9/site-packages/airflow/example_dags/example_sla_dag.py
[2023-08-14T10:23:45.748+0200] {processor.py:836} INFO - DAG(s) dict_keys(['example_sla_dag']) retrieved from /home/akhilesh/py39/lib/python3.9/site-packages/airflow/example_dags/example_sla_dag.py
[2023-08-14T10:23:45.763+0200] {logging_mixin.py:150} INFO - [2023-08-14T10:23:45.763+0200] {dag.py:2742} INFO - Sync 1 DAGs
[2023-08-14T10:23:45.943+0200] {logging_mixin.py:150} INFO - [2023-08-14T10:23:45.943+0200] {dag.py:3504} INFO - Setting next_dagrun for example_sla_dag to 2023-08-14T08:20:00+00:00, run_after=2023-08-14T08:22:00+00:00
[2023-08-14T10:23:45.976+0200] {processor.py:179} INFO - Processing /home/akhilesh/py39/lib/python3.9/site-packages/airflow/example_dags/example_sla_dag.py took 0.243 seconds
[2023-08-14T10:24:27.680+0200] {processor.py:157} INFO - Started process (PID=453924) to work on /home/akhilesh/py39/lib/python3.9/site-packages/airflow/example_dags/example_sla_dag.py
[2023-08-14T10:24:27.689+0200] {processor.py:826} INFO - Processing file /home/akhilesh/py39/lib/python3.9/site-packages/airflow/example_dags/example_sla_dag.py for tasks to queue
[2023-08-14T10:24:27.691+0200] {logging_mixin.py:150} INFO - [2023-08-14T10:24:27.690+0200] {dagbag.py:541} INFO - Filling up the DagBag from /home/akhilesh/py39/lib/python3.9/site-packages/airflow/example_dags/example_sla_dag.py
[2023-08-14T10:24:27.702+0200] {processor.py:836} INFO - DAG(s) dict_keys(['example_sla_dag']) retrieved from /home/akhilesh/py39/lib/python3.9/site-packages/airflow/example_dags/example_sla_dag.py
[2023-08-14T10:24:27.719+0200] {logging_mixin.py:150} INFO - [2023-08-14T10:24:27.719+0200] {dag.py:2742} INFO - Sync 1 DAGs
[2023-08-14T10:24:27.736+0200] {logging_mixin.py:150} INFO - [2023-08-14T10:24:27.736+0200] {dag.py:3504} INFO - Setting next_dagrun for example_sla_dag to 2023-08-14T08:22:00+00:00, run_after=2023-08-14T08:24:00+00:00
[2023-08-14T10:24:27.759+0200] {processor.py:179} INFO - Processing /home/akhilesh/py39/lib/python3.9/site-packages/airflow/example_dags/example_sla_dag.py took 0.083 seconds
[2023-08-14T10:25:10.257+0200] {processor.py:157} INFO - Started process (PID=454070) to work on /home/akhilesh/py39/lib/python3.9/site-packages/airflow/example_dags/example_sla_dag.py
[2023-08-14T10:25:10.258+0200] {processor.py:826} INFO - Processing file /home/akhilesh/py39/lib/python3.9/site-packages/airflow/example_dags/example_sla_dag.py for tasks to queue
[2023-08-14T10:25:10.259+0200] {logging_mixin.py:150} INFO - [2023-08-14T10:25:10.259+0200] {dagbag.py:541} INFO - Filling up the DagBag from /home/akhilesh/py39/lib/python3.9/site-packages/airflow/example_dags/example_sla_dag.py
[2023-08-14T10:25:10.267+0200] {processor.py:836} INFO - DAG(s) dict_keys(['example_sla_dag']) retrieved from /home/akhilesh/py39/lib/python3.9/site-packages/airflow/example_dags/example_sla_dag.py
[2023-08-14T10:25:10.283+0200] {logging_mixin.py:150} INFO - [2023-08-14T10:25:10.283+0200] {dag.py:2742} INFO - Sync 1 DAGs
[2023-08-14T10:25:10.459+0200] {logging_mixin.py:150} INFO - [2023-08-14T10:25:10.459+0200] {dag.py:3504} INFO - Setting next_dagrun for example_sla_dag to 2023-08-14T08:22:00+00:00, run_after=2023-08-14T08:24:00+00:00
[2023-08-14T10:25:10.494+0200] {processor.py:179} INFO - Processing /home/akhilesh/py39/lib/python3.9/site-packages/airflow/example_dags/example_sla_dag.py took 0.241 seconds
[2023-08-14T10:25:59.974+0200] {processor.py:157} INFO - Started process (PID=454219) to work on /home/akhilesh/py39/lib/python3.9/site-packages/airflow/example_dags/example_sla_dag.py
[2023-08-14T10:25:59.983+0200] {processor.py:826} INFO - Processing file /home/akhilesh/py39/lib/python3.9/site-packages/airflow/example_dags/example_sla_dag.py for tasks to queue
[2023-08-14T10:25:59.985+0200] {logging_mixin.py:150} INFO - [2023-08-14T10:25:59.984+0200] {dagbag.py:541} INFO - Filling up the DagBag from /home/akhilesh/py39/lib/python3.9/site-packages/airflow/example_dags/example_sla_dag.py
[2023-08-14T10:25:59.996+0200] {processor.py:836} INFO - DAG(s) dict_keys(['example_sla_dag']) retrieved from /home/akhilesh/py39/lib/python3.9/site-packages/airflow/example_dags/example_sla_dag.py
[2023-08-14T10:26:00.011+0200] {logging_mixin.py:150} INFO - [2023-08-14T10:26:00.011+0200] {dag.py:2742} INFO - Sync 1 DAGs
[2023-08-14T10:26:00.027+0200] {logging_mixin.py:150} INFO - [2023-08-14T10:26:00.027+0200] {dag.py:3504} INFO - Setting next_dagrun for example_sla_dag to 2023-08-14T08:24:00+00:00, run_after=2023-08-14T08:26:00+00:00
[2023-08-14T10:26:00.045+0200] {processor.py:179} INFO - Processing /home/akhilesh/py39/lib/python3.9/site-packages/airflow/example_dags/example_sla_dag.py took 0.075 seconds
[2023-08-14T10:26:40.733+0200] {processor.py:157} INFO - Started process (PID=454484) to work on /home/akhilesh/py39/lib/python3.9/site-packages/airflow/example_dags/example_sla_dag.py
[2023-08-14T10:26:40.734+0200] {processor.py:826} INFO - Processing file /home/akhilesh/py39/lib/python3.9/site-packages/airflow/example_dags/example_sla_dag.py for tasks to queue
[2023-08-14T10:26:40.735+0200] {logging_mixin.py:150} INFO - [2023-08-14T10:26:40.734+0200] {dagbag.py:541} INFO - Filling up the DagBag from /home/akhilesh/py39/lib/python3.9/site-packages/airflow/example_dags/example_sla_dag.py
[2023-08-14T10:26:40.741+0200] {processor.py:836} INFO - DAG(s) dict_keys(['example_sla_dag']) retrieved from /home/akhilesh/py39/lib/python3.9/site-packages/airflow/example_dags/example_sla_dag.py
[2023-08-14T10:26:40.760+0200] {logging_mixin.py:150} INFO - [2023-08-14T10:26:40.759+0200] {dag.py:2742} INFO - Sync 1 DAGs
[2023-08-14T10:26:40.948+0200] {logging_mixin.py:150} INFO - [2023-08-14T10:26:40.948+0200] {dag.py:3504} INFO - Setting next_dagrun for example_sla_dag to 2023-08-14T08:24:00+00:00, run_after=2023-08-14T08:26:00+00:00
[2023-08-14T10:26:40.986+0200] {processor.py:179} INFO - Processing /home/akhilesh/py39/lib/python3.9/site-packages/airflow/example_dags/example_sla_dag.py took 0.257 seconds
[2023-08-14T10:27:21.396+0200] {processor.py:157} INFO - Started process (PID=454663) to work on /home/akhilesh/py39/lib/python3.9/site-packages/airflow/example_dags/example_sla_dag.py
[2023-08-14T10:27:21.405+0200] {processor.py:826} INFO - Processing file /home/akhilesh/py39/lib/python3.9/site-packages/airflow/example_dags/example_sla_dag.py for tasks to queue
[2023-08-14T10:27:21.406+0200] {logging_mixin.py:150} INFO - [2023-08-14T10:27:21.406+0200] {dagbag.py:541} INFO - Filling up the DagBag from /home/akhilesh/py39/lib/python3.9/site-packages/airflow/example_dags/example_sla_dag.py
[2023-08-14T10:27:21.417+0200] {processor.py:836} INFO - DAG(s) dict_keys(['example_sla_dag']) retrieved from /home/akhilesh/py39/lib/python3.9/site-packages/airflow/example_dags/example_sla_dag.py
[2023-08-14T10:27:21.432+0200] {logging_mixin.py:150} INFO - [2023-08-14T10:27:21.432+0200] {dag.py:2742} INFO - Sync 1 DAGs
[2023-08-14T10:27:21.446+0200] {logging_mixin.py:150} INFO - [2023-08-14T10:27:21.446+0200] {dag.py:3504} INFO - Setting next_dagrun for example_sla_dag to 2023-08-14T08:24:00+00:00, run_after=2023-08-14T08:26:00+00:00
[2023-08-14T10:27:21.463+0200] {processor.py:179} INFO - Processing /home/akhilesh/py39/lib/python3.9/site-packages/airflow/example_dags/example_sla_dag.py took 0.072 seconds
[2023-08-14T10:28:16.050+0200] {processor.py:157} INFO - Started process (PID=454935) to work on /home/akhilesh/py39/lib/python3.9/site-packages/airflow/example_dags/example_sla_dag.py
[2023-08-14T10:28:16.059+0200] {processor.py:826} INFO - Processing file /home/akhilesh/py39/lib/python3.9/site-packages/airflow/example_dags/example_sla_dag.py for tasks to queue
[2023-08-14T10:28:16.061+0200] {logging_mixin.py:150} INFO - [2023-08-14T10:28:16.060+0200] {dagbag.py:541} INFO - Filling up the DagBag from /home/akhilesh/py39/lib/python3.9/site-packages/airflow/example_dags/example_sla_dag.py
[2023-08-14T10:28:16.073+0200] {processor.py:836} INFO - DAG(s) dict_keys(['example_sla_dag']) retrieved from /home/akhilesh/py39/lib/python3.9/site-packages/airflow/example_dags/example_sla_dag.py
[2023-08-14T10:28:16.091+0200] {logging_mixin.py:150} INFO - [2023-08-14T10:28:16.091+0200] {dag.py:2742} INFO - Sync 1 DAGs
[2023-08-14T10:28:16.209+0200] {logging_mixin.py:150} INFO - [2023-08-14T10:28:16.209+0200] {dag.py:3504} INFO - Setting next_dagrun for example_sla_dag to 2023-08-14T08:26:00+00:00, run_after=2023-08-14T08:28:00+00:00
[2023-08-14T10:28:16.239+0200] {processor.py:179} INFO - Processing /home/akhilesh/py39/lib/python3.9/site-packages/airflow/example_dags/example_sla_dag.py took 0.194 seconds
[2023-08-14T10:28:57.849+0200] {processor.py:157} INFO - Started process (PID=455060) to work on /home/akhilesh/py39/lib/python3.9/site-packages/airflow/example_dags/example_sla_dag.py
[2023-08-14T10:28:57.858+0200] {processor.py:826} INFO - Processing file /home/akhilesh/py39/lib/python3.9/site-packages/airflow/example_dags/example_sla_dag.py for tasks to queue
[2023-08-14T10:28:57.860+0200] {logging_mixin.py:150} INFO - [2023-08-14T10:28:57.859+0200] {dagbag.py:541} INFO - Filling up the DagBag from /home/akhilesh/py39/lib/python3.9/site-packages/airflow/example_dags/example_sla_dag.py
[2023-08-14T10:28:57.869+0200] {processor.py:836} INFO - DAG(s) dict_keys(['example_sla_dag']) retrieved from /home/akhilesh/py39/lib/python3.9/site-packages/airflow/example_dags/example_sla_dag.py
[2023-08-14T10:28:57.885+0200] {logging_mixin.py:150} INFO - [2023-08-14T10:28:57.885+0200] {dag.py:2742} INFO - Sync 1 DAGs
[2023-08-14T10:28:57.902+0200] {logging_mixin.py:150} INFO - [2023-08-14T10:28:57.901+0200] {dag.py:3504} INFO - Setting next_dagrun for example_sla_dag to 2023-08-14T08:26:00+00:00, run_after=2023-08-14T08:28:00+00:00
[2023-08-14T10:28:57.920+0200] {processor.py:179} INFO - Processing /home/akhilesh/py39/lib/python3.9/site-packages/airflow/example_dags/example_sla_dag.py took 0.074 seconds
[2023-08-14T10:29:43.220+0200] {processor.py:157} INFO - Started process (PID=455231) to work on /home/akhilesh/py39/lib/python3.9/site-packages/airflow/example_dags/example_sla_dag.py
[2023-08-14T10:29:43.229+0200] {processor.py:826} INFO - Processing file /home/akhilesh/py39/lib/python3.9/site-packages/airflow/example_dags/example_sla_dag.py for tasks to queue
[2023-08-14T10:29:43.230+0200] {logging_mixin.py:150} INFO - [2023-08-14T10:29:43.230+0200] {dagbag.py:541} INFO - Filling up the DagBag from /home/akhilesh/py39/lib/python3.9/site-packages/airflow/example_dags/example_sla_dag.py
[2023-08-14T10:29:43.242+0200] {processor.py:836} INFO - DAG(s) dict_keys(['example_sla_dag']) retrieved from /home/akhilesh/py39/lib/python3.9/site-packages/airflow/example_dags/example_sla_dag.py
[2023-08-14T10:29:43.260+0200] {logging_mixin.py:150} INFO - [2023-08-14T10:29:43.260+0200] {dag.py:2742} INFO - Sync 1 DAGs
[2023-08-14T10:29:43.450+0200] {logging_mixin.py:150} INFO - [2023-08-14T10:29:43.449+0200] {dag.py:3504} INFO - Setting next_dagrun for example_sla_dag to 2023-08-14T08:26:00+00:00, run_after=2023-08-14T08:28:00+00:00
[2023-08-14T10:29:43.481+0200] {processor.py:179} INFO - Processing /home/akhilesh/py39/lib/python3.9/site-packages/airflow/example_dags/example_sla_dag.py took 0.265 seconds
[2023-08-14T10:30:34.933+0200] {processor.py:157} INFO - Started process (PID=455373) to work on /home/akhilesh/py39/lib/python3.9/site-packages/airflow/example_dags/example_sla_dag.py
[2023-08-14T10:30:34.942+0200] {processor.py:826} INFO - Processing file /home/akhilesh/py39/lib/python3.9/site-packages/airflow/example_dags/example_sla_dag.py for tasks to queue
[2023-08-14T10:30:34.944+0200] {logging_mixin.py:150} INFO - [2023-08-14T10:30:34.943+0200] {dagbag.py:541} INFO - Filling up the DagBag from /home/akhilesh/py39/lib/python3.9/site-packages/airflow/example_dags/example_sla_dag.py
[2023-08-14T10:30:35.115+0200] {processor.py:836} INFO - DAG(s) dict_keys(['example_sla_dag']) retrieved from /home/akhilesh/py39/lib/python3.9/site-packages/airflow/example_dags/example_sla_dag.py
[2023-08-14T10:30:35.127+0200] {logging_mixin.py:150} INFO - [2023-08-14T10:30:35.127+0200] {dag.py:2742} INFO - Sync 1 DAGs
[2023-08-14T10:30:35.143+0200] {logging_mixin.py:150} INFO - [2023-08-14T10:30:35.142+0200] {dag.py:3504} INFO - Setting next_dagrun for example_sla_dag to 2023-08-14T08:28:00+00:00, run_after=2023-08-14T08:30:00+00:00
[2023-08-14T10:30:35.175+0200] {processor.py:179} INFO - Processing /home/akhilesh/py39/lib/python3.9/site-packages/airflow/example_dags/example_sla_dag.py took 0.246 seconds
[2023-08-14T10:31:14.747+0200] {processor.py:157} INFO - Started process (PID=455492) to work on /home/akhilesh/py39/lib/python3.9/site-packages/airflow/example_dags/example_sla_dag.py
[2023-08-14T10:31:14.756+0200] {processor.py:826} INFO - Processing file /home/akhilesh/py39/lib/python3.9/site-packages/airflow/example_dags/example_sla_dag.py for tasks to queue
[2023-08-14T10:31:14.757+0200] {logging_mixin.py:150} INFO - [2023-08-14T10:31:14.757+0200] {dagbag.py:541} INFO - Filling up the DagBag from /home/akhilesh/py39/lib/python3.9/site-packages/airflow/example_dags/example_sla_dag.py
[2023-08-14T10:31:14.770+0200] {processor.py:836} INFO - DAG(s) dict_keys(['example_sla_dag']) retrieved from /home/akhilesh/py39/lib/python3.9/site-packages/airflow/example_dags/example_sla_dag.py
[2023-08-14T10:31:14.785+0200] {logging_mixin.py:150} INFO - [2023-08-14T10:31:14.785+0200] {dag.py:2742} INFO - Sync 1 DAGs
[2023-08-14T10:31:14.803+0200] {logging_mixin.py:150} INFO - [2023-08-14T10:31:14.803+0200] {dag.py:3504} INFO - Setting next_dagrun for example_sla_dag to 2023-08-14T08:28:00+00:00, run_after=2023-08-14T08:30:00+00:00
[2023-08-14T10:31:14.827+0200] {processor.py:179} INFO - Processing /home/akhilesh/py39/lib/python3.9/site-packages/airflow/example_dags/example_sla_dag.py took 0.083 seconds
[2023-08-14T10:32:03.879+0200] {processor.py:157} INFO - Started process (PID=455646) to work on /home/akhilesh/py39/lib/python3.9/site-packages/airflow/example_dags/example_sla_dag.py
[2023-08-14T10:32:03.888+0200] {processor.py:826} INFO - Processing file /home/akhilesh/py39/lib/python3.9/site-packages/airflow/example_dags/example_sla_dag.py for tasks to queue
[2023-08-14T10:32:03.890+0200] {logging_mixin.py:150} INFO - [2023-08-14T10:32:03.889+0200] {dagbag.py:541} INFO - Filling up the DagBag from /home/akhilesh/py39/lib/python3.9/site-packages/airflow/example_dags/example_sla_dag.py
[2023-08-14T10:32:03.901+0200] {processor.py:836} INFO - DAG(s) dict_keys(['example_sla_dag']) retrieved from /home/akhilesh/py39/lib/python3.9/site-packages/airflow/example_dags/example_sla_dag.py
[2023-08-14T10:32:03.918+0200] {logging_mixin.py:150} INFO - [2023-08-14T10:32:03.917+0200] {dag.py:2742} INFO - Sync 1 DAGs
[2023-08-14T10:32:03.934+0200] {logging_mixin.py:150} INFO - [2023-08-14T10:32:03.934+0200] {dag.py:3504} INFO - Setting next_dagrun for example_sla_dag to 2023-08-14T08:30:00+00:00, run_after=2023-08-14T08:32:00+00:00
[2023-08-14T10:32:03.955+0200] {processor.py:179} INFO - Processing /home/akhilesh/py39/lib/python3.9/site-packages/airflow/example_dags/example_sla_dag.py took 0.080 seconds
[2023-08-14T10:32:54.127+0200] {processor.py:157} INFO - Started process (PID=455918) to work on /home/akhilesh/py39/lib/python3.9/site-packages/airflow/example_dags/example_sla_dag.py
[2023-08-14T10:32:54.136+0200] {processor.py:826} INFO - Processing file /home/akhilesh/py39/lib/python3.9/site-packages/airflow/example_dags/example_sla_dag.py for tasks to queue
[2023-08-14T10:32:54.138+0200] {logging_mixin.py:150} INFO - [2023-08-14T10:32:54.137+0200] {dagbag.py:541} INFO - Filling up the DagBag from /home/akhilesh/py39/lib/python3.9/site-packages/airflow/example_dags/example_sla_dag.py
[2023-08-14T10:32:54.150+0200] {processor.py:836} INFO - DAG(s) dict_keys(['example_sla_dag']) retrieved from /home/akhilesh/py39/lib/python3.9/site-packages/airflow/example_dags/example_sla_dag.py
[2023-08-14T10:32:54.169+0200] {logging_mixin.py:150} INFO - [2023-08-14T10:32:54.169+0200] {dag.py:2742} INFO - Sync 1 DAGs
[2023-08-14T10:32:54.191+0200] {logging_mixin.py:150} INFO - [2023-08-14T10:32:54.191+0200] {dag.py:3504} INFO - Setting next_dagrun for example_sla_dag to 2023-08-14T08:30:00+00:00, run_after=2023-08-14T08:32:00+00:00
[2023-08-14T10:32:54.220+0200] {processor.py:179} INFO - Processing /home/akhilesh/py39/lib/python3.9/site-packages/airflow/example_dags/example_sla_dag.py took 0.097 seconds
[2023-08-14T10:33:46.472+0200] {processor.py:157} INFO - Started process (PID=456057) to work on /home/akhilesh/py39/lib/python3.9/site-packages/airflow/example_dags/example_sla_dag.py
[2023-08-14T10:33:46.481+0200] {processor.py:826} INFO - Processing file /home/akhilesh/py39/lib/python3.9/site-packages/airflow/example_dags/example_sla_dag.py for tasks to queue
[2023-08-14T10:33:46.482+0200] {logging_mixin.py:150} INFO - [2023-08-14T10:33:46.482+0200] {dagbag.py:541} INFO - Filling up the DagBag from /home/akhilesh/py39/lib/python3.9/site-packages/airflow/example_dags/example_sla_dag.py
[2023-08-14T10:33:46.493+0200] {processor.py:836} INFO - DAG(s) dict_keys(['example_sla_dag']) retrieved from /home/akhilesh/py39/lib/python3.9/site-packages/airflow/example_dags/example_sla_dag.py
[2023-08-14T10:33:46.508+0200] {logging_mixin.py:150} INFO - [2023-08-14T10:33:46.507+0200] {dag.py:2742} INFO - Sync 1 DAGs
[2023-08-14T10:33:46.524+0200] {logging_mixin.py:150} INFO - [2023-08-14T10:33:46.524+0200] {dag.py:3504} INFO - Setting next_dagrun for example_sla_dag to 2023-08-14T08:30:00+00:00, run_after=2023-08-14T08:32:00+00:00
[2023-08-14T10:33:46.542+0200] {processor.py:179} INFO - Processing /home/akhilesh/py39/lib/python3.9/site-packages/airflow/example_dags/example_sla_dag.py took 0.074 seconds
[2023-08-14T10:34:41.595+0200] {processor.py:157} INFO - Started process (PID=456183) to work on /home/akhilesh/py39/lib/python3.9/site-packages/airflow/example_dags/example_sla_dag.py
[2023-08-14T10:34:41.604+0200] {processor.py:826} INFO - Processing file /home/akhilesh/py39/lib/python3.9/site-packages/airflow/example_dags/example_sla_dag.py for tasks to queue
[2023-08-14T10:34:41.606+0200] {logging_mixin.py:150} INFO - [2023-08-14T10:34:41.605+0200] {dagbag.py:541} INFO - Filling up the DagBag from /home/akhilesh/py39/lib/python3.9/site-packages/airflow/example_dags/example_sla_dag.py
[2023-08-14T10:34:41.616+0200] {processor.py:836} INFO - DAG(s) dict_keys(['example_sla_dag']) retrieved from /home/akhilesh/py39/lib/python3.9/site-packages/airflow/example_dags/example_sla_dag.py
[2023-08-14T10:34:41.636+0200] {logging_mixin.py:150} INFO - [2023-08-14T10:34:41.635+0200] {dag.py:2742} INFO - Sync 1 DAGs
[2023-08-14T10:34:41.656+0200] {logging_mixin.py:150} INFO - [2023-08-14T10:34:41.655+0200] {dag.py:3504} INFO - Setting next_dagrun for example_sla_dag to 2023-08-14T08:32:00+00:00, run_after=2023-08-14T08:34:00+00:00
[2023-08-14T10:34:41.679+0200] {processor.py:179} INFO - Processing /home/akhilesh/py39/lib/python3.9/site-packages/airflow/example_dags/example_sla_dag.py took 0.088 seconds
[2023-08-14T10:35:33.913+0200] {processor.py:157} INFO - Started process (PID=456349) to work on /home/akhilesh/py39/lib/python3.9/site-packages/airflow/example_dags/example_sla_dag.py
[2023-08-14T10:35:33.922+0200] {processor.py:826} INFO - Processing file /home/akhilesh/py39/lib/python3.9/site-packages/airflow/example_dags/example_sla_dag.py for tasks to queue
[2023-08-14T10:35:33.923+0200] {logging_mixin.py:150} INFO - [2023-08-14T10:35:33.923+0200] {dagbag.py:541} INFO - Filling up the DagBag from /home/akhilesh/py39/lib/python3.9/site-packages/airflow/example_dags/example_sla_dag.py
[2023-08-14T10:35:33.934+0200] {processor.py:836} INFO - DAG(s) dict_keys(['example_sla_dag']) retrieved from /home/akhilesh/py39/lib/python3.9/site-packages/airflow/example_dags/example_sla_dag.py
[2023-08-14T10:35:33.950+0200] {logging_mixin.py:150} INFO - [2023-08-14T10:35:33.950+0200] {dag.py:2742} INFO - Sync 1 DAGs
[2023-08-14T10:35:33.966+0200] {logging_mixin.py:150} INFO - [2023-08-14T10:35:33.966+0200] {dag.py:3504} INFO - Setting next_dagrun for example_sla_dag to 2023-08-14T08:32:00+00:00, run_after=2023-08-14T08:34:00+00:00
[2023-08-14T10:35:33.991+0200] {processor.py:179} INFO - Processing /home/akhilesh/py39/lib/python3.9/site-packages/airflow/example_dags/example_sla_dag.py took 0.082 seconds
[2023-08-14T10:36:24.818+0200] {processor.py:157} INFO - Started process (PID=456492) to work on /home/akhilesh/py39/lib/python3.9/site-packages/airflow/example_dags/example_sla_dag.py
[2023-08-14T10:36:24.827+0200] {processor.py:826} INFO - Processing file /home/akhilesh/py39/lib/python3.9/site-packages/airflow/example_dags/example_sla_dag.py for tasks to queue
[2023-08-14T10:36:24.828+0200] {logging_mixin.py:150} INFO - [2023-08-14T10:36:24.827+0200] {dagbag.py:541} INFO - Filling up the DagBag from /home/akhilesh/py39/lib/python3.9/site-packages/airflow/example_dags/example_sla_dag.py
[2023-08-14T10:36:24.840+0200] {processor.py:836} INFO - DAG(s) dict_keys(['example_sla_dag']) retrieved from /home/akhilesh/py39/lib/python3.9/site-packages/airflow/example_dags/example_sla_dag.py
[2023-08-14T10:36:24.857+0200] {logging_mixin.py:150} INFO - [2023-08-14T10:36:24.857+0200] {dag.py:2742} INFO - Sync 1 DAGs
[2023-08-14T10:36:24.875+0200] {logging_mixin.py:150} INFO - [2023-08-14T10:36:24.875+0200] {dag.py:3504} INFO - Setting next_dagrun for example_sla_dag to 2023-08-14T08:34:00+00:00, run_after=2023-08-14T08:36:00+00:00
[2023-08-14T10:36:24.903+0200] {processor.py:179} INFO - Processing /home/akhilesh/py39/lib/python3.9/site-packages/airflow/example_dags/example_sla_dag.py took 0.089 seconds
[2023-08-14T10:37:13.679+0200] {processor.py:157} INFO - Started process (PID=456607) to work on /home/akhilesh/py39/lib/python3.9/site-packages/airflow/example_dags/example_sla_dag.py
[2023-08-14T10:37:13.687+0200] {processor.py:826} INFO - Processing file /home/akhilesh/py39/lib/python3.9/site-packages/airflow/example_dags/example_sla_dag.py for tasks to queue
[2023-08-14T10:37:13.689+0200] {logging_mixin.py:150} INFO - [2023-08-14T10:37:13.688+0200] {dagbag.py:541} INFO - Filling up the DagBag from /home/akhilesh/py39/lib/python3.9/site-packages/airflow/example_dags/example_sla_dag.py
[2023-08-14T10:37:13.699+0200] {processor.py:836} INFO - DAG(s) dict_keys(['example_sla_dag']) retrieved from /home/akhilesh/py39/lib/python3.9/site-packages/airflow/example_dags/example_sla_dag.py
[2023-08-14T10:37:13.713+0200] {logging_mixin.py:150} INFO - [2023-08-14T10:37:13.713+0200] {dag.py:2742} INFO - Sync 1 DAGs
[2023-08-14T10:37:13.730+0200] {logging_mixin.py:150} INFO - [2023-08-14T10:37:13.730+0200] {dag.py:3504} INFO - Setting next_dagrun for example_sla_dag to 2023-08-14T08:34:00+00:00, run_after=2023-08-14T08:36:00+00:00
[2023-08-14T10:37:13.750+0200] {processor.py:179} INFO - Processing /home/akhilesh/py39/lib/python3.9/site-packages/airflow/example_dags/example_sla_dag.py took 0.075 seconds
[2023-08-14T10:38:03.383+0200] {processor.py:157} INFO - Started process (PID=456744) to work on /home/akhilesh/py39/lib/python3.9/site-packages/airflow/example_dags/example_sla_dag.py
[2023-08-14T10:38:03.384+0200] {processor.py:826} INFO - Processing file /home/akhilesh/py39/lib/python3.9/site-packages/airflow/example_dags/example_sla_dag.py for tasks to queue
[2023-08-14T10:38:03.385+0200] {logging_mixin.py:150} INFO - [2023-08-14T10:38:03.385+0200] {dagbag.py:541} INFO - Filling up the DagBag from /home/akhilesh/py39/lib/python3.9/site-packages/airflow/example_dags/example_sla_dag.py
[2023-08-14T10:38:03.391+0200] {processor.py:836} INFO - DAG(s) dict_keys(['example_sla_dag']) retrieved from /home/akhilesh/py39/lib/python3.9/site-packages/airflow/example_dags/example_sla_dag.py
[2023-08-14T10:38:03.403+0200] {logging_mixin.py:150} INFO - [2023-08-14T10:38:03.403+0200] {dag.py:2742} INFO - Sync 1 DAGs
[2023-08-14T10:38:03.418+0200] {logging_mixin.py:150} INFO - [2023-08-14T10:38:03.418+0200] {dag.py:3504} INFO - Setting next_dagrun for example_sla_dag to 2023-08-14T08:36:00+00:00, run_after=2023-08-14T08:38:00+00:00
[2023-08-14T10:38:03.439+0200] {processor.py:179} INFO - Processing /home/akhilesh/py39/lib/python3.9/site-packages/airflow/example_dags/example_sla_dag.py took 0.058 seconds
[2023-08-14T10:38:54.153+0200] {processor.py:157} INFO - Started process (PID=456861) to work on /home/akhilesh/py39/lib/python3.9/site-packages/airflow/example_dags/example_sla_dag.py
[2023-08-14T10:38:54.163+0200] {processor.py:826} INFO - Processing file /home/akhilesh/py39/lib/python3.9/site-packages/airflow/example_dags/example_sla_dag.py for tasks to queue
[2023-08-14T10:38:54.164+0200] {logging_mixin.py:150} INFO - [2023-08-14T10:38:54.164+0200] {dagbag.py:541} INFO - Filling up the DagBag from /home/akhilesh/py39/lib/python3.9/site-packages/airflow/example_dags/example_sla_dag.py
[2023-08-14T10:38:54.174+0200] {processor.py:836} INFO - DAG(s) dict_keys(['example_sla_dag']) retrieved from /home/akhilesh/py39/lib/python3.9/site-packages/airflow/example_dags/example_sla_dag.py
[2023-08-14T10:38:54.186+0200] {logging_mixin.py:150} INFO - [2023-08-14T10:38:54.186+0200] {dag.py:2742} INFO - Sync 1 DAGs
[2023-08-14T10:38:54.200+0200] {logging_mixin.py:150} INFO - [2023-08-14T10:38:54.200+0200] {dag.py:3504} INFO - Setting next_dagrun for example_sla_dag to 2023-08-14T08:36:00+00:00, run_after=2023-08-14T08:38:00+00:00
[2023-08-14T10:38:54.219+0200] {processor.py:179} INFO - Processing /home/akhilesh/py39/lib/python3.9/site-packages/airflow/example_dags/example_sla_dag.py took 0.069 seconds
[2023-08-14T10:39:46.263+0200] {processor.py:157} INFO - Started process (PID=457121) to work on /home/akhilesh/py39/lib/python3.9/site-packages/airflow/example_dags/example_sla_dag.py
[2023-08-14T10:39:46.272+0200] {processor.py:826} INFO - Processing file /home/akhilesh/py39/lib/python3.9/site-packages/airflow/example_dags/example_sla_dag.py for tasks to queue
[2023-08-14T10:39:46.274+0200] {logging_mixin.py:150} INFO - [2023-08-14T10:39:46.273+0200] {dagbag.py:541} INFO - Filling up the DagBag from /home/akhilesh/py39/lib/python3.9/site-packages/airflow/example_dags/example_sla_dag.py
[2023-08-14T10:39:46.290+0200] {processor.py:836} INFO - DAG(s) dict_keys(['example_sla_dag']) retrieved from /home/akhilesh/py39/lib/python3.9/site-packages/airflow/example_dags/example_sla_dag.py
[2023-08-14T10:39:46.312+0200] {logging_mixin.py:150} INFO - [2023-08-14T10:39:46.311+0200] {dag.py:2742} INFO - Sync 1 DAGs
[2023-08-14T10:39:46.333+0200] {logging_mixin.py:150} INFO - [2023-08-14T10:39:46.333+0200] {dag.py:3504} INFO - Setting next_dagrun for example_sla_dag to 2023-08-14T08:36:00+00:00, run_after=2023-08-14T08:38:00+00:00
[2023-08-14T10:39:46.348+0200] {processor.py:179} INFO - Processing /home/akhilesh/py39/lib/python3.9/site-packages/airflow/example_dags/example_sla_dag.py took 0.089 seconds
[2023-08-14T10:41:27.507+0200] {processor.py:157} INFO - Started process (PID=457544) to work on /home/akhilesh/py39/lib/python3.9/site-packages/airflow/example_dags/example_sla_dag.py
[2023-08-14T10:41:27.516+0200] {processor.py:826} INFO - Processing file /home/akhilesh/py39/lib/python3.9/site-packages/airflow/example_dags/example_sla_dag.py for tasks to queue
[2023-08-14T10:41:27.518+0200] {logging_mixin.py:150} INFO - [2023-08-14T10:41:27.517+0200] {dagbag.py:541} INFO - Filling up the DagBag from /home/akhilesh/py39/lib/python3.9/site-packages/airflow/example_dags/example_sla_dag.py
[2023-08-14T10:41:27.528+0200] {processor.py:836} INFO - DAG(s) dict_keys(['example_sla_dag']) retrieved from /home/akhilesh/py39/lib/python3.9/site-packages/airflow/example_dags/example_sla_dag.py
[2023-08-14T10:41:27.548+0200] {logging_mixin.py:150} INFO - [2023-08-14T10:41:27.548+0200] {dag.py:2742} INFO - Sync 1 DAGs
[2023-08-14T10:41:27.565+0200] {logging_mixin.py:150} INFO - [2023-08-14T10:41:27.565+0200] {dag.py:3504} INFO - Setting next_dagrun for example_sla_dag to 2023-08-14T08:38:00+00:00, run_after=2023-08-14T08:40:00+00:00
[2023-08-14T10:41:27.592+0200] {processor.py:179} INFO - Processing /home/akhilesh/py39/lib/python3.9/site-packages/airflow/example_dags/example_sla_dag.py took 0.089 seconds
[2023-08-14T10:42:13.010+0200] {processor.py:157} INFO - Started process (PID=457705) to work on /home/akhilesh/py39/lib/python3.9/site-packages/airflow/example_dags/example_sla_dag.py
[2023-08-14T10:42:13.019+0200] {processor.py:826} INFO - Processing file /home/akhilesh/py39/lib/python3.9/site-packages/airflow/example_dags/example_sla_dag.py for tasks to queue
[2023-08-14T10:42:13.021+0200] {logging_mixin.py:150} INFO - [2023-08-14T10:42:13.020+0200] {dagbag.py:541} INFO - Filling up the DagBag from /home/akhilesh/py39/lib/python3.9/site-packages/airflow/example_dags/example_sla_dag.py
[2023-08-14T10:42:13.031+0200] {processor.py:836} INFO - DAG(s) dict_keys(['example_sla_dag']) retrieved from /home/akhilesh/py39/lib/python3.9/site-packages/airflow/example_dags/example_sla_dag.py
[2023-08-14T10:42:13.050+0200] {logging_mixin.py:150} INFO - [2023-08-14T10:42:13.049+0200] {dag.py:2742} INFO - Sync 1 DAGs
[2023-08-14T10:42:13.067+0200] {logging_mixin.py:150} INFO - [2023-08-14T10:42:13.067+0200] {dag.py:3504} INFO - Setting next_dagrun for example_sla_dag to 2023-08-14T08:40:00+00:00, run_after=2023-08-14T08:42:00+00:00
[2023-08-14T10:42:13.095+0200] {processor.py:179} INFO - Processing /home/akhilesh/py39/lib/python3.9/site-packages/airflow/example_dags/example_sla_dag.py took 0.088 seconds
[2023-08-14T10:44:18.914+0200] {processor.py:157} INFO - Started process (PID=458206) to work on /home/akhilesh/py39/lib/python3.9/site-packages/airflow/example_dags/example_sla_dag.py
[2023-08-14T10:44:18.915+0200] {processor.py:826} INFO - Processing file /home/akhilesh/py39/lib/python3.9/site-packages/airflow/example_dags/example_sla_dag.py for tasks to queue
[2023-08-14T10:44:18.916+0200] {logging_mixin.py:150} INFO - [2023-08-14T10:44:18.916+0200] {dagbag.py:541} INFO - Filling up the DagBag from /home/akhilesh/py39/lib/python3.9/site-packages/airflow/example_dags/example_sla_dag.py
[2023-08-14T10:44:18.923+0200] {processor.py:836} INFO - DAG(s) dict_keys(['example_sla_dag']) retrieved from /home/akhilesh/py39/lib/python3.9/site-packages/airflow/example_dags/example_sla_dag.py
[2023-08-14T10:44:18.942+0200] {logging_mixin.py:150} INFO - [2023-08-14T10:44:18.942+0200] {dag.py:2742} INFO - Sync 1 DAGs
[2023-08-14T10:44:18.956+0200] {logging_mixin.py:150} INFO - [2023-08-14T10:44:18.956+0200] {dag.py:3504} INFO - Setting next_dagrun for example_sla_dag to 2023-08-14T08:42:00+00:00, run_after=2023-08-14T08:44:00+00:00
[2023-08-14T10:44:18.983+0200] {processor.py:179} INFO - Processing /home/akhilesh/py39/lib/python3.9/site-packages/airflow/example_dags/example_sla_dag.py took 0.072 seconds
[2023-08-14T10:45:04.332+0200] {processor.py:157} INFO - Started process (PID=458430) to work on /home/akhilesh/py39/lib/python3.9/site-packages/airflow/example_dags/example_sla_dag.py
[2023-08-14T10:45:04.341+0200] {processor.py:826} INFO - Processing file /home/akhilesh/py39/lib/python3.9/site-packages/airflow/example_dags/example_sla_dag.py for tasks to queue
[2023-08-14T10:45:04.343+0200] {logging_mixin.py:150} INFO - [2023-08-14T10:45:04.342+0200] {dagbag.py:541} INFO - Filling up the DagBag from /home/akhilesh/py39/lib/python3.9/site-packages/airflow/example_dags/example_sla_dag.py
[2023-08-14T10:45:04.353+0200] {processor.py:836} INFO - DAG(s) dict_keys(['example_sla_dag']) retrieved from /home/akhilesh/py39/lib/python3.9/site-packages/airflow/example_dags/example_sla_dag.py
[2023-08-14T10:45:04.371+0200] {logging_mixin.py:150} INFO - [2023-08-14T10:45:04.371+0200] {dag.py:2742} INFO - Sync 1 DAGs
[2023-08-14T10:45:04.392+0200] {logging_mixin.py:150} INFO - [2023-08-14T10:45:04.392+0200] {dag.py:3504} INFO - Setting next_dagrun for example_sla_dag to 2023-08-14T08:42:00+00:00, run_after=2023-08-14T08:44:00+00:00
[2023-08-14T10:45:04.425+0200] {processor.py:179} INFO - Processing /home/akhilesh/py39/lib/python3.9/site-packages/airflow/example_dags/example_sla_dag.py took 0.097 seconds
[2023-08-14T10:45:50.618+0200] {processor.py:157} INFO - Started process (PID=458611) to work on /home/akhilesh/py39/lib/python3.9/site-packages/airflow/example_dags/example_sla_dag.py
[2023-08-14T10:45:50.619+0200] {processor.py:826} INFO - Processing file /home/akhilesh/py39/lib/python3.9/site-packages/airflow/example_dags/example_sla_dag.py for tasks to queue
[2023-08-14T10:45:50.621+0200] {logging_mixin.py:150} INFO - [2023-08-14T10:45:50.620+0200] {dagbag.py:541} INFO - Filling up the DagBag from /home/akhilesh/py39/lib/python3.9/site-packages/airflow/example_dags/example_sla_dag.py
[2023-08-14T10:45:50.629+0200] {processor.py:836} INFO - DAG(s) dict_keys(['example_sla_dag']) retrieved from /home/akhilesh/py39/lib/python3.9/site-packages/airflow/example_dags/example_sla_dag.py
[2023-08-14T10:45:50.648+0200] {logging_mixin.py:150} INFO - [2023-08-14T10:45:50.648+0200] {dag.py:2742} INFO - Sync 1 DAGs
[2023-08-14T10:45:50.671+0200] {logging_mixin.py:150} INFO - [2023-08-14T10:45:50.670+0200] {dag.py:3504} INFO - Setting next_dagrun for example_sla_dag to 2023-08-14T08:42:00+00:00, run_after=2023-08-14T08:44:00+00:00
[2023-08-14T10:45:50.697+0200] {processor.py:179} INFO - Processing /home/akhilesh/py39/lib/python3.9/site-packages/airflow/example_dags/example_sla_dag.py took 0.083 seconds
[2023-08-14T10:46:38.370+0200] {processor.py:157} INFO - Started process (PID=458853) to work on /home/akhilesh/py39/lib/python3.9/site-packages/airflow/example_dags/example_sla_dag.py
[2023-08-14T10:46:38.379+0200] {processor.py:826} INFO - Processing file /home/akhilesh/py39/lib/python3.9/site-packages/airflow/example_dags/example_sla_dag.py for tasks to queue
[2023-08-14T10:46:38.381+0200] {logging_mixin.py:150} INFO - [2023-08-14T10:46:38.380+0200] {dagbag.py:541} INFO - Filling up the DagBag from /home/akhilesh/py39/lib/python3.9/site-packages/airflow/example_dags/example_sla_dag.py
[2023-08-14T10:46:38.391+0200] {processor.py:836} INFO - DAG(s) dict_keys(['example_sla_dag']) retrieved from /home/akhilesh/py39/lib/python3.9/site-packages/airflow/example_dags/example_sla_dag.py
[2023-08-14T10:46:38.404+0200] {logging_mixin.py:150} INFO - [2023-08-14T10:46:38.404+0200] {dag.py:2742} INFO - Sync 1 DAGs
[2023-08-14T10:46:38.420+0200] {logging_mixin.py:150} INFO - [2023-08-14T10:46:38.420+0200] {dag.py:3504} INFO - Setting next_dagrun for example_sla_dag to 2023-08-14T08:44:00+00:00, run_after=2023-08-14T08:46:00+00:00
[2023-08-14T10:46:38.442+0200] {processor.py:179} INFO - Processing /home/akhilesh/py39/lib/python3.9/site-packages/airflow/example_dags/example_sla_dag.py took 0.076 seconds
[2023-08-14T10:47:27.602+0200] {processor.py:157} INFO - Started process (PID=459008) to work on /home/akhilesh/py39/lib/python3.9/site-packages/airflow/example_dags/example_sla_dag.py
[2023-08-14T10:47:27.611+0200] {processor.py:826} INFO - Processing file /home/akhilesh/py39/lib/python3.9/site-packages/airflow/example_dags/example_sla_dag.py for tasks to queue
[2023-08-14T10:47:27.612+0200] {logging_mixin.py:150} INFO - [2023-08-14T10:47:27.612+0200] {dagbag.py:541} INFO - Filling up the DagBag from /home/akhilesh/py39/lib/python3.9/site-packages/airflow/example_dags/example_sla_dag.py
[2023-08-14T10:47:27.618+0200] {processor.py:836} INFO - DAG(s) dict_keys(['example_sla_dag']) retrieved from /home/akhilesh/py39/lib/python3.9/site-packages/airflow/example_dags/example_sla_dag.py
[2023-08-14T10:47:27.633+0200] {logging_mixin.py:150} INFO - [2023-08-14T10:47:27.633+0200] {dag.py:2742} INFO - Sync 1 DAGs
[2023-08-14T10:47:27.646+0200] {logging_mixin.py:150} INFO - [2023-08-14T10:47:27.646+0200] {dag.py:3504} INFO - Setting next_dagrun for example_sla_dag to 2023-08-14T08:44:00+00:00, run_after=2023-08-14T08:46:00+00:00
[2023-08-14T10:47:27.667+0200] {processor.py:179} INFO - Processing /home/akhilesh/py39/lib/python3.9/site-packages/airflow/example_dags/example_sla_dag.py took 0.068 seconds
[2023-08-14T10:48:22.854+0200] {processor.py:157} INFO - Started process (PID=459213) to work on /home/akhilesh/py39/lib/python3.9/site-packages/airflow/example_dags/example_sla_dag.py
[2023-08-14T10:48:22.864+0200] {processor.py:826} INFO - Processing file /home/akhilesh/py39/lib/python3.9/site-packages/airflow/example_dags/example_sla_dag.py for tasks to queue
[2023-08-14T10:48:22.865+0200] {logging_mixin.py:150} INFO - [2023-08-14T10:48:22.865+0200] {dagbag.py:541} INFO - Filling up the DagBag from /home/akhilesh/py39/lib/python3.9/site-packages/airflow/example_dags/example_sla_dag.py
[2023-08-14T10:48:22.875+0200] {processor.py:836} INFO - DAG(s) dict_keys(['example_sla_dag']) retrieved from /home/akhilesh/py39/lib/python3.9/site-packages/airflow/example_dags/example_sla_dag.py
[2023-08-14T10:48:22.892+0200] {logging_mixin.py:150} INFO - [2023-08-14T10:48:22.892+0200] {dag.py:2742} INFO - Sync 1 DAGs
[2023-08-14T10:48:22.908+0200] {logging_mixin.py:150} INFO - [2023-08-14T10:48:22.907+0200] {dag.py:3504} INFO - Setting next_dagrun for example_sla_dag to 2023-08-14T08:46:00+00:00, run_after=2023-08-14T08:48:00+00:00
[2023-08-14T10:48:22.928+0200] {processor.py:179} INFO - Processing /home/akhilesh/py39/lib/python3.9/site-packages/airflow/example_dags/example_sla_dag.py took 0.077 seconds
[2023-08-14T10:49:16.430+0200] {processor.py:157} INFO - Started process (PID=459386) to work on /home/akhilesh/py39/lib/python3.9/site-packages/airflow/example_dags/example_sla_dag.py
[2023-08-14T10:49:16.440+0200] {processor.py:826} INFO - Processing file /home/akhilesh/py39/lib/python3.9/site-packages/airflow/example_dags/example_sla_dag.py for tasks to queue
[2023-08-14T10:49:16.441+0200] {logging_mixin.py:150} INFO - [2023-08-14T10:49:16.441+0200] {dagbag.py:541} INFO - Filling up the DagBag from /home/akhilesh/py39/lib/python3.9/site-packages/airflow/example_dags/example_sla_dag.py
[2023-08-14T10:49:16.452+0200] {processor.py:836} INFO - DAG(s) dict_keys(['example_sla_dag']) retrieved from /home/akhilesh/py39/lib/python3.9/site-packages/airflow/example_dags/example_sla_dag.py
[2023-08-14T10:49:16.469+0200] {logging_mixin.py:150} INFO - [2023-08-14T10:49:16.469+0200] {dag.py:2742} INFO - Sync 1 DAGs
[2023-08-14T10:49:16.486+0200] {logging_mixin.py:150} INFO - [2023-08-14T10:49:16.485+0200] {dag.py:3504} INFO - Setting next_dagrun for example_sla_dag to 2023-08-14T08:46:00+00:00, run_after=2023-08-14T08:48:00+00:00
[2023-08-14T10:49:16.511+0200] {processor.py:179} INFO - Processing /home/akhilesh/py39/lib/python3.9/site-packages/airflow/example_dags/example_sla_dag.py took 0.085 seconds
[2023-08-14T10:50:06.117+0200] {processor.py:157} INFO - Started process (PID=459535) to work on /home/akhilesh/py39/lib/python3.9/site-packages/airflow/example_dags/example_sla_dag.py
[2023-08-14T10:50:06.127+0200] {processor.py:826} INFO - Processing file /home/akhilesh/py39/lib/python3.9/site-packages/airflow/example_dags/example_sla_dag.py for tasks to queue
[2023-08-14T10:50:06.128+0200] {logging_mixin.py:150} INFO - [2023-08-14T10:50:06.127+0200] {dagbag.py:541} INFO - Filling up the DagBag from /home/akhilesh/py39/lib/python3.9/site-packages/airflow/example_dags/example_sla_dag.py
[2023-08-14T10:50:06.138+0200] {processor.py:836} INFO - DAG(s) dict_keys(['example_sla_dag']) retrieved from /home/akhilesh/py39/lib/python3.9/site-packages/airflow/example_dags/example_sla_dag.py
[2023-08-14T10:50:06.155+0200] {logging_mixin.py:150} INFO - [2023-08-14T10:50:06.154+0200] {dag.py:2742} INFO - Sync 1 DAGs
[2023-08-14T10:50:06.170+0200] {logging_mixin.py:150} INFO - [2023-08-14T10:50:06.170+0200] {dag.py:3504} INFO - Setting next_dagrun for example_sla_dag to 2023-08-14T08:48:00+00:00, run_after=2023-08-14T08:50:00+00:00
[2023-08-14T10:50:06.193+0200] {processor.py:179} INFO - Processing /home/akhilesh/py39/lib/python3.9/site-packages/airflow/example_dags/example_sla_dag.py took 0.080 seconds
[2023-08-14T10:50:57.977+0200] {processor.py:157} INFO - Started process (PID=459763) to work on /home/akhilesh/py39/lib/python3.9/site-packages/airflow/example_dags/example_sla_dag.py
[2023-08-14T10:50:57.979+0200] {processor.py:826} INFO - Processing file /home/akhilesh/py39/lib/python3.9/site-packages/airflow/example_dags/example_sla_dag.py for tasks to queue
[2023-08-14T10:50:57.980+0200] {logging_mixin.py:150} INFO - [2023-08-14T10:50:57.979+0200] {dagbag.py:541} INFO - Filling up the DagBag from /home/akhilesh/py39/lib/python3.9/site-packages/airflow/example_dags/example_sla_dag.py
[2023-08-14T10:50:57.988+0200] {processor.py:836} INFO - DAG(s) dict_keys(['example_sla_dag']) retrieved from /home/akhilesh/py39/lib/python3.9/site-packages/airflow/example_dags/example_sla_dag.py
[2023-08-14T10:50:57.998+0200] {logging_mixin.py:150} INFO - [2023-08-14T10:50:57.998+0200] {dag.py:2742} INFO - Sync 1 DAGs
[2023-08-14T10:50:58.014+0200] {logging_mixin.py:150} INFO - [2023-08-14T10:50:58.014+0200] {dag.py:3504} INFO - Setting next_dagrun for example_sla_dag to 2023-08-14T08:48:00+00:00, run_after=2023-08-14T08:50:00+00:00
[2023-08-14T10:50:58.034+0200] {processor.py:179} INFO - Processing /home/akhilesh/py39/lib/python3.9/site-packages/airflow/example_dags/example_sla_dag.py took 0.060 seconds
[2023-08-14T10:51:47.647+0200] {processor.py:157} INFO - Started process (PID=459888) to work on /home/akhilesh/py39/lib/python3.9/site-packages/airflow/example_dags/example_sla_dag.py
[2023-08-14T10:51:47.656+0200] {processor.py:826} INFO - Processing file /home/akhilesh/py39/lib/python3.9/site-packages/airflow/example_dags/example_sla_dag.py for tasks to queue
[2023-08-14T10:51:47.657+0200] {logging_mixin.py:150} INFO - [2023-08-14T10:51:47.656+0200] {dagbag.py:541} INFO - Filling up the DagBag from /home/akhilesh/py39/lib/python3.9/site-packages/airflow/example_dags/example_sla_dag.py
[2023-08-14T10:51:47.667+0200] {processor.py:836} INFO - DAG(s) dict_keys(['example_sla_dag']) retrieved from /home/akhilesh/py39/lib/python3.9/site-packages/airflow/example_dags/example_sla_dag.py
[2023-08-14T10:51:47.681+0200] {logging_mixin.py:150} INFO - [2023-08-14T10:51:47.681+0200] {dag.py:2742} INFO - Sync 1 DAGs
[2023-08-14T10:51:47.699+0200] {logging_mixin.py:150} INFO - [2023-08-14T10:51:47.698+0200] {dag.py:3504} INFO - Setting next_dagrun for example_sla_dag to 2023-08-14T08:48:00+00:00, run_after=2023-08-14T08:50:00+00:00
[2023-08-14T10:51:47.724+0200] {processor.py:179} INFO - Processing /home/akhilesh/py39/lib/python3.9/site-packages/airflow/example_dags/example_sla_dag.py took 0.082 seconds
[2023-08-14T10:52:36.839+0200] {processor.py:157} INFO - Started process (PID=460000) to work on /home/akhilesh/py39/lib/python3.9/site-packages/airflow/example_dags/example_sla_dag.py
[2023-08-14T10:52:36.848+0200] {processor.py:826} INFO - Processing file /home/akhilesh/py39/lib/python3.9/site-packages/airflow/example_dags/example_sla_dag.py for tasks to queue
[2023-08-14T10:52:36.849+0200] {logging_mixin.py:150} INFO - [2023-08-14T10:52:36.849+0200] {dagbag.py:541} INFO - Filling up the DagBag from /home/akhilesh/py39/lib/python3.9/site-packages/airflow/example_dags/example_sla_dag.py
[2023-08-14T10:52:36.860+0200] {processor.py:836} INFO - DAG(s) dict_keys(['example_sla_dag']) retrieved from /home/akhilesh/py39/lib/python3.9/site-packages/airflow/example_dags/example_sla_dag.py
[2023-08-14T10:52:36.879+0200] {logging_mixin.py:150} INFO - [2023-08-14T10:52:36.878+0200] {dag.py:2742} INFO - Sync 1 DAGs
[2023-08-14T10:52:36.895+0200] {logging_mixin.py:150} INFO - [2023-08-14T10:52:36.895+0200] {dag.py:3504} INFO - Setting next_dagrun for example_sla_dag to 2023-08-14T08:50:00+00:00, run_after=2023-08-14T08:52:00+00:00
[2023-08-14T10:52:36.929+0200] {processor.py:179} INFO - Processing /home/akhilesh/py39/lib/python3.9/site-packages/airflow/example_dags/example_sla_dag.py took 0.095 seconds
[2023-08-14T10:53:27.397+0200] {processor.py:157} INFO - Started process (PID=460200) to work on /home/akhilesh/py39/lib/python3.9/site-packages/airflow/example_dags/example_sla_dag.py
[2023-08-14T10:53:27.406+0200] {processor.py:826} INFO - Processing file /home/akhilesh/py39/lib/python3.9/site-packages/airflow/example_dags/example_sla_dag.py for tasks to queue
[2023-08-14T10:53:27.407+0200] {logging_mixin.py:150} INFO - [2023-08-14T10:53:27.407+0200] {dagbag.py:541} INFO - Filling up the DagBag from /home/akhilesh/py39/lib/python3.9/site-packages/airflow/example_dags/example_sla_dag.py
[2023-08-14T10:53:27.416+0200] {processor.py:836} INFO - DAG(s) dict_keys(['example_sla_dag']) retrieved from /home/akhilesh/py39/lib/python3.9/site-packages/airflow/example_dags/example_sla_dag.py
[2023-08-14T10:53:27.432+0200] {logging_mixin.py:150} INFO - [2023-08-14T10:53:27.432+0200] {dag.py:2742} INFO - Sync 1 DAGs
[2023-08-14T10:53:27.447+0200] {logging_mixin.py:150} INFO - [2023-08-14T10:53:27.446+0200] {dag.py:3504} INFO - Setting next_dagrun for example_sla_dag to 2023-08-14T08:50:00+00:00, run_after=2023-08-14T08:52:00+00:00
[2023-08-14T10:53:27.465+0200] {processor.py:179} INFO - Processing /home/akhilesh/py39/lib/python3.9/site-packages/airflow/example_dags/example_sla_dag.py took 0.071 seconds
[2023-08-14T10:54:20.201+0200] {processor.py:157} INFO - Started process (PID=460400) to work on /home/akhilesh/py39/lib/python3.9/site-packages/airflow/example_dags/example_sla_dag.py
[2023-08-14T10:54:20.210+0200] {processor.py:826} INFO - Processing file /home/akhilesh/py39/lib/python3.9/site-packages/airflow/example_dags/example_sla_dag.py for tasks to queue
[2023-08-14T10:54:20.211+0200] {logging_mixin.py:150} INFO - [2023-08-14T10:54:20.210+0200] {dagbag.py:541} INFO - Filling up the DagBag from /home/akhilesh/py39/lib/python3.9/site-packages/airflow/example_dags/example_sla_dag.py
[2023-08-14T10:54:20.221+0200] {processor.py:836} INFO - DAG(s) dict_keys(['example_sla_dag']) retrieved from /home/akhilesh/py39/lib/python3.9/site-packages/airflow/example_dags/example_sla_dag.py
[2023-08-14T10:54:20.236+0200] {logging_mixin.py:150} INFO - [2023-08-14T10:54:20.236+0200] {dag.py:2742} INFO - Sync 1 DAGs
[2023-08-14T10:54:20.251+0200] {logging_mixin.py:150} INFO - [2023-08-14T10:54:20.251+0200] {dag.py:3504} INFO - Setting next_dagrun for example_sla_dag to 2023-08-14T08:52:00+00:00, run_after=2023-08-14T08:54:00+00:00
[2023-08-14T10:54:20.277+0200] {processor.py:179} INFO - Processing /home/akhilesh/py39/lib/python3.9/site-packages/airflow/example_dags/example_sla_dag.py took 0.081 seconds
[2023-08-14T10:55:11.935+0200] {processor.py:157} INFO - Started process (PID=460576) to work on /home/akhilesh/py39/lib/python3.9/site-packages/airflow/example_dags/example_sla_dag.py
[2023-08-14T10:55:11.944+0200] {processor.py:826} INFO - Processing file /home/akhilesh/py39/lib/python3.9/site-packages/airflow/example_dags/example_sla_dag.py for tasks to queue
[2023-08-14T10:55:11.945+0200] {logging_mixin.py:150} INFO - [2023-08-14T10:55:11.944+0200] {dagbag.py:541} INFO - Filling up the DagBag from /home/akhilesh/py39/lib/python3.9/site-packages/airflow/example_dags/example_sla_dag.py
[2023-08-14T10:55:11.955+0200] {processor.py:836} INFO - DAG(s) dict_keys(['example_sla_dag']) retrieved from /home/akhilesh/py39/lib/python3.9/site-packages/airflow/example_dags/example_sla_dag.py
[2023-08-14T10:55:11.968+0200] {logging_mixin.py:150} INFO - [2023-08-14T10:55:11.968+0200] {dag.py:2742} INFO - Sync 1 DAGs
[2023-08-14T10:55:11.983+0200] {logging_mixin.py:150} INFO - [2023-08-14T10:55:11.983+0200] {dag.py:3504} INFO - Setting next_dagrun for example_sla_dag to 2023-08-14T08:52:00+00:00, run_after=2023-08-14T08:54:00+00:00
[2023-08-14T10:55:12.007+0200] {processor.py:179} INFO - Processing /home/akhilesh/py39/lib/python3.9/site-packages/airflow/example_dags/example_sla_dag.py took 0.077 seconds
[2023-08-14T10:56:00.958+0200] {processor.py:157} INFO - Started process (PID=460706) to work on /home/akhilesh/py39/lib/python3.9/site-packages/airflow/example_dags/example_sla_dag.py
[2023-08-14T10:56:00.967+0200] {processor.py:826} INFO - Processing file /home/akhilesh/py39/lib/python3.9/site-packages/airflow/example_dags/example_sla_dag.py for tasks to queue
[2023-08-14T10:56:00.969+0200] {logging_mixin.py:150} INFO - [2023-08-14T10:56:00.968+0200] {dagbag.py:541} INFO - Filling up the DagBag from /home/akhilesh/py39/lib/python3.9/site-packages/airflow/example_dags/example_sla_dag.py
[2023-08-14T10:56:00.979+0200] {processor.py:836} INFO - DAG(s) dict_keys(['example_sla_dag']) retrieved from /home/akhilesh/py39/lib/python3.9/site-packages/airflow/example_dags/example_sla_dag.py
[2023-08-14T10:56:00.993+0200] {logging_mixin.py:150} INFO - [2023-08-14T10:56:00.992+0200] {dag.py:2742} INFO - Sync 1 DAGs
[2023-08-14T10:56:01.007+0200] {logging_mixin.py:150} INFO - [2023-08-14T10:56:01.007+0200] {dag.py:3504} INFO - Setting next_dagrun for example_sla_dag to 2023-08-14T08:54:00+00:00, run_after=2023-08-14T08:56:00+00:00
[2023-08-14T10:56:01.031+0200] {processor.py:179} INFO - Processing /home/akhilesh/py39/lib/python3.9/site-packages/airflow/example_dags/example_sla_dag.py took 0.077 seconds
[2023-08-14T10:56:49.827+0200] {processor.py:157} INFO - Started process (PID=460926) to work on /home/akhilesh/py39/lib/python3.9/site-packages/airflow/example_dags/example_sla_dag.py
[2023-08-14T10:56:49.835+0200] {processor.py:826} INFO - Processing file /home/akhilesh/py39/lib/python3.9/site-packages/airflow/example_dags/example_sla_dag.py for tasks to queue
[2023-08-14T10:56:49.837+0200] {logging_mixin.py:150} INFO - [2023-08-14T10:56:49.836+0200] {dagbag.py:541} INFO - Filling up the DagBag from /home/akhilesh/py39/lib/python3.9/site-packages/airflow/example_dags/example_sla_dag.py
[2023-08-14T10:56:49.845+0200] {processor.py:836} INFO - DAG(s) dict_keys(['example_sla_dag']) retrieved from /home/akhilesh/py39/lib/python3.9/site-packages/airflow/example_dags/example_sla_dag.py
[2023-08-14T10:56:49.862+0200] {logging_mixin.py:150} INFO - [2023-08-14T10:56:49.862+0200] {dag.py:2742} INFO - Sync 1 DAGs
[2023-08-14T10:56:49.882+0200] {logging_mixin.py:150} INFO - [2023-08-14T10:56:49.882+0200] {dag.py:3504} INFO - Setting next_dagrun for example_sla_dag to 2023-08-14T08:54:00+00:00, run_after=2023-08-14T08:56:00+00:00
[2023-08-14T10:56:49.907+0200] {processor.py:179} INFO - Processing /home/akhilesh/py39/lib/python3.9/site-packages/airflow/example_dags/example_sla_dag.py took 0.084 seconds
[2023-08-14T10:57:39.372+0200] {processor.py:157} INFO - Started process (PID=461057) to work on /home/akhilesh/py39/lib/python3.9/site-packages/airflow/example_dags/example_sla_dag.py
[2023-08-14T10:57:39.381+0200] {processor.py:826} INFO - Processing file /home/akhilesh/py39/lib/python3.9/site-packages/airflow/example_dags/example_sla_dag.py for tasks to queue
[2023-08-14T10:57:39.383+0200] {logging_mixin.py:150} INFO - [2023-08-14T10:57:39.382+0200] {dagbag.py:541} INFO - Filling up the DagBag from /home/akhilesh/py39/lib/python3.9/site-packages/airflow/example_dags/example_sla_dag.py
[2023-08-14T10:57:39.391+0200] {processor.py:836} INFO - DAG(s) dict_keys(['example_sla_dag']) retrieved from /home/akhilesh/py39/lib/python3.9/site-packages/airflow/example_dags/example_sla_dag.py
[2023-08-14T10:57:39.404+0200] {logging_mixin.py:150} INFO - [2023-08-14T10:57:39.403+0200] {dag.py:2742} INFO - Sync 1 DAGs
[2023-08-14T10:57:39.417+0200] {logging_mixin.py:150} INFO - [2023-08-14T10:57:39.417+0200] {dag.py:3504} INFO - Setting next_dagrun for example_sla_dag to 2023-08-14T08:54:00+00:00, run_after=2023-08-14T08:56:00+00:00
[2023-08-14T10:57:39.433+0200] {processor.py:179} INFO - Processing /home/akhilesh/py39/lib/python3.9/site-packages/airflow/example_dags/example_sla_dag.py took 0.063 seconds
[2023-08-14T10:58:22.922+0200] {processor.py:157} INFO - Started process (PID=461287) to work on /home/akhilesh/py39/lib/python3.9/site-packages/airflow/example_dags/example_sla_dag.py
[2023-08-14T10:58:22.931+0200] {processor.py:826} INFO - Processing file /home/akhilesh/py39/lib/python3.9/site-packages/airflow/example_dags/example_sla_dag.py for tasks to queue
[2023-08-14T10:58:22.933+0200] {logging_mixin.py:150} INFO - [2023-08-14T10:58:22.932+0200] {dagbag.py:541} INFO - Filling up the DagBag from /home/akhilesh/py39/lib/python3.9/site-packages/airflow/example_dags/example_sla_dag.py
[2023-08-14T10:58:22.943+0200] {processor.py:836} INFO - DAG(s) dict_keys(['example_sla_dag']) retrieved from /home/akhilesh/py39/lib/python3.9/site-packages/airflow/example_dags/example_sla_dag.py
[2023-08-14T10:58:22.959+0200] {logging_mixin.py:150} INFO - [2023-08-14T10:58:22.958+0200] {dag.py:2742} INFO - Sync 1 DAGs
[2023-08-14T10:58:22.980+0200] {logging_mixin.py:150} INFO - [2023-08-14T10:58:22.980+0200] {dag.py:3504} INFO - Setting next_dagrun for example_sla_dag to 2023-08-14T08:56:00+00:00, run_after=2023-08-14T08:58:00+00:00
[2023-08-14T10:58:23.009+0200] {processor.py:179} INFO - Processing /home/akhilesh/py39/lib/python3.9/site-packages/airflow/example_dags/example_sla_dag.py took 0.089 seconds
[2023-08-14T10:59:11.738+0200] {processor.py:157} INFO - Started process (PID=461432) to work on /home/akhilesh/py39/lib/python3.9/site-packages/airflow/example_dags/example_sla_dag.py
[2023-08-14T10:59:11.747+0200] {processor.py:826} INFO - Processing file /home/akhilesh/py39/lib/python3.9/site-packages/airflow/example_dags/example_sla_dag.py for tasks to queue
[2023-08-14T10:59:11.749+0200] {logging_mixin.py:150} INFO - [2023-08-14T10:59:11.748+0200] {dagbag.py:541} INFO - Filling up the DagBag from /home/akhilesh/py39/lib/python3.9/site-packages/airflow/example_dags/example_sla_dag.py
[2023-08-14T10:59:11.758+0200] {processor.py:836} INFO - DAG(s) dict_keys(['example_sla_dag']) retrieved from /home/akhilesh/py39/lib/python3.9/site-packages/airflow/example_dags/example_sla_dag.py
[2023-08-14T10:59:11.774+0200] {logging_mixin.py:150} INFO - [2023-08-14T10:59:11.774+0200] {dag.py:2742} INFO - Sync 1 DAGs
[2023-08-14T10:59:11.789+0200] {logging_mixin.py:150} INFO - [2023-08-14T10:59:11.788+0200] {dag.py:3504} INFO - Setting next_dagrun for example_sla_dag to 2023-08-14T08:56:00+00:00, run_after=2023-08-14T08:58:00+00:00
[2023-08-14T10:59:11.810+0200] {processor.py:179} INFO - Processing /home/akhilesh/py39/lib/python3.9/site-packages/airflow/example_dags/example_sla_dag.py took 0.075 seconds
[2023-08-14T11:00:00.087+0200] {processor.py:157} INFO - Started process (PID=461618) to work on /home/akhilesh/py39/lib/python3.9/site-packages/airflow/example_dags/example_sla_dag.py
[2023-08-14T11:00:00.096+0200] {processor.py:826} INFO - Processing file /home/akhilesh/py39/lib/python3.9/site-packages/airflow/example_dags/example_sla_dag.py for tasks to queue
[2023-08-14T11:00:00.097+0200] {logging_mixin.py:150} INFO - [2023-08-14T11:00:00.097+0200] {dagbag.py:541} INFO - Filling up the DagBag from /home/akhilesh/py39/lib/python3.9/site-packages/airflow/example_dags/example_sla_dag.py
[2023-08-14T11:00:00.108+0200] {processor.py:836} INFO - DAG(s) dict_keys(['example_sla_dag']) retrieved from /home/akhilesh/py39/lib/python3.9/site-packages/airflow/example_dags/example_sla_dag.py
[2023-08-14T11:00:00.123+0200] {logging_mixin.py:150} INFO - [2023-08-14T11:00:00.123+0200] {dag.py:2742} INFO - Sync 1 DAGs
[2023-08-14T11:00:00.140+0200] {logging_mixin.py:150} INFO - [2023-08-14T11:00:00.140+0200] {dag.py:3504} INFO - Setting next_dagrun for example_sla_dag to 2023-08-14T08:58:00+00:00, run_after=2023-08-14T09:00:00+00:00
[2023-08-14T11:00:00.162+0200] {processor.py:179} INFO - Processing /home/akhilesh/py39/lib/python3.9/site-packages/airflow/example_dags/example_sla_dag.py took 0.080 seconds
[2023-08-14T11:00:49.110+0200] {processor.py:157} INFO - Started process (PID=461736) to work on /home/akhilesh/py39/lib/python3.9/site-packages/airflow/example_dags/example_sla_dag.py
[2023-08-14T11:00:49.119+0200] {processor.py:826} INFO - Processing file /home/akhilesh/py39/lib/python3.9/site-packages/airflow/example_dags/example_sla_dag.py for tasks to queue
[2023-08-14T11:00:49.120+0200] {logging_mixin.py:150} INFO - [2023-08-14T11:00:49.120+0200] {dagbag.py:541} INFO - Filling up the DagBag from /home/akhilesh/py39/lib/python3.9/site-packages/airflow/example_dags/example_sla_dag.py
[2023-08-14T11:00:49.129+0200] {processor.py:836} INFO - DAG(s) dict_keys(['example_sla_dag']) retrieved from /home/akhilesh/py39/lib/python3.9/site-packages/airflow/example_dags/example_sla_dag.py
[2023-08-14T11:00:49.146+0200] {logging_mixin.py:150} INFO - [2023-08-14T11:00:49.146+0200] {dag.py:2742} INFO - Sync 1 DAGs
[2023-08-14T11:00:49.160+0200] {logging_mixin.py:150} INFO - [2023-08-14T11:00:49.160+0200] {dag.py:3504} INFO - Setting next_dagrun for example_sla_dag to 2023-08-14T08:58:00+00:00, run_after=2023-08-14T09:00:00+00:00
[2023-08-14T11:00:49.181+0200] {processor.py:179} INFO - Processing /home/akhilesh/py39/lib/python3.9/site-packages/airflow/example_dags/example_sla_dag.py took 0.076 seconds
[2023-08-14T11:01:44.545+0200] {processor.py:157} INFO - Started process (PID=461957) to work on /home/akhilesh/py39/lib/python3.9/site-packages/airflow/example_dags/example_sla_dag.py
[2023-08-14T11:01:44.546+0200] {processor.py:826} INFO - Processing file /home/akhilesh/py39/lib/python3.9/site-packages/airflow/example_dags/example_sla_dag.py for tasks to queue
[2023-08-14T11:01:44.547+0200] {logging_mixin.py:150} INFO - [2023-08-14T11:01:44.547+0200] {dagbag.py:541} INFO - Filling up the DagBag from /home/akhilesh/py39/lib/python3.9/site-packages/airflow/example_dags/example_sla_dag.py
[2023-08-14T11:01:44.555+0200] {processor.py:836} INFO - DAG(s) dict_keys(['example_sla_dag']) retrieved from /home/akhilesh/py39/lib/python3.9/site-packages/airflow/example_dags/example_sla_dag.py
[2023-08-14T11:01:44.569+0200] {logging_mixin.py:150} INFO - [2023-08-14T11:01:44.569+0200] {dag.py:2742} INFO - Sync 1 DAGs
[2023-08-14T11:01:44.585+0200] {logging_mixin.py:150} INFO - [2023-08-14T11:01:44.584+0200] {dag.py:3504} INFO - Setting next_dagrun for example_sla_dag to 2023-08-14T08:58:00+00:00, run_after=2023-08-14T09:00:00+00:00
[2023-08-14T11:01:44.610+0200] {processor.py:179} INFO - Processing /home/akhilesh/py39/lib/python3.9/site-packages/airflow/example_dags/example_sla_dag.py took 0.067 seconds
[2023-08-14T11:02:22.117+0200] {processor.py:157} INFO - Started process (PID=462049) to work on /home/akhilesh/py39/lib/python3.9/site-packages/airflow/example_dags/example_sla_dag.py
[2023-08-14T11:02:22.126+0200] {processor.py:826} INFO - Processing file /home/akhilesh/py39/lib/python3.9/site-packages/airflow/example_dags/example_sla_dag.py for tasks to queue
[2023-08-14T11:02:22.127+0200] {logging_mixin.py:150} INFO - [2023-08-14T11:02:22.126+0200] {dagbag.py:541} INFO - Filling up the DagBag from /home/akhilesh/py39/lib/python3.9/site-packages/airflow/example_dags/example_sla_dag.py
[2023-08-14T11:02:22.137+0200] {processor.py:836} INFO - DAG(s) dict_keys(['example_sla_dag']) retrieved from /home/akhilesh/py39/lib/python3.9/site-packages/airflow/example_dags/example_sla_dag.py
[2023-08-14T11:02:22.152+0200] {logging_mixin.py:150} INFO - [2023-08-14T11:02:22.152+0200] {dag.py:2742} INFO - Sync 1 DAGs
[2023-08-14T11:02:22.169+0200] {logging_mixin.py:150} INFO - [2023-08-14T11:02:22.169+0200] {dag.py:3504} INFO - Setting next_dagrun for example_sla_dag to 2023-08-14T09:00:00+00:00, run_after=2023-08-14T09:02:00+00:00
[2023-08-14T11:02:22.197+0200] {processor.py:179} INFO - Processing /home/akhilesh/py39/lib/python3.9/site-packages/airflow/example_dags/example_sla_dag.py took 0.084 seconds
[2023-08-14T11:03:13.329+0200] {processor.py:157} INFO - Started process (PID=462234) to work on /home/akhilesh/py39/lib/python3.9/site-packages/airflow/example_dags/example_sla_dag.py
[2023-08-14T11:03:13.330+0200] {processor.py:826} INFO - Processing file /home/akhilesh/py39/lib/python3.9/site-packages/airflow/example_dags/example_sla_dag.py for tasks to queue
[2023-08-14T11:03:13.331+0200] {logging_mixin.py:150} INFO - [2023-08-14T11:03:13.331+0200] {dagbag.py:541} INFO - Filling up the DagBag from /home/akhilesh/py39/lib/python3.9/site-packages/airflow/example_dags/example_sla_dag.py
[2023-08-14T11:03:13.337+0200] {processor.py:836} INFO - DAG(s) dict_keys(['example_sla_dag']) retrieved from /home/akhilesh/py39/lib/python3.9/site-packages/airflow/example_dags/example_sla_dag.py
[2023-08-14T11:03:13.347+0200] {logging_mixin.py:150} INFO - [2023-08-14T11:03:13.347+0200] {dag.py:2742} INFO - Sync 1 DAGs
[2023-08-14T11:03:13.360+0200] {logging_mixin.py:150} INFO - [2023-08-14T11:03:13.359+0200] {dag.py:3504} INFO - Setting next_dagrun for example_sla_dag to 2023-08-14T09:00:00+00:00, run_after=2023-08-14T09:02:00+00:00
[2023-08-14T11:03:13.384+0200] {processor.py:179} INFO - Processing /home/akhilesh/py39/lib/python3.9/site-packages/airflow/example_dags/example_sla_dag.py took 0.058 seconds
[2023-08-14T11:04:05.168+0200] {processor.py:157} INFO - Started process (PID=462364) to work on /home/akhilesh/py39/lib/python3.9/site-packages/airflow/example_dags/example_sla_dag.py
[2023-08-14T11:04:05.177+0200] {processor.py:826} INFO - Processing file /home/akhilesh/py39/lib/python3.9/site-packages/airflow/example_dags/example_sla_dag.py for tasks to queue
[2023-08-14T11:04:05.179+0200] {logging_mixin.py:150} INFO - [2023-08-14T11:04:05.178+0200] {dagbag.py:541} INFO - Filling up the DagBag from /home/akhilesh/py39/lib/python3.9/site-packages/airflow/example_dags/example_sla_dag.py
[2023-08-14T11:04:05.188+0200] {processor.py:836} INFO - DAG(s) dict_keys(['example_sla_dag']) retrieved from /home/akhilesh/py39/lib/python3.9/site-packages/airflow/example_dags/example_sla_dag.py
[2023-08-14T11:04:05.205+0200] {logging_mixin.py:150} INFO - [2023-08-14T11:04:05.204+0200] {dag.py:2742} INFO - Sync 1 DAGs
[2023-08-14T11:04:05.221+0200] {logging_mixin.py:150} INFO - [2023-08-14T11:04:05.221+0200] {dag.py:3504} INFO - Setting next_dagrun for example_sla_dag to 2023-08-14T09:02:00+00:00, run_after=2023-08-14T09:04:00+00:00
[2023-08-14T11:04:05.257+0200] {processor.py:179} INFO - Processing /home/akhilesh/py39/lib/python3.9/site-packages/airflow/example_dags/example_sla_dag.py took 0.093 seconds
[2023-08-14T11:04:55.939+0200] {processor.py:157} INFO - Started process (PID=462489) to work on /home/akhilesh/py39/lib/python3.9/site-packages/airflow/example_dags/example_sla_dag.py
[2023-08-14T11:04:55.948+0200] {processor.py:826} INFO - Processing file /home/akhilesh/py39/lib/python3.9/site-packages/airflow/example_dags/example_sla_dag.py for tasks to queue
[2023-08-14T11:04:55.950+0200] {logging_mixin.py:150} INFO - [2023-08-14T11:04:55.949+0200] {dagbag.py:541} INFO - Filling up the DagBag from /home/akhilesh/py39/lib/python3.9/site-packages/airflow/example_dags/example_sla_dag.py
[2023-08-14T11:04:55.960+0200] {processor.py:836} INFO - DAG(s) dict_keys(['example_sla_dag']) retrieved from /home/akhilesh/py39/lib/python3.9/site-packages/airflow/example_dags/example_sla_dag.py
[2023-08-14T11:04:55.975+0200] {logging_mixin.py:150} INFO - [2023-08-14T11:04:55.975+0200] {dag.py:2742} INFO - Sync 1 DAGs
[2023-08-14T11:04:55.990+0200] {logging_mixin.py:150} INFO - [2023-08-14T11:04:55.990+0200] {dag.py:3504} INFO - Setting next_dagrun for example_sla_dag to 2023-08-14T09:02:00+00:00, run_after=2023-08-14T09:04:00+00:00
[2023-08-14T11:04:56.014+0200] {processor.py:179} INFO - Processing /home/akhilesh/py39/lib/python3.9/site-packages/airflow/example_dags/example_sla_dag.py took 0.078 seconds
[2023-08-14T11:05:49.326+0200] {processor.py:157} INFO - Started process (PID=462628) to work on /home/akhilesh/py39/lib/python3.9/site-packages/airflow/example_dags/example_sla_dag.py
[2023-08-14T11:05:49.336+0200] {processor.py:826} INFO - Processing file /home/akhilesh/py39/lib/python3.9/site-packages/airflow/example_dags/example_sla_dag.py for tasks to queue
[2023-08-14T11:05:49.337+0200] {logging_mixin.py:150} INFO - [2023-08-14T11:05:49.336+0200] {dagbag.py:541} INFO - Filling up the DagBag from /home/akhilesh/py39/lib/python3.9/site-packages/airflow/example_dags/example_sla_dag.py
[2023-08-14T11:05:49.346+0200] {processor.py:836} INFO - DAG(s) dict_keys(['example_sla_dag']) retrieved from /home/akhilesh/py39/lib/python3.9/site-packages/airflow/example_dags/example_sla_dag.py
[2023-08-14T11:05:49.364+0200] {logging_mixin.py:150} INFO - [2023-08-14T11:05:49.364+0200] {dag.py:2742} INFO - Sync 1 DAGs
[2023-08-14T11:05:49.380+0200] {logging_mixin.py:150} INFO - [2023-08-14T11:05:49.380+0200] {dag.py:3504} INFO - Setting next_dagrun for example_sla_dag to 2023-08-14T09:02:00+00:00, run_after=2023-08-14T09:04:00+00:00
[2023-08-14T11:05:49.410+0200] {processor.py:179} INFO - Processing /home/akhilesh/py39/lib/python3.9/site-packages/airflow/example_dags/example_sla_dag.py took 0.087 seconds
[2023-08-14T11:06:36.479+0200] {processor.py:157} INFO - Started process (PID=462810) to work on /home/akhilesh/py39/lib/python3.9/site-packages/airflow/example_dags/example_sla_dag.py
[2023-08-14T11:06:36.480+0200] {processor.py:826} INFO - Processing file /home/akhilesh/py39/lib/python3.9/site-packages/airflow/example_dags/example_sla_dag.py for tasks to queue
[2023-08-14T11:06:36.481+0200] {logging_mixin.py:150} INFO - [2023-08-14T11:06:36.481+0200] {dagbag.py:541} INFO - Filling up the DagBag from /home/akhilesh/py39/lib/python3.9/site-packages/airflow/example_dags/example_sla_dag.py
[2023-08-14T11:06:36.489+0200] {processor.py:836} INFO - DAG(s) dict_keys(['example_sla_dag']) retrieved from /home/akhilesh/py39/lib/python3.9/site-packages/airflow/example_dags/example_sla_dag.py
[2023-08-14T11:06:36.501+0200] {logging_mixin.py:150} INFO - [2023-08-14T11:06:36.501+0200] {dag.py:2742} INFO - Sync 1 DAGs
[2023-08-14T11:06:36.519+0200] {logging_mixin.py:150} INFO - [2023-08-14T11:06:36.518+0200] {dag.py:3504} INFO - Setting next_dagrun for example_sla_dag to 2023-08-14T09:04:00+00:00, run_after=2023-08-14T09:06:00+00:00
[2023-08-14T11:06:36.545+0200] {processor.py:179} INFO - Processing /home/akhilesh/py39/lib/python3.9/site-packages/airflow/example_dags/example_sla_dag.py took 0.070 seconds
[2023-08-14T11:07:30.256+0200] {processor.py:157} INFO - Started process (PID=463019) to work on /home/akhilesh/py39/lib/python3.9/site-packages/airflow/example_dags/example_sla_dag.py
[2023-08-14T11:07:30.265+0200] {processor.py:826} INFO - Processing file /home/akhilesh/py39/lib/python3.9/site-packages/airflow/example_dags/example_sla_dag.py for tasks to queue
[2023-08-14T11:07:30.267+0200] {logging_mixin.py:150} INFO - [2023-08-14T11:07:30.266+0200] {dagbag.py:541} INFO - Filling up the DagBag from /home/akhilesh/py39/lib/python3.9/site-packages/airflow/example_dags/example_sla_dag.py
[2023-08-14T11:07:30.276+0200] {processor.py:836} INFO - DAG(s) dict_keys(['example_sla_dag']) retrieved from /home/akhilesh/py39/lib/python3.9/site-packages/airflow/example_dags/example_sla_dag.py
[2023-08-14T11:07:30.295+0200] {logging_mixin.py:150} INFO - [2023-08-14T11:07:30.295+0200] {dag.py:2742} INFO - Sync 1 DAGs
[2023-08-14T11:07:30.311+0200] {logging_mixin.py:150} INFO - [2023-08-14T11:07:30.311+0200] {dag.py:3504} INFO - Setting next_dagrun for example_sla_dag to 2023-08-14T09:04:00+00:00, run_after=2023-08-14T09:06:00+00:00
[2023-08-14T11:07:30.338+0200] {processor.py:179} INFO - Processing /home/akhilesh/py39/lib/python3.9/site-packages/airflow/example_dags/example_sla_dag.py took 0.086 seconds
[2023-08-14T11:08:19.786+0200] {processor.py:157} INFO - Started process (PID=463154) to work on /home/akhilesh/py39/lib/python3.9/site-packages/airflow/example_dags/example_sla_dag.py
[2023-08-14T11:08:19.787+0200] {processor.py:826} INFO - Processing file /home/akhilesh/py39/lib/python3.9/site-packages/airflow/example_dags/example_sla_dag.py for tasks to queue
[2023-08-14T11:08:19.788+0200] {logging_mixin.py:150} INFO - [2023-08-14T11:08:19.787+0200] {dagbag.py:541} INFO - Filling up the DagBag from /home/akhilesh/py39/lib/python3.9/site-packages/airflow/example_dags/example_sla_dag.py
[2023-08-14T11:08:19.793+0200] {processor.py:836} INFO - DAG(s) dict_keys(['example_sla_dag']) retrieved from /home/akhilesh/py39/lib/python3.9/site-packages/airflow/example_dags/example_sla_dag.py
[2023-08-14T11:08:19.809+0200] {logging_mixin.py:150} INFO - [2023-08-14T11:08:19.809+0200] {dag.py:2742} INFO - Sync 1 DAGs
[2023-08-14T11:08:19.823+0200] {logging_mixin.py:150} INFO - [2023-08-14T11:08:19.823+0200] {dag.py:3504} INFO - Setting next_dagrun for example_sla_dag to 2023-08-14T09:06:00+00:00, run_after=2023-08-14T09:08:00+00:00
[2023-08-14T11:08:19.847+0200] {processor.py:179} INFO - Processing /home/akhilesh/py39/lib/python3.9/site-packages/airflow/example_dags/example_sla_dag.py took 0.066 seconds
[2023-08-14T11:10:45.292+0200] {processor.py:157} INFO - Started process (PID=463634) to work on /home/akhilesh/py39/lib/python3.9/site-packages/airflow/example_dags/example_sla_dag.py
[2023-08-14T11:10:45.301+0200] {processor.py:826} INFO - Processing file /home/akhilesh/py39/lib/python3.9/site-packages/airflow/example_dags/example_sla_dag.py for tasks to queue
[2023-08-14T11:10:45.302+0200] {logging_mixin.py:150} INFO - [2023-08-14T11:10:45.302+0200] {dagbag.py:541} INFO - Filling up the DagBag from /home/akhilesh/py39/lib/python3.9/site-packages/airflow/example_dags/example_sla_dag.py
[2023-08-14T11:10:45.317+0200] {processor.py:836} INFO - DAG(s) dict_keys(['example_sla_dag']) retrieved from /home/akhilesh/py39/lib/python3.9/site-packages/airflow/example_dags/example_sla_dag.py
[2023-08-14T11:10:45.335+0200] {logging_mixin.py:150} INFO - [2023-08-14T11:10:45.335+0200] {dag.py:2742} INFO - Sync 1 DAGs
[2023-08-14T11:10:45.352+0200] {logging_mixin.py:150} INFO - [2023-08-14T11:10:45.352+0200] {dag.py:3504} INFO - Setting next_dagrun for example_sla_dag to 2023-08-14T09:08:00+00:00, run_after=2023-08-14T09:10:00+00:00
[2023-08-14T11:10:45.398+0200] {processor.py:179} INFO - Processing /home/akhilesh/py39/lib/python3.9/site-packages/airflow/example_dags/example_sla_dag.py took 0.109 seconds
[2023-08-14T11:11:48.900+0200] {processor.py:157} INFO - Started process (PID=463979) to work on /home/akhilesh/py39/lib/python3.9/site-packages/airflow/example_dags/example_sla_dag.py
[2023-08-14T11:11:48.909+0200] {processor.py:826} INFO - Processing file /home/akhilesh/py39/lib/python3.9/site-packages/airflow/example_dags/example_sla_dag.py for tasks to queue
[2023-08-14T11:11:48.911+0200] {logging_mixin.py:150} INFO - [2023-08-14T11:11:48.910+0200] {dagbag.py:541} INFO - Filling up the DagBag from /home/akhilesh/py39/lib/python3.9/site-packages/airflow/example_dags/example_sla_dag.py
[2023-08-14T11:11:48.922+0200] {processor.py:836} INFO - DAG(s) dict_keys(['example_sla_dag']) retrieved from /home/akhilesh/py39/lib/python3.9/site-packages/airflow/example_dags/example_sla_dag.py
[2023-08-14T11:11:48.940+0200] {logging_mixin.py:150} INFO - [2023-08-14T11:11:48.939+0200] {dag.py:2742} INFO - Sync 1 DAGs
[2023-08-14T11:11:48.962+0200] {logging_mixin.py:150} INFO - [2023-08-14T11:11:48.961+0200] {dag.py:3504} INFO - Setting next_dagrun for example_sla_dag to 2023-08-14T09:08:00+00:00, run_after=2023-08-14T09:10:00+00:00
[2023-08-14T11:11:48.988+0200] {processor.py:179} INFO - Processing /home/akhilesh/py39/lib/python3.9/site-packages/airflow/example_dags/example_sla_dag.py took 0.091 seconds
[2023-08-14T11:12:34.369+0200] {processor.py:157} INFO - Started process (PID=464153) to work on /home/akhilesh/py39/lib/python3.9/site-packages/airflow/example_dags/example_sla_dag.py
[2023-08-14T11:12:34.378+0200] {processor.py:826} INFO - Processing file /home/akhilesh/py39/lib/python3.9/site-packages/airflow/example_dags/example_sla_dag.py for tasks to queue
[2023-08-14T11:12:34.379+0200] {logging_mixin.py:150} INFO - [2023-08-14T11:12:34.379+0200] {dagbag.py:541} INFO - Filling up the DagBag from /home/akhilesh/py39/lib/python3.9/site-packages/airflow/example_dags/example_sla_dag.py
[2023-08-14T11:12:34.390+0200] {processor.py:836} INFO - DAG(s) dict_keys(['example_sla_dag']) retrieved from /home/akhilesh/py39/lib/python3.9/site-packages/airflow/example_dags/example_sla_dag.py
[2023-08-14T11:12:34.408+0200] {logging_mixin.py:150} INFO - [2023-08-14T11:12:34.408+0200] {dag.py:2742} INFO - Sync 1 DAGs
[2023-08-14T11:12:34.426+0200] {logging_mixin.py:150} INFO - [2023-08-14T11:12:34.426+0200] {dag.py:3504} INFO - Setting next_dagrun for example_sla_dag to 2023-08-14T09:10:00+00:00, run_after=2023-08-14T09:12:00+00:00
[2023-08-14T11:12:34.454+0200] {processor.py:179} INFO - Processing /home/akhilesh/py39/lib/python3.9/site-packages/airflow/example_dags/example_sla_dag.py took 0.089 seconds
[2023-08-14T11:13:36.807+0200] {processor.py:157} INFO - Started process (PID=464511) to work on /home/akhilesh/py39/lib/python3.9/site-packages/airflow/example_dags/example_sla_dag.py
[2023-08-14T11:13:36.809+0200] {processor.py:826} INFO - Processing file /home/akhilesh/py39/lib/python3.9/site-packages/airflow/example_dags/example_sla_dag.py for tasks to queue
[2023-08-14T11:13:36.810+0200] {logging_mixin.py:150} INFO - [2023-08-14T11:13:36.809+0200] {dagbag.py:541} INFO - Filling up the DagBag from /home/akhilesh/py39/lib/python3.9/site-packages/airflow/example_dags/example_sla_dag.py
[2023-08-14T11:13:36.818+0200] {processor.py:836} INFO - DAG(s) dict_keys(['example_sla_dag']) retrieved from /home/akhilesh/py39/lib/python3.9/site-packages/airflow/example_dags/example_sla_dag.py
[2023-08-14T11:13:36.838+0200] {logging_mixin.py:150} INFO - [2023-08-14T11:13:36.837+0200] {dag.py:2742} INFO - Sync 1 DAGs
[2023-08-14T11:13:36.856+0200] {logging_mixin.py:150} INFO - [2023-08-14T11:13:36.856+0200] {dag.py:3504} INFO - Setting next_dagrun for example_sla_dag to 2023-08-14T09:10:00+00:00, run_after=2023-08-14T09:12:00+00:00
[2023-08-14T11:13:36.884+0200] {processor.py:179} INFO - Processing /home/akhilesh/py39/lib/python3.9/site-packages/airflow/example_dags/example_sla_dag.py took 0.080 seconds
[2023-08-14T11:15:14.205+0200] {processor.py:157} INFO - Started process (PID=464833) to work on /home/akhilesh/py39/lib/python3.9/site-packages/airflow/example_dags/example_sla_dag.py
[2023-08-14T11:15:14.214+0200] {processor.py:826} INFO - Processing file /home/akhilesh/py39/lib/python3.9/site-packages/airflow/example_dags/example_sla_dag.py for tasks to queue
[2023-08-14T11:15:14.215+0200] {logging_mixin.py:150} INFO - [2023-08-14T11:15:14.215+0200] {dagbag.py:541} INFO - Filling up the DagBag from /home/akhilesh/py39/lib/python3.9/site-packages/airflow/example_dags/example_sla_dag.py
[2023-08-14T11:15:14.224+0200] {processor.py:836} INFO - DAG(s) dict_keys(['example_sla_dag']) retrieved from /home/akhilesh/py39/lib/python3.9/site-packages/airflow/example_dags/example_sla_dag.py
[2023-08-14T11:15:14.242+0200] {logging_mixin.py:150} INFO - [2023-08-14T11:15:14.242+0200] {dag.py:2742} INFO - Sync 1 DAGs
[2023-08-14T11:15:14.257+0200] {logging_mixin.py:150} INFO - [2023-08-14T11:15:14.256+0200] {dag.py:3504} INFO - Setting next_dagrun for example_sla_dag to 2023-08-14T09:12:00+00:00, run_after=2023-08-14T09:14:00+00:00
[2023-08-14T11:15:14.284+0200] {processor.py:179} INFO - Processing /home/akhilesh/py39/lib/python3.9/site-packages/airflow/example_dags/example_sla_dag.py took 0.082 seconds
[2023-08-14T11:16:00.752+0200] {processor.py:157} INFO - Started process (PID=465002) to work on /home/akhilesh/py39/lib/python3.9/site-packages/airflow/example_dags/example_sla_dag.py
[2023-08-14T11:16:00.761+0200] {processor.py:826} INFO - Processing file /home/akhilesh/py39/lib/python3.9/site-packages/airflow/example_dags/example_sla_dag.py for tasks to queue
[2023-08-14T11:16:00.762+0200] {logging_mixin.py:150} INFO - [2023-08-14T11:16:00.762+0200] {dagbag.py:541} INFO - Filling up the DagBag from /home/akhilesh/py39/lib/python3.9/site-packages/airflow/example_dags/example_sla_dag.py
[2023-08-14T11:16:00.771+0200] {processor.py:836} INFO - DAG(s) dict_keys(['example_sla_dag']) retrieved from /home/akhilesh/py39/lib/python3.9/site-packages/airflow/example_dags/example_sla_dag.py
[2023-08-14T11:16:00.787+0200] {logging_mixin.py:150} INFO - [2023-08-14T11:16:00.787+0200] {dag.py:2742} INFO - Sync 1 DAGs
[2023-08-14T11:16:00.802+0200] {logging_mixin.py:150} INFO - [2023-08-14T11:16:00.802+0200] {dag.py:3504} INFO - Setting next_dagrun for example_sla_dag to 2023-08-14T09:14:00+00:00, run_after=2023-08-14T09:16:00+00:00
[2023-08-14T11:16:00.827+0200] {processor.py:179} INFO - Processing /home/akhilesh/py39/lib/python3.9/site-packages/airflow/example_dags/example_sla_dag.py took 0.079 seconds
[2023-08-14T11:16:50.038+0200] {processor.py:157} INFO - Started process (PID=465130) to work on /home/akhilesh/py39/lib/python3.9/site-packages/airflow/example_dags/example_sla_dag.py
[2023-08-14T11:16:50.047+0200] {processor.py:826} INFO - Processing file /home/akhilesh/py39/lib/python3.9/site-packages/airflow/example_dags/example_sla_dag.py for tasks to queue
[2023-08-14T11:16:50.048+0200] {logging_mixin.py:150} INFO - [2023-08-14T11:16:50.048+0200] {dagbag.py:541} INFO - Filling up the DagBag from /home/akhilesh/py39/lib/python3.9/site-packages/airflow/example_dags/example_sla_dag.py
[2023-08-14T11:16:50.057+0200] {processor.py:836} INFO - DAG(s) dict_keys(['example_sla_dag']) retrieved from /home/akhilesh/py39/lib/python3.9/site-packages/airflow/example_dags/example_sla_dag.py
[2023-08-14T11:16:50.068+0200] {logging_mixin.py:150} INFO - [2023-08-14T11:16:50.068+0200] {dag.py:2742} INFO - Sync 1 DAGs
[2023-08-14T11:16:50.081+0200] {logging_mixin.py:150} INFO - [2023-08-14T11:16:50.080+0200] {dag.py:3504} INFO - Setting next_dagrun for example_sla_dag to 2023-08-14T09:14:00+00:00, run_after=2023-08-14T09:16:00+00:00
[2023-08-14T11:16:50.105+0200] {processor.py:179} INFO - Processing /home/akhilesh/py39/lib/python3.9/site-packages/airflow/example_dags/example_sla_dag.py took 0.070 seconds
[2023-08-14T11:17:42.421+0200] {processor.py:157} INFO - Started process (PID=465265) to work on /home/akhilesh/py39/lib/python3.9/site-packages/airflow/example_dags/example_sla_dag.py
[2023-08-14T11:17:42.430+0200] {processor.py:826} INFO - Processing file /home/akhilesh/py39/lib/python3.9/site-packages/airflow/example_dags/example_sla_dag.py for tasks to queue
[2023-08-14T11:17:42.431+0200] {logging_mixin.py:150} INFO - [2023-08-14T11:17:42.431+0200] {dagbag.py:541} INFO - Filling up the DagBag from /home/akhilesh/py39/lib/python3.9/site-packages/airflow/example_dags/example_sla_dag.py
[2023-08-14T11:17:42.441+0200] {processor.py:836} INFO - DAG(s) dict_keys(['example_sla_dag']) retrieved from /home/akhilesh/py39/lib/python3.9/site-packages/airflow/example_dags/example_sla_dag.py
[2023-08-14T11:17:42.457+0200] {logging_mixin.py:150} INFO - [2023-08-14T11:17:42.457+0200] {dag.py:2742} INFO - Sync 1 DAGs
[2023-08-14T11:17:42.472+0200] {logging_mixin.py:150} INFO - [2023-08-14T11:17:42.471+0200] {dag.py:3504} INFO - Setting next_dagrun for example_sla_dag to 2023-08-14T09:14:00+00:00, run_after=2023-08-14T09:16:00+00:00
[2023-08-14T11:17:42.501+0200] {processor.py:179} INFO - Processing /home/akhilesh/py39/lib/python3.9/site-packages/airflow/example_dags/example_sla_dag.py took 0.084 seconds
[2023-08-14T11:18:35.061+0200] {processor.py:157} INFO - Started process (PID=465502) to work on /home/akhilesh/py39/lib/python3.9/site-packages/airflow/example_dags/example_sla_dag.py
[2023-08-14T11:18:35.070+0200] {processor.py:826} INFO - Processing file /home/akhilesh/py39/lib/python3.9/site-packages/airflow/example_dags/example_sla_dag.py for tasks to queue
[2023-08-14T11:18:35.071+0200] {logging_mixin.py:150} INFO - [2023-08-14T11:18:35.071+0200] {dagbag.py:541} INFO - Filling up the DagBag from /home/akhilesh/py39/lib/python3.9/site-packages/airflow/example_dags/example_sla_dag.py
[2023-08-14T11:18:35.080+0200] {processor.py:836} INFO - DAG(s) dict_keys(['example_sla_dag']) retrieved from /home/akhilesh/py39/lib/python3.9/site-packages/airflow/example_dags/example_sla_dag.py
[2023-08-14T11:18:35.097+0200] {logging_mixin.py:150} INFO - [2023-08-14T11:18:35.097+0200] {dag.py:2742} INFO - Sync 1 DAGs
[2023-08-14T11:18:35.111+0200] {logging_mixin.py:150} INFO - [2023-08-14T11:18:35.110+0200] {dag.py:3504} INFO - Setting next_dagrun for example_sla_dag to 2023-08-14T09:16:00+00:00, run_after=2023-08-14T09:18:00+00:00
[2023-08-14T11:18:35.140+0200] {processor.py:179} INFO - Processing /home/akhilesh/py39/lib/python3.9/site-packages/airflow/example_dags/example_sla_dag.py took 0.084 seconds
[2023-08-14T11:20:13.615+0200] {processor.py:157} INFO - Started process (PID=465804) to work on /home/akhilesh/py39/lib/python3.9/site-packages/airflow/example_dags/example_sla_dag.py
[2023-08-14T11:20:13.616+0200] {processor.py:826} INFO - Processing file /home/akhilesh/py39/lib/python3.9/site-packages/airflow/example_dags/example_sla_dag.py for tasks to queue
[2023-08-14T11:20:13.617+0200] {logging_mixin.py:150} INFO - [2023-08-14T11:20:13.617+0200] {dagbag.py:541} INFO - Filling up the DagBag from /home/akhilesh/py39/lib/python3.9/site-packages/airflow/example_dags/example_sla_dag.py
[2023-08-14T11:20:13.622+0200] {processor.py:836} INFO - DAG(s) dict_keys(['example_sla_dag']) retrieved from /home/akhilesh/py39/lib/python3.9/site-packages/airflow/example_dags/example_sla_dag.py
[2023-08-14T11:20:13.634+0200] {logging_mixin.py:150} INFO - [2023-08-14T11:20:13.634+0200] {dag.py:2742} INFO - Sync 1 DAGs
[2023-08-14T11:20:13.646+0200] {logging_mixin.py:150} INFO - [2023-08-14T11:20:13.646+0200] {dag.py:3504} INFO - Setting next_dagrun for example_sla_dag to 2023-08-14T09:18:00+00:00, run_after=2023-08-14T09:20:00+00:00
[2023-08-14T11:20:13.668+0200] {processor.py:179} INFO - Processing /home/akhilesh/py39/lib/python3.9/site-packages/airflow/example_dags/example_sla_dag.py took 0.056 seconds
[2023-08-14T11:21:10.230+0200] {processor.py:157} INFO - Started process (PID=466060) to work on /home/akhilesh/py39/lib/python3.9/site-packages/airflow/example_dags/example_sla_dag.py
[2023-08-14T11:21:10.231+0200] {processor.py:826} INFO - Processing file /home/akhilesh/py39/lib/python3.9/site-packages/airflow/example_dags/example_sla_dag.py for tasks to queue
[2023-08-14T11:21:10.232+0200] {logging_mixin.py:150} INFO - [2023-08-14T11:21:10.232+0200] {dagbag.py:541} INFO - Filling up the DagBag from /home/akhilesh/py39/lib/python3.9/site-packages/airflow/example_dags/example_sla_dag.py
[2023-08-14T11:21:10.238+0200] {processor.py:836} INFO - DAG(s) dict_keys(['example_sla_dag']) retrieved from /home/akhilesh/py39/lib/python3.9/site-packages/airflow/example_dags/example_sla_dag.py
[2023-08-14T11:21:10.253+0200] {logging_mixin.py:150} INFO - [2023-08-14T11:21:10.252+0200] {dag.py:2742} INFO - Sync 1 DAGs
[2023-08-14T11:21:10.270+0200] {logging_mixin.py:150} INFO - [2023-08-14T11:21:10.269+0200] {dag.py:3504} INFO - Setting next_dagrun for example_sla_dag to 2023-08-14T09:18:00+00:00, run_after=2023-08-14T09:20:00+00:00
[2023-08-14T11:21:10.295+0200] {processor.py:179} INFO - Processing /home/akhilesh/py39/lib/python3.9/site-packages/airflow/example_dags/example_sla_dag.py took 0.069 seconds
[2023-08-14T11:21:57.640+0200] {processor.py:157} INFO - Started process (PID=466217) to work on /home/akhilesh/py39/lib/python3.9/site-packages/airflow/example_dags/example_sla_dag.py
[2023-08-14T11:21:57.641+0200] {processor.py:826} INFO - Processing file /home/akhilesh/py39/lib/python3.9/site-packages/airflow/example_dags/example_sla_dag.py for tasks to queue
[2023-08-14T11:21:57.642+0200] {logging_mixin.py:150} INFO - [2023-08-14T11:21:57.642+0200] {dagbag.py:541} INFO - Filling up the DagBag from /home/akhilesh/py39/lib/python3.9/site-packages/airflow/example_dags/example_sla_dag.py
[2023-08-14T11:21:57.654+0200] {processor.py:836} INFO - DAG(s) dict_keys(['example_sla_dag']) retrieved from /home/akhilesh/py39/lib/python3.9/site-packages/airflow/example_dags/example_sla_dag.py
[2023-08-14T11:21:57.681+0200] {logging_mixin.py:150} INFO - [2023-08-14T11:21:57.680+0200] {dag.py:2742} INFO - Sync 1 DAGs
[2023-08-14T11:21:57.709+0200] {logging_mixin.py:150} INFO - [2023-08-14T11:21:57.708+0200] {dag.py:3504} INFO - Setting next_dagrun for example_sla_dag to 2023-08-14T09:18:00+00:00, run_after=2023-08-14T09:20:00+00:00
[2023-08-14T11:21:57.746+0200] {processor.py:179} INFO - Processing /home/akhilesh/py39/lib/python3.9/site-packages/airflow/example_dags/example_sla_dag.py took 0.112 seconds
[2023-08-14T11:22:51.769+0200] {processor.py:157} INFO - Started process (PID=466430) to work on /home/akhilesh/py39/lib/python3.9/site-packages/airflow/example_dags/example_sla_dag.py
[2023-08-14T11:22:51.778+0200] {processor.py:826} INFO - Processing file /home/akhilesh/py39/lib/python3.9/site-packages/airflow/example_dags/example_sla_dag.py for tasks to queue
[2023-08-14T11:22:51.780+0200] {logging_mixin.py:150} INFO - [2023-08-14T11:22:51.779+0200] {dagbag.py:541} INFO - Filling up the DagBag from /home/akhilesh/py39/lib/python3.9/site-packages/airflow/example_dags/example_sla_dag.py
[2023-08-14T11:22:51.787+0200] {processor.py:836} INFO - DAG(s) dict_keys(['example_sla_dag']) retrieved from /home/akhilesh/py39/lib/python3.9/site-packages/airflow/example_dags/example_sla_dag.py
[2023-08-14T11:22:51.802+0200] {logging_mixin.py:150} INFO - [2023-08-14T11:22:51.802+0200] {dag.py:2742} INFO - Sync 1 DAGs
[2023-08-14T11:22:51.817+0200] {logging_mixin.py:150} INFO - [2023-08-14T11:22:51.816+0200] {dag.py:3504} INFO - Setting next_dagrun for example_sla_dag to 2023-08-14T09:20:00+00:00, run_after=2023-08-14T09:22:00+00:00
[2023-08-14T11:22:51.845+0200] {processor.py:179} INFO - Processing /home/akhilesh/py39/lib/python3.9/site-packages/airflow/example_dags/example_sla_dag.py took 0.081 seconds
[2023-08-14T11:23:40.092+0200] {processor.py:157} INFO - Started process (PID=467021) to work on /home/akhilesh/py39/lib/python3.9/site-packages/airflow/example_dags/example_sla_dag.py
[2023-08-14T11:23:40.101+0200] {processor.py:826} INFO - Processing file /home/akhilesh/py39/lib/python3.9/site-packages/airflow/example_dags/example_sla_dag.py for tasks to queue
[2023-08-14T11:23:40.102+0200] {logging_mixin.py:150} INFO - [2023-08-14T11:23:40.101+0200] {dagbag.py:541} INFO - Filling up the DagBag from /home/akhilesh/py39/lib/python3.9/site-packages/airflow/example_dags/example_sla_dag.py
[2023-08-14T11:23:40.112+0200] {processor.py:836} INFO - DAG(s) dict_keys(['example_sla_dag']) retrieved from /home/akhilesh/py39/lib/python3.9/site-packages/airflow/example_dags/example_sla_dag.py
[2023-08-14T11:23:40.126+0200] {logging_mixin.py:150} INFO - [2023-08-14T11:23:40.126+0200] {dag.py:2742} INFO - Sync 1 DAGs
[2023-08-14T11:23:40.141+0200] {logging_mixin.py:150} INFO - [2023-08-14T11:23:40.140+0200] {dag.py:3504} INFO - Setting next_dagrun for example_sla_dag to 2023-08-14T09:20:00+00:00, run_after=2023-08-14T09:22:00+00:00
[2023-08-14T11:23:40.169+0200] {processor.py:179} INFO - Processing /home/akhilesh/py39/lib/python3.9/site-packages/airflow/example_dags/example_sla_dag.py took 0.080 seconds
[2023-08-14T11:24:30.424+0200] {processor.py:157} INFO - Started process (PID=467216) to work on /home/akhilesh/py39/lib/python3.9/site-packages/airflow/example_dags/example_sla_dag.py
[2023-08-14T11:24:30.433+0200] {processor.py:826} INFO - Processing file /home/akhilesh/py39/lib/python3.9/site-packages/airflow/example_dags/example_sla_dag.py for tasks to queue
[2023-08-14T11:24:30.434+0200] {logging_mixin.py:150} INFO - [2023-08-14T11:24:30.434+0200] {dagbag.py:541} INFO - Filling up the DagBag from /home/akhilesh/py39/lib/python3.9/site-packages/airflow/example_dags/example_sla_dag.py
[2023-08-14T11:24:30.444+0200] {processor.py:836} INFO - DAG(s) dict_keys(['example_sla_dag']) retrieved from /home/akhilesh/py39/lib/python3.9/site-packages/airflow/example_dags/example_sla_dag.py
[2023-08-14T11:24:30.457+0200] {logging_mixin.py:150} INFO - [2023-08-14T11:24:30.457+0200] {dag.py:2742} INFO - Sync 1 DAGs
[2023-08-14T11:24:30.472+0200] {logging_mixin.py:150} INFO - [2023-08-14T11:24:30.472+0200] {dag.py:3504} INFO - Setting next_dagrun for example_sla_dag to 2023-08-14T09:22:00+00:00, run_after=2023-08-14T09:24:00+00:00
[2023-08-14T11:24:30.508+0200] {processor.py:179} INFO - Processing /home/akhilesh/py39/lib/python3.9/site-packages/airflow/example_dags/example_sla_dag.py took 0.088 seconds
[2023-08-14T11:25:19.503+0200] {processor.py:157} INFO - Started process (PID=467634) to work on /home/akhilesh/py39/lib/python3.9/site-packages/airflow/example_dags/example_sla_dag.py
[2023-08-14T11:25:19.512+0200] {processor.py:826} INFO - Processing file /home/akhilesh/py39/lib/python3.9/site-packages/airflow/example_dags/example_sla_dag.py for tasks to queue
[2023-08-14T11:25:19.513+0200] {logging_mixin.py:150} INFO - [2023-08-14T11:25:19.513+0200] {dagbag.py:541} INFO - Filling up the DagBag from /home/akhilesh/py39/lib/python3.9/site-packages/airflow/example_dags/example_sla_dag.py
[2023-08-14T11:25:19.523+0200] {processor.py:836} INFO - DAG(s) dict_keys(['example_sla_dag']) retrieved from /home/akhilesh/py39/lib/python3.9/site-packages/airflow/example_dags/example_sla_dag.py
[2023-08-14T11:25:19.537+0200] {logging_mixin.py:150} INFO - [2023-08-14T11:25:19.536+0200] {dag.py:2742} INFO - Sync 1 DAGs
[2023-08-14T11:25:19.551+0200] {logging_mixin.py:150} INFO - [2023-08-14T11:25:19.551+0200] {dag.py:3504} INFO - Setting next_dagrun for example_sla_dag to 2023-08-14T09:22:00+00:00, run_after=2023-08-14T09:24:00+00:00
[2023-08-14T11:25:19.579+0200] {processor.py:179} INFO - Processing /home/akhilesh/py39/lib/python3.9/site-packages/airflow/example_dags/example_sla_dag.py took 0.080 seconds
