[2023-08-14T10:22:28.365+0200] {processor.py:157} INFO - Started process (PID=453425) to work on /home/akhilesh/py39/lib/python3.9/site-packages/airflow/example_dags/example_sensor_decorator.py
[2023-08-14T10:22:28.366+0200] {processor.py:826} INFO - Processing file /home/akhilesh/py39/lib/python3.9/site-packages/airflow/example_dags/example_sensor_decorator.py for tasks to queue
[2023-08-14T10:22:28.368+0200] {logging_mixin.py:150} INFO - [2023-08-14T10:22:28.367+0200] {dagbag.py:541} INFO - Filling up the DagBag from /home/akhilesh/py39/lib/python3.9/site-packages/airflow/example_dags/example_sensor_decorator.py
[2023-08-14T10:22:28.375+0200] {processor.py:836} INFO - DAG(s) dict_keys(['example_sensor_decorator']) retrieved from /home/akhilesh/py39/lib/python3.9/site-packages/airflow/example_dags/example_sensor_decorator.py
[2023-08-14T10:22:28.390+0200] {logging_mixin.py:150} INFO - [2023-08-14T10:22:28.390+0200] {dag.py:2742} INFO - Sync 1 DAGs
[2023-08-14T10:22:28.404+0200] {logging_mixin.py:150} INFO - [2023-08-14T10:22:28.404+0200] {dag.py:3504} INFO - Setting next_dagrun for example_sensor_decorator to None, run_after=None
[2023-08-14T10:22:28.437+0200] {processor.py:179} INFO - Processing /home/akhilesh/py39/lib/python3.9/site-packages/airflow/example_dags/example_sensor_decorator.py took 0.076 seconds
[2023-08-14T10:23:15.287+0200] {processor.py:157} INFO - Started process (PID=453570) to work on /home/akhilesh/py39/lib/python3.9/site-packages/airflow/example_dags/example_sensor_decorator.py
[2023-08-14T10:23:15.297+0200] {processor.py:826} INFO - Processing file /home/akhilesh/py39/lib/python3.9/site-packages/airflow/example_dags/example_sensor_decorator.py for tasks to queue
[2023-08-14T10:23:15.298+0200] {logging_mixin.py:150} INFO - [2023-08-14T10:23:15.298+0200] {dagbag.py:541} INFO - Filling up the DagBag from /home/akhilesh/py39/lib/python3.9/site-packages/airflow/example_dags/example_sensor_decorator.py
[2023-08-14T10:23:15.307+0200] {processor.py:836} INFO - DAG(s) dict_keys(['example_sensor_decorator']) retrieved from /home/akhilesh/py39/lib/python3.9/site-packages/airflow/example_dags/example_sensor_decorator.py
[2023-08-14T10:23:15.323+0200] {logging_mixin.py:150} INFO - [2023-08-14T10:23:15.322+0200] {dag.py:2742} INFO - Sync 1 DAGs
[2023-08-14T10:23:15.339+0200] {logging_mixin.py:150} INFO - [2023-08-14T10:23:15.338+0200] {dag.py:3504} INFO - Setting next_dagrun for example_sensor_decorator to None, run_after=None
[2023-08-14T10:23:15.520+0200] {processor.py:179} INFO - Processing /home/akhilesh/py39/lib/python3.9/site-packages/airflow/example_dags/example_sensor_decorator.py took 0.237 seconds
[2023-08-14T10:24:14.079+0200] {processor.py:157} INFO - Started process (PID=453860) to work on /home/akhilesh/py39/lib/python3.9/site-packages/airflow/example_dags/example_sensor_decorator.py
[2023-08-14T10:24:14.080+0200] {processor.py:826} INFO - Processing file /home/akhilesh/py39/lib/python3.9/site-packages/airflow/example_dags/example_sensor_decorator.py for tasks to queue
[2023-08-14T10:24:14.081+0200] {logging_mixin.py:150} INFO - [2023-08-14T10:24:14.081+0200] {dagbag.py:541} INFO - Filling up the DagBag from /home/akhilesh/py39/lib/python3.9/site-packages/airflow/example_dags/example_sensor_decorator.py
[2023-08-14T10:24:14.089+0200] {processor.py:836} INFO - DAG(s) dict_keys(['example_sensor_decorator']) retrieved from /home/akhilesh/py39/lib/python3.9/site-packages/airflow/example_dags/example_sensor_decorator.py
[2023-08-14T10:24:14.104+0200] {logging_mixin.py:150} INFO - [2023-08-14T10:24:14.104+0200] {dag.py:2742} INFO - Sync 1 DAGs
[2023-08-14T10:24:14.119+0200] {logging_mixin.py:150} INFO - [2023-08-14T10:24:14.118+0200] {dag.py:3504} INFO - Setting next_dagrun for example_sensor_decorator to None, run_after=None
[2023-08-14T10:24:14.137+0200] {processor.py:179} INFO - Processing /home/akhilesh/py39/lib/python3.9/site-packages/airflow/example_dags/example_sensor_decorator.py took 0.062 seconds
[2023-08-14T10:25:19.167+0200] {processor.py:157} INFO - Started process (PID=454080) to work on /home/akhilesh/py39/lib/python3.9/site-packages/airflow/example_dags/example_sensor_decorator.py
[2023-08-14T10:25:19.176+0200] {processor.py:826} INFO - Processing file /home/akhilesh/py39/lib/python3.9/site-packages/airflow/example_dags/example_sensor_decorator.py for tasks to queue
[2023-08-14T10:25:19.178+0200] {logging_mixin.py:150} INFO - [2023-08-14T10:25:19.177+0200] {dagbag.py:541} INFO - Filling up the DagBag from /home/akhilesh/py39/lib/python3.9/site-packages/airflow/example_dags/example_sensor_decorator.py
[2023-08-14T10:25:19.186+0200] {processor.py:836} INFO - DAG(s) dict_keys(['example_sensor_decorator']) retrieved from /home/akhilesh/py39/lib/python3.9/site-packages/airflow/example_dags/example_sensor_decorator.py
[2023-08-14T10:25:19.202+0200] {logging_mixin.py:150} INFO - [2023-08-14T10:25:19.202+0200] {dag.py:2742} INFO - Sync 1 DAGs
[2023-08-14T10:25:19.387+0200] {logging_mixin.py:150} INFO - [2023-08-14T10:25:19.387+0200] {dag.py:3504} INFO - Setting next_dagrun for example_sensor_decorator to None, run_after=None
[2023-08-14T10:25:19.419+0200] {processor.py:179} INFO - Processing /home/akhilesh/py39/lib/python3.9/site-packages/airflow/example_dags/example_sensor_decorator.py took 0.256 seconds
[2023-08-14T10:26:07.894+0200] {processor.py:157} INFO - Started process (PID=454232) to work on /home/akhilesh/py39/lib/python3.9/site-packages/airflow/example_dags/example_sensor_decorator.py
[2023-08-14T10:26:07.903+0200] {processor.py:826} INFO - Processing file /home/akhilesh/py39/lib/python3.9/site-packages/airflow/example_dags/example_sensor_decorator.py for tasks to queue
[2023-08-14T10:26:07.904+0200] {logging_mixin.py:150} INFO - [2023-08-14T10:26:07.904+0200] {dagbag.py:541} INFO - Filling up the DagBag from /home/akhilesh/py39/lib/python3.9/site-packages/airflow/example_dags/example_sensor_decorator.py
[2023-08-14T10:26:07.913+0200] {processor.py:836} INFO - DAG(s) dict_keys(['example_sensor_decorator']) retrieved from /home/akhilesh/py39/lib/python3.9/site-packages/airflow/example_dags/example_sensor_decorator.py
[2023-08-14T10:26:07.929+0200] {logging_mixin.py:150} INFO - [2023-08-14T10:26:07.928+0200] {dag.py:2742} INFO - Sync 1 DAGs
[2023-08-14T10:26:07.943+0200] {logging_mixin.py:150} INFO - [2023-08-14T10:26:07.943+0200] {dag.py:3504} INFO - Setting next_dagrun for example_sensor_decorator to None, run_after=None
[2023-08-14T10:26:07.964+0200] {processor.py:179} INFO - Processing /home/akhilesh/py39/lib/python3.9/site-packages/airflow/example_dags/example_sensor_decorator.py took 0.074 seconds
[2023-08-14T10:27:07.419+0200] {processor.py:157} INFO - Started process (PID=454566) to work on /home/akhilesh/py39/lib/python3.9/site-packages/airflow/example_dags/example_sensor_decorator.py
[2023-08-14T10:27:07.428+0200] {processor.py:826} INFO - Processing file /home/akhilesh/py39/lib/python3.9/site-packages/airflow/example_dags/example_sensor_decorator.py for tasks to queue
[2023-08-14T10:27:07.429+0200] {logging_mixin.py:150} INFO - [2023-08-14T10:27:07.429+0200] {dagbag.py:541} INFO - Filling up the DagBag from /home/akhilesh/py39/lib/python3.9/site-packages/airflow/example_dags/example_sensor_decorator.py
[2023-08-14T10:27:07.437+0200] {processor.py:836} INFO - DAG(s) dict_keys(['example_sensor_decorator']) retrieved from /home/akhilesh/py39/lib/python3.9/site-packages/airflow/example_dags/example_sensor_decorator.py
[2023-08-14T10:27:07.451+0200] {logging_mixin.py:150} INFO - [2023-08-14T10:27:07.451+0200] {dag.py:2742} INFO - Sync 1 DAGs
[2023-08-14T10:27:07.540+0200] {logging_mixin.py:150} INFO - [2023-08-14T10:27:07.540+0200] {dag.py:3504} INFO - Setting next_dagrun for example_sensor_decorator to None, run_after=None
[2023-08-14T10:27:07.558+0200] {processor.py:179} INFO - Processing /home/akhilesh/py39/lib/python3.9/site-packages/airflow/example_dags/example_sensor_decorator.py took 0.143 seconds
[2023-08-14T10:28:03.555+0200] {processor.py:157} INFO - Started process (PID=454916) to work on /home/akhilesh/py39/lib/python3.9/site-packages/airflow/example_dags/example_sensor_decorator.py
[2023-08-14T10:28:03.564+0200] {processor.py:826} INFO - Processing file /home/akhilesh/py39/lib/python3.9/site-packages/airflow/example_dags/example_sensor_decorator.py for tasks to queue
[2023-08-14T10:28:03.566+0200] {logging_mixin.py:150} INFO - [2023-08-14T10:28:03.565+0200] {dagbag.py:541} INFO - Filling up the DagBag from /home/akhilesh/py39/lib/python3.9/site-packages/airflow/example_dags/example_sensor_decorator.py
[2023-08-14T10:28:03.573+0200] {processor.py:836} INFO - DAG(s) dict_keys(['example_sensor_decorator']) retrieved from /home/akhilesh/py39/lib/python3.9/site-packages/airflow/example_dags/example_sensor_decorator.py
[2023-08-14T10:28:03.592+0200] {logging_mixin.py:150} INFO - [2023-08-14T10:28:03.591+0200] {dag.py:2742} INFO - Sync 1 DAGs
[2023-08-14T10:28:03.681+0200] {logging_mixin.py:150} INFO - [2023-08-14T10:28:03.681+0200] {dag.py:3504} INFO - Setting next_dagrun for example_sensor_decorator to None, run_after=None
[2023-08-14T10:28:03.705+0200] {processor.py:179} INFO - Processing /home/akhilesh/py39/lib/python3.9/site-packages/airflow/example_dags/example_sensor_decorator.py took 0.153 seconds
[2023-08-14T10:29:06.585+0200] {processor.py:157} INFO - Started process (PID=455138) to work on /home/akhilesh/py39/lib/python3.9/site-packages/airflow/example_dags/example_sensor_decorator.py
[2023-08-14T10:29:06.595+0200] {processor.py:826} INFO - Processing file /home/akhilesh/py39/lib/python3.9/site-packages/airflow/example_dags/example_sensor_decorator.py for tasks to queue
[2023-08-14T10:29:06.596+0200] {logging_mixin.py:150} INFO - [2023-08-14T10:29:06.596+0200] {dagbag.py:541} INFO - Filling up the DagBag from /home/akhilesh/py39/lib/python3.9/site-packages/airflow/example_dags/example_sensor_decorator.py
[2023-08-14T10:29:06.605+0200] {processor.py:836} INFO - DAG(s) dict_keys(['example_sensor_decorator']) retrieved from /home/akhilesh/py39/lib/python3.9/site-packages/airflow/example_dags/example_sensor_decorator.py
[2023-08-14T10:29:06.624+0200] {logging_mixin.py:150} INFO - [2023-08-14T10:29:06.624+0200] {dag.py:2742} INFO - Sync 1 DAGs
[2023-08-14T10:29:06.646+0200] {logging_mixin.py:150} INFO - [2023-08-14T10:29:06.645+0200] {dag.py:3504} INFO - Setting next_dagrun for example_sensor_decorator to None, run_after=None
[2023-08-14T10:29:06.675+0200] {processor.py:179} INFO - Processing /home/akhilesh/py39/lib/python3.9/site-packages/airflow/example_dags/example_sensor_decorator.py took 0.093 seconds
[2023-08-14T10:30:18.449+0200] {processor.py:157} INFO - Started process (PID=455322) to work on /home/akhilesh/py39/lib/python3.9/site-packages/airflow/example_dags/example_sensor_decorator.py
[2023-08-14T10:30:18.458+0200] {processor.py:826} INFO - Processing file /home/akhilesh/py39/lib/python3.9/site-packages/airflow/example_dags/example_sensor_decorator.py for tasks to queue
[2023-08-14T10:30:18.459+0200] {logging_mixin.py:150} INFO - [2023-08-14T10:30:18.458+0200] {dagbag.py:541} INFO - Filling up the DagBag from /home/akhilesh/py39/lib/python3.9/site-packages/airflow/example_dags/example_sensor_decorator.py
[2023-08-14T10:30:18.466+0200] {processor.py:836} INFO - DAG(s) dict_keys(['example_sensor_decorator']) retrieved from /home/akhilesh/py39/lib/python3.9/site-packages/airflow/example_dags/example_sensor_decorator.py
[2023-08-14T10:30:18.648+0200] {logging_mixin.py:150} INFO - [2023-08-14T10:30:18.648+0200] {dag.py:2742} INFO - Sync 1 DAGs
[2023-08-14T10:30:18.662+0200] {logging_mixin.py:150} INFO - [2023-08-14T10:30:18.661+0200] {dag.py:3504} INFO - Setting next_dagrun for example_sensor_decorator to None, run_after=None
[2023-08-14T10:30:18.685+0200] {processor.py:179} INFO - Processing /home/akhilesh/py39/lib/python3.9/site-packages/airflow/example_dags/example_sensor_decorator.py took 0.240 seconds
[2023-08-14T10:31:04.136+0200] {processor.py:157} INFO - Started process (PID=455474) to work on /home/akhilesh/py39/lib/python3.9/site-packages/airflow/example_dags/example_sensor_decorator.py
[2023-08-14T10:31:04.145+0200] {processor.py:826} INFO - Processing file /home/akhilesh/py39/lib/python3.9/site-packages/airflow/example_dags/example_sensor_decorator.py for tasks to queue
[2023-08-14T10:31:04.146+0200] {logging_mixin.py:150} INFO - [2023-08-14T10:31:04.146+0200] {dagbag.py:541} INFO - Filling up the DagBag from /home/akhilesh/py39/lib/python3.9/site-packages/airflow/example_dags/example_sensor_decorator.py
[2023-08-14T10:31:04.155+0200] {processor.py:836} INFO - DAG(s) dict_keys(['example_sensor_decorator']) retrieved from /home/akhilesh/py39/lib/python3.9/site-packages/airflow/example_dags/example_sensor_decorator.py
[2023-08-14T10:31:04.173+0200] {logging_mixin.py:150} INFO - [2023-08-14T10:31:04.173+0200] {dag.py:2742} INFO - Sync 1 DAGs
[2023-08-14T10:31:04.188+0200] {logging_mixin.py:150} INFO - [2023-08-14T10:31:04.188+0200] {dag.py:3504} INFO - Setting next_dagrun for example_sensor_decorator to None, run_after=None
[2023-08-14T10:31:04.210+0200] {processor.py:179} INFO - Processing /home/akhilesh/py39/lib/python3.9/site-packages/airflow/example_dags/example_sensor_decorator.py took 0.078 seconds
[2023-08-14T10:31:53.689+0200] {processor.py:157} INFO - Started process (PID=455619) to work on /home/akhilesh/py39/lib/python3.9/site-packages/airflow/example_dags/example_sensor_decorator.py
[2023-08-14T10:31:53.698+0200] {processor.py:826} INFO - Processing file /home/akhilesh/py39/lib/python3.9/site-packages/airflow/example_dags/example_sensor_decorator.py for tasks to queue
[2023-08-14T10:31:53.700+0200] {logging_mixin.py:150} INFO - [2023-08-14T10:31:53.699+0200] {dagbag.py:541} INFO - Filling up the DagBag from /home/akhilesh/py39/lib/python3.9/site-packages/airflow/example_dags/example_sensor_decorator.py
[2023-08-14T10:31:53.707+0200] {processor.py:836} INFO - DAG(s) dict_keys(['example_sensor_decorator']) retrieved from /home/akhilesh/py39/lib/python3.9/site-packages/airflow/example_dags/example_sensor_decorator.py
[2023-08-14T10:31:53.726+0200] {logging_mixin.py:150} INFO - [2023-08-14T10:31:53.726+0200] {dag.py:2742} INFO - Sync 1 DAGs
[2023-08-14T10:31:53.741+0200] {logging_mixin.py:150} INFO - [2023-08-14T10:31:53.741+0200] {dag.py:3504} INFO - Setting next_dagrun for example_sensor_decorator to None, run_after=None
[2023-08-14T10:31:53.760+0200] {processor.py:179} INFO - Processing /home/akhilesh/py39/lib/python3.9/site-packages/airflow/example_dags/example_sensor_decorator.py took 0.075 seconds
[2023-08-14T10:32:41.374+0200] {processor.py:157} INFO - Started process (PID=455890) to work on /home/akhilesh/py39/lib/python3.9/site-packages/airflow/example_dags/example_sensor_decorator.py
[2023-08-14T10:32:41.376+0200] {processor.py:826} INFO - Processing file /home/akhilesh/py39/lib/python3.9/site-packages/airflow/example_dags/example_sensor_decorator.py for tasks to queue
[2023-08-14T10:32:41.377+0200] {logging_mixin.py:150} INFO - [2023-08-14T10:32:41.377+0200] {dagbag.py:541} INFO - Filling up the DagBag from /home/akhilesh/py39/lib/python3.9/site-packages/airflow/example_dags/example_sensor_decorator.py
[2023-08-14T10:32:41.385+0200] {processor.py:836} INFO - DAG(s) dict_keys(['example_sensor_decorator']) retrieved from /home/akhilesh/py39/lib/python3.9/site-packages/airflow/example_dags/example_sensor_decorator.py
[2023-08-14T10:32:41.402+0200] {logging_mixin.py:150} INFO - [2023-08-14T10:32:41.402+0200] {dag.py:2742} INFO - Sync 1 DAGs
[2023-08-14T10:32:41.419+0200] {logging_mixin.py:150} INFO - [2023-08-14T10:32:41.419+0200] {dag.py:3504} INFO - Setting next_dagrun for example_sensor_decorator to None, run_after=None
[2023-08-14T10:32:41.443+0200] {processor.py:179} INFO - Processing /home/akhilesh/py39/lib/python3.9/site-packages/airflow/example_dags/example_sensor_decorator.py took 0.073 seconds
[2023-08-14T10:33:33.232+0200] {processor.py:157} INFO - Started process (PID=456011) to work on /home/akhilesh/py39/lib/python3.9/site-packages/airflow/example_dags/example_sensor_decorator.py
[2023-08-14T10:33:33.241+0200] {processor.py:826} INFO - Processing file /home/akhilesh/py39/lib/python3.9/site-packages/airflow/example_dags/example_sensor_decorator.py for tasks to queue
[2023-08-14T10:33:33.242+0200] {logging_mixin.py:150} INFO - [2023-08-14T10:33:33.242+0200] {dagbag.py:541} INFO - Filling up the DagBag from /home/akhilesh/py39/lib/python3.9/site-packages/airflow/example_dags/example_sensor_decorator.py
[2023-08-14T10:33:33.250+0200] {processor.py:836} INFO - DAG(s) dict_keys(['example_sensor_decorator']) retrieved from /home/akhilesh/py39/lib/python3.9/site-packages/airflow/example_dags/example_sensor_decorator.py
[2023-08-14T10:33:33.265+0200] {logging_mixin.py:150} INFO - [2023-08-14T10:33:33.264+0200] {dag.py:2742} INFO - Sync 1 DAGs
[2023-08-14T10:33:33.280+0200] {logging_mixin.py:150} INFO - [2023-08-14T10:33:33.280+0200] {dag.py:3504} INFO - Setting next_dagrun for example_sensor_decorator to None, run_after=None
[2023-08-14T10:33:33.302+0200] {processor.py:179} INFO - Processing /home/akhilesh/py39/lib/python3.9/site-packages/airflow/example_dags/example_sensor_decorator.py took 0.074 seconds
[2023-08-14T10:34:28.197+0200] {processor.py:157} INFO - Started process (PID=456155) to work on /home/akhilesh/py39/lib/python3.9/site-packages/airflow/example_dags/example_sensor_decorator.py
[2023-08-14T10:34:28.206+0200] {processor.py:826} INFO - Processing file /home/akhilesh/py39/lib/python3.9/site-packages/airflow/example_dags/example_sensor_decorator.py for tasks to queue
[2023-08-14T10:34:28.208+0200] {logging_mixin.py:150} INFO - [2023-08-14T10:34:28.207+0200] {dagbag.py:541} INFO - Filling up the DagBag from /home/akhilesh/py39/lib/python3.9/site-packages/airflow/example_dags/example_sensor_decorator.py
[2023-08-14T10:34:28.215+0200] {processor.py:836} INFO - DAG(s) dict_keys(['example_sensor_decorator']) retrieved from /home/akhilesh/py39/lib/python3.9/site-packages/airflow/example_dags/example_sensor_decorator.py
[2023-08-14T10:34:28.233+0200] {logging_mixin.py:150} INFO - [2023-08-14T10:34:28.233+0200] {dag.py:2742} INFO - Sync 1 DAGs
[2023-08-14T10:34:28.249+0200] {logging_mixin.py:150} INFO - [2023-08-14T10:34:28.248+0200] {dag.py:3504} INFO - Setting next_dagrun for example_sensor_decorator to None, run_after=None
[2023-08-14T10:34:28.273+0200] {processor.py:179} INFO - Processing /home/akhilesh/py39/lib/python3.9/site-packages/airflow/example_dags/example_sensor_decorator.py took 0.079 seconds
[2023-08-14T10:35:20.690+0200] {processor.py:157} INFO - Started process (PID=456291) to work on /home/akhilesh/py39/lib/python3.9/site-packages/airflow/example_dags/example_sensor_decorator.py
[2023-08-14T10:35:20.699+0200] {processor.py:826} INFO - Processing file /home/akhilesh/py39/lib/python3.9/site-packages/airflow/example_dags/example_sensor_decorator.py for tasks to queue
[2023-08-14T10:35:20.700+0200] {logging_mixin.py:150} INFO - [2023-08-14T10:35:20.700+0200] {dagbag.py:541} INFO - Filling up the DagBag from /home/akhilesh/py39/lib/python3.9/site-packages/airflow/example_dags/example_sensor_decorator.py
[2023-08-14T10:35:20.708+0200] {processor.py:836} INFO - DAG(s) dict_keys(['example_sensor_decorator']) retrieved from /home/akhilesh/py39/lib/python3.9/site-packages/airflow/example_dags/example_sensor_decorator.py
[2023-08-14T10:35:20.725+0200] {logging_mixin.py:150} INFO - [2023-08-14T10:35:20.725+0200] {dag.py:2742} INFO - Sync 1 DAGs
[2023-08-14T10:35:20.740+0200] {logging_mixin.py:150} INFO - [2023-08-14T10:35:20.740+0200] {dag.py:3504} INFO - Setting next_dagrun for example_sensor_decorator to None, run_after=None
[2023-08-14T10:35:20.767+0200] {processor.py:179} INFO - Processing /home/akhilesh/py39/lib/python3.9/site-packages/airflow/example_dags/example_sensor_decorator.py took 0.081 seconds
[2023-08-14T10:36:12.195+0200] {processor.py:157} INFO - Started process (PID=456446) to work on /home/akhilesh/py39/lib/python3.9/site-packages/airflow/example_dags/example_sensor_decorator.py
[2023-08-14T10:36:12.200+0200] {processor.py:826} INFO - Processing file /home/akhilesh/py39/lib/python3.9/site-packages/airflow/example_dags/example_sensor_decorator.py for tasks to queue
[2023-08-14T10:36:12.202+0200] {logging_mixin.py:150} INFO - [2023-08-14T10:36:12.201+0200] {dagbag.py:541} INFO - Filling up the DagBag from /home/akhilesh/py39/lib/python3.9/site-packages/airflow/example_dags/example_sensor_decorator.py
[2023-08-14T10:36:12.209+0200] {processor.py:836} INFO - DAG(s) dict_keys(['example_sensor_decorator']) retrieved from /home/akhilesh/py39/lib/python3.9/site-packages/airflow/example_dags/example_sensor_decorator.py
[2023-08-14T10:36:12.225+0200] {logging_mixin.py:150} INFO - [2023-08-14T10:36:12.225+0200] {dag.py:2742} INFO - Sync 1 DAGs
[2023-08-14T10:36:12.239+0200] {logging_mixin.py:150} INFO - [2023-08-14T10:36:12.239+0200] {dag.py:3504} INFO - Setting next_dagrun for example_sensor_decorator to None, run_after=None
[2023-08-14T10:36:12.260+0200] {processor.py:179} INFO - Processing /home/akhilesh/py39/lib/python3.9/site-packages/airflow/example_dags/example_sensor_decorator.py took 0.068 seconds
[2023-08-14T10:37:03.543+0200] {processor.py:157} INFO - Started process (PID=456587) to work on /home/akhilesh/py39/lib/python3.9/site-packages/airflow/example_dags/example_sensor_decorator.py
[2023-08-14T10:37:03.552+0200] {processor.py:826} INFO - Processing file /home/akhilesh/py39/lib/python3.9/site-packages/airflow/example_dags/example_sensor_decorator.py for tasks to queue
[2023-08-14T10:37:03.553+0200] {logging_mixin.py:150} INFO - [2023-08-14T10:37:03.553+0200] {dagbag.py:541} INFO - Filling up the DagBag from /home/akhilesh/py39/lib/python3.9/site-packages/airflow/example_dags/example_sensor_decorator.py
[2023-08-14T10:37:03.561+0200] {processor.py:836} INFO - DAG(s) dict_keys(['example_sensor_decorator']) retrieved from /home/akhilesh/py39/lib/python3.9/site-packages/airflow/example_dags/example_sensor_decorator.py
[2023-08-14T10:37:03.579+0200] {logging_mixin.py:150} INFO - [2023-08-14T10:37:03.579+0200] {dag.py:2742} INFO - Sync 1 DAGs
[2023-08-14T10:37:03.595+0200] {logging_mixin.py:150} INFO - [2023-08-14T10:37:03.595+0200] {dag.py:3504} INFO - Setting next_dagrun for example_sensor_decorator to None, run_after=None
[2023-08-14T10:37:03.617+0200] {processor.py:179} INFO - Processing /home/akhilesh/py39/lib/python3.9/site-packages/airflow/example_dags/example_sensor_decorator.py took 0.078 seconds
[2023-08-14T10:37:53.250+0200] {processor.py:157} INFO - Started process (PID=456726) to work on /home/akhilesh/py39/lib/python3.9/site-packages/airflow/example_dags/example_sensor_decorator.py
[2023-08-14T10:37:53.259+0200] {processor.py:826} INFO - Processing file /home/akhilesh/py39/lib/python3.9/site-packages/airflow/example_dags/example_sensor_decorator.py for tasks to queue
[2023-08-14T10:37:53.260+0200] {logging_mixin.py:150} INFO - [2023-08-14T10:37:53.260+0200] {dagbag.py:541} INFO - Filling up the DagBag from /home/akhilesh/py39/lib/python3.9/site-packages/airflow/example_dags/example_sensor_decorator.py
[2023-08-14T10:37:53.269+0200] {processor.py:836} INFO - DAG(s) dict_keys(['example_sensor_decorator']) retrieved from /home/akhilesh/py39/lib/python3.9/site-packages/airflow/example_dags/example_sensor_decorator.py
[2023-08-14T10:37:53.287+0200] {logging_mixin.py:150} INFO - [2023-08-14T10:37:53.287+0200] {dag.py:2742} INFO - Sync 1 DAGs
[2023-08-14T10:37:53.302+0200] {logging_mixin.py:150} INFO - [2023-08-14T10:37:53.302+0200] {dag.py:3504} INFO - Setting next_dagrun for example_sensor_decorator to None, run_after=None
[2023-08-14T10:37:53.327+0200] {processor.py:179} INFO - Processing /home/akhilesh/py39/lib/python3.9/site-packages/airflow/example_dags/example_sensor_decorator.py took 0.080 seconds
[2023-08-14T10:38:42.368+0200] {processor.py:157} INFO - Started process (PID=456837) to work on /home/akhilesh/py39/lib/python3.9/site-packages/airflow/example_dags/example_sensor_decorator.py
[2023-08-14T10:38:42.369+0200] {processor.py:826} INFO - Processing file /home/akhilesh/py39/lib/python3.9/site-packages/airflow/example_dags/example_sensor_decorator.py for tasks to queue
[2023-08-14T10:38:42.371+0200] {logging_mixin.py:150} INFO - [2023-08-14T10:38:42.370+0200] {dagbag.py:541} INFO - Filling up the DagBag from /home/akhilesh/py39/lib/python3.9/site-packages/airflow/example_dags/example_sensor_decorator.py
[2023-08-14T10:38:42.378+0200] {processor.py:836} INFO - DAG(s) dict_keys(['example_sensor_decorator']) retrieved from /home/akhilesh/py39/lib/python3.9/site-packages/airflow/example_dags/example_sensor_decorator.py
[2023-08-14T10:38:42.395+0200] {logging_mixin.py:150} INFO - [2023-08-14T10:38:42.395+0200] {dag.py:2742} INFO - Sync 1 DAGs
[2023-08-14T10:38:42.412+0200] {logging_mixin.py:150} INFO - [2023-08-14T10:38:42.412+0200] {dag.py:3504} INFO - Setting next_dagrun for example_sensor_decorator to None, run_after=None
[2023-08-14T10:38:42.440+0200] {processor.py:179} INFO - Processing /home/akhilesh/py39/lib/python3.9/site-packages/airflow/example_dags/example_sensor_decorator.py took 0.075 seconds
[2023-08-14T10:40:00.619+0200] {processor.py:157} INFO - Started process (PID=457187) to work on /home/akhilesh/py39/lib/python3.9/site-packages/airflow/example_dags/example_sensor_decorator.py
[2023-08-14T10:40:00.628+0200] {processor.py:826} INFO - Processing file /home/akhilesh/py39/lib/python3.9/site-packages/airflow/example_dags/example_sensor_decorator.py for tasks to queue
[2023-08-14T10:40:00.629+0200] {logging_mixin.py:150} INFO - [2023-08-14T10:40:00.629+0200] {dagbag.py:541} INFO - Filling up the DagBag from /home/akhilesh/py39/lib/python3.9/site-packages/airflow/example_dags/example_sensor_decorator.py
[2023-08-14T10:40:00.639+0200] {processor.py:836} INFO - DAG(s) dict_keys(['example_sensor_decorator']) retrieved from /home/akhilesh/py39/lib/python3.9/site-packages/airflow/example_dags/example_sensor_decorator.py
[2023-08-14T10:40:00.651+0200] {logging_mixin.py:150} INFO - [2023-08-14T10:40:00.651+0200] {dag.py:2742} INFO - Sync 1 DAGs
[2023-08-14T10:40:00.664+0200] {logging_mixin.py:150} INFO - [2023-08-14T10:40:00.664+0200] {dag.py:3504} INFO - Setting next_dagrun for example_sensor_decorator to None, run_after=None
[2023-08-14T10:40:00.688+0200] {processor.py:179} INFO - Processing /home/akhilesh/py39/lib/python3.9/site-packages/airflow/example_dags/example_sensor_decorator.py took 0.072 seconds
[2023-08-14T10:41:42.056+0200] {processor.py:157} INFO - Started process (PID=457623) to work on /home/akhilesh/py39/lib/python3.9/site-packages/airflow/example_dags/example_sensor_decorator.py
[2023-08-14T10:41:42.064+0200] {processor.py:826} INFO - Processing file /home/akhilesh/py39/lib/python3.9/site-packages/airflow/example_dags/example_sensor_decorator.py for tasks to queue
[2023-08-14T10:41:42.066+0200] {logging_mixin.py:150} INFO - [2023-08-14T10:41:42.066+0200] {dagbag.py:541} INFO - Filling up the DagBag from /home/akhilesh/py39/lib/python3.9/site-packages/airflow/example_dags/example_sensor_decorator.py
[2023-08-14T10:41:42.078+0200] {processor.py:836} INFO - DAG(s) dict_keys(['example_sensor_decorator']) retrieved from /home/akhilesh/py39/lib/python3.9/site-packages/airflow/example_dags/example_sensor_decorator.py
[2023-08-14T10:41:42.100+0200] {logging_mixin.py:150} INFO - [2023-08-14T10:41:42.100+0200] {dag.py:2742} INFO - Sync 1 DAGs
[2023-08-14T10:41:42.115+0200] {logging_mixin.py:150} INFO - [2023-08-14T10:41:42.114+0200] {dag.py:3504} INFO - Setting next_dagrun for example_sensor_decorator to None, run_after=None
[2023-08-14T10:41:42.155+0200] {processor.py:179} INFO - Processing /home/akhilesh/py39/lib/python3.9/site-packages/airflow/example_dags/example_sensor_decorator.py took 0.104 seconds
[2023-08-14T10:42:26.621+0200] {processor.py:157} INFO - Started process (PID=457771) to work on /home/akhilesh/py39/lib/python3.9/site-packages/airflow/example_dags/example_sensor_decorator.py
[2023-08-14T10:42:26.630+0200] {processor.py:826} INFO - Processing file /home/akhilesh/py39/lib/python3.9/site-packages/airflow/example_dags/example_sensor_decorator.py for tasks to queue
[2023-08-14T10:42:26.631+0200] {logging_mixin.py:150} INFO - [2023-08-14T10:42:26.630+0200] {dagbag.py:541} INFO - Filling up the DagBag from /home/akhilesh/py39/lib/python3.9/site-packages/airflow/example_dags/example_sensor_decorator.py
[2023-08-14T10:42:26.637+0200] {processor.py:836} INFO - DAG(s) dict_keys(['example_sensor_decorator']) retrieved from /home/akhilesh/py39/lib/python3.9/site-packages/airflow/example_dags/example_sensor_decorator.py
[2023-08-14T10:42:26.653+0200] {logging_mixin.py:150} INFO - [2023-08-14T10:42:26.653+0200] {dag.py:2742} INFO - Sync 1 DAGs
[2023-08-14T10:42:26.663+0200] {logging_mixin.py:150} INFO - [2023-08-14T10:42:26.663+0200] {dag.py:3504} INFO - Setting next_dagrun for example_sensor_decorator to None, run_after=None
[2023-08-14T10:42:26.679+0200] {processor.py:179} INFO - Processing /home/akhilesh/py39/lib/python3.9/site-packages/airflow/example_dags/example_sensor_decorator.py took 0.062 seconds
[2023-08-14T10:44:32.087+0200] {processor.py:157} INFO - Started process (PID=458253) to work on /home/akhilesh/py39/lib/python3.9/site-packages/airflow/example_dags/example_sensor_decorator.py
[2023-08-14T10:44:32.097+0200] {processor.py:826} INFO - Processing file /home/akhilesh/py39/lib/python3.9/site-packages/airflow/example_dags/example_sensor_decorator.py for tasks to queue
[2023-08-14T10:44:32.098+0200] {logging_mixin.py:150} INFO - [2023-08-14T10:44:32.098+0200] {dagbag.py:541} INFO - Filling up the DagBag from /home/akhilesh/py39/lib/python3.9/site-packages/airflow/example_dags/example_sensor_decorator.py
[2023-08-14T10:44:32.106+0200] {processor.py:836} INFO - DAG(s) dict_keys(['example_sensor_decorator']) retrieved from /home/akhilesh/py39/lib/python3.9/site-packages/airflow/example_dags/example_sensor_decorator.py
[2023-08-14T10:44:32.124+0200] {logging_mixin.py:150} INFO - [2023-08-14T10:44:32.124+0200] {dag.py:2742} INFO - Sync 1 DAGs
[2023-08-14T10:44:32.140+0200] {logging_mixin.py:150} INFO - [2023-08-14T10:44:32.139+0200] {dag.py:3504} INFO - Setting next_dagrun for example_sensor_decorator to None, run_after=None
[2023-08-14T10:44:32.178+0200] {processor.py:179} INFO - Processing /home/akhilesh/py39/lib/python3.9/site-packages/airflow/example_dags/example_sensor_decorator.py took 0.096 seconds
[2023-08-14T10:45:18.624+0200] {processor.py:157} INFO - Started process (PID=458460) to work on /home/akhilesh/py39/lib/python3.9/site-packages/airflow/example_dags/example_sensor_decorator.py
[2023-08-14T10:45:18.633+0200] {processor.py:826} INFO - Processing file /home/akhilesh/py39/lib/python3.9/site-packages/airflow/example_dags/example_sensor_decorator.py for tasks to queue
[2023-08-14T10:45:18.635+0200] {logging_mixin.py:150} INFO - [2023-08-14T10:45:18.634+0200] {dagbag.py:541} INFO - Filling up the DagBag from /home/akhilesh/py39/lib/python3.9/site-packages/airflow/example_dags/example_sensor_decorator.py
[2023-08-14T10:45:18.643+0200] {processor.py:836} INFO - DAG(s) dict_keys(['example_sensor_decorator']) retrieved from /home/akhilesh/py39/lib/python3.9/site-packages/airflow/example_dags/example_sensor_decorator.py
[2023-08-14T10:45:18.665+0200] {logging_mixin.py:150} INFO - [2023-08-14T10:45:18.664+0200] {dag.py:2742} INFO - Sync 1 DAGs
[2023-08-14T10:45:18.678+0200] {logging_mixin.py:150} INFO - [2023-08-14T10:45:18.678+0200] {dag.py:3504} INFO - Setting next_dagrun for example_sensor_decorator to None, run_after=None
[2023-08-14T10:45:18.704+0200] {processor.py:179} INFO - Processing /home/akhilesh/py39/lib/python3.9/site-packages/airflow/example_dags/example_sensor_decorator.py took 0.085 seconds
[2023-08-14T10:46:06.188+0200] {processor.py:157} INFO - Started process (PID=458755) to work on /home/akhilesh/py39/lib/python3.9/site-packages/airflow/example_dags/example_sensor_decorator.py
[2023-08-14T10:46:06.197+0200] {processor.py:826} INFO - Processing file /home/akhilesh/py39/lib/python3.9/site-packages/airflow/example_dags/example_sensor_decorator.py for tasks to queue
[2023-08-14T10:46:06.198+0200] {logging_mixin.py:150} INFO - [2023-08-14T10:46:06.198+0200] {dagbag.py:541} INFO - Filling up the DagBag from /home/akhilesh/py39/lib/python3.9/site-packages/airflow/example_dags/example_sensor_decorator.py
[2023-08-14T10:46:06.206+0200] {processor.py:836} INFO - DAG(s) dict_keys(['example_sensor_decorator']) retrieved from /home/akhilesh/py39/lib/python3.9/site-packages/airflow/example_dags/example_sensor_decorator.py
[2023-08-14T10:46:06.221+0200] {logging_mixin.py:150} INFO - [2023-08-14T10:46:06.220+0200] {dag.py:2742} INFO - Sync 1 DAGs
[2023-08-14T10:46:06.232+0200] {logging_mixin.py:150} INFO - [2023-08-14T10:46:06.232+0200] {dag.py:3504} INFO - Setting next_dagrun for example_sensor_decorator to None, run_after=None
[2023-08-14T10:46:06.253+0200] {processor.py:179} INFO - Processing /home/akhilesh/py39/lib/python3.9/site-packages/airflow/example_dags/example_sensor_decorator.py took 0.068 seconds
[2023-08-14T10:46:56.609+0200] {processor.py:157} INFO - Started process (PID=458926) to work on /home/akhilesh/py39/lib/python3.9/site-packages/airflow/example_dags/example_sensor_decorator.py
[2023-08-14T10:46:56.610+0200] {processor.py:826} INFO - Processing file /home/akhilesh/py39/lib/python3.9/site-packages/airflow/example_dags/example_sensor_decorator.py for tasks to queue
[2023-08-14T10:46:56.611+0200] {logging_mixin.py:150} INFO - [2023-08-14T10:46:56.611+0200] {dagbag.py:541} INFO - Filling up the DagBag from /home/akhilesh/py39/lib/python3.9/site-packages/airflow/example_dags/example_sensor_decorator.py
[2023-08-14T10:46:56.620+0200] {processor.py:836} INFO - DAG(s) dict_keys(['example_sensor_decorator']) retrieved from /home/akhilesh/py39/lib/python3.9/site-packages/airflow/example_dags/example_sensor_decorator.py
[2023-08-14T10:46:56.641+0200] {logging_mixin.py:150} INFO - [2023-08-14T10:46:56.641+0200] {dag.py:2742} INFO - Sync 1 DAGs
[2023-08-14T10:46:56.660+0200] {logging_mixin.py:150} INFO - [2023-08-14T10:46:56.660+0200] {dag.py:3504} INFO - Setting next_dagrun for example_sensor_decorator to None, run_after=None
[2023-08-14T10:46:56.689+0200] {processor.py:179} INFO - Processing /home/akhilesh/py39/lib/python3.9/site-packages/airflow/example_dags/example_sensor_decorator.py took 0.086 seconds
[2023-08-14T10:47:48.767+0200] {processor.py:157} INFO - Started process (PID=459084) to work on /home/akhilesh/py39/lib/python3.9/site-packages/airflow/example_dags/example_sensor_decorator.py
[2023-08-14T10:47:48.776+0200] {processor.py:826} INFO - Processing file /home/akhilesh/py39/lib/python3.9/site-packages/airflow/example_dags/example_sensor_decorator.py for tasks to queue
[2023-08-14T10:47:48.777+0200] {logging_mixin.py:150} INFO - [2023-08-14T10:47:48.777+0200] {dagbag.py:541} INFO - Filling up the DagBag from /home/akhilesh/py39/lib/python3.9/site-packages/airflow/example_dags/example_sensor_decorator.py
[2023-08-14T10:47:48.785+0200] {processor.py:836} INFO - DAG(s) dict_keys(['example_sensor_decorator']) retrieved from /home/akhilesh/py39/lib/python3.9/site-packages/airflow/example_dags/example_sensor_decorator.py
[2023-08-14T10:47:48.804+0200] {logging_mixin.py:150} INFO - [2023-08-14T10:47:48.804+0200] {dag.py:2742} INFO - Sync 1 DAGs
[2023-08-14T10:47:48.823+0200] {logging_mixin.py:150} INFO - [2023-08-14T10:47:48.822+0200] {dag.py:3504} INFO - Setting next_dagrun for example_sensor_decorator to None, run_after=None
[2023-08-14T10:47:48.853+0200] {processor.py:179} INFO - Processing /home/akhilesh/py39/lib/python3.9/site-packages/airflow/example_dags/example_sensor_decorator.py took 0.091 seconds
[2023-08-14T10:48:44.874+0200] {processor.py:157} INFO - Started process (PID=459275) to work on /home/akhilesh/py39/lib/python3.9/site-packages/airflow/example_dags/example_sensor_decorator.py
[2023-08-14T10:48:44.883+0200] {processor.py:826} INFO - Processing file /home/akhilesh/py39/lib/python3.9/site-packages/airflow/example_dags/example_sensor_decorator.py for tasks to queue
[2023-08-14T10:48:44.885+0200] {logging_mixin.py:150} INFO - [2023-08-14T10:48:44.884+0200] {dagbag.py:541} INFO - Filling up the DagBag from /home/akhilesh/py39/lib/python3.9/site-packages/airflow/example_dags/example_sensor_decorator.py
[2023-08-14T10:48:44.893+0200] {processor.py:836} INFO - DAG(s) dict_keys(['example_sensor_decorator']) retrieved from /home/akhilesh/py39/lib/python3.9/site-packages/airflow/example_dags/example_sensor_decorator.py
[2023-08-14T10:48:44.908+0200] {logging_mixin.py:150} INFO - [2023-08-14T10:48:44.908+0200] {dag.py:2742} INFO - Sync 1 DAGs
[2023-08-14T10:48:44.922+0200] {logging_mixin.py:150} INFO - [2023-08-14T10:48:44.921+0200] {dag.py:3504} INFO - Setting next_dagrun for example_sensor_decorator to None, run_after=None
[2023-08-14T10:48:44.948+0200] {processor.py:179} INFO - Processing /home/akhilesh/py39/lib/python3.9/site-packages/airflow/example_dags/example_sensor_decorator.py took 0.078 seconds
[2023-08-14T10:49:35.805+0200] {processor.py:157} INFO - Started process (PID=459429) to work on /home/akhilesh/py39/lib/python3.9/site-packages/airflow/example_dags/example_sensor_decorator.py
[2023-08-14T10:49:35.814+0200] {processor.py:826} INFO - Processing file /home/akhilesh/py39/lib/python3.9/site-packages/airflow/example_dags/example_sensor_decorator.py for tasks to queue
[2023-08-14T10:49:35.815+0200] {logging_mixin.py:150} INFO - [2023-08-14T10:49:35.815+0200] {dagbag.py:541} INFO - Filling up the DagBag from /home/akhilesh/py39/lib/python3.9/site-packages/airflow/example_dags/example_sensor_decorator.py
[2023-08-14T10:49:35.821+0200] {processor.py:836} INFO - DAG(s) dict_keys(['example_sensor_decorator']) retrieved from /home/akhilesh/py39/lib/python3.9/site-packages/airflow/example_dags/example_sensor_decorator.py
[2023-08-14T10:49:35.837+0200] {logging_mixin.py:150} INFO - [2023-08-14T10:49:35.837+0200] {dag.py:2742} INFO - Sync 1 DAGs
[2023-08-14T10:49:35.850+0200] {logging_mixin.py:150} INFO - [2023-08-14T10:49:35.850+0200] {dag.py:3504} INFO - Setting next_dagrun for example_sensor_decorator to None, run_after=None
[2023-08-14T10:49:35.873+0200] {processor.py:179} INFO - Processing /home/akhilesh/py39/lib/python3.9/site-packages/airflow/example_dags/example_sensor_decorator.py took 0.071 seconds
[2023-08-14T10:50:26.242+0200] {processor.py:157} INFO - Started process (PID=459635) to work on /home/akhilesh/py39/lib/python3.9/site-packages/airflow/example_dags/example_sensor_decorator.py
[2023-08-14T10:50:26.251+0200] {processor.py:826} INFO - Processing file /home/akhilesh/py39/lib/python3.9/site-packages/airflow/example_dags/example_sensor_decorator.py for tasks to queue
[2023-08-14T10:50:26.253+0200] {logging_mixin.py:150} INFO - [2023-08-14T10:50:26.252+0200] {dagbag.py:541} INFO - Filling up the DagBag from /home/akhilesh/py39/lib/python3.9/site-packages/airflow/example_dags/example_sensor_decorator.py
[2023-08-14T10:50:26.261+0200] {processor.py:836} INFO - DAG(s) dict_keys(['example_sensor_decorator']) retrieved from /home/akhilesh/py39/lib/python3.9/site-packages/airflow/example_dags/example_sensor_decorator.py
[2023-08-14T10:50:26.280+0200] {logging_mixin.py:150} INFO - [2023-08-14T10:50:26.279+0200] {dag.py:2742} INFO - Sync 1 DAGs
[2023-08-14T10:50:26.294+0200] {logging_mixin.py:150} INFO - [2023-08-14T10:50:26.294+0200] {dag.py:3504} INFO - Setting next_dagrun for example_sensor_decorator to None, run_after=None
[2023-08-14T10:50:26.313+0200] {processor.py:179} INFO - Processing /home/akhilesh/py39/lib/python3.9/site-packages/airflow/example_dags/example_sensor_decorator.py took 0.076 seconds
[2023-08-14T10:51:17.986+0200] {processor.py:157} INFO - Started process (PID=459793) to work on /home/akhilesh/py39/lib/python3.9/site-packages/airflow/example_dags/example_sensor_decorator.py
[2023-08-14T10:51:17.995+0200] {processor.py:826} INFO - Processing file /home/akhilesh/py39/lib/python3.9/site-packages/airflow/example_dags/example_sensor_decorator.py for tasks to queue
[2023-08-14T10:51:17.996+0200] {logging_mixin.py:150} INFO - [2023-08-14T10:51:17.996+0200] {dagbag.py:541} INFO - Filling up the DagBag from /home/akhilesh/py39/lib/python3.9/site-packages/airflow/example_dags/example_sensor_decorator.py
[2023-08-14T10:51:18.004+0200] {processor.py:836} INFO - DAG(s) dict_keys(['example_sensor_decorator']) retrieved from /home/akhilesh/py39/lib/python3.9/site-packages/airflow/example_dags/example_sensor_decorator.py
[2023-08-14T10:51:18.020+0200] {logging_mixin.py:150} INFO - [2023-08-14T10:51:18.020+0200] {dag.py:2742} INFO - Sync 1 DAGs
[2023-08-14T10:51:18.036+0200] {logging_mixin.py:150} INFO - [2023-08-14T10:51:18.035+0200] {dag.py:3504} INFO - Setting next_dagrun for example_sensor_decorator to None, run_after=None
[2023-08-14T10:51:18.062+0200] {processor.py:179} INFO - Processing /home/akhilesh/py39/lib/python3.9/site-packages/airflow/example_dags/example_sensor_decorator.py took 0.080 seconds
[2023-08-14T10:52:05.990+0200] {processor.py:157} INFO - Started process (PID=459928) to work on /home/akhilesh/py39/lib/python3.9/site-packages/airflow/example_dags/example_sensor_decorator.py
[2023-08-14T10:52:05.999+0200] {processor.py:826} INFO - Processing file /home/akhilesh/py39/lib/python3.9/site-packages/airflow/example_dags/example_sensor_decorator.py for tasks to queue
[2023-08-14T10:52:06.001+0200] {logging_mixin.py:150} INFO - [2023-08-14T10:52:06.000+0200] {dagbag.py:541} INFO - Filling up the DagBag from /home/akhilesh/py39/lib/python3.9/site-packages/airflow/example_dags/example_sensor_decorator.py
[2023-08-14T10:52:06.010+0200] {processor.py:836} INFO - DAG(s) dict_keys(['example_sensor_decorator']) retrieved from /home/akhilesh/py39/lib/python3.9/site-packages/airflow/example_dags/example_sensor_decorator.py
[2023-08-14T10:52:06.027+0200] {logging_mixin.py:150} INFO - [2023-08-14T10:52:06.026+0200] {dag.py:2742} INFO - Sync 1 DAGs
[2023-08-14T10:52:06.041+0200] {logging_mixin.py:150} INFO - [2023-08-14T10:52:06.041+0200] {dag.py:3504} INFO - Setting next_dagrun for example_sensor_decorator to None, run_after=None
[2023-08-14T10:52:06.060+0200] {processor.py:179} INFO - Processing /home/akhilesh/py39/lib/python3.9/site-packages/airflow/example_dags/example_sensor_decorator.py took 0.073 seconds
[2023-08-14T10:52:57.493+0200] {processor.py:157} INFO - Started process (PID=460085) to work on /home/akhilesh/py39/lib/python3.9/site-packages/airflow/example_dags/example_sensor_decorator.py
[2023-08-14T10:52:57.502+0200] {processor.py:826} INFO - Processing file /home/akhilesh/py39/lib/python3.9/site-packages/airflow/example_dags/example_sensor_decorator.py for tasks to queue
[2023-08-14T10:52:57.503+0200] {logging_mixin.py:150} INFO - [2023-08-14T10:52:57.503+0200] {dagbag.py:541} INFO - Filling up the DagBag from /home/akhilesh/py39/lib/python3.9/site-packages/airflow/example_dags/example_sensor_decorator.py
[2023-08-14T10:52:57.512+0200] {processor.py:836} INFO - DAG(s) dict_keys(['example_sensor_decorator']) retrieved from /home/akhilesh/py39/lib/python3.9/site-packages/airflow/example_dags/example_sensor_decorator.py
[2023-08-14T10:52:57.527+0200] {logging_mixin.py:150} INFO - [2023-08-14T10:52:57.526+0200] {dag.py:2742} INFO - Sync 1 DAGs
[2023-08-14T10:52:57.541+0200] {logging_mixin.py:150} INFO - [2023-08-14T10:52:57.540+0200] {dag.py:3504} INFO - Setting next_dagrun for example_sensor_decorator to None, run_after=None
[2023-08-14T10:52:57.575+0200] {processor.py:179} INFO - Processing /home/akhilesh/py39/lib/python3.9/site-packages/airflow/example_dags/example_sensor_decorator.py took 0.085 seconds
[2023-08-14T10:53:49.219+0200] {processor.py:157} INFO - Started process (PID=460291) to work on /home/akhilesh/py39/lib/python3.9/site-packages/airflow/example_dags/example_sensor_decorator.py
[2023-08-14T10:53:49.228+0200] {processor.py:826} INFO - Processing file /home/akhilesh/py39/lib/python3.9/site-packages/airflow/example_dags/example_sensor_decorator.py for tasks to queue
[2023-08-14T10:53:49.230+0200] {logging_mixin.py:150} INFO - [2023-08-14T10:53:49.229+0200] {dagbag.py:541} INFO - Filling up the DagBag from /home/akhilesh/py39/lib/python3.9/site-packages/airflow/example_dags/example_sensor_decorator.py
[2023-08-14T10:53:49.237+0200] {processor.py:836} INFO - DAG(s) dict_keys(['example_sensor_decorator']) retrieved from /home/akhilesh/py39/lib/python3.9/site-packages/airflow/example_dags/example_sensor_decorator.py
[2023-08-14T10:53:49.251+0200] {logging_mixin.py:150} INFO - [2023-08-14T10:53:49.251+0200] {dag.py:2742} INFO - Sync 1 DAGs
[2023-08-14T10:53:49.264+0200] {logging_mixin.py:150} INFO - [2023-08-14T10:53:49.263+0200] {dag.py:3504} INFO - Setting next_dagrun for example_sensor_decorator to None, run_after=None
[2023-08-14T10:53:49.290+0200] {processor.py:179} INFO - Processing /home/akhilesh/py39/lib/python3.9/site-packages/airflow/example_dags/example_sensor_decorator.py took 0.075 seconds
[2023-08-14T10:54:40.863+0200] {processor.py:157} INFO - Started process (PID=460471) to work on /home/akhilesh/py39/lib/python3.9/site-packages/airflow/example_dags/example_sensor_decorator.py
[2023-08-14T10:54:40.872+0200] {processor.py:826} INFO - Processing file /home/akhilesh/py39/lib/python3.9/site-packages/airflow/example_dags/example_sensor_decorator.py for tasks to queue
[2023-08-14T10:54:40.873+0200] {logging_mixin.py:150} INFO - [2023-08-14T10:54:40.873+0200] {dagbag.py:541} INFO - Filling up the DagBag from /home/akhilesh/py39/lib/python3.9/site-packages/airflow/example_dags/example_sensor_decorator.py
[2023-08-14T10:54:40.881+0200] {processor.py:836} INFO - DAG(s) dict_keys(['example_sensor_decorator']) retrieved from /home/akhilesh/py39/lib/python3.9/site-packages/airflow/example_dags/example_sensor_decorator.py
[2023-08-14T10:54:40.910+0200] {logging_mixin.py:150} INFO - [2023-08-14T10:54:40.909+0200] {dag.py:2742} INFO - Sync 1 DAGs
[2023-08-14T10:54:40.941+0200] {logging_mixin.py:150} INFO - [2023-08-14T10:54:40.940+0200] {dag.py:3504} INFO - Setting next_dagrun for example_sensor_decorator to None, run_after=None
[2023-08-14T10:54:40.965+0200] {processor.py:179} INFO - Processing /home/akhilesh/py39/lib/python3.9/site-packages/airflow/example_dags/example_sensor_decorator.py took 0.106 seconds
[2023-08-14T10:55:30.877+0200] {processor.py:157} INFO - Started process (PID=460619) to work on /home/akhilesh/py39/lib/python3.9/site-packages/airflow/example_dags/example_sensor_decorator.py
[2023-08-14T10:55:30.886+0200] {processor.py:826} INFO - Processing file /home/akhilesh/py39/lib/python3.9/site-packages/airflow/example_dags/example_sensor_decorator.py for tasks to queue
[2023-08-14T10:55:30.888+0200] {logging_mixin.py:150} INFO - [2023-08-14T10:55:30.887+0200] {dagbag.py:541} INFO - Filling up the DagBag from /home/akhilesh/py39/lib/python3.9/site-packages/airflow/example_dags/example_sensor_decorator.py
[2023-08-14T10:55:30.895+0200] {processor.py:836} INFO - DAG(s) dict_keys(['example_sensor_decorator']) retrieved from /home/akhilesh/py39/lib/python3.9/site-packages/airflow/example_dags/example_sensor_decorator.py
[2023-08-14T10:55:30.914+0200] {logging_mixin.py:150} INFO - [2023-08-14T10:55:30.913+0200] {dag.py:2742} INFO - Sync 1 DAGs
[2023-08-14T10:55:30.936+0200] {logging_mixin.py:150} INFO - [2023-08-14T10:55:30.936+0200] {dag.py:3504} INFO - Setting next_dagrun for example_sensor_decorator to None, run_after=None
[2023-08-14T10:55:30.964+0200] {processor.py:179} INFO - Processing /home/akhilesh/py39/lib/python3.9/site-packages/airflow/example_dags/example_sensor_decorator.py took 0.091 seconds
[2023-08-14T10:56:19.080+0200] {processor.py:157} INFO - Started process (PID=460755) to work on /home/akhilesh/py39/lib/python3.9/site-packages/airflow/example_dags/example_sensor_decorator.py
[2023-08-14T10:56:19.089+0200] {processor.py:826} INFO - Processing file /home/akhilesh/py39/lib/python3.9/site-packages/airflow/example_dags/example_sensor_decorator.py for tasks to queue
[2023-08-14T10:56:19.090+0200] {logging_mixin.py:150} INFO - [2023-08-14T10:56:19.089+0200] {dagbag.py:541} INFO - Filling up the DagBag from /home/akhilesh/py39/lib/python3.9/site-packages/airflow/example_dags/example_sensor_decorator.py
[2023-08-14T10:56:19.098+0200] {processor.py:836} INFO - DAG(s) dict_keys(['example_sensor_decorator']) retrieved from /home/akhilesh/py39/lib/python3.9/site-packages/airflow/example_dags/example_sensor_decorator.py
[2023-08-14T10:56:19.115+0200] {logging_mixin.py:150} INFO - [2023-08-14T10:56:19.114+0200] {dag.py:2742} INFO - Sync 1 DAGs
[2023-08-14T10:56:19.127+0200] {logging_mixin.py:150} INFO - [2023-08-14T10:56:19.127+0200] {dag.py:3504} INFO - Setting next_dagrun for example_sensor_decorator to None, run_after=None
[2023-08-14T10:56:19.151+0200] {processor.py:179} INFO - Processing /home/akhilesh/py39/lib/python3.9/site-packages/airflow/example_dags/example_sensor_decorator.py took 0.075 seconds
[2023-08-14T10:57:09.389+0200] {processor.py:157} INFO - Started process (PID=460969) to work on /home/akhilesh/py39/lib/python3.9/site-packages/airflow/example_dags/example_sensor_decorator.py
[2023-08-14T10:57:09.390+0200] {processor.py:826} INFO - Processing file /home/akhilesh/py39/lib/python3.9/site-packages/airflow/example_dags/example_sensor_decorator.py for tasks to queue
[2023-08-14T10:57:09.391+0200] {logging_mixin.py:150} INFO - [2023-08-14T10:57:09.391+0200] {dagbag.py:541} INFO - Filling up the DagBag from /home/akhilesh/py39/lib/python3.9/site-packages/airflow/example_dags/example_sensor_decorator.py
[2023-08-14T10:57:09.395+0200] {processor.py:836} INFO - DAG(s) dict_keys(['example_sensor_decorator']) retrieved from /home/akhilesh/py39/lib/python3.9/site-packages/airflow/example_dags/example_sensor_decorator.py
[2023-08-14T10:57:09.407+0200] {logging_mixin.py:150} INFO - [2023-08-14T10:57:09.407+0200] {dag.py:2742} INFO - Sync 1 DAGs
[2023-08-14T10:57:09.425+0200] {logging_mixin.py:150} INFO - [2023-08-14T10:57:09.424+0200] {dag.py:3504} INFO - Setting next_dagrun for example_sensor_decorator to None, run_after=None
[2023-08-14T10:57:09.448+0200] {processor.py:179} INFO - Processing /home/akhilesh/py39/lib/python3.9/site-packages/airflow/example_dags/example_sensor_decorator.py took 0.062 seconds
[2023-08-14T10:57:55.990+0200] {processor.py:157} INFO - Started process (PID=461171) to work on /home/akhilesh/py39/lib/python3.9/site-packages/airflow/example_dags/example_sensor_decorator.py
[2023-08-14T10:57:55.999+0200] {processor.py:826} INFO - Processing file /home/akhilesh/py39/lib/python3.9/site-packages/airflow/example_dags/example_sensor_decorator.py for tasks to queue
[2023-08-14T10:57:56.001+0200] {logging_mixin.py:150} INFO - [2023-08-14T10:57:56.000+0200] {dagbag.py:541} INFO - Filling up the DagBag from /home/akhilesh/py39/lib/python3.9/site-packages/airflow/example_dags/example_sensor_decorator.py
[2023-08-14T10:57:56.008+0200] {processor.py:836} INFO - DAG(s) dict_keys(['example_sensor_decorator']) retrieved from /home/akhilesh/py39/lib/python3.9/site-packages/airflow/example_dags/example_sensor_decorator.py
[2023-08-14T10:57:56.021+0200] {logging_mixin.py:150} INFO - [2023-08-14T10:57:56.021+0200] {dag.py:2742} INFO - Sync 1 DAGs
[2023-08-14T10:57:56.033+0200] {logging_mixin.py:150} INFO - [2023-08-14T10:57:56.033+0200] {dag.py:3504} INFO - Setting next_dagrun for example_sensor_decorator to None, run_after=None
[2023-08-14T10:57:56.049+0200] {processor.py:179} INFO - Processing /home/akhilesh/py39/lib/python3.9/site-packages/airflow/example_dags/example_sensor_decorator.py took 0.063 seconds
[2023-08-14T10:58:41.325+0200] {processor.py:157} INFO - Started process (PID=461338) to work on /home/akhilesh/py39/lib/python3.9/site-packages/airflow/example_dags/example_sensor_decorator.py
[2023-08-14T10:58:41.334+0200] {processor.py:826} INFO - Processing file /home/akhilesh/py39/lib/python3.9/site-packages/airflow/example_dags/example_sensor_decorator.py for tasks to queue
[2023-08-14T10:58:41.336+0200] {logging_mixin.py:150} INFO - [2023-08-14T10:58:41.335+0200] {dagbag.py:541} INFO - Filling up the DagBag from /home/akhilesh/py39/lib/python3.9/site-packages/airflow/example_dags/example_sensor_decorator.py
[2023-08-14T10:58:41.343+0200] {processor.py:836} INFO - DAG(s) dict_keys(['example_sensor_decorator']) retrieved from /home/akhilesh/py39/lib/python3.9/site-packages/airflow/example_dags/example_sensor_decorator.py
[2023-08-14T10:58:41.359+0200] {logging_mixin.py:150} INFO - [2023-08-14T10:58:41.359+0200] {dag.py:2742} INFO - Sync 1 DAGs
[2023-08-14T10:58:41.372+0200] {logging_mixin.py:150} INFO - [2023-08-14T10:58:41.371+0200] {dag.py:3504} INFO - Setting next_dagrun for example_sensor_decorator to None, run_after=None
[2023-08-14T10:58:41.399+0200] {processor.py:179} INFO - Processing /home/akhilesh/py39/lib/python3.9/site-packages/airflow/example_dags/example_sensor_decorator.py took 0.077 seconds
[2023-08-14T10:59:31.464+0200] {processor.py:157} INFO - Started process (PID=461479) to work on /home/akhilesh/py39/lib/python3.9/site-packages/airflow/example_dags/example_sensor_decorator.py
[2023-08-14T10:59:31.473+0200] {processor.py:826} INFO - Processing file /home/akhilesh/py39/lib/python3.9/site-packages/airflow/example_dags/example_sensor_decorator.py for tasks to queue
[2023-08-14T10:59:31.475+0200] {logging_mixin.py:150} INFO - [2023-08-14T10:59:31.474+0200] {dagbag.py:541} INFO - Filling up the DagBag from /home/akhilesh/py39/lib/python3.9/site-packages/airflow/example_dags/example_sensor_decorator.py
[2023-08-14T10:59:31.483+0200] {processor.py:836} INFO - DAG(s) dict_keys(['example_sensor_decorator']) retrieved from /home/akhilesh/py39/lib/python3.9/site-packages/airflow/example_dags/example_sensor_decorator.py
[2023-08-14T10:59:31.499+0200] {logging_mixin.py:150} INFO - [2023-08-14T10:59:31.499+0200] {dag.py:2742} INFO - Sync 1 DAGs
[2023-08-14T10:59:31.512+0200] {logging_mixin.py:150} INFO - [2023-08-14T10:59:31.512+0200] {dag.py:3504} INFO - Setting next_dagrun for example_sensor_decorator to None, run_after=None
[2023-08-14T10:59:31.529+0200] {processor.py:179} INFO - Processing /home/akhilesh/py39/lib/python3.9/site-packages/airflow/example_dags/example_sensor_decorator.py took 0.068 seconds
[2023-08-14T11:00:20.240+0200] {processor.py:157} INFO - Started process (PID=461652) to work on /home/akhilesh/py39/lib/python3.9/site-packages/airflow/example_dags/example_sensor_decorator.py
[2023-08-14T11:00:20.249+0200] {processor.py:826} INFO - Processing file /home/akhilesh/py39/lib/python3.9/site-packages/airflow/example_dags/example_sensor_decorator.py for tasks to queue
[2023-08-14T11:00:20.251+0200] {logging_mixin.py:150} INFO - [2023-08-14T11:00:20.250+0200] {dagbag.py:541} INFO - Filling up the DagBag from /home/akhilesh/py39/lib/python3.9/site-packages/airflow/example_dags/example_sensor_decorator.py
[2023-08-14T11:00:20.258+0200] {processor.py:836} INFO - DAG(s) dict_keys(['example_sensor_decorator']) retrieved from /home/akhilesh/py39/lib/python3.9/site-packages/airflow/example_dags/example_sensor_decorator.py
[2023-08-14T11:00:20.276+0200] {logging_mixin.py:150} INFO - [2023-08-14T11:00:20.275+0200] {dag.py:2742} INFO - Sync 1 DAGs
[2023-08-14T11:00:20.290+0200] {logging_mixin.py:150} INFO - [2023-08-14T11:00:20.290+0200] {dag.py:3504} INFO - Setting next_dagrun for example_sensor_decorator to None, run_after=None
[2023-08-14T11:00:20.313+0200] {processor.py:179} INFO - Processing /home/akhilesh/py39/lib/python3.9/site-packages/airflow/example_dags/example_sensor_decorator.py took 0.078 seconds
[2023-08-14T11:01:11.812+0200] {processor.py:157} INFO - Started process (PID=461776) to work on /home/akhilesh/py39/lib/python3.9/site-packages/airflow/example_dags/example_sensor_decorator.py
[2023-08-14T11:01:11.822+0200] {processor.py:826} INFO - Processing file /home/akhilesh/py39/lib/python3.9/site-packages/airflow/example_dags/example_sensor_decorator.py for tasks to queue
[2023-08-14T11:01:11.823+0200] {logging_mixin.py:150} INFO - [2023-08-14T11:01:11.823+0200] {dagbag.py:541} INFO - Filling up the DagBag from /home/akhilesh/py39/lib/python3.9/site-packages/airflow/example_dags/example_sensor_decorator.py
[2023-08-14T11:01:11.831+0200] {processor.py:836} INFO - DAG(s) dict_keys(['example_sensor_decorator']) retrieved from /home/akhilesh/py39/lib/python3.9/site-packages/airflow/example_dags/example_sensor_decorator.py
[2023-08-14T11:01:11.848+0200] {logging_mixin.py:150} INFO - [2023-08-14T11:01:11.848+0200] {dag.py:2742} INFO - Sync 1 DAGs
[2023-08-14T11:01:11.862+0200] {logging_mixin.py:150} INFO - [2023-08-14T11:01:11.862+0200] {dag.py:3504} INFO - Setting next_dagrun for example_sensor_decorator to None, run_after=None
[2023-08-14T11:01:11.888+0200] {processor.py:179} INFO - Processing /home/akhilesh/py39/lib/python3.9/site-packages/airflow/example_dags/example_sensor_decorator.py took 0.079 seconds
[2023-08-14T11:02:07.777+0200] {processor.py:157} INFO - Started process (PID=462023) to work on /home/akhilesh/py39/lib/python3.9/site-packages/airflow/example_dags/example_sensor_decorator.py
[2023-08-14T11:02:07.786+0200] {processor.py:826} INFO - Processing file /home/akhilesh/py39/lib/python3.9/site-packages/airflow/example_dags/example_sensor_decorator.py for tasks to queue
[2023-08-14T11:02:07.788+0200] {logging_mixin.py:150} INFO - [2023-08-14T11:02:07.787+0200] {dagbag.py:541} INFO - Filling up the DagBag from /home/akhilesh/py39/lib/python3.9/site-packages/airflow/example_dags/example_sensor_decorator.py
[2023-08-14T11:02:07.795+0200] {processor.py:836} INFO - DAG(s) dict_keys(['example_sensor_decorator']) retrieved from /home/akhilesh/py39/lib/python3.9/site-packages/airflow/example_dags/example_sensor_decorator.py
[2023-08-14T11:02:07.816+0200] {logging_mixin.py:150} INFO - [2023-08-14T11:02:07.816+0200] {dag.py:2742} INFO - Sync 1 DAGs
[2023-08-14T11:02:07.831+0200] {logging_mixin.py:150} INFO - [2023-08-14T11:02:07.831+0200] {dag.py:3504} INFO - Setting next_dagrun for example_sensor_decorator to None, run_after=None
[2023-08-14T11:02:07.858+0200] {processor.py:179} INFO - Processing /home/akhilesh/py39/lib/python3.9/site-packages/airflow/example_dags/example_sensor_decorator.py took 0.084 seconds
[2023-08-14T11:03:00.635+0200] {processor.py:157} INFO - Started process (PID=462195) to work on /home/akhilesh/py39/lib/python3.9/site-packages/airflow/example_dags/example_sensor_decorator.py
[2023-08-14T11:03:00.637+0200] {processor.py:826} INFO - Processing file /home/akhilesh/py39/lib/python3.9/site-packages/airflow/example_dags/example_sensor_decorator.py for tasks to queue
[2023-08-14T11:03:00.638+0200] {logging_mixin.py:150} INFO - [2023-08-14T11:03:00.638+0200] {dagbag.py:541} INFO - Filling up the DagBag from /home/akhilesh/py39/lib/python3.9/site-packages/airflow/example_dags/example_sensor_decorator.py
[2023-08-14T11:03:00.645+0200] {processor.py:836} INFO - DAG(s) dict_keys(['example_sensor_decorator']) retrieved from /home/akhilesh/py39/lib/python3.9/site-packages/airflow/example_dags/example_sensor_decorator.py
[2023-08-14T11:03:00.660+0200] {logging_mixin.py:150} INFO - [2023-08-14T11:03:00.660+0200] {dag.py:2742} INFO - Sync 1 DAGs
[2023-08-14T11:03:00.675+0200] {logging_mixin.py:150} INFO - [2023-08-14T11:03:00.674+0200] {dag.py:3504} INFO - Setting next_dagrun for example_sensor_decorator to None, run_after=None
[2023-08-14T11:03:00.703+0200] {processor.py:179} INFO - Processing /home/akhilesh/py39/lib/python3.9/site-packages/airflow/example_dags/example_sensor_decorator.py took 0.072 seconds
[2023-08-14T11:03:52.623+0200] {processor.py:157} INFO - Started process (PID=462311) to work on /home/akhilesh/py39/lib/python3.9/site-packages/airflow/example_dags/example_sensor_decorator.py
[2023-08-14T11:03:52.624+0200] {processor.py:826} INFO - Processing file /home/akhilesh/py39/lib/python3.9/site-packages/airflow/example_dags/example_sensor_decorator.py for tasks to queue
[2023-08-14T11:03:52.625+0200] {logging_mixin.py:150} INFO - [2023-08-14T11:03:52.625+0200] {dagbag.py:541} INFO - Filling up the DagBag from /home/akhilesh/py39/lib/python3.9/site-packages/airflow/example_dags/example_sensor_decorator.py
[2023-08-14T11:03:52.630+0200] {processor.py:836} INFO - DAG(s) dict_keys(['example_sensor_decorator']) retrieved from /home/akhilesh/py39/lib/python3.9/site-packages/airflow/example_dags/example_sensor_decorator.py
[2023-08-14T11:03:52.648+0200] {logging_mixin.py:150} INFO - [2023-08-14T11:03:52.647+0200] {dag.py:2742} INFO - Sync 1 DAGs
[2023-08-14T11:03:52.662+0200] {logging_mixin.py:150} INFO - [2023-08-14T11:03:52.662+0200] {dag.py:3504} INFO - Setting next_dagrun for example_sensor_decorator to None, run_after=None
[2023-08-14T11:03:52.695+0200] {processor.py:179} INFO - Processing /home/akhilesh/py39/lib/python3.9/site-packages/airflow/example_dags/example_sensor_decorator.py took 0.075 seconds
[2023-08-14T11:04:41.074+0200] {processor.py:157} INFO - Started process (PID=462441) to work on /home/akhilesh/py39/lib/python3.9/site-packages/airflow/example_dags/example_sensor_decorator.py
[2023-08-14T11:04:41.083+0200] {processor.py:826} INFO - Processing file /home/akhilesh/py39/lib/python3.9/site-packages/airflow/example_dags/example_sensor_decorator.py for tasks to queue
[2023-08-14T11:04:41.084+0200] {logging_mixin.py:150} INFO - [2023-08-14T11:04:41.084+0200] {dagbag.py:541} INFO - Filling up the DagBag from /home/akhilesh/py39/lib/python3.9/site-packages/airflow/example_dags/example_sensor_decorator.py
[2023-08-14T11:04:41.091+0200] {processor.py:836} INFO - DAG(s) dict_keys(['example_sensor_decorator']) retrieved from /home/akhilesh/py39/lib/python3.9/site-packages/airflow/example_dags/example_sensor_decorator.py
[2023-08-14T11:04:41.109+0200] {logging_mixin.py:150} INFO - [2023-08-14T11:04:41.109+0200] {dag.py:2742} INFO - Sync 1 DAGs
[2023-08-14T11:04:41.121+0200] {logging_mixin.py:150} INFO - [2023-08-14T11:04:41.121+0200] {dag.py:3504} INFO - Setting next_dagrun for example_sensor_decorator to None, run_after=None
[2023-08-14T11:04:41.154+0200] {processor.py:179} INFO - Processing /home/akhilesh/py39/lib/python3.9/site-packages/airflow/example_dags/example_sensor_decorator.py took 0.084 seconds
[2023-08-14T11:05:35.334+0200] {processor.py:157} INFO - Started process (PID=462601) to work on /home/akhilesh/py39/lib/python3.9/site-packages/airflow/example_dags/example_sensor_decorator.py
[2023-08-14T11:05:35.343+0200] {processor.py:826} INFO - Processing file /home/akhilesh/py39/lib/python3.9/site-packages/airflow/example_dags/example_sensor_decorator.py for tasks to queue
[2023-08-14T11:05:35.344+0200] {logging_mixin.py:150} INFO - [2023-08-14T11:05:35.344+0200] {dagbag.py:541} INFO - Filling up the DagBag from /home/akhilesh/py39/lib/python3.9/site-packages/airflow/example_dags/example_sensor_decorator.py
[2023-08-14T11:05:35.352+0200] {processor.py:836} INFO - DAG(s) dict_keys(['example_sensor_decorator']) retrieved from /home/akhilesh/py39/lib/python3.9/site-packages/airflow/example_dags/example_sensor_decorator.py
[2023-08-14T11:05:35.368+0200] {logging_mixin.py:150} INFO - [2023-08-14T11:05:35.368+0200] {dag.py:2742} INFO - Sync 1 DAGs
[2023-08-14T11:05:35.383+0200] {logging_mixin.py:150} INFO - [2023-08-14T11:05:35.382+0200] {dag.py:3504} INFO - Setting next_dagrun for example_sensor_decorator to None, run_after=None
[2023-08-14T11:05:35.411+0200] {processor.py:179} INFO - Processing /home/akhilesh/py39/lib/python3.9/site-packages/airflow/example_dags/example_sensor_decorator.py took 0.081 seconds
[2023-08-14T11:06:26.071+0200] {processor.py:157} INFO - Started process (PID=462762) to work on /home/akhilesh/py39/lib/python3.9/site-packages/airflow/example_dags/example_sensor_decorator.py
[2023-08-14T11:06:26.073+0200] {processor.py:826} INFO - Processing file /home/akhilesh/py39/lib/python3.9/site-packages/airflow/example_dags/example_sensor_decorator.py for tasks to queue
[2023-08-14T11:06:26.075+0200] {logging_mixin.py:150} INFO - [2023-08-14T11:06:26.074+0200] {dagbag.py:541} INFO - Filling up the DagBag from /home/akhilesh/py39/lib/python3.9/site-packages/airflow/example_dags/example_sensor_decorator.py
[2023-08-14T11:06:26.081+0200] {processor.py:836} INFO - DAG(s) dict_keys(['example_sensor_decorator']) retrieved from /home/akhilesh/py39/lib/python3.9/site-packages/airflow/example_dags/example_sensor_decorator.py
[2023-08-14T11:06:26.095+0200] {logging_mixin.py:150} INFO - [2023-08-14T11:06:26.095+0200] {dag.py:2742} INFO - Sync 1 DAGs
[2023-08-14T11:06:26.115+0200] {logging_mixin.py:150} INFO - [2023-08-14T11:06:26.115+0200] {dag.py:3504} INFO - Setting next_dagrun for example_sensor_decorator to None, run_after=None
[2023-08-14T11:06:26.136+0200] {processor.py:179} INFO - Processing /home/akhilesh/py39/lib/python3.9/site-packages/airflow/example_dags/example_sensor_decorator.py took 0.069 seconds
[2023-08-14T11:07:15.675+0200] {processor.py:157} INFO - Started process (PID=462944) to work on /home/akhilesh/py39/lib/python3.9/site-packages/airflow/example_dags/example_sensor_decorator.py
[2023-08-14T11:07:15.684+0200] {processor.py:826} INFO - Processing file /home/akhilesh/py39/lib/python3.9/site-packages/airflow/example_dags/example_sensor_decorator.py for tasks to queue
[2023-08-14T11:07:15.685+0200] {logging_mixin.py:150} INFO - [2023-08-14T11:07:15.684+0200] {dagbag.py:541} INFO - Filling up the DagBag from /home/akhilesh/py39/lib/python3.9/site-packages/airflow/example_dags/example_sensor_decorator.py
[2023-08-14T11:07:15.691+0200] {processor.py:836} INFO - DAG(s) dict_keys(['example_sensor_decorator']) retrieved from /home/akhilesh/py39/lib/python3.9/site-packages/airflow/example_dags/example_sensor_decorator.py
[2023-08-14T11:07:15.704+0200] {logging_mixin.py:150} INFO - [2023-08-14T11:07:15.704+0200] {dag.py:2742} INFO - Sync 1 DAGs
[2023-08-14T11:07:15.714+0200] {logging_mixin.py:150} INFO - [2023-08-14T11:07:15.714+0200] {dag.py:3504} INFO - Setting next_dagrun for example_sensor_decorator to None, run_after=None
[2023-08-14T11:07:15.732+0200] {processor.py:179} INFO - Processing /home/akhilesh/py39/lib/python3.9/site-packages/airflow/example_dags/example_sensor_decorator.py took 0.062 seconds
[2023-08-14T11:08:08.905+0200] {processor.py:157} INFO - Started process (PID=463110) to work on /home/akhilesh/py39/lib/python3.9/site-packages/airflow/example_dags/example_sensor_decorator.py
[2023-08-14T11:08:08.914+0200] {processor.py:826} INFO - Processing file /home/akhilesh/py39/lib/python3.9/site-packages/airflow/example_dags/example_sensor_decorator.py for tasks to queue
[2023-08-14T11:08:08.915+0200] {logging_mixin.py:150} INFO - [2023-08-14T11:08:08.915+0200] {dagbag.py:541} INFO - Filling up the DagBag from /home/akhilesh/py39/lib/python3.9/site-packages/airflow/example_dags/example_sensor_decorator.py
[2023-08-14T11:08:08.922+0200] {processor.py:836} INFO - DAG(s) dict_keys(['example_sensor_decorator']) retrieved from /home/akhilesh/py39/lib/python3.9/site-packages/airflow/example_dags/example_sensor_decorator.py
[2023-08-14T11:08:08.938+0200] {logging_mixin.py:150} INFO - [2023-08-14T11:08:08.938+0200] {dag.py:2742} INFO - Sync 1 DAGs
[2023-08-14T11:08:08.948+0200] {logging_mixin.py:150} INFO - [2023-08-14T11:08:08.948+0200] {dag.py:3504} INFO - Setting next_dagrun for example_sensor_decorator to None, run_after=None
[2023-08-14T11:08:08.970+0200] {processor.py:179} INFO - Processing /home/akhilesh/py39/lib/python3.9/site-packages/airflow/example_dags/example_sensor_decorator.py took 0.069 seconds
[2023-08-14T11:10:59.833+0200] {processor.py:157} INFO - Started process (PID=463684) to work on /home/akhilesh/py39/lib/python3.9/site-packages/airflow/example_dags/example_sensor_decorator.py
[2023-08-14T11:10:59.842+0200] {processor.py:826} INFO - Processing file /home/akhilesh/py39/lib/python3.9/site-packages/airflow/example_dags/example_sensor_decorator.py for tasks to queue
[2023-08-14T11:10:59.844+0200] {logging_mixin.py:150} INFO - [2023-08-14T11:10:59.843+0200] {dagbag.py:541} INFO - Filling up the DagBag from /home/akhilesh/py39/lib/python3.9/site-packages/airflow/example_dags/example_sensor_decorator.py
[2023-08-14T11:10:59.853+0200] {processor.py:836} INFO - DAG(s) dict_keys(['example_sensor_decorator']) retrieved from /home/akhilesh/py39/lib/python3.9/site-packages/airflow/example_dags/example_sensor_decorator.py
[2023-08-14T11:10:59.871+0200] {logging_mixin.py:150} INFO - [2023-08-14T11:10:59.870+0200] {dag.py:2742} INFO - Sync 1 DAGs
[2023-08-14T11:10:59.886+0200] {logging_mixin.py:150} INFO - [2023-08-14T11:10:59.886+0200] {dag.py:3504} INFO - Setting next_dagrun for example_sensor_decorator to None, run_after=None
[2023-08-14T11:10:59.920+0200] {processor.py:179} INFO - Processing /home/akhilesh/py39/lib/python3.9/site-packages/airflow/example_dags/example_sensor_decorator.py took 0.090 seconds
[2023-08-14T11:12:03.348+0200] {processor.py:157} INFO - Started process (PID=464036) to work on /home/akhilesh/py39/lib/python3.9/site-packages/airflow/example_dags/example_sensor_decorator.py
[2023-08-14T11:12:03.357+0200] {processor.py:826} INFO - Processing file /home/akhilesh/py39/lib/python3.9/site-packages/airflow/example_dags/example_sensor_decorator.py for tasks to queue
[2023-08-14T11:12:03.358+0200] {logging_mixin.py:150} INFO - [2023-08-14T11:12:03.357+0200] {dagbag.py:541} INFO - Filling up the DagBag from /home/akhilesh/py39/lib/python3.9/site-packages/airflow/example_dags/example_sensor_decorator.py
[2023-08-14T11:12:03.368+0200] {processor.py:836} INFO - DAG(s) dict_keys(['example_sensor_decorator']) retrieved from /home/akhilesh/py39/lib/python3.9/site-packages/airflow/example_dags/example_sensor_decorator.py
[2023-08-14T11:12:03.384+0200] {logging_mixin.py:150} INFO - [2023-08-14T11:12:03.384+0200] {dag.py:2742} INFO - Sync 1 DAGs
[2023-08-14T11:12:03.398+0200] {logging_mixin.py:150} INFO - [2023-08-14T11:12:03.398+0200] {dag.py:3504} INFO - Setting next_dagrun for example_sensor_decorator to None, run_after=None
[2023-08-14T11:12:03.426+0200] {processor.py:179} INFO - Processing /home/akhilesh/py39/lib/python3.9/site-packages/airflow/example_dags/example_sensor_decorator.py took 0.081 seconds
[2023-08-14T11:12:49.249+0200] {processor.py:157} INFO - Started process (PID=464178) to work on /home/akhilesh/py39/lib/python3.9/site-packages/airflow/example_dags/example_sensor_decorator.py
[2023-08-14T11:12:49.258+0200] {processor.py:826} INFO - Processing file /home/akhilesh/py39/lib/python3.9/site-packages/airflow/example_dags/example_sensor_decorator.py for tasks to queue
[2023-08-14T11:12:49.260+0200] {logging_mixin.py:150} INFO - [2023-08-14T11:12:49.259+0200] {dagbag.py:541} INFO - Filling up the DagBag from /home/akhilesh/py39/lib/python3.9/site-packages/airflow/example_dags/example_sensor_decorator.py
[2023-08-14T11:12:49.269+0200] {processor.py:836} INFO - DAG(s) dict_keys(['example_sensor_decorator']) retrieved from /home/akhilesh/py39/lib/python3.9/site-packages/airflow/example_dags/example_sensor_decorator.py
[2023-08-14T11:12:49.285+0200] {logging_mixin.py:150} INFO - [2023-08-14T11:12:49.285+0200] {dag.py:2742} INFO - Sync 1 DAGs
[2023-08-14T11:12:49.305+0200] {logging_mixin.py:150} INFO - [2023-08-14T11:12:49.305+0200] {dag.py:3504} INFO - Setting next_dagrun for example_sensor_decorator to None, run_after=None
[2023-08-14T11:12:49.333+0200] {processor.py:179} INFO - Processing /home/akhilesh/py39/lib/python3.9/site-packages/airflow/example_dags/example_sensor_decorator.py took 0.088 seconds
[2023-08-14T11:15:27.374+0200] {processor.py:157} INFO - Started process (PID=464866) to work on /home/akhilesh/py39/lib/python3.9/site-packages/airflow/example_dags/example_sensor_decorator.py
[2023-08-14T11:15:27.383+0200] {processor.py:826} INFO - Processing file /home/akhilesh/py39/lib/python3.9/site-packages/airflow/example_dags/example_sensor_decorator.py for tasks to queue
[2023-08-14T11:15:27.385+0200] {logging_mixin.py:150} INFO - [2023-08-14T11:15:27.384+0200] {dagbag.py:541} INFO - Filling up the DagBag from /home/akhilesh/py39/lib/python3.9/site-packages/airflow/example_dags/example_sensor_decorator.py
[2023-08-14T11:15:27.393+0200] {processor.py:836} INFO - DAG(s) dict_keys(['example_sensor_decorator']) retrieved from /home/akhilesh/py39/lib/python3.9/site-packages/airflow/example_dags/example_sensor_decorator.py
[2023-08-14T11:15:27.411+0200] {logging_mixin.py:150} INFO - [2023-08-14T11:15:27.411+0200] {dag.py:2742} INFO - Sync 1 DAGs
[2023-08-14T11:15:27.425+0200] {logging_mixin.py:150} INFO - [2023-08-14T11:15:27.425+0200] {dag.py:3504} INFO - Setting next_dagrun for example_sensor_decorator to None, run_after=None
[2023-08-14T11:15:27.451+0200] {processor.py:179} INFO - Processing /home/akhilesh/py39/lib/python3.9/site-packages/airflow/example_dags/example_sensor_decorator.py took 0.081 seconds
[2023-08-14T11:16:16.239+0200] {processor.py:157} INFO - Started process (PID=465029) to work on /home/akhilesh/py39/lib/python3.9/site-packages/airflow/example_dags/example_sensor_decorator.py
[2023-08-14T11:16:16.248+0200] {processor.py:826} INFO - Processing file /home/akhilesh/py39/lib/python3.9/site-packages/airflow/example_dags/example_sensor_decorator.py for tasks to queue
[2023-08-14T11:16:16.249+0200] {logging_mixin.py:150} INFO - [2023-08-14T11:16:16.249+0200] {dagbag.py:541} INFO - Filling up the DagBag from /home/akhilesh/py39/lib/python3.9/site-packages/airflow/example_dags/example_sensor_decorator.py
[2023-08-14T11:16:16.257+0200] {processor.py:836} INFO - DAG(s) dict_keys(['example_sensor_decorator']) retrieved from /home/akhilesh/py39/lib/python3.9/site-packages/airflow/example_dags/example_sensor_decorator.py
[2023-08-14T11:16:16.273+0200] {logging_mixin.py:150} INFO - [2023-08-14T11:16:16.273+0200] {dag.py:2742} INFO - Sync 1 DAGs
[2023-08-14T11:16:16.287+0200] {logging_mixin.py:150} INFO - [2023-08-14T11:16:16.286+0200] {dag.py:3504} INFO - Setting next_dagrun for example_sensor_decorator to None, run_after=None
[2023-08-14T11:16:16.309+0200] {processor.py:179} INFO - Processing /home/akhilesh/py39/lib/python3.9/site-packages/airflow/example_dags/example_sensor_decorator.py took 0.075 seconds
[2023-08-14T11:17:10.450+0200] {processor.py:157} INFO - Started process (PID=465175) to work on /home/akhilesh/py39/lib/python3.9/site-packages/airflow/example_dags/example_sensor_decorator.py
[2023-08-14T11:17:10.459+0200] {processor.py:826} INFO - Processing file /home/akhilesh/py39/lib/python3.9/site-packages/airflow/example_dags/example_sensor_decorator.py for tasks to queue
[2023-08-14T11:17:10.460+0200] {logging_mixin.py:150} INFO - [2023-08-14T11:17:10.459+0200] {dagbag.py:541} INFO - Filling up the DagBag from /home/akhilesh/py39/lib/python3.9/site-packages/airflow/example_dags/example_sensor_decorator.py
[2023-08-14T11:17:10.467+0200] {processor.py:836} INFO - DAG(s) dict_keys(['example_sensor_decorator']) retrieved from /home/akhilesh/py39/lib/python3.9/site-packages/airflow/example_dags/example_sensor_decorator.py
[2023-08-14T11:17:10.483+0200] {logging_mixin.py:150} INFO - [2023-08-14T11:17:10.483+0200] {dag.py:2742} INFO - Sync 1 DAGs
[2023-08-14T11:17:10.495+0200] {logging_mixin.py:150} INFO - [2023-08-14T11:17:10.495+0200] {dag.py:3504} INFO - Setting next_dagrun for example_sensor_decorator to None, run_after=None
[2023-08-14T11:17:10.514+0200] {processor.py:179} INFO - Processing /home/akhilesh/py39/lib/python3.9/site-packages/airflow/example_dags/example_sensor_decorator.py took 0.068 seconds
[2023-08-14T11:18:02.937+0200] {processor.py:157} INFO - Started process (PID=465323) to work on /home/akhilesh/py39/lib/python3.9/site-packages/airflow/example_dags/example_sensor_decorator.py
[2023-08-14T11:18:02.946+0200] {processor.py:826} INFO - Processing file /home/akhilesh/py39/lib/python3.9/site-packages/airflow/example_dags/example_sensor_decorator.py for tasks to queue
[2023-08-14T11:18:02.948+0200] {logging_mixin.py:150} INFO - [2023-08-14T11:18:02.947+0200] {dagbag.py:541} INFO - Filling up the DagBag from /home/akhilesh/py39/lib/python3.9/site-packages/airflow/example_dags/example_sensor_decorator.py
[2023-08-14T11:18:02.955+0200] {processor.py:836} INFO - DAG(s) dict_keys(['example_sensor_decorator']) retrieved from /home/akhilesh/py39/lib/python3.9/site-packages/airflow/example_dags/example_sensor_decorator.py
[2023-08-14T11:18:02.973+0200] {logging_mixin.py:150} INFO - [2023-08-14T11:18:02.973+0200] {dag.py:2742} INFO - Sync 1 DAGs
[2023-08-14T11:18:02.987+0200] {logging_mixin.py:150} INFO - [2023-08-14T11:18:02.987+0200] {dag.py:3504} INFO - Setting next_dagrun for example_sensor_decorator to None, run_after=None
[2023-08-14T11:18:03.019+0200] {processor.py:179} INFO - Processing /home/akhilesh/py39/lib/python3.9/site-packages/airflow/example_dags/example_sensor_decorator.py took 0.087 seconds
[2023-08-14T11:18:54.567+0200] {processor.py:157} INFO - Started process (PID=465628) to work on /home/akhilesh/py39/lib/python3.9/site-packages/airflow/example_dags/example_sensor_decorator.py
[2023-08-14T11:18:54.576+0200] {processor.py:826} INFO - Processing file /home/akhilesh/py39/lib/python3.9/site-packages/airflow/example_dags/example_sensor_decorator.py for tasks to queue
[2023-08-14T11:18:54.577+0200] {logging_mixin.py:150} INFO - [2023-08-14T11:18:54.577+0200] {dagbag.py:541} INFO - Filling up the DagBag from /home/akhilesh/py39/lib/python3.9/site-packages/airflow/example_dags/example_sensor_decorator.py
[2023-08-14T11:18:54.585+0200] {processor.py:836} INFO - DAG(s) dict_keys(['example_sensor_decorator']) retrieved from /home/akhilesh/py39/lib/python3.9/site-packages/airflow/example_dags/example_sensor_decorator.py
[2023-08-14T11:18:54.601+0200] {logging_mixin.py:150} INFO - [2023-08-14T11:18:54.601+0200] {dag.py:2742} INFO - Sync 1 DAGs
[2023-08-14T11:18:54.615+0200] {logging_mixin.py:150} INFO - [2023-08-14T11:18:54.615+0200] {dag.py:3504} INFO - Setting next_dagrun for example_sensor_decorator to None, run_after=None
[2023-08-14T11:18:54.645+0200] {processor.py:179} INFO - Processing /home/akhilesh/py39/lib/python3.9/site-packages/airflow/example_dags/example_sensor_decorator.py took 0.082 seconds
[2023-08-14T11:20:46.040+0200] {processor.py:157} INFO - Started process (PID=465976) to work on /home/akhilesh/py39/lib/python3.9/site-packages/airflow/example_dags/example_sensor_decorator.py
[2023-08-14T11:20:46.049+0200] {processor.py:826} INFO - Processing file /home/akhilesh/py39/lib/python3.9/site-packages/airflow/example_dags/example_sensor_decorator.py for tasks to queue
[2023-08-14T11:20:46.050+0200] {logging_mixin.py:150} INFO - [2023-08-14T11:20:46.049+0200] {dagbag.py:541} INFO - Filling up the DagBag from /home/akhilesh/py39/lib/python3.9/site-packages/airflow/example_dags/example_sensor_decorator.py
[2023-08-14T11:20:46.057+0200] {processor.py:836} INFO - DAG(s) dict_keys(['example_sensor_decorator']) retrieved from /home/akhilesh/py39/lib/python3.9/site-packages/airflow/example_dags/example_sensor_decorator.py
[2023-08-14T11:20:46.072+0200] {logging_mixin.py:150} INFO - [2023-08-14T11:20:46.072+0200] {dag.py:2742} INFO - Sync 1 DAGs
[2023-08-14T11:20:46.084+0200] {logging_mixin.py:150} INFO - [2023-08-14T11:20:46.084+0200] {dag.py:3504} INFO - Setting next_dagrun for example_sensor_decorator to None, run_after=None
[2023-08-14T11:20:46.109+0200] {processor.py:179} INFO - Processing /home/akhilesh/py39/lib/python3.9/site-packages/airflow/example_dags/example_sensor_decorator.py took 0.072 seconds
[2023-08-14T11:21:31.524+0200] {processor.py:157} INFO - Started process (PID=466130) to work on /home/akhilesh/py39/lib/python3.9/site-packages/airflow/example_dags/example_sensor_decorator.py
[2023-08-14T11:21:31.533+0200] {processor.py:826} INFO - Processing file /home/akhilesh/py39/lib/python3.9/site-packages/airflow/example_dags/example_sensor_decorator.py for tasks to queue
[2023-08-14T11:21:31.534+0200] {logging_mixin.py:150} INFO - [2023-08-14T11:21:31.534+0200] {dagbag.py:541} INFO - Filling up the DagBag from /home/akhilesh/py39/lib/python3.9/site-packages/airflow/example_dags/example_sensor_decorator.py
[2023-08-14T11:21:31.541+0200] {processor.py:836} INFO - DAG(s) dict_keys(['example_sensor_decorator']) retrieved from /home/akhilesh/py39/lib/python3.9/site-packages/airflow/example_dags/example_sensor_decorator.py
[2023-08-14T11:21:31.557+0200] {logging_mixin.py:150} INFO - [2023-08-14T11:21:31.557+0200] {dag.py:2742} INFO - Sync 1 DAGs
[2023-08-14T11:21:31.571+0200] {logging_mixin.py:150} INFO - [2023-08-14T11:21:31.570+0200] {dag.py:3504} INFO - Setting next_dagrun for example_sensor_decorator to None, run_after=None
[2023-08-14T11:21:31.598+0200] {processor.py:179} INFO - Processing /home/akhilesh/py39/lib/python3.9/site-packages/airflow/example_dags/example_sensor_decorator.py took 0.078 seconds
[2023-08-14T11:22:18.251+0200] {processor.py:157} INFO - Started process (PID=466277) to work on /home/akhilesh/py39/lib/python3.9/site-packages/airflow/example_dags/example_sensor_decorator.py
[2023-08-14T11:22:18.261+0200] {processor.py:826} INFO - Processing file /home/akhilesh/py39/lib/python3.9/site-packages/airflow/example_dags/example_sensor_decorator.py for tasks to queue
[2023-08-14T11:22:18.262+0200] {logging_mixin.py:150} INFO - [2023-08-14T11:22:18.261+0200] {dagbag.py:541} INFO - Filling up the DagBag from /home/akhilesh/py39/lib/python3.9/site-packages/airflow/example_dags/example_sensor_decorator.py
[2023-08-14T11:22:18.270+0200] {processor.py:836} INFO - DAG(s) dict_keys(['example_sensor_decorator']) retrieved from /home/akhilesh/py39/lib/python3.9/site-packages/airflow/example_dags/example_sensor_decorator.py
[2023-08-14T11:22:18.288+0200] {logging_mixin.py:150} INFO - [2023-08-14T11:22:18.288+0200] {dag.py:2742} INFO - Sync 1 DAGs
[2023-08-14T11:22:18.300+0200] {logging_mixin.py:150} INFO - [2023-08-14T11:22:18.300+0200] {dag.py:3504} INFO - Setting next_dagrun for example_sensor_decorator to None, run_after=None
[2023-08-14T11:22:18.330+0200] {processor.py:179} INFO - Processing /home/akhilesh/py39/lib/python3.9/site-packages/airflow/example_dags/example_sensor_decorator.py took 0.083 seconds
[2023-08-14T11:23:13.484+0200] {processor.py:157} INFO - Started process (PID=466685) to work on /home/akhilesh/py39/lib/python3.9/site-packages/airflow/example_dags/example_sensor_decorator.py
[2023-08-14T11:23:13.493+0200] {processor.py:826} INFO - Processing file /home/akhilesh/py39/lib/python3.9/site-packages/airflow/example_dags/example_sensor_decorator.py for tasks to queue
[2023-08-14T11:23:13.494+0200] {logging_mixin.py:150} INFO - [2023-08-14T11:23:13.494+0200] {dagbag.py:541} INFO - Filling up the DagBag from /home/akhilesh/py39/lib/python3.9/site-packages/airflow/example_dags/example_sensor_decorator.py
[2023-08-14T11:23:13.502+0200] {processor.py:836} INFO - DAG(s) dict_keys(['example_sensor_decorator']) retrieved from /home/akhilesh/py39/lib/python3.9/site-packages/airflow/example_dags/example_sensor_decorator.py
[2023-08-14T11:23:13.519+0200] {logging_mixin.py:150} INFO - [2023-08-14T11:23:13.519+0200] {dag.py:2742} INFO - Sync 1 DAGs
[2023-08-14T11:23:13.532+0200] {logging_mixin.py:150} INFO - [2023-08-14T11:23:13.531+0200] {dag.py:3504} INFO - Setting next_dagrun for example_sensor_decorator to None, run_after=None
[2023-08-14T11:23:13.558+0200] {processor.py:179} INFO - Processing /home/akhilesh/py39/lib/python3.9/site-packages/airflow/example_dags/example_sensor_decorator.py took 0.078 seconds
[2023-08-14T11:24:01.673+0200] {processor.py:157} INFO - Started process (PID=467117) to work on /home/akhilesh/py39/lib/python3.9/site-packages/airflow/example_dags/example_sensor_decorator.py
[2023-08-14T11:24:01.682+0200] {processor.py:826} INFO - Processing file /home/akhilesh/py39/lib/python3.9/site-packages/airflow/example_dags/example_sensor_decorator.py for tasks to queue
[2023-08-14T11:24:01.683+0200] {logging_mixin.py:150} INFO - [2023-08-14T11:24:01.683+0200] {dagbag.py:541} INFO - Filling up the DagBag from /home/akhilesh/py39/lib/python3.9/site-packages/airflow/example_dags/example_sensor_decorator.py
[2023-08-14T11:24:01.690+0200] {processor.py:836} INFO - DAG(s) dict_keys(['example_sensor_decorator']) retrieved from /home/akhilesh/py39/lib/python3.9/site-packages/airflow/example_dags/example_sensor_decorator.py
[2023-08-14T11:24:01.708+0200] {logging_mixin.py:150} INFO - [2023-08-14T11:24:01.707+0200] {dag.py:2742} INFO - Sync 1 DAGs
[2023-08-14T11:24:01.724+0200] {logging_mixin.py:150} INFO - [2023-08-14T11:24:01.724+0200] {dag.py:3504} INFO - Setting next_dagrun for example_sensor_decorator to None, run_after=None
[2023-08-14T11:24:01.757+0200] {processor.py:179} INFO - Processing /home/akhilesh/py39/lib/python3.9/site-packages/airflow/example_dags/example_sensor_decorator.py took 0.088 seconds
[2023-08-14T11:24:51.040+0200] {processor.py:157} INFO - Started process (PID=467271) to work on /home/akhilesh/py39/lib/python3.9/site-packages/airflow/example_dags/example_sensor_decorator.py
[2023-08-14T11:24:51.049+0200] {processor.py:826} INFO - Processing file /home/akhilesh/py39/lib/python3.9/site-packages/airflow/example_dags/example_sensor_decorator.py for tasks to queue
[2023-08-14T11:24:51.050+0200] {logging_mixin.py:150} INFO - [2023-08-14T11:24:51.050+0200] {dagbag.py:541} INFO - Filling up the DagBag from /home/akhilesh/py39/lib/python3.9/site-packages/airflow/example_dags/example_sensor_decorator.py
[2023-08-14T11:24:51.058+0200] {processor.py:836} INFO - DAG(s) dict_keys(['example_sensor_decorator']) retrieved from /home/akhilesh/py39/lib/python3.9/site-packages/airflow/example_dags/example_sensor_decorator.py
[2023-08-14T11:24:51.073+0200] {logging_mixin.py:150} INFO - [2023-08-14T11:24:51.072+0200] {dag.py:2742} INFO - Sync 1 DAGs
[2023-08-14T11:24:51.087+0200] {logging_mixin.py:150} INFO - [2023-08-14T11:24:51.087+0200] {dag.py:3504} INFO - Setting next_dagrun for example_sensor_decorator to None, run_after=None
[2023-08-14T11:24:51.120+0200] {processor.py:179} INFO - Processing /home/akhilesh/py39/lib/python3.9/site-packages/airflow/example_dags/example_sensor_decorator.py took 0.084 seconds
[2023-08-14T11:25:39.814+0200] {processor.py:157} INFO - Started process (PID=467853) to work on /home/akhilesh/py39/lib/python3.9/site-packages/airflow/example_dags/example_sensor_decorator.py
[2023-08-14T11:25:39.823+0200] {processor.py:826} INFO - Processing file /home/akhilesh/py39/lib/python3.9/site-packages/airflow/example_dags/example_sensor_decorator.py for tasks to queue
[2023-08-14T11:25:39.825+0200] {logging_mixin.py:150} INFO - [2023-08-14T11:25:39.824+0200] {dagbag.py:541} INFO - Filling up the DagBag from /home/akhilesh/py39/lib/python3.9/site-packages/airflow/example_dags/example_sensor_decorator.py
[2023-08-14T11:25:39.832+0200] {processor.py:836} INFO - DAG(s) dict_keys(['example_sensor_decorator']) retrieved from /home/akhilesh/py39/lib/python3.9/site-packages/airflow/example_dags/example_sensor_decorator.py
[2023-08-14T11:25:39.849+0200] {logging_mixin.py:150} INFO - [2023-08-14T11:25:39.849+0200] {dag.py:2742} INFO - Sync 1 DAGs
[2023-08-14T11:25:39.862+0200] {logging_mixin.py:150} INFO - [2023-08-14T11:25:39.862+0200] {dag.py:3504} INFO - Setting next_dagrun for example_sensor_decorator to None, run_after=None
[2023-08-14T11:25:39.894+0200] {processor.py:179} INFO - Processing /home/akhilesh/py39/lib/python3.9/site-packages/airflow/example_dags/example_sensor_decorator.py took 0.083 seconds
