[2023-08-14T10:22:21.397+0200] {processor.py:157} INFO - Started process (PID=453402) to work on /home/akhilesh/py39/lib/python3.9/site-packages/airflow/example_dags/example_params_trigger_ui.py
[2023-08-14T10:22:21.398+0200] {processor.py:826} INFO - Processing file /home/akhilesh/py39/lib/python3.9/site-packages/airflow/example_dags/example_params_trigger_ui.py for tasks to queue
[2023-08-14T10:22:21.399+0200] {logging_mixin.py:150} INFO - [2023-08-14T10:22:21.399+0200] {dagbag.py:541} INFO - Filling up the DagBag from /home/akhilesh/py39/lib/python3.9/site-packages/airflow/example_dags/example_params_trigger_ui.py
[2023-08-14T10:22:21.417+0200] {processor.py:836} INFO - DAG(s) dict_keys(['example_params_trigger_ui']) retrieved from /home/akhilesh/py39/lib/python3.9/site-packages/airflow/example_dags/example_params_trigger_ui.py
[2023-08-14T10:22:21.466+0200] {logging_mixin.py:150} INFO - [2023-08-14T10:22:21.465+0200] {dag.py:2742} INFO - Sync 1 DAGs
[2023-08-14T10:22:21.482+0200] {logging_mixin.py:150} INFO - [2023-08-14T10:22:21.481+0200] {dag.py:3504} INFO - Setting next_dagrun for example_params_trigger_ui to None, run_after=None
[2023-08-14T10:22:21.510+0200] {processor.py:179} INFO - Processing /home/akhilesh/py39/lib/python3.9/site-packages/airflow/example_dags/example_params_trigger_ui.py took 0.117 seconds
[2023-08-14T10:23:07.749+0200] {processor.py:157} INFO - Started process (PID=453541) to work on /home/akhilesh/py39/lib/python3.9/site-packages/airflow/example_dags/example_params_trigger_ui.py
[2023-08-14T10:23:07.758+0200] {processor.py:826} INFO - Processing file /home/akhilesh/py39/lib/python3.9/site-packages/airflow/example_dags/example_params_trigger_ui.py for tasks to queue
[2023-08-14T10:23:07.760+0200] {logging_mixin.py:150} INFO - [2023-08-14T10:23:07.759+0200] {dagbag.py:541} INFO - Filling up the DagBag from /home/akhilesh/py39/lib/python3.9/site-packages/airflow/example_dags/example_params_trigger_ui.py
[2023-08-14T10:23:07.780+0200] {processor.py:836} INFO - DAG(s) dict_keys(['example_params_trigger_ui']) retrieved from /home/akhilesh/py39/lib/python3.9/site-packages/airflow/example_dags/example_params_trigger_ui.py
[2023-08-14T10:23:07.827+0200] {logging_mixin.py:150} INFO - [2023-08-14T10:23:07.827+0200] {dag.py:2742} INFO - Sync 1 DAGs
[2023-08-14T10:23:08.002+0200] {logging_mixin.py:150} INFO - [2023-08-14T10:23:08.002+0200] {dag.py:3504} INFO - Setting next_dagrun for example_params_trigger_ui to None, run_after=None
[2023-08-14T10:23:08.035+0200] {processor.py:179} INFO - Processing /home/akhilesh/py39/lib/python3.9/site-packages/airflow/example_dags/example_params_trigger_ui.py took 0.290 seconds
[2023-08-14T10:24:06.025+0200] {processor.py:157} INFO - Started process (PID=453822) to work on /home/akhilesh/py39/lib/python3.9/site-packages/airflow/example_dags/example_params_trigger_ui.py
[2023-08-14T10:24:06.034+0200] {processor.py:826} INFO - Processing file /home/akhilesh/py39/lib/python3.9/site-packages/airflow/example_dags/example_params_trigger_ui.py for tasks to queue
[2023-08-14T10:24:06.036+0200] {logging_mixin.py:150} INFO - [2023-08-14T10:24:06.035+0200] {dagbag.py:541} INFO - Filling up the DagBag from /home/akhilesh/py39/lib/python3.9/site-packages/airflow/example_dags/example_params_trigger_ui.py
[2023-08-14T10:24:06.054+0200] {processor.py:836} INFO - DAG(s) dict_keys(['example_params_trigger_ui']) retrieved from /home/akhilesh/py39/lib/python3.9/site-packages/airflow/example_dags/example_params_trigger_ui.py
[2023-08-14T10:24:06.101+0200] {logging_mixin.py:150} INFO - [2023-08-14T10:24:06.101+0200] {dag.py:2742} INFO - Sync 1 DAGs
[2023-08-14T10:24:06.281+0200] {logging_mixin.py:150} INFO - [2023-08-14T10:24:06.281+0200] {dag.py:3504} INFO - Setting next_dagrun for example_params_trigger_ui to None, run_after=None
[2023-08-14T10:24:06.312+0200] {processor.py:179} INFO - Processing /home/akhilesh/py39/lib/python3.9/site-packages/airflow/example_dags/example_params_trigger_ui.py took 0.290 seconds
[2023-08-14T10:24:49.703+0200] {processor.py:157} INFO - Started process (PID=454004) to work on /home/akhilesh/py39/lib/python3.9/site-packages/airflow/example_dags/example_params_trigger_ui.py
[2023-08-14T10:24:49.712+0200] {processor.py:826} INFO - Processing file /home/akhilesh/py39/lib/python3.9/site-packages/airflow/example_dags/example_params_trigger_ui.py for tasks to queue
[2023-08-14T10:24:49.714+0200] {logging_mixin.py:150} INFO - [2023-08-14T10:24:49.713+0200] {dagbag.py:541} INFO - Filling up the DagBag from /home/akhilesh/py39/lib/python3.9/site-packages/airflow/example_dags/example_params_trigger_ui.py
[2023-08-14T10:24:49.737+0200] {processor.py:836} INFO - DAG(s) dict_keys(['example_params_trigger_ui']) retrieved from /home/akhilesh/py39/lib/python3.9/site-packages/airflow/example_dags/example_params_trigger_ui.py
[2023-08-14T10:24:49.952+0200] {logging_mixin.py:150} INFO - [2023-08-14T10:24:49.951+0200] {dag.py:2742} INFO - Sync 1 DAGs
[2023-08-14T10:24:49.965+0200] {logging_mixin.py:150} INFO - [2023-08-14T10:24:49.964+0200] {dag.py:3504} INFO - Setting next_dagrun for example_params_trigger_ui to None, run_after=None
[2023-08-14T10:24:50.000+0200] {processor.py:179} INFO - Processing /home/akhilesh/py39/lib/python3.9/site-packages/airflow/example_dags/example_params_trigger_ui.py took 0.300 seconds
[2023-08-14T10:25:39.614+0200] {processor.py:157} INFO - Started process (PID=454124) to work on /home/akhilesh/py39/lib/python3.9/site-packages/airflow/example_dags/example_params_trigger_ui.py
[2023-08-14T10:25:39.623+0200] {processor.py:826} INFO - Processing file /home/akhilesh/py39/lib/python3.9/site-packages/airflow/example_dags/example_params_trigger_ui.py for tasks to queue
[2023-08-14T10:25:39.624+0200] {logging_mixin.py:150} INFO - [2023-08-14T10:25:39.624+0200] {dagbag.py:541} INFO - Filling up the DagBag from /home/akhilesh/py39/lib/python3.9/site-packages/airflow/example_dags/example_params_trigger_ui.py
[2023-08-14T10:25:39.644+0200] {processor.py:836} INFO - DAG(s) dict_keys(['example_params_trigger_ui']) retrieved from /home/akhilesh/py39/lib/python3.9/site-packages/airflow/example_dags/example_params_trigger_ui.py
[2023-08-14T10:25:39.692+0200] {logging_mixin.py:150} INFO - [2023-08-14T10:25:39.691+0200] {dag.py:2742} INFO - Sync 1 DAGs
[2023-08-14T10:25:39.706+0200] {logging_mixin.py:150} INFO - [2023-08-14T10:25:39.706+0200] {dag.py:3504} INFO - Setting next_dagrun for example_params_trigger_ui to None, run_after=None
[2023-08-14T10:25:39.893+0200] {processor.py:179} INFO - Processing /home/akhilesh/py39/lib/python3.9/site-packages/airflow/example_dags/example_params_trigger_ui.py took 0.284 seconds
[2023-08-14T10:26:24.251+0200] {processor.py:157} INFO - Started process (PID=454307) to work on /home/akhilesh/py39/lib/python3.9/site-packages/airflow/example_dags/example_params_trigger_ui.py
[2023-08-14T10:26:24.252+0200] {processor.py:826} INFO - Processing file /home/akhilesh/py39/lib/python3.9/site-packages/airflow/example_dags/example_params_trigger_ui.py for tasks to queue
[2023-08-14T10:26:24.253+0200] {logging_mixin.py:150} INFO - [2023-08-14T10:26:24.253+0200] {dagbag.py:541} INFO - Filling up the DagBag from /home/akhilesh/py39/lib/python3.9/site-packages/airflow/example_dags/example_params_trigger_ui.py
[2023-08-14T10:26:24.269+0200] {processor.py:836} INFO - DAG(s) dict_keys(['example_params_trigger_ui']) retrieved from /home/akhilesh/py39/lib/python3.9/site-packages/airflow/example_dags/example_params_trigger_ui.py
[2023-08-14T10:26:24.467+0200] {logging_mixin.py:150} INFO - [2023-08-14T10:26:24.467+0200] {dag.py:2742} INFO - Sync 1 DAGs
[2023-08-14T10:26:24.481+0200] {logging_mixin.py:150} INFO - [2023-08-14T10:26:24.481+0200] {dag.py:3504} INFO - Setting next_dagrun for example_params_trigger_ui to None, run_after=None
[2023-08-14T10:26:24.498+0200] {processor.py:179} INFO - Processing /home/akhilesh/py39/lib/python3.9/site-packages/airflow/example_dags/example_params_trigger_ui.py took 0.251 seconds
[2023-08-14T10:27:24.455+0200] {processor.py:157} INFO - Started process (PID=454667) to work on /home/akhilesh/py39/lib/python3.9/site-packages/airflow/example_dags/example_params_trigger_ui.py
[2023-08-14T10:27:24.464+0200] {processor.py:826} INFO - Processing file /home/akhilesh/py39/lib/python3.9/site-packages/airflow/example_dags/example_params_trigger_ui.py for tasks to queue
[2023-08-14T10:27:24.465+0200] {logging_mixin.py:150} INFO - [2023-08-14T10:27:24.464+0200] {dagbag.py:541} INFO - Filling up the DagBag from /home/akhilesh/py39/lib/python3.9/site-packages/airflow/example_dags/example_params_trigger_ui.py
[2023-08-14T10:27:24.484+0200] {processor.py:836} INFO - DAG(s) dict_keys(['example_params_trigger_ui']) retrieved from /home/akhilesh/py39/lib/python3.9/site-packages/airflow/example_dags/example_params_trigger_ui.py
[2023-08-14T10:27:24.532+0200] {logging_mixin.py:150} INFO - [2023-08-14T10:27:24.532+0200] {dag.py:2742} INFO - Sync 1 DAGs
[2023-08-14T10:27:24.623+0200] {logging_mixin.py:150} INFO - [2023-08-14T10:27:24.622+0200] {dag.py:3504} INFO - Setting next_dagrun for example_params_trigger_ui to None, run_after=None
[2023-08-14T10:27:24.654+0200] {processor.py:179} INFO - Processing /home/akhilesh/py39/lib/python3.9/site-packages/airflow/example_dags/example_params_trigger_ui.py took 0.203 seconds
[2023-08-14T10:28:20.052+0200] {processor.py:157} INFO - Started process (PID=454942) to work on /home/akhilesh/py39/lib/python3.9/site-packages/airflow/example_dags/example_params_trigger_ui.py
[2023-08-14T10:28:20.061+0200] {processor.py:826} INFO - Processing file /home/akhilesh/py39/lib/python3.9/site-packages/airflow/example_dags/example_params_trigger_ui.py for tasks to queue
[2023-08-14T10:28:20.062+0200] {logging_mixin.py:150} INFO - [2023-08-14T10:28:20.062+0200] {dagbag.py:541} INFO - Filling up the DagBag from /home/akhilesh/py39/lib/python3.9/site-packages/airflow/example_dags/example_params_trigger_ui.py
[2023-08-14T10:28:20.085+0200] {processor.py:836} INFO - DAG(s) dict_keys(['example_params_trigger_ui']) retrieved from /home/akhilesh/py39/lib/python3.9/site-packages/airflow/example_dags/example_params_trigger_ui.py
[2023-08-14T10:28:20.211+0200] {logging_mixin.py:150} INFO - [2023-08-14T10:28:20.210+0200] {dag.py:2742} INFO - Sync 1 DAGs
[2023-08-14T10:28:20.222+0200] {logging_mixin.py:150} INFO - [2023-08-14T10:28:20.222+0200] {dag.py:3504} INFO - Setting next_dagrun for example_params_trigger_ui to None, run_after=None
[2023-08-14T10:28:20.251+0200] {processor.py:179} INFO - Processing /home/akhilesh/py39/lib/python3.9/site-packages/airflow/example_dags/example_params_trigger_ui.py took 0.204 seconds
[2023-08-14T10:29:02.001+0200] {processor.py:157} INFO - Started process (PID=455098) to work on /home/akhilesh/py39/lib/python3.9/site-packages/airflow/example_dags/example_params_trigger_ui.py
[2023-08-14T10:29:02.010+0200] {processor.py:826} INFO - Processing file /home/akhilesh/py39/lib/python3.9/site-packages/airflow/example_dags/example_params_trigger_ui.py for tasks to queue
[2023-08-14T10:29:02.011+0200] {logging_mixin.py:150} INFO - [2023-08-14T10:29:02.011+0200] {dagbag.py:541} INFO - Filling up the DagBag from /home/akhilesh/py39/lib/python3.9/site-packages/airflow/example_dags/example_params_trigger_ui.py
[2023-08-14T10:29:02.031+0200] {processor.py:836} INFO - DAG(s) dict_keys(['example_params_trigger_ui']) retrieved from /home/akhilesh/py39/lib/python3.9/site-packages/airflow/example_dags/example_params_trigger_ui.py
[2023-08-14T10:29:02.078+0200] {logging_mixin.py:150} INFO - [2023-08-14T10:29:02.078+0200] {dag.py:2742} INFO - Sync 1 DAGs
[2023-08-14T10:29:02.176+0200] {logging_mixin.py:150} INFO - [2023-08-14T10:29:02.176+0200] {dag.py:3504} INFO - Setting next_dagrun for example_params_trigger_ui to None, run_after=None
[2023-08-14T10:29:02.211+0200] {processor.py:179} INFO - Processing /home/akhilesh/py39/lib/python3.9/site-packages/airflow/example_dags/example_params_trigger_ui.py took 0.213 seconds
[2023-08-14T10:29:48.235+0200] {processor.py:157} INFO - Started process (PID=455238) to work on /home/akhilesh/py39/lib/python3.9/site-packages/airflow/example_dags/example_params_trigger_ui.py
[2023-08-14T10:29:48.244+0200] {processor.py:826} INFO - Processing file /home/akhilesh/py39/lib/python3.9/site-packages/airflow/example_dags/example_params_trigger_ui.py for tasks to queue
[2023-08-14T10:29:48.246+0200] {logging_mixin.py:150} INFO - [2023-08-14T10:29:48.245+0200] {dagbag.py:541} INFO - Filling up the DagBag from /home/akhilesh/py39/lib/python3.9/site-packages/airflow/example_dags/example_params_trigger_ui.py
[2023-08-14T10:29:48.271+0200] {processor.py:836} INFO - DAG(s) dict_keys(['example_params_trigger_ui']) retrieved from /home/akhilesh/py39/lib/python3.9/site-packages/airflow/example_dags/example_params_trigger_ui.py
[2023-08-14T10:29:48.486+0200] {logging_mixin.py:150} INFO - [2023-08-14T10:29:48.485+0200] {dag.py:2742} INFO - Sync 1 DAGs
[2023-08-14T10:29:48.499+0200] {logging_mixin.py:150} INFO - [2023-08-14T10:29:48.499+0200] {dag.py:3504} INFO - Setting next_dagrun for example_params_trigger_ui to None, run_after=None
[2023-08-14T10:29:48.533+0200] {processor.py:179} INFO - Processing /home/akhilesh/py39/lib/python3.9/site-packages/airflow/example_dags/example_params_trigger_ui.py took 0.301 seconds
[2023-08-14T10:30:39.629+0200] {processor.py:157} INFO - Started process (PID=455416) to work on /home/akhilesh/py39/lib/python3.9/site-packages/airflow/example_dags/example_params_trigger_ui.py
[2023-08-14T10:30:39.637+0200] {processor.py:826} INFO - Processing file /home/akhilesh/py39/lib/python3.9/site-packages/airflow/example_dags/example_params_trigger_ui.py for tasks to queue
[2023-08-14T10:30:39.638+0200] {logging_mixin.py:150} INFO - [2023-08-14T10:30:39.638+0200] {dagbag.py:541} INFO - Filling up the DagBag from /home/akhilesh/py39/lib/python3.9/site-packages/airflow/example_dags/example_params_trigger_ui.py
[2023-08-14T10:30:39.659+0200] {processor.py:836} INFO - DAG(s) dict_keys(['example_params_trigger_ui']) retrieved from /home/akhilesh/py39/lib/python3.9/site-packages/airflow/example_dags/example_params_trigger_ui.py
[2023-08-14T10:30:39.702+0200] {logging_mixin.py:150} INFO - [2023-08-14T10:30:39.702+0200] {dag.py:2742} INFO - Sync 1 DAGs
[2023-08-14T10:30:39.715+0200] {logging_mixin.py:150} INFO - [2023-08-14T10:30:39.715+0200] {dag.py:3504} INFO - Setting next_dagrun for example_params_trigger_ui to None, run_after=None
[2023-08-14T10:30:39.736+0200] {processor.py:179} INFO - Processing /home/akhilesh/py39/lib/python3.9/site-packages/airflow/example_dags/example_params_trigger_ui.py took 0.109 seconds
[2023-08-14T10:31:33.015+0200] {processor.py:157} INFO - Started process (PID=455544) to work on /home/akhilesh/py39/lib/python3.9/site-packages/airflow/example_dags/example_params_trigger_ui.py
[2023-08-14T10:31:33.024+0200] {processor.py:826} INFO - Processing file /home/akhilesh/py39/lib/python3.9/site-packages/airflow/example_dags/example_params_trigger_ui.py for tasks to queue
[2023-08-14T10:31:33.027+0200] {logging_mixin.py:150} INFO - [2023-08-14T10:31:33.026+0200] {dagbag.py:541} INFO - Filling up the DagBag from /home/akhilesh/py39/lib/python3.9/site-packages/airflow/example_dags/example_params_trigger_ui.py
[2023-08-14T10:31:33.047+0200] {processor.py:836} INFO - DAG(s) dict_keys(['example_params_trigger_ui']) retrieved from /home/akhilesh/py39/lib/python3.9/site-packages/airflow/example_dags/example_params_trigger_ui.py
[2023-08-14T10:31:33.108+0200] {logging_mixin.py:150} INFO - [2023-08-14T10:31:33.107+0200] {dag.py:2742} INFO - Sync 1 DAGs
[2023-08-14T10:31:33.132+0200] {logging_mixin.py:150} INFO - [2023-08-14T10:31:33.131+0200] {dag.py:3504} INFO - Setting next_dagrun for example_params_trigger_ui to None, run_after=None
[2023-08-14T10:31:33.176+0200] {processor.py:179} INFO - Processing /home/akhilesh/py39/lib/python3.9/site-packages/airflow/example_dags/example_params_trigger_ui.py took 0.165 seconds
[2023-08-14T10:32:20.619+0200] {processor.py:157} INFO - Started process (PID=455822) to work on /home/akhilesh/py39/lib/python3.9/site-packages/airflow/example_dags/example_params_trigger_ui.py
[2023-08-14T10:32:20.628+0200] {processor.py:826} INFO - Processing file /home/akhilesh/py39/lib/python3.9/site-packages/airflow/example_dags/example_params_trigger_ui.py for tasks to queue
[2023-08-14T10:32:20.630+0200] {logging_mixin.py:150} INFO - [2023-08-14T10:32:20.629+0200] {dagbag.py:541} INFO - Filling up the DagBag from /home/akhilesh/py39/lib/python3.9/site-packages/airflow/example_dags/example_params_trigger_ui.py
[2023-08-14T10:32:20.648+0200] {processor.py:836} INFO - DAG(s) dict_keys(['example_params_trigger_ui']) retrieved from /home/akhilesh/py39/lib/python3.9/site-packages/airflow/example_dags/example_params_trigger_ui.py
[2023-08-14T10:32:20.696+0200] {logging_mixin.py:150} INFO - [2023-08-14T10:32:20.696+0200] {dag.py:2742} INFO - Sync 1 DAGs
[2023-08-14T10:32:20.710+0200] {logging_mixin.py:150} INFO - [2023-08-14T10:32:20.710+0200] {dag.py:3504} INFO - Setting next_dagrun for example_params_trigger_ui to None, run_after=None
[2023-08-14T10:32:20.733+0200] {processor.py:179} INFO - Processing /home/akhilesh/py39/lib/python3.9/site-packages/airflow/example_dags/example_params_trigger_ui.py took 0.117 seconds
[2023-08-14T10:33:12.512+0200] {processor.py:157} INFO - Started process (PID=455974) to work on /home/akhilesh/py39/lib/python3.9/site-packages/airflow/example_dags/example_params_trigger_ui.py
[2023-08-14T10:33:12.514+0200] {processor.py:826} INFO - Processing file /home/akhilesh/py39/lib/python3.9/site-packages/airflow/example_dags/example_params_trigger_ui.py for tasks to queue
[2023-08-14T10:33:12.515+0200] {logging_mixin.py:150} INFO - [2023-08-14T10:33:12.515+0200] {dagbag.py:541} INFO - Filling up the DagBag from /home/akhilesh/py39/lib/python3.9/site-packages/airflow/example_dags/example_params_trigger_ui.py
[2023-08-14T10:33:12.531+0200] {processor.py:836} INFO - DAG(s) dict_keys(['example_params_trigger_ui']) retrieved from /home/akhilesh/py39/lib/python3.9/site-packages/airflow/example_dags/example_params_trigger_ui.py
[2023-08-14T10:33:12.581+0200] {logging_mixin.py:150} INFO - [2023-08-14T10:33:12.581+0200] {dag.py:2742} INFO - Sync 1 DAGs
[2023-08-14T10:33:12.596+0200] {logging_mixin.py:150} INFO - [2023-08-14T10:33:12.596+0200] {dag.py:3504} INFO - Setting next_dagrun for example_params_trigger_ui to None, run_after=None
[2023-08-14T10:33:12.620+0200] {processor.py:179} INFO - Processing /home/akhilesh/py39/lib/python3.9/site-packages/airflow/example_dags/example_params_trigger_ui.py took 0.112 seconds
[2023-08-14T10:34:06.603+0200] {processor.py:157} INFO - Started process (PID=456094) to work on /home/akhilesh/py39/lib/python3.9/site-packages/airflow/example_dags/example_params_trigger_ui.py
[2023-08-14T10:34:06.612+0200] {processor.py:826} INFO - Processing file /home/akhilesh/py39/lib/python3.9/site-packages/airflow/example_dags/example_params_trigger_ui.py for tasks to queue
[2023-08-14T10:34:06.614+0200] {logging_mixin.py:150} INFO - [2023-08-14T10:34:06.613+0200] {dagbag.py:541} INFO - Filling up the DagBag from /home/akhilesh/py39/lib/python3.9/site-packages/airflow/example_dags/example_params_trigger_ui.py
[2023-08-14T10:34:06.637+0200] {processor.py:836} INFO - DAG(s) dict_keys(['example_params_trigger_ui']) retrieved from /home/akhilesh/py39/lib/python3.9/site-packages/airflow/example_dags/example_params_trigger_ui.py
[2023-08-14T10:34:06.692+0200] {logging_mixin.py:150} INFO - [2023-08-14T10:34:06.691+0200] {dag.py:2742} INFO - Sync 1 DAGs
[2023-08-14T10:34:06.715+0200] {logging_mixin.py:150} INFO - [2023-08-14T10:34:06.714+0200] {dag.py:3504} INFO - Setting next_dagrun for example_params_trigger_ui to None, run_after=None
[2023-08-14T10:34:06.749+0200] {processor.py:179} INFO - Processing /home/akhilesh/py39/lib/python3.9/site-packages/airflow/example_dags/example_params_trigger_ui.py took 0.150 seconds
[2023-08-14T10:34:59.940+0200] {processor.py:157} INFO - Started process (PID=456236) to work on /home/akhilesh/py39/lib/python3.9/site-packages/airflow/example_dags/example_params_trigger_ui.py
[2023-08-14T10:34:59.949+0200] {processor.py:826} INFO - Processing file /home/akhilesh/py39/lib/python3.9/site-packages/airflow/example_dags/example_params_trigger_ui.py for tasks to queue
[2023-08-14T10:34:59.951+0200] {logging_mixin.py:150} INFO - [2023-08-14T10:34:59.950+0200] {dagbag.py:541} INFO - Filling up the DagBag from /home/akhilesh/py39/lib/python3.9/site-packages/airflow/example_dags/example_params_trigger_ui.py
[2023-08-14T10:34:59.971+0200] {processor.py:836} INFO - DAG(s) dict_keys(['example_params_trigger_ui']) retrieved from /home/akhilesh/py39/lib/python3.9/site-packages/airflow/example_dags/example_params_trigger_ui.py
[2023-08-14T10:35:00.023+0200] {logging_mixin.py:150} INFO - [2023-08-14T10:35:00.022+0200] {dag.py:2742} INFO - Sync 1 DAGs
[2023-08-14T10:35:00.037+0200] {logging_mixin.py:150} INFO - [2023-08-14T10:35:00.037+0200] {dag.py:3504} INFO - Setting next_dagrun for example_params_trigger_ui to None, run_after=None
[2023-08-14T10:35:00.060+0200] {processor.py:179} INFO - Processing /home/akhilesh/py39/lib/python3.9/site-packages/airflow/example_dags/example_params_trigger_ui.py took 0.123 seconds
[2023-08-14T10:35:52.716+0200] {processor.py:157} INFO - Started process (PID=456396) to work on /home/akhilesh/py39/lib/python3.9/site-packages/airflow/example_dags/example_params_trigger_ui.py
[2023-08-14T10:35:52.725+0200] {processor.py:826} INFO - Processing file /home/akhilesh/py39/lib/python3.9/site-packages/airflow/example_dags/example_params_trigger_ui.py for tasks to queue
[2023-08-14T10:35:52.726+0200] {logging_mixin.py:150} INFO - [2023-08-14T10:35:52.725+0200] {dagbag.py:541} INFO - Filling up the DagBag from /home/akhilesh/py39/lib/python3.9/site-packages/airflow/example_dags/example_params_trigger_ui.py
[2023-08-14T10:35:52.751+0200] {processor.py:836} INFO - DAG(s) dict_keys(['example_params_trigger_ui']) retrieved from /home/akhilesh/py39/lib/python3.9/site-packages/airflow/example_dags/example_params_trigger_ui.py
[2023-08-14T10:35:52.799+0200] {logging_mixin.py:150} INFO - [2023-08-14T10:35:52.798+0200] {dag.py:2742} INFO - Sync 1 DAGs
[2023-08-14T10:35:52.812+0200] {logging_mixin.py:150} INFO - [2023-08-14T10:35:52.811+0200] {dag.py:3504} INFO - Setting next_dagrun for example_params_trigger_ui to None, run_after=None
[2023-08-14T10:35:52.835+0200] {processor.py:179} INFO - Processing /home/akhilesh/py39/lib/python3.9/site-packages/airflow/example_dags/example_params_trigger_ui.py took 0.123 seconds
[2023-08-14T10:36:43.142+0200] {processor.py:157} INFO - Started process (PID=456544) to work on /home/akhilesh/py39/lib/python3.9/site-packages/airflow/example_dags/example_params_trigger_ui.py
[2023-08-14T10:36:43.151+0200] {processor.py:826} INFO - Processing file /home/akhilesh/py39/lib/python3.9/site-packages/airflow/example_dags/example_params_trigger_ui.py for tasks to queue
[2023-08-14T10:36:43.151+0200] {logging_mixin.py:150} INFO - [2023-08-14T10:36:43.151+0200] {dagbag.py:541} INFO - Filling up the DagBag from /home/akhilesh/py39/lib/python3.9/site-packages/airflow/example_dags/example_params_trigger_ui.py
[2023-08-14T10:36:43.170+0200] {processor.py:836} INFO - DAG(s) dict_keys(['example_params_trigger_ui']) retrieved from /home/akhilesh/py39/lib/python3.9/site-packages/airflow/example_dags/example_params_trigger_ui.py
[2023-08-14T10:36:43.216+0200] {logging_mixin.py:150} INFO - [2023-08-14T10:36:43.215+0200] {dag.py:2742} INFO - Sync 1 DAGs
[2023-08-14T10:36:43.228+0200] {logging_mixin.py:150} INFO - [2023-08-14T10:36:43.228+0200] {dag.py:3504} INFO - Setting next_dagrun for example_params_trigger_ui to None, run_after=None
[2023-08-14T10:36:43.244+0200] {processor.py:179} INFO - Processing /home/akhilesh/py39/lib/python3.9/site-packages/airflow/example_dags/example_params_trigger_ui.py took 0.106 seconds
[2023-08-14T10:37:31.687+0200] {processor.py:157} INFO - Started process (PID=456670) to work on /home/akhilesh/py39/lib/python3.9/site-packages/airflow/example_dags/example_params_trigger_ui.py
[2023-08-14T10:37:31.696+0200] {processor.py:826} INFO - Processing file /home/akhilesh/py39/lib/python3.9/site-packages/airflow/example_dags/example_params_trigger_ui.py for tasks to queue
[2023-08-14T10:37:31.698+0200] {logging_mixin.py:150} INFO - [2023-08-14T10:37:31.697+0200] {dagbag.py:541} INFO - Filling up the DagBag from /home/akhilesh/py39/lib/python3.9/site-packages/airflow/example_dags/example_params_trigger_ui.py
[2023-08-14T10:37:31.717+0200] {processor.py:836} INFO - DAG(s) dict_keys(['example_params_trigger_ui']) retrieved from /home/akhilesh/py39/lib/python3.9/site-packages/airflow/example_dags/example_params_trigger_ui.py
[2023-08-14T10:37:31.764+0200] {logging_mixin.py:150} INFO - [2023-08-14T10:37:31.764+0200] {dag.py:2742} INFO - Sync 1 DAGs
[2023-08-14T10:37:31.778+0200] {logging_mixin.py:150} INFO - [2023-08-14T10:37:31.777+0200] {dag.py:3504} INFO - Setting next_dagrun for example_params_trigger_ui to None, run_after=None
[2023-08-14T10:37:31.796+0200] {processor.py:179} INFO - Processing /home/akhilesh/py39/lib/python3.9/site-packages/airflow/example_dags/example_params_trigger_ui.py took 0.112 seconds
[2023-08-14T10:38:21.609+0200] {processor.py:157} INFO - Started process (PID=456800) to work on /home/akhilesh/py39/lib/python3.9/site-packages/airflow/example_dags/example_params_trigger_ui.py
[2023-08-14T10:38:21.618+0200] {processor.py:826} INFO - Processing file /home/akhilesh/py39/lib/python3.9/site-packages/airflow/example_dags/example_params_trigger_ui.py for tasks to queue
[2023-08-14T10:38:21.620+0200] {logging_mixin.py:150} INFO - [2023-08-14T10:38:21.619+0200] {dagbag.py:541} INFO - Filling up the DagBag from /home/akhilesh/py39/lib/python3.9/site-packages/airflow/example_dags/example_params_trigger_ui.py
[2023-08-14T10:38:21.639+0200] {processor.py:836} INFO - DAG(s) dict_keys(['example_params_trigger_ui']) retrieved from /home/akhilesh/py39/lib/python3.9/site-packages/airflow/example_dags/example_params_trigger_ui.py
[2023-08-14T10:38:21.689+0200] {logging_mixin.py:150} INFO - [2023-08-14T10:38:21.688+0200] {dag.py:2742} INFO - Sync 1 DAGs
[2023-08-14T10:38:21.701+0200] {logging_mixin.py:150} INFO - [2023-08-14T10:38:21.701+0200] {dag.py:3504} INFO - Setting next_dagrun for example_params_trigger_ui to None, run_after=None
[2023-08-14T10:38:21.716+0200] {processor.py:179} INFO - Processing /home/akhilesh/py39/lib/python3.9/site-packages/airflow/example_dags/example_params_trigger_ui.py took 0.110 seconds
[2023-08-14T10:39:51.803+0200] {processor.py:157} INFO - Started process (PID=457142) to work on /home/akhilesh/py39/lib/python3.9/site-packages/airflow/example_dags/example_params_trigger_ui.py
[2023-08-14T10:39:51.813+0200] {processor.py:826} INFO - Processing file /home/akhilesh/py39/lib/python3.9/site-packages/airflow/example_dags/example_params_trigger_ui.py for tasks to queue
[2023-08-14T10:39:51.814+0200] {logging_mixin.py:150} INFO - [2023-08-14T10:39:51.813+0200] {dagbag.py:541} INFO - Filling up the DagBag from /home/akhilesh/py39/lib/python3.9/site-packages/airflow/example_dags/example_params_trigger_ui.py
[2023-08-14T10:39:51.832+0200] {processor.py:836} INFO - DAG(s) dict_keys(['example_params_trigger_ui']) retrieved from /home/akhilesh/py39/lib/python3.9/site-packages/airflow/example_dags/example_params_trigger_ui.py
[2023-08-14T10:39:51.881+0200] {logging_mixin.py:150} INFO - [2023-08-14T10:39:51.881+0200] {dag.py:2742} INFO - Sync 1 DAGs
[2023-08-14T10:39:51.893+0200] {logging_mixin.py:150} INFO - [2023-08-14T10:39:51.893+0200] {dag.py:3504} INFO - Setting next_dagrun for example_params_trigger_ui to None, run_after=None
[2023-08-14T10:39:51.920+0200] {processor.py:179} INFO - Processing /home/akhilesh/py39/lib/python3.9/site-packages/airflow/example_dags/example_params_trigger_ui.py took 0.120 seconds
[2023-08-14T10:41:33.336+0200] {processor.py:157} INFO - Started process (PID=457554) to work on /home/akhilesh/py39/lib/python3.9/site-packages/airflow/example_dags/example_params_trigger_ui.py
[2023-08-14T10:41:33.337+0200] {processor.py:826} INFO - Processing file /home/akhilesh/py39/lib/python3.9/site-packages/airflow/example_dags/example_params_trigger_ui.py for tasks to queue
[2023-08-14T10:41:33.338+0200] {logging_mixin.py:150} INFO - [2023-08-14T10:41:33.338+0200] {dagbag.py:541} INFO - Filling up the DagBag from /home/akhilesh/py39/lib/python3.9/site-packages/airflow/example_dags/example_params_trigger_ui.py
[2023-08-14T10:41:33.355+0200] {processor.py:836} INFO - DAG(s) dict_keys(['example_params_trigger_ui']) retrieved from /home/akhilesh/py39/lib/python3.9/site-packages/airflow/example_dags/example_params_trigger_ui.py
[2023-08-14T10:41:33.405+0200] {logging_mixin.py:150} INFO - [2023-08-14T10:41:33.405+0200] {dag.py:2742} INFO - Sync 1 DAGs
[2023-08-14T10:41:33.417+0200] {logging_mixin.py:150} INFO - [2023-08-14T10:41:33.417+0200] {dag.py:3504} INFO - Setting next_dagrun for example_params_trigger_ui to None, run_after=None
[2023-08-14T10:41:33.439+0200] {processor.py:179} INFO - Processing /home/akhilesh/py39/lib/python3.9/site-packages/airflow/example_dags/example_params_trigger_ui.py took 0.107 seconds
[2023-08-14T10:42:19.754+0200] {processor.py:157} INFO - Started process (PID=457736) to work on /home/akhilesh/py39/lib/python3.9/site-packages/airflow/example_dags/example_params_trigger_ui.py
[2023-08-14T10:42:19.757+0200] {processor.py:826} INFO - Processing file /home/akhilesh/py39/lib/python3.9/site-packages/airflow/example_dags/example_params_trigger_ui.py for tasks to queue
[2023-08-14T10:42:19.758+0200] {logging_mixin.py:150} INFO - [2023-08-14T10:42:19.757+0200] {dagbag.py:541} INFO - Filling up the DagBag from /home/akhilesh/py39/lib/python3.9/site-packages/airflow/example_dags/example_params_trigger_ui.py
[2023-08-14T10:42:19.779+0200] {processor.py:836} INFO - DAG(s) dict_keys(['example_params_trigger_ui']) retrieved from /home/akhilesh/py39/lib/python3.9/site-packages/airflow/example_dags/example_params_trigger_ui.py
[2023-08-14T10:42:19.857+0200] {logging_mixin.py:150} INFO - [2023-08-14T10:42:19.857+0200] {dag.py:2742} INFO - Sync 1 DAGs
[2023-08-14T10:42:19.882+0200] {logging_mixin.py:150} INFO - [2023-08-14T10:42:19.881+0200] {dag.py:3504} INFO - Setting next_dagrun for example_params_trigger_ui to None, run_after=None
[2023-08-14T10:42:19.925+0200] {processor.py:179} INFO - Processing /home/akhilesh/py39/lib/python3.9/site-packages/airflow/example_dags/example_params_trigger_ui.py took 0.176 seconds
[2023-08-14T10:44:25.230+0200] {processor.py:157} INFO - Started process (PID=458240) to work on /home/akhilesh/py39/lib/python3.9/site-packages/airflow/example_dags/example_params_trigger_ui.py
[2023-08-14T10:44:25.239+0200] {processor.py:826} INFO - Processing file /home/akhilesh/py39/lib/python3.9/site-packages/airflow/example_dags/example_params_trigger_ui.py for tasks to queue
[2023-08-14T10:44:25.241+0200] {logging_mixin.py:150} INFO - [2023-08-14T10:44:25.240+0200] {dagbag.py:541} INFO - Filling up the DagBag from /home/akhilesh/py39/lib/python3.9/site-packages/airflow/example_dags/example_params_trigger_ui.py
[2023-08-14T10:44:25.260+0200] {processor.py:836} INFO - DAG(s) dict_keys(['example_params_trigger_ui']) retrieved from /home/akhilesh/py39/lib/python3.9/site-packages/airflow/example_dags/example_params_trigger_ui.py
[2023-08-14T10:44:25.308+0200] {logging_mixin.py:150} INFO - [2023-08-14T10:44:25.308+0200] {dag.py:2742} INFO - Sync 1 DAGs
[2023-08-14T10:44:25.320+0200] {logging_mixin.py:150} INFO - [2023-08-14T10:44:25.320+0200] {dag.py:3504} INFO - Setting next_dagrun for example_params_trigger_ui to None, run_after=None
[2023-08-14T10:44:25.337+0200] {processor.py:179} INFO - Processing /home/akhilesh/py39/lib/python3.9/site-packages/airflow/example_dags/example_params_trigger_ui.py took 0.111 seconds
[2023-08-14T10:45:11.778+0200] {processor.py:157} INFO - Started process (PID=458444) to work on /home/akhilesh/py39/lib/python3.9/site-packages/airflow/example_dags/example_params_trigger_ui.py
[2023-08-14T10:45:11.788+0200] {processor.py:826} INFO - Processing file /home/akhilesh/py39/lib/python3.9/site-packages/airflow/example_dags/example_params_trigger_ui.py for tasks to queue
[2023-08-14T10:45:11.789+0200] {logging_mixin.py:150} INFO - [2023-08-14T10:45:11.789+0200] {dagbag.py:541} INFO - Filling up the DagBag from /home/akhilesh/py39/lib/python3.9/site-packages/airflow/example_dags/example_params_trigger_ui.py
[2023-08-14T10:45:11.808+0200] {processor.py:836} INFO - DAG(s) dict_keys(['example_params_trigger_ui']) retrieved from /home/akhilesh/py39/lib/python3.9/site-packages/airflow/example_dags/example_params_trigger_ui.py
[2023-08-14T10:45:11.857+0200] {logging_mixin.py:150} INFO - [2023-08-14T10:45:11.857+0200] {dag.py:2742} INFO - Sync 1 DAGs
[2023-08-14T10:45:11.870+0200] {logging_mixin.py:150} INFO - [2023-08-14T10:45:11.869+0200] {dag.py:3504} INFO - Setting next_dagrun for example_params_trigger_ui to None, run_after=None
[2023-08-14T10:45:11.893+0200] {processor.py:179} INFO - Processing /home/akhilesh/py39/lib/python3.9/site-packages/airflow/example_dags/example_params_trigger_ui.py took 0.119 seconds
[2023-08-14T10:45:59.772+0200] {processor.py:157} INFO - Started process (PID=458699) to work on /home/akhilesh/py39/lib/python3.9/site-packages/airflow/example_dags/example_params_trigger_ui.py
[2023-08-14T10:45:59.781+0200] {processor.py:826} INFO - Processing file /home/akhilesh/py39/lib/python3.9/site-packages/airflow/example_dags/example_params_trigger_ui.py for tasks to queue
[2023-08-14T10:45:59.783+0200] {logging_mixin.py:150} INFO - [2023-08-14T10:45:59.782+0200] {dagbag.py:541} INFO - Filling up the DagBag from /home/akhilesh/py39/lib/python3.9/site-packages/airflow/example_dags/example_params_trigger_ui.py
[2023-08-14T10:45:59.802+0200] {processor.py:836} INFO - DAG(s) dict_keys(['example_params_trigger_ui']) retrieved from /home/akhilesh/py39/lib/python3.9/site-packages/airflow/example_dags/example_params_trigger_ui.py
[2023-08-14T10:45:59.853+0200] {logging_mixin.py:150} INFO - [2023-08-14T10:45:59.853+0200] {dag.py:2742} INFO - Sync 1 DAGs
[2023-08-14T10:45:59.870+0200] {logging_mixin.py:150} INFO - [2023-08-14T10:45:59.870+0200] {dag.py:3504} INFO - Setting next_dagrun for example_params_trigger_ui to None, run_after=None
[2023-08-14T10:45:59.892+0200] {processor.py:179} INFO - Processing /home/akhilesh/py39/lib/python3.9/site-packages/airflow/example_dags/example_params_trigger_ui.py took 0.125 seconds
[2023-08-14T10:46:48.100+0200] {processor.py:157} INFO - Started process (PID=458894) to work on /home/akhilesh/py39/lib/python3.9/site-packages/airflow/example_dags/example_params_trigger_ui.py
[2023-08-14T10:46:48.109+0200] {processor.py:826} INFO - Processing file /home/akhilesh/py39/lib/python3.9/site-packages/airflow/example_dags/example_params_trigger_ui.py for tasks to queue
[2023-08-14T10:46:48.110+0200] {logging_mixin.py:150} INFO - [2023-08-14T10:46:48.109+0200] {dagbag.py:541} INFO - Filling up the DagBag from /home/akhilesh/py39/lib/python3.9/site-packages/airflow/example_dags/example_params_trigger_ui.py
[2023-08-14T10:46:48.128+0200] {processor.py:836} INFO - DAG(s) dict_keys(['example_params_trigger_ui']) retrieved from /home/akhilesh/py39/lib/python3.9/site-packages/airflow/example_dags/example_params_trigger_ui.py
[2023-08-14T10:46:48.176+0200] {logging_mixin.py:150} INFO - [2023-08-14T10:46:48.176+0200] {dag.py:2742} INFO - Sync 1 DAGs
[2023-08-14T10:46:48.188+0200] {logging_mixin.py:150} INFO - [2023-08-14T10:46:48.188+0200] {dag.py:3504} INFO - Setting next_dagrun for example_params_trigger_ui to None, run_after=None
[2023-08-14T10:46:48.207+0200] {processor.py:179} INFO - Processing /home/akhilesh/py39/lib/python3.9/site-packages/airflow/example_dags/example_params_trigger_ui.py took 0.112 seconds
[2023-08-14T10:47:34.766+0200] {processor.py:157} INFO - Started process (PID=459042) to work on /home/akhilesh/py39/lib/python3.9/site-packages/airflow/example_dags/example_params_trigger_ui.py
[2023-08-14T10:47:34.773+0200] {processor.py:826} INFO - Processing file /home/akhilesh/py39/lib/python3.9/site-packages/airflow/example_dags/example_params_trigger_ui.py for tasks to queue
[2023-08-14T10:47:34.775+0200] {logging_mixin.py:150} INFO - [2023-08-14T10:47:34.774+0200] {dagbag.py:541} INFO - Filling up the DagBag from /home/akhilesh/py39/lib/python3.9/site-packages/airflow/example_dags/example_params_trigger_ui.py
[2023-08-14T10:47:34.796+0200] {processor.py:836} INFO - DAG(s) dict_keys(['example_params_trigger_ui']) retrieved from /home/akhilesh/py39/lib/python3.9/site-packages/airflow/example_dags/example_params_trigger_ui.py
[2023-08-14T10:47:34.850+0200] {logging_mixin.py:150} INFO - [2023-08-14T10:47:34.850+0200] {dag.py:2742} INFO - Sync 1 DAGs
[2023-08-14T10:47:34.863+0200] {logging_mixin.py:150} INFO - [2023-08-14T10:47:34.863+0200] {dag.py:3504} INFO - Setting next_dagrun for example_params_trigger_ui to None, run_after=None
[2023-08-14T10:47:34.884+0200] {processor.py:179} INFO - Processing /home/akhilesh/py39/lib/python3.9/site-packages/airflow/example_dags/example_params_trigger_ui.py took 0.122 seconds
[2023-08-14T10:48:29.726+0200] {processor.py:157} INFO - Started process (PID=459225) to work on /home/akhilesh/py39/lib/python3.9/site-packages/airflow/example_dags/example_params_trigger_ui.py
[2023-08-14T10:48:29.735+0200] {processor.py:826} INFO - Processing file /home/akhilesh/py39/lib/python3.9/site-packages/airflow/example_dags/example_params_trigger_ui.py for tasks to queue
[2023-08-14T10:48:29.736+0200] {logging_mixin.py:150} INFO - [2023-08-14T10:48:29.736+0200] {dagbag.py:541} INFO - Filling up the DagBag from /home/akhilesh/py39/lib/python3.9/site-packages/airflow/example_dags/example_params_trigger_ui.py
[2023-08-14T10:48:29.757+0200] {processor.py:836} INFO - DAG(s) dict_keys(['example_params_trigger_ui']) retrieved from /home/akhilesh/py39/lib/python3.9/site-packages/airflow/example_dags/example_params_trigger_ui.py
[2023-08-14T10:48:29.808+0200] {logging_mixin.py:150} INFO - [2023-08-14T10:48:29.808+0200] {dag.py:2742} INFO - Sync 1 DAGs
[2023-08-14T10:48:29.823+0200] {logging_mixin.py:150} INFO - [2023-08-14T10:48:29.822+0200] {dag.py:3504} INFO - Setting next_dagrun for example_params_trigger_ui to None, run_after=None
[2023-08-14T10:48:29.849+0200] {processor.py:179} INFO - Processing /home/akhilesh/py39/lib/python3.9/site-packages/airflow/example_dags/example_params_trigger_ui.py took 0.127 seconds
[2023-08-14T10:49:23.361+0200] {processor.py:157} INFO - Started process (PID=459404) to work on /home/akhilesh/py39/lib/python3.9/site-packages/airflow/example_dags/example_params_trigger_ui.py
[2023-08-14T10:49:23.370+0200] {processor.py:826} INFO - Processing file /home/akhilesh/py39/lib/python3.9/site-packages/airflow/example_dags/example_params_trigger_ui.py for tasks to queue
[2023-08-14T10:49:23.371+0200] {logging_mixin.py:150} INFO - [2023-08-14T10:49:23.371+0200] {dagbag.py:541} INFO - Filling up the DagBag from /home/akhilesh/py39/lib/python3.9/site-packages/airflow/example_dags/example_params_trigger_ui.py
[2023-08-14T10:49:23.392+0200] {processor.py:836} INFO - DAG(s) dict_keys(['example_params_trigger_ui']) retrieved from /home/akhilesh/py39/lib/python3.9/site-packages/airflow/example_dags/example_params_trigger_ui.py
[2023-08-14T10:49:23.438+0200] {logging_mixin.py:150} INFO - [2023-08-14T10:49:23.438+0200] {dag.py:2742} INFO - Sync 1 DAGs
[2023-08-14T10:49:23.449+0200] {logging_mixin.py:150} INFO - [2023-08-14T10:49:23.449+0200] {dag.py:3504} INFO - Setting next_dagrun for example_params_trigger_ui to None, run_after=None
[2023-08-14T10:49:23.475+0200] {processor.py:179} INFO - Processing /home/akhilesh/py39/lib/python3.9/site-packages/airflow/example_dags/example_params_trigger_ui.py took 0.119 seconds
[2023-08-14T10:50:13.521+0200] {processor.py:157} INFO - Started process (PID=459564) to work on /home/akhilesh/py39/lib/python3.9/site-packages/airflow/example_dags/example_params_trigger_ui.py
[2023-08-14T10:50:13.522+0200] {processor.py:826} INFO - Processing file /home/akhilesh/py39/lib/python3.9/site-packages/airflow/example_dags/example_params_trigger_ui.py for tasks to queue
[2023-08-14T10:50:13.523+0200] {logging_mixin.py:150} INFO - [2023-08-14T10:50:13.523+0200] {dagbag.py:541} INFO - Filling up the DagBag from /home/akhilesh/py39/lib/python3.9/site-packages/airflow/example_dags/example_params_trigger_ui.py
[2023-08-14T10:50:13.541+0200] {processor.py:836} INFO - DAG(s) dict_keys(['example_params_trigger_ui']) retrieved from /home/akhilesh/py39/lib/python3.9/site-packages/airflow/example_dags/example_params_trigger_ui.py
[2023-08-14T10:50:13.595+0200] {logging_mixin.py:150} INFO - [2023-08-14T10:50:13.595+0200] {dag.py:2742} INFO - Sync 1 DAGs
[2023-08-14T10:50:13.606+0200] {logging_mixin.py:150} INFO - [2023-08-14T10:50:13.606+0200] {dag.py:3504} INFO - Setting next_dagrun for example_params_trigger_ui to None, run_after=None
[2023-08-14T10:50:13.624+0200] {processor.py:179} INFO - Processing /home/akhilesh/py39/lib/python3.9/site-packages/airflow/example_dags/example_params_trigger_ui.py took 0.108 seconds
[2023-08-14T10:51:05.256+0200] {processor.py:157} INFO - Started process (PID=459773) to work on /home/akhilesh/py39/lib/python3.9/site-packages/airflow/example_dags/example_params_trigger_ui.py
[2023-08-14T10:51:05.265+0200] {processor.py:826} INFO - Processing file /home/akhilesh/py39/lib/python3.9/site-packages/airflow/example_dags/example_params_trigger_ui.py for tasks to queue
[2023-08-14T10:51:05.267+0200] {logging_mixin.py:150} INFO - [2023-08-14T10:51:05.266+0200] {dagbag.py:541} INFO - Filling up the DagBag from /home/akhilesh/py39/lib/python3.9/site-packages/airflow/example_dags/example_params_trigger_ui.py
[2023-08-14T10:51:05.287+0200] {processor.py:836} INFO - DAG(s) dict_keys(['example_params_trigger_ui']) retrieved from /home/akhilesh/py39/lib/python3.9/site-packages/airflow/example_dags/example_params_trigger_ui.py
[2023-08-14T10:51:05.350+0200] {logging_mixin.py:150} INFO - [2023-08-14T10:51:05.350+0200] {dag.py:2742} INFO - Sync 1 DAGs
[2023-08-14T10:51:05.363+0200] {logging_mixin.py:150} INFO - [2023-08-14T10:51:05.363+0200] {dag.py:3504} INFO - Setting next_dagrun for example_params_trigger_ui to None, run_after=None
[2023-08-14T10:51:05.399+0200] {processor.py:179} INFO - Processing /home/akhilesh/py39/lib/python3.9/site-packages/airflow/example_dags/example_params_trigger_ui.py took 0.147 seconds
[2023-08-14T10:51:53.350+0200] {processor.py:157} INFO - Started process (PID=459900) to work on /home/akhilesh/py39/lib/python3.9/site-packages/airflow/example_dags/example_params_trigger_ui.py
[2023-08-14T10:51:53.351+0200] {processor.py:826} INFO - Processing file /home/akhilesh/py39/lib/python3.9/site-packages/airflow/example_dags/example_params_trigger_ui.py for tasks to queue
[2023-08-14T10:51:53.352+0200] {logging_mixin.py:150} INFO - [2023-08-14T10:51:53.352+0200] {dagbag.py:541} INFO - Filling up the DagBag from /home/akhilesh/py39/lib/python3.9/site-packages/airflow/example_dags/example_params_trigger_ui.py
[2023-08-14T10:51:53.369+0200] {processor.py:836} INFO - DAG(s) dict_keys(['example_params_trigger_ui']) retrieved from /home/akhilesh/py39/lib/python3.9/site-packages/airflow/example_dags/example_params_trigger_ui.py
[2023-08-14T10:51:53.418+0200] {logging_mixin.py:150} INFO - [2023-08-14T10:51:53.418+0200] {dag.py:2742} INFO - Sync 1 DAGs
[2023-08-14T10:51:53.431+0200] {logging_mixin.py:150} INFO - [2023-08-14T10:51:53.431+0200] {dag.py:3504} INFO - Setting next_dagrun for example_params_trigger_ui to None, run_after=None
[2023-08-14T10:51:53.451+0200] {processor.py:179} INFO - Processing /home/akhilesh/py39/lib/python3.9/site-packages/airflow/example_dags/example_params_trigger_ui.py took 0.105 seconds
[2023-08-14T10:52:44.303+0200] {processor.py:157} INFO - Started process (PID=460026) to work on /home/akhilesh/py39/lib/python3.9/site-packages/airflow/example_dags/example_params_trigger_ui.py
[2023-08-14T10:52:44.312+0200] {processor.py:826} INFO - Processing file /home/akhilesh/py39/lib/python3.9/site-packages/airflow/example_dags/example_params_trigger_ui.py for tasks to queue
[2023-08-14T10:52:44.313+0200] {logging_mixin.py:150} INFO - [2023-08-14T10:52:44.313+0200] {dagbag.py:541} INFO - Filling up the DagBag from /home/akhilesh/py39/lib/python3.9/site-packages/airflow/example_dags/example_params_trigger_ui.py
[2023-08-14T10:52:44.333+0200] {processor.py:836} INFO - DAG(s) dict_keys(['example_params_trigger_ui']) retrieved from /home/akhilesh/py39/lib/python3.9/site-packages/airflow/example_dags/example_params_trigger_ui.py
[2023-08-14T10:52:44.383+0200] {logging_mixin.py:150} INFO - [2023-08-14T10:52:44.382+0200] {dag.py:2742} INFO - Sync 1 DAGs
[2023-08-14T10:52:44.397+0200] {logging_mixin.py:150} INFO - [2023-08-14T10:52:44.397+0200] {dag.py:3504} INFO - Setting next_dagrun for example_params_trigger_ui to None, run_after=None
[2023-08-14T10:52:44.433+0200] {processor.py:179} INFO - Processing /home/akhilesh/py39/lib/python3.9/site-packages/airflow/example_dags/example_params_trigger_ui.py took 0.134 seconds
[2023-08-14T10:53:34.888+0200] {processor.py:157} INFO - Started process (PID=460256) to work on /home/akhilesh/py39/lib/python3.9/site-packages/airflow/example_dags/example_params_trigger_ui.py
[2023-08-14T10:53:34.897+0200] {processor.py:826} INFO - Processing file /home/akhilesh/py39/lib/python3.9/site-packages/airflow/example_dags/example_params_trigger_ui.py for tasks to queue
[2023-08-14T10:53:34.898+0200] {logging_mixin.py:150} INFO - [2023-08-14T10:53:34.898+0200] {dagbag.py:541} INFO - Filling up the DagBag from /home/akhilesh/py39/lib/python3.9/site-packages/airflow/example_dags/example_params_trigger_ui.py
[2023-08-14T10:53:34.920+0200] {processor.py:836} INFO - DAG(s) dict_keys(['example_params_trigger_ui']) retrieved from /home/akhilesh/py39/lib/python3.9/site-packages/airflow/example_dags/example_params_trigger_ui.py
[2023-08-14T10:53:34.968+0200] {logging_mixin.py:150} INFO - [2023-08-14T10:53:34.967+0200] {dag.py:2742} INFO - Sync 1 DAGs
[2023-08-14T10:53:34.981+0200] {logging_mixin.py:150} INFO - [2023-08-14T10:53:34.981+0200] {dag.py:3504} INFO - Setting next_dagrun for example_params_trigger_ui to None, run_after=None
[2023-08-14T10:53:35.001+0200] {processor.py:179} INFO - Processing /home/akhilesh/py39/lib/python3.9/site-packages/airflow/example_dags/example_params_trigger_ui.py took 0.117 seconds
[2023-08-14T10:54:27.675+0200] {processor.py:157} INFO - Started process (PID=460419) to work on /home/akhilesh/py39/lib/python3.9/site-packages/airflow/example_dags/example_params_trigger_ui.py
[2023-08-14T10:54:27.676+0200] {processor.py:826} INFO - Processing file /home/akhilesh/py39/lib/python3.9/site-packages/airflow/example_dags/example_params_trigger_ui.py for tasks to queue
[2023-08-14T10:54:27.677+0200] {logging_mixin.py:150} INFO - [2023-08-14T10:54:27.677+0200] {dagbag.py:541} INFO - Filling up the DagBag from /home/akhilesh/py39/lib/python3.9/site-packages/airflow/example_dags/example_params_trigger_ui.py
[2023-08-14T10:54:27.695+0200] {processor.py:836} INFO - DAG(s) dict_keys(['example_params_trigger_ui']) retrieved from /home/akhilesh/py39/lib/python3.9/site-packages/airflow/example_dags/example_params_trigger_ui.py
[2023-08-14T10:54:27.743+0200] {logging_mixin.py:150} INFO - [2023-08-14T10:54:27.743+0200] {dag.py:2742} INFO - Sync 1 DAGs
[2023-08-14T10:54:27.755+0200] {logging_mixin.py:150} INFO - [2023-08-14T10:54:27.755+0200] {dag.py:3504} INFO - Setting next_dagrun for example_params_trigger_ui to None, run_after=None
[2023-08-14T10:54:27.773+0200] {processor.py:179} INFO - Processing /home/akhilesh/py39/lib/python3.9/site-packages/airflow/example_dags/example_params_trigger_ui.py took 0.102 seconds
[2023-08-14T10:55:18.263+0200] {processor.py:157} INFO - Started process (PID=460586) to work on /home/akhilesh/py39/lib/python3.9/site-packages/airflow/example_dags/example_params_trigger_ui.py
[2023-08-14T10:55:18.272+0200] {processor.py:826} INFO - Processing file /home/akhilesh/py39/lib/python3.9/site-packages/airflow/example_dags/example_params_trigger_ui.py for tasks to queue
[2023-08-14T10:55:18.273+0200] {logging_mixin.py:150} INFO - [2023-08-14T10:55:18.273+0200] {dagbag.py:541} INFO - Filling up the DagBag from /home/akhilesh/py39/lib/python3.9/site-packages/airflow/example_dags/example_params_trigger_ui.py
[2023-08-14T10:55:18.292+0200] {processor.py:836} INFO - DAG(s) dict_keys(['example_params_trigger_ui']) retrieved from /home/akhilesh/py39/lib/python3.9/site-packages/airflow/example_dags/example_params_trigger_ui.py
[2023-08-14T10:55:18.353+0200] {logging_mixin.py:150} INFO - [2023-08-14T10:55:18.352+0200] {dag.py:2742} INFO - Sync 1 DAGs
[2023-08-14T10:55:18.365+0200] {logging_mixin.py:150} INFO - [2023-08-14T10:55:18.365+0200] {dag.py:3504} INFO - Setting next_dagrun for example_params_trigger_ui to None, run_after=None
[2023-08-14T10:55:18.384+0200] {processor.py:179} INFO - Processing /home/akhilesh/py39/lib/python3.9/site-packages/airflow/example_dags/example_params_trigger_ui.py took 0.126 seconds
[2023-08-14T10:56:07.213+0200] {processor.py:157} INFO - Started process (PID=460721) to work on /home/akhilesh/py39/lib/python3.9/site-packages/airflow/example_dags/example_params_trigger_ui.py
[2023-08-14T10:56:07.222+0200] {processor.py:826} INFO - Processing file /home/akhilesh/py39/lib/python3.9/site-packages/airflow/example_dags/example_params_trigger_ui.py for tasks to queue
[2023-08-14T10:56:07.223+0200] {logging_mixin.py:150} INFO - [2023-08-14T10:56:07.223+0200] {dagbag.py:541} INFO - Filling up the DagBag from /home/akhilesh/py39/lib/python3.9/site-packages/airflow/example_dags/example_params_trigger_ui.py
[2023-08-14T10:56:07.243+0200] {processor.py:836} INFO - DAG(s) dict_keys(['example_params_trigger_ui']) retrieved from /home/akhilesh/py39/lib/python3.9/site-packages/airflow/example_dags/example_params_trigger_ui.py
[2023-08-14T10:56:07.293+0200] {logging_mixin.py:150} INFO - [2023-08-14T10:56:07.293+0200] {dag.py:2742} INFO - Sync 1 DAGs
[2023-08-14T10:56:07.306+0200] {logging_mixin.py:150} INFO - [2023-08-14T10:56:07.305+0200] {dag.py:3504} INFO - Setting next_dagrun for example_params_trigger_ui to None, run_after=None
[2023-08-14T10:56:07.328+0200] {processor.py:179} INFO - Processing /home/akhilesh/py39/lib/python3.9/site-packages/airflow/example_dags/example_params_trigger_ui.py took 0.120 seconds
[2023-08-14T10:56:56.411+0200] {processor.py:157} INFO - Started process (PID=460944) to work on /home/akhilesh/py39/lib/python3.9/site-packages/airflow/example_dags/example_params_trigger_ui.py
[2023-08-14T10:56:56.420+0200] {processor.py:826} INFO - Processing file /home/akhilesh/py39/lib/python3.9/site-packages/airflow/example_dags/example_params_trigger_ui.py for tasks to queue
[2023-08-14T10:56:56.421+0200] {logging_mixin.py:150} INFO - [2023-08-14T10:56:56.421+0200] {dagbag.py:541} INFO - Filling up the DagBag from /home/akhilesh/py39/lib/python3.9/site-packages/airflow/example_dags/example_params_trigger_ui.py
[2023-08-14T10:56:56.444+0200] {processor.py:836} INFO - DAG(s) dict_keys(['example_params_trigger_ui']) retrieved from /home/akhilesh/py39/lib/python3.9/site-packages/airflow/example_dags/example_params_trigger_ui.py
[2023-08-14T10:56:56.492+0200] {logging_mixin.py:150} INFO - [2023-08-14T10:56:56.492+0200] {dag.py:2742} INFO - Sync 1 DAGs
[2023-08-14T10:56:56.504+0200] {logging_mixin.py:150} INFO - [2023-08-14T10:56:56.504+0200] {dag.py:3504} INFO - Setting next_dagrun for example_params_trigger_ui to None, run_after=None
[2023-08-14T10:56:56.522+0200] {processor.py:179} INFO - Processing /home/akhilesh/py39/lib/python3.9/site-packages/airflow/example_dags/example_params_trigger_ui.py took 0.115 seconds
[2023-08-14T10:57:45.565+0200] {processor.py:157} INFO - Started process (PID=461139) to work on /home/akhilesh/py39/lib/python3.9/site-packages/airflow/example_dags/example_params_trigger_ui.py
[2023-08-14T10:57:45.567+0200] {processor.py:826} INFO - Processing file /home/akhilesh/py39/lib/python3.9/site-packages/airflow/example_dags/example_params_trigger_ui.py for tasks to queue
[2023-08-14T10:57:45.568+0200] {logging_mixin.py:150} INFO - [2023-08-14T10:57:45.568+0200] {dagbag.py:541} INFO - Filling up the DagBag from /home/akhilesh/py39/lib/python3.9/site-packages/airflow/example_dags/example_params_trigger_ui.py
[2023-08-14T10:57:45.594+0200] {processor.py:836} INFO - DAG(s) dict_keys(['example_params_trigger_ui']) retrieved from /home/akhilesh/py39/lib/python3.9/site-packages/airflow/example_dags/example_params_trigger_ui.py
[2023-08-14T10:57:45.657+0200] {logging_mixin.py:150} INFO - [2023-08-14T10:57:45.657+0200] {dag.py:2742} INFO - Sync 1 DAGs
[2023-08-14T10:57:45.673+0200] {logging_mixin.py:150} INFO - [2023-08-14T10:57:45.673+0200] {dag.py:3504} INFO - Setting next_dagrun for example_params_trigger_ui to None, run_after=None
[2023-08-14T10:57:45.694+0200] {processor.py:179} INFO - Processing /home/akhilesh/py39/lib/python3.9/site-packages/airflow/example_dags/example_params_trigger_ui.py took 0.132 seconds
[2023-08-14T10:58:29.514+0200] {processor.py:157} INFO - Started process (PID=461306) to work on /home/akhilesh/py39/lib/python3.9/site-packages/airflow/example_dags/example_params_trigger_ui.py
[2023-08-14T10:58:29.515+0200] {processor.py:826} INFO - Processing file /home/akhilesh/py39/lib/python3.9/site-packages/airflow/example_dags/example_params_trigger_ui.py for tasks to queue
[2023-08-14T10:58:29.516+0200] {logging_mixin.py:150} INFO - [2023-08-14T10:58:29.516+0200] {dagbag.py:541} INFO - Filling up the DagBag from /home/akhilesh/py39/lib/python3.9/site-packages/airflow/example_dags/example_params_trigger_ui.py
[2023-08-14T10:58:29.535+0200] {processor.py:836} INFO - DAG(s) dict_keys(['example_params_trigger_ui']) retrieved from /home/akhilesh/py39/lib/python3.9/site-packages/airflow/example_dags/example_params_trigger_ui.py
[2023-08-14T10:58:29.585+0200] {logging_mixin.py:150} INFO - [2023-08-14T10:58:29.584+0200] {dag.py:2742} INFO - Sync 1 DAGs
[2023-08-14T10:58:29.597+0200] {logging_mixin.py:150} INFO - [2023-08-14T10:58:29.597+0200] {dag.py:3504} INFO - Setting next_dagrun for example_params_trigger_ui to None, run_after=None
[2023-08-14T10:58:29.620+0200] {processor.py:179} INFO - Processing /home/akhilesh/py39/lib/python3.9/site-packages/airflow/example_dags/example_params_trigger_ui.py took 0.110 seconds
[2023-08-14T10:59:19.190+0200] {processor.py:157} INFO - Started process (PID=461456) to work on /home/akhilesh/py39/lib/python3.9/site-packages/airflow/example_dags/example_params_trigger_ui.py
[2023-08-14T10:59:19.199+0200] {processor.py:826} INFO - Processing file /home/akhilesh/py39/lib/python3.9/site-packages/airflow/example_dags/example_params_trigger_ui.py for tasks to queue
[2023-08-14T10:59:19.200+0200] {logging_mixin.py:150} INFO - [2023-08-14T10:59:19.200+0200] {dagbag.py:541} INFO - Filling up the DagBag from /home/akhilesh/py39/lib/python3.9/site-packages/airflow/example_dags/example_params_trigger_ui.py
[2023-08-14T10:59:19.221+0200] {processor.py:836} INFO - DAG(s) dict_keys(['example_params_trigger_ui']) retrieved from /home/akhilesh/py39/lib/python3.9/site-packages/airflow/example_dags/example_params_trigger_ui.py
[2023-08-14T10:59:19.268+0200] {logging_mixin.py:150} INFO - [2023-08-14T10:59:19.268+0200] {dag.py:2742} INFO - Sync 1 DAGs
[2023-08-14T10:59:19.282+0200] {logging_mixin.py:150} INFO - [2023-08-14T10:59:19.281+0200] {dag.py:3504} INFO - Setting next_dagrun for example_params_trigger_ui to None, run_after=None
[2023-08-14T10:59:19.306+0200] {processor.py:179} INFO - Processing /home/akhilesh/py39/lib/python3.9/site-packages/airflow/example_dags/example_params_trigger_ui.py took 0.120 seconds
[2023-08-14T11:00:06.371+0200] {processor.py:157} INFO - Started process (PID=461628) to work on /home/akhilesh/py39/lib/python3.9/site-packages/airflow/example_dags/example_params_trigger_ui.py
[2023-08-14T11:00:06.373+0200] {processor.py:826} INFO - Processing file /home/akhilesh/py39/lib/python3.9/site-packages/airflow/example_dags/example_params_trigger_ui.py for tasks to queue
[2023-08-14T11:00:06.374+0200] {logging_mixin.py:150} INFO - [2023-08-14T11:00:06.374+0200] {dagbag.py:541} INFO - Filling up the DagBag from /home/akhilesh/py39/lib/python3.9/site-packages/airflow/example_dags/example_params_trigger_ui.py
[2023-08-14T11:00:06.394+0200] {processor.py:836} INFO - DAG(s) dict_keys(['example_params_trigger_ui']) retrieved from /home/akhilesh/py39/lib/python3.9/site-packages/airflow/example_dags/example_params_trigger_ui.py
[2023-08-14T11:00:06.443+0200] {logging_mixin.py:150} INFO - [2023-08-14T11:00:06.443+0200] {dag.py:2742} INFO - Sync 1 DAGs
[2023-08-14T11:00:06.454+0200] {logging_mixin.py:150} INFO - [2023-08-14T11:00:06.454+0200] {dag.py:3504} INFO - Setting next_dagrun for example_params_trigger_ui to None, run_after=None
[2023-08-14T11:00:06.475+0200] {processor.py:179} INFO - Processing /home/akhilesh/py39/lib/python3.9/site-packages/airflow/example_dags/example_params_trigger_ui.py took 0.108 seconds
[2023-08-14T11:00:56.561+0200] {processor.py:157} INFO - Started process (PID=461750) to work on /home/akhilesh/py39/lib/python3.9/site-packages/airflow/example_dags/example_params_trigger_ui.py
[2023-08-14T11:00:56.570+0200] {processor.py:826} INFO - Processing file /home/akhilesh/py39/lib/python3.9/site-packages/airflow/example_dags/example_params_trigger_ui.py for tasks to queue
[2023-08-14T11:00:56.571+0200] {logging_mixin.py:150} INFO - [2023-08-14T11:00:56.571+0200] {dagbag.py:541} INFO - Filling up the DagBag from /home/akhilesh/py39/lib/python3.9/site-packages/airflow/example_dags/example_params_trigger_ui.py
[2023-08-14T11:00:56.589+0200] {processor.py:836} INFO - DAG(s) dict_keys(['example_params_trigger_ui']) retrieved from /home/akhilesh/py39/lib/python3.9/site-packages/airflow/example_dags/example_params_trigger_ui.py
[2023-08-14T11:00:56.638+0200] {logging_mixin.py:150} INFO - [2023-08-14T11:00:56.637+0200] {dag.py:2742} INFO - Sync 1 DAGs
[2023-08-14T11:00:56.650+0200] {logging_mixin.py:150} INFO - [2023-08-14T11:00:56.650+0200] {dag.py:3504} INFO - Setting next_dagrun for example_params_trigger_ui to None, run_after=None
[2023-08-14T11:00:56.678+0200] {processor.py:179} INFO - Processing /home/akhilesh/py39/lib/python3.9/site-packages/airflow/example_dags/example_params_trigger_ui.py took 0.122 seconds
[2023-08-14T11:01:51.995+0200] {processor.py:157} INFO - Started process (PID=461971) to work on /home/akhilesh/py39/lib/python3.9/site-packages/airflow/example_dags/example_params_trigger_ui.py
[2023-08-14T11:01:51.996+0200] {processor.py:826} INFO - Processing file /home/akhilesh/py39/lib/python3.9/site-packages/airflow/example_dags/example_params_trigger_ui.py for tasks to queue
[2023-08-14T11:01:51.997+0200] {logging_mixin.py:150} INFO - [2023-08-14T11:01:51.997+0200] {dagbag.py:541} INFO - Filling up the DagBag from /home/akhilesh/py39/lib/python3.9/site-packages/airflow/example_dags/example_params_trigger_ui.py
[2023-08-14T11:01:52.013+0200] {processor.py:836} INFO - DAG(s) dict_keys(['example_params_trigger_ui']) retrieved from /home/akhilesh/py39/lib/python3.9/site-packages/airflow/example_dags/example_params_trigger_ui.py
[2023-08-14T11:01:52.062+0200] {logging_mixin.py:150} INFO - [2023-08-14T11:01:52.061+0200] {dag.py:2742} INFO - Sync 1 DAGs
[2023-08-14T11:01:52.075+0200] {logging_mixin.py:150} INFO - [2023-08-14T11:01:52.075+0200] {dag.py:3504} INFO - Setting next_dagrun for example_params_trigger_ui to None, run_after=None
[2023-08-14T11:01:52.107+0200] {processor.py:179} INFO - Processing /home/akhilesh/py39/lib/python3.9/site-packages/airflow/example_dags/example_params_trigger_ui.py took 0.117 seconds
[2023-08-14T11:02:45.141+0200] {processor.py:157} INFO - Started process (PID=462136) to work on /home/akhilesh/py39/lib/python3.9/site-packages/airflow/example_dags/example_params_trigger_ui.py
[2023-08-14T11:02:45.150+0200] {processor.py:826} INFO - Processing file /home/akhilesh/py39/lib/python3.9/site-packages/airflow/example_dags/example_params_trigger_ui.py for tasks to queue
[2023-08-14T11:02:45.152+0200] {logging_mixin.py:150} INFO - [2023-08-14T11:02:45.151+0200] {dagbag.py:541} INFO - Filling up the DagBag from /home/akhilesh/py39/lib/python3.9/site-packages/airflow/example_dags/example_params_trigger_ui.py
[2023-08-14T11:02:45.171+0200] {processor.py:836} INFO - DAG(s) dict_keys(['example_params_trigger_ui']) retrieved from /home/akhilesh/py39/lib/python3.9/site-packages/airflow/example_dags/example_params_trigger_ui.py
[2023-08-14T11:02:45.224+0200] {logging_mixin.py:150} INFO - [2023-08-14T11:02:45.224+0200] {dag.py:2742} INFO - Sync 1 DAGs
[2023-08-14T11:02:45.239+0200] {logging_mixin.py:150} INFO - [2023-08-14T11:02:45.239+0200] {dag.py:3504} INFO - Setting next_dagrun for example_params_trigger_ui to None, run_after=None
[2023-08-14T11:02:45.261+0200] {processor.py:179} INFO - Processing /home/akhilesh/py39/lib/python3.9/site-packages/airflow/example_dags/example_params_trigger_ui.py took 0.124 seconds
[2023-08-14T11:03:36.379+0200] {processor.py:157} INFO - Started process (PID=462281) to work on /home/akhilesh/py39/lib/python3.9/site-packages/airflow/example_dags/example_params_trigger_ui.py
[2023-08-14T11:03:36.388+0200] {processor.py:826} INFO - Processing file /home/akhilesh/py39/lib/python3.9/site-packages/airflow/example_dags/example_params_trigger_ui.py for tasks to queue
[2023-08-14T11:03:36.389+0200] {logging_mixin.py:150} INFO - [2023-08-14T11:03:36.389+0200] {dagbag.py:541} INFO - Filling up the DagBag from /home/akhilesh/py39/lib/python3.9/site-packages/airflow/example_dags/example_params_trigger_ui.py
[2023-08-14T11:03:36.409+0200] {processor.py:836} INFO - DAG(s) dict_keys(['example_params_trigger_ui']) retrieved from /home/akhilesh/py39/lib/python3.9/site-packages/airflow/example_dags/example_params_trigger_ui.py
[2023-08-14T11:03:36.457+0200] {logging_mixin.py:150} INFO - [2023-08-14T11:03:36.457+0200] {dag.py:2742} INFO - Sync 1 DAGs
[2023-08-14T11:03:36.470+0200] {logging_mixin.py:150} INFO - [2023-08-14T11:03:36.470+0200] {dag.py:3504} INFO - Setting next_dagrun for example_params_trigger_ui to None, run_after=None
[2023-08-14T11:03:36.492+0200] {processor.py:179} INFO - Processing /home/akhilesh/py39/lib/python3.9/site-packages/airflow/example_dags/example_params_trigger_ui.py took 0.117 seconds
[2023-08-14T11:04:26.024+0200] {processor.py:157} INFO - Started process (PID=462411) to work on /home/akhilesh/py39/lib/python3.9/site-packages/airflow/example_dags/example_params_trigger_ui.py
[2023-08-14T11:04:26.026+0200] {processor.py:826} INFO - Processing file /home/akhilesh/py39/lib/python3.9/site-packages/airflow/example_dags/example_params_trigger_ui.py for tasks to queue
[2023-08-14T11:04:26.027+0200] {logging_mixin.py:150} INFO - [2023-08-14T11:04:26.026+0200] {dagbag.py:541} INFO - Filling up the DagBag from /home/akhilesh/py39/lib/python3.9/site-packages/airflow/example_dags/example_params_trigger_ui.py
[2023-08-14T11:04:26.045+0200] {processor.py:836} INFO - DAG(s) dict_keys(['example_params_trigger_ui']) retrieved from /home/akhilesh/py39/lib/python3.9/site-packages/airflow/example_dags/example_params_trigger_ui.py
[2023-08-14T11:04:26.094+0200] {logging_mixin.py:150} INFO - [2023-08-14T11:04:26.094+0200] {dag.py:2742} INFO - Sync 1 DAGs
[2023-08-14T11:04:26.114+0200] {logging_mixin.py:150} INFO - [2023-08-14T11:04:26.113+0200] {dag.py:3504} INFO - Setting next_dagrun for example_params_trigger_ui to None, run_after=None
[2023-08-14T11:04:26.138+0200] {processor.py:179} INFO - Processing /home/akhilesh/py39/lib/python3.9/site-packages/airflow/example_dags/example_params_trigger_ui.py took 0.118 seconds
[2023-08-14T11:05:19.466+0200] {processor.py:157} INFO - Started process (PID=462548) to work on /home/akhilesh/py39/lib/python3.9/site-packages/airflow/example_dags/example_params_trigger_ui.py
[2023-08-14T11:05:19.476+0200] {processor.py:826} INFO - Processing file /home/akhilesh/py39/lib/python3.9/site-packages/airflow/example_dags/example_params_trigger_ui.py for tasks to queue
[2023-08-14T11:05:19.477+0200] {logging_mixin.py:150} INFO - [2023-08-14T11:05:19.477+0200] {dagbag.py:541} INFO - Filling up the DagBag from /home/akhilesh/py39/lib/python3.9/site-packages/airflow/example_dags/example_params_trigger_ui.py
[2023-08-14T11:05:19.496+0200] {processor.py:836} INFO - DAG(s) dict_keys(['example_params_trigger_ui']) retrieved from /home/akhilesh/py39/lib/python3.9/site-packages/airflow/example_dags/example_params_trigger_ui.py
[2023-08-14T11:05:19.545+0200] {logging_mixin.py:150} INFO - [2023-08-14T11:05:19.545+0200] {dag.py:2742} INFO - Sync 1 DAGs
[2023-08-14T11:05:19.558+0200] {logging_mixin.py:150} INFO - [2023-08-14T11:05:19.558+0200] {dag.py:3504} INFO - Setting next_dagrun for example_params_trigger_ui to None, run_after=None
[2023-08-14T11:05:19.585+0200] {processor.py:179} INFO - Processing /home/akhilesh/py39/lib/python3.9/site-packages/airflow/example_dags/example_params_trigger_ui.py took 0.122 seconds
[2023-08-14T11:06:12.377+0200] {processor.py:157} INFO - Started process (PID=462704) to work on /home/akhilesh/py39/lib/python3.9/site-packages/airflow/example_dags/example_params_trigger_ui.py
[2023-08-14T11:06:12.386+0200] {processor.py:826} INFO - Processing file /home/akhilesh/py39/lib/python3.9/site-packages/airflow/example_dags/example_params_trigger_ui.py for tasks to queue
[2023-08-14T11:06:12.387+0200] {logging_mixin.py:150} INFO - [2023-08-14T11:06:12.387+0200] {dagbag.py:541} INFO - Filling up the DagBag from /home/akhilesh/py39/lib/python3.9/site-packages/airflow/example_dags/example_params_trigger_ui.py
[2023-08-14T11:06:12.409+0200] {processor.py:836} INFO - DAG(s) dict_keys(['example_params_trigger_ui']) retrieved from /home/akhilesh/py39/lib/python3.9/site-packages/airflow/example_dags/example_params_trigger_ui.py
[2023-08-14T11:06:12.470+0200] {logging_mixin.py:150} INFO - [2023-08-14T11:06:12.469+0200] {dag.py:2742} INFO - Sync 1 DAGs
[2023-08-14T11:06:12.491+0200] {logging_mixin.py:150} INFO - [2023-08-14T11:06:12.490+0200] {dag.py:3504} INFO - Setting next_dagrun for example_params_trigger_ui to None, run_after=None
[2023-08-14T11:06:12.528+0200] {processor.py:179} INFO - Processing /home/akhilesh/py39/lib/python3.9/site-packages/airflow/example_dags/example_params_trigger_ui.py took 0.155 seconds
[2023-08-14T11:06:59.297+0200] {processor.py:157} INFO - Started process (PID=462897) to work on /home/akhilesh/py39/lib/python3.9/site-packages/airflow/example_dags/example_params_trigger_ui.py
[2023-08-14T11:06:59.298+0200] {processor.py:826} INFO - Processing file /home/akhilesh/py39/lib/python3.9/site-packages/airflow/example_dags/example_params_trigger_ui.py for tasks to queue
[2023-08-14T11:06:59.300+0200] {logging_mixin.py:150} INFO - [2023-08-14T11:06:59.299+0200] {dagbag.py:541} INFO - Filling up the DagBag from /home/akhilesh/py39/lib/python3.9/site-packages/airflow/example_dags/example_params_trigger_ui.py
[2023-08-14T11:06:59.319+0200] {processor.py:836} INFO - DAG(s) dict_keys(['example_params_trigger_ui']) retrieved from /home/akhilesh/py39/lib/python3.9/site-packages/airflow/example_dags/example_params_trigger_ui.py
[2023-08-14T11:06:59.381+0200] {logging_mixin.py:150} INFO - [2023-08-14T11:06:59.381+0200] {dag.py:2742} INFO - Sync 1 DAGs
[2023-08-14T11:06:59.393+0200] {logging_mixin.py:150} INFO - [2023-08-14T11:06:59.393+0200] {dag.py:3504} INFO - Setting next_dagrun for example_params_trigger_ui to None, run_after=None
[2023-08-14T11:06:59.409+0200] {processor.py:179} INFO - Processing /home/akhilesh/py39/lib/python3.9/site-packages/airflow/example_dags/example_params_trigger_ui.py took 0.116 seconds
[2023-08-14T11:07:53.746+0200] {processor.py:157} INFO - Started process (PID=463067) to work on /home/akhilesh/py39/lib/python3.9/site-packages/airflow/example_dags/example_params_trigger_ui.py
[2023-08-14T11:07:53.755+0200] {processor.py:826} INFO - Processing file /home/akhilesh/py39/lib/python3.9/site-packages/airflow/example_dags/example_params_trigger_ui.py for tasks to queue
[2023-08-14T11:07:53.757+0200] {logging_mixin.py:150} INFO - [2023-08-14T11:07:53.756+0200] {dagbag.py:541} INFO - Filling up the DagBag from /home/akhilesh/py39/lib/python3.9/site-packages/airflow/example_dags/example_params_trigger_ui.py
[2023-08-14T11:07:53.776+0200] {processor.py:836} INFO - DAG(s) dict_keys(['example_params_trigger_ui']) retrieved from /home/akhilesh/py39/lib/python3.9/site-packages/airflow/example_dags/example_params_trigger_ui.py
[2023-08-14T11:07:53.826+0200] {logging_mixin.py:150} INFO - [2023-08-14T11:07:53.825+0200] {dag.py:2742} INFO - Sync 1 DAGs
[2023-08-14T11:07:53.840+0200] {logging_mixin.py:150} INFO - [2023-08-14T11:07:53.839+0200] {dag.py:3504} INFO - Setting next_dagrun for example_params_trigger_ui to None, run_after=None
[2023-08-14T11:07:53.865+0200] {processor.py:179} INFO - Processing /home/akhilesh/py39/lib/python3.9/site-packages/airflow/example_dags/example_params_trigger_ui.py took 0.123 seconds
[2023-08-14T11:08:42.859+0200] {processor.py:157} INFO - Started process (PID=463232) to work on /home/akhilesh/py39/lib/python3.9/site-packages/airflow/example_dags/example_params_trigger_ui.py
[2023-08-14T11:08:42.868+0200] {processor.py:826} INFO - Processing file /home/akhilesh/py39/lib/python3.9/site-packages/airflow/example_dags/example_params_trigger_ui.py for tasks to queue
[2023-08-14T11:08:42.869+0200] {logging_mixin.py:150} INFO - [2023-08-14T11:08:42.869+0200] {dagbag.py:541} INFO - Filling up the DagBag from /home/akhilesh/py39/lib/python3.9/site-packages/airflow/example_dags/example_params_trigger_ui.py
[2023-08-14T11:08:42.890+0200] {processor.py:836} INFO - DAG(s) dict_keys(['example_params_trigger_ui']) retrieved from /home/akhilesh/py39/lib/python3.9/site-packages/airflow/example_dags/example_params_trigger_ui.py
[2023-08-14T11:08:42.943+0200] {logging_mixin.py:150} INFO - [2023-08-14T11:08:42.943+0200] {dag.py:2742} INFO - Sync 1 DAGs
[2023-08-14T11:08:42.963+0200] {logging_mixin.py:150} INFO - [2023-08-14T11:08:42.963+0200] {dag.py:3504} INFO - Setting next_dagrun for example_params_trigger_ui to None, run_after=None
[2023-08-14T11:08:42.987+0200] {processor.py:179} INFO - Processing /home/akhilesh/py39/lib/python3.9/site-packages/airflow/example_dags/example_params_trigger_ui.py took 0.132 seconds
[2023-08-14T11:10:51.023+0200] {processor.py:157} INFO - Started process (PID=463658) to work on /home/akhilesh/py39/lib/python3.9/site-packages/airflow/example_dags/example_params_trigger_ui.py
[2023-08-14T11:10:51.024+0200] {processor.py:826} INFO - Processing file /home/akhilesh/py39/lib/python3.9/site-packages/airflow/example_dags/example_params_trigger_ui.py for tasks to queue
[2023-08-14T11:10:51.025+0200] {logging_mixin.py:150} INFO - [2023-08-14T11:10:51.025+0200] {dagbag.py:541} INFO - Filling up the DagBag from /home/akhilesh/py39/lib/python3.9/site-packages/airflow/example_dags/example_params_trigger_ui.py
[2023-08-14T11:10:51.041+0200] {processor.py:836} INFO - DAG(s) dict_keys(['example_params_trigger_ui']) retrieved from /home/akhilesh/py39/lib/python3.9/site-packages/airflow/example_dags/example_params_trigger_ui.py
[2023-08-14T11:10:51.085+0200] {logging_mixin.py:150} INFO - [2023-08-14T11:10:51.085+0200] {dag.py:2742} INFO - Sync 1 DAGs
[2023-08-14T11:10:51.096+0200] {logging_mixin.py:150} INFO - [2023-08-14T11:10:51.096+0200] {dag.py:3504} INFO - Setting next_dagrun for example_params_trigger_ui to None, run_after=None
[2023-08-14T11:10:51.120+0200] {processor.py:179} INFO - Processing /home/akhilesh/py39/lib/python3.9/site-packages/airflow/example_dags/example_params_trigger_ui.py took 0.100 seconds
[2023-08-14T11:11:54.544+0200] {processor.py:157} INFO - Started process (PID=464011) to work on /home/akhilesh/py39/lib/python3.9/site-packages/airflow/example_dags/example_params_trigger_ui.py
[2023-08-14T11:11:54.553+0200] {processor.py:826} INFO - Processing file /home/akhilesh/py39/lib/python3.9/site-packages/airflow/example_dags/example_params_trigger_ui.py for tasks to queue
[2023-08-14T11:11:54.555+0200] {logging_mixin.py:150} INFO - [2023-08-14T11:11:54.554+0200] {dagbag.py:541} INFO - Filling up the DagBag from /home/akhilesh/py39/lib/python3.9/site-packages/airflow/example_dags/example_params_trigger_ui.py
[2023-08-14T11:11:54.578+0200] {processor.py:836} INFO - DAG(s) dict_keys(['example_params_trigger_ui']) retrieved from /home/akhilesh/py39/lib/python3.9/site-packages/airflow/example_dags/example_params_trigger_ui.py
[2023-08-14T11:11:54.623+0200] {logging_mixin.py:150} INFO - [2023-08-14T11:11:54.623+0200] {dag.py:2742} INFO - Sync 1 DAGs
[2023-08-14T11:11:54.635+0200] {logging_mixin.py:150} INFO - [2023-08-14T11:11:54.635+0200] {dag.py:3504} INFO - Setting next_dagrun for example_params_trigger_ui to None, run_after=None
[2023-08-14T11:11:54.657+0200] {processor.py:179} INFO - Processing /home/akhilesh/py39/lib/python3.9/site-packages/airflow/example_dags/example_params_trigger_ui.py took 0.116 seconds
[2023-08-14T11:12:41.116+0200] {processor.py:157} INFO - Started process (PID=464164) to work on /home/akhilesh/py39/lib/python3.9/site-packages/airflow/example_dags/example_params_trigger_ui.py
[2023-08-14T11:12:41.125+0200] {processor.py:826} INFO - Processing file /home/akhilesh/py39/lib/python3.9/site-packages/airflow/example_dags/example_params_trigger_ui.py for tasks to queue
[2023-08-14T11:12:41.126+0200] {logging_mixin.py:150} INFO - [2023-08-14T11:12:41.126+0200] {dagbag.py:541} INFO - Filling up the DagBag from /home/akhilesh/py39/lib/python3.9/site-packages/airflow/example_dags/example_params_trigger_ui.py
[2023-08-14T11:12:41.147+0200] {processor.py:836} INFO - DAG(s) dict_keys(['example_params_trigger_ui']) retrieved from /home/akhilesh/py39/lib/python3.9/site-packages/airflow/example_dags/example_params_trigger_ui.py
[2023-08-14T11:12:41.196+0200] {logging_mixin.py:150} INFO - [2023-08-14T11:12:41.196+0200] {dag.py:2742} INFO - Sync 1 DAGs
[2023-08-14T11:12:41.211+0200] {logging_mixin.py:150} INFO - [2023-08-14T11:12:41.211+0200] {dag.py:3504} INFO - Setting next_dagrun for example_params_trigger_ui to None, run_after=None
[2023-08-14T11:12:41.237+0200] {processor.py:179} INFO - Processing /home/akhilesh/py39/lib/python3.9/site-packages/airflow/example_dags/example_params_trigger_ui.py took 0.125 seconds
[2023-08-14T11:13:43.661+0200] {processor.py:157} INFO - Started process (PID=464532) to work on /home/akhilesh/py39/lib/python3.9/site-packages/airflow/example_dags/example_params_trigger_ui.py
[2023-08-14T11:13:43.670+0200] {processor.py:826} INFO - Processing file /home/akhilesh/py39/lib/python3.9/site-packages/airflow/example_dags/example_params_trigger_ui.py for tasks to queue
[2023-08-14T11:13:43.671+0200] {logging_mixin.py:150} INFO - [2023-08-14T11:13:43.671+0200] {dagbag.py:541} INFO - Filling up the DagBag from /home/akhilesh/py39/lib/python3.9/site-packages/airflow/example_dags/example_params_trigger_ui.py
[2023-08-14T11:13:43.694+0200] {processor.py:836} INFO - DAG(s) dict_keys(['example_params_trigger_ui']) retrieved from /home/akhilesh/py39/lib/python3.9/site-packages/airflow/example_dags/example_params_trigger_ui.py
[2023-08-14T11:13:43.740+0200] {logging_mixin.py:150} INFO - [2023-08-14T11:13:43.740+0200] {dag.py:2742} INFO - Sync 1 DAGs
[2023-08-14T11:13:43.752+0200] {logging_mixin.py:150} INFO - [2023-08-14T11:13:43.751+0200] {dag.py:3504} INFO - Setting next_dagrun for example_params_trigger_ui to None, run_after=None
[2023-08-14T11:13:43.771+0200] {processor.py:179} INFO - Processing /home/akhilesh/py39/lib/python3.9/site-packages/airflow/example_dags/example_params_trigger_ui.py took 0.114 seconds
[2023-08-14T11:15:20.524+0200] {processor.py:157} INFO - Started process (PID=464843) to work on /home/akhilesh/py39/lib/python3.9/site-packages/airflow/example_dags/example_params_trigger_ui.py
[2023-08-14T11:15:20.533+0200] {processor.py:826} INFO - Processing file /home/akhilesh/py39/lib/python3.9/site-packages/airflow/example_dags/example_params_trigger_ui.py for tasks to queue
[2023-08-14T11:15:20.534+0200] {logging_mixin.py:150} INFO - [2023-08-14T11:15:20.534+0200] {dagbag.py:541} INFO - Filling up the DagBag from /home/akhilesh/py39/lib/python3.9/site-packages/airflow/example_dags/example_params_trigger_ui.py
[2023-08-14T11:15:20.556+0200] {processor.py:836} INFO - DAG(s) dict_keys(['example_params_trigger_ui']) retrieved from /home/akhilesh/py39/lib/python3.9/site-packages/airflow/example_dags/example_params_trigger_ui.py
[2023-08-14T11:15:20.601+0200] {logging_mixin.py:150} INFO - [2023-08-14T11:15:20.601+0200] {dag.py:2742} INFO - Sync 1 DAGs
[2023-08-14T11:15:20.611+0200] {logging_mixin.py:150} INFO - [2023-08-14T11:15:20.611+0200] {dag.py:3504} INFO - Setting next_dagrun for example_params_trigger_ui to None, run_after=None
[2023-08-14T11:15:20.633+0200] {processor.py:179} INFO - Processing /home/akhilesh/py39/lib/python3.9/site-packages/airflow/example_dags/example_params_trigger_ui.py took 0.112 seconds
[2023-08-14T11:16:08.007+0200] {processor.py:157} INFO - Started process (PID=465012) to work on /home/akhilesh/py39/lib/python3.9/site-packages/airflow/example_dags/example_params_trigger_ui.py
[2023-08-14T11:16:08.016+0200] {processor.py:826} INFO - Processing file /home/akhilesh/py39/lib/python3.9/site-packages/airflow/example_dags/example_params_trigger_ui.py for tasks to queue
[2023-08-14T11:16:08.017+0200] {logging_mixin.py:150} INFO - [2023-08-14T11:16:08.016+0200] {dagbag.py:541} INFO - Filling up the DagBag from /home/akhilesh/py39/lib/python3.9/site-packages/airflow/example_dags/example_params_trigger_ui.py
[2023-08-14T11:16:08.042+0200] {processor.py:836} INFO - DAG(s) dict_keys(['example_params_trigger_ui']) retrieved from /home/akhilesh/py39/lib/python3.9/site-packages/airflow/example_dags/example_params_trigger_ui.py
[2023-08-14T11:16:08.095+0200] {logging_mixin.py:150} INFO - [2023-08-14T11:16:08.094+0200] {dag.py:2742} INFO - Sync 1 DAGs
[2023-08-14T11:16:08.107+0200] {logging_mixin.py:150} INFO - [2023-08-14T11:16:08.107+0200] {dag.py:3504} INFO - Setting next_dagrun for example_params_trigger_ui to None, run_after=None
[2023-08-14T11:16:08.130+0200] {processor.py:179} INFO - Processing /home/akhilesh/py39/lib/python3.9/site-packages/airflow/example_dags/example_params_trigger_ui.py took 0.128 seconds
[2023-08-14T11:16:56.924+0200] {processor.py:157} INFO - Started process (PID=465147) to work on /home/akhilesh/py39/lib/python3.9/site-packages/airflow/example_dags/example_params_trigger_ui.py
[2023-08-14T11:16:56.933+0200] {processor.py:826} INFO - Processing file /home/akhilesh/py39/lib/python3.9/site-packages/airflow/example_dags/example_params_trigger_ui.py for tasks to queue
[2023-08-14T11:16:56.935+0200] {logging_mixin.py:150} INFO - [2023-08-14T11:16:56.934+0200] {dagbag.py:541} INFO - Filling up the DagBag from /home/akhilesh/py39/lib/python3.9/site-packages/airflow/example_dags/example_params_trigger_ui.py
[2023-08-14T11:16:56.952+0200] {processor.py:836} INFO - DAG(s) dict_keys(['example_params_trigger_ui']) retrieved from /home/akhilesh/py39/lib/python3.9/site-packages/airflow/example_dags/example_params_trigger_ui.py
[2023-08-14T11:16:56.999+0200] {logging_mixin.py:150} INFO - [2023-08-14T11:16:56.999+0200] {dag.py:2742} INFO - Sync 1 DAGs
[2023-08-14T11:16:57.012+0200] {logging_mixin.py:150} INFO - [2023-08-14T11:16:57.012+0200] {dag.py:3504} INFO - Setting next_dagrun for example_params_trigger_ui to None, run_after=None
[2023-08-14T11:16:57.035+0200] {processor.py:179} INFO - Processing /home/akhilesh/py39/lib/python3.9/site-packages/airflow/example_dags/example_params_trigger_ui.py took 0.115 seconds
[2023-08-14T11:17:49.894+0200] {processor.py:157} INFO - Started process (PID=465280) to work on /home/akhilesh/py39/lib/python3.9/site-packages/airflow/example_dags/example_params_trigger_ui.py
[2023-08-14T11:17:49.896+0200] {processor.py:826} INFO - Processing file /home/akhilesh/py39/lib/python3.9/site-packages/airflow/example_dags/example_params_trigger_ui.py for tasks to queue
[2023-08-14T11:17:49.897+0200] {logging_mixin.py:150} INFO - [2023-08-14T11:17:49.896+0200] {dagbag.py:541} INFO - Filling up the DagBag from /home/akhilesh/py39/lib/python3.9/site-packages/airflow/example_dags/example_params_trigger_ui.py
[2023-08-14T11:17:49.911+0200] {processor.py:836} INFO - DAG(s) dict_keys(['example_params_trigger_ui']) retrieved from /home/akhilesh/py39/lib/python3.9/site-packages/airflow/example_dags/example_params_trigger_ui.py
[2023-08-14T11:17:49.958+0200] {logging_mixin.py:150} INFO - [2023-08-14T11:17:49.958+0200] {dag.py:2742} INFO - Sync 1 DAGs
[2023-08-14T11:17:49.970+0200] {logging_mixin.py:150} INFO - [2023-08-14T11:17:49.970+0200] {dag.py:3504} INFO - Setting next_dagrun for example_params_trigger_ui to None, run_after=None
[2023-08-14T11:17:49.997+0200] {processor.py:179} INFO - Processing /home/akhilesh/py39/lib/python3.9/site-packages/airflow/example_dags/example_params_trigger_ui.py took 0.107 seconds
[2023-08-14T11:18:42.009+0200] {processor.py:157} INFO - Started process (PID=465554) to work on /home/akhilesh/py39/lib/python3.9/site-packages/airflow/example_dags/example_params_trigger_ui.py
[2023-08-14T11:18:42.019+0200] {processor.py:826} INFO - Processing file /home/akhilesh/py39/lib/python3.9/site-packages/airflow/example_dags/example_params_trigger_ui.py for tasks to queue
[2023-08-14T11:18:42.020+0200] {logging_mixin.py:150} INFO - [2023-08-14T11:18:42.020+0200] {dagbag.py:541} INFO - Filling up the DagBag from /home/akhilesh/py39/lib/python3.9/site-packages/airflow/example_dags/example_params_trigger_ui.py
[2023-08-14T11:18:42.041+0200] {processor.py:836} INFO - DAG(s) dict_keys(['example_params_trigger_ui']) retrieved from /home/akhilesh/py39/lib/python3.9/site-packages/airflow/example_dags/example_params_trigger_ui.py
[2023-08-14T11:18:42.088+0200] {logging_mixin.py:150} INFO - [2023-08-14T11:18:42.088+0200] {dag.py:2742} INFO - Sync 1 DAGs
[2023-08-14T11:18:42.101+0200] {logging_mixin.py:150} INFO - [2023-08-14T11:18:42.101+0200] {dag.py:3504} INFO - Setting next_dagrun for example_params_trigger_ui to None, run_after=None
[2023-08-14T11:18:42.129+0200] {processor.py:179} INFO - Processing /home/akhilesh/py39/lib/python3.9/site-packages/airflow/example_dags/example_params_trigger_ui.py took 0.124 seconds
[2023-08-14T11:20:24.135+0200] {processor.py:157} INFO - Started process (PID=465914) to work on /home/akhilesh/py39/lib/python3.9/site-packages/airflow/example_dags/example_params_trigger_ui.py
[2023-08-14T11:20:24.137+0200] {processor.py:826} INFO - Processing file /home/akhilesh/py39/lib/python3.9/site-packages/airflow/example_dags/example_params_trigger_ui.py for tasks to queue
[2023-08-14T11:20:24.138+0200] {logging_mixin.py:150} INFO - [2023-08-14T11:20:24.137+0200] {dagbag.py:541} INFO - Filling up the DagBag from /home/akhilesh/py39/lib/python3.9/site-packages/airflow/example_dags/example_params_trigger_ui.py
[2023-08-14T11:20:24.153+0200] {processor.py:836} INFO - DAG(s) dict_keys(['example_params_trigger_ui']) retrieved from /home/akhilesh/py39/lib/python3.9/site-packages/airflow/example_dags/example_params_trigger_ui.py
[2023-08-14T11:20:24.201+0200] {logging_mixin.py:150} INFO - [2023-08-14T11:20:24.201+0200] {dag.py:2742} INFO - Sync 1 DAGs
[2023-08-14T11:20:24.213+0200] {logging_mixin.py:150} INFO - [2023-08-14T11:20:24.213+0200] {dag.py:3504} INFO - Setting next_dagrun for example_params_trigger_ui to None, run_after=None
[2023-08-14T11:20:24.243+0200] {processor.py:179} INFO - Processing /home/akhilesh/py39/lib/python3.9/site-packages/airflow/example_dags/example_params_trigger_ui.py took 0.112 seconds
[2023-08-14T11:21:15.496+0200] {processor.py:157} INFO - Started process (PID=466074) to work on /home/akhilesh/py39/lib/python3.9/site-packages/airflow/example_dags/example_params_trigger_ui.py
[2023-08-14T11:21:15.505+0200] {processor.py:826} INFO - Processing file /home/akhilesh/py39/lib/python3.9/site-packages/airflow/example_dags/example_params_trigger_ui.py for tasks to queue
[2023-08-14T11:21:15.506+0200] {logging_mixin.py:150} INFO - [2023-08-14T11:21:15.505+0200] {dagbag.py:541} INFO - Filling up the DagBag from /home/akhilesh/py39/lib/python3.9/site-packages/airflow/example_dags/example_params_trigger_ui.py
[2023-08-14T11:21:15.529+0200] {processor.py:836} INFO - DAG(s) dict_keys(['example_params_trigger_ui']) retrieved from /home/akhilesh/py39/lib/python3.9/site-packages/airflow/example_dags/example_params_trigger_ui.py
[2023-08-14T11:21:15.575+0200] {logging_mixin.py:150} INFO - [2023-08-14T11:21:15.575+0200] {dag.py:2742} INFO - Sync 1 DAGs
[2023-08-14T11:21:15.585+0200] {logging_mixin.py:150} INFO - [2023-08-14T11:21:15.585+0200] {dag.py:3504} INFO - Setting next_dagrun for example_params_trigger_ui to None, run_after=None
[2023-08-14T11:21:15.612+0200] {processor.py:179} INFO - Processing /home/akhilesh/py39/lib/python3.9/site-packages/airflow/example_dags/example_params_trigger_ui.py took 0.119 seconds
[2023-08-14T11:22:05.208+0200] {processor.py:157} INFO - Started process (PID=466238) to work on /home/akhilesh/py39/lib/python3.9/site-packages/airflow/example_dags/example_params_trigger_ui.py
[2023-08-14T11:22:05.226+0200] {processor.py:826} INFO - Processing file /home/akhilesh/py39/lib/python3.9/site-packages/airflow/example_dags/example_params_trigger_ui.py for tasks to queue
[2023-08-14T11:22:05.227+0200] {logging_mixin.py:150} INFO - [2023-08-14T11:22:05.226+0200] {dagbag.py:541} INFO - Filling up the DagBag from /home/akhilesh/py39/lib/python3.9/site-packages/airflow/example_dags/example_params_trigger_ui.py
[2023-08-14T11:22:05.244+0200] {processor.py:836} INFO - DAG(s) dict_keys(['example_params_trigger_ui']) retrieved from /home/akhilesh/py39/lib/python3.9/site-packages/airflow/example_dags/example_params_trigger_ui.py
[2023-08-14T11:22:05.292+0200] {logging_mixin.py:150} INFO - [2023-08-14T11:22:05.292+0200] {dag.py:2742} INFO - Sync 1 DAGs
[2023-08-14T11:22:05.305+0200] {logging_mixin.py:150} INFO - [2023-08-14T11:22:05.305+0200] {dag.py:3504} INFO - Setting next_dagrun for example_params_trigger_ui to None, run_after=None
[2023-08-14T11:22:05.333+0200] {processor.py:179} INFO - Processing /home/akhilesh/py39/lib/python3.9/site-packages/airflow/example_dags/example_params_trigger_ui.py took 0.128 seconds
[2023-08-14T11:22:58.484+0200] {processor.py:157} INFO - Started process (PID=466533) to work on /home/akhilesh/py39/lib/python3.9/site-packages/airflow/example_dags/example_params_trigger_ui.py
[2023-08-14T11:22:58.494+0200] {processor.py:826} INFO - Processing file /home/akhilesh/py39/lib/python3.9/site-packages/airflow/example_dags/example_params_trigger_ui.py for tasks to queue
[2023-08-14T11:22:58.495+0200] {logging_mixin.py:150} INFO - [2023-08-14T11:22:58.495+0200] {dagbag.py:541} INFO - Filling up the DagBag from /home/akhilesh/py39/lib/python3.9/site-packages/airflow/example_dags/example_params_trigger_ui.py
[2023-08-14T11:22:58.518+0200] {processor.py:836} INFO - DAG(s) dict_keys(['example_params_trigger_ui']) retrieved from /home/akhilesh/py39/lib/python3.9/site-packages/airflow/example_dags/example_params_trigger_ui.py
[2023-08-14T11:22:58.567+0200] {logging_mixin.py:150} INFO - [2023-08-14T11:22:58.566+0200] {dag.py:2742} INFO - Sync 1 DAGs
[2023-08-14T11:22:58.580+0200] {logging_mixin.py:150} INFO - [2023-08-14T11:22:58.579+0200] {dag.py:3504} INFO - Setting next_dagrun for example_params_trigger_ui to None, run_after=None
[2023-08-14T11:22:58.608+0200] {processor.py:179} INFO - Processing /home/akhilesh/py39/lib/python3.9/site-packages/airflow/example_dags/example_params_trigger_ui.py took 0.128 seconds
[2023-08-14T11:23:46.800+0200] {processor.py:157} INFO - Started process (PID=467056) to work on /home/akhilesh/py39/lib/python3.9/site-packages/airflow/example_dags/example_params_trigger_ui.py
[2023-08-14T11:23:46.809+0200] {processor.py:826} INFO - Processing file /home/akhilesh/py39/lib/python3.9/site-packages/airflow/example_dags/example_params_trigger_ui.py for tasks to queue
[2023-08-14T11:23:46.810+0200] {logging_mixin.py:150} INFO - [2023-08-14T11:23:46.809+0200] {dagbag.py:541} INFO - Filling up the DagBag from /home/akhilesh/py39/lib/python3.9/site-packages/airflow/example_dags/example_params_trigger_ui.py
[2023-08-14T11:23:46.829+0200] {processor.py:836} INFO - DAG(s) dict_keys(['example_params_trigger_ui']) retrieved from /home/akhilesh/py39/lib/python3.9/site-packages/airflow/example_dags/example_params_trigger_ui.py
[2023-08-14T11:23:46.880+0200] {logging_mixin.py:150} INFO - [2023-08-14T11:23:46.880+0200] {dag.py:2742} INFO - Sync 1 DAGs
[2023-08-14T11:23:46.893+0200] {logging_mixin.py:150} INFO - [2023-08-14T11:23:46.893+0200] {dag.py:3504} INFO - Setting next_dagrun for example_params_trigger_ui to None, run_after=None
[2023-08-14T11:23:46.925+0200] {processor.py:179} INFO - Processing /home/akhilesh/py39/lib/python3.9/site-packages/airflow/example_dags/example_params_trigger_ui.py took 0.129 seconds
[2023-08-14T11:24:37.530+0200] {processor.py:157} INFO - Started process (PID=467235) to work on /home/akhilesh/py39/lib/python3.9/site-packages/airflow/example_dags/example_params_trigger_ui.py
[2023-08-14T11:24:37.539+0200] {processor.py:826} INFO - Processing file /home/akhilesh/py39/lib/python3.9/site-packages/airflow/example_dags/example_params_trigger_ui.py for tasks to queue
[2023-08-14T11:24:37.541+0200] {logging_mixin.py:150} INFO - [2023-08-14T11:24:37.540+0200] {dagbag.py:541} INFO - Filling up the DagBag from /home/akhilesh/py39/lib/python3.9/site-packages/airflow/example_dags/example_params_trigger_ui.py
[2023-08-14T11:24:37.561+0200] {processor.py:836} INFO - DAG(s) dict_keys(['example_params_trigger_ui']) retrieved from /home/akhilesh/py39/lib/python3.9/site-packages/airflow/example_dags/example_params_trigger_ui.py
[2023-08-14T11:24:37.614+0200] {logging_mixin.py:150} INFO - [2023-08-14T11:24:37.614+0200] {dag.py:2742} INFO - Sync 1 DAGs
[2023-08-14T11:24:37.628+0200] {logging_mixin.py:150} INFO - [2023-08-14T11:24:37.628+0200] {dag.py:3504} INFO - Setting next_dagrun for example_params_trigger_ui to None, run_after=None
[2023-08-14T11:24:37.654+0200] {processor.py:179} INFO - Processing /home/akhilesh/py39/lib/python3.9/site-packages/airflow/example_dags/example_params_trigger_ui.py took 0.128 seconds
[2023-08-14T11:25:26.009+0200] {processor.py:157} INFO - Started process (PID=467651) to work on /home/akhilesh/py39/lib/python3.9/site-packages/airflow/example_dags/example_params_trigger_ui.py
[2023-08-14T11:25:26.018+0200] {processor.py:826} INFO - Processing file /home/akhilesh/py39/lib/python3.9/site-packages/airflow/example_dags/example_params_trigger_ui.py for tasks to queue
[2023-08-14T11:25:26.020+0200] {logging_mixin.py:150} INFO - [2023-08-14T11:25:26.019+0200] {dagbag.py:541} INFO - Filling up the DagBag from /home/akhilesh/py39/lib/python3.9/site-packages/airflow/example_dags/example_params_trigger_ui.py
[2023-08-14T11:25:26.036+0200] {processor.py:836} INFO - DAG(s) dict_keys(['example_params_trigger_ui']) retrieved from /home/akhilesh/py39/lib/python3.9/site-packages/airflow/example_dags/example_params_trigger_ui.py
[2023-08-14T11:25:26.082+0200] {logging_mixin.py:150} INFO - [2023-08-14T11:25:26.082+0200] {dag.py:2742} INFO - Sync 1 DAGs
[2023-08-14T11:25:26.094+0200] {logging_mixin.py:150} INFO - [2023-08-14T11:25:26.094+0200] {dag.py:3504} INFO - Setting next_dagrun for example_params_trigger_ui to None, run_after=None
[2023-08-14T11:25:26.122+0200] {processor.py:179} INFO - Processing /home/akhilesh/py39/lib/python3.9/site-packages/airflow/example_dags/example_params_trigger_ui.py took 0.116 seconds
