[2023-08-14T10:22:26.942+0200] {processor.py:157} INFO - Started process (PID=453423) to work on /home/akhilesh/py39/lib/python3.9/site-packages/airflow/example_dags/example_bash_operator.py
[2023-08-14T10:22:26.943+0200] {processor.py:826} INFO - Processing file /home/akhilesh/py39/lib/python3.9/site-packages/airflow/example_dags/example_bash_operator.py for tasks to queue
[2023-08-14T10:22:26.943+0200] {logging_mixin.py:150} INFO - [2023-08-14T10:22:26.943+0200] {dagbag.py:541} INFO - Filling up the DagBag from /home/akhilesh/py39/lib/python3.9/site-packages/airflow/example_dags/example_bash_operator.py
[2023-08-14T10:22:26.953+0200] {processor.py:836} INFO - DAG(s) dict_keys(['example_bash_operator']) retrieved from /home/akhilesh/py39/lib/python3.9/site-packages/airflow/example_dags/example_bash_operator.py
[2023-08-14T10:22:26.975+0200] {logging_mixin.py:150} INFO - [2023-08-14T10:22:26.974+0200] {dag.py:2742} INFO - Sync 1 DAGs
[2023-08-14T10:22:26.990+0200] {logging_mixin.py:150} INFO - [2023-08-14T10:22:26.990+0200] {dag.py:3504} INFO - Setting next_dagrun for example_bash_operator to 2023-08-13T00:00:00+00:00, run_after=2023-08-14T00:00:00+00:00
[2023-08-14T10:22:27.010+0200] {processor.py:179} INFO - Processing /home/akhilesh/py39/lib/python3.9/site-packages/airflow/example_dags/example_bash_operator.py took 0.072 seconds
[2023-08-14T10:23:14.537+0200] {processor.py:157} INFO - Started process (PID=453568) to work on /home/akhilesh/py39/lib/python3.9/site-packages/airflow/example_dags/example_bash_operator.py
[2023-08-14T10:23:14.546+0200] {processor.py:826} INFO - Processing file /home/akhilesh/py39/lib/python3.9/site-packages/airflow/example_dags/example_bash_operator.py for tasks to queue
[2023-08-14T10:23:14.548+0200] {logging_mixin.py:150} INFO - [2023-08-14T10:23:14.547+0200] {dagbag.py:541} INFO - Filling up the DagBag from /home/akhilesh/py39/lib/python3.9/site-packages/airflow/example_dags/example_bash_operator.py
[2023-08-14T10:23:14.562+0200] {processor.py:836} INFO - DAG(s) dict_keys(['example_bash_operator']) retrieved from /home/akhilesh/py39/lib/python3.9/site-packages/airflow/example_dags/example_bash_operator.py
[2023-08-14T10:23:14.586+0200] {logging_mixin.py:150} INFO - [2023-08-14T10:23:14.585+0200] {dag.py:2742} INFO - Sync 1 DAGs
[2023-08-14T10:23:14.766+0200] {logging_mixin.py:150} INFO - [2023-08-14T10:23:14.766+0200] {dag.py:3504} INFO - Setting next_dagrun for example_bash_operator to 2023-08-13T00:00:00+00:00, run_after=2023-08-14T00:00:00+00:00
[2023-08-14T10:23:14.798+0200] {processor.py:179} INFO - Processing /home/akhilesh/py39/lib/python3.9/site-packages/airflow/example_dags/example_bash_operator.py took 0.266 seconds
[2023-08-14T10:24:11.664+0200] {processor.py:157} INFO - Started process (PID=453858) to work on /home/akhilesh/py39/lib/python3.9/site-packages/airflow/example_dags/example_bash_operator.py
[2023-08-14T10:24:11.673+0200] {processor.py:826} INFO - Processing file /home/akhilesh/py39/lib/python3.9/site-packages/airflow/example_dags/example_bash_operator.py for tasks to queue
[2023-08-14T10:24:11.674+0200] {logging_mixin.py:150} INFO - [2023-08-14T10:24:11.674+0200] {dagbag.py:541} INFO - Filling up the DagBag from /home/akhilesh/py39/lib/python3.9/site-packages/airflow/example_dags/example_bash_operator.py
[2023-08-14T10:24:11.692+0200] {processor.py:836} INFO - DAG(s) dict_keys(['example_bash_operator']) retrieved from /home/akhilesh/py39/lib/python3.9/site-packages/airflow/example_dags/example_bash_operator.py
[2023-08-14T10:24:11.715+0200] {logging_mixin.py:150} INFO - [2023-08-14T10:24:11.715+0200] {dag.py:2742} INFO - Sync 1 DAGs
[2023-08-14T10:24:11.735+0200] {logging_mixin.py:150} INFO - [2023-08-14T10:24:11.734+0200] {dag.py:3504} INFO - Setting next_dagrun for example_bash_operator to 2023-08-13T00:00:00+00:00, run_after=2023-08-14T00:00:00+00:00
[2023-08-14T10:24:11.772+0200] {processor.py:179} INFO - Processing /home/akhilesh/py39/lib/python3.9/site-packages/airflow/example_dags/example_bash_operator.py took 0.112 seconds
[2023-08-14T10:25:16.454+0200] {processor.py:157} INFO - Started process (PID=454078) to work on /home/akhilesh/py39/lib/python3.9/site-packages/airflow/example_dags/example_bash_operator.py
[2023-08-14T10:25:16.463+0200] {processor.py:826} INFO - Processing file /home/akhilesh/py39/lib/python3.9/site-packages/airflow/example_dags/example_bash_operator.py for tasks to queue
[2023-08-14T10:25:16.465+0200] {logging_mixin.py:150} INFO - [2023-08-14T10:25:16.464+0200] {dagbag.py:541} INFO - Filling up the DagBag from /home/akhilesh/py39/lib/python3.9/site-packages/airflow/example_dags/example_bash_operator.py
[2023-08-14T10:25:16.479+0200] {processor.py:836} INFO - DAG(s) dict_keys(['example_bash_operator']) retrieved from /home/akhilesh/py39/lib/python3.9/site-packages/airflow/example_dags/example_bash_operator.py
[2023-08-14T10:25:16.660+0200] {logging_mixin.py:150} INFO - [2023-08-14T10:25:16.659+0200] {dag.py:2742} INFO - Sync 1 DAGs
[2023-08-14T10:25:16.674+0200] {logging_mixin.py:150} INFO - [2023-08-14T10:25:16.673+0200] {dag.py:3504} INFO - Setting next_dagrun for example_bash_operator to 2023-08-13T00:00:00+00:00, run_after=2023-08-14T00:00:00+00:00
[2023-08-14T10:25:16.711+0200] {processor.py:179} INFO - Processing /home/akhilesh/py39/lib/python3.9/site-packages/airflow/example_dags/example_bash_operator.py took 0.261 seconds
[2023-08-14T10:26:05.724+0200] {processor.py:157} INFO - Started process (PID=454227) to work on /home/akhilesh/py39/lib/python3.9/site-packages/airflow/example_dags/example_bash_operator.py
[2023-08-14T10:26:05.734+0200] {processor.py:826} INFO - Processing file /home/akhilesh/py39/lib/python3.9/site-packages/airflow/example_dags/example_bash_operator.py for tasks to queue
[2023-08-14T10:26:05.735+0200] {logging_mixin.py:150} INFO - [2023-08-14T10:26:05.734+0200] {dagbag.py:541} INFO - Filling up the DagBag from /home/akhilesh/py39/lib/python3.9/site-packages/airflow/example_dags/example_bash_operator.py
[2023-08-14T10:26:05.754+0200] {processor.py:836} INFO - DAG(s) dict_keys(['example_bash_operator']) retrieved from /home/akhilesh/py39/lib/python3.9/site-packages/airflow/example_dags/example_bash_operator.py
[2023-08-14T10:26:05.776+0200] {logging_mixin.py:150} INFO - [2023-08-14T10:26:05.776+0200] {dag.py:2742} INFO - Sync 1 DAGs
[2023-08-14T10:26:05.792+0200] {logging_mixin.py:150} INFO - [2023-08-14T10:26:05.792+0200] {dag.py:3504} INFO - Setting next_dagrun for example_bash_operator to 2023-08-13T00:00:00+00:00, run_after=2023-08-14T00:00:00+00:00
[2023-08-14T10:26:05.975+0200] {processor.py:179} INFO - Processing /home/akhilesh/py39/lib/python3.9/site-packages/airflow/example_dags/example_bash_operator.py took 0.255 seconds
[2023-08-14T10:27:05.081+0200] {processor.py:157} INFO - Started process (PID=454548) to work on /home/akhilesh/py39/lib/python3.9/site-packages/airflow/example_dags/example_bash_operator.py
[2023-08-14T10:27:05.089+0200] {processor.py:826} INFO - Processing file /home/akhilesh/py39/lib/python3.9/site-packages/airflow/example_dags/example_bash_operator.py for tasks to queue
[2023-08-14T10:27:05.091+0200] {logging_mixin.py:150} INFO - [2023-08-14T10:27:05.090+0200] {dagbag.py:541} INFO - Filling up the DagBag from /home/akhilesh/py39/lib/python3.9/site-packages/airflow/example_dags/example_bash_operator.py
[2023-08-14T10:27:05.108+0200] {processor.py:836} INFO - DAG(s) dict_keys(['example_bash_operator']) retrieved from /home/akhilesh/py39/lib/python3.9/site-packages/airflow/example_dags/example_bash_operator.py
[2023-08-14T10:27:05.215+0200] {logging_mixin.py:150} INFO - [2023-08-14T10:27:05.215+0200] {dag.py:2742} INFO - Sync 1 DAGs
[2023-08-14T10:27:05.227+0200] {logging_mixin.py:150} INFO - [2023-08-14T10:27:05.227+0200] {dag.py:3504} INFO - Setting next_dagrun for example_bash_operator to 2023-08-13T00:00:00+00:00, run_after=2023-08-14T00:00:00+00:00
[2023-08-14T10:27:05.259+0200] {processor.py:179} INFO - Processing /home/akhilesh/py39/lib/python3.9/site-packages/airflow/example_dags/example_bash_operator.py took 0.182 seconds
[2023-08-14T10:28:01.057+0200] {processor.py:157} INFO - Started process (PID=454905) to work on /home/akhilesh/py39/lib/python3.9/site-packages/airflow/example_dags/example_bash_operator.py
[2023-08-14T10:28:01.066+0200] {processor.py:826} INFO - Processing file /home/akhilesh/py39/lib/python3.9/site-packages/airflow/example_dags/example_bash_operator.py for tasks to queue
[2023-08-14T10:28:01.067+0200] {logging_mixin.py:150} INFO - [2023-08-14T10:28:01.067+0200] {dagbag.py:541} INFO - Filling up the DagBag from /home/akhilesh/py39/lib/python3.9/site-packages/airflow/example_dags/example_bash_operator.py
[2023-08-14T10:28:01.080+0200] {processor.py:836} INFO - DAG(s) dict_keys(['example_bash_operator']) retrieved from /home/akhilesh/py39/lib/python3.9/site-packages/airflow/example_dags/example_bash_operator.py
[2023-08-14T10:28:01.103+0200] {logging_mixin.py:150} INFO - [2023-08-14T10:28:01.103+0200] {dag.py:2742} INFO - Sync 1 DAGs
[2023-08-14T10:28:01.211+0200] {logging_mixin.py:150} INFO - [2023-08-14T10:28:01.211+0200] {dag.py:3504} INFO - Setting next_dagrun for example_bash_operator to 2023-08-13T00:00:00+00:00, run_after=2023-08-14T00:00:00+00:00
[2023-08-14T10:28:01.238+0200] {processor.py:179} INFO - Processing /home/akhilesh/py39/lib/python3.9/site-packages/airflow/example_dags/example_bash_operator.py took 0.185 seconds
[2023-08-14T10:29:03.986+0200] {processor.py:157} INFO - Started process (PID=455115) to work on /home/akhilesh/py39/lib/python3.9/site-packages/airflow/example_dags/example_bash_operator.py
[2023-08-14T10:29:03.995+0200] {processor.py:826} INFO - Processing file /home/akhilesh/py39/lib/python3.9/site-packages/airflow/example_dags/example_bash_operator.py for tasks to queue
[2023-08-14T10:29:03.996+0200] {logging_mixin.py:150} INFO - [2023-08-14T10:29:03.996+0200] {dagbag.py:541} INFO - Filling up the DagBag from /home/akhilesh/py39/lib/python3.9/site-packages/airflow/example_dags/example_bash_operator.py
[2023-08-14T10:29:04.011+0200] {processor.py:836} INFO - DAG(s) dict_keys(['example_bash_operator']) retrieved from /home/akhilesh/py39/lib/python3.9/site-packages/airflow/example_dags/example_bash_operator.py
[2023-08-14T10:29:04.034+0200] {logging_mixin.py:150} INFO - [2023-08-14T10:29:04.033+0200] {dag.py:2742} INFO - Sync 1 DAGs
[2023-08-14T10:29:04.049+0200] {logging_mixin.py:150} INFO - [2023-08-14T10:29:04.049+0200] {dag.py:3504} INFO - Setting next_dagrun for example_bash_operator to 2023-08-13T00:00:00+00:00, run_after=2023-08-14T00:00:00+00:00
[2023-08-14T10:29:04.235+0200] {processor.py:179} INFO - Processing /home/akhilesh/py39/lib/python3.9/site-packages/airflow/example_dags/example_bash_operator.py took 0.253 seconds
[2023-08-14T10:29:51.053+0200] {processor.py:157} INFO - Started process (PID=455240) to work on /home/akhilesh/py39/lib/python3.9/site-packages/airflow/example_dags/example_bash_operator.py
[2023-08-14T10:29:51.062+0200] {processor.py:826} INFO - Processing file /home/akhilesh/py39/lib/python3.9/site-packages/airflow/example_dags/example_bash_operator.py for tasks to queue
[2023-08-14T10:29:51.063+0200] {logging_mixin.py:150} INFO - [2023-08-14T10:29:51.063+0200] {dagbag.py:541} INFO - Filling up the DagBag from /home/akhilesh/py39/lib/python3.9/site-packages/airflow/example_dags/example_bash_operator.py
[2023-08-14T10:29:51.078+0200] {processor.py:836} INFO - DAG(s) dict_keys(['example_bash_operator']) retrieved from /home/akhilesh/py39/lib/python3.9/site-packages/airflow/example_dags/example_bash_operator.py
[2023-08-14T10:29:51.261+0200] {logging_mixin.py:150} INFO - [2023-08-14T10:29:51.261+0200] {dag.py:2742} INFO - Sync 1 DAGs
[2023-08-14T10:29:51.280+0200] {logging_mixin.py:150} INFO - [2023-08-14T10:29:51.279+0200] {dag.py:3504} INFO - Setting next_dagrun for example_bash_operator to 2023-08-13T00:00:00+00:00, run_after=2023-08-14T00:00:00+00:00
[2023-08-14T10:29:51.315+0200] {processor.py:179} INFO - Processing /home/akhilesh/py39/lib/python3.9/site-packages/airflow/example_dags/example_bash_operator.py took 0.266 seconds
[2023-08-14T10:30:41.087+0200] {processor.py:157} INFO - Started process (PID=455418) to work on /home/akhilesh/py39/lib/python3.9/site-packages/airflow/example_dags/example_bash_operator.py
[2023-08-14T10:30:41.096+0200] {processor.py:826} INFO - Processing file /home/akhilesh/py39/lib/python3.9/site-packages/airflow/example_dags/example_bash_operator.py for tasks to queue
[2023-08-14T10:30:41.097+0200] {logging_mixin.py:150} INFO - [2023-08-14T10:30:41.096+0200] {dagbag.py:541} INFO - Filling up the DagBag from /home/akhilesh/py39/lib/python3.9/site-packages/airflow/example_dags/example_bash_operator.py
[2023-08-14T10:30:41.113+0200] {processor.py:836} INFO - DAG(s) dict_keys(['example_bash_operator']) retrieved from /home/akhilesh/py39/lib/python3.9/site-packages/airflow/example_dags/example_bash_operator.py
[2023-08-14T10:30:41.141+0200] {logging_mixin.py:150} INFO - [2023-08-14T10:30:41.141+0200] {dag.py:2742} INFO - Sync 1 DAGs
[2023-08-14T10:30:41.165+0200] {logging_mixin.py:150} INFO - [2023-08-14T10:30:41.164+0200] {dag.py:3504} INFO - Setting next_dagrun for example_bash_operator to 2023-08-13T00:00:00+00:00, run_after=2023-08-14T00:00:00+00:00
[2023-08-14T10:30:41.198+0200] {processor.py:179} INFO - Processing /home/akhilesh/py39/lib/python3.9/site-packages/airflow/example_dags/example_bash_operator.py took 0.114 seconds
[2023-08-14T10:31:35.431+0200] {processor.py:157} INFO - Started process (PID=455547) to work on /home/akhilesh/py39/lib/python3.9/site-packages/airflow/example_dags/example_bash_operator.py
[2023-08-14T10:31:35.440+0200] {processor.py:826} INFO - Processing file /home/akhilesh/py39/lib/python3.9/site-packages/airflow/example_dags/example_bash_operator.py for tasks to queue
[2023-08-14T10:31:35.441+0200] {logging_mixin.py:150} INFO - [2023-08-14T10:31:35.441+0200] {dagbag.py:541} INFO - Filling up the DagBag from /home/akhilesh/py39/lib/python3.9/site-packages/airflow/example_dags/example_bash_operator.py
[2023-08-14T10:31:35.462+0200] {processor.py:836} INFO - DAG(s) dict_keys(['example_bash_operator']) retrieved from /home/akhilesh/py39/lib/python3.9/site-packages/airflow/example_dags/example_bash_operator.py
[2023-08-14T10:31:35.484+0200] {logging_mixin.py:150} INFO - [2023-08-14T10:31:35.484+0200] {dag.py:2742} INFO - Sync 1 DAGs
[2023-08-14T10:31:35.499+0200] {logging_mixin.py:150} INFO - [2023-08-14T10:31:35.499+0200] {dag.py:3504} INFO - Setting next_dagrun for example_bash_operator to 2023-08-13T00:00:00+00:00, run_after=2023-08-14T00:00:00+00:00
[2023-08-14T10:31:35.518+0200] {processor.py:179} INFO - Processing /home/akhilesh/py39/lib/python3.9/site-packages/airflow/example_dags/example_bash_operator.py took 0.091 seconds
[2023-08-14T10:32:23.012+0200] {processor.py:157} INFO - Started process (PID=455824) to work on /home/akhilesh/py39/lib/python3.9/site-packages/airflow/example_dags/example_bash_operator.py
[2023-08-14T10:32:23.021+0200] {processor.py:826} INFO - Processing file /home/akhilesh/py39/lib/python3.9/site-packages/airflow/example_dags/example_bash_operator.py for tasks to queue
[2023-08-14T10:32:23.022+0200] {logging_mixin.py:150} INFO - [2023-08-14T10:32:23.022+0200] {dagbag.py:541} INFO - Filling up the DagBag from /home/akhilesh/py39/lib/python3.9/site-packages/airflow/example_dags/example_bash_operator.py
[2023-08-14T10:32:23.040+0200] {processor.py:836} INFO - DAG(s) dict_keys(['example_bash_operator']) retrieved from /home/akhilesh/py39/lib/python3.9/site-packages/airflow/example_dags/example_bash_operator.py
[2023-08-14T10:32:23.062+0200] {logging_mixin.py:150} INFO - [2023-08-14T10:32:23.062+0200] {dag.py:2742} INFO - Sync 1 DAGs
[2023-08-14T10:32:23.078+0200] {logging_mixin.py:150} INFO - [2023-08-14T10:32:23.078+0200] {dag.py:3504} INFO - Setting next_dagrun for example_bash_operator to 2023-08-13T00:00:00+00:00, run_after=2023-08-14T00:00:00+00:00
[2023-08-14T10:32:23.109+0200] {processor.py:179} INFO - Processing /home/akhilesh/py39/lib/python3.9/site-packages/airflow/example_dags/example_bash_operator.py took 0.101 seconds
[2023-08-14T10:33:14.909+0200] {processor.py:157} INFO - Started process (PID=455976) to work on /home/akhilesh/py39/lib/python3.9/site-packages/airflow/example_dags/example_bash_operator.py
[2023-08-14T10:33:14.918+0200] {processor.py:826} INFO - Processing file /home/akhilesh/py39/lib/python3.9/site-packages/airflow/example_dags/example_bash_operator.py for tasks to queue
[2023-08-14T10:33:14.919+0200] {logging_mixin.py:150} INFO - [2023-08-14T10:33:14.919+0200] {dagbag.py:541} INFO - Filling up the DagBag from /home/akhilesh/py39/lib/python3.9/site-packages/airflow/example_dags/example_bash_operator.py
[2023-08-14T10:33:14.934+0200] {processor.py:836} INFO - DAG(s) dict_keys(['example_bash_operator']) retrieved from /home/akhilesh/py39/lib/python3.9/site-packages/airflow/example_dags/example_bash_operator.py
[2023-08-14T10:33:14.957+0200] {logging_mixin.py:150} INFO - [2023-08-14T10:33:14.957+0200] {dag.py:2742} INFO - Sync 1 DAGs
[2023-08-14T10:33:14.975+0200] {logging_mixin.py:150} INFO - [2023-08-14T10:33:14.975+0200] {dag.py:3504} INFO - Setting next_dagrun for example_bash_operator to 2023-08-13T00:00:00+00:00, run_after=2023-08-14T00:00:00+00:00
[2023-08-14T10:33:14.994+0200] {processor.py:179} INFO - Processing /home/akhilesh/py39/lib/python3.9/site-packages/airflow/example_dags/example_bash_operator.py took 0.089 seconds
[2023-08-14T10:34:08.304+0200] {processor.py:157} INFO - Started process (PID=456096) to work on /home/akhilesh/py39/lib/python3.9/site-packages/airflow/example_dags/example_bash_operator.py
[2023-08-14T10:34:08.313+0200] {processor.py:826} INFO - Processing file /home/akhilesh/py39/lib/python3.9/site-packages/airflow/example_dags/example_bash_operator.py for tasks to queue
[2023-08-14T10:34:08.314+0200] {logging_mixin.py:150} INFO - [2023-08-14T10:34:08.314+0200] {dagbag.py:541} INFO - Filling up the DagBag from /home/akhilesh/py39/lib/python3.9/site-packages/airflow/example_dags/example_bash_operator.py
[2023-08-14T10:34:08.332+0200] {processor.py:836} INFO - DAG(s) dict_keys(['example_bash_operator']) retrieved from /home/akhilesh/py39/lib/python3.9/site-packages/airflow/example_dags/example_bash_operator.py
[2023-08-14T10:34:08.355+0200] {logging_mixin.py:150} INFO - [2023-08-14T10:34:08.355+0200] {dag.py:2742} INFO - Sync 1 DAGs
[2023-08-14T10:34:08.374+0200] {logging_mixin.py:150} INFO - [2023-08-14T10:34:08.373+0200] {dag.py:3504} INFO - Setting next_dagrun for example_bash_operator to 2023-08-13T00:00:00+00:00, run_after=2023-08-14T00:00:00+00:00
[2023-08-14T10:34:08.400+0200] {processor.py:179} INFO - Processing /home/akhilesh/py39/lib/python3.9/site-packages/airflow/example_dags/example_bash_operator.py took 0.100 seconds
[2023-08-14T10:35:02.352+0200] {processor.py:157} INFO - Started process (PID=456246) to work on /home/akhilesh/py39/lib/python3.9/site-packages/airflow/example_dags/example_bash_operator.py
[2023-08-14T10:35:02.361+0200] {processor.py:826} INFO - Processing file /home/akhilesh/py39/lib/python3.9/site-packages/airflow/example_dags/example_bash_operator.py for tasks to queue
[2023-08-14T10:35:02.362+0200] {logging_mixin.py:150} INFO - [2023-08-14T10:35:02.361+0200] {dagbag.py:541} INFO - Filling up the DagBag from /home/akhilesh/py39/lib/python3.9/site-packages/airflow/example_dags/example_bash_operator.py
[2023-08-14T10:35:02.377+0200] {processor.py:836} INFO - DAG(s) dict_keys(['example_bash_operator']) retrieved from /home/akhilesh/py39/lib/python3.9/site-packages/airflow/example_dags/example_bash_operator.py
[2023-08-14T10:35:02.399+0200] {logging_mixin.py:150} INFO - [2023-08-14T10:35:02.398+0200] {dag.py:2742} INFO - Sync 1 DAGs
[2023-08-14T10:35:02.414+0200] {logging_mixin.py:150} INFO - [2023-08-14T10:35:02.414+0200] {dag.py:3504} INFO - Setting next_dagrun for example_bash_operator to 2023-08-13T00:00:00+00:00, run_after=2023-08-14T00:00:00+00:00
[2023-08-14T10:35:02.436+0200] {processor.py:179} INFO - Processing /home/akhilesh/py39/lib/python3.9/site-packages/airflow/example_dags/example_bash_operator.py took 0.089 seconds
[2023-08-14T10:35:55.114+0200] {processor.py:157} INFO - Started process (PID=456401) to work on /home/akhilesh/py39/lib/python3.9/site-packages/airflow/example_dags/example_bash_operator.py
[2023-08-14T10:35:55.115+0200] {processor.py:826} INFO - Processing file /home/akhilesh/py39/lib/python3.9/site-packages/airflow/example_dags/example_bash_operator.py for tasks to queue
[2023-08-14T10:35:55.116+0200] {logging_mixin.py:150} INFO - [2023-08-14T10:35:55.116+0200] {dagbag.py:541} INFO - Filling up the DagBag from /home/akhilesh/py39/lib/python3.9/site-packages/airflow/example_dags/example_bash_operator.py
[2023-08-14T10:35:55.129+0200] {processor.py:836} INFO - DAG(s) dict_keys(['example_bash_operator']) retrieved from /home/akhilesh/py39/lib/python3.9/site-packages/airflow/example_dags/example_bash_operator.py
[2023-08-14T10:35:55.152+0200] {logging_mixin.py:150} INFO - [2023-08-14T10:35:55.151+0200] {dag.py:2742} INFO - Sync 1 DAGs
[2023-08-14T10:35:55.173+0200] {logging_mixin.py:150} INFO - [2023-08-14T10:35:55.173+0200] {dag.py:3504} INFO - Setting next_dagrun for example_bash_operator to 2023-08-13T00:00:00+00:00, run_after=2023-08-14T00:00:00+00:00
[2023-08-14T10:35:55.194+0200] {processor.py:179} INFO - Processing /home/akhilesh/py39/lib/python3.9/site-packages/airflow/example_dags/example_bash_operator.py took 0.085 seconds
[2023-08-14T10:36:45.573+0200] {processor.py:157} INFO - Started process (PID=456546) to work on /home/akhilesh/py39/lib/python3.9/site-packages/airflow/example_dags/example_bash_operator.py
[2023-08-14T10:36:45.582+0200] {processor.py:826} INFO - Processing file /home/akhilesh/py39/lib/python3.9/site-packages/airflow/example_dags/example_bash_operator.py for tasks to queue
[2023-08-14T10:36:45.583+0200] {logging_mixin.py:150} INFO - [2023-08-14T10:36:45.583+0200] {dagbag.py:541} INFO - Filling up the DagBag from /home/akhilesh/py39/lib/python3.9/site-packages/airflow/example_dags/example_bash_operator.py
[2023-08-14T10:36:45.597+0200] {processor.py:836} INFO - DAG(s) dict_keys(['example_bash_operator']) retrieved from /home/akhilesh/py39/lib/python3.9/site-packages/airflow/example_dags/example_bash_operator.py
[2023-08-14T10:36:45.628+0200] {logging_mixin.py:150} INFO - [2023-08-14T10:36:45.627+0200] {dag.py:2742} INFO - Sync 1 DAGs
[2023-08-14T10:36:45.646+0200] {logging_mixin.py:150} INFO - [2023-08-14T10:36:45.646+0200] {dag.py:3504} INFO - Setting next_dagrun for example_bash_operator to 2023-08-13T00:00:00+00:00, run_after=2023-08-14T00:00:00+00:00
[2023-08-14T10:36:45.670+0200] {processor.py:179} INFO - Processing /home/akhilesh/py39/lib/python3.9/site-packages/airflow/example_dags/example_bash_operator.py took 0.102 seconds
[2023-08-14T10:37:33.853+0200] {processor.py:157} INFO - Started process (PID=456674) to work on /home/akhilesh/py39/lib/python3.9/site-packages/airflow/example_dags/example_bash_operator.py
[2023-08-14T10:37:33.862+0200] {processor.py:826} INFO - Processing file /home/akhilesh/py39/lib/python3.9/site-packages/airflow/example_dags/example_bash_operator.py for tasks to queue
[2023-08-14T10:37:33.863+0200] {logging_mixin.py:150} INFO - [2023-08-14T10:37:33.863+0200] {dagbag.py:541} INFO - Filling up the DagBag from /home/akhilesh/py39/lib/python3.9/site-packages/airflow/example_dags/example_bash_operator.py
[2023-08-14T10:37:33.881+0200] {processor.py:836} INFO - DAG(s) dict_keys(['example_bash_operator']) retrieved from /home/akhilesh/py39/lib/python3.9/site-packages/airflow/example_dags/example_bash_operator.py
[2023-08-14T10:37:33.900+0200] {logging_mixin.py:150} INFO - [2023-08-14T10:37:33.900+0200] {dag.py:2742} INFO - Sync 1 DAGs
[2023-08-14T10:37:33.918+0200] {logging_mixin.py:150} INFO - [2023-08-14T10:37:33.918+0200] {dag.py:3504} INFO - Setting next_dagrun for example_bash_operator to 2023-08-13T00:00:00+00:00, run_after=2023-08-14T00:00:00+00:00
[2023-08-14T10:37:33.940+0200] {processor.py:179} INFO - Processing /home/akhilesh/py39/lib/python3.9/site-packages/airflow/example_dags/example_bash_operator.py took 0.090 seconds
[2023-08-14T10:38:23.702+0200] {processor.py:157} INFO - Started process (PID=456803) to work on /home/akhilesh/py39/lib/python3.9/site-packages/airflow/example_dags/example_bash_operator.py
[2023-08-14T10:38:23.712+0200] {processor.py:826} INFO - Processing file /home/akhilesh/py39/lib/python3.9/site-packages/airflow/example_dags/example_bash_operator.py for tasks to queue
[2023-08-14T10:38:23.713+0200] {logging_mixin.py:150} INFO - [2023-08-14T10:38:23.713+0200] {dagbag.py:541} INFO - Filling up the DagBag from /home/akhilesh/py39/lib/python3.9/site-packages/airflow/example_dags/example_bash_operator.py
[2023-08-14T10:38:23.728+0200] {processor.py:836} INFO - DAG(s) dict_keys(['example_bash_operator']) retrieved from /home/akhilesh/py39/lib/python3.9/site-packages/airflow/example_dags/example_bash_operator.py
[2023-08-14T10:38:23.752+0200] {logging_mixin.py:150} INFO - [2023-08-14T10:38:23.752+0200] {dag.py:2742} INFO - Sync 1 DAGs
[2023-08-14T10:38:23.767+0200] {logging_mixin.py:150} INFO - [2023-08-14T10:38:23.767+0200] {dag.py:3504} INFO - Setting next_dagrun for example_bash_operator to 2023-08-13T00:00:00+00:00, run_after=2023-08-14T00:00:00+00:00
[2023-08-14T10:38:23.788+0200] {processor.py:179} INFO - Processing /home/akhilesh/py39/lib/python3.9/site-packages/airflow/example_dags/example_bash_operator.py took 0.090 seconds
[2023-08-14T10:39:58.330+0200] {processor.py:157} INFO - Started process (PID=457180) to work on /home/akhilesh/py39/lib/python3.9/site-packages/airflow/example_dags/example_bash_operator.py
[2023-08-14T10:39:58.339+0200] {processor.py:826} INFO - Processing file /home/akhilesh/py39/lib/python3.9/site-packages/airflow/example_dags/example_bash_operator.py for tasks to queue
[2023-08-14T10:39:58.340+0200] {logging_mixin.py:150} INFO - [2023-08-14T10:39:58.340+0200] {dagbag.py:541} INFO - Filling up the DagBag from /home/akhilesh/py39/lib/python3.9/site-packages/airflow/example_dags/example_bash_operator.py
[2023-08-14T10:39:58.354+0200] {processor.py:836} INFO - DAG(s) dict_keys(['example_bash_operator']) retrieved from /home/akhilesh/py39/lib/python3.9/site-packages/airflow/example_dags/example_bash_operator.py
[2023-08-14T10:39:58.375+0200] {logging_mixin.py:150} INFO - [2023-08-14T10:39:58.375+0200] {dag.py:2742} INFO - Sync 1 DAGs
[2023-08-14T10:39:58.390+0200] {logging_mixin.py:150} INFO - [2023-08-14T10:39:58.389+0200] {dag.py:3504} INFO - Setting next_dagrun for example_bash_operator to 2023-08-13T00:00:00+00:00, run_after=2023-08-14T00:00:00+00:00
[2023-08-14T10:39:58.411+0200] {processor.py:179} INFO - Processing /home/akhilesh/py39/lib/python3.9/site-packages/airflow/example_dags/example_bash_operator.py took 0.083 seconds
[2023-08-14T10:41:39.758+0200] {processor.py:157} INFO - Started process (PID=457608) to work on /home/akhilesh/py39/lib/python3.9/site-packages/airflow/example_dags/example_bash_operator.py
[2023-08-14T10:41:39.767+0200] {processor.py:826} INFO - Processing file /home/akhilesh/py39/lib/python3.9/site-packages/airflow/example_dags/example_bash_operator.py for tasks to queue
[2023-08-14T10:41:39.769+0200] {logging_mixin.py:150} INFO - [2023-08-14T10:41:39.768+0200] {dagbag.py:541} INFO - Filling up the DagBag from /home/akhilesh/py39/lib/python3.9/site-packages/airflow/example_dags/example_bash_operator.py
[2023-08-14T10:41:39.782+0200] {processor.py:836} INFO - DAG(s) dict_keys(['example_bash_operator']) retrieved from /home/akhilesh/py39/lib/python3.9/site-packages/airflow/example_dags/example_bash_operator.py
[2023-08-14T10:41:39.802+0200] {logging_mixin.py:150} INFO - [2023-08-14T10:41:39.802+0200] {dag.py:2742} INFO - Sync 1 DAGs
[2023-08-14T10:41:39.813+0200] {logging_mixin.py:150} INFO - [2023-08-14T10:41:39.813+0200] {dag.py:3504} INFO - Setting next_dagrun for example_bash_operator to 2023-08-13T00:00:00+00:00, run_after=2023-08-14T00:00:00+00:00
[2023-08-14T10:41:39.841+0200] {processor.py:179} INFO - Processing /home/akhilesh/py39/lib/python3.9/site-packages/airflow/example_dags/example_bash_operator.py took 0.086 seconds
[2023-08-14T10:42:25.084+0200] {processor.py:157} INFO - Started process (PID=457767) to work on /home/akhilesh/py39/lib/python3.9/site-packages/airflow/example_dags/example_bash_operator.py
[2023-08-14T10:42:25.093+0200] {processor.py:826} INFO - Processing file /home/akhilesh/py39/lib/python3.9/site-packages/airflow/example_dags/example_bash_operator.py for tasks to queue
[2023-08-14T10:42:25.094+0200] {logging_mixin.py:150} INFO - [2023-08-14T10:42:25.094+0200] {dagbag.py:541} INFO - Filling up the DagBag from /home/akhilesh/py39/lib/python3.9/site-packages/airflow/example_dags/example_bash_operator.py
[2023-08-14T10:42:25.111+0200] {processor.py:836} INFO - DAG(s) dict_keys(['example_bash_operator']) retrieved from /home/akhilesh/py39/lib/python3.9/site-packages/airflow/example_dags/example_bash_operator.py
[2023-08-14T10:42:25.137+0200] {logging_mixin.py:150} INFO - [2023-08-14T10:42:25.137+0200] {dag.py:2742} INFO - Sync 1 DAGs
[2023-08-14T10:42:25.154+0200] {logging_mixin.py:150} INFO - [2023-08-14T10:42:25.153+0200] {dag.py:3504} INFO - Setting next_dagrun for example_bash_operator to 2023-08-13T00:00:00+00:00, run_after=2023-08-14T00:00:00+00:00
[2023-08-14T10:42:25.180+0200] {processor.py:179} INFO - Processing /home/akhilesh/py39/lib/python3.9/site-packages/airflow/example_dags/example_bash_operator.py took 0.100 seconds
[2023-08-14T10:44:31.428+0200] {processor.py:157} INFO - Started process (PID=458251) to work on /home/akhilesh/py39/lib/python3.9/site-packages/airflow/example_dags/example_bash_operator.py
[2023-08-14T10:44:31.437+0200] {processor.py:826} INFO - Processing file /home/akhilesh/py39/lib/python3.9/site-packages/airflow/example_dags/example_bash_operator.py for tasks to queue
[2023-08-14T10:44:31.438+0200] {logging_mixin.py:150} INFO - [2023-08-14T10:44:31.438+0200] {dagbag.py:541} INFO - Filling up the DagBag from /home/akhilesh/py39/lib/python3.9/site-packages/airflow/example_dags/example_bash_operator.py
[2023-08-14T10:44:31.455+0200] {processor.py:836} INFO - DAG(s) dict_keys(['example_bash_operator']) retrieved from /home/akhilesh/py39/lib/python3.9/site-packages/airflow/example_dags/example_bash_operator.py
[2023-08-14T10:44:31.477+0200] {logging_mixin.py:150} INFO - [2023-08-14T10:44:31.477+0200] {dag.py:2742} INFO - Sync 1 DAGs
[2023-08-14T10:44:31.490+0200] {logging_mixin.py:150} INFO - [2023-08-14T10:44:31.490+0200] {dag.py:3504} INFO - Setting next_dagrun for example_bash_operator to 2023-08-13T00:00:00+00:00, run_after=2023-08-14T00:00:00+00:00
[2023-08-14T10:44:31.526+0200] {processor.py:179} INFO - Processing /home/akhilesh/py39/lib/python3.9/site-packages/airflow/example_dags/example_bash_operator.py took 0.102 seconds
[2023-08-14T10:45:17.149+0200] {processor.py:157} INFO - Started process (PID=458455) to work on /home/akhilesh/py39/lib/python3.9/site-packages/airflow/example_dags/example_bash_operator.py
[2023-08-14T10:45:17.158+0200] {processor.py:826} INFO - Processing file /home/akhilesh/py39/lib/python3.9/site-packages/airflow/example_dags/example_bash_operator.py for tasks to queue
[2023-08-14T10:45:17.159+0200] {logging_mixin.py:150} INFO - [2023-08-14T10:45:17.158+0200] {dagbag.py:541} INFO - Filling up the DagBag from /home/akhilesh/py39/lib/python3.9/site-packages/airflow/example_dags/example_bash_operator.py
[2023-08-14T10:45:17.173+0200] {processor.py:836} INFO - DAG(s) dict_keys(['example_bash_operator']) retrieved from /home/akhilesh/py39/lib/python3.9/site-packages/airflow/example_dags/example_bash_operator.py
[2023-08-14T10:45:17.198+0200] {logging_mixin.py:150} INFO - [2023-08-14T10:45:17.198+0200] {dag.py:2742} INFO - Sync 1 DAGs
[2023-08-14T10:45:17.213+0200] {logging_mixin.py:150} INFO - [2023-08-14T10:45:17.213+0200] {dag.py:3504} INFO - Setting next_dagrun for example_bash_operator to 2023-08-13T00:00:00+00:00, run_after=2023-08-14T00:00:00+00:00
[2023-08-14T10:45:17.237+0200] {processor.py:179} INFO - Processing /home/akhilesh/py39/lib/python3.9/site-packages/airflow/example_dags/example_bash_operator.py took 0.092 seconds
[2023-08-14T10:46:04.201+0200] {processor.py:157} INFO - Started process (PID=458744) to work on /home/akhilesh/py39/lib/python3.9/site-packages/airflow/example_dags/example_bash_operator.py
[2023-08-14T10:46:04.210+0200] {processor.py:826} INFO - Processing file /home/akhilesh/py39/lib/python3.9/site-packages/airflow/example_dags/example_bash_operator.py for tasks to queue
[2023-08-14T10:46:04.211+0200] {logging_mixin.py:150} INFO - [2023-08-14T10:46:04.211+0200] {dagbag.py:541} INFO - Filling up the DagBag from /home/akhilesh/py39/lib/python3.9/site-packages/airflow/example_dags/example_bash_operator.py
[2023-08-14T10:46:04.228+0200] {processor.py:836} INFO - DAG(s) dict_keys(['example_bash_operator']) retrieved from /home/akhilesh/py39/lib/python3.9/site-packages/airflow/example_dags/example_bash_operator.py
[2023-08-14T10:46:04.249+0200] {logging_mixin.py:150} INFO - [2023-08-14T10:46:04.249+0200] {dag.py:2742} INFO - Sync 1 DAGs
[2023-08-14T10:46:04.262+0200] {logging_mixin.py:150} INFO - [2023-08-14T10:46:04.262+0200] {dag.py:3504} INFO - Setting next_dagrun for example_bash_operator to 2023-08-13T00:00:00+00:00, run_after=2023-08-14T00:00:00+00:00
[2023-08-14T10:46:04.284+0200] {processor.py:179} INFO - Processing /home/akhilesh/py39/lib/python3.9/site-packages/airflow/example_dags/example_bash_operator.py took 0.086 seconds
[2023-08-14T10:46:54.309+0200] {processor.py:157} INFO - Started process (PID=458907) to work on /home/akhilesh/py39/lib/python3.9/site-packages/airflow/example_dags/example_bash_operator.py
[2023-08-14T10:46:54.319+0200] {processor.py:826} INFO - Processing file /home/akhilesh/py39/lib/python3.9/site-packages/airflow/example_dags/example_bash_operator.py for tasks to queue
[2023-08-14T10:46:54.320+0200] {logging_mixin.py:150} INFO - [2023-08-14T10:46:54.319+0200] {dagbag.py:541} INFO - Filling up the DagBag from /home/akhilesh/py39/lib/python3.9/site-packages/airflow/example_dags/example_bash_operator.py
[2023-08-14T10:46:54.333+0200] {processor.py:836} INFO - DAG(s) dict_keys(['example_bash_operator']) retrieved from /home/akhilesh/py39/lib/python3.9/site-packages/airflow/example_dags/example_bash_operator.py
[2023-08-14T10:46:54.355+0200] {logging_mixin.py:150} INFO - [2023-08-14T10:46:54.355+0200] {dag.py:2742} INFO - Sync 1 DAGs
[2023-08-14T10:46:54.369+0200] {logging_mixin.py:150} INFO - [2023-08-14T10:46:54.369+0200] {dag.py:3504} INFO - Setting next_dagrun for example_bash_operator to 2023-08-13T00:00:00+00:00, run_after=2023-08-14T00:00:00+00:00
[2023-08-14T10:46:54.392+0200] {processor.py:179} INFO - Processing /home/akhilesh/py39/lib/python3.9/site-packages/airflow/example_dags/example_bash_operator.py took 0.086 seconds
[2023-08-14T10:47:47.327+0200] {processor.py:157} INFO - Started process (PID=459079) to work on /home/akhilesh/py39/lib/python3.9/site-packages/airflow/example_dags/example_bash_operator.py
[2023-08-14T10:47:47.329+0200] {processor.py:826} INFO - Processing file /home/akhilesh/py39/lib/python3.9/site-packages/airflow/example_dags/example_bash_operator.py for tasks to queue
[2023-08-14T10:47:47.329+0200] {logging_mixin.py:150} INFO - [2023-08-14T10:47:47.329+0200] {dagbag.py:541} INFO - Filling up the DagBag from /home/akhilesh/py39/lib/python3.9/site-packages/airflow/example_dags/example_bash_operator.py
[2023-08-14T10:47:47.336+0200] {processor.py:836} INFO - DAG(s) dict_keys(['example_bash_operator']) retrieved from /home/akhilesh/py39/lib/python3.9/site-packages/airflow/example_dags/example_bash_operator.py
[2023-08-14T10:47:47.356+0200] {logging_mixin.py:150} INFO - [2023-08-14T10:47:47.356+0200] {dag.py:2742} INFO - Sync 1 DAGs
[2023-08-14T10:47:47.367+0200] {logging_mixin.py:150} INFO - [2023-08-14T10:47:47.367+0200] {dag.py:3504} INFO - Setting next_dagrun for example_bash_operator to 2023-08-13T00:00:00+00:00, run_after=2023-08-14T00:00:00+00:00
[2023-08-14T10:47:47.387+0200] {processor.py:179} INFO - Processing /home/akhilesh/py39/lib/python3.9/site-packages/airflow/example_dags/example_bash_operator.py took 0.064 seconds
[2023-08-14T10:48:42.469+0200] {processor.py:157} INFO - Started process (PID=459268) to work on /home/akhilesh/py39/lib/python3.9/site-packages/airflow/example_dags/example_bash_operator.py
[2023-08-14T10:48:42.478+0200] {processor.py:826} INFO - Processing file /home/akhilesh/py39/lib/python3.9/site-packages/airflow/example_dags/example_bash_operator.py for tasks to queue
[2023-08-14T10:48:42.479+0200] {logging_mixin.py:150} INFO - [2023-08-14T10:48:42.479+0200] {dagbag.py:541} INFO - Filling up the DagBag from /home/akhilesh/py39/lib/python3.9/site-packages/airflow/example_dags/example_bash_operator.py
[2023-08-14T10:48:42.494+0200] {processor.py:836} INFO - DAG(s) dict_keys(['example_bash_operator']) retrieved from /home/akhilesh/py39/lib/python3.9/site-packages/airflow/example_dags/example_bash_operator.py
[2023-08-14T10:48:42.529+0200] {logging_mixin.py:150} INFO - [2023-08-14T10:48:42.529+0200] {dag.py:2742} INFO - Sync 1 DAGs
[2023-08-14T10:48:42.551+0200] {logging_mixin.py:150} INFO - [2023-08-14T10:48:42.551+0200] {dag.py:3504} INFO - Setting next_dagrun for example_bash_operator to 2023-08-13T00:00:00+00:00, run_after=2023-08-14T00:00:00+00:00
[2023-08-14T10:48:42.588+0200] {processor.py:179} INFO - Processing /home/akhilesh/py39/lib/python3.9/site-packages/airflow/example_dags/example_bash_operator.py took 0.125 seconds
[2023-08-14T10:49:33.994+0200] {processor.py:157} INFO - Started process (PID=459427) to work on /home/akhilesh/py39/lib/python3.9/site-packages/airflow/example_dags/example_bash_operator.py
[2023-08-14T10:49:34.003+0200] {processor.py:826} INFO - Processing file /home/akhilesh/py39/lib/python3.9/site-packages/airflow/example_dags/example_bash_operator.py for tasks to queue
[2023-08-14T10:49:34.005+0200] {logging_mixin.py:150} INFO - [2023-08-14T10:49:34.004+0200] {dagbag.py:541} INFO - Filling up the DagBag from /home/akhilesh/py39/lib/python3.9/site-packages/airflow/example_dags/example_bash_operator.py
[2023-08-14T10:49:34.021+0200] {processor.py:836} INFO - DAG(s) dict_keys(['example_bash_operator']) retrieved from /home/akhilesh/py39/lib/python3.9/site-packages/airflow/example_dags/example_bash_operator.py
[2023-08-14T10:49:34.043+0200] {logging_mixin.py:150} INFO - [2023-08-14T10:49:34.043+0200] {dag.py:2742} INFO - Sync 1 DAGs
[2023-08-14T10:49:34.057+0200] {logging_mixin.py:150} INFO - [2023-08-14T10:49:34.056+0200] {dag.py:3504} INFO - Setting next_dagrun for example_bash_operator to 2023-08-13T00:00:00+00:00, run_after=2023-08-14T00:00:00+00:00
[2023-08-14T10:49:34.079+0200] {processor.py:179} INFO - Processing /home/akhilesh/py39/lib/python3.9/site-packages/airflow/example_dags/example_bash_operator.py took 0.089 seconds
[2023-08-14T10:50:23.846+0200] {processor.py:157} INFO - Started process (PID=459621) to work on /home/akhilesh/py39/lib/python3.9/site-packages/airflow/example_dags/example_bash_operator.py
[2023-08-14T10:50:23.855+0200] {processor.py:826} INFO - Processing file /home/akhilesh/py39/lib/python3.9/site-packages/airflow/example_dags/example_bash_operator.py for tasks to queue
[2023-08-14T10:50:23.856+0200] {logging_mixin.py:150} INFO - [2023-08-14T10:50:23.856+0200] {dagbag.py:541} INFO - Filling up the DagBag from /home/akhilesh/py39/lib/python3.9/site-packages/airflow/example_dags/example_bash_operator.py
[2023-08-14T10:50:23.873+0200] {processor.py:836} INFO - DAG(s) dict_keys(['example_bash_operator']) retrieved from /home/akhilesh/py39/lib/python3.9/site-packages/airflow/example_dags/example_bash_operator.py
[2023-08-14T10:50:23.907+0200] {logging_mixin.py:150} INFO - [2023-08-14T10:50:23.907+0200] {dag.py:2742} INFO - Sync 1 DAGs
[2023-08-14T10:50:23.922+0200] {logging_mixin.py:150} INFO - [2023-08-14T10:50:23.922+0200] {dag.py:3504} INFO - Setting next_dagrun for example_bash_operator to 2023-08-13T00:00:00+00:00, run_after=2023-08-14T00:00:00+00:00
[2023-08-14T10:50:23.939+0200] {processor.py:179} INFO - Processing /home/akhilesh/py39/lib/python3.9/site-packages/airflow/example_dags/example_bash_operator.py took 0.098 seconds
[2023-08-14T10:51:15.581+0200] {processor.py:157} INFO - Started process (PID=459791) to work on /home/akhilesh/py39/lib/python3.9/site-packages/airflow/example_dags/example_bash_operator.py
[2023-08-14T10:51:15.590+0200] {processor.py:826} INFO - Processing file /home/akhilesh/py39/lib/python3.9/site-packages/airflow/example_dags/example_bash_operator.py for tasks to queue
[2023-08-14T10:51:15.591+0200] {logging_mixin.py:150} INFO - [2023-08-14T10:51:15.591+0200] {dagbag.py:541} INFO - Filling up the DagBag from /home/akhilesh/py39/lib/python3.9/site-packages/airflow/example_dags/example_bash_operator.py
[2023-08-14T10:51:15.607+0200] {processor.py:836} INFO - DAG(s) dict_keys(['example_bash_operator']) retrieved from /home/akhilesh/py39/lib/python3.9/site-packages/airflow/example_dags/example_bash_operator.py
[2023-08-14T10:51:15.638+0200] {logging_mixin.py:150} INFO - [2023-08-14T10:51:15.637+0200] {dag.py:2742} INFO - Sync 1 DAGs
[2023-08-14T10:51:15.652+0200] {logging_mixin.py:150} INFO - [2023-08-14T10:51:15.651+0200] {dag.py:3504} INFO - Setting next_dagrun for example_bash_operator to 2023-08-13T00:00:00+00:00, run_after=2023-08-14T00:00:00+00:00
[2023-08-14T10:51:15.674+0200] {processor.py:179} INFO - Processing /home/akhilesh/py39/lib/python3.9/site-packages/airflow/example_dags/example_bash_operator.py took 0.097 seconds
[2023-08-14T10:52:04.211+0200] {processor.py:157} INFO - Started process (PID=459922) to work on /home/akhilesh/py39/lib/python3.9/site-packages/airflow/example_dags/example_bash_operator.py
[2023-08-14T10:52:04.220+0200] {processor.py:826} INFO - Processing file /home/akhilesh/py39/lib/python3.9/site-packages/airflow/example_dags/example_bash_operator.py for tasks to queue
[2023-08-14T10:52:04.222+0200] {logging_mixin.py:150} INFO - [2023-08-14T10:52:04.221+0200] {dagbag.py:541} INFO - Filling up the DagBag from /home/akhilesh/py39/lib/python3.9/site-packages/airflow/example_dags/example_bash_operator.py
[2023-08-14T10:52:04.236+0200] {processor.py:836} INFO - DAG(s) dict_keys(['example_bash_operator']) retrieved from /home/akhilesh/py39/lib/python3.9/site-packages/airflow/example_dags/example_bash_operator.py
[2023-08-14T10:52:04.255+0200] {logging_mixin.py:150} INFO - [2023-08-14T10:52:04.255+0200] {dag.py:2742} INFO - Sync 1 DAGs
[2023-08-14T10:52:04.267+0200] {logging_mixin.py:150} INFO - [2023-08-14T10:52:04.267+0200] {dag.py:3504} INFO - Setting next_dagrun for example_bash_operator to 2023-08-13T00:00:00+00:00, run_after=2023-08-14T00:00:00+00:00
[2023-08-14T10:52:04.285+0200] {processor.py:179} INFO - Processing /home/akhilesh/py39/lib/python3.9/site-packages/airflow/example_dags/example_bash_operator.py took 0.078 seconds
[2023-08-14T10:52:55.793+0200] {processor.py:157} INFO - Started process (PID=460077) to work on /home/akhilesh/py39/lib/python3.9/site-packages/airflow/example_dags/example_bash_operator.py
[2023-08-14T10:52:55.802+0200] {processor.py:826} INFO - Processing file /home/akhilesh/py39/lib/python3.9/site-packages/airflow/example_dags/example_bash_operator.py for tasks to queue
[2023-08-14T10:52:55.804+0200] {logging_mixin.py:150} INFO - [2023-08-14T10:52:55.803+0200] {dagbag.py:541} INFO - Filling up the DagBag from /home/akhilesh/py39/lib/python3.9/site-packages/airflow/example_dags/example_bash_operator.py
[2023-08-14T10:52:55.819+0200] {processor.py:836} INFO - DAG(s) dict_keys(['example_bash_operator']) retrieved from /home/akhilesh/py39/lib/python3.9/site-packages/airflow/example_dags/example_bash_operator.py
[2023-08-14T10:52:55.849+0200] {logging_mixin.py:150} INFO - [2023-08-14T10:52:55.849+0200] {dag.py:2742} INFO - Sync 1 DAGs
[2023-08-14T10:52:55.876+0200] {logging_mixin.py:150} INFO - [2023-08-14T10:52:55.875+0200] {dag.py:3504} INFO - Setting next_dagrun for example_bash_operator to 2023-08-13T00:00:00+00:00, run_after=2023-08-14T00:00:00+00:00
[2023-08-14T10:52:55.933+0200] {processor.py:179} INFO - Processing /home/akhilesh/py39/lib/python3.9/site-packages/airflow/example_dags/example_bash_operator.py took 0.145 seconds
[2023-08-14T10:53:47.516+0200] {processor.py:157} INFO - Started process (PID=460289) to work on /home/akhilesh/py39/lib/python3.9/site-packages/airflow/example_dags/example_bash_operator.py
[2023-08-14T10:53:47.525+0200] {processor.py:826} INFO - Processing file /home/akhilesh/py39/lib/python3.9/site-packages/airflow/example_dags/example_bash_operator.py for tasks to queue
[2023-08-14T10:53:47.527+0200] {logging_mixin.py:150} INFO - [2023-08-14T10:53:47.526+0200] {dagbag.py:541} INFO - Filling up the DagBag from /home/akhilesh/py39/lib/python3.9/site-packages/airflow/example_dags/example_bash_operator.py
[2023-08-14T10:53:47.540+0200] {processor.py:836} INFO - DAG(s) dict_keys(['example_bash_operator']) retrieved from /home/akhilesh/py39/lib/python3.9/site-packages/airflow/example_dags/example_bash_operator.py
[2023-08-14T10:53:47.562+0200] {logging_mixin.py:150} INFO - [2023-08-14T10:53:47.561+0200] {dag.py:2742} INFO - Sync 1 DAGs
[2023-08-14T10:53:47.575+0200] {logging_mixin.py:150} INFO - [2023-08-14T10:53:47.575+0200] {dag.py:3504} INFO - Setting next_dagrun for example_bash_operator to 2023-08-13T00:00:00+00:00, run_after=2023-08-14T00:00:00+00:00
[2023-08-14T10:53:47.593+0200] {processor.py:179} INFO - Processing /home/akhilesh/py39/lib/python3.9/site-packages/airflow/example_dags/example_bash_operator.py took 0.081 seconds
[2023-08-14T10:54:38.837+0200] {processor.py:157} INFO - Started process (PID=460469) to work on /home/akhilesh/py39/lib/python3.9/site-packages/airflow/example_dags/example_bash_operator.py
[2023-08-14T10:54:38.846+0200] {processor.py:826} INFO - Processing file /home/akhilesh/py39/lib/python3.9/site-packages/airflow/example_dags/example_bash_operator.py for tasks to queue
[2023-08-14T10:54:38.847+0200] {logging_mixin.py:150} INFO - [2023-08-14T10:54:38.847+0200] {dagbag.py:541} INFO - Filling up the DagBag from /home/akhilesh/py39/lib/python3.9/site-packages/airflow/example_dags/example_bash_operator.py
[2023-08-14T10:54:38.860+0200] {processor.py:836} INFO - DAG(s) dict_keys(['example_bash_operator']) retrieved from /home/akhilesh/py39/lib/python3.9/site-packages/airflow/example_dags/example_bash_operator.py
[2023-08-14T10:54:38.882+0200] {logging_mixin.py:150} INFO - [2023-08-14T10:54:38.882+0200] {dag.py:2742} INFO - Sync 1 DAGs
[2023-08-14T10:54:38.896+0200] {logging_mixin.py:150} INFO - [2023-08-14T10:54:38.896+0200] {dag.py:3504} INFO - Setting next_dagrun for example_bash_operator to 2023-08-13T00:00:00+00:00, run_after=2023-08-14T00:00:00+00:00
[2023-08-14T10:54:38.920+0200] {processor.py:179} INFO - Processing /home/akhilesh/py39/lib/python3.9/site-packages/airflow/example_dags/example_bash_operator.py took 0.088 seconds
[2023-08-14T10:55:28.579+0200] {processor.py:157} INFO - Started process (PID=460611) to work on /home/akhilesh/py39/lib/python3.9/site-packages/airflow/example_dags/example_bash_operator.py
[2023-08-14T10:55:28.588+0200] {processor.py:826} INFO - Processing file /home/akhilesh/py39/lib/python3.9/site-packages/airflow/example_dags/example_bash_operator.py for tasks to queue
[2023-08-14T10:55:28.589+0200] {logging_mixin.py:150} INFO - [2023-08-14T10:55:28.589+0200] {dagbag.py:541} INFO - Filling up the DagBag from /home/akhilesh/py39/lib/python3.9/site-packages/airflow/example_dags/example_bash_operator.py
[2023-08-14T10:55:28.604+0200] {processor.py:836} INFO - DAG(s) dict_keys(['example_bash_operator']) retrieved from /home/akhilesh/py39/lib/python3.9/site-packages/airflow/example_dags/example_bash_operator.py
[2023-08-14T10:55:28.625+0200] {logging_mixin.py:150} INFO - [2023-08-14T10:55:28.625+0200] {dag.py:2742} INFO - Sync 1 DAGs
[2023-08-14T10:55:28.640+0200] {logging_mixin.py:150} INFO - [2023-08-14T10:55:28.640+0200] {dag.py:3504} INFO - Setting next_dagrun for example_bash_operator to 2023-08-13T00:00:00+00:00, run_after=2023-08-14T00:00:00+00:00
[2023-08-14T10:55:28.661+0200] {processor.py:179} INFO - Processing /home/akhilesh/py39/lib/python3.9/site-packages/airflow/example_dags/example_bash_operator.py took 0.086 seconds
[2023-08-14T10:56:17.477+0200] {processor.py:157} INFO - Started process (PID=460749) to work on /home/akhilesh/py39/lib/python3.9/site-packages/airflow/example_dags/example_bash_operator.py
[2023-08-14T10:56:17.486+0200] {processor.py:826} INFO - Processing file /home/akhilesh/py39/lib/python3.9/site-packages/airflow/example_dags/example_bash_operator.py for tasks to queue
[2023-08-14T10:56:17.487+0200] {logging_mixin.py:150} INFO - [2023-08-14T10:56:17.487+0200] {dagbag.py:541} INFO - Filling up the DagBag from /home/akhilesh/py39/lib/python3.9/site-packages/airflow/example_dags/example_bash_operator.py
[2023-08-14T10:56:17.501+0200] {processor.py:836} INFO - DAG(s) dict_keys(['example_bash_operator']) retrieved from /home/akhilesh/py39/lib/python3.9/site-packages/airflow/example_dags/example_bash_operator.py
[2023-08-14T10:56:17.526+0200] {logging_mixin.py:150} INFO - [2023-08-14T10:56:17.526+0200] {dag.py:2742} INFO - Sync 1 DAGs
[2023-08-14T10:56:17.542+0200] {logging_mixin.py:150} INFO - [2023-08-14T10:56:17.542+0200] {dag.py:3504} INFO - Setting next_dagrun for example_bash_operator to 2023-08-13T00:00:00+00:00, run_after=2023-08-14T00:00:00+00:00
[2023-08-14T10:56:17.565+0200] {processor.py:179} INFO - Processing /home/akhilesh/py39/lib/python3.9/site-packages/airflow/example_dags/example_bash_operator.py took 0.092 seconds
[2023-08-14T10:57:07.980+0200] {processor.py:157} INFO - Started process (PID=460967) to work on /home/akhilesh/py39/lib/python3.9/site-packages/airflow/example_dags/example_bash_operator.py
[2023-08-14T10:57:07.989+0200] {processor.py:826} INFO - Processing file /home/akhilesh/py39/lib/python3.9/site-packages/airflow/example_dags/example_bash_operator.py for tasks to queue
[2023-08-14T10:57:07.990+0200] {logging_mixin.py:150} INFO - [2023-08-14T10:57:07.990+0200] {dagbag.py:541} INFO - Filling up the DagBag from /home/akhilesh/py39/lib/python3.9/site-packages/airflow/example_dags/example_bash_operator.py
[2023-08-14T10:57:08.009+0200] {processor.py:836} INFO - DAG(s) dict_keys(['example_bash_operator']) retrieved from /home/akhilesh/py39/lib/python3.9/site-packages/airflow/example_dags/example_bash_operator.py
[2023-08-14T10:57:08.036+0200] {logging_mixin.py:150} INFO - [2023-08-14T10:57:08.035+0200] {dag.py:2742} INFO - Sync 1 DAGs
[2023-08-14T10:57:08.052+0200] {logging_mixin.py:150} INFO - [2023-08-14T10:57:08.052+0200] {dag.py:3504} INFO - Setting next_dagrun for example_bash_operator to 2023-08-13T00:00:00+00:00, run_after=2023-08-14T00:00:00+00:00
[2023-08-14T10:57:08.080+0200] {processor.py:179} INFO - Processing /home/akhilesh/py39/lib/python3.9/site-packages/airflow/example_dags/example_bash_operator.py took 0.105 seconds
[2023-08-14T10:57:54.543+0200] {processor.py:157} INFO - Started process (PID=461169) to work on /home/akhilesh/py39/lib/python3.9/site-packages/airflow/example_dags/example_bash_operator.py
[2023-08-14T10:57:54.552+0200] {processor.py:826} INFO - Processing file /home/akhilesh/py39/lib/python3.9/site-packages/airflow/example_dags/example_bash_operator.py for tasks to queue
[2023-08-14T10:57:54.554+0200] {logging_mixin.py:150} INFO - [2023-08-14T10:57:54.553+0200] {dagbag.py:541} INFO - Filling up the DagBag from /home/akhilesh/py39/lib/python3.9/site-packages/airflow/example_dags/example_bash_operator.py
[2023-08-14T10:57:54.571+0200] {processor.py:836} INFO - DAG(s) dict_keys(['example_bash_operator']) retrieved from /home/akhilesh/py39/lib/python3.9/site-packages/airflow/example_dags/example_bash_operator.py
[2023-08-14T10:57:54.597+0200] {logging_mixin.py:150} INFO - [2023-08-14T10:57:54.597+0200] {dag.py:2742} INFO - Sync 1 DAGs
[2023-08-14T10:57:54.613+0200] {logging_mixin.py:150} INFO - [2023-08-14T10:57:54.612+0200] {dag.py:3504} INFO - Setting next_dagrun for example_bash_operator to 2023-08-13T00:00:00+00:00, run_after=2023-08-14T00:00:00+00:00
[2023-08-14T10:57:54.634+0200] {processor.py:179} INFO - Processing /home/akhilesh/py39/lib/python3.9/site-packages/airflow/example_dags/example_bash_operator.py took 0.095 seconds
[2023-08-14T10:58:39.777+0200] {processor.py:157} INFO - Started process (PID=461335) to work on /home/akhilesh/py39/lib/python3.9/site-packages/airflow/example_dags/example_bash_operator.py
[2023-08-14T10:58:39.779+0200] {processor.py:826} INFO - Processing file /home/akhilesh/py39/lib/python3.9/site-packages/airflow/example_dags/example_bash_operator.py for tasks to queue
[2023-08-14T10:58:39.781+0200] {logging_mixin.py:150} INFO - [2023-08-14T10:58:39.780+0200] {dagbag.py:541} INFO - Filling up the DagBag from /home/akhilesh/py39/lib/python3.9/site-packages/airflow/example_dags/example_bash_operator.py
[2023-08-14T10:58:39.795+0200] {processor.py:836} INFO - DAG(s) dict_keys(['example_bash_operator']) retrieved from /home/akhilesh/py39/lib/python3.9/site-packages/airflow/example_dags/example_bash_operator.py
[2023-08-14T10:58:39.831+0200] {logging_mixin.py:150} INFO - [2023-08-14T10:58:39.830+0200] {dag.py:2742} INFO - Sync 1 DAGs
[2023-08-14T10:58:39.854+0200] {logging_mixin.py:150} INFO - [2023-08-14T10:58:39.853+0200] {dag.py:3504} INFO - Setting next_dagrun for example_bash_operator to 2023-08-13T00:00:00+00:00, run_after=2023-08-14T00:00:00+00:00
[2023-08-14T10:58:39.891+0200] {processor.py:179} INFO - Processing /home/akhilesh/py39/lib/python3.9/site-packages/airflow/example_dags/example_bash_operator.py took 0.119 seconds
[2023-08-14T10:59:29.350+0200] {processor.py:157} INFO - Started process (PID=461476) to work on /home/akhilesh/py39/lib/python3.9/site-packages/airflow/example_dags/example_bash_operator.py
[2023-08-14T10:59:29.359+0200] {processor.py:826} INFO - Processing file /home/akhilesh/py39/lib/python3.9/site-packages/airflow/example_dags/example_bash_operator.py for tasks to queue
[2023-08-14T10:59:29.360+0200] {logging_mixin.py:150} INFO - [2023-08-14T10:59:29.360+0200] {dagbag.py:541} INFO - Filling up the DagBag from /home/akhilesh/py39/lib/python3.9/site-packages/airflow/example_dags/example_bash_operator.py
[2023-08-14T10:59:29.376+0200] {processor.py:836} INFO - DAG(s) dict_keys(['example_bash_operator']) retrieved from /home/akhilesh/py39/lib/python3.9/site-packages/airflow/example_dags/example_bash_operator.py
[2023-08-14T10:59:29.399+0200] {logging_mixin.py:150} INFO - [2023-08-14T10:59:29.399+0200] {dag.py:2742} INFO - Sync 1 DAGs
[2023-08-14T10:59:29.413+0200] {logging_mixin.py:150} INFO - [2023-08-14T10:59:29.413+0200] {dag.py:3504} INFO - Setting next_dagrun for example_bash_operator to 2023-08-13T00:00:00+00:00, run_after=2023-08-14T00:00:00+00:00
[2023-08-14T10:59:29.449+0200] {processor.py:179} INFO - Processing /home/akhilesh/py39/lib/python3.9/site-packages/airflow/example_dags/example_bash_operator.py took 0.103 seconds
[2023-08-14T11:00:17.952+0200] {processor.py:157} INFO - Started process (PID=461646) to work on /home/akhilesh/py39/lib/python3.9/site-packages/airflow/example_dags/example_bash_operator.py
[2023-08-14T11:00:17.961+0200] {processor.py:826} INFO - Processing file /home/akhilesh/py39/lib/python3.9/site-packages/airflow/example_dags/example_bash_operator.py for tasks to queue
[2023-08-14T11:00:17.962+0200] {logging_mixin.py:150} INFO - [2023-08-14T11:00:17.961+0200] {dagbag.py:541} INFO - Filling up the DagBag from /home/akhilesh/py39/lib/python3.9/site-packages/airflow/example_dags/example_bash_operator.py
[2023-08-14T11:00:17.977+0200] {processor.py:836} INFO - DAG(s) dict_keys(['example_bash_operator']) retrieved from /home/akhilesh/py39/lib/python3.9/site-packages/airflow/example_dags/example_bash_operator.py
[2023-08-14T11:00:18.001+0200] {logging_mixin.py:150} INFO - [2023-08-14T11:00:18.001+0200] {dag.py:2742} INFO - Sync 1 DAGs
[2023-08-14T11:00:18.012+0200] {logging_mixin.py:150} INFO - [2023-08-14T11:00:18.012+0200] {dag.py:3504} INFO - Setting next_dagrun for example_bash_operator to 2023-08-13T00:00:00+00:00, run_after=2023-08-14T00:00:00+00:00
[2023-08-14T11:00:18.028+0200] {processor.py:179} INFO - Processing /home/akhilesh/py39/lib/python3.9/site-packages/airflow/example_dags/example_bash_operator.py took 0.080 seconds
[2023-08-14T11:01:09.769+0200] {processor.py:157} INFO - Started process (PID=461770) to work on /home/akhilesh/py39/lib/python3.9/site-packages/airflow/example_dags/example_bash_operator.py
[2023-08-14T11:01:09.779+0200] {processor.py:826} INFO - Processing file /home/akhilesh/py39/lib/python3.9/site-packages/airflow/example_dags/example_bash_operator.py for tasks to queue
[2023-08-14T11:01:09.780+0200] {logging_mixin.py:150} INFO - [2023-08-14T11:01:09.779+0200] {dagbag.py:541} INFO - Filling up the DagBag from /home/akhilesh/py39/lib/python3.9/site-packages/airflow/example_dags/example_bash_operator.py
[2023-08-14T11:01:09.794+0200] {processor.py:836} INFO - DAG(s) dict_keys(['example_bash_operator']) retrieved from /home/akhilesh/py39/lib/python3.9/site-packages/airflow/example_dags/example_bash_operator.py
[2023-08-14T11:01:09.815+0200] {logging_mixin.py:150} INFO - [2023-08-14T11:01:09.815+0200] {dag.py:2742} INFO - Sync 1 DAGs
[2023-08-14T11:01:09.830+0200] {logging_mixin.py:150} INFO - [2023-08-14T11:01:09.830+0200] {dag.py:3504} INFO - Setting next_dagrun for example_bash_operator to 2023-08-13T00:00:00+00:00, run_after=2023-08-14T00:00:00+00:00
[2023-08-14T11:01:09.853+0200] {processor.py:179} INFO - Processing /home/akhilesh/py39/lib/python3.9/site-packages/airflow/example_dags/example_bash_operator.py took 0.088 seconds
[2023-08-14T11:02:05.460+0200] {processor.py:157} INFO - Started process (PID=462021) to work on /home/akhilesh/py39/lib/python3.9/site-packages/airflow/example_dags/example_bash_operator.py
[2023-08-14T11:02:05.462+0200] {processor.py:826} INFO - Processing file /home/akhilesh/py39/lib/python3.9/site-packages/airflow/example_dags/example_bash_operator.py for tasks to queue
[2023-08-14T11:02:05.463+0200] {logging_mixin.py:150} INFO - [2023-08-14T11:02:05.462+0200] {dagbag.py:541} INFO - Filling up the DagBag from /home/akhilesh/py39/lib/python3.9/site-packages/airflow/example_dags/example_bash_operator.py
[2023-08-14T11:02:05.473+0200] {processor.py:836} INFO - DAG(s) dict_keys(['example_bash_operator']) retrieved from /home/akhilesh/py39/lib/python3.9/site-packages/airflow/example_dags/example_bash_operator.py
[2023-08-14T11:02:05.494+0200] {logging_mixin.py:150} INFO - [2023-08-14T11:02:05.494+0200] {dag.py:2742} INFO - Sync 1 DAGs
[2023-08-14T11:02:05.507+0200] {logging_mixin.py:150} INFO - [2023-08-14T11:02:05.507+0200] {dag.py:3504} INFO - Setting next_dagrun for example_bash_operator to 2023-08-13T00:00:00+00:00, run_after=2023-08-14T00:00:00+00:00
[2023-08-14T11:02:05.533+0200] {processor.py:179} INFO - Processing /home/akhilesh/py39/lib/python3.9/site-packages/airflow/example_dags/example_bash_operator.py took 0.077 seconds
[2023-08-14T11:02:59.141+0200] {processor.py:157} INFO - Started process (PID=462193) to work on /home/akhilesh/py39/lib/python3.9/site-packages/airflow/example_dags/example_bash_operator.py
[2023-08-14T11:02:59.142+0200] {processor.py:826} INFO - Processing file /home/akhilesh/py39/lib/python3.9/site-packages/airflow/example_dags/example_bash_operator.py for tasks to queue
[2023-08-14T11:02:59.143+0200] {logging_mixin.py:150} INFO - [2023-08-14T11:02:59.143+0200] {dagbag.py:541} INFO - Filling up the DagBag from /home/akhilesh/py39/lib/python3.9/site-packages/airflow/example_dags/example_bash_operator.py
[2023-08-14T11:02:59.152+0200] {processor.py:836} INFO - DAG(s) dict_keys(['example_bash_operator']) retrieved from /home/akhilesh/py39/lib/python3.9/site-packages/airflow/example_dags/example_bash_operator.py
[2023-08-14T11:02:59.175+0200] {logging_mixin.py:150} INFO - [2023-08-14T11:02:59.175+0200] {dag.py:2742} INFO - Sync 1 DAGs
[2023-08-14T11:02:59.189+0200] {logging_mixin.py:150} INFO - [2023-08-14T11:02:59.189+0200] {dag.py:3504} INFO - Setting next_dagrun for example_bash_operator to 2023-08-13T00:00:00+00:00, run_after=2023-08-14T00:00:00+00:00
[2023-08-14T11:02:59.214+0200] {processor.py:179} INFO - Processing /home/akhilesh/py39/lib/python3.9/site-packages/airflow/example_dags/example_bash_operator.py took 0.077 seconds
[2023-08-14T11:03:50.210+0200] {processor.py:157} INFO - Started process (PID=462309) to work on /home/akhilesh/py39/lib/python3.9/site-packages/airflow/example_dags/example_bash_operator.py
[2023-08-14T11:03:50.220+0200] {processor.py:826} INFO - Processing file /home/akhilesh/py39/lib/python3.9/site-packages/airflow/example_dags/example_bash_operator.py for tasks to queue
[2023-08-14T11:03:50.221+0200] {logging_mixin.py:150} INFO - [2023-08-14T11:03:50.221+0200] {dagbag.py:541} INFO - Filling up the DagBag from /home/akhilesh/py39/lib/python3.9/site-packages/airflow/example_dags/example_bash_operator.py
[2023-08-14T11:03:50.240+0200] {processor.py:836} INFO - DAG(s) dict_keys(['example_bash_operator']) retrieved from /home/akhilesh/py39/lib/python3.9/site-packages/airflow/example_dags/example_bash_operator.py
[2023-08-14T11:03:50.265+0200] {logging_mixin.py:150} INFO - [2023-08-14T11:03:50.264+0200] {dag.py:2742} INFO - Sync 1 DAGs
[2023-08-14T11:03:50.282+0200] {logging_mixin.py:150} INFO - [2023-08-14T11:03:50.282+0200] {dag.py:3504} INFO - Setting next_dagrun for example_bash_operator to 2023-08-13T00:00:00+00:00, run_after=2023-08-14T00:00:00+00:00
[2023-08-14T11:03:50.315+0200] {processor.py:179} INFO - Processing /home/akhilesh/py39/lib/python3.9/site-packages/airflow/example_dags/example_bash_operator.py took 0.108 seconds
[2023-08-14T11:04:38.782+0200] {processor.py:157} INFO - Started process (PID=462439) to work on /home/akhilesh/py39/lib/python3.9/site-packages/airflow/example_dags/example_bash_operator.py
[2023-08-14T11:04:38.791+0200] {processor.py:826} INFO - Processing file /home/akhilesh/py39/lib/python3.9/site-packages/airflow/example_dags/example_bash_operator.py for tasks to queue
[2023-08-14T11:04:38.793+0200] {logging_mixin.py:150} INFO - [2023-08-14T11:04:38.792+0200] {dagbag.py:541} INFO - Filling up the DagBag from /home/akhilesh/py39/lib/python3.9/site-packages/airflow/example_dags/example_bash_operator.py
[2023-08-14T11:04:38.806+0200] {processor.py:836} INFO - DAG(s) dict_keys(['example_bash_operator']) retrieved from /home/akhilesh/py39/lib/python3.9/site-packages/airflow/example_dags/example_bash_operator.py
[2023-08-14T11:04:38.827+0200] {logging_mixin.py:150} INFO - [2023-08-14T11:04:38.827+0200] {dag.py:2742} INFO - Sync 1 DAGs
[2023-08-14T11:04:38.841+0200] {logging_mixin.py:150} INFO - [2023-08-14T11:04:38.841+0200] {dag.py:3504} INFO - Setting next_dagrun for example_bash_operator to 2023-08-13T00:00:00+00:00, run_after=2023-08-14T00:00:00+00:00
[2023-08-14T11:04:38.865+0200] {processor.py:179} INFO - Processing /home/akhilesh/py39/lib/python3.9/site-packages/airflow/example_dags/example_bash_operator.py took 0.087 seconds
[2023-08-14T11:05:32.926+0200] {processor.py:157} INFO - Started process (PID=462591) to work on /home/akhilesh/py39/lib/python3.9/site-packages/airflow/example_dags/example_bash_operator.py
[2023-08-14T11:05:32.935+0200] {processor.py:826} INFO - Processing file /home/akhilesh/py39/lib/python3.9/site-packages/airflow/example_dags/example_bash_operator.py for tasks to queue
[2023-08-14T11:05:32.936+0200] {logging_mixin.py:150} INFO - [2023-08-14T11:05:32.936+0200] {dagbag.py:541} INFO - Filling up the DagBag from /home/akhilesh/py39/lib/python3.9/site-packages/airflow/example_dags/example_bash_operator.py
[2023-08-14T11:05:32.952+0200] {processor.py:836} INFO - DAG(s) dict_keys(['example_bash_operator']) retrieved from /home/akhilesh/py39/lib/python3.9/site-packages/airflow/example_dags/example_bash_operator.py
[2023-08-14T11:05:32.977+0200] {logging_mixin.py:150} INFO - [2023-08-14T11:05:32.977+0200] {dag.py:2742} INFO - Sync 1 DAGs
[2023-08-14T11:05:32.992+0200] {logging_mixin.py:150} INFO - [2023-08-14T11:05:32.991+0200] {dag.py:3504} INFO - Setting next_dagrun for example_bash_operator to 2023-08-13T00:00:00+00:00, run_after=2023-08-14T00:00:00+00:00
[2023-08-14T11:05:33.017+0200] {processor.py:179} INFO - Processing /home/akhilesh/py39/lib/python3.9/site-packages/airflow/example_dags/example_bash_operator.py took 0.097 seconds
[2023-08-14T11:06:23.782+0200] {processor.py:157} INFO - Started process (PID=462758) to work on /home/akhilesh/py39/lib/python3.9/site-packages/airflow/example_dags/example_bash_operator.py
[2023-08-14T11:06:23.791+0200] {processor.py:826} INFO - Processing file /home/akhilesh/py39/lib/python3.9/site-packages/airflow/example_dags/example_bash_operator.py for tasks to queue
[2023-08-14T11:06:23.792+0200] {logging_mixin.py:150} INFO - [2023-08-14T11:06:23.792+0200] {dagbag.py:541} INFO - Filling up the DagBag from /home/akhilesh/py39/lib/python3.9/site-packages/airflow/example_dags/example_bash_operator.py
[2023-08-14T11:06:23.805+0200] {processor.py:836} INFO - DAG(s) dict_keys(['example_bash_operator']) retrieved from /home/akhilesh/py39/lib/python3.9/site-packages/airflow/example_dags/example_bash_operator.py
[2023-08-14T11:06:23.827+0200] {logging_mixin.py:150} INFO - [2023-08-14T11:06:23.827+0200] {dag.py:2742} INFO - Sync 1 DAGs
[2023-08-14T11:06:23.840+0200] {logging_mixin.py:150} INFO - [2023-08-14T11:06:23.839+0200] {dag.py:3504} INFO - Setting next_dagrun for example_bash_operator to 2023-08-13T00:00:00+00:00, run_after=2023-08-14T00:00:00+00:00
[2023-08-14T11:06:23.861+0200] {processor.py:179} INFO - Processing /home/akhilesh/py39/lib/python3.9/site-packages/airflow/example_dags/example_bash_operator.py took 0.083 seconds
[2023-08-14T11:07:13.262+0200] {processor.py:157} INFO - Started process (PID=462926) to work on /home/akhilesh/py39/lib/python3.9/site-packages/airflow/example_dags/example_bash_operator.py
[2023-08-14T11:07:13.271+0200] {processor.py:826} INFO - Processing file /home/akhilesh/py39/lib/python3.9/site-packages/airflow/example_dags/example_bash_operator.py for tasks to queue
[2023-08-14T11:07:13.272+0200] {logging_mixin.py:150} INFO - [2023-08-14T11:07:13.272+0200] {dagbag.py:541} INFO - Filling up the DagBag from /home/akhilesh/py39/lib/python3.9/site-packages/airflow/example_dags/example_bash_operator.py
[2023-08-14T11:07:13.288+0200] {processor.py:836} INFO - DAG(s) dict_keys(['example_bash_operator']) retrieved from /home/akhilesh/py39/lib/python3.9/site-packages/airflow/example_dags/example_bash_operator.py
[2023-08-14T11:07:13.310+0200] {logging_mixin.py:150} INFO - [2023-08-14T11:07:13.310+0200] {dag.py:2742} INFO - Sync 1 DAGs
[2023-08-14T11:07:13.326+0200] {logging_mixin.py:150} INFO - [2023-08-14T11:07:13.326+0200] {dag.py:3504} INFO - Setting next_dagrun for example_bash_operator to 2023-08-13T00:00:00+00:00, run_after=2023-08-14T00:00:00+00:00
[2023-08-14T11:07:13.356+0200] {processor.py:179} INFO - Processing /home/akhilesh/py39/lib/python3.9/site-packages/airflow/example_dags/example_bash_operator.py took 0.098 seconds
[2023-08-14T11:08:06.602+0200] {processor.py:157} INFO - Started process (PID=463105) to work on /home/akhilesh/py39/lib/python3.9/site-packages/airflow/example_dags/example_bash_operator.py
[2023-08-14T11:08:06.611+0200] {processor.py:826} INFO - Processing file /home/akhilesh/py39/lib/python3.9/site-packages/airflow/example_dags/example_bash_operator.py for tasks to queue
[2023-08-14T11:08:06.613+0200] {logging_mixin.py:150} INFO - [2023-08-14T11:08:06.612+0200] {dagbag.py:541} INFO - Filling up the DagBag from /home/akhilesh/py39/lib/python3.9/site-packages/airflow/example_dags/example_bash_operator.py
[2023-08-14T11:08:06.628+0200] {processor.py:836} INFO - DAG(s) dict_keys(['example_bash_operator']) retrieved from /home/akhilesh/py39/lib/python3.9/site-packages/airflow/example_dags/example_bash_operator.py
[2023-08-14T11:08:06.649+0200] {logging_mixin.py:150} INFO - [2023-08-14T11:08:06.649+0200] {dag.py:2742} INFO - Sync 1 DAGs
[2023-08-14T11:08:06.662+0200] {logging_mixin.py:150} INFO - [2023-08-14T11:08:06.662+0200] {dag.py:3504} INFO - Setting next_dagrun for example_bash_operator to 2023-08-13T00:00:00+00:00, run_after=2023-08-14T00:00:00+00:00
[2023-08-14T11:08:06.685+0200] {processor.py:179} INFO - Processing /home/akhilesh/py39/lib/python3.9/site-packages/airflow/example_dags/example_bash_operator.py took 0.087 seconds
[2023-08-14T11:08:57.213+0200] {processor.py:157} INFO - Started process (PID=463278) to work on /home/akhilesh/py39/lib/python3.9/site-packages/airflow/example_dags/example_bash_operator.py
[2023-08-14T11:08:57.215+0200] {processor.py:826} INFO - Processing file /home/akhilesh/py39/lib/python3.9/site-packages/airflow/example_dags/example_bash_operator.py for tasks to queue
[2023-08-14T11:08:57.216+0200] {logging_mixin.py:150} INFO - [2023-08-14T11:08:57.215+0200] {dagbag.py:541} INFO - Filling up the DagBag from /home/akhilesh/py39/lib/python3.9/site-packages/airflow/example_dags/example_bash_operator.py
[2023-08-14T11:08:57.227+0200] {processor.py:836} INFO - DAG(s) dict_keys(['example_bash_operator']) retrieved from /home/akhilesh/py39/lib/python3.9/site-packages/airflow/example_dags/example_bash_operator.py
[2023-08-14T11:08:57.251+0200] {logging_mixin.py:150} INFO - [2023-08-14T11:08:57.250+0200] {dag.py:2742} INFO - Sync 1 DAGs
[2023-08-14T11:08:57.266+0200] {logging_mixin.py:150} INFO - [2023-08-14T11:08:57.266+0200] {dag.py:3504} INFO - Setting next_dagrun for example_bash_operator to 2023-08-13T00:00:00+00:00, run_after=2023-08-14T00:00:00+00:00
[2023-08-14T11:08:57.291+0200] {processor.py:179} INFO - Processing /home/akhilesh/py39/lib/python3.9/site-packages/airflow/example_dags/example_bash_operator.py took 0.082 seconds
[2023-08-14T11:10:57.534+0200] {processor.py:157} INFO - Started process (PID=463676) to work on /home/akhilesh/py39/lib/python3.9/site-packages/airflow/example_dags/example_bash_operator.py
[2023-08-14T11:10:57.543+0200] {processor.py:826} INFO - Processing file /home/akhilesh/py39/lib/python3.9/site-packages/airflow/example_dags/example_bash_operator.py for tasks to queue
[2023-08-14T11:10:57.545+0200] {logging_mixin.py:150} INFO - [2023-08-14T11:10:57.544+0200] {dagbag.py:541} INFO - Filling up the DagBag from /home/akhilesh/py39/lib/python3.9/site-packages/airflow/example_dags/example_bash_operator.py
[2023-08-14T11:10:57.561+0200] {processor.py:836} INFO - DAG(s) dict_keys(['example_bash_operator']) retrieved from /home/akhilesh/py39/lib/python3.9/site-packages/airflow/example_dags/example_bash_operator.py
[2023-08-14T11:10:57.586+0200] {logging_mixin.py:150} INFO - [2023-08-14T11:10:57.585+0200] {dag.py:2742} INFO - Sync 1 DAGs
[2023-08-14T11:10:57.601+0200] {logging_mixin.py:150} INFO - [2023-08-14T11:10:57.601+0200] {dag.py:3504} INFO - Setting next_dagrun for example_bash_operator to 2023-08-13T00:00:00+00:00, run_after=2023-08-14T00:00:00+00:00
[2023-08-14T11:10:57.625+0200] {processor.py:179} INFO - Processing /home/akhilesh/py39/lib/python3.9/site-packages/airflow/example_dags/example_bash_operator.py took 0.094 seconds
[2023-08-14T11:12:01.062+0200] {processor.py:157} INFO - Started process (PID=464030) to work on /home/akhilesh/py39/lib/python3.9/site-packages/airflow/example_dags/example_bash_operator.py
[2023-08-14T11:12:01.072+0200] {processor.py:826} INFO - Processing file /home/akhilesh/py39/lib/python3.9/site-packages/airflow/example_dags/example_bash_operator.py for tasks to queue
[2023-08-14T11:12:01.073+0200] {logging_mixin.py:150} INFO - [2023-08-14T11:12:01.072+0200] {dagbag.py:541} INFO - Filling up the DagBag from /home/akhilesh/py39/lib/python3.9/site-packages/airflow/example_dags/example_bash_operator.py
[2023-08-14T11:12:01.086+0200] {processor.py:836} INFO - DAG(s) dict_keys(['example_bash_operator']) retrieved from /home/akhilesh/py39/lib/python3.9/site-packages/airflow/example_dags/example_bash_operator.py
[2023-08-14T11:12:01.107+0200] {logging_mixin.py:150} INFO - [2023-08-14T11:12:01.107+0200] {dag.py:2742} INFO - Sync 1 DAGs
[2023-08-14T11:12:01.120+0200] {logging_mixin.py:150} INFO - [2023-08-14T11:12:01.120+0200] {dag.py:3504} INFO - Setting next_dagrun for example_bash_operator to 2023-08-13T00:00:00+00:00, run_after=2023-08-14T00:00:00+00:00
[2023-08-14T11:12:01.145+0200] {processor.py:179} INFO - Processing /home/akhilesh/py39/lib/python3.9/site-packages/airflow/example_dags/example_bash_operator.py took 0.087 seconds
[2023-08-14T11:12:46.837+0200] {processor.py:157} INFO - Started process (PID=464175) to work on /home/akhilesh/py39/lib/python3.9/site-packages/airflow/example_dags/example_bash_operator.py
[2023-08-14T11:12:46.846+0200] {processor.py:826} INFO - Processing file /home/akhilesh/py39/lib/python3.9/site-packages/airflow/example_dags/example_bash_operator.py for tasks to queue
[2023-08-14T11:12:46.848+0200] {logging_mixin.py:150} INFO - [2023-08-14T11:12:46.847+0200] {dagbag.py:541} INFO - Filling up the DagBag from /home/akhilesh/py39/lib/python3.9/site-packages/airflow/example_dags/example_bash_operator.py
[2023-08-14T11:12:46.864+0200] {processor.py:836} INFO - DAG(s) dict_keys(['example_bash_operator']) retrieved from /home/akhilesh/py39/lib/python3.9/site-packages/airflow/example_dags/example_bash_operator.py
[2023-08-14T11:12:46.886+0200] {logging_mixin.py:150} INFO - [2023-08-14T11:12:46.886+0200] {dag.py:2742} INFO - Sync 1 DAGs
[2023-08-14T11:12:46.902+0200] {logging_mixin.py:150} INFO - [2023-08-14T11:12:46.902+0200] {dag.py:3504} INFO - Setting next_dagrun for example_bash_operator to 2023-08-13T00:00:00+00:00, run_after=2023-08-14T00:00:00+00:00
[2023-08-14T11:12:46.940+0200] {processor.py:179} INFO - Processing /home/akhilesh/py39/lib/python3.9/site-packages/airflow/example_dags/example_bash_operator.py took 0.107 seconds
[2023-08-14T11:15:26.892+0200] {processor.py:157} INFO - Started process (PID=464862) to work on /home/akhilesh/py39/lib/python3.9/site-packages/airflow/example_dags/example_bash_operator.py
[2023-08-14T11:15:26.901+0200] {processor.py:826} INFO - Processing file /home/akhilesh/py39/lib/python3.9/site-packages/airflow/example_dags/example_bash_operator.py for tasks to queue
[2023-08-14T11:15:26.903+0200] {logging_mixin.py:150} INFO - [2023-08-14T11:15:26.902+0200] {dagbag.py:541} INFO - Filling up the DagBag from /home/akhilesh/py39/lib/python3.9/site-packages/airflow/example_dags/example_bash_operator.py
[2023-08-14T11:15:26.919+0200] {processor.py:836} INFO - DAG(s) dict_keys(['example_bash_operator']) retrieved from /home/akhilesh/py39/lib/python3.9/site-packages/airflow/example_dags/example_bash_operator.py
[2023-08-14T11:15:26.944+0200] {logging_mixin.py:150} INFO - [2023-08-14T11:15:26.943+0200] {dag.py:2742} INFO - Sync 1 DAGs
[2023-08-14T11:15:26.956+0200] {logging_mixin.py:150} INFO - [2023-08-14T11:15:26.956+0200] {dag.py:3504} INFO - Setting next_dagrun for example_bash_operator to 2023-08-13T00:00:00+00:00, run_after=2023-08-14T00:00:00+00:00
[2023-08-14T11:15:26.980+0200] {processor.py:179} INFO - Processing /home/akhilesh/py39/lib/python3.9/site-packages/airflow/example_dags/example_bash_operator.py took 0.093 seconds
[2023-08-14T11:16:13.927+0200] {processor.py:157} INFO - Started process (PID=465024) to work on /home/akhilesh/py39/lib/python3.9/site-packages/airflow/example_dags/example_bash_operator.py
[2023-08-14T11:16:13.936+0200] {processor.py:826} INFO - Processing file /home/akhilesh/py39/lib/python3.9/site-packages/airflow/example_dags/example_bash_operator.py for tasks to queue
[2023-08-14T11:16:13.938+0200] {logging_mixin.py:150} INFO - [2023-08-14T11:16:13.937+0200] {dagbag.py:541} INFO - Filling up the DagBag from /home/akhilesh/py39/lib/python3.9/site-packages/airflow/example_dags/example_bash_operator.py
[2023-08-14T11:16:13.955+0200] {processor.py:836} INFO - DAG(s) dict_keys(['example_bash_operator']) retrieved from /home/akhilesh/py39/lib/python3.9/site-packages/airflow/example_dags/example_bash_operator.py
[2023-08-14T11:16:13.977+0200] {logging_mixin.py:150} INFO - [2023-08-14T11:16:13.976+0200] {dag.py:2742} INFO - Sync 1 DAGs
[2023-08-14T11:16:13.990+0200] {logging_mixin.py:150} INFO - [2023-08-14T11:16:13.990+0200] {dag.py:3504} INFO - Setting next_dagrun for example_bash_operator to 2023-08-13T00:00:00+00:00, run_after=2023-08-14T00:00:00+00:00
[2023-08-14T11:16:14.016+0200] {processor.py:179} INFO - Processing /home/akhilesh/py39/lib/python3.9/site-packages/airflow/example_dags/example_bash_operator.py took 0.092 seconds
[2023-08-14T11:17:08.399+0200] {processor.py:157} INFO - Started process (PID=465173) to work on /home/akhilesh/py39/lib/python3.9/site-packages/airflow/example_dags/example_bash_operator.py
[2023-08-14T11:17:08.408+0200] {processor.py:826} INFO - Processing file /home/akhilesh/py39/lib/python3.9/site-packages/airflow/example_dags/example_bash_operator.py for tasks to queue
[2023-08-14T11:17:08.409+0200] {logging_mixin.py:150} INFO - [2023-08-14T11:17:08.409+0200] {dagbag.py:541} INFO - Filling up the DagBag from /home/akhilesh/py39/lib/python3.9/site-packages/airflow/example_dags/example_bash_operator.py
[2023-08-14T11:17:08.424+0200] {processor.py:836} INFO - DAG(s) dict_keys(['example_bash_operator']) retrieved from /home/akhilesh/py39/lib/python3.9/site-packages/airflow/example_dags/example_bash_operator.py
[2023-08-14T11:17:08.449+0200] {logging_mixin.py:150} INFO - [2023-08-14T11:17:08.449+0200] {dag.py:2742} INFO - Sync 1 DAGs
[2023-08-14T11:17:08.464+0200] {logging_mixin.py:150} INFO - [2023-08-14T11:17:08.464+0200] {dag.py:3504} INFO - Setting next_dagrun for example_bash_operator to 2023-08-13T00:00:00+00:00, run_after=2023-08-14T00:00:00+00:00
[2023-08-14T11:17:08.502+0200] {processor.py:179} INFO - Processing /home/akhilesh/py39/lib/python3.9/site-packages/airflow/example_dags/example_bash_operator.py took 0.107 seconds
[2023-08-14T11:18:01.302+0200] {processor.py:157} INFO - Started process (PID=465321) to work on /home/akhilesh/py39/lib/python3.9/site-packages/airflow/example_dags/example_bash_operator.py
[2023-08-14T11:18:01.311+0200] {processor.py:826} INFO - Processing file /home/akhilesh/py39/lib/python3.9/site-packages/airflow/example_dags/example_bash_operator.py for tasks to queue
[2023-08-14T11:18:01.312+0200] {logging_mixin.py:150} INFO - [2023-08-14T11:18:01.312+0200] {dagbag.py:541} INFO - Filling up the DagBag from /home/akhilesh/py39/lib/python3.9/site-packages/airflow/example_dags/example_bash_operator.py
[2023-08-14T11:18:01.326+0200] {processor.py:836} INFO - DAG(s) dict_keys(['example_bash_operator']) retrieved from /home/akhilesh/py39/lib/python3.9/site-packages/airflow/example_dags/example_bash_operator.py
[2023-08-14T11:18:01.347+0200] {logging_mixin.py:150} INFO - [2023-08-14T11:18:01.347+0200] {dag.py:2742} INFO - Sync 1 DAGs
[2023-08-14T11:18:01.361+0200] {logging_mixin.py:150} INFO - [2023-08-14T11:18:01.361+0200] {dag.py:3504} INFO - Setting next_dagrun for example_bash_operator to 2023-08-13T00:00:00+00:00, run_after=2023-08-14T00:00:00+00:00
[2023-08-14T11:18:01.390+0200] {processor.py:179} INFO - Processing /home/akhilesh/py39/lib/python3.9/site-packages/airflow/example_dags/example_bash_operator.py took 0.092 seconds
[2023-08-14T11:18:52.172+0200] {processor.py:157} INFO - Started process (PID=465624) to work on /home/akhilesh/py39/lib/python3.9/site-packages/airflow/example_dags/example_bash_operator.py
[2023-08-14T11:18:52.181+0200] {processor.py:826} INFO - Processing file /home/akhilesh/py39/lib/python3.9/site-packages/airflow/example_dags/example_bash_operator.py for tasks to queue
[2023-08-14T11:18:52.182+0200] {logging_mixin.py:150} INFO - [2023-08-14T11:18:52.182+0200] {dagbag.py:541} INFO - Filling up the DagBag from /home/akhilesh/py39/lib/python3.9/site-packages/airflow/example_dags/example_bash_operator.py
[2023-08-14T11:18:52.199+0200] {processor.py:836} INFO - DAG(s) dict_keys(['example_bash_operator']) retrieved from /home/akhilesh/py39/lib/python3.9/site-packages/airflow/example_dags/example_bash_operator.py
[2023-08-14T11:18:52.227+0200] {logging_mixin.py:150} INFO - [2023-08-14T11:18:52.227+0200] {dag.py:2742} INFO - Sync 1 DAGs
[2023-08-14T11:18:52.242+0200] {logging_mixin.py:150} INFO - [2023-08-14T11:18:52.242+0200] {dag.py:3504} INFO - Setting next_dagrun for example_bash_operator to 2023-08-13T00:00:00+00:00, run_after=2023-08-14T00:00:00+00:00
[2023-08-14T11:18:52.268+0200] {processor.py:179} INFO - Processing /home/akhilesh/py39/lib/python3.9/site-packages/airflow/example_dags/example_bash_operator.py took 0.101 seconds
[2023-08-14T11:20:43.895+0200] {processor.py:157} INFO - Started process (PID=465973) to work on /home/akhilesh/py39/lib/python3.9/site-packages/airflow/example_dags/example_bash_operator.py
[2023-08-14T11:20:43.896+0200] {processor.py:826} INFO - Processing file /home/akhilesh/py39/lib/python3.9/site-packages/airflow/example_dags/example_bash_operator.py for tasks to queue
[2023-08-14T11:20:43.897+0200] {logging_mixin.py:150} INFO - [2023-08-14T11:20:43.897+0200] {dagbag.py:541} INFO - Filling up the DagBag from /home/akhilesh/py39/lib/python3.9/site-packages/airflow/example_dags/example_bash_operator.py
[2023-08-14T11:20:43.905+0200] {processor.py:836} INFO - DAG(s) dict_keys(['example_bash_operator']) retrieved from /home/akhilesh/py39/lib/python3.9/site-packages/airflow/example_dags/example_bash_operator.py
[2023-08-14T11:20:43.924+0200] {logging_mixin.py:150} INFO - [2023-08-14T11:20:43.924+0200] {dag.py:2742} INFO - Sync 1 DAGs
[2023-08-14T11:20:43.936+0200] {logging_mixin.py:150} INFO - [2023-08-14T11:20:43.936+0200] {dag.py:3504} INFO - Setting next_dagrun for example_bash_operator to 2023-08-13T00:00:00+00:00, run_after=2023-08-14T00:00:00+00:00
[2023-08-14T11:20:43.961+0200] {processor.py:179} INFO - Processing /home/akhilesh/py39/lib/python3.9/site-packages/airflow/example_dags/example_bash_operator.py took 0.069 seconds
[2023-08-14T11:21:29.125+0200] {processor.py:157} INFO - Started process (PID=466128) to work on /home/akhilesh/py39/lib/python3.9/site-packages/airflow/example_dags/example_bash_operator.py
[2023-08-14T11:21:29.134+0200] {processor.py:826} INFO - Processing file /home/akhilesh/py39/lib/python3.9/site-packages/airflow/example_dags/example_bash_operator.py for tasks to queue
[2023-08-14T11:21:29.136+0200] {logging_mixin.py:150} INFO - [2023-08-14T11:21:29.135+0200] {dagbag.py:541} INFO - Filling up the DagBag from /home/akhilesh/py39/lib/python3.9/site-packages/airflow/example_dags/example_bash_operator.py
[2023-08-14T11:21:29.148+0200] {processor.py:836} INFO - DAG(s) dict_keys(['example_bash_operator']) retrieved from /home/akhilesh/py39/lib/python3.9/site-packages/airflow/example_dags/example_bash_operator.py
[2023-08-14T11:21:29.171+0200] {logging_mixin.py:150} INFO - [2023-08-14T11:21:29.170+0200] {dag.py:2742} INFO - Sync 1 DAGs
[2023-08-14T11:21:29.186+0200] {logging_mixin.py:150} INFO - [2023-08-14T11:21:29.185+0200] {dag.py:3504} INFO - Setting next_dagrun for example_bash_operator to 2023-08-13T00:00:00+00:00, run_after=2023-08-14T00:00:00+00:00
[2023-08-14T11:21:29.222+0200] {processor.py:179} INFO - Processing /home/akhilesh/py39/lib/python3.9/site-packages/airflow/example_dags/example_bash_operator.py took 0.101 seconds
[2023-08-14T11:22:16.618+0200] {processor.py:157} INFO - Started process (PID=466275) to work on /home/akhilesh/py39/lib/python3.9/site-packages/airflow/example_dags/example_bash_operator.py
[2023-08-14T11:22:16.627+0200] {processor.py:826} INFO - Processing file /home/akhilesh/py39/lib/python3.9/site-packages/airflow/example_dags/example_bash_operator.py for tasks to queue
[2023-08-14T11:22:16.629+0200] {logging_mixin.py:150} INFO - [2023-08-14T11:22:16.628+0200] {dagbag.py:541} INFO - Filling up the DagBag from /home/akhilesh/py39/lib/python3.9/site-packages/airflow/example_dags/example_bash_operator.py
[2023-08-14T11:22:16.642+0200] {processor.py:836} INFO - DAG(s) dict_keys(['example_bash_operator']) retrieved from /home/akhilesh/py39/lib/python3.9/site-packages/airflow/example_dags/example_bash_operator.py
[2023-08-14T11:22:16.662+0200] {logging_mixin.py:150} INFO - [2023-08-14T11:22:16.662+0200] {dag.py:2742} INFO - Sync 1 DAGs
[2023-08-14T11:22:16.673+0200] {logging_mixin.py:150} INFO - [2023-08-14T11:22:16.673+0200] {dag.py:3504} INFO - Setting next_dagrun for example_bash_operator to 2023-08-13T00:00:00+00:00, run_after=2023-08-14T00:00:00+00:00
[2023-08-14T11:22:16.701+0200] {processor.py:179} INFO - Processing /home/akhilesh/py39/lib/python3.9/site-packages/airflow/example_dags/example_bash_operator.py took 0.087 seconds
[2023-08-14T11:23:11.178+0200] {processor.py:157} INFO - Started process (PID=466683) to work on /home/akhilesh/py39/lib/python3.9/site-packages/airflow/example_dags/example_bash_operator.py
[2023-08-14T11:23:11.187+0200] {processor.py:826} INFO - Processing file /home/akhilesh/py39/lib/python3.9/site-packages/airflow/example_dags/example_bash_operator.py for tasks to queue
[2023-08-14T11:23:11.188+0200] {logging_mixin.py:150} INFO - [2023-08-14T11:23:11.188+0200] {dagbag.py:541} INFO - Filling up the DagBag from /home/akhilesh/py39/lib/python3.9/site-packages/airflow/example_dags/example_bash_operator.py
[2023-08-14T11:23:11.202+0200] {processor.py:836} INFO - DAG(s) dict_keys(['example_bash_operator']) retrieved from /home/akhilesh/py39/lib/python3.9/site-packages/airflow/example_dags/example_bash_operator.py
[2023-08-14T11:23:11.224+0200] {logging_mixin.py:150} INFO - [2023-08-14T11:23:11.224+0200] {dag.py:2742} INFO - Sync 1 DAGs
[2023-08-14T11:23:11.240+0200] {logging_mixin.py:150} INFO - [2023-08-14T11:23:11.240+0200] {dag.py:3504} INFO - Setting next_dagrun for example_bash_operator to 2023-08-13T00:00:00+00:00, run_after=2023-08-14T00:00:00+00:00
[2023-08-14T11:23:11.269+0200] {processor.py:179} INFO - Processing /home/akhilesh/py39/lib/python3.9/site-packages/airflow/example_dags/example_bash_operator.py took 0.095 seconds
[2023-08-14T11:23:59.358+0200] {processor.py:157} INFO - Started process (PID=467110) to work on /home/akhilesh/py39/lib/python3.9/site-packages/airflow/example_dags/example_bash_operator.py
[2023-08-14T11:23:59.367+0200] {processor.py:826} INFO - Processing file /home/akhilesh/py39/lib/python3.9/site-packages/airflow/example_dags/example_bash_operator.py for tasks to queue
[2023-08-14T11:23:59.369+0200] {logging_mixin.py:150} INFO - [2023-08-14T11:23:59.368+0200] {dagbag.py:541} INFO - Filling up the DagBag from /home/akhilesh/py39/lib/python3.9/site-packages/airflow/example_dags/example_bash_operator.py
[2023-08-14T11:23:59.383+0200] {processor.py:836} INFO - DAG(s) dict_keys(['example_bash_operator']) retrieved from /home/akhilesh/py39/lib/python3.9/site-packages/airflow/example_dags/example_bash_operator.py
[2023-08-14T11:23:59.404+0200] {logging_mixin.py:150} INFO - [2023-08-14T11:23:59.404+0200] {dag.py:2742} INFO - Sync 1 DAGs
[2023-08-14T11:23:59.418+0200] {logging_mixin.py:150} INFO - [2023-08-14T11:23:59.418+0200] {dag.py:3504} INFO - Setting next_dagrun for example_bash_operator to 2023-08-13T00:00:00+00:00, run_after=2023-08-14T00:00:00+00:00
[2023-08-14T11:23:59.442+0200] {processor.py:179} INFO - Processing /home/akhilesh/py39/lib/python3.9/site-packages/airflow/example_dags/example_bash_operator.py took 0.090 seconds
[2023-08-14T11:24:48.726+0200] {processor.py:157} INFO - Started process (PID=467269) to work on /home/akhilesh/py39/lib/python3.9/site-packages/airflow/example_dags/example_bash_operator.py
[2023-08-14T11:24:48.735+0200] {processor.py:826} INFO - Processing file /home/akhilesh/py39/lib/python3.9/site-packages/airflow/example_dags/example_bash_operator.py for tasks to queue
[2023-08-14T11:24:48.737+0200] {logging_mixin.py:150} INFO - [2023-08-14T11:24:48.736+0200] {dagbag.py:541} INFO - Filling up the DagBag from /home/akhilesh/py39/lib/python3.9/site-packages/airflow/example_dags/example_bash_operator.py
[2023-08-14T11:24:48.752+0200] {processor.py:836} INFO - DAG(s) dict_keys(['example_bash_operator']) retrieved from /home/akhilesh/py39/lib/python3.9/site-packages/airflow/example_dags/example_bash_operator.py
[2023-08-14T11:24:48.773+0200] {logging_mixin.py:150} INFO - [2023-08-14T11:24:48.772+0200] {dag.py:2742} INFO - Sync 1 DAGs
[2023-08-14T11:24:48.786+0200] {logging_mixin.py:150} INFO - [2023-08-14T11:24:48.786+0200] {dag.py:3504} INFO - Setting next_dagrun for example_bash_operator to 2023-08-13T00:00:00+00:00, run_after=2023-08-14T00:00:00+00:00
[2023-08-14T11:24:48.814+0200] {processor.py:179} INFO - Processing /home/akhilesh/py39/lib/python3.9/site-packages/airflow/example_dags/example_bash_operator.py took 0.092 seconds
[2023-08-14T11:25:37.594+0200] {processor.py:157} INFO - Started process (PID=467851) to work on /home/akhilesh/py39/lib/python3.9/site-packages/airflow/example_dags/example_bash_operator.py
[2023-08-14T11:25:37.603+0200] {processor.py:826} INFO - Processing file /home/akhilesh/py39/lib/python3.9/site-packages/airflow/example_dags/example_bash_operator.py for tasks to queue
[2023-08-14T11:25:37.604+0200] {logging_mixin.py:150} INFO - [2023-08-14T11:25:37.604+0200] {dagbag.py:541} INFO - Filling up the DagBag from /home/akhilesh/py39/lib/python3.9/site-packages/airflow/example_dags/example_bash_operator.py
[2023-08-14T11:25:37.616+0200] {processor.py:836} INFO - DAG(s) dict_keys(['example_bash_operator']) retrieved from /home/akhilesh/py39/lib/python3.9/site-packages/airflow/example_dags/example_bash_operator.py
[2023-08-14T11:25:37.641+0200] {logging_mixin.py:150} INFO - [2023-08-14T11:25:37.641+0200] {dag.py:2742} INFO - Sync 1 DAGs
[2023-08-14T11:25:37.656+0200] {logging_mixin.py:150} INFO - [2023-08-14T11:25:37.656+0200] {dag.py:3504} INFO - Setting next_dagrun for example_bash_operator to 2023-08-13T00:00:00+00:00, run_after=2023-08-14T00:00:00+00:00
[2023-08-14T11:25:37.686+0200] {processor.py:179} INFO - Processing /home/akhilesh/py39/lib/python3.9/site-packages/airflow/example_dags/example_bash_operator.py took 0.097 seconds
