[2023-08-14T10:21:51.983+0200] {processor.py:157} INFO - Started process (PID=452801) to work on /home/akhilesh/py39/lib/python3.9/site-packages/airflow/example_dags/example_kubernetes_executor.py
[2023-08-14T10:21:51.985+0200] {processor.py:826} INFO - Processing file /home/akhilesh/py39/lib/python3.9/site-packages/airflow/example_dags/example_kubernetes_executor.py for tasks to queue
[2023-08-14T10:21:51.986+0200] {logging_mixin.py:150} INFO - [2023-08-14T10:21:51.985+0200] {dagbag.py:541} INFO - Filling up the DagBag from /home/akhilesh/py39/lib/python3.9/site-packages/airflow/example_dags/example_kubernetes_executor.py
[2023-08-14T10:21:51.989+0200] {logging_mixin.py:150} INFO - [2023-08-14T10:21:51.988+0200] {example_kubernetes_executor.py:41} WARNING - The example_kubernetes_executor example DAG requires the kubernetes provider. Please install it with: pip install apache-airflow[cncf.kubernetes]
[2023-08-14T10:21:51.989+0200] {processor.py:838} WARNING - No viable dags retrieved from /home/akhilesh/py39/lib/python3.9/site-packages/airflow/example_dags/example_kubernetes_executor.py
[2023-08-14T10:21:51.995+0200] {processor.py:179} INFO - Processing /home/akhilesh/py39/lib/python3.9/site-packages/airflow/example_dags/example_kubernetes_executor.py took 0.015 seconds
[2023-08-14T10:22:53.751+0200] {processor.py:157} INFO - Started process (PID=453519) to work on /home/akhilesh/py39/lib/python3.9/site-packages/airflow/example_dags/example_kubernetes_executor.py
[2023-08-14T10:22:53.760+0200] {processor.py:826} INFO - Processing file /home/akhilesh/py39/lib/python3.9/site-packages/airflow/example_dags/example_kubernetes_executor.py for tasks to queue
[2023-08-14T10:22:53.762+0200] {logging_mixin.py:150} INFO - [2023-08-14T10:22:53.761+0200] {dagbag.py:541} INFO - Filling up the DagBag from /home/akhilesh/py39/lib/python3.9/site-packages/airflow/example_dags/example_kubernetes_executor.py
[2023-08-14T10:22:53.767+0200] {logging_mixin.py:150} INFO - [2023-08-14T10:22:53.767+0200] {example_kubernetes_executor.py:41} WARNING - The example_kubernetes_executor example DAG requires the kubernetes provider. Please install it with: pip install apache-airflow[cncf.kubernetes]
[2023-08-14T10:22:53.768+0200] {processor.py:838} WARNING - No viable dags retrieved from /home/akhilesh/py39/lib/python3.9/site-packages/airflow/example_dags/example_kubernetes_executor.py
[2023-08-14T10:22:53.777+0200] {processor.py:179} INFO - Processing /home/akhilesh/py39/lib/python3.9/site-packages/airflow/example_dags/example_kubernetes_executor.py took 0.030 seconds
[2023-08-14T10:23:53.108+0200] {processor.py:157} INFO - Started process (PID=453795) to work on /home/akhilesh/py39/lib/python3.9/site-packages/airflow/example_dags/example_kubernetes_executor.py
[2023-08-14T10:23:53.117+0200] {processor.py:826} INFO - Processing file /home/akhilesh/py39/lib/python3.9/site-packages/airflow/example_dags/example_kubernetes_executor.py for tasks to queue
[2023-08-14T10:23:53.119+0200] {logging_mixin.py:150} INFO - [2023-08-14T10:23:53.118+0200] {dagbag.py:541} INFO - Filling up the DagBag from /home/akhilesh/py39/lib/python3.9/site-packages/airflow/example_dags/example_kubernetes_executor.py
[2023-08-14T10:23:53.123+0200] {logging_mixin.py:150} INFO - [2023-08-14T10:23:53.123+0200] {example_kubernetes_executor.py:41} WARNING - The example_kubernetes_executor example DAG requires the kubernetes provider. Please install it with: pip install apache-airflow[cncf.kubernetes]
[2023-08-14T10:23:53.124+0200] {processor.py:838} WARNING - No viable dags retrieved from /home/akhilesh/py39/lib/python3.9/site-packages/airflow/example_dags/example_kubernetes_executor.py
[2023-08-14T10:23:53.133+0200] {processor.py:179} INFO - Processing /home/akhilesh/py39/lib/python3.9/site-packages/airflow/example_dags/example_kubernetes_executor.py took 0.029 seconds
[2023-08-14T10:24:55.187+0200] {processor.py:157} INFO - Started process (PID=454021) to work on /home/akhilesh/py39/lib/python3.9/site-packages/airflow/example_dags/example_kubernetes_executor.py
[2023-08-14T10:24:55.197+0200] {processor.py:826} INFO - Processing file /home/akhilesh/py39/lib/python3.9/site-packages/airflow/example_dags/example_kubernetes_executor.py for tasks to queue
[2023-08-14T10:24:55.198+0200] {logging_mixin.py:150} INFO - [2023-08-14T10:24:55.198+0200] {dagbag.py:541} INFO - Filling up the DagBag from /home/akhilesh/py39/lib/python3.9/site-packages/airflow/example_dags/example_kubernetes_executor.py
[2023-08-14T10:24:55.203+0200] {logging_mixin.py:150} INFO - [2023-08-14T10:24:55.203+0200] {example_kubernetes_executor.py:41} WARNING - The example_kubernetes_executor example DAG requires the kubernetes provider. Please install it with: pip install apache-airflow[cncf.kubernetes]
[2023-08-14T10:24:55.203+0200] {processor.py:838} WARNING - No viable dags retrieved from /home/akhilesh/py39/lib/python3.9/site-packages/airflow/example_dags/example_kubernetes_executor.py
[2023-08-14T10:24:55.213+0200] {processor.py:179} INFO - Processing /home/akhilesh/py39/lib/python3.9/site-packages/airflow/example_dags/example_kubernetes_executor.py took 0.030 seconds
[2023-08-14T10:25:47.951+0200] {processor.py:157} INFO - Started process (PID=454175) to work on /home/akhilesh/py39/lib/python3.9/site-packages/airflow/example_dags/example_kubernetes_executor.py
[2023-08-14T10:25:47.952+0200] {processor.py:826} INFO - Processing file /home/akhilesh/py39/lib/python3.9/site-packages/airflow/example_dags/example_kubernetes_executor.py for tasks to queue
[2023-08-14T10:25:47.953+0200] {logging_mixin.py:150} INFO - [2023-08-14T10:25:47.953+0200] {dagbag.py:541} INFO - Filling up the DagBag from /home/akhilesh/py39/lib/python3.9/site-packages/airflow/example_dags/example_kubernetes_executor.py
[2023-08-14T10:25:47.957+0200] {logging_mixin.py:150} INFO - [2023-08-14T10:25:47.957+0200] {example_kubernetes_executor.py:41} WARNING - The example_kubernetes_executor example DAG requires the kubernetes provider. Please install it with: pip install apache-airflow[cncf.kubernetes]
[2023-08-14T10:25:47.957+0200] {processor.py:838} WARNING - No viable dags retrieved from /home/akhilesh/py39/lib/python3.9/site-packages/airflow/example_dags/example_kubernetes_executor.py
[2023-08-14T10:25:47.965+0200] {processor.py:179} INFO - Processing /home/akhilesh/py39/lib/python3.9/site-packages/airflow/example_dags/example_kubernetes_executor.py took 0.018 seconds
[2023-08-14T10:26:48.928+0200] {processor.py:157} INFO - Started process (PID=454505) to work on /home/akhilesh/py39/lib/python3.9/site-packages/airflow/example_dags/example_kubernetes_executor.py
[2023-08-14T10:26:48.932+0200] {processor.py:826} INFO - Processing file /home/akhilesh/py39/lib/python3.9/site-packages/airflow/example_dags/example_kubernetes_executor.py for tasks to queue
[2023-08-14T10:26:48.933+0200] {logging_mixin.py:150} INFO - [2023-08-14T10:26:48.932+0200] {dagbag.py:541} INFO - Filling up the DagBag from /home/akhilesh/py39/lib/python3.9/site-packages/airflow/example_dags/example_kubernetes_executor.py
[2023-08-14T10:26:48.938+0200] {logging_mixin.py:150} INFO - [2023-08-14T10:26:48.938+0200] {example_kubernetes_executor.py:41} WARNING - The example_kubernetes_executor example DAG requires the kubernetes provider. Please install it with: pip install apache-airflow[cncf.kubernetes]
[2023-08-14T10:26:48.939+0200] {processor.py:838} WARNING - No viable dags retrieved from /home/akhilesh/py39/lib/python3.9/site-packages/airflow/example_dags/example_kubernetes_executor.py
[2023-08-14T10:26:48.949+0200] {processor.py:179} INFO - Processing /home/akhilesh/py39/lib/python3.9/site-packages/airflow/example_dags/example_kubernetes_executor.py took 0.026 seconds
[2023-08-14T10:27:46.872+0200] {processor.py:157} INFO - Started process (PID=454849) to work on /home/akhilesh/py39/lib/python3.9/site-packages/airflow/example_dags/example_kubernetes_executor.py
[2023-08-14T10:27:46.881+0200] {processor.py:826} INFO - Processing file /home/akhilesh/py39/lib/python3.9/site-packages/airflow/example_dags/example_kubernetes_executor.py for tasks to queue
[2023-08-14T10:27:46.883+0200] {logging_mixin.py:150} INFO - [2023-08-14T10:27:46.882+0200] {dagbag.py:541} INFO - Filling up the DagBag from /home/akhilesh/py39/lib/python3.9/site-packages/airflow/example_dags/example_kubernetes_executor.py
[2023-08-14T10:27:46.890+0200] {logging_mixin.py:150} INFO - [2023-08-14T10:27:46.890+0200] {example_kubernetes_executor.py:41} WARNING - The example_kubernetes_executor example DAG requires the kubernetes provider. Please install it with: pip install apache-airflow[cncf.kubernetes]
[2023-08-14T10:27:46.891+0200] {processor.py:838} WARNING - No viable dags retrieved from /home/akhilesh/py39/lib/python3.9/site-packages/airflow/example_dags/example_kubernetes_executor.py
[2023-08-14T10:27:46.902+0200] {processor.py:179} INFO - Processing /home/akhilesh/py39/lib/python3.9/site-packages/airflow/example_dags/example_kubernetes_executor.py took 0.034 seconds
[2023-08-14T10:28:47.461+0200] {processor.py:157} INFO - Started process (PID=455026) to work on /home/akhilesh/py39/lib/python3.9/site-packages/airflow/example_dags/example_kubernetes_executor.py
[2023-08-14T10:28:47.470+0200] {processor.py:826} INFO - Processing file /home/akhilesh/py39/lib/python3.9/site-packages/airflow/example_dags/example_kubernetes_executor.py for tasks to queue
[2023-08-14T10:28:47.472+0200] {logging_mixin.py:150} INFO - [2023-08-14T10:28:47.471+0200] {dagbag.py:541} INFO - Filling up the DagBag from /home/akhilesh/py39/lib/python3.9/site-packages/airflow/example_dags/example_kubernetes_executor.py
[2023-08-14T10:28:47.477+0200] {logging_mixin.py:150} INFO - [2023-08-14T10:28:47.477+0200] {example_kubernetes_executor.py:41} WARNING - The example_kubernetes_executor example DAG requires the kubernetes provider. Please install it with: pip install apache-airflow[cncf.kubernetes]
[2023-08-14T10:28:47.477+0200] {processor.py:838} WARNING - No viable dags retrieved from /home/akhilesh/py39/lib/python3.9/site-packages/airflow/example_dags/example_kubernetes_executor.py
[2023-08-14T10:28:47.488+0200] {processor.py:179} INFO - Processing /home/akhilesh/py39/lib/python3.9/site-packages/airflow/example_dags/example_kubernetes_executor.py took 0.031 seconds
[2023-08-14T10:29:58.586+0200] {processor.py:157} INFO - Started process (PID=455255) to work on /home/akhilesh/py39/lib/python3.9/site-packages/airflow/example_dags/example_kubernetes_executor.py
[2023-08-14T10:29:58.595+0200] {processor.py:826} INFO - Processing file /home/akhilesh/py39/lib/python3.9/site-packages/airflow/example_dags/example_kubernetes_executor.py for tasks to queue
[2023-08-14T10:29:58.596+0200] {logging_mixin.py:150} INFO - [2023-08-14T10:29:58.596+0200] {dagbag.py:541} INFO - Filling up the DagBag from /home/akhilesh/py39/lib/python3.9/site-packages/airflow/example_dags/example_kubernetes_executor.py
[2023-08-14T10:29:58.600+0200] {logging_mixin.py:150} INFO - [2023-08-14T10:29:58.600+0200] {example_kubernetes_executor.py:41} WARNING - The example_kubernetes_executor example DAG requires the kubernetes provider. Please install it with: pip install apache-airflow[cncf.kubernetes]
[2023-08-14T10:29:58.600+0200] {processor.py:838} WARNING - No viable dags retrieved from /home/akhilesh/py39/lib/python3.9/site-packages/airflow/example_dags/example_kubernetes_executor.py
[2023-08-14T10:29:58.610+0200] {processor.py:179} INFO - Processing /home/akhilesh/py39/lib/python3.9/site-packages/airflow/example_dags/example_kubernetes_executor.py took 0.028 seconds
[2023-08-14T10:31:05.454+0200] {processor.py:157} INFO - Started process (PID=455476) to work on /home/akhilesh/py39/lib/python3.9/site-packages/airflow/example_dags/example_kubernetes_executor.py
[2023-08-14T10:31:05.463+0200] {processor.py:826} INFO - Processing file /home/akhilesh/py39/lib/python3.9/site-packages/airflow/example_dags/example_kubernetes_executor.py for tasks to queue
[2023-08-14T10:31:05.464+0200] {logging_mixin.py:150} INFO - [2023-08-14T10:31:05.463+0200] {dagbag.py:541} INFO - Filling up the DagBag from /home/akhilesh/py39/lib/python3.9/site-packages/airflow/example_dags/example_kubernetes_executor.py
[2023-08-14T10:31:05.469+0200] {logging_mixin.py:150} INFO - [2023-08-14T10:31:05.468+0200] {example_kubernetes_executor.py:41} WARNING - The example_kubernetes_executor example DAG requires the kubernetes provider. Please install it with: pip install apache-airflow[cncf.kubernetes]
[2023-08-14T10:31:05.469+0200] {processor.py:838} WARNING - No viable dags retrieved from /home/akhilesh/py39/lib/python3.9/site-packages/airflow/example_dags/example_kubernetes_executor.py
[2023-08-14T10:31:05.482+0200] {processor.py:179} INFO - Processing /home/akhilesh/py39/lib/python3.9/site-packages/airflow/example_dags/example_kubernetes_executor.py took 0.031 seconds
[2023-08-14T10:31:56.002+0200] {processor.py:157} INFO - Started process (PID=455623) to work on /home/akhilesh/py39/lib/python3.9/site-packages/airflow/example_dags/example_kubernetes_executor.py
[2023-08-14T10:31:56.011+0200] {processor.py:826} INFO - Processing file /home/akhilesh/py39/lib/python3.9/site-packages/airflow/example_dags/example_kubernetes_executor.py for tasks to queue
[2023-08-14T10:31:56.012+0200] {logging_mixin.py:150} INFO - [2023-08-14T10:31:56.012+0200] {dagbag.py:541} INFO - Filling up the DagBag from /home/akhilesh/py39/lib/python3.9/site-packages/airflow/example_dags/example_kubernetes_executor.py
[2023-08-14T10:31:56.017+0200] {logging_mixin.py:150} INFO - [2023-08-14T10:31:56.017+0200] {example_kubernetes_executor.py:41} WARNING - The example_kubernetes_executor example DAG requires the kubernetes provider. Please install it with: pip install apache-airflow[cncf.kubernetes]
[2023-08-14T10:31:56.017+0200] {processor.py:838} WARNING - No viable dags retrieved from /home/akhilesh/py39/lib/python3.9/site-packages/airflow/example_dags/example_kubernetes_executor.py
[2023-08-14T10:31:56.030+0200] {processor.py:179} INFO - Processing /home/akhilesh/py39/lib/python3.9/site-packages/airflow/example_dags/example_kubernetes_executor.py took 0.032 seconds
[2023-08-14T10:32:43.672+0200] {processor.py:157} INFO - Started process (PID=455893) to work on /home/akhilesh/py39/lib/python3.9/site-packages/airflow/example_dags/example_kubernetes_executor.py
[2023-08-14T10:32:43.681+0200] {processor.py:826} INFO - Processing file /home/akhilesh/py39/lib/python3.9/site-packages/airflow/example_dags/example_kubernetes_executor.py for tasks to queue
[2023-08-14T10:32:43.682+0200] {logging_mixin.py:150} INFO - [2023-08-14T10:32:43.682+0200] {dagbag.py:541} INFO - Filling up the DagBag from /home/akhilesh/py39/lib/python3.9/site-packages/airflow/example_dags/example_kubernetes_executor.py
[2023-08-14T10:32:43.688+0200] {logging_mixin.py:150} INFO - [2023-08-14T10:32:43.687+0200] {example_kubernetes_executor.py:41} WARNING - The example_kubernetes_executor example DAG requires the kubernetes provider. Please install it with: pip install apache-airflow[cncf.kubernetes]
[2023-08-14T10:32:43.688+0200] {processor.py:838} WARNING - No viable dags retrieved from /home/akhilesh/py39/lib/python3.9/site-packages/airflow/example_dags/example_kubernetes_executor.py
[2023-08-14T10:32:43.698+0200] {processor.py:179} INFO - Processing /home/akhilesh/py39/lib/python3.9/site-packages/airflow/example_dags/example_kubernetes_executor.py took 0.030 seconds
[2023-08-14T10:33:35.526+0200] {processor.py:157} INFO - Started process (PID=456013) to work on /home/akhilesh/py39/lib/python3.9/site-packages/airflow/example_dags/example_kubernetes_executor.py
[2023-08-14T10:33:35.535+0200] {processor.py:826} INFO - Processing file /home/akhilesh/py39/lib/python3.9/site-packages/airflow/example_dags/example_kubernetes_executor.py for tasks to queue
[2023-08-14T10:33:35.536+0200] {logging_mixin.py:150} INFO - [2023-08-14T10:33:35.535+0200] {dagbag.py:541} INFO - Filling up the DagBag from /home/akhilesh/py39/lib/python3.9/site-packages/airflow/example_dags/example_kubernetes_executor.py
[2023-08-14T10:33:35.541+0200] {logging_mixin.py:150} INFO - [2023-08-14T10:33:35.540+0200] {example_kubernetes_executor.py:41} WARNING - The example_kubernetes_executor example DAG requires the kubernetes provider. Please install it with: pip install apache-airflow[cncf.kubernetes]
[2023-08-14T10:33:35.541+0200] {processor.py:838} WARNING - No viable dags retrieved from /home/akhilesh/py39/lib/python3.9/site-packages/airflow/example_dags/example_kubernetes_executor.py
[2023-08-14T10:33:35.553+0200] {processor.py:179} INFO - Processing /home/akhilesh/py39/lib/python3.9/site-packages/airflow/example_dags/example_kubernetes_executor.py took 0.031 seconds
[2023-08-14T10:34:29.918+0200] {processor.py:157} INFO - Started process (PID=456158) to work on /home/akhilesh/py39/lib/python3.9/site-packages/airflow/example_dags/example_kubernetes_executor.py
[2023-08-14T10:34:29.927+0200] {processor.py:826} INFO - Processing file /home/akhilesh/py39/lib/python3.9/site-packages/airflow/example_dags/example_kubernetes_executor.py for tasks to queue
[2023-08-14T10:34:29.928+0200] {logging_mixin.py:150} INFO - [2023-08-14T10:34:29.928+0200] {dagbag.py:541} INFO - Filling up the DagBag from /home/akhilesh/py39/lib/python3.9/site-packages/airflow/example_dags/example_kubernetes_executor.py
[2023-08-14T10:34:29.933+0200] {logging_mixin.py:150} INFO - [2023-08-14T10:34:29.933+0200] {example_kubernetes_executor.py:41} WARNING - The example_kubernetes_executor example DAG requires the kubernetes provider. Please install it with: pip install apache-airflow[cncf.kubernetes]
[2023-08-14T10:34:29.934+0200] {processor.py:838} WARNING - No viable dags retrieved from /home/akhilesh/py39/lib/python3.9/site-packages/airflow/example_dags/example_kubernetes_executor.py
[2023-08-14T10:34:29.944+0200] {processor.py:179} INFO - Processing /home/akhilesh/py39/lib/python3.9/site-packages/airflow/example_dags/example_kubernetes_executor.py took 0.030 seconds
[2023-08-14T10:35:22.997+0200] {processor.py:157} INFO - Started process (PID=456296) to work on /home/akhilesh/py39/lib/python3.9/site-packages/airflow/example_dags/example_kubernetes_executor.py
[2023-08-14T10:35:23.006+0200] {processor.py:826} INFO - Processing file /home/akhilesh/py39/lib/python3.9/site-packages/airflow/example_dags/example_kubernetes_executor.py for tasks to queue
[2023-08-14T10:35:23.007+0200] {logging_mixin.py:150} INFO - [2023-08-14T10:35:23.007+0200] {dagbag.py:541} INFO - Filling up the DagBag from /home/akhilesh/py39/lib/python3.9/site-packages/airflow/example_dags/example_kubernetes_executor.py
[2023-08-14T10:35:23.013+0200] {logging_mixin.py:150} INFO - [2023-08-14T10:35:23.012+0200] {example_kubernetes_executor.py:41} WARNING - The example_kubernetes_executor example DAG requires the kubernetes provider. Please install it with: pip install apache-airflow[cncf.kubernetes]
[2023-08-14T10:35:23.013+0200] {processor.py:838} WARNING - No viable dags retrieved from /home/akhilesh/py39/lib/python3.9/site-packages/airflow/example_dags/example_kubernetes_executor.py
[2023-08-14T10:35:23.025+0200] {processor.py:179} INFO - Processing /home/akhilesh/py39/lib/python3.9/site-packages/airflow/example_dags/example_kubernetes_executor.py took 0.032 seconds
[2023-08-14T10:36:14.501+0200] {processor.py:157} INFO - Started process (PID=456450) to work on /home/akhilesh/py39/lib/python3.9/site-packages/airflow/example_dags/example_kubernetes_executor.py
[2023-08-14T10:36:14.510+0200] {processor.py:826} INFO - Processing file /home/akhilesh/py39/lib/python3.9/site-packages/airflow/example_dags/example_kubernetes_executor.py for tasks to queue
[2023-08-14T10:36:14.512+0200] {logging_mixin.py:150} INFO - [2023-08-14T10:36:14.511+0200] {dagbag.py:541} INFO - Filling up the DagBag from /home/akhilesh/py39/lib/python3.9/site-packages/airflow/example_dags/example_kubernetes_executor.py
[2023-08-14T10:36:14.517+0200] {logging_mixin.py:150} INFO - [2023-08-14T10:36:14.517+0200] {example_kubernetes_executor.py:41} WARNING - The example_kubernetes_executor example DAG requires the kubernetes provider. Please install it with: pip install apache-airflow[cncf.kubernetes]
[2023-08-14T10:36:14.518+0200] {processor.py:838} WARNING - No viable dags retrieved from /home/akhilesh/py39/lib/python3.9/site-packages/airflow/example_dags/example_kubernetes_executor.py
[2023-08-14T10:36:14.525+0200] {processor.py:179} INFO - Processing /home/akhilesh/py39/lib/python3.9/site-packages/airflow/example_dags/example_kubernetes_executor.py took 0.027 seconds
[2023-08-14T10:37:05.078+0200] {processor.py:157} INFO - Started process (PID=456589) to work on /home/akhilesh/py39/lib/python3.9/site-packages/airflow/example_dags/example_kubernetes_executor.py
[2023-08-14T10:37:05.087+0200] {processor.py:826} INFO - Processing file /home/akhilesh/py39/lib/python3.9/site-packages/airflow/example_dags/example_kubernetes_executor.py for tasks to queue
[2023-08-14T10:37:05.088+0200] {logging_mixin.py:150} INFO - [2023-08-14T10:37:05.088+0200] {dagbag.py:541} INFO - Filling up the DagBag from /home/akhilesh/py39/lib/python3.9/site-packages/airflow/example_dags/example_kubernetes_executor.py
[2023-08-14T10:37:05.093+0200] {logging_mixin.py:150} INFO - [2023-08-14T10:37:05.092+0200] {example_kubernetes_executor.py:41} WARNING - The example_kubernetes_executor example DAG requires the kubernetes provider. Please install it with: pip install apache-airflow[cncf.kubernetes]
[2023-08-14T10:37:05.093+0200] {processor.py:838} WARNING - No viable dags retrieved from /home/akhilesh/py39/lib/python3.9/site-packages/airflow/example_dags/example_kubernetes_executor.py
[2023-08-14T10:37:05.107+0200] {processor.py:179} INFO - Processing /home/akhilesh/py39/lib/python3.9/site-packages/airflow/example_dags/example_kubernetes_executor.py took 0.033 seconds
[2023-08-14T10:37:55.541+0200] {processor.py:157} INFO - Started process (PID=456732) to work on /home/akhilesh/py39/lib/python3.9/site-packages/airflow/example_dags/example_kubernetes_executor.py
[2023-08-14T10:37:55.550+0200] {processor.py:826} INFO - Processing file /home/akhilesh/py39/lib/python3.9/site-packages/airflow/example_dags/example_kubernetes_executor.py for tasks to queue
[2023-08-14T10:37:55.551+0200] {logging_mixin.py:150} INFO - [2023-08-14T10:37:55.551+0200] {dagbag.py:541} INFO - Filling up the DagBag from /home/akhilesh/py39/lib/python3.9/site-packages/airflow/example_dags/example_kubernetes_executor.py
[2023-08-14T10:37:55.556+0200] {logging_mixin.py:150} INFO - [2023-08-14T10:37:55.556+0200] {example_kubernetes_executor.py:41} WARNING - The example_kubernetes_executor example DAG requires the kubernetes provider. Please install it with: pip install apache-airflow[cncf.kubernetes]
[2023-08-14T10:37:55.556+0200] {processor.py:838} WARNING - No viable dags retrieved from /home/akhilesh/py39/lib/python3.9/site-packages/airflow/example_dags/example_kubernetes_executor.py
[2023-08-14T10:37:55.565+0200] {processor.py:179} INFO - Processing /home/akhilesh/py39/lib/python3.9/site-packages/airflow/example_dags/example_kubernetes_executor.py took 0.027 seconds
[2023-08-14T10:38:44.004+0200] {processor.py:157} INFO - Started process (PID=456843) to work on /home/akhilesh/py39/lib/python3.9/site-packages/airflow/example_dags/example_kubernetes_executor.py
[2023-08-14T10:38:44.013+0200] {processor.py:826} INFO - Processing file /home/akhilesh/py39/lib/python3.9/site-packages/airflow/example_dags/example_kubernetes_executor.py for tasks to queue
[2023-08-14T10:38:44.015+0200] {logging_mixin.py:150} INFO - [2023-08-14T10:38:44.014+0200] {dagbag.py:541} INFO - Filling up the DagBag from /home/akhilesh/py39/lib/python3.9/site-packages/airflow/example_dags/example_kubernetes_executor.py
[2023-08-14T10:38:44.020+0200] {logging_mixin.py:150} INFO - [2023-08-14T10:38:44.020+0200] {example_kubernetes_executor.py:41} WARNING - The example_kubernetes_executor example DAG requires the kubernetes provider. Please install it with: pip install apache-airflow[cncf.kubernetes]
[2023-08-14T10:38:44.021+0200] {processor.py:838} WARNING - No viable dags retrieved from /home/akhilesh/py39/lib/python3.9/site-packages/airflow/example_dags/example_kubernetes_executor.py
[2023-08-14T10:38:44.033+0200] {processor.py:179} INFO - Processing /home/akhilesh/py39/lib/python3.9/site-packages/airflow/example_dags/example_kubernetes_executor.py took 0.032 seconds
[2023-08-14T10:40:09.850+0200] {processor.py:157} INFO - Started process (PID=457349) to work on /home/akhilesh/py39/lib/python3.9/site-packages/airflow/example_dags/example_kubernetes_executor.py
[2023-08-14T10:40:09.859+0200] {processor.py:826} INFO - Processing file /home/akhilesh/py39/lib/python3.9/site-packages/airflow/example_dags/example_kubernetes_executor.py for tasks to queue
[2023-08-14T10:40:09.861+0200] {logging_mixin.py:150} INFO - [2023-08-14T10:40:09.860+0200] {dagbag.py:541} INFO - Filling up the DagBag from /home/akhilesh/py39/lib/python3.9/site-packages/airflow/example_dags/example_kubernetes_executor.py
[2023-08-14T10:40:09.866+0200] {logging_mixin.py:150} INFO - [2023-08-14T10:40:09.866+0200] {example_kubernetes_executor.py:41} WARNING - The example_kubernetes_executor example DAG requires the kubernetes provider. Please install it with: pip install apache-airflow[cncf.kubernetes]
[2023-08-14T10:40:09.867+0200] {processor.py:838} WARNING - No viable dags retrieved from /home/akhilesh/py39/lib/python3.9/site-packages/airflow/example_dags/example_kubernetes_executor.py
[2023-08-14T10:40:09.885+0200] {processor.py:179} INFO - Processing /home/akhilesh/py39/lib/python3.9/site-packages/airflow/example_dags/example_kubernetes_executor.py took 0.038 seconds
[2023-08-14T10:41:51.236+0200] {processor.py:157} INFO - Started process (PID=457639) to work on /home/akhilesh/py39/lib/python3.9/site-packages/airflow/example_dags/example_kubernetes_executor.py
[2023-08-14T10:41:51.245+0200] {processor.py:826} INFO - Processing file /home/akhilesh/py39/lib/python3.9/site-packages/airflow/example_dags/example_kubernetes_executor.py for tasks to queue
[2023-08-14T10:41:51.246+0200] {logging_mixin.py:150} INFO - [2023-08-14T10:41:51.246+0200] {dagbag.py:541} INFO - Filling up the DagBag from /home/akhilesh/py39/lib/python3.9/site-packages/airflow/example_dags/example_kubernetes_executor.py
[2023-08-14T10:41:51.251+0200] {logging_mixin.py:150} INFO - [2023-08-14T10:41:51.251+0200] {example_kubernetes_executor.py:41} WARNING - The example_kubernetes_executor example DAG requires the kubernetes provider. Please install it with: pip install apache-airflow[cncf.kubernetes]
[2023-08-14T10:41:51.252+0200] {processor.py:838} WARNING - No viable dags retrieved from /home/akhilesh/py39/lib/python3.9/site-packages/airflow/example_dags/example_kubernetes_executor.py
[2023-08-14T10:41:51.265+0200] {processor.py:179} INFO - Processing /home/akhilesh/py39/lib/python3.9/site-packages/airflow/example_dags/example_kubernetes_executor.py took 0.033 seconds
[2023-08-14T10:42:38.161+0200] {processor.py:157} INFO - Started process (PID=457812) to work on /home/akhilesh/py39/lib/python3.9/site-packages/airflow/example_dags/example_kubernetes_executor.py
[2023-08-14T10:42:38.170+0200] {processor.py:826} INFO - Processing file /home/akhilesh/py39/lib/python3.9/site-packages/airflow/example_dags/example_kubernetes_executor.py for tasks to queue
[2023-08-14T10:42:38.170+0200] {logging_mixin.py:150} INFO - [2023-08-14T10:42:38.170+0200] {dagbag.py:541} INFO - Filling up the DagBag from /home/akhilesh/py39/lib/python3.9/site-packages/airflow/example_dags/example_kubernetes_executor.py
[2023-08-14T10:42:38.173+0200] {logging_mixin.py:150} INFO - [2023-08-14T10:42:38.173+0200] {example_kubernetes_executor.py:41} WARNING - The example_kubernetes_executor example DAG requires the kubernetes provider. Please install it with: pip install apache-airflow[cncf.kubernetes]
[2023-08-14T10:42:38.173+0200] {processor.py:838} WARNING - No viable dags retrieved from /home/akhilesh/py39/lib/python3.9/site-packages/airflow/example_dags/example_kubernetes_executor.py
[2023-08-14T10:42:38.185+0200] {processor.py:179} INFO - Processing /home/akhilesh/py39/lib/python3.9/site-packages/airflow/example_dags/example_kubernetes_executor.py took 0.028 seconds
[2023-08-14T10:44:42.429+0200] {processor.py:157} INFO - Started process (PID=458333) to work on /home/akhilesh/py39/lib/python3.9/site-packages/airflow/example_dags/example_kubernetes_executor.py
[2023-08-14T10:44:42.439+0200] {processor.py:826} INFO - Processing file /home/akhilesh/py39/lib/python3.9/site-packages/airflow/example_dags/example_kubernetes_executor.py for tasks to queue
[2023-08-14T10:44:42.440+0200] {logging_mixin.py:150} INFO - [2023-08-14T10:44:42.440+0200] {dagbag.py:541} INFO - Filling up the DagBag from /home/akhilesh/py39/lib/python3.9/site-packages/airflow/example_dags/example_kubernetes_executor.py
[2023-08-14T10:44:42.445+0200] {logging_mixin.py:150} INFO - [2023-08-14T10:44:42.445+0200] {example_kubernetes_executor.py:41} WARNING - The example_kubernetes_executor example DAG requires the kubernetes provider. Please install it with: pip install apache-airflow[cncf.kubernetes]
[2023-08-14T10:44:42.445+0200] {processor.py:838} WARNING - No viable dags retrieved from /home/akhilesh/py39/lib/python3.9/site-packages/airflow/example_dags/example_kubernetes_executor.py
[2023-08-14T10:44:42.458+0200] {processor.py:179} INFO - Processing /home/akhilesh/py39/lib/python3.9/site-packages/airflow/example_dags/example_kubernetes_executor.py took 0.032 seconds
[2023-08-14T10:45:31.182+0200] {processor.py:157} INFO - Started process (PID=458506) to work on /home/akhilesh/py39/lib/python3.9/site-packages/airflow/example_dags/example_kubernetes_executor.py
[2023-08-14T10:45:31.183+0200] {processor.py:826} INFO - Processing file /home/akhilesh/py39/lib/python3.9/site-packages/airflow/example_dags/example_kubernetes_executor.py for tasks to queue
[2023-08-14T10:45:31.184+0200] {logging_mixin.py:150} INFO - [2023-08-14T10:45:31.184+0200] {dagbag.py:541} INFO - Filling up the DagBag from /home/akhilesh/py39/lib/python3.9/site-packages/airflow/example_dags/example_kubernetes_executor.py
[2023-08-14T10:45:31.189+0200] {logging_mixin.py:150} INFO - [2023-08-14T10:45:31.189+0200] {example_kubernetes_executor.py:41} WARNING - The example_kubernetes_executor example DAG requires the kubernetes provider. Please install it with: pip install apache-airflow[cncf.kubernetes]
[2023-08-14T10:45:31.190+0200] {processor.py:838} WARNING - No viable dags retrieved from /home/akhilesh/py39/lib/python3.9/site-packages/airflow/example_dags/example_kubernetes_executor.py
[2023-08-14T10:45:31.201+0200] {processor.py:179} INFO - Processing /home/akhilesh/py39/lib/python3.9/site-packages/airflow/example_dags/example_kubernetes_executor.py took 0.024 seconds
[2023-08-14T10:46:18.925+0200] {processor.py:157} INFO - Started process (PID=458795) to work on /home/akhilesh/py39/lib/python3.9/site-packages/airflow/example_dags/example_kubernetes_executor.py
[2023-08-14T10:46:18.934+0200] {processor.py:826} INFO - Processing file /home/akhilesh/py39/lib/python3.9/site-packages/airflow/example_dags/example_kubernetes_executor.py for tasks to queue
[2023-08-14T10:46:18.935+0200] {logging_mixin.py:150} INFO - [2023-08-14T10:46:18.935+0200] {dagbag.py:541} INFO - Filling up the DagBag from /home/akhilesh/py39/lib/python3.9/site-packages/airflow/example_dags/example_kubernetes_executor.py
[2023-08-14T10:46:18.939+0200] {logging_mixin.py:150} INFO - [2023-08-14T10:46:18.939+0200] {example_kubernetes_executor.py:41} WARNING - The example_kubernetes_executor example DAG requires the kubernetes provider. Please install it with: pip install apache-airflow[cncf.kubernetes]
[2023-08-14T10:46:18.940+0200] {processor.py:838} WARNING - No viable dags retrieved from /home/akhilesh/py39/lib/python3.9/site-packages/airflow/example_dags/example_kubernetes_executor.py
[2023-08-14T10:46:18.951+0200] {processor.py:179} INFO - Processing /home/akhilesh/py39/lib/python3.9/site-packages/airflow/example_dags/example_kubernetes_executor.py took 0.029 seconds
[2023-08-14T10:47:12.106+0200] {processor.py:157} INFO - Started process (PID=458963) to work on /home/akhilesh/py39/lib/python3.9/site-packages/airflow/example_dags/example_kubernetes_executor.py
[2023-08-14T10:47:12.114+0200] {processor.py:826} INFO - Processing file /home/akhilesh/py39/lib/python3.9/site-packages/airflow/example_dags/example_kubernetes_executor.py for tasks to queue
[2023-08-14T10:47:12.116+0200] {logging_mixin.py:150} INFO - [2023-08-14T10:47:12.115+0200] {dagbag.py:541} INFO - Filling up the DagBag from /home/akhilesh/py39/lib/python3.9/site-packages/airflow/example_dags/example_kubernetes_executor.py
[2023-08-14T10:47:12.120+0200] {logging_mixin.py:150} INFO - [2023-08-14T10:47:12.119+0200] {example_kubernetes_executor.py:41} WARNING - The example_kubernetes_executor example DAG requires the kubernetes provider. Please install it with: pip install apache-airflow[cncf.kubernetes]
[2023-08-14T10:47:12.120+0200] {processor.py:838} WARNING - No viable dags retrieved from /home/akhilesh/py39/lib/python3.9/site-packages/airflow/example_dags/example_kubernetes_executor.py
[2023-08-14T10:47:12.131+0200] {processor.py:179} INFO - Processing /home/akhilesh/py39/lib/python3.9/site-packages/airflow/example_dags/example_kubernetes_executor.py took 0.029 seconds
[2023-08-14T10:48:05.336+0200] {processor.py:157} INFO - Started process (PID=459169) to work on /home/akhilesh/py39/lib/python3.9/site-packages/airflow/example_dags/example_kubernetes_executor.py
[2023-08-14T10:48:05.338+0200] {processor.py:826} INFO - Processing file /home/akhilesh/py39/lib/python3.9/site-packages/airflow/example_dags/example_kubernetes_executor.py for tasks to queue
[2023-08-14T10:48:05.338+0200] {logging_mixin.py:150} INFO - [2023-08-14T10:48:05.338+0200] {dagbag.py:541} INFO - Filling up the DagBag from /home/akhilesh/py39/lib/python3.9/site-packages/airflow/example_dags/example_kubernetes_executor.py
[2023-08-14T10:48:05.341+0200] {logging_mixin.py:150} INFO - [2023-08-14T10:48:05.341+0200] {example_kubernetes_executor.py:41} WARNING - The example_kubernetes_executor example DAG requires the kubernetes provider. Please install it with: pip install apache-airflow[cncf.kubernetes]
[2023-08-14T10:48:05.341+0200] {processor.py:838} WARNING - No viable dags retrieved from /home/akhilesh/py39/lib/python3.9/site-packages/airflow/example_dags/example_kubernetes_executor.py
[2023-08-14T10:48:05.351+0200] {processor.py:179} INFO - Processing /home/akhilesh/py39/lib/python3.9/site-packages/airflow/example_dags/example_kubernetes_executor.py took 0.019 seconds
[2023-08-14T10:49:02.704+0200] {processor.py:157} INFO - Started process (PID=459332) to work on /home/akhilesh/py39/lib/python3.9/site-packages/airflow/example_dags/example_kubernetes_executor.py
[2023-08-14T10:49:02.713+0200] {processor.py:826} INFO - Processing file /home/akhilesh/py39/lib/python3.9/site-packages/airflow/example_dags/example_kubernetes_executor.py for tasks to queue
[2023-08-14T10:49:02.715+0200] {logging_mixin.py:150} INFO - [2023-08-14T10:49:02.714+0200] {dagbag.py:541} INFO - Filling up the DagBag from /home/akhilesh/py39/lib/python3.9/site-packages/airflow/example_dags/example_kubernetes_executor.py
[2023-08-14T10:49:02.722+0200] {logging_mixin.py:150} INFO - [2023-08-14T10:49:02.722+0200] {example_kubernetes_executor.py:41} WARNING - The example_kubernetes_executor example DAG requires the kubernetes provider. Please install it with: pip install apache-airflow[cncf.kubernetes]
[2023-08-14T10:49:02.722+0200] {processor.py:838} WARNING - No viable dags retrieved from /home/akhilesh/py39/lib/python3.9/site-packages/airflow/example_dags/example_kubernetes_executor.py
[2023-08-14T10:49:02.736+0200] {processor.py:179} INFO - Processing /home/akhilesh/py39/lib/python3.9/site-packages/airflow/example_dags/example_kubernetes_executor.py took 0.035 seconds
[2023-08-14T10:49:51.760+0200] {processor.py:157} INFO - Started process (PID=459489) to work on /home/akhilesh/py39/lib/python3.9/site-packages/airflow/example_dags/example_kubernetes_executor.py
[2023-08-14T10:49:51.769+0200] {processor.py:826} INFO - Processing file /home/akhilesh/py39/lib/python3.9/site-packages/airflow/example_dags/example_kubernetes_executor.py for tasks to queue
[2023-08-14T10:49:51.771+0200] {logging_mixin.py:150} INFO - [2023-08-14T10:49:51.770+0200] {dagbag.py:541} INFO - Filling up the DagBag from /home/akhilesh/py39/lib/python3.9/site-packages/airflow/example_dags/example_kubernetes_executor.py
[2023-08-14T10:49:51.775+0200] {logging_mixin.py:150} INFO - [2023-08-14T10:49:51.775+0200] {example_kubernetes_executor.py:41} WARNING - The example_kubernetes_executor example DAG requires the kubernetes provider. Please install it with: pip install apache-airflow[cncf.kubernetes]
[2023-08-14T10:49:51.776+0200] {processor.py:838} WARNING - No viable dags retrieved from /home/akhilesh/py39/lib/python3.9/site-packages/airflow/example_dags/example_kubernetes_executor.py
[2023-08-14T10:49:51.784+0200] {processor.py:179} INFO - Processing /home/akhilesh/py39/lib/python3.9/site-packages/airflow/example_dags/example_kubernetes_executor.py took 0.027 seconds
[2023-08-14T10:50:42.863+0200] {processor.py:157} INFO - Started process (PID=459719) to work on /home/akhilesh/py39/lib/python3.9/site-packages/airflow/example_dags/example_kubernetes_executor.py
[2023-08-14T10:50:42.864+0200] {processor.py:826} INFO - Processing file /home/akhilesh/py39/lib/python3.9/site-packages/airflow/example_dags/example_kubernetes_executor.py for tasks to queue
[2023-08-14T10:50:42.865+0200] {logging_mixin.py:150} INFO - [2023-08-14T10:50:42.865+0200] {dagbag.py:541} INFO - Filling up the DagBag from /home/akhilesh/py39/lib/python3.9/site-packages/airflow/example_dags/example_kubernetes_executor.py
[2023-08-14T10:50:42.870+0200] {logging_mixin.py:150} INFO - [2023-08-14T10:50:42.870+0200] {example_kubernetes_executor.py:41} WARNING - The example_kubernetes_executor example DAG requires the kubernetes provider. Please install it with: pip install apache-airflow[cncf.kubernetes]
[2023-08-14T10:50:42.871+0200] {processor.py:838} WARNING - No viable dags retrieved from /home/akhilesh/py39/lib/python3.9/site-packages/airflow/example_dags/example_kubernetes_executor.py
[2023-08-14T10:50:42.881+0200] {processor.py:179} INFO - Processing /home/akhilesh/py39/lib/python3.9/site-packages/airflow/example_dags/example_kubernetes_executor.py took 0.021 seconds
[2023-08-14T10:51:34.587+0200] {processor.py:157} INFO - Started process (PID=459850) to work on /home/akhilesh/py39/lib/python3.9/site-packages/airflow/example_dags/example_kubernetes_executor.py
[2023-08-14T10:51:34.596+0200] {processor.py:826} INFO - Processing file /home/akhilesh/py39/lib/python3.9/site-packages/airflow/example_dags/example_kubernetes_executor.py for tasks to queue
[2023-08-14T10:51:34.597+0200] {logging_mixin.py:150} INFO - [2023-08-14T10:51:34.597+0200] {dagbag.py:541} INFO - Filling up the DagBag from /home/akhilesh/py39/lib/python3.9/site-packages/airflow/example_dags/example_kubernetes_executor.py
[2023-08-14T10:51:34.602+0200] {logging_mixin.py:150} INFO - [2023-08-14T10:51:34.602+0200] {example_kubernetes_executor.py:41} WARNING - The example_kubernetes_executor example DAG requires the kubernetes provider. Please install it with: pip install apache-airflow[cncf.kubernetes]
[2023-08-14T10:51:34.602+0200] {processor.py:838} WARNING - No viable dags retrieved from /home/akhilesh/py39/lib/python3.9/site-packages/airflow/example_dags/example_kubernetes_executor.py
[2023-08-14T10:51:34.611+0200] {processor.py:179} INFO - Processing /home/akhilesh/py39/lib/python3.9/site-packages/airflow/example_dags/example_kubernetes_executor.py took 0.028 seconds
[2023-08-14T10:52:22.522+0200] {processor.py:157} INFO - Started process (PID=459956) to work on /home/akhilesh/py39/lib/python3.9/site-packages/airflow/example_dags/example_kubernetes_executor.py
[2023-08-14T10:52:22.532+0200] {processor.py:826} INFO - Processing file /home/akhilesh/py39/lib/python3.9/site-packages/airflow/example_dags/example_kubernetes_executor.py for tasks to queue
[2023-08-14T10:52:22.533+0200] {logging_mixin.py:150} INFO - [2023-08-14T10:52:22.532+0200] {dagbag.py:541} INFO - Filling up the DagBag from /home/akhilesh/py39/lib/python3.9/site-packages/airflow/example_dags/example_kubernetes_executor.py
[2023-08-14T10:52:22.538+0200] {logging_mixin.py:150} INFO - [2023-08-14T10:52:22.537+0200] {example_kubernetes_executor.py:41} WARNING - The example_kubernetes_executor example DAG requires the kubernetes provider. Please install it with: pip install apache-airflow[cncf.kubernetes]
[2023-08-14T10:52:22.538+0200] {processor.py:838} WARNING - No viable dags retrieved from /home/akhilesh/py39/lib/python3.9/site-packages/airflow/example_dags/example_kubernetes_executor.py
[2023-08-14T10:52:22.552+0200] {processor.py:179} INFO - Processing /home/akhilesh/py39/lib/python3.9/site-packages/airflow/example_dags/example_kubernetes_executor.py took 0.033 seconds
[2023-08-14T10:53:12.964+0200] {processor.py:157} INFO - Started process (PID=460161) to work on /home/akhilesh/py39/lib/python3.9/site-packages/airflow/example_dags/example_kubernetes_executor.py
[2023-08-14T10:53:12.973+0200] {processor.py:826} INFO - Processing file /home/akhilesh/py39/lib/python3.9/site-packages/airflow/example_dags/example_kubernetes_executor.py for tasks to queue
[2023-08-14T10:53:12.975+0200] {logging_mixin.py:150} INFO - [2023-08-14T10:53:12.974+0200] {dagbag.py:541} INFO - Filling up the DagBag from /home/akhilesh/py39/lib/python3.9/site-packages/airflow/example_dags/example_kubernetes_executor.py
[2023-08-14T10:53:12.979+0200] {logging_mixin.py:150} INFO - [2023-08-14T10:53:12.979+0200] {example_kubernetes_executor.py:41} WARNING - The example_kubernetes_executor example DAG requires the kubernetes provider. Please install it with: pip install apache-airflow[cncf.kubernetes]
[2023-08-14T10:53:12.980+0200] {processor.py:838} WARNING - No viable dags retrieved from /home/akhilesh/py39/lib/python3.9/site-packages/airflow/example_dags/example_kubernetes_executor.py
[2023-08-14T10:53:12.990+0200] {processor.py:179} INFO - Processing /home/akhilesh/py39/lib/python3.9/site-packages/airflow/example_dags/example_kubernetes_executor.py took 0.029 seconds
[2023-08-14T10:54:07.034+0200] {processor.py:157} INFO - Started process (PID=460340) to work on /home/akhilesh/py39/lib/python3.9/site-packages/airflow/example_dags/example_kubernetes_executor.py
[2023-08-14T10:54:07.043+0200] {processor.py:826} INFO - Processing file /home/akhilesh/py39/lib/python3.9/site-packages/airflow/example_dags/example_kubernetes_executor.py for tasks to queue
[2023-08-14T10:54:07.045+0200] {logging_mixin.py:150} INFO - [2023-08-14T10:54:07.044+0200] {dagbag.py:541} INFO - Filling up the DagBag from /home/akhilesh/py39/lib/python3.9/site-packages/airflow/example_dags/example_kubernetes_executor.py
[2023-08-14T10:54:07.050+0200] {logging_mixin.py:150} INFO - [2023-08-14T10:54:07.049+0200] {example_kubernetes_executor.py:41} WARNING - The example_kubernetes_executor example DAG requires the kubernetes provider. Please install it with: pip install apache-airflow[cncf.kubernetes]
[2023-08-14T10:54:07.050+0200] {processor.py:838} WARNING - No viable dags retrieved from /home/akhilesh/py39/lib/python3.9/site-packages/airflow/example_dags/example_kubernetes_executor.py
[2023-08-14T10:54:07.061+0200] {processor.py:179} INFO - Processing /home/akhilesh/py39/lib/python3.9/site-packages/airflow/example_dags/example_kubernetes_executor.py took 0.030 seconds
[2023-08-14T10:54:58.763+0200] {processor.py:157} INFO - Started process (PID=460516) to work on /home/akhilesh/py39/lib/python3.9/site-packages/airflow/example_dags/example_kubernetes_executor.py
[2023-08-14T10:54:58.772+0200] {processor.py:826} INFO - Processing file /home/akhilesh/py39/lib/python3.9/site-packages/airflow/example_dags/example_kubernetes_executor.py for tasks to queue
[2023-08-14T10:54:58.773+0200] {logging_mixin.py:150} INFO - [2023-08-14T10:54:58.772+0200] {dagbag.py:541} INFO - Filling up the DagBag from /home/akhilesh/py39/lib/python3.9/site-packages/airflow/example_dags/example_kubernetes_executor.py
[2023-08-14T10:54:58.779+0200] {logging_mixin.py:150} INFO - [2023-08-14T10:54:58.778+0200] {example_kubernetes_executor.py:41} WARNING - The example_kubernetes_executor example DAG requires the kubernetes provider. Please install it with: pip install apache-airflow[cncf.kubernetes]
[2023-08-14T10:54:58.779+0200] {processor.py:838} WARNING - No viable dags retrieved from /home/akhilesh/py39/lib/python3.9/site-packages/airflow/example_dags/example_kubernetes_executor.py
[2023-08-14T10:54:58.789+0200] {processor.py:179} INFO - Processing /home/akhilesh/py39/lib/python3.9/site-packages/airflow/example_dags/example_kubernetes_executor.py took 0.031 seconds
[2023-08-14T10:55:47.441+0200] {processor.py:157} INFO - Started process (PID=460668) to work on /home/akhilesh/py39/lib/python3.9/site-packages/airflow/example_dags/example_kubernetes_executor.py
[2023-08-14T10:55:47.450+0200] {processor.py:826} INFO - Processing file /home/akhilesh/py39/lib/python3.9/site-packages/airflow/example_dags/example_kubernetes_executor.py for tasks to queue
[2023-08-14T10:55:47.451+0200] {logging_mixin.py:150} INFO - [2023-08-14T10:55:47.450+0200] {dagbag.py:541} INFO - Filling up the DagBag from /home/akhilesh/py39/lib/python3.9/site-packages/airflow/example_dags/example_kubernetes_executor.py
[2023-08-14T10:55:47.454+0200] {logging_mixin.py:150} INFO - [2023-08-14T10:55:47.454+0200] {example_kubernetes_executor.py:41} WARNING - The example_kubernetes_executor example DAG requires the kubernetes provider. Please install it with: pip install apache-airflow[cncf.kubernetes]
[2023-08-14T10:55:47.454+0200] {processor.py:838} WARNING - No viable dags retrieved from /home/akhilesh/py39/lib/python3.9/site-packages/airflow/example_dags/example_kubernetes_executor.py
[2023-08-14T10:55:47.467+0200] {processor.py:179} INFO - Processing /home/akhilesh/py39/lib/python3.9/site-packages/airflow/example_dags/example_kubernetes_executor.py took 0.030 seconds
[2023-08-14T10:56:34.493+0200] {processor.py:157} INFO - Started process (PID=460839) to work on /home/akhilesh/py39/lib/python3.9/site-packages/airflow/example_dags/example_kubernetes_executor.py
[2023-08-14T10:56:34.498+0200] {processor.py:826} INFO - Processing file /home/akhilesh/py39/lib/python3.9/site-packages/airflow/example_dags/example_kubernetes_executor.py for tasks to queue
[2023-08-14T10:56:34.499+0200] {logging_mixin.py:150} INFO - [2023-08-14T10:56:34.499+0200] {dagbag.py:541} INFO - Filling up the DagBag from /home/akhilesh/py39/lib/python3.9/site-packages/airflow/example_dags/example_kubernetes_executor.py
[2023-08-14T10:56:34.503+0200] {logging_mixin.py:150} INFO - [2023-08-14T10:56:34.503+0200] {example_kubernetes_executor.py:41} WARNING - The example_kubernetes_executor example DAG requires the kubernetes provider. Please install it with: pip install apache-airflow[cncf.kubernetes]
[2023-08-14T10:56:34.504+0200] {processor.py:838} WARNING - No viable dags retrieved from /home/akhilesh/py39/lib/python3.9/site-packages/airflow/example_dags/example_kubernetes_executor.py
[2023-08-14T10:56:34.513+0200] {processor.py:179} INFO - Processing /home/akhilesh/py39/lib/python3.9/site-packages/airflow/example_dags/example_kubernetes_executor.py took 0.024 seconds
[2023-08-14T10:57:25.692+0200] {processor.py:157} INFO - Started process (PID=461005) to work on /home/akhilesh/py39/lib/python3.9/site-packages/airflow/example_dags/example_kubernetes_executor.py
[2023-08-14T10:57:25.694+0200] {processor.py:826} INFO - Processing file /home/akhilesh/py39/lib/python3.9/site-packages/airflow/example_dags/example_kubernetes_executor.py for tasks to queue
[2023-08-14T10:57:25.695+0200] {logging_mixin.py:150} INFO - [2023-08-14T10:57:25.694+0200] {dagbag.py:541} INFO - Filling up the DagBag from /home/akhilesh/py39/lib/python3.9/site-packages/airflow/example_dags/example_kubernetes_executor.py
[2023-08-14T10:57:25.700+0200] {logging_mixin.py:150} INFO - [2023-08-14T10:57:25.700+0200] {example_kubernetes_executor.py:41} WARNING - The example_kubernetes_executor example DAG requires the kubernetes provider. Please install it with: pip install apache-airflow[cncf.kubernetes]
[2023-08-14T10:57:25.700+0200] {processor.py:838} WARNING - No viable dags retrieved from /home/akhilesh/py39/lib/python3.9/site-packages/airflow/example_dags/example_kubernetes_executor.py
[2023-08-14T10:57:25.710+0200] {processor.py:179} INFO - Processing /home/akhilesh/py39/lib/python3.9/site-packages/airflow/example_dags/example_kubernetes_executor.py took 0.023 seconds
[2023-08-14T10:58:08.863+0200] {processor.py:157} INFO - Started process (PID=461235) to work on /home/akhilesh/py39/lib/python3.9/site-packages/airflow/example_dags/example_kubernetes_executor.py
[2023-08-14T10:58:08.872+0200] {processor.py:826} INFO - Processing file /home/akhilesh/py39/lib/python3.9/site-packages/airflow/example_dags/example_kubernetes_executor.py for tasks to queue
[2023-08-14T10:58:08.873+0200] {logging_mixin.py:150} INFO - [2023-08-14T10:58:08.872+0200] {dagbag.py:541} INFO - Filling up the DagBag from /home/akhilesh/py39/lib/python3.9/site-packages/airflow/example_dags/example_kubernetes_executor.py
[2023-08-14T10:58:08.877+0200] {logging_mixin.py:150} INFO - [2023-08-14T10:58:08.877+0200] {example_kubernetes_executor.py:41} WARNING - The example_kubernetes_executor example DAG requires the kubernetes provider. Please install it with: pip install apache-airflow[cncf.kubernetes]
[2023-08-14T10:58:08.877+0200] {processor.py:838} WARNING - No viable dags retrieved from /home/akhilesh/py39/lib/python3.9/site-packages/airflow/example_dags/example_kubernetes_executor.py
[2023-08-14T10:58:08.889+0200] {processor.py:179} INFO - Processing /home/akhilesh/py39/lib/python3.9/site-packages/airflow/example_dags/example_kubernetes_executor.py took 0.030 seconds
[2023-08-14T10:58:58.891+0200] {processor.py:157} INFO - Started process (PID=461392) to work on /home/akhilesh/py39/lib/python3.9/site-packages/airflow/example_dags/example_kubernetes_executor.py
[2023-08-14T10:58:58.900+0200] {processor.py:826} INFO - Processing file /home/akhilesh/py39/lib/python3.9/site-packages/airflow/example_dags/example_kubernetes_executor.py for tasks to queue
[2023-08-14T10:58:58.901+0200] {logging_mixin.py:150} INFO - [2023-08-14T10:58:58.901+0200] {dagbag.py:541} INFO - Filling up the DagBag from /home/akhilesh/py39/lib/python3.9/site-packages/airflow/example_dags/example_kubernetes_executor.py
[2023-08-14T10:58:58.906+0200] {logging_mixin.py:150} INFO - [2023-08-14T10:58:58.906+0200] {example_kubernetes_executor.py:41} WARNING - The example_kubernetes_executor example DAG requires the kubernetes provider. Please install it with: pip install apache-airflow[cncf.kubernetes]
[2023-08-14T10:58:58.906+0200] {processor.py:838} WARNING - No viable dags retrieved from /home/akhilesh/py39/lib/python3.9/site-packages/airflow/example_dags/example_kubernetes_executor.py
[2023-08-14T10:58:58.920+0200] {processor.py:179} INFO - Processing /home/akhilesh/py39/lib/python3.9/site-packages/airflow/example_dags/example_kubernetes_executor.py took 0.032 seconds
[2023-08-14T10:59:46.189+0200] {processor.py:157} INFO - Started process (PID=461570) to work on /home/akhilesh/py39/lib/python3.9/site-packages/airflow/example_dags/example_kubernetes_executor.py
[2023-08-14T10:59:46.190+0200] {processor.py:826} INFO - Processing file /home/akhilesh/py39/lib/python3.9/site-packages/airflow/example_dags/example_kubernetes_executor.py for tasks to queue
[2023-08-14T10:59:46.191+0200] {logging_mixin.py:150} INFO - [2023-08-14T10:59:46.190+0200] {dagbag.py:541} INFO - Filling up the DagBag from /home/akhilesh/py39/lib/python3.9/site-packages/airflow/example_dags/example_kubernetes_executor.py
[2023-08-14T10:59:46.195+0200] {logging_mixin.py:150} INFO - [2023-08-14T10:59:46.195+0200] {example_kubernetes_executor.py:41} WARNING - The example_kubernetes_executor example DAG requires the kubernetes provider. Please install it with: pip install apache-airflow[cncf.kubernetes]
[2023-08-14T10:59:46.195+0200] {processor.py:838} WARNING - No viable dags retrieved from /home/akhilesh/py39/lib/python3.9/site-packages/airflow/example_dags/example_kubernetes_executor.py
[2023-08-14T10:59:46.203+0200] {processor.py:179} INFO - Processing /home/akhilesh/py39/lib/python3.9/site-packages/airflow/example_dags/example_kubernetes_executor.py took 0.017 seconds
[2023-08-14T11:00:35.842+0200] {processor.py:157} INFO - Started process (PID=461697) to work on /home/akhilesh/py39/lib/python3.9/site-packages/airflow/example_dags/example_kubernetes_executor.py
[2023-08-14T11:00:35.851+0200] {processor.py:826} INFO - Processing file /home/akhilesh/py39/lib/python3.9/site-packages/airflow/example_dags/example_kubernetes_executor.py for tasks to queue
[2023-08-14T11:00:35.852+0200] {logging_mixin.py:150} INFO - [2023-08-14T11:00:35.852+0200] {dagbag.py:541} INFO - Filling up the DagBag from /home/akhilesh/py39/lib/python3.9/site-packages/airflow/example_dags/example_kubernetes_executor.py
[2023-08-14T11:00:35.856+0200] {logging_mixin.py:150} INFO - [2023-08-14T11:00:35.856+0200] {example_kubernetes_executor.py:41} WARNING - The example_kubernetes_executor example DAG requires the kubernetes provider. Please install it with: pip install apache-airflow[cncf.kubernetes]
[2023-08-14T11:00:35.857+0200] {processor.py:838} WARNING - No viable dags retrieved from /home/akhilesh/py39/lib/python3.9/site-packages/airflow/example_dags/example_kubernetes_executor.py
[2023-08-14T11:00:35.872+0200] {processor.py:179} INFO - Processing /home/akhilesh/py39/lib/python3.9/site-packages/airflow/example_dags/example_kubernetes_executor.py took 0.032 seconds
[2023-08-14T11:01:30.265+0200] {processor.py:157} INFO - Started process (PID=461894) to work on /home/akhilesh/py39/lib/python3.9/site-packages/airflow/example_dags/example_kubernetes_executor.py
[2023-08-14T11:01:30.274+0200] {processor.py:826} INFO - Processing file /home/akhilesh/py39/lib/python3.9/site-packages/airflow/example_dags/example_kubernetes_executor.py for tasks to queue
[2023-08-14T11:01:30.275+0200] {logging_mixin.py:150} INFO - [2023-08-14T11:01:30.274+0200] {dagbag.py:541} INFO - Filling up the DagBag from /home/akhilesh/py39/lib/python3.9/site-packages/airflow/example_dags/example_kubernetes_executor.py
[2023-08-14T11:01:30.280+0200] {logging_mixin.py:150} INFO - [2023-08-14T11:01:30.279+0200] {example_kubernetes_executor.py:41} WARNING - The example_kubernetes_executor example DAG requires the kubernetes provider. Please install it with: pip install apache-airflow[cncf.kubernetes]
[2023-08-14T11:01:30.280+0200] {processor.py:838} WARNING - No viable dags retrieved from /home/akhilesh/py39/lib/python3.9/site-packages/airflow/example_dags/example_kubernetes_executor.py
[2023-08-14T11:01:30.292+0200] {processor.py:179} INFO - Processing /home/akhilesh/py39/lib/python3.9/site-packages/airflow/example_dags/example_kubernetes_executor.py took 0.030 seconds
[2023-08-14T11:02:26.118+0200] {processor.py:157} INFO - Started process (PID=462057) to work on /home/akhilesh/py39/lib/python3.9/site-packages/airflow/example_dags/example_kubernetes_executor.py
[2023-08-14T11:02:26.127+0200] {processor.py:826} INFO - Processing file /home/akhilesh/py39/lib/python3.9/site-packages/airflow/example_dags/example_kubernetes_executor.py for tasks to queue
[2023-08-14T11:02:26.128+0200] {logging_mixin.py:150} INFO - [2023-08-14T11:02:26.128+0200] {dagbag.py:541} INFO - Filling up the DagBag from /home/akhilesh/py39/lib/python3.9/site-packages/airflow/example_dags/example_kubernetes_executor.py
[2023-08-14T11:02:26.133+0200] {logging_mixin.py:150} INFO - [2023-08-14T11:02:26.133+0200] {example_kubernetes_executor.py:41} WARNING - The example_kubernetes_executor example DAG requires the kubernetes provider. Please install it with: pip install apache-airflow[cncf.kubernetes]
[2023-08-14T11:02:26.133+0200] {processor.py:838} WARNING - No viable dags retrieved from /home/akhilesh/py39/lib/python3.9/site-packages/airflow/example_dags/example_kubernetes_executor.py
[2023-08-14T11:02:26.146+0200] {processor.py:179} INFO - Processing /home/akhilesh/py39/lib/python3.9/site-packages/airflow/example_dags/example_kubernetes_executor.py took 0.032 seconds
[2023-08-14T11:03:18.040+0200] {processor.py:157} INFO - Started process (PID=462244) to work on /home/akhilesh/py39/lib/python3.9/site-packages/airflow/example_dags/example_kubernetes_executor.py
[2023-08-14T11:03:18.049+0200] {processor.py:826} INFO - Processing file /home/akhilesh/py39/lib/python3.9/site-packages/airflow/example_dags/example_kubernetes_executor.py for tasks to queue
[2023-08-14T11:03:18.050+0200] {logging_mixin.py:150} INFO - [2023-08-14T11:03:18.049+0200] {dagbag.py:541} INFO - Filling up the DagBag from /home/akhilesh/py39/lib/python3.9/site-packages/airflow/example_dags/example_kubernetes_executor.py
[2023-08-14T11:03:18.055+0200] {logging_mixin.py:150} INFO - [2023-08-14T11:03:18.055+0200] {example_kubernetes_executor.py:41} WARNING - The example_kubernetes_executor example DAG requires the kubernetes provider. Please install it with: pip install apache-airflow[cncf.kubernetes]
[2023-08-14T11:03:18.056+0200] {processor.py:838} WARNING - No viable dags retrieved from /home/akhilesh/py39/lib/python3.9/site-packages/airflow/example_dags/example_kubernetes_executor.py
[2023-08-14T11:03:18.066+0200] {processor.py:179} INFO - Processing /home/akhilesh/py39/lib/python3.9/site-packages/airflow/example_dags/example_kubernetes_executor.py took 0.030 seconds
[2023-08-14T11:04:09.996+0200] {processor.py:157} INFO - Started process (PID=462368) to work on /home/akhilesh/py39/lib/python3.9/site-packages/airflow/example_dags/example_kubernetes_executor.py
[2023-08-14T11:04:10.005+0200] {processor.py:826} INFO - Processing file /home/akhilesh/py39/lib/python3.9/site-packages/airflow/example_dags/example_kubernetes_executor.py for tasks to queue
[2023-08-14T11:04:10.007+0200] {logging_mixin.py:150} INFO - [2023-08-14T11:04:10.006+0200] {dagbag.py:541} INFO - Filling up the DagBag from /home/akhilesh/py39/lib/python3.9/site-packages/airflow/example_dags/example_kubernetes_executor.py
[2023-08-14T11:04:10.013+0200] {logging_mixin.py:150} INFO - [2023-08-14T11:04:10.013+0200] {example_kubernetes_executor.py:41} WARNING - The example_kubernetes_executor example DAG requires the kubernetes provider. Please install it with: pip install apache-airflow[cncf.kubernetes]
[2023-08-14T11:04:10.014+0200] {processor.py:838} WARNING - No viable dags retrieved from /home/akhilesh/py39/lib/python3.9/site-packages/airflow/example_dags/example_kubernetes_executor.py
[2023-08-14T11:04:10.027+0200] {processor.py:179} INFO - Processing /home/akhilesh/py39/lib/python3.9/site-packages/airflow/example_dags/example_kubernetes_executor.py took 0.035 seconds
[2023-08-14T11:04:59.215+0200] {processor.py:157} INFO - Started process (PID=462497) to work on /home/akhilesh/py39/lib/python3.9/site-packages/airflow/example_dags/example_kubernetes_executor.py
[2023-08-14T11:04:59.224+0200] {processor.py:826} INFO - Processing file /home/akhilesh/py39/lib/python3.9/site-packages/airflow/example_dags/example_kubernetes_executor.py for tasks to queue
[2023-08-14T11:04:59.225+0200] {logging_mixin.py:150} INFO - [2023-08-14T11:04:59.225+0200] {dagbag.py:541} INFO - Filling up the DagBag from /home/akhilesh/py39/lib/python3.9/site-packages/airflow/example_dags/example_kubernetes_executor.py
[2023-08-14T11:04:59.230+0200] {logging_mixin.py:150} INFO - [2023-08-14T11:04:59.229+0200] {example_kubernetes_executor.py:41} WARNING - The example_kubernetes_executor example DAG requires the kubernetes provider. Please install it with: pip install apache-airflow[cncf.kubernetes]
[2023-08-14T11:04:59.230+0200] {processor.py:838} WARNING - No viable dags retrieved from /home/akhilesh/py39/lib/python3.9/site-packages/airflow/example_dags/example_kubernetes_executor.py
[2023-08-14T11:04:59.242+0200] {processor.py:179} INFO - Processing /home/akhilesh/py39/lib/python3.9/site-packages/airflow/example_dags/example_kubernetes_executor.py took 0.030 seconds
[2023-08-14T11:05:53.232+0200] {processor.py:157} INFO - Started process (PID=462635) to work on /home/akhilesh/py39/lib/python3.9/site-packages/airflow/example_dags/example_kubernetes_executor.py
[2023-08-14T11:05:53.241+0200] {processor.py:826} INFO - Processing file /home/akhilesh/py39/lib/python3.9/site-packages/airflow/example_dags/example_kubernetes_executor.py for tasks to queue
[2023-08-14T11:05:53.242+0200] {logging_mixin.py:150} INFO - [2023-08-14T11:05:53.242+0200] {dagbag.py:541} INFO - Filling up the DagBag from /home/akhilesh/py39/lib/python3.9/site-packages/airflow/example_dags/example_kubernetes_executor.py
[2023-08-14T11:05:53.248+0200] {logging_mixin.py:150} INFO - [2023-08-14T11:05:53.247+0200] {example_kubernetes_executor.py:41} WARNING - The example_kubernetes_executor example DAG requires the kubernetes provider. Please install it with: pip install apache-airflow[cncf.kubernetes]
[2023-08-14T11:05:53.248+0200] {processor.py:838} WARNING - No viable dags retrieved from /home/akhilesh/py39/lib/python3.9/site-packages/airflow/example_dags/example_kubernetes_executor.py
[2023-08-14T11:05:53.260+0200] {processor.py:179} INFO - Processing /home/akhilesh/py39/lib/python3.9/site-packages/airflow/example_dags/example_kubernetes_executor.py took 0.032 seconds
[2023-08-14T11:06:41.185+0200] {processor.py:157} INFO - Started process (PID=462817) to work on /home/akhilesh/py39/lib/python3.9/site-packages/airflow/example_dags/example_kubernetes_executor.py
[2023-08-14T11:06:41.194+0200] {processor.py:826} INFO - Processing file /home/akhilesh/py39/lib/python3.9/site-packages/airflow/example_dags/example_kubernetes_executor.py for tasks to queue
[2023-08-14T11:06:41.196+0200] {logging_mixin.py:150} INFO - [2023-08-14T11:06:41.195+0200] {dagbag.py:541} INFO - Filling up the DagBag from /home/akhilesh/py39/lib/python3.9/site-packages/airflow/example_dags/example_kubernetes_executor.py
[2023-08-14T11:06:41.201+0200] {logging_mixin.py:150} INFO - [2023-08-14T11:06:41.201+0200] {example_kubernetes_executor.py:41} WARNING - The example_kubernetes_executor example DAG requires the kubernetes provider. Please install it with: pip install apache-airflow[cncf.kubernetes]
[2023-08-14T11:06:41.201+0200] {processor.py:838} WARNING - No viable dags retrieved from /home/akhilesh/py39/lib/python3.9/site-packages/airflow/example_dags/example_kubernetes_executor.py
[2023-08-14T11:06:41.215+0200] {processor.py:179} INFO - Processing /home/akhilesh/py39/lib/python3.9/site-packages/airflow/example_dags/example_kubernetes_executor.py took 0.034 seconds
[2023-08-14T11:07:33.663+0200] {processor.py:157} INFO - Started process (PID=463023) to work on /home/akhilesh/py39/lib/python3.9/site-packages/airflow/example_dags/example_kubernetes_executor.py
[2023-08-14T11:07:33.665+0200] {processor.py:826} INFO - Processing file /home/akhilesh/py39/lib/python3.9/site-packages/airflow/example_dags/example_kubernetes_executor.py for tasks to queue
[2023-08-14T11:07:33.666+0200] {logging_mixin.py:150} INFO - [2023-08-14T11:07:33.665+0200] {dagbag.py:541} INFO - Filling up the DagBag from /home/akhilesh/py39/lib/python3.9/site-packages/airflow/example_dags/example_kubernetes_executor.py
[2023-08-14T11:07:33.669+0200] {logging_mixin.py:150} INFO - [2023-08-14T11:07:33.668+0200] {example_kubernetes_executor.py:41} WARNING - The example_kubernetes_executor example DAG requires the kubernetes provider. Please install it with: pip install apache-airflow[cncf.kubernetes]
[2023-08-14T11:07:33.669+0200] {processor.py:838} WARNING - No viable dags retrieved from /home/akhilesh/py39/lib/python3.9/site-packages/airflow/example_dags/example_kubernetes_executor.py
[2023-08-14T11:07:33.680+0200] {processor.py:179} INFO - Processing /home/akhilesh/py39/lib/python3.9/site-packages/airflow/example_dags/example_kubernetes_executor.py took 0.020 seconds
[2023-08-14T11:08:24.419+0200] {processor.py:157} INFO - Started process (PID=463183) to work on /home/akhilesh/py39/lib/python3.9/site-packages/airflow/example_dags/example_kubernetes_executor.py
[2023-08-14T11:08:24.428+0200] {processor.py:826} INFO - Processing file /home/akhilesh/py39/lib/python3.9/site-packages/airflow/example_dags/example_kubernetes_executor.py for tasks to queue
[2023-08-14T11:08:24.429+0200] {logging_mixin.py:150} INFO - [2023-08-14T11:08:24.429+0200] {dagbag.py:541} INFO - Filling up the DagBag from /home/akhilesh/py39/lib/python3.9/site-packages/airflow/example_dags/example_kubernetes_executor.py
[2023-08-14T11:08:24.435+0200] {logging_mixin.py:150} INFO - [2023-08-14T11:08:24.434+0200] {example_kubernetes_executor.py:41} WARNING - The example_kubernetes_executor example DAG requires the kubernetes provider. Please install it with: pip install apache-airflow[cncf.kubernetes]
[2023-08-14T11:08:24.435+0200] {processor.py:838} WARNING - No viable dags retrieved from /home/akhilesh/py39/lib/python3.9/site-packages/airflow/example_dags/example_kubernetes_executor.py
[2023-08-14T11:08:24.445+0200] {processor.py:179} INFO - Processing /home/akhilesh/py39/lib/python3.9/site-packages/airflow/example_dags/example_kubernetes_executor.py took 0.031 seconds
[2023-08-14T11:11:09.009+0200] {processor.py:157} INFO - Started process (PID=463712) to work on /home/akhilesh/py39/lib/python3.9/site-packages/airflow/example_dags/example_kubernetes_executor.py
[2023-08-14T11:11:09.018+0200] {processor.py:826} INFO - Processing file /home/akhilesh/py39/lib/python3.9/site-packages/airflow/example_dags/example_kubernetes_executor.py for tasks to queue
[2023-08-14T11:11:09.018+0200] {logging_mixin.py:150} INFO - [2023-08-14T11:11:09.018+0200] {dagbag.py:541} INFO - Filling up the DagBag from /home/akhilesh/py39/lib/python3.9/site-packages/airflow/example_dags/example_kubernetes_executor.py
[2023-08-14T11:11:09.021+0200] {logging_mixin.py:150} INFO - [2023-08-14T11:11:09.021+0200] {example_kubernetes_executor.py:41} WARNING - The example_kubernetes_executor example DAG requires the kubernetes provider. Please install it with: pip install apache-airflow[cncf.kubernetes]
[2023-08-14T11:11:09.021+0200] {processor.py:838} WARNING - No viable dags retrieved from /home/akhilesh/py39/lib/python3.9/site-packages/airflow/example_dags/example_kubernetes_executor.py
[2023-08-14T11:11:09.033+0200] {processor.py:179} INFO - Processing /home/akhilesh/py39/lib/python3.9/site-packages/airflow/example_dags/example_kubernetes_executor.py took 0.028 seconds
[2023-08-14T11:12:12.752+0200] {processor.py:157} INFO - Started process (PID=464085) to work on /home/akhilesh/py39/lib/python3.9/site-packages/airflow/example_dags/example_kubernetes_executor.py
[2023-08-14T11:12:12.761+0200] {processor.py:826} INFO - Processing file /home/akhilesh/py39/lib/python3.9/site-packages/airflow/example_dags/example_kubernetes_executor.py for tasks to queue
[2023-08-14T11:12:12.762+0200] {logging_mixin.py:150} INFO - [2023-08-14T11:12:12.762+0200] {dagbag.py:541} INFO - Filling up the DagBag from /home/akhilesh/py39/lib/python3.9/site-packages/airflow/example_dags/example_kubernetes_executor.py
[2023-08-14T11:12:12.766+0200] {logging_mixin.py:150} INFO - [2023-08-14T11:12:12.765+0200] {example_kubernetes_executor.py:41} WARNING - The example_kubernetes_executor example DAG requires the kubernetes provider. Please install it with: pip install apache-airflow[cncf.kubernetes]
[2023-08-14T11:12:12.766+0200] {processor.py:838} WARNING - No viable dags retrieved from /home/akhilesh/py39/lib/python3.9/site-packages/airflow/example_dags/example_kubernetes_executor.py
[2023-08-14T11:12:12.775+0200] {processor.py:179} INFO - Processing /home/akhilesh/py39/lib/python3.9/site-packages/airflow/example_dags/example_kubernetes_executor.py took 0.025 seconds
[2023-08-14T11:13:00.968+0200] {processor.py:157} INFO - Started process (PID=464247) to work on /home/akhilesh/py39/lib/python3.9/site-packages/airflow/example_dags/example_kubernetes_executor.py
[2023-08-14T11:13:00.977+0200] {processor.py:826} INFO - Processing file /home/akhilesh/py39/lib/python3.9/site-packages/airflow/example_dags/example_kubernetes_executor.py for tasks to queue
[2023-08-14T11:13:00.979+0200] {logging_mixin.py:150} INFO - [2023-08-14T11:13:00.978+0200] {dagbag.py:541} INFO - Filling up the DagBag from /home/akhilesh/py39/lib/python3.9/site-packages/airflow/example_dags/example_kubernetes_executor.py
[2023-08-14T11:13:00.985+0200] {logging_mixin.py:150} INFO - [2023-08-14T11:13:00.984+0200] {example_kubernetes_executor.py:41} WARNING - The example_kubernetes_executor example DAG requires the kubernetes provider. Please install it with: pip install apache-airflow[cncf.kubernetes]
[2023-08-14T11:13:00.985+0200] {processor.py:838} WARNING - No viable dags retrieved from /home/akhilesh/py39/lib/python3.9/site-packages/airflow/example_dags/example_kubernetes_executor.py
[2023-08-14T11:13:00.997+0200] {processor.py:179} INFO - Processing /home/akhilesh/py39/lib/python3.9/site-packages/airflow/example_dags/example_kubernetes_executor.py took 0.034 seconds
[2023-08-14T11:15:37.684+0200] {processor.py:157} INFO - Started process (PID=464925) to work on /home/akhilesh/py39/lib/python3.9/site-packages/airflow/example_dags/example_kubernetes_executor.py
[2023-08-14T11:15:37.691+0200] {processor.py:826} INFO - Processing file /home/akhilesh/py39/lib/python3.9/site-packages/airflow/example_dags/example_kubernetes_executor.py for tasks to queue
[2023-08-14T11:15:37.692+0200] {logging_mixin.py:150} INFO - [2023-08-14T11:15:37.691+0200] {dagbag.py:541} INFO - Filling up the DagBag from /home/akhilesh/py39/lib/python3.9/site-packages/airflow/example_dags/example_kubernetes_executor.py
[2023-08-14T11:15:37.696+0200] {logging_mixin.py:150} INFO - [2023-08-14T11:15:37.696+0200] {example_kubernetes_executor.py:41} WARNING - The example_kubernetes_executor example DAG requires the kubernetes provider. Please install it with: pip install apache-airflow[cncf.kubernetes]
[2023-08-14T11:15:37.696+0200] {processor.py:838} WARNING - No viable dags retrieved from /home/akhilesh/py39/lib/python3.9/site-packages/airflow/example_dags/example_kubernetes_executor.py
[2023-08-14T11:15:37.707+0200] {processor.py:179} INFO - Processing /home/akhilesh/py39/lib/python3.9/site-packages/airflow/example_dags/example_kubernetes_executor.py took 0.026 seconds
[2023-08-14T11:16:32.998+0200] {processor.py:157} INFO - Started process (PID=465061) to work on /home/akhilesh/py39/lib/python3.9/site-packages/airflow/example_dags/example_kubernetes_executor.py
[2023-08-14T11:16:33.000+0200] {processor.py:826} INFO - Processing file /home/akhilesh/py39/lib/python3.9/site-packages/airflow/example_dags/example_kubernetes_executor.py for tasks to queue
[2023-08-14T11:16:33.000+0200] {logging_mixin.py:150} INFO - [2023-08-14T11:16:33.000+0200] {dagbag.py:541} INFO - Filling up the DagBag from /home/akhilesh/py39/lib/python3.9/site-packages/airflow/example_dags/example_kubernetes_executor.py
[2023-08-14T11:16:33.003+0200] {logging_mixin.py:150} INFO - [2023-08-14T11:16:33.003+0200] {example_kubernetes_executor.py:41} WARNING - The example_kubernetes_executor example DAG requires the kubernetes provider. Please install it with: pip install apache-airflow[cncf.kubernetes]
[2023-08-14T11:16:33.003+0200] {processor.py:838} WARNING - No viable dags retrieved from /home/akhilesh/py39/lib/python3.9/site-packages/airflow/example_dags/example_kubernetes_executor.py
[2023-08-14T11:16:33.011+0200] {processor.py:179} INFO - Processing /home/akhilesh/py39/lib/python3.9/site-packages/airflow/example_dags/example_kubernetes_executor.py took 0.017 seconds
[2023-08-14T11:17:27.045+0200] {processor.py:157} INFO - Started process (PID=465237) to work on /home/akhilesh/py39/lib/python3.9/site-packages/airflow/example_dags/example_kubernetes_executor.py
[2023-08-14T11:17:27.055+0200] {processor.py:826} INFO - Processing file /home/akhilesh/py39/lib/python3.9/site-packages/airflow/example_dags/example_kubernetes_executor.py for tasks to queue
[2023-08-14T11:17:27.056+0200] {logging_mixin.py:150} INFO - [2023-08-14T11:17:27.055+0200] {dagbag.py:541} INFO - Filling up the DagBag from /home/akhilesh/py39/lib/python3.9/site-packages/airflow/example_dags/example_kubernetes_executor.py
[2023-08-14T11:17:27.060+0200] {logging_mixin.py:150} INFO - [2023-08-14T11:17:27.060+0200] {example_kubernetes_executor.py:41} WARNING - The example_kubernetes_executor example DAG requires the kubernetes provider. Please install it with: pip install apache-airflow[cncf.kubernetes]
[2023-08-14T11:17:27.061+0200] {processor.py:838} WARNING - No viable dags retrieved from /home/akhilesh/py39/lib/python3.9/site-packages/airflow/example_dags/example_kubernetes_executor.py
[2023-08-14T11:17:27.073+0200] {processor.py:179} INFO - Processing /home/akhilesh/py39/lib/python3.9/site-packages/airflow/example_dags/example_kubernetes_executor.py took 0.031 seconds
[2023-08-14T11:18:20.549+0200] {processor.py:157} INFO - Started process (PID=465369) to work on /home/akhilesh/py39/lib/python3.9/site-packages/airflow/example_dags/example_kubernetes_executor.py
[2023-08-14T11:18:20.558+0200] {processor.py:826} INFO - Processing file /home/akhilesh/py39/lib/python3.9/site-packages/airflow/example_dags/example_kubernetes_executor.py for tasks to queue
[2023-08-14T11:18:20.559+0200] {logging_mixin.py:150} INFO - [2023-08-14T11:18:20.558+0200] {dagbag.py:541} INFO - Filling up the DagBag from /home/akhilesh/py39/lib/python3.9/site-packages/airflow/example_dags/example_kubernetes_executor.py
[2023-08-14T11:18:20.565+0200] {logging_mixin.py:150} INFO - [2023-08-14T11:18:20.564+0200] {example_kubernetes_executor.py:41} WARNING - The example_kubernetes_executor example DAG requires the kubernetes provider. Please install it with: pip install apache-airflow[cncf.kubernetes]
[2023-08-14T11:18:20.565+0200] {processor.py:838} WARNING - No viable dags retrieved from /home/akhilesh/py39/lib/python3.9/site-packages/airflow/example_dags/example_kubernetes_executor.py
[2023-08-14T11:18:20.574+0200] {processor.py:179} INFO - Processing /home/akhilesh/py39/lib/python3.9/site-packages/airflow/example_dags/example_kubernetes_executor.py took 0.030 seconds
[2023-08-14T11:19:10.071+0200] {processor.py:157} INFO - Started process (PID=465664) to work on /home/akhilesh/py39/lib/python3.9/site-packages/airflow/example_dags/example_kubernetes_executor.py
[2023-08-14T11:19:10.080+0200] {processor.py:826} INFO - Processing file /home/akhilesh/py39/lib/python3.9/site-packages/airflow/example_dags/example_kubernetes_executor.py for tasks to queue
[2023-08-14T11:19:10.081+0200] {logging_mixin.py:150} INFO - [2023-08-14T11:19:10.081+0200] {dagbag.py:541} INFO - Filling up the DagBag from /home/akhilesh/py39/lib/python3.9/site-packages/airflow/example_dags/example_kubernetes_executor.py
[2023-08-14T11:19:10.086+0200] {logging_mixin.py:150} INFO - [2023-08-14T11:19:10.086+0200] {example_kubernetes_executor.py:41} WARNING - The example_kubernetes_executor example DAG requires the kubernetes provider. Please install it with: pip install apache-airflow[cncf.kubernetes]
[2023-08-14T11:19:10.087+0200] {processor.py:838} WARNING - No viable dags retrieved from /home/akhilesh/py39/lib/python3.9/site-packages/airflow/example_dags/example_kubernetes_executor.py
[2023-08-14T11:19:10.097+0200] {processor.py:179} INFO - Processing /home/akhilesh/py39/lib/python3.9/site-packages/airflow/example_dags/example_kubernetes_executor.py took 0.031 seconds
[2023-08-14T11:20:56.357+0200] {processor.py:157} INFO - Started process (PID=466017) to work on /home/akhilesh/py39/lib/python3.9/site-packages/airflow/example_dags/example_kubernetes_executor.py
[2023-08-14T11:20:56.366+0200] {processor.py:826} INFO - Processing file /home/akhilesh/py39/lib/python3.9/site-packages/airflow/example_dags/example_kubernetes_executor.py for tasks to queue
[2023-08-14T11:20:56.367+0200] {logging_mixin.py:150} INFO - [2023-08-14T11:20:56.367+0200] {dagbag.py:541} INFO - Filling up the DagBag from /home/akhilesh/py39/lib/python3.9/site-packages/airflow/example_dags/example_kubernetes_executor.py
[2023-08-14T11:20:56.372+0200] {logging_mixin.py:150} INFO - [2023-08-14T11:20:56.372+0200] {example_kubernetes_executor.py:41} WARNING - The example_kubernetes_executor example DAG requires the kubernetes provider. Please install it with: pip install apache-airflow[cncf.kubernetes]
[2023-08-14T11:20:56.372+0200] {processor.py:838} WARNING - No viable dags retrieved from /home/akhilesh/py39/lib/python3.9/site-packages/airflow/example_dags/example_kubernetes_executor.py
[2023-08-14T11:20:56.380+0200] {processor.py:179} INFO - Processing /home/akhilesh/py39/lib/python3.9/site-packages/airflow/example_dags/example_kubernetes_executor.py took 0.027 seconds
[2023-08-14T11:21:41.870+0200] {processor.py:157} INFO - Started process (PID=466155) to work on /home/akhilesh/py39/lib/python3.9/site-packages/airflow/example_dags/example_kubernetes_executor.py
[2023-08-14T11:21:41.879+0200] {processor.py:826} INFO - Processing file /home/akhilesh/py39/lib/python3.9/site-packages/airflow/example_dags/example_kubernetes_executor.py for tasks to queue
[2023-08-14T11:21:41.881+0200] {logging_mixin.py:150} INFO - [2023-08-14T11:21:41.880+0200] {dagbag.py:541} INFO - Filling up the DagBag from /home/akhilesh/py39/lib/python3.9/site-packages/airflow/example_dags/example_kubernetes_executor.py
[2023-08-14T11:21:41.886+0200] {logging_mixin.py:150} INFO - [2023-08-14T11:21:41.886+0200] {example_kubernetes_executor.py:41} WARNING - The example_kubernetes_executor example DAG requires the kubernetes provider. Please install it with: pip install apache-airflow[cncf.kubernetes]
[2023-08-14T11:21:41.886+0200] {processor.py:838} WARNING - No viable dags retrieved from /home/akhilesh/py39/lib/python3.9/site-packages/airflow/example_dags/example_kubernetes_executor.py
[2023-08-14T11:21:41.898+0200] {processor.py:179} INFO - Processing /home/akhilesh/py39/lib/python3.9/site-packages/airflow/example_dags/example_kubernetes_executor.py took 0.032 seconds
[2023-08-14T11:22:35.870+0200] {processor.py:157} INFO - Started process (PID=466306) to work on /home/akhilesh/py39/lib/python3.9/site-packages/airflow/example_dags/example_kubernetes_executor.py
[2023-08-14T11:22:35.879+0200] {processor.py:826} INFO - Processing file /home/akhilesh/py39/lib/python3.9/site-packages/airflow/example_dags/example_kubernetes_executor.py for tasks to queue
[2023-08-14T11:22:35.880+0200] {logging_mixin.py:150} INFO - [2023-08-14T11:22:35.880+0200] {dagbag.py:541} INFO - Filling up the DagBag from /home/akhilesh/py39/lib/python3.9/site-packages/airflow/example_dags/example_kubernetes_executor.py
[2023-08-14T11:22:35.885+0200] {logging_mixin.py:150} INFO - [2023-08-14T11:22:35.885+0200] {example_kubernetes_executor.py:41} WARNING - The example_kubernetes_executor example DAG requires the kubernetes provider. Please install it with: pip install apache-airflow[cncf.kubernetes]
[2023-08-14T11:22:35.886+0200] {processor.py:838} WARNING - No viable dags retrieved from /home/akhilesh/py39/lib/python3.9/site-packages/airflow/example_dags/example_kubernetes_executor.py
[2023-08-14T11:22:35.898+0200] {processor.py:179} INFO - Processing /home/akhilesh/py39/lib/python3.9/site-packages/airflow/example_dags/example_kubernetes_executor.py took 0.032 seconds
[2023-08-14T11:23:28.798+0200] {processor.py:157} INFO - Started process (PID=466978) to work on /home/akhilesh/py39/lib/python3.9/site-packages/airflow/example_dags/example_kubernetes_executor.py
[2023-08-14T11:23:28.807+0200] {processor.py:826} INFO - Processing file /home/akhilesh/py39/lib/python3.9/site-packages/airflow/example_dags/example_kubernetes_executor.py for tasks to queue
[2023-08-14T11:23:28.808+0200] {logging_mixin.py:150} INFO - [2023-08-14T11:23:28.808+0200] {dagbag.py:541} INFO - Filling up the DagBag from /home/akhilesh/py39/lib/python3.9/site-packages/airflow/example_dags/example_kubernetes_executor.py
[2023-08-14T11:23:28.813+0200] {logging_mixin.py:150} INFO - [2023-08-14T11:23:28.813+0200] {example_kubernetes_executor.py:41} WARNING - The example_kubernetes_executor example DAG requires the kubernetes provider. Please install it with: pip install apache-airflow[cncf.kubernetes]
[2023-08-14T11:23:28.813+0200] {processor.py:838} WARNING - No viable dags retrieved from /home/akhilesh/py39/lib/python3.9/site-packages/airflow/example_dags/example_kubernetes_executor.py
[2023-08-14T11:23:28.826+0200] {processor.py:179} INFO - Processing /home/akhilesh/py39/lib/python3.9/site-packages/airflow/example_dags/example_kubernetes_executor.py took 0.032 seconds
[2023-08-14T11:24:17.225+0200] {processor.py:157} INFO - Started process (PID=467182) to work on /home/akhilesh/py39/lib/python3.9/site-packages/airflow/example_dags/example_kubernetes_executor.py
[2023-08-14T11:24:17.226+0200] {processor.py:826} INFO - Processing file /home/akhilesh/py39/lib/python3.9/site-packages/airflow/example_dags/example_kubernetes_executor.py for tasks to queue
[2023-08-14T11:24:17.227+0200] {logging_mixin.py:150} INFO - [2023-08-14T11:24:17.227+0200] {dagbag.py:541} INFO - Filling up the DagBag from /home/akhilesh/py39/lib/python3.9/site-packages/airflow/example_dags/example_kubernetes_executor.py
[2023-08-14T11:24:17.232+0200] {logging_mixin.py:150} INFO - [2023-08-14T11:24:17.232+0200] {example_kubernetes_executor.py:41} WARNING - The example_kubernetes_executor example DAG requires the kubernetes provider. Please install it with: pip install apache-airflow[cncf.kubernetes]
[2023-08-14T11:24:17.232+0200] {processor.py:838} WARNING - No viable dags retrieved from /home/akhilesh/py39/lib/python3.9/site-packages/airflow/example_dags/example_kubernetes_executor.py
[2023-08-14T11:24:17.242+0200] {processor.py:179} INFO - Processing /home/akhilesh/py39/lib/python3.9/site-packages/airflow/example_dags/example_kubernetes_executor.py took 0.020 seconds
[2023-08-14T11:25:07.883+0200] {processor.py:157} INFO - Started process (PID=467468) to work on /home/akhilesh/py39/lib/python3.9/site-packages/airflow/example_dags/example_kubernetes_executor.py
[2023-08-14T11:25:07.892+0200] {processor.py:826} INFO - Processing file /home/akhilesh/py39/lib/python3.9/site-packages/airflow/example_dags/example_kubernetes_executor.py for tasks to queue
[2023-08-14T11:25:07.893+0200] {logging_mixin.py:150} INFO - [2023-08-14T11:25:07.892+0200] {dagbag.py:541} INFO - Filling up the DagBag from /home/akhilesh/py39/lib/python3.9/site-packages/airflow/example_dags/example_kubernetes_executor.py
[2023-08-14T11:25:07.898+0200] {logging_mixin.py:150} INFO - [2023-08-14T11:25:07.898+0200] {example_kubernetes_executor.py:41} WARNING - The example_kubernetes_executor example DAG requires the kubernetes provider. Please install it with: pip install apache-airflow[cncf.kubernetes]
[2023-08-14T11:25:07.899+0200] {processor.py:838} WARNING - No viable dags retrieved from /home/akhilesh/py39/lib/python3.9/site-packages/airflow/example_dags/example_kubernetes_executor.py
[2023-08-14T11:25:07.909+0200] {processor.py:179} INFO - Processing /home/akhilesh/py39/lib/python3.9/site-packages/airflow/example_dags/example_kubernetes_executor.py took 0.030 seconds
