[2023-08-14T10:22:33.523+0200] {processor.py:157} INFO - Started process (PID=453433) to work on /home/akhilesh/py39/lib/python3.9/site-packages/airflow/example_dags/example_branch_labels.py
[2023-08-14T10:22:33.524+0200] {processor.py:826} INFO - Processing file /home/akhilesh/py39/lib/python3.9/site-packages/airflow/example_dags/example_branch_labels.py for tasks to queue
[2023-08-14T10:22:33.525+0200] {logging_mixin.py:150} INFO - [2023-08-14T10:22:33.525+0200] {dagbag.py:541} INFO - Filling up the DagBag from /home/akhilesh/py39/lib/python3.9/site-packages/airflow/example_dags/example_branch_labels.py
[2023-08-14T10:22:33.531+0200] {processor.py:836} INFO - DAG(s) dict_keys(['example_branch_labels']) retrieved from /home/akhilesh/py39/lib/python3.9/site-packages/airflow/example_dags/example_branch_labels.py
[2023-08-14T10:22:33.546+0200] {logging_mixin.py:150} INFO - [2023-08-14T10:22:33.546+0200] {dag.py:2742} INFO - Sync 1 DAGs
[2023-08-14T10:22:33.562+0200] {logging_mixin.py:150} INFO - [2023-08-14T10:22:33.561+0200] {dag.py:3504} INFO - Setting next_dagrun for example_branch_labels to 2023-08-13T00:00:00+00:00, run_after=2023-08-14T00:00:00+00:00
[2023-08-14T10:22:33.591+0200] {processor.py:179} INFO - Processing /home/akhilesh/py39/lib/python3.9/site-packages/airflow/example_dags/example_branch_labels.py took 0.072 seconds
[2023-08-14T10:23:29.246+0200] {processor.py:157} INFO - Started process (PID=453656) to work on /home/akhilesh/py39/lib/python3.9/site-packages/airflow/example_dags/example_branch_labels.py
[2023-08-14T10:23:29.248+0200] {processor.py:826} INFO - Processing file /home/akhilesh/py39/lib/python3.9/site-packages/airflow/example_dags/example_branch_labels.py for tasks to queue
[2023-08-14T10:23:29.249+0200] {logging_mixin.py:150} INFO - [2023-08-14T10:23:29.249+0200] {dagbag.py:541} INFO - Filling up the DagBag from /home/akhilesh/py39/lib/python3.9/site-packages/airflow/example_dags/example_branch_labels.py
[2023-08-14T10:23:29.253+0200] {processor.py:836} INFO - DAG(s) dict_keys(['example_branch_labels']) retrieved from /home/akhilesh/py39/lib/python3.9/site-packages/airflow/example_dags/example_branch_labels.py
[2023-08-14T10:23:29.266+0200] {logging_mixin.py:150} INFO - [2023-08-14T10:23:29.266+0200] {dag.py:2742} INFO - Sync 1 DAGs
[2023-08-14T10:23:29.370+0200] {logging_mixin.py:150} INFO - [2023-08-14T10:23:29.370+0200] {dag.py:3504} INFO - Setting next_dagrun for example_branch_labels to 2023-08-13T00:00:00+00:00, run_after=2023-08-14T00:00:00+00:00
[2023-08-14T10:23:29.393+0200] {processor.py:179} INFO - Processing /home/akhilesh/py39/lib/python3.9/site-packages/airflow/example_dags/example_branch_labels.py took 0.150 seconds
[2023-08-14T10:24:31.126+0200] {processor.py:157} INFO - Started process (PID=453931) to work on /home/akhilesh/py39/lib/python3.9/site-packages/airflow/example_dags/example_branch_labels.py
[2023-08-14T10:24:31.128+0200] {processor.py:826} INFO - Processing file /home/akhilesh/py39/lib/python3.9/site-packages/airflow/example_dags/example_branch_labels.py for tasks to queue
[2023-08-14T10:24:31.128+0200] {logging_mixin.py:150} INFO - [2023-08-14T10:24:31.128+0200] {dagbag.py:541} INFO - Filling up the DagBag from /home/akhilesh/py39/lib/python3.9/site-packages/airflow/example_dags/example_branch_labels.py
[2023-08-14T10:24:31.134+0200] {processor.py:836} INFO - DAG(s) dict_keys(['example_branch_labels']) retrieved from /home/akhilesh/py39/lib/python3.9/site-packages/airflow/example_dags/example_branch_labels.py
[2023-08-14T10:24:31.150+0200] {logging_mixin.py:150} INFO - [2023-08-14T10:24:31.150+0200] {dag.py:2742} INFO - Sync 1 DAGs
[2023-08-14T10:24:31.167+0200] {logging_mixin.py:150} INFO - [2023-08-14T10:24:31.167+0200] {dag.py:3504} INFO - Setting next_dagrun for example_branch_labels to 2023-08-13T00:00:00+00:00, run_after=2023-08-14T00:00:00+00:00
[2023-08-14T10:24:31.190+0200] {processor.py:179} INFO - Processing /home/akhilesh/py39/lib/python3.9/site-packages/airflow/example_dags/example_branch_labels.py took 0.068 seconds
[2023-08-14T10:25:25.616+0200] {processor.py:157} INFO - Started process (PID=454102) to work on /home/akhilesh/py39/lib/python3.9/site-packages/airflow/example_dags/example_branch_labels.py
[2023-08-14T10:25:25.617+0200] {processor.py:826} INFO - Processing file /home/akhilesh/py39/lib/python3.9/site-packages/airflow/example_dags/example_branch_labels.py for tasks to queue
[2023-08-14T10:25:25.618+0200] {logging_mixin.py:150} INFO - [2023-08-14T10:25:25.618+0200] {dagbag.py:541} INFO - Filling up the DagBag from /home/akhilesh/py39/lib/python3.9/site-packages/airflow/example_dags/example_branch_labels.py
[2023-08-14T10:25:25.628+0200] {processor.py:836} INFO - DAG(s) dict_keys(['example_branch_labels']) retrieved from /home/akhilesh/py39/lib/python3.9/site-packages/airflow/example_dags/example_branch_labels.py
[2023-08-14T10:25:25.646+0200] {logging_mixin.py:150} INFO - [2023-08-14T10:25:25.645+0200] {dag.py:2742} INFO - Sync 1 DAGs
[2023-08-14T10:25:25.828+0200] {logging_mixin.py:150} INFO - [2023-08-14T10:25:25.827+0200] {dag.py:3504} INFO - Setting next_dagrun for example_branch_labels to 2023-08-13T00:00:00+00:00, run_after=2023-08-14T00:00:00+00:00
[2023-08-14T10:25:25.862+0200] {processor.py:179} INFO - Processing /home/akhilesh/py39/lib/python3.9/site-packages/airflow/example_dags/example_branch_labels.py took 0.251 seconds
[2023-08-14T10:26:32.016+0200] {processor.py:157} INFO - Started process (PID=454375) to work on /home/akhilesh/py39/lib/python3.9/site-packages/airflow/example_dags/example_branch_labels.py
[2023-08-14T10:26:32.025+0200] {processor.py:826} INFO - Processing file /home/akhilesh/py39/lib/python3.9/site-packages/airflow/example_dags/example_branch_labels.py for tasks to queue
[2023-08-14T10:26:32.026+0200] {logging_mixin.py:150} INFO - [2023-08-14T10:26:32.026+0200] {dagbag.py:541} INFO - Filling up the DagBag from /home/akhilesh/py39/lib/python3.9/site-packages/airflow/example_dags/example_branch_labels.py
[2023-08-14T10:26:32.034+0200] {processor.py:836} INFO - DAG(s) dict_keys(['example_branch_labels']) retrieved from /home/akhilesh/py39/lib/python3.9/site-packages/airflow/example_dags/example_branch_labels.py
[2023-08-14T10:26:32.052+0200] {logging_mixin.py:150} INFO - [2023-08-14T10:26:32.052+0200] {dag.py:2742} INFO - Sync 1 DAGs
[2023-08-14T10:26:32.067+0200] {logging_mixin.py:150} INFO - [2023-08-14T10:26:32.067+0200] {dag.py:3504} INFO - Setting next_dagrun for example_branch_labels to 2023-08-13T00:00:00+00:00, run_after=2023-08-14T00:00:00+00:00
[2023-08-14T10:26:32.165+0200] {processor.py:179} INFO - Processing /home/akhilesh/py39/lib/python3.9/site-packages/airflow/example_dags/example_branch_labels.py took 0.153 seconds
[2023-08-14T10:27:31.550+0200] {processor.py:157} INFO - Started process (PID=454771) to work on /home/akhilesh/py39/lib/python3.9/site-packages/airflow/example_dags/example_branch_labels.py
[2023-08-14T10:27:31.559+0200] {processor.py:826} INFO - Processing file /home/akhilesh/py39/lib/python3.9/site-packages/airflow/example_dags/example_branch_labels.py for tasks to queue
[2023-08-14T10:27:31.561+0200] {logging_mixin.py:150} INFO - [2023-08-14T10:27:31.560+0200] {dagbag.py:541} INFO - Filling up the DagBag from /home/akhilesh/py39/lib/python3.9/site-packages/airflow/example_dags/example_branch_labels.py
[2023-08-14T10:27:31.572+0200] {processor.py:836} INFO - DAG(s) dict_keys(['example_branch_labels']) retrieved from /home/akhilesh/py39/lib/python3.9/site-packages/airflow/example_dags/example_branch_labels.py
[2023-08-14T10:27:31.590+0200] {logging_mixin.py:150} INFO - [2023-08-14T10:27:31.590+0200] {dag.py:2742} INFO - Sync 1 DAGs
[2023-08-14T10:27:31.609+0200] {logging_mixin.py:150} INFO - [2023-08-14T10:27:31.609+0200] {dag.py:3504} INFO - Setting next_dagrun for example_branch_labels to 2023-08-13T00:00:00+00:00, run_after=2023-08-14T00:00:00+00:00
[2023-08-14T10:27:31.648+0200] {processor.py:179} INFO - Processing /home/akhilesh/py39/lib/python3.9/site-packages/airflow/example_dags/example_branch_labels.py took 0.102 seconds
[2023-08-14T10:28:28.587+0200] {processor.py:157} INFO - Started process (PID=454975) to work on /home/akhilesh/py39/lib/python3.9/site-packages/airflow/example_dags/example_branch_labels.py
[2023-08-14T10:28:28.588+0200] {processor.py:826} INFO - Processing file /home/akhilesh/py39/lib/python3.9/site-packages/airflow/example_dags/example_branch_labels.py for tasks to queue
[2023-08-14T10:28:28.589+0200] {logging_mixin.py:150} INFO - [2023-08-14T10:28:28.588+0200] {dagbag.py:541} INFO - Filling up the DagBag from /home/akhilesh/py39/lib/python3.9/site-packages/airflow/example_dags/example_branch_labels.py
[2023-08-14T10:28:28.594+0200] {processor.py:836} INFO - DAG(s) dict_keys(['example_branch_labels']) retrieved from /home/akhilesh/py39/lib/python3.9/site-packages/airflow/example_dags/example_branch_labels.py
[2023-08-14T10:28:28.607+0200] {logging_mixin.py:150} INFO - [2023-08-14T10:28:28.607+0200] {dag.py:2742} INFO - Sync 1 DAGs
[2023-08-14T10:28:28.701+0200] {logging_mixin.py:150} INFO - [2023-08-14T10:28:28.701+0200] {dag.py:3504} INFO - Setting next_dagrun for example_branch_labels to 2023-08-13T00:00:00+00:00, run_after=2023-08-14T00:00:00+00:00
[2023-08-14T10:28:28.731+0200] {processor.py:179} INFO - Processing /home/akhilesh/py39/lib/python3.9/site-packages/airflow/example_dags/example_branch_labels.py took 0.148 seconds
[2023-08-14T10:29:34.259+0200] {processor.py:157} INFO - Started process (PID=455215) to work on /home/akhilesh/py39/lib/python3.9/site-packages/airflow/example_dags/example_branch_labels.py
[2023-08-14T10:29:34.260+0200] {processor.py:826} INFO - Processing file /home/akhilesh/py39/lib/python3.9/site-packages/airflow/example_dags/example_branch_labels.py for tasks to queue
[2023-08-14T10:29:34.261+0200] {logging_mixin.py:150} INFO - [2023-08-14T10:29:34.261+0200] {dagbag.py:541} INFO - Filling up the DagBag from /home/akhilesh/py39/lib/python3.9/site-packages/airflow/example_dags/example_branch_labels.py
[2023-08-14T10:29:34.266+0200] {processor.py:836} INFO - DAG(s) dict_keys(['example_branch_labels']) retrieved from /home/akhilesh/py39/lib/python3.9/site-packages/airflow/example_dags/example_branch_labels.py
[2023-08-14T10:29:34.282+0200] {logging_mixin.py:150} INFO - [2023-08-14T10:29:34.282+0200] {dag.py:2742} INFO - Sync 1 DAGs
[2023-08-14T10:29:34.462+0200] {logging_mixin.py:150} INFO - [2023-08-14T10:29:34.462+0200] {dag.py:3504} INFO - Setting next_dagrun for example_branch_labels to 2023-08-13T00:00:00+00:00, run_after=2023-08-14T00:00:00+00:00
[2023-08-14T10:29:34.496+0200] {processor.py:179} INFO - Processing /home/akhilesh/py39/lib/python3.9/site-packages/airflow/example_dags/example_branch_labels.py took 0.241 seconds
[2023-08-14T10:30:44.348+0200] {processor.py:157} INFO - Started process (PID=455424) to work on /home/akhilesh/py39/lib/python3.9/site-packages/airflow/example_dags/example_branch_labels.py
[2023-08-14T10:30:44.349+0200] {processor.py:826} INFO - Processing file /home/akhilesh/py39/lib/python3.9/site-packages/airflow/example_dags/example_branch_labels.py for tasks to queue
[2023-08-14T10:30:44.351+0200] {logging_mixin.py:150} INFO - [2023-08-14T10:30:44.350+0200] {dagbag.py:541} INFO - Filling up the DagBag from /home/akhilesh/py39/lib/python3.9/site-packages/airflow/example_dags/example_branch_labels.py
[2023-08-14T10:30:44.360+0200] {processor.py:836} INFO - DAG(s) dict_keys(['example_branch_labels']) retrieved from /home/akhilesh/py39/lib/python3.9/site-packages/airflow/example_dags/example_branch_labels.py
[2023-08-14T10:30:44.376+0200] {logging_mixin.py:150} INFO - [2023-08-14T10:30:44.376+0200] {dag.py:2742} INFO - Sync 1 DAGs
[2023-08-14T10:30:44.392+0200] {logging_mixin.py:150} INFO - [2023-08-14T10:30:44.392+0200] {dag.py:3504} INFO - Setting next_dagrun for example_branch_labels to 2023-08-13T00:00:00+00:00, run_after=2023-08-14T00:00:00+00:00
[2023-08-14T10:30:44.416+0200] {processor.py:179} INFO - Processing /home/akhilesh/py39/lib/python3.9/site-packages/airflow/example_dags/example_branch_labels.py took 0.071 seconds
[2023-08-14T10:31:38.209+0200] {processor.py:157} INFO - Started process (PID=455553) to work on /home/akhilesh/py39/lib/python3.9/site-packages/airflow/example_dags/example_branch_labels.py
[2023-08-14T10:31:38.218+0200] {processor.py:826} INFO - Processing file /home/akhilesh/py39/lib/python3.9/site-packages/airflow/example_dags/example_branch_labels.py for tasks to queue
[2023-08-14T10:31:38.219+0200] {logging_mixin.py:150} INFO - [2023-08-14T10:31:38.219+0200] {dagbag.py:541} INFO - Filling up the DagBag from /home/akhilesh/py39/lib/python3.9/site-packages/airflow/example_dags/example_branch_labels.py
[2023-08-14T10:31:38.226+0200] {processor.py:836} INFO - DAG(s) dict_keys(['example_branch_labels']) retrieved from /home/akhilesh/py39/lib/python3.9/site-packages/airflow/example_dags/example_branch_labels.py
[2023-08-14T10:31:38.244+0200] {logging_mixin.py:150} INFO - [2023-08-14T10:31:38.243+0200] {dag.py:2742} INFO - Sync 1 DAGs
[2023-08-14T10:31:38.261+0200] {logging_mixin.py:150} INFO - [2023-08-14T10:31:38.261+0200] {dag.py:3504} INFO - Setting next_dagrun for example_branch_labels to 2023-08-13T00:00:00+00:00, run_after=2023-08-14T00:00:00+00:00
[2023-08-14T10:31:38.285+0200] {processor.py:179} INFO - Processing /home/akhilesh/py39/lib/python3.9/site-packages/airflow/example_dags/example_branch_labels.py took 0.080 seconds
[2023-08-14T10:32:25.776+0200] {processor.py:157} INFO - Started process (PID=455834) to work on /home/akhilesh/py39/lib/python3.9/site-packages/airflow/example_dags/example_branch_labels.py
[2023-08-14T10:32:25.778+0200] {processor.py:826} INFO - Processing file /home/akhilesh/py39/lib/python3.9/site-packages/airflow/example_dags/example_branch_labels.py for tasks to queue
[2023-08-14T10:32:25.779+0200] {logging_mixin.py:150} INFO - [2023-08-14T10:32:25.778+0200] {dagbag.py:541} INFO - Filling up the DagBag from /home/akhilesh/py39/lib/python3.9/site-packages/airflow/example_dags/example_branch_labels.py
[2023-08-14T10:32:25.787+0200] {processor.py:836} INFO - DAG(s) dict_keys(['example_branch_labels']) retrieved from /home/akhilesh/py39/lib/python3.9/site-packages/airflow/example_dags/example_branch_labels.py
[2023-08-14T10:32:25.805+0200] {logging_mixin.py:150} INFO - [2023-08-14T10:32:25.805+0200] {dag.py:2742} INFO - Sync 1 DAGs
[2023-08-14T10:32:25.821+0200] {logging_mixin.py:150} INFO - [2023-08-14T10:32:25.821+0200] {dag.py:3504} INFO - Setting next_dagrun for example_branch_labels to 2023-08-13T00:00:00+00:00, run_after=2023-08-14T00:00:00+00:00
[2023-08-14T10:32:25.842+0200] {processor.py:179} INFO - Processing /home/akhilesh/py39/lib/python3.9/site-packages/airflow/example_dags/example_branch_labels.py took 0.069 seconds
[2023-08-14T10:33:17.657+0200] {processor.py:157} INFO - Started process (PID=455982) to work on /home/akhilesh/py39/lib/python3.9/site-packages/airflow/example_dags/example_branch_labels.py
[2023-08-14T10:33:17.666+0200] {processor.py:826} INFO - Processing file /home/akhilesh/py39/lib/python3.9/site-packages/airflow/example_dags/example_branch_labels.py for tasks to queue
[2023-08-14T10:33:17.667+0200] {logging_mixin.py:150} INFO - [2023-08-14T10:33:17.667+0200] {dagbag.py:541} INFO - Filling up the DagBag from /home/akhilesh/py39/lib/python3.9/site-packages/airflow/example_dags/example_branch_labels.py
[2023-08-14T10:33:17.676+0200] {processor.py:836} INFO - DAG(s) dict_keys(['example_branch_labels']) retrieved from /home/akhilesh/py39/lib/python3.9/site-packages/airflow/example_dags/example_branch_labels.py
[2023-08-14T10:33:17.689+0200] {logging_mixin.py:150} INFO - [2023-08-14T10:33:17.689+0200] {dag.py:2742} INFO - Sync 1 DAGs
[2023-08-14T10:33:17.702+0200] {logging_mixin.py:150} INFO - [2023-08-14T10:33:17.702+0200] {dag.py:3504} INFO - Setting next_dagrun for example_branch_labels to 2023-08-13T00:00:00+00:00, run_after=2023-08-14T00:00:00+00:00
[2023-08-14T10:33:17.717+0200] {processor.py:179} INFO - Processing /home/akhilesh/py39/lib/python3.9/site-packages/airflow/example_dags/example_branch_labels.py took 0.062 seconds
[2023-08-14T10:34:11.651+0200] {processor.py:157} INFO - Started process (PID=456106) to work on /home/akhilesh/py39/lib/python3.9/site-packages/airflow/example_dags/example_branch_labels.py
[2023-08-14T10:34:11.660+0200] {processor.py:826} INFO - Processing file /home/akhilesh/py39/lib/python3.9/site-packages/airflow/example_dags/example_branch_labels.py for tasks to queue
[2023-08-14T10:34:11.661+0200] {logging_mixin.py:150} INFO - [2023-08-14T10:34:11.660+0200] {dagbag.py:541} INFO - Filling up the DagBag from /home/akhilesh/py39/lib/python3.9/site-packages/airflow/example_dags/example_branch_labels.py
[2023-08-14T10:34:11.672+0200] {processor.py:836} INFO - DAG(s) dict_keys(['example_branch_labels']) retrieved from /home/akhilesh/py39/lib/python3.9/site-packages/airflow/example_dags/example_branch_labels.py
[2023-08-14T10:34:11.689+0200] {logging_mixin.py:150} INFO - [2023-08-14T10:34:11.689+0200] {dag.py:2742} INFO - Sync 1 DAGs
[2023-08-14T10:34:11.705+0200] {logging_mixin.py:150} INFO - [2023-08-14T10:34:11.705+0200] {dag.py:3504} INFO - Setting next_dagrun for example_branch_labels to 2023-08-13T00:00:00+00:00, run_after=2023-08-14T00:00:00+00:00
[2023-08-14T10:34:11.729+0200] {processor.py:179} INFO - Processing /home/akhilesh/py39/lib/python3.9/site-packages/airflow/example_dags/example_branch_labels.py took 0.082 seconds
[2023-08-14T10:35:05.207+0200] {processor.py:157} INFO - Started process (PID=456249) to work on /home/akhilesh/py39/lib/python3.9/site-packages/airflow/example_dags/example_branch_labels.py
[2023-08-14T10:35:05.216+0200] {processor.py:826} INFO - Processing file /home/akhilesh/py39/lib/python3.9/site-packages/airflow/example_dags/example_branch_labels.py for tasks to queue
[2023-08-14T10:35:05.218+0200] {logging_mixin.py:150} INFO - [2023-08-14T10:35:05.217+0200] {dagbag.py:541} INFO - Filling up the DagBag from /home/akhilesh/py39/lib/python3.9/site-packages/airflow/example_dags/example_branch_labels.py
[2023-08-14T10:35:05.228+0200] {processor.py:836} INFO - DAG(s) dict_keys(['example_branch_labels']) retrieved from /home/akhilesh/py39/lib/python3.9/site-packages/airflow/example_dags/example_branch_labels.py
[2023-08-14T10:35:05.246+0200] {logging_mixin.py:150} INFO - [2023-08-14T10:35:05.246+0200] {dag.py:2742} INFO - Sync 1 DAGs
[2023-08-14T10:35:05.265+0200] {logging_mixin.py:150} INFO - [2023-08-14T10:35:05.265+0200] {dag.py:3504} INFO - Setting next_dagrun for example_branch_labels to 2023-08-13T00:00:00+00:00, run_after=2023-08-14T00:00:00+00:00
[2023-08-14T10:35:05.297+0200] {processor.py:179} INFO - Processing /home/akhilesh/py39/lib/python3.9/site-packages/airflow/example_dags/example_branch_labels.py took 0.094 seconds
[2023-08-14T10:35:57.868+0200] {processor.py:157} INFO - Started process (PID=456405) to work on /home/akhilesh/py39/lib/python3.9/site-packages/airflow/example_dags/example_branch_labels.py
[2023-08-14T10:35:57.877+0200] {processor.py:826} INFO - Processing file /home/akhilesh/py39/lib/python3.9/site-packages/airflow/example_dags/example_branch_labels.py for tasks to queue
[2023-08-14T10:35:57.878+0200] {logging_mixin.py:150} INFO - [2023-08-14T10:35:57.878+0200] {dagbag.py:541} INFO - Filling up the DagBag from /home/akhilesh/py39/lib/python3.9/site-packages/airflow/example_dags/example_branch_labels.py
[2023-08-14T10:35:57.887+0200] {processor.py:836} INFO - DAG(s) dict_keys(['example_branch_labels']) retrieved from /home/akhilesh/py39/lib/python3.9/site-packages/airflow/example_dags/example_branch_labels.py
[2023-08-14T10:35:57.907+0200] {logging_mixin.py:150} INFO - [2023-08-14T10:35:57.907+0200] {dag.py:2742} INFO - Sync 1 DAGs
[2023-08-14T10:35:57.927+0200] {logging_mixin.py:150} INFO - [2023-08-14T10:35:57.927+0200] {dag.py:3504} INFO - Setting next_dagrun for example_branch_labels to 2023-08-13T00:00:00+00:00, run_after=2023-08-14T00:00:00+00:00
[2023-08-14T10:35:57.953+0200] {processor.py:179} INFO - Processing /home/akhilesh/py39/lib/python3.9/site-packages/airflow/example_dags/example_branch_labels.py took 0.088 seconds
[2023-08-14T10:36:48.417+0200] {processor.py:157} INFO - Started process (PID=456552) to work on /home/akhilesh/py39/lib/python3.9/site-packages/airflow/example_dags/example_branch_labels.py
[2023-08-14T10:36:48.426+0200] {processor.py:826} INFO - Processing file /home/akhilesh/py39/lib/python3.9/site-packages/airflow/example_dags/example_branch_labels.py for tasks to queue
[2023-08-14T10:36:48.428+0200] {logging_mixin.py:150} INFO - [2023-08-14T10:36:48.427+0200] {dagbag.py:541} INFO - Filling up the DagBag from /home/akhilesh/py39/lib/python3.9/site-packages/airflow/example_dags/example_branch_labels.py
[2023-08-14T10:36:48.438+0200] {processor.py:836} INFO - DAG(s) dict_keys(['example_branch_labels']) retrieved from /home/akhilesh/py39/lib/python3.9/site-packages/airflow/example_dags/example_branch_labels.py
[2023-08-14T10:36:48.455+0200] {logging_mixin.py:150} INFO - [2023-08-14T10:36:48.455+0200] {dag.py:2742} INFO - Sync 1 DAGs
[2023-08-14T10:36:48.471+0200] {logging_mixin.py:150} INFO - [2023-08-14T10:36:48.470+0200] {dag.py:3504} INFO - Setting next_dagrun for example_branch_labels to 2023-08-13T00:00:00+00:00, run_after=2023-08-14T00:00:00+00:00
[2023-08-14T10:36:48.493+0200] {processor.py:179} INFO - Processing /home/akhilesh/py39/lib/python3.9/site-packages/airflow/example_dags/example_branch_labels.py took 0.079 seconds
[2023-08-14T10:37:37.176+0200] {processor.py:157} INFO - Started process (PID=456697) to work on /home/akhilesh/py39/lib/python3.9/site-packages/airflow/example_dags/example_branch_labels.py
[2023-08-14T10:37:37.185+0200] {processor.py:826} INFO - Processing file /home/akhilesh/py39/lib/python3.9/site-packages/airflow/example_dags/example_branch_labels.py for tasks to queue
[2023-08-14T10:37:37.186+0200] {logging_mixin.py:150} INFO - [2023-08-14T10:37:37.186+0200] {dagbag.py:541} INFO - Filling up the DagBag from /home/akhilesh/py39/lib/python3.9/site-packages/airflow/example_dags/example_branch_labels.py
[2023-08-14T10:37:37.196+0200] {processor.py:836} INFO - DAG(s) dict_keys(['example_branch_labels']) retrieved from /home/akhilesh/py39/lib/python3.9/site-packages/airflow/example_dags/example_branch_labels.py
[2023-08-14T10:37:37.215+0200] {logging_mixin.py:150} INFO - [2023-08-14T10:37:37.214+0200] {dag.py:2742} INFO - Sync 1 DAGs
[2023-08-14T10:37:37.233+0200] {logging_mixin.py:150} INFO - [2023-08-14T10:37:37.233+0200] {dag.py:3504} INFO - Setting next_dagrun for example_branch_labels to 2023-08-13T00:00:00+00:00, run_after=2023-08-14T00:00:00+00:00
[2023-08-14T10:37:37.264+0200] {processor.py:179} INFO - Processing /home/akhilesh/py39/lib/python3.9/site-packages/airflow/example_dags/example_branch_labels.py took 0.092 seconds
[2023-08-14T10:38:26.885+0200] {processor.py:157} INFO - Started process (PID=456809) to work on /home/akhilesh/py39/lib/python3.9/site-packages/airflow/example_dags/example_branch_labels.py
[2023-08-14T10:38:26.887+0200] {processor.py:826} INFO - Processing file /home/akhilesh/py39/lib/python3.9/site-packages/airflow/example_dags/example_branch_labels.py for tasks to queue
[2023-08-14T10:38:26.888+0200] {logging_mixin.py:150} INFO - [2023-08-14T10:38:26.888+0200] {dagbag.py:541} INFO - Filling up the DagBag from /home/akhilesh/py39/lib/python3.9/site-packages/airflow/example_dags/example_branch_labels.py
[2023-08-14T10:38:26.895+0200] {processor.py:836} INFO - DAG(s) dict_keys(['example_branch_labels']) retrieved from /home/akhilesh/py39/lib/python3.9/site-packages/airflow/example_dags/example_branch_labels.py
[2023-08-14T10:38:26.915+0200] {logging_mixin.py:150} INFO - [2023-08-14T10:38:26.915+0200] {dag.py:2742} INFO - Sync 1 DAGs
[2023-08-14T10:38:26.939+0200] {logging_mixin.py:150} INFO - [2023-08-14T10:38:26.938+0200] {dag.py:3504} INFO - Setting next_dagrun for example_branch_labels to 2023-08-13T00:00:00+00:00, run_after=2023-08-14T00:00:00+00:00
[2023-08-14T10:38:26.977+0200] {processor.py:179} INFO - Processing /home/akhilesh/py39/lib/python3.9/site-packages/airflow/example_dags/example_branch_labels.py took 0.096 seconds
[2023-08-14T10:40:04.645+0200] {processor.py:157} INFO - Started process (PID=457336) to work on /home/akhilesh/py39/lib/python3.9/site-packages/airflow/example_dags/example_branch_labels.py
[2023-08-14T10:40:04.646+0200] {processor.py:826} INFO - Processing file /home/akhilesh/py39/lib/python3.9/site-packages/airflow/example_dags/example_branch_labels.py for tasks to queue
[2023-08-14T10:40:04.647+0200] {logging_mixin.py:150} INFO - [2023-08-14T10:40:04.647+0200] {dagbag.py:541} INFO - Filling up the DagBag from /home/akhilesh/py39/lib/python3.9/site-packages/airflow/example_dags/example_branch_labels.py
[2023-08-14T10:40:04.651+0200] {processor.py:836} INFO - DAG(s) dict_keys(['example_branch_labels']) retrieved from /home/akhilesh/py39/lib/python3.9/site-packages/airflow/example_dags/example_branch_labels.py
[2023-08-14T10:40:04.666+0200] {logging_mixin.py:150} INFO - [2023-08-14T10:40:04.666+0200] {dag.py:2742} INFO - Sync 1 DAGs
[2023-08-14T10:40:04.684+0200] {logging_mixin.py:150} INFO - [2023-08-14T10:40:04.684+0200] {dag.py:3504} INFO - Setting next_dagrun for example_branch_labels to 2023-08-13T00:00:00+00:00, run_after=2023-08-14T00:00:00+00:00
[2023-08-14T10:40:04.701+0200] {processor.py:179} INFO - Processing /home/akhilesh/py39/lib/python3.9/site-packages/airflow/example_dags/example_branch_labels.py took 0.061 seconds
[2023-08-14T10:41:46.070+0200] {processor.py:157} INFO - Started process (PID=457629) to work on /home/akhilesh/py39/lib/python3.9/site-packages/airflow/example_dags/example_branch_labels.py
[2023-08-14T10:41:46.079+0200] {processor.py:826} INFO - Processing file /home/akhilesh/py39/lib/python3.9/site-packages/airflow/example_dags/example_branch_labels.py for tasks to queue
[2023-08-14T10:41:46.080+0200] {logging_mixin.py:150} INFO - [2023-08-14T10:41:46.080+0200] {dagbag.py:541} INFO - Filling up the DagBag from /home/akhilesh/py39/lib/python3.9/site-packages/airflow/example_dags/example_branch_labels.py
[2023-08-14T10:41:46.090+0200] {processor.py:836} INFO - DAG(s) dict_keys(['example_branch_labels']) retrieved from /home/akhilesh/py39/lib/python3.9/site-packages/airflow/example_dags/example_branch_labels.py
[2023-08-14T10:41:46.108+0200] {logging_mixin.py:150} INFO - [2023-08-14T10:41:46.108+0200] {dag.py:2742} INFO - Sync 1 DAGs
[2023-08-14T10:41:46.123+0200] {logging_mixin.py:150} INFO - [2023-08-14T10:41:46.123+0200] {dag.py:3504} INFO - Setting next_dagrun for example_branch_labels to 2023-08-13T00:00:00+00:00, run_after=2023-08-14T00:00:00+00:00
[2023-08-14T10:41:46.144+0200] {processor.py:179} INFO - Processing /home/akhilesh/py39/lib/python3.9/site-packages/airflow/example_dags/example_branch_labels.py took 0.078 seconds
[2023-08-14T10:42:32.892+0200] {processor.py:157} INFO - Started process (PID=457791) to work on /home/akhilesh/py39/lib/python3.9/site-packages/airflow/example_dags/example_branch_labels.py
[2023-08-14T10:42:32.893+0200] {processor.py:826} INFO - Processing file /home/akhilesh/py39/lib/python3.9/site-packages/airflow/example_dags/example_branch_labels.py for tasks to queue
[2023-08-14T10:42:32.894+0200] {logging_mixin.py:150} INFO - [2023-08-14T10:42:32.894+0200] {dagbag.py:541} INFO - Filling up the DagBag from /home/akhilesh/py39/lib/python3.9/site-packages/airflow/example_dags/example_branch_labels.py
[2023-08-14T10:42:32.903+0200] {processor.py:836} INFO - DAG(s) dict_keys(['example_branch_labels']) retrieved from /home/akhilesh/py39/lib/python3.9/site-packages/airflow/example_dags/example_branch_labels.py
[2023-08-14T10:42:32.924+0200] {logging_mixin.py:150} INFO - [2023-08-14T10:42:32.924+0200] {dag.py:2742} INFO - Sync 1 DAGs
[2023-08-14T10:42:32.941+0200] {logging_mixin.py:150} INFO - [2023-08-14T10:42:32.941+0200] {dag.py:3504} INFO - Setting next_dagrun for example_branch_labels to 2023-08-13T00:00:00+00:00, run_after=2023-08-14T00:00:00+00:00
[2023-08-14T10:42:32.967+0200] {processor.py:179} INFO - Processing /home/akhilesh/py39/lib/python3.9/site-packages/airflow/example_dags/example_branch_labels.py took 0.079 seconds
[2023-08-14T10:44:37.266+0200] {processor.py:157} INFO - Started process (PID=458286) to work on /home/akhilesh/py39/lib/python3.9/site-packages/airflow/example_dags/example_branch_labels.py
[2023-08-14T10:44:37.275+0200] {processor.py:826} INFO - Processing file /home/akhilesh/py39/lib/python3.9/site-packages/airflow/example_dags/example_branch_labels.py for tasks to queue
[2023-08-14T10:44:37.277+0200] {logging_mixin.py:150} INFO - [2023-08-14T10:44:37.277+0200] {dagbag.py:541} INFO - Filling up the DagBag from /home/akhilesh/py39/lib/python3.9/site-packages/airflow/example_dags/example_branch_labels.py
[2023-08-14T10:44:37.288+0200] {processor.py:836} INFO - DAG(s) dict_keys(['example_branch_labels']) retrieved from /home/akhilesh/py39/lib/python3.9/site-packages/airflow/example_dags/example_branch_labels.py
[2023-08-14T10:44:37.309+0200] {logging_mixin.py:150} INFO - [2023-08-14T10:44:37.309+0200] {dag.py:2742} INFO - Sync 1 DAGs
[2023-08-14T10:44:37.328+0200] {logging_mixin.py:150} INFO - [2023-08-14T10:44:37.327+0200] {dag.py:3504} INFO - Setting next_dagrun for example_branch_labels to 2023-08-13T00:00:00+00:00, run_after=2023-08-14T00:00:00+00:00
[2023-08-14T10:44:37.353+0200] {processor.py:179} INFO - Processing /home/akhilesh/py39/lib/python3.9/site-packages/airflow/example_dags/example_branch_labels.py took 0.091 seconds
[2023-08-14T10:45:26.021+0200] {processor.py:157} INFO - Started process (PID=458483) to work on /home/akhilesh/py39/lib/python3.9/site-packages/airflow/example_dags/example_branch_labels.py
[2023-08-14T10:45:26.031+0200] {processor.py:826} INFO - Processing file /home/akhilesh/py39/lib/python3.9/site-packages/airflow/example_dags/example_branch_labels.py for tasks to queue
[2023-08-14T10:45:26.032+0200] {logging_mixin.py:150} INFO - [2023-08-14T10:45:26.032+0200] {dagbag.py:541} INFO - Filling up the DagBag from /home/akhilesh/py39/lib/python3.9/site-packages/airflow/example_dags/example_branch_labels.py
[2023-08-14T10:45:26.041+0200] {processor.py:836} INFO - DAG(s) dict_keys(['example_branch_labels']) retrieved from /home/akhilesh/py39/lib/python3.9/site-packages/airflow/example_dags/example_branch_labels.py
[2023-08-14T10:45:26.057+0200] {logging_mixin.py:150} INFO - [2023-08-14T10:45:26.057+0200] {dag.py:2742} INFO - Sync 1 DAGs
[2023-08-14T10:45:26.072+0200] {logging_mixin.py:150} INFO - [2023-08-14T10:45:26.072+0200] {dag.py:3504} INFO - Setting next_dagrun for example_branch_labels to 2023-08-13T00:00:00+00:00, run_after=2023-08-14T00:00:00+00:00
[2023-08-14T10:45:26.093+0200] {processor.py:179} INFO - Processing /home/akhilesh/py39/lib/python3.9/site-packages/airflow/example_dags/example_branch_labels.py took 0.075 seconds
[2023-08-14T10:46:13.204+0200] {processor.py:157} INFO - Started process (PID=458766) to work on /home/akhilesh/py39/lib/python3.9/site-packages/airflow/example_dags/example_branch_labels.py
[2023-08-14T10:46:13.213+0200] {processor.py:826} INFO - Processing file /home/akhilesh/py39/lib/python3.9/site-packages/airflow/example_dags/example_branch_labels.py for tasks to queue
[2023-08-14T10:46:13.215+0200] {logging_mixin.py:150} INFO - [2023-08-14T10:46:13.215+0200] {dagbag.py:541} INFO - Filling up the DagBag from /home/akhilesh/py39/lib/python3.9/site-packages/airflow/example_dags/example_branch_labels.py
[2023-08-14T10:46:13.226+0200] {processor.py:836} INFO - DAG(s) dict_keys(['example_branch_labels']) retrieved from /home/akhilesh/py39/lib/python3.9/site-packages/airflow/example_dags/example_branch_labels.py
[2023-08-14T10:46:13.244+0200] {logging_mixin.py:150} INFO - [2023-08-14T10:46:13.244+0200] {dag.py:2742} INFO - Sync 1 DAGs
[2023-08-14T10:46:13.258+0200] {logging_mixin.py:150} INFO - [2023-08-14T10:46:13.258+0200] {dag.py:3504} INFO - Setting next_dagrun for example_branch_labels to 2023-08-13T00:00:00+00:00, run_after=2023-08-14T00:00:00+00:00
[2023-08-14T10:46:13.281+0200] {processor.py:179} INFO - Processing /home/akhilesh/py39/lib/python3.9/site-packages/airflow/example_dags/example_branch_labels.py took 0.081 seconds
[2023-08-14T10:47:01.780+0200] {processor.py:157} INFO - Started process (PID=458942) to work on /home/akhilesh/py39/lib/python3.9/site-packages/airflow/example_dags/example_branch_labels.py
[2023-08-14T10:47:01.789+0200] {processor.py:826} INFO - Processing file /home/akhilesh/py39/lib/python3.9/site-packages/airflow/example_dags/example_branch_labels.py for tasks to queue
[2023-08-14T10:47:01.790+0200] {logging_mixin.py:150} INFO - [2023-08-14T10:47:01.790+0200] {dagbag.py:541} INFO - Filling up the DagBag from /home/akhilesh/py39/lib/python3.9/site-packages/airflow/example_dags/example_branch_labels.py
[2023-08-14T10:47:01.800+0200] {processor.py:836} INFO - DAG(s) dict_keys(['example_branch_labels']) retrieved from /home/akhilesh/py39/lib/python3.9/site-packages/airflow/example_dags/example_branch_labels.py
[2023-08-14T10:47:01.821+0200] {logging_mixin.py:150} INFO - [2023-08-14T10:47:01.820+0200] {dag.py:2742} INFO - Sync 1 DAGs
[2023-08-14T10:47:01.836+0200] {logging_mixin.py:150} INFO - [2023-08-14T10:47:01.836+0200] {dag.py:3504} INFO - Setting next_dagrun for example_branch_labels to 2023-08-13T00:00:00+00:00, run_after=2023-08-14T00:00:00+00:00
[2023-08-14T10:47:01.859+0200] {processor.py:179} INFO - Processing /home/akhilesh/py39/lib/python3.9/site-packages/airflow/example_dags/example_branch_labels.py took 0.084 seconds
[2023-08-14T10:47:54.544+0200] {processor.py:157} INFO - Started process (PID=459102) to work on /home/akhilesh/py39/lib/python3.9/site-packages/airflow/example_dags/example_branch_labels.py
[2023-08-14T10:47:54.554+0200] {processor.py:826} INFO - Processing file /home/akhilesh/py39/lib/python3.9/site-packages/airflow/example_dags/example_branch_labels.py for tasks to queue
[2023-08-14T10:47:54.555+0200] {logging_mixin.py:150} INFO - [2023-08-14T10:47:54.555+0200] {dagbag.py:541} INFO - Filling up the DagBag from /home/akhilesh/py39/lib/python3.9/site-packages/airflow/example_dags/example_branch_labels.py
[2023-08-14T10:47:54.565+0200] {processor.py:836} INFO - DAG(s) dict_keys(['example_branch_labels']) retrieved from /home/akhilesh/py39/lib/python3.9/site-packages/airflow/example_dags/example_branch_labels.py
[2023-08-14T10:47:54.583+0200] {logging_mixin.py:150} INFO - [2023-08-14T10:47:54.582+0200] {dag.py:2742} INFO - Sync 1 DAGs
[2023-08-14T10:47:54.598+0200] {logging_mixin.py:150} INFO - [2023-08-14T10:47:54.598+0200] {dag.py:3504} INFO - Setting next_dagrun for example_branch_labels to 2023-08-13T00:00:00+00:00, run_after=2023-08-14T00:00:00+00:00
[2023-08-14T10:47:54.622+0200] {processor.py:179} INFO - Processing /home/akhilesh/py39/lib/python3.9/site-packages/airflow/example_dags/example_branch_labels.py took 0.082 seconds
[2023-08-14T10:48:49.171+0200] {processor.py:157} INFO - Started process (PID=459287) to work on /home/akhilesh/py39/lib/python3.9/site-packages/airflow/example_dags/example_branch_labels.py
[2023-08-14T10:48:49.180+0200] {processor.py:826} INFO - Processing file /home/akhilesh/py39/lib/python3.9/site-packages/airflow/example_dags/example_branch_labels.py for tasks to queue
[2023-08-14T10:48:49.181+0200] {logging_mixin.py:150} INFO - [2023-08-14T10:48:49.181+0200] {dagbag.py:541} INFO - Filling up the DagBag from /home/akhilesh/py39/lib/python3.9/site-packages/airflow/example_dags/example_branch_labels.py
[2023-08-14T10:48:49.192+0200] {processor.py:836} INFO - DAG(s) dict_keys(['example_branch_labels']) retrieved from /home/akhilesh/py39/lib/python3.9/site-packages/airflow/example_dags/example_branch_labels.py
[2023-08-14T10:48:49.212+0200] {logging_mixin.py:150} INFO - [2023-08-14T10:48:49.212+0200] {dag.py:2742} INFO - Sync 1 DAGs
[2023-08-14T10:48:49.232+0200] {logging_mixin.py:150} INFO - [2023-08-14T10:48:49.231+0200] {dag.py:3504} INFO - Setting next_dagrun for example_branch_labels to 2023-08-13T00:00:00+00:00, run_after=2023-08-14T00:00:00+00:00
[2023-08-14T10:48:49.260+0200] {processor.py:179} INFO - Processing /home/akhilesh/py39/lib/python3.9/site-packages/airflow/example_dags/example_branch_labels.py took 0.094 seconds
[2023-08-14T10:49:40.283+0200] {processor.py:157} INFO - Started process (PID=459437) to work on /home/akhilesh/py39/lib/python3.9/site-packages/airflow/example_dags/example_branch_labels.py
[2023-08-14T10:49:40.285+0200] {processor.py:826} INFO - Processing file /home/akhilesh/py39/lib/python3.9/site-packages/airflow/example_dags/example_branch_labels.py for tasks to queue
[2023-08-14T10:49:40.285+0200] {logging_mixin.py:150} INFO - [2023-08-14T10:49:40.285+0200] {dagbag.py:541} INFO - Filling up the DagBag from /home/akhilesh/py39/lib/python3.9/site-packages/airflow/example_dags/example_branch_labels.py
[2023-08-14T10:49:40.292+0200] {processor.py:836} INFO - DAG(s) dict_keys(['example_branch_labels']) retrieved from /home/akhilesh/py39/lib/python3.9/site-packages/airflow/example_dags/example_branch_labels.py
[2023-08-14T10:49:40.309+0200] {logging_mixin.py:150} INFO - [2023-08-14T10:49:40.309+0200] {dag.py:2742} INFO - Sync 1 DAGs
[2023-08-14T10:49:40.325+0200] {logging_mixin.py:150} INFO - [2023-08-14T10:49:40.325+0200] {dag.py:3504} INFO - Setting next_dagrun for example_branch_labels to 2023-08-13T00:00:00+00:00, run_after=2023-08-14T00:00:00+00:00
[2023-08-14T10:49:40.347+0200] {processor.py:179} INFO - Processing /home/akhilesh/py39/lib/python3.9/site-packages/airflow/example_dags/example_branch_labels.py took 0.068 seconds
[2023-08-14T10:50:31.295+0200] {processor.py:157} INFO - Started process (PID=459669) to work on /home/akhilesh/py39/lib/python3.9/site-packages/airflow/example_dags/example_branch_labels.py
[2023-08-14T10:50:31.304+0200] {processor.py:826} INFO - Processing file /home/akhilesh/py39/lib/python3.9/site-packages/airflow/example_dags/example_branch_labels.py for tasks to queue
[2023-08-14T10:50:31.305+0200] {logging_mixin.py:150} INFO - [2023-08-14T10:50:31.305+0200] {dagbag.py:541} INFO - Filling up the DagBag from /home/akhilesh/py39/lib/python3.9/site-packages/airflow/example_dags/example_branch_labels.py
[2023-08-14T10:50:31.314+0200] {processor.py:836} INFO - DAG(s) dict_keys(['example_branch_labels']) retrieved from /home/akhilesh/py39/lib/python3.9/site-packages/airflow/example_dags/example_branch_labels.py
[2023-08-14T10:50:31.330+0200] {logging_mixin.py:150} INFO - [2023-08-14T10:50:31.330+0200] {dag.py:2742} INFO - Sync 1 DAGs
[2023-08-14T10:50:31.346+0200] {logging_mixin.py:150} INFO - [2023-08-14T10:50:31.345+0200] {dag.py:3504} INFO - Setting next_dagrun for example_branch_labels to 2023-08-13T00:00:00+00:00, run_after=2023-08-14T00:00:00+00:00
[2023-08-14T10:50:31.370+0200] {processor.py:179} INFO - Processing /home/akhilesh/py39/lib/python3.9/site-packages/airflow/example_dags/example_branch_labels.py took 0.078 seconds
[2023-08-14T10:51:23.049+0200] {processor.py:157} INFO - Started process (PID=459812) to work on /home/akhilesh/py39/lib/python3.9/site-packages/airflow/example_dags/example_branch_labels.py
[2023-08-14T10:51:23.058+0200] {processor.py:826} INFO - Processing file /home/akhilesh/py39/lib/python3.9/site-packages/airflow/example_dags/example_branch_labels.py for tasks to queue
[2023-08-14T10:51:23.060+0200] {logging_mixin.py:150} INFO - [2023-08-14T10:51:23.059+0200] {dagbag.py:541} INFO - Filling up the DagBag from /home/akhilesh/py39/lib/python3.9/site-packages/airflow/example_dags/example_branch_labels.py
[2023-08-14T10:51:23.071+0200] {processor.py:836} INFO - DAG(s) dict_keys(['example_branch_labels']) retrieved from /home/akhilesh/py39/lib/python3.9/site-packages/airflow/example_dags/example_branch_labels.py
[2023-08-14T10:51:23.089+0200] {logging_mixin.py:150} INFO - [2023-08-14T10:51:23.089+0200] {dag.py:2742} INFO - Sync 1 DAGs
[2023-08-14T10:51:23.104+0200] {logging_mixin.py:150} INFO - [2023-08-14T10:51:23.104+0200] {dag.py:3504} INFO - Setting next_dagrun for example_branch_labels to 2023-08-13T00:00:00+00:00, run_after=2023-08-14T00:00:00+00:00
[2023-08-14T10:51:23.128+0200] {processor.py:179} INFO - Processing /home/akhilesh/py39/lib/python3.9/site-packages/airflow/example_dags/example_branch_labels.py took 0.084 seconds
[2023-08-14T10:52:10.432+0200] {processor.py:157} INFO - Started process (PID=459934) to work on /home/akhilesh/py39/lib/python3.9/site-packages/airflow/example_dags/example_branch_labels.py
[2023-08-14T10:52:10.441+0200] {processor.py:826} INFO - Processing file /home/akhilesh/py39/lib/python3.9/site-packages/airflow/example_dags/example_branch_labels.py for tasks to queue
[2023-08-14T10:52:10.442+0200] {logging_mixin.py:150} INFO - [2023-08-14T10:52:10.442+0200] {dagbag.py:541} INFO - Filling up the DagBag from /home/akhilesh/py39/lib/python3.9/site-packages/airflow/example_dags/example_branch_labels.py
[2023-08-14T10:52:10.451+0200] {processor.py:836} INFO - DAG(s) dict_keys(['example_branch_labels']) retrieved from /home/akhilesh/py39/lib/python3.9/site-packages/airflow/example_dags/example_branch_labels.py
[2023-08-14T10:52:10.468+0200] {logging_mixin.py:150} INFO - [2023-08-14T10:52:10.468+0200] {dag.py:2742} INFO - Sync 1 DAGs
[2023-08-14T10:52:10.485+0200] {logging_mixin.py:150} INFO - [2023-08-14T10:52:10.484+0200] {dag.py:3504} INFO - Setting next_dagrun for example_branch_labels to 2023-08-13T00:00:00+00:00, run_after=2023-08-14T00:00:00+00:00
[2023-08-14T10:52:10.511+0200] {processor.py:179} INFO - Processing /home/akhilesh/py39/lib/python3.9/site-packages/airflow/example_dags/example_branch_labels.py took 0.084 seconds
[2023-08-14T10:53:02.344+0200] {processor.py:157} INFO - Started process (PID=460136) to work on /home/akhilesh/py39/lib/python3.9/site-packages/airflow/example_dags/example_branch_labels.py
[2023-08-14T10:53:02.353+0200] {processor.py:826} INFO - Processing file /home/akhilesh/py39/lib/python3.9/site-packages/airflow/example_dags/example_branch_labels.py for tasks to queue
[2023-08-14T10:53:02.354+0200] {logging_mixin.py:150} INFO - [2023-08-14T10:53:02.353+0200] {dagbag.py:541} INFO - Filling up the DagBag from /home/akhilesh/py39/lib/python3.9/site-packages/airflow/example_dags/example_branch_labels.py
[2023-08-14T10:53:02.364+0200] {processor.py:836} INFO - DAG(s) dict_keys(['example_branch_labels']) retrieved from /home/akhilesh/py39/lib/python3.9/site-packages/airflow/example_dags/example_branch_labels.py
[2023-08-14T10:53:02.384+0200] {logging_mixin.py:150} INFO - [2023-08-14T10:53:02.384+0200] {dag.py:2742} INFO - Sync 1 DAGs
[2023-08-14T10:53:02.402+0200] {logging_mixin.py:150} INFO - [2023-08-14T10:53:02.401+0200] {dag.py:3504} INFO - Setting next_dagrun for example_branch_labels to 2023-08-13T00:00:00+00:00, run_after=2023-08-14T00:00:00+00:00
[2023-08-14T10:53:02.422+0200] {processor.py:179} INFO - Processing /home/akhilesh/py39/lib/python3.9/site-packages/airflow/example_dags/example_branch_labels.py took 0.082 seconds
[2023-08-14T10:53:53.374+0200] {processor.py:157} INFO - Started process (PID=460299) to work on /home/akhilesh/py39/lib/python3.9/site-packages/airflow/example_dags/example_branch_labels.py
[2023-08-14T10:53:53.383+0200] {processor.py:826} INFO - Processing file /home/akhilesh/py39/lib/python3.9/site-packages/airflow/example_dags/example_branch_labels.py for tasks to queue
[2023-08-14T10:53:53.385+0200] {logging_mixin.py:150} INFO - [2023-08-14T10:53:53.384+0200] {dagbag.py:541} INFO - Filling up the DagBag from /home/akhilesh/py39/lib/python3.9/site-packages/airflow/example_dags/example_branch_labels.py
[2023-08-14T10:53:53.394+0200] {processor.py:836} INFO - DAG(s) dict_keys(['example_branch_labels']) retrieved from /home/akhilesh/py39/lib/python3.9/site-packages/airflow/example_dags/example_branch_labels.py
[2023-08-14T10:53:53.410+0200] {logging_mixin.py:150} INFO - [2023-08-14T10:53:53.409+0200] {dag.py:2742} INFO - Sync 1 DAGs
[2023-08-14T10:53:53.424+0200] {logging_mixin.py:150} INFO - [2023-08-14T10:53:53.424+0200] {dag.py:3504} INFO - Setting next_dagrun for example_branch_labels to 2023-08-13T00:00:00+00:00, run_after=2023-08-14T00:00:00+00:00
[2023-08-14T10:53:53.444+0200] {processor.py:179} INFO - Processing /home/akhilesh/py39/lib/python3.9/site-packages/airflow/example_dags/example_branch_labels.py took 0.074 seconds
[2023-08-14T10:54:46.138+0200] {processor.py:157} INFO - Started process (PID=460483) to work on /home/akhilesh/py39/lib/python3.9/site-packages/airflow/example_dags/example_branch_labels.py
[2023-08-14T10:54:46.147+0200] {processor.py:826} INFO - Processing file /home/akhilesh/py39/lib/python3.9/site-packages/airflow/example_dags/example_branch_labels.py for tasks to queue
[2023-08-14T10:54:46.148+0200] {logging_mixin.py:150} INFO - [2023-08-14T10:54:46.148+0200] {dagbag.py:541} INFO - Filling up the DagBag from /home/akhilesh/py39/lib/python3.9/site-packages/airflow/example_dags/example_branch_labels.py
[2023-08-14T10:54:46.158+0200] {processor.py:836} INFO - DAG(s) dict_keys(['example_branch_labels']) retrieved from /home/akhilesh/py39/lib/python3.9/site-packages/airflow/example_dags/example_branch_labels.py
[2023-08-14T10:54:46.172+0200] {logging_mixin.py:150} INFO - [2023-08-14T10:54:46.172+0200] {dag.py:2742} INFO - Sync 1 DAGs
[2023-08-14T10:54:46.190+0200] {logging_mixin.py:150} INFO - [2023-08-14T10:54:46.189+0200] {dag.py:3504} INFO - Setting next_dagrun for example_branch_labels to 2023-08-13T00:00:00+00:00, run_after=2023-08-14T00:00:00+00:00
[2023-08-14T10:54:46.210+0200] {processor.py:179} INFO - Processing /home/akhilesh/py39/lib/python3.9/site-packages/airflow/example_dags/example_branch_labels.py took 0.076 seconds
[2023-08-14T10:55:35.885+0200] {processor.py:157} INFO - Started process (PID=460628) to work on /home/akhilesh/py39/lib/python3.9/site-packages/airflow/example_dags/example_branch_labels.py
[2023-08-14T10:55:35.894+0200] {processor.py:826} INFO - Processing file /home/akhilesh/py39/lib/python3.9/site-packages/airflow/example_dags/example_branch_labels.py for tasks to queue
[2023-08-14T10:55:35.895+0200] {logging_mixin.py:150} INFO - [2023-08-14T10:55:35.895+0200] {dagbag.py:541} INFO - Filling up the DagBag from /home/akhilesh/py39/lib/python3.9/site-packages/airflow/example_dags/example_branch_labels.py
[2023-08-14T10:55:35.904+0200] {processor.py:836} INFO - DAG(s) dict_keys(['example_branch_labels']) retrieved from /home/akhilesh/py39/lib/python3.9/site-packages/airflow/example_dags/example_branch_labels.py
[2023-08-14T10:55:35.922+0200] {logging_mixin.py:150} INFO - [2023-08-14T10:55:35.921+0200] {dag.py:2742} INFO - Sync 1 DAGs
[2023-08-14T10:55:35.937+0200] {logging_mixin.py:150} INFO - [2023-08-14T10:55:35.937+0200] {dag.py:3504} INFO - Setting next_dagrun for example_branch_labels to 2023-08-13T00:00:00+00:00, run_after=2023-08-14T00:00:00+00:00
[2023-08-14T10:55:35.956+0200] {processor.py:179} INFO - Processing /home/akhilesh/py39/lib/python3.9/site-packages/airflow/example_dags/example_branch_labels.py took 0.075 seconds
[2023-08-14T10:56:23.927+0200] {processor.py:157} INFO - Started process (PID=460791) to work on /home/akhilesh/py39/lib/python3.9/site-packages/airflow/example_dags/example_branch_labels.py
[2023-08-14T10:56:23.936+0200] {processor.py:826} INFO - Processing file /home/akhilesh/py39/lib/python3.9/site-packages/airflow/example_dags/example_branch_labels.py for tasks to queue
[2023-08-14T10:56:23.937+0200] {logging_mixin.py:150} INFO - [2023-08-14T10:56:23.936+0200] {dagbag.py:541} INFO - Filling up the DagBag from /home/akhilesh/py39/lib/python3.9/site-packages/airflow/example_dags/example_branch_labels.py
[2023-08-14T10:56:23.944+0200] {processor.py:836} INFO - DAG(s) dict_keys(['example_branch_labels']) retrieved from /home/akhilesh/py39/lib/python3.9/site-packages/airflow/example_dags/example_branch_labels.py
[2023-08-14T10:56:23.960+0200] {logging_mixin.py:150} INFO - [2023-08-14T10:56:23.960+0200] {dag.py:2742} INFO - Sync 1 DAGs
[2023-08-14T10:56:23.975+0200] {logging_mixin.py:150} INFO - [2023-08-14T10:56:23.975+0200] {dag.py:3504} INFO - Setting next_dagrun for example_branch_labels to 2023-08-13T00:00:00+00:00, run_after=2023-08-14T00:00:00+00:00
[2023-08-14T10:56:23.998+0200] {processor.py:179} INFO - Processing /home/akhilesh/py39/lib/python3.9/site-packages/airflow/example_dags/example_branch_labels.py took 0.075 seconds
[2023-08-14T10:57:13.943+0200] {processor.py:157} INFO - Started process (PID=460986) to work on /home/akhilesh/py39/lib/python3.9/site-packages/airflow/example_dags/example_branch_labels.py
[2023-08-14T10:57:13.944+0200] {processor.py:826} INFO - Processing file /home/akhilesh/py39/lib/python3.9/site-packages/airflow/example_dags/example_branch_labels.py for tasks to queue
[2023-08-14T10:57:13.945+0200] {logging_mixin.py:150} INFO - [2023-08-14T10:57:13.945+0200] {dagbag.py:541} INFO - Filling up the DagBag from /home/akhilesh/py39/lib/python3.9/site-packages/airflow/example_dags/example_branch_labels.py
[2023-08-14T10:57:13.953+0200] {processor.py:836} INFO - DAG(s) dict_keys(['example_branch_labels']) retrieved from /home/akhilesh/py39/lib/python3.9/site-packages/airflow/example_dags/example_branch_labels.py
[2023-08-14T10:57:13.965+0200] {logging_mixin.py:150} INFO - [2023-08-14T10:57:13.965+0200] {dag.py:2742} INFO - Sync 1 DAGs
[2023-08-14T10:57:13.979+0200] {logging_mixin.py:150} INFO - [2023-08-14T10:57:13.978+0200] {dag.py:3504} INFO - Setting next_dagrun for example_branch_labels to 2023-08-13T00:00:00+00:00, run_after=2023-08-14T00:00:00+00:00
[2023-08-14T10:57:13.994+0200] {processor.py:179} INFO - Processing /home/akhilesh/py39/lib/python3.9/site-packages/airflow/example_dags/example_branch_labels.py took 0.054 seconds
[2023-08-14T10:58:00.843+0200] {processor.py:157} INFO - Started process (PID=461216) to work on /home/akhilesh/py39/lib/python3.9/site-packages/airflow/example_dags/example_branch_labels.py
[2023-08-14T10:58:00.852+0200] {processor.py:826} INFO - Processing file /home/akhilesh/py39/lib/python3.9/site-packages/airflow/example_dags/example_branch_labels.py for tasks to queue
[2023-08-14T10:58:00.853+0200] {logging_mixin.py:150} INFO - [2023-08-14T10:58:00.852+0200] {dagbag.py:541} INFO - Filling up the DagBag from /home/akhilesh/py39/lib/python3.9/site-packages/airflow/example_dags/example_branch_labels.py
[2023-08-14T10:58:00.861+0200] {processor.py:836} INFO - DAG(s) dict_keys(['example_branch_labels']) retrieved from /home/akhilesh/py39/lib/python3.9/site-packages/airflow/example_dags/example_branch_labels.py
[2023-08-14T10:58:00.878+0200] {logging_mixin.py:150} INFO - [2023-08-14T10:58:00.878+0200] {dag.py:2742} INFO - Sync 1 DAGs
[2023-08-14T10:58:00.890+0200] {logging_mixin.py:150} INFO - [2023-08-14T10:58:00.889+0200] {dag.py:3504} INFO - Setting next_dagrun for example_branch_labels to 2023-08-13T00:00:00+00:00, run_after=2023-08-14T00:00:00+00:00
[2023-08-14T10:58:00.907+0200] {processor.py:179} INFO - Processing /home/akhilesh/py39/lib/python3.9/site-packages/airflow/example_dags/example_branch_labels.py took 0.068 seconds
[2023-08-14T10:58:46.465+0200] {processor.py:157} INFO - Started process (PID=461347) to work on /home/akhilesh/py39/lib/python3.9/site-packages/airflow/example_dags/example_branch_labels.py
[2023-08-14T10:58:46.475+0200] {processor.py:826} INFO - Processing file /home/akhilesh/py39/lib/python3.9/site-packages/airflow/example_dags/example_branch_labels.py for tasks to queue
[2023-08-14T10:58:46.475+0200] {logging_mixin.py:150} INFO - [2023-08-14T10:58:46.475+0200] {dagbag.py:541} INFO - Filling up the DagBag from /home/akhilesh/py39/lib/python3.9/site-packages/airflow/example_dags/example_branch_labels.py
[2023-08-14T10:58:46.481+0200] {processor.py:836} INFO - DAG(s) dict_keys(['example_branch_labels']) retrieved from /home/akhilesh/py39/lib/python3.9/site-packages/airflow/example_dags/example_branch_labels.py
[2023-08-14T10:58:46.503+0200] {logging_mixin.py:150} INFO - [2023-08-14T10:58:46.503+0200] {dag.py:2742} INFO - Sync 1 DAGs
[2023-08-14T10:58:46.519+0200] {logging_mixin.py:150} INFO - [2023-08-14T10:58:46.519+0200] {dag.py:3504} INFO - Setting next_dagrun for example_branch_labels to 2023-08-13T00:00:00+00:00, run_after=2023-08-14T00:00:00+00:00
[2023-08-14T10:58:46.544+0200] {processor.py:179} INFO - Processing /home/akhilesh/py39/lib/python3.9/site-packages/airflow/example_dags/example_branch_labels.py took 0.083 seconds
[2023-08-14T10:59:36.043+0200] {processor.py:157} INFO - Started process (PID=461488) to work on /home/akhilesh/py39/lib/python3.9/site-packages/airflow/example_dags/example_branch_labels.py
[2023-08-14T10:59:36.053+0200] {processor.py:826} INFO - Processing file /home/akhilesh/py39/lib/python3.9/site-packages/airflow/example_dags/example_branch_labels.py for tasks to queue
[2023-08-14T10:59:36.054+0200] {logging_mixin.py:150} INFO - [2023-08-14T10:59:36.053+0200] {dagbag.py:541} INFO - Filling up the DagBag from /home/akhilesh/py39/lib/python3.9/site-packages/airflow/example_dags/example_branch_labels.py
[2023-08-14T10:59:36.064+0200] {processor.py:836} INFO - DAG(s) dict_keys(['example_branch_labels']) retrieved from /home/akhilesh/py39/lib/python3.9/site-packages/airflow/example_dags/example_branch_labels.py
[2023-08-14T10:59:36.081+0200] {logging_mixin.py:150} INFO - [2023-08-14T10:59:36.081+0200] {dag.py:2742} INFO - Sync 1 DAGs
[2023-08-14T10:59:36.097+0200] {logging_mixin.py:150} INFO - [2023-08-14T10:59:36.097+0200] {dag.py:3504} INFO - Setting next_dagrun for example_branch_labels to 2023-08-13T00:00:00+00:00, run_after=2023-08-14T00:00:00+00:00
[2023-08-14T10:59:36.118+0200] {processor.py:179} INFO - Processing /home/akhilesh/py39/lib/python3.9/site-packages/airflow/example_dags/example_branch_labels.py took 0.079 seconds
[2023-08-14T11:00:25.415+0200] {processor.py:157} INFO - Started process (PID=461670) to work on /home/akhilesh/py39/lib/python3.9/site-packages/airflow/example_dags/example_branch_labels.py
[2023-08-14T11:00:25.424+0200] {processor.py:826} INFO - Processing file /home/akhilesh/py39/lib/python3.9/site-packages/airflow/example_dags/example_branch_labels.py for tasks to queue
[2023-08-14T11:00:25.425+0200] {logging_mixin.py:150} INFO - [2023-08-14T11:00:25.425+0200] {dagbag.py:541} INFO - Filling up the DagBag from /home/akhilesh/py39/lib/python3.9/site-packages/airflow/example_dags/example_branch_labels.py
[2023-08-14T11:00:25.434+0200] {processor.py:836} INFO - DAG(s) dict_keys(['example_branch_labels']) retrieved from /home/akhilesh/py39/lib/python3.9/site-packages/airflow/example_dags/example_branch_labels.py
[2023-08-14T11:00:25.450+0200] {logging_mixin.py:150} INFO - [2023-08-14T11:00:25.450+0200] {dag.py:2742} INFO - Sync 1 DAGs
[2023-08-14T11:00:25.464+0200] {logging_mixin.py:150} INFO - [2023-08-14T11:00:25.464+0200] {dag.py:3504} INFO - Setting next_dagrun for example_branch_labels to 2023-08-13T00:00:00+00:00, run_after=2023-08-14T00:00:00+00:00
[2023-08-14T11:00:25.487+0200] {processor.py:179} INFO - Processing /home/akhilesh/py39/lib/python3.9/site-packages/airflow/example_dags/example_branch_labels.py took 0.076 seconds
[2023-08-14T11:01:17.230+0200] {processor.py:157} INFO - Started process (PID=461815) to work on /home/akhilesh/py39/lib/python3.9/site-packages/airflow/example_dags/example_branch_labels.py
[2023-08-14T11:01:17.240+0200] {processor.py:826} INFO - Processing file /home/akhilesh/py39/lib/python3.9/site-packages/airflow/example_dags/example_branch_labels.py for tasks to queue
[2023-08-14T11:01:17.241+0200] {logging_mixin.py:150} INFO - [2023-08-14T11:01:17.240+0200] {dagbag.py:541} INFO - Filling up the DagBag from /home/akhilesh/py39/lib/python3.9/site-packages/airflow/example_dags/example_branch_labels.py
[2023-08-14T11:01:17.250+0200] {processor.py:836} INFO - DAG(s) dict_keys(['example_branch_labels']) retrieved from /home/akhilesh/py39/lib/python3.9/site-packages/airflow/example_dags/example_branch_labels.py
[2023-08-14T11:01:17.269+0200] {logging_mixin.py:150} INFO - [2023-08-14T11:01:17.268+0200] {dag.py:2742} INFO - Sync 1 DAGs
[2023-08-14T11:01:17.285+0200] {logging_mixin.py:150} INFO - [2023-08-14T11:01:17.284+0200] {dag.py:3504} INFO - Setting next_dagrun for example_branch_labels to 2023-08-13T00:00:00+00:00, run_after=2023-08-14T00:00:00+00:00
[2023-08-14T11:01:17.312+0200] {processor.py:179} INFO - Processing /home/akhilesh/py39/lib/python3.9/site-packages/airflow/example_dags/example_branch_labels.py took 0.086 seconds
[2023-08-14T11:02:12.407+0200] {processor.py:157} INFO - Started process (PID=462033) to work on /home/akhilesh/py39/lib/python3.9/site-packages/airflow/example_dags/example_branch_labels.py
[2023-08-14T11:02:12.416+0200] {processor.py:826} INFO - Processing file /home/akhilesh/py39/lib/python3.9/site-packages/airflow/example_dags/example_branch_labels.py for tasks to queue
[2023-08-14T11:02:12.418+0200] {logging_mixin.py:150} INFO - [2023-08-14T11:02:12.417+0200] {dagbag.py:541} INFO - Filling up the DagBag from /home/akhilesh/py39/lib/python3.9/site-packages/airflow/example_dags/example_branch_labels.py
[2023-08-14T11:02:12.427+0200] {processor.py:836} INFO - DAG(s) dict_keys(['example_branch_labels']) retrieved from /home/akhilesh/py39/lib/python3.9/site-packages/airflow/example_dags/example_branch_labels.py
[2023-08-14T11:02:12.453+0200] {logging_mixin.py:150} INFO - [2023-08-14T11:02:12.453+0200] {dag.py:2742} INFO - Sync 1 DAGs
[2023-08-14T11:02:12.468+0200] {logging_mixin.py:150} INFO - [2023-08-14T11:02:12.468+0200] {dag.py:3504} INFO - Setting next_dagrun for example_branch_labels to 2023-08-13T00:00:00+00:00, run_after=2023-08-14T00:00:00+00:00
[2023-08-14T11:02:12.494+0200] {processor.py:179} INFO - Processing /home/akhilesh/py39/lib/python3.9/site-packages/airflow/example_dags/example_branch_labels.py took 0.090 seconds
[2023-08-14T11:03:05.878+0200] {processor.py:157} INFO - Started process (PID=462204) to work on /home/akhilesh/py39/lib/python3.9/site-packages/airflow/example_dags/example_branch_labels.py
[2023-08-14T11:03:05.879+0200] {processor.py:826} INFO - Processing file /home/akhilesh/py39/lib/python3.9/site-packages/airflow/example_dags/example_branch_labels.py for tasks to queue
[2023-08-14T11:03:05.880+0200] {logging_mixin.py:150} INFO - [2023-08-14T11:03:05.879+0200] {dagbag.py:541} INFO - Filling up the DagBag from /home/akhilesh/py39/lib/python3.9/site-packages/airflow/example_dags/example_branch_labels.py
[2023-08-14T11:03:05.885+0200] {processor.py:836} INFO - DAG(s) dict_keys(['example_branch_labels']) retrieved from /home/akhilesh/py39/lib/python3.9/site-packages/airflow/example_dags/example_branch_labels.py
[2023-08-14T11:03:05.902+0200] {logging_mixin.py:150} INFO - [2023-08-14T11:03:05.902+0200] {dag.py:2742} INFO - Sync 1 DAGs
[2023-08-14T11:03:05.918+0200] {logging_mixin.py:150} INFO - [2023-08-14T11:03:05.918+0200] {dag.py:3504} INFO - Setting next_dagrun for example_branch_labels to 2023-08-13T00:00:00+00:00, run_after=2023-08-14T00:00:00+00:00
[2023-08-14T11:03:05.946+0200] {processor.py:179} INFO - Processing /home/akhilesh/py39/lib/python3.9/site-packages/airflow/example_dags/example_branch_labels.py took 0.073 seconds
[2023-08-14T11:03:58.389+0200] {processor.py:157} INFO - Started process (PID=462324) to work on /home/akhilesh/py39/lib/python3.9/site-packages/airflow/example_dags/example_branch_labels.py
[2023-08-14T11:03:58.399+0200] {processor.py:826} INFO - Processing file /home/akhilesh/py39/lib/python3.9/site-packages/airflow/example_dags/example_branch_labels.py for tasks to queue
[2023-08-14T11:03:58.400+0200] {logging_mixin.py:150} INFO - [2023-08-14T11:03:58.400+0200] {dagbag.py:541} INFO - Filling up the DagBag from /home/akhilesh/py39/lib/python3.9/site-packages/airflow/example_dags/example_branch_labels.py
[2023-08-14T11:03:58.410+0200] {processor.py:836} INFO - DAG(s) dict_keys(['example_branch_labels']) retrieved from /home/akhilesh/py39/lib/python3.9/site-packages/airflow/example_dags/example_branch_labels.py
[2023-08-14T11:03:58.430+0200] {logging_mixin.py:150} INFO - [2023-08-14T11:03:58.429+0200] {dag.py:2742} INFO - Sync 1 DAGs
[2023-08-14T11:03:58.445+0200] {logging_mixin.py:150} INFO - [2023-08-14T11:03:58.445+0200] {dag.py:3504} INFO - Setting next_dagrun for example_branch_labels to 2023-08-13T00:00:00+00:00, run_after=2023-08-14T00:00:00+00:00
[2023-08-14T11:03:58.475+0200] {processor.py:179} INFO - Processing /home/akhilesh/py39/lib/python3.9/site-packages/airflow/example_dags/example_branch_labels.py took 0.090 seconds
[2023-08-14T11:04:46.363+0200] {processor.py:157} INFO - Started process (PID=462452) to work on /home/akhilesh/py39/lib/python3.9/site-packages/airflow/example_dags/example_branch_labels.py
[2023-08-14T11:04:46.372+0200] {processor.py:826} INFO - Processing file /home/akhilesh/py39/lib/python3.9/site-packages/airflow/example_dags/example_branch_labels.py for tasks to queue
[2023-08-14T11:04:46.373+0200] {logging_mixin.py:150} INFO - [2023-08-14T11:04:46.373+0200] {dagbag.py:541} INFO - Filling up the DagBag from /home/akhilesh/py39/lib/python3.9/site-packages/airflow/example_dags/example_branch_labels.py
[2023-08-14T11:04:46.382+0200] {processor.py:836} INFO - DAG(s) dict_keys(['example_branch_labels']) retrieved from /home/akhilesh/py39/lib/python3.9/site-packages/airflow/example_dags/example_branch_labels.py
[2023-08-14T11:04:46.398+0200] {logging_mixin.py:150} INFO - [2023-08-14T11:04:46.398+0200] {dag.py:2742} INFO - Sync 1 DAGs
[2023-08-14T11:04:46.412+0200] {logging_mixin.py:150} INFO - [2023-08-14T11:04:46.412+0200] {dag.py:3504} INFO - Setting next_dagrun for example_branch_labels to 2023-08-13T00:00:00+00:00, run_after=2023-08-14T00:00:00+00:00
[2023-08-14T11:04:46.435+0200] {processor.py:179} INFO - Processing /home/akhilesh/py39/lib/python3.9/site-packages/airflow/example_dags/example_branch_labels.py took 0.076 seconds
[2023-08-14T11:05:40.600+0200] {processor.py:157} INFO - Started process (PID=462611) to work on /home/akhilesh/py39/lib/python3.9/site-packages/airflow/example_dags/example_branch_labels.py
[2023-08-14T11:05:40.609+0200] {processor.py:826} INFO - Processing file /home/akhilesh/py39/lib/python3.9/site-packages/airflow/example_dags/example_branch_labels.py for tasks to queue
[2023-08-14T11:05:40.611+0200] {logging_mixin.py:150} INFO - [2023-08-14T11:05:40.610+0200] {dagbag.py:541} INFO - Filling up the DagBag from /home/akhilesh/py39/lib/python3.9/site-packages/airflow/example_dags/example_branch_labels.py
[2023-08-14T11:05:40.621+0200] {processor.py:836} INFO - DAG(s) dict_keys(['example_branch_labels']) retrieved from /home/akhilesh/py39/lib/python3.9/site-packages/airflow/example_dags/example_branch_labels.py
[2023-08-14T11:05:40.639+0200] {logging_mixin.py:150} INFO - [2023-08-14T11:05:40.639+0200] {dag.py:2742} INFO - Sync 1 DAGs
[2023-08-14T11:05:40.656+0200] {logging_mixin.py:150} INFO - [2023-08-14T11:05:40.656+0200] {dag.py:3504} INFO - Setting next_dagrun for example_branch_labels to 2023-08-13T00:00:00+00:00, run_after=2023-08-14T00:00:00+00:00
[2023-08-14T11:05:40.687+0200] {processor.py:179} INFO - Processing /home/akhilesh/py39/lib/python3.9/site-packages/airflow/example_dags/example_branch_labels.py took 0.091 seconds
[2023-08-14T11:06:30.171+0200] {processor.py:157} INFO - Started process (PID=462784) to work on /home/akhilesh/py39/lib/python3.9/site-packages/airflow/example_dags/example_branch_labels.py
[2023-08-14T11:06:30.179+0200] {processor.py:826} INFO - Processing file /home/akhilesh/py39/lib/python3.9/site-packages/airflow/example_dags/example_branch_labels.py for tasks to queue
[2023-08-14T11:06:30.181+0200] {logging_mixin.py:150} INFO - [2023-08-14T11:06:30.180+0200] {dagbag.py:541} INFO - Filling up the DagBag from /home/akhilesh/py39/lib/python3.9/site-packages/airflow/example_dags/example_branch_labels.py
[2023-08-14T11:06:30.190+0200] {processor.py:836} INFO - DAG(s) dict_keys(['example_branch_labels']) retrieved from /home/akhilesh/py39/lib/python3.9/site-packages/airflow/example_dags/example_branch_labels.py
[2023-08-14T11:06:30.204+0200] {logging_mixin.py:150} INFO - [2023-08-14T11:06:30.204+0200] {dag.py:2742} INFO - Sync 1 DAGs
[2023-08-14T11:06:30.215+0200] {logging_mixin.py:150} INFO - [2023-08-14T11:06:30.215+0200] {dag.py:3504} INFO - Setting next_dagrun for example_branch_labels to 2023-08-13T00:00:00+00:00, run_after=2023-08-14T00:00:00+00:00
[2023-08-14T11:06:30.237+0200] {processor.py:179} INFO - Processing /home/akhilesh/py39/lib/python3.9/site-packages/airflow/example_dags/example_branch_labels.py took 0.070 seconds
[2023-08-14T11:07:21.088+0200] {processor.py:157} INFO - Started process (PID=462987) to work on /home/akhilesh/py39/lib/python3.9/site-packages/airflow/example_dags/example_branch_labels.py
[2023-08-14T11:07:21.097+0200] {processor.py:826} INFO - Processing file /home/akhilesh/py39/lib/python3.9/site-packages/airflow/example_dags/example_branch_labels.py for tasks to queue
[2023-08-14T11:07:21.098+0200] {logging_mixin.py:150} INFO - [2023-08-14T11:07:21.098+0200] {dagbag.py:541} INFO - Filling up the DagBag from /home/akhilesh/py39/lib/python3.9/site-packages/airflow/example_dags/example_branch_labels.py
[2023-08-14T11:07:21.108+0200] {processor.py:836} INFO - DAG(s) dict_keys(['example_branch_labels']) retrieved from /home/akhilesh/py39/lib/python3.9/site-packages/airflow/example_dags/example_branch_labels.py
[2023-08-14T11:07:21.123+0200] {logging_mixin.py:150} INFO - [2023-08-14T11:07:21.123+0200] {dag.py:2742} INFO - Sync 1 DAGs
[2023-08-14T11:07:21.135+0200] {logging_mixin.py:150} INFO - [2023-08-14T11:07:21.135+0200] {dag.py:3504} INFO - Setting next_dagrun for example_branch_labels to 2023-08-13T00:00:00+00:00, run_after=2023-08-14T00:00:00+00:00
[2023-08-14T11:07:21.156+0200] {processor.py:179} INFO - Processing /home/akhilesh/py39/lib/python3.9/site-packages/airflow/example_dags/example_branch_labels.py took 0.071 seconds
[2023-08-14T11:08:14.042+0200] {processor.py:157} INFO - Started process (PID=463127) to work on /home/akhilesh/py39/lib/python3.9/site-packages/airflow/example_dags/example_branch_labels.py
[2023-08-14T11:08:14.051+0200] {processor.py:826} INFO - Processing file /home/akhilesh/py39/lib/python3.9/site-packages/airflow/example_dags/example_branch_labels.py for tasks to queue
[2023-08-14T11:08:14.052+0200] {logging_mixin.py:150} INFO - [2023-08-14T11:08:14.051+0200] {dagbag.py:541} INFO - Filling up the DagBag from /home/akhilesh/py39/lib/python3.9/site-packages/airflow/example_dags/example_branch_labels.py
[2023-08-14T11:08:14.059+0200] {processor.py:836} INFO - DAG(s) dict_keys(['example_branch_labels']) retrieved from /home/akhilesh/py39/lib/python3.9/site-packages/airflow/example_dags/example_branch_labels.py
[2023-08-14T11:08:14.074+0200] {logging_mixin.py:150} INFO - [2023-08-14T11:08:14.074+0200] {dag.py:2742} INFO - Sync 1 DAGs
[2023-08-14T11:08:14.086+0200] {logging_mixin.py:150} INFO - [2023-08-14T11:08:14.085+0200] {dag.py:3504} INFO - Setting next_dagrun for example_branch_labels to 2023-08-13T00:00:00+00:00, run_after=2023-08-14T00:00:00+00:00
[2023-08-14T11:08:14.106+0200] {processor.py:179} INFO - Processing /home/akhilesh/py39/lib/python3.9/site-packages/airflow/example_dags/example_branch_labels.py took 0.067 seconds
[2023-08-14T11:11:03.940+0200] {processor.py:157} INFO - Started process (PID=463704) to work on /home/akhilesh/py39/lib/python3.9/site-packages/airflow/example_dags/example_branch_labels.py
[2023-08-14T11:11:03.949+0200] {processor.py:826} INFO - Processing file /home/akhilesh/py39/lib/python3.9/site-packages/airflow/example_dags/example_branch_labels.py for tasks to queue
[2023-08-14T11:11:03.950+0200] {logging_mixin.py:150} INFO - [2023-08-14T11:11:03.949+0200] {dagbag.py:541} INFO - Filling up the DagBag from /home/akhilesh/py39/lib/python3.9/site-packages/airflow/example_dags/example_branch_labels.py
[2023-08-14T11:11:03.960+0200] {processor.py:836} INFO - DAG(s) dict_keys(['example_branch_labels']) retrieved from /home/akhilesh/py39/lib/python3.9/site-packages/airflow/example_dags/example_branch_labels.py
[2023-08-14T11:11:03.983+0200] {logging_mixin.py:150} INFO - [2023-08-14T11:11:03.983+0200] {dag.py:2742} INFO - Sync 1 DAGs
[2023-08-14T11:11:04.004+0200] {logging_mixin.py:150} INFO - [2023-08-14T11:11:04.004+0200] {dag.py:3504} INFO - Setting next_dagrun for example_branch_labels to 2023-08-13T00:00:00+00:00, run_after=2023-08-14T00:00:00+00:00
[2023-08-14T11:11:04.030+0200] {processor.py:179} INFO - Processing /home/akhilesh/py39/lib/python3.9/site-packages/airflow/example_dags/example_branch_labels.py took 0.094 seconds
[2023-08-14T11:12:07.369+0200] {processor.py:157} INFO - Started process (PID=464042) to work on /home/akhilesh/py39/lib/python3.9/site-packages/airflow/example_dags/example_branch_labels.py
[2023-08-14T11:12:07.378+0200] {processor.py:826} INFO - Processing file /home/akhilesh/py39/lib/python3.9/site-packages/airflow/example_dags/example_branch_labels.py for tasks to queue
[2023-08-14T11:12:07.379+0200] {logging_mixin.py:150} INFO - [2023-08-14T11:12:07.378+0200] {dagbag.py:541} INFO - Filling up the DagBag from /home/akhilesh/py39/lib/python3.9/site-packages/airflow/example_dags/example_branch_labels.py
[2023-08-14T11:12:07.389+0200] {processor.py:836} INFO - DAG(s) dict_keys(['example_branch_labels']) retrieved from /home/akhilesh/py39/lib/python3.9/site-packages/airflow/example_dags/example_branch_labels.py
[2023-08-14T11:12:07.407+0200] {logging_mixin.py:150} INFO - [2023-08-14T11:12:07.407+0200] {dag.py:2742} INFO - Sync 1 DAGs
[2023-08-14T11:12:07.421+0200] {logging_mixin.py:150} INFO - [2023-08-14T11:12:07.421+0200] {dag.py:3504} INFO - Setting next_dagrun for example_branch_labels to 2023-08-13T00:00:00+00:00, run_after=2023-08-14T00:00:00+00:00
[2023-08-14T11:12:07.437+0200] {processor.py:179} INFO - Processing /home/akhilesh/py39/lib/python3.9/site-packages/airflow/example_dags/example_branch_labels.py took 0.072 seconds
[2023-08-14T11:12:55.289+0200] {processor.py:157} INFO - Started process (PID=464237) to work on /home/akhilesh/py39/lib/python3.9/site-packages/airflow/example_dags/example_branch_labels.py
[2023-08-14T11:12:55.298+0200] {processor.py:826} INFO - Processing file /home/akhilesh/py39/lib/python3.9/site-packages/airflow/example_dags/example_branch_labels.py for tasks to queue
[2023-08-14T11:12:55.299+0200] {logging_mixin.py:150} INFO - [2023-08-14T11:12:55.299+0200] {dagbag.py:541} INFO - Filling up the DagBag from /home/akhilesh/py39/lib/python3.9/site-packages/airflow/example_dags/example_branch_labels.py
[2023-08-14T11:12:55.308+0200] {processor.py:836} INFO - DAG(s) dict_keys(['example_branch_labels']) retrieved from /home/akhilesh/py39/lib/python3.9/site-packages/airflow/example_dags/example_branch_labels.py
[2023-08-14T11:12:55.325+0200] {logging_mixin.py:150} INFO - [2023-08-14T11:12:55.325+0200] {dag.py:2742} INFO - Sync 1 DAGs
[2023-08-14T11:12:55.342+0200] {logging_mixin.py:150} INFO - [2023-08-14T11:12:55.341+0200] {dag.py:3504} INFO - Setting next_dagrun for example_branch_labels to 2023-08-13T00:00:00+00:00, run_after=2023-08-14T00:00:00+00:00
[2023-08-14T11:12:55.366+0200] {processor.py:179} INFO - Processing /home/akhilesh/py39/lib/python3.9/site-packages/airflow/example_dags/example_branch_labels.py took 0.081 seconds
[2023-08-14T11:15:32.531+0200] {processor.py:157} INFO - Started process (PID=464885) to work on /home/akhilesh/py39/lib/python3.9/site-packages/airflow/example_dags/example_branch_labels.py
[2023-08-14T11:15:32.540+0200] {processor.py:826} INFO - Processing file /home/akhilesh/py39/lib/python3.9/site-packages/airflow/example_dags/example_branch_labels.py for tasks to queue
[2023-08-14T11:15:32.542+0200] {logging_mixin.py:150} INFO - [2023-08-14T11:15:32.541+0200] {dagbag.py:541} INFO - Filling up the DagBag from /home/akhilesh/py39/lib/python3.9/site-packages/airflow/example_dags/example_branch_labels.py
[2023-08-14T11:15:32.550+0200] {processor.py:836} INFO - DAG(s) dict_keys(['example_branch_labels']) retrieved from /home/akhilesh/py39/lib/python3.9/site-packages/airflow/example_dags/example_branch_labels.py
[2023-08-14T11:15:32.570+0200] {logging_mixin.py:150} INFO - [2023-08-14T11:15:32.570+0200] {dag.py:2742} INFO - Sync 1 DAGs
[2023-08-14T11:15:32.584+0200] {logging_mixin.py:150} INFO - [2023-08-14T11:15:32.584+0200] {dag.py:3504} INFO - Setting next_dagrun for example_branch_labels to 2023-08-13T00:00:00+00:00, run_after=2023-08-14T00:00:00+00:00
[2023-08-14T11:15:32.612+0200] {processor.py:179} INFO - Processing /home/akhilesh/py39/lib/python3.9/site-packages/airflow/example_dags/example_branch_labels.py took 0.086 seconds
[2023-08-14T11:16:21.412+0200] {processor.py:157} INFO - Started process (PID=465039) to work on /home/akhilesh/py39/lib/python3.9/site-packages/airflow/example_dags/example_branch_labels.py
[2023-08-14T11:16:21.421+0200] {processor.py:826} INFO - Processing file /home/akhilesh/py39/lib/python3.9/site-packages/airflow/example_dags/example_branch_labels.py for tasks to queue
[2023-08-14T11:16:21.422+0200] {logging_mixin.py:150} INFO - [2023-08-14T11:16:21.422+0200] {dagbag.py:541} INFO - Filling up the DagBag from /home/akhilesh/py39/lib/python3.9/site-packages/airflow/example_dags/example_branch_labels.py
[2023-08-14T11:16:21.431+0200] {processor.py:836} INFO - DAG(s) dict_keys(['example_branch_labels']) retrieved from /home/akhilesh/py39/lib/python3.9/site-packages/airflow/example_dags/example_branch_labels.py
[2023-08-14T11:16:21.446+0200] {logging_mixin.py:150} INFO - [2023-08-14T11:16:21.446+0200] {dag.py:2742} INFO - Sync 1 DAGs
[2023-08-14T11:16:21.460+0200] {logging_mixin.py:150} INFO - [2023-08-14T11:16:21.460+0200] {dag.py:3504} INFO - Setting next_dagrun for example_branch_labels to 2023-08-13T00:00:00+00:00, run_after=2023-08-14T00:00:00+00:00
[2023-08-14T11:16:21.480+0200] {processor.py:179} INFO - Processing /home/akhilesh/py39/lib/python3.9/site-packages/airflow/example_dags/example_branch_labels.py took 0.072 seconds
[2023-08-14T11:17:15.456+0200] {processor.py:157} INFO - Started process (PID=465201) to work on /home/akhilesh/py39/lib/python3.9/site-packages/airflow/example_dags/example_branch_labels.py
[2023-08-14T11:17:15.459+0200] {processor.py:826} INFO - Processing file /home/akhilesh/py39/lib/python3.9/site-packages/airflow/example_dags/example_branch_labels.py for tasks to queue
[2023-08-14T11:17:15.460+0200] {logging_mixin.py:150} INFO - [2023-08-14T11:17:15.459+0200] {dagbag.py:541} INFO - Filling up the DagBag from /home/akhilesh/py39/lib/python3.9/site-packages/airflow/example_dags/example_branch_labels.py
[2023-08-14T11:17:15.465+0200] {processor.py:836} INFO - DAG(s) dict_keys(['example_branch_labels']) retrieved from /home/akhilesh/py39/lib/python3.9/site-packages/airflow/example_dags/example_branch_labels.py
[2023-08-14T11:17:15.484+0200] {logging_mixin.py:150} INFO - [2023-08-14T11:17:15.483+0200] {dag.py:2742} INFO - Sync 1 DAGs
[2023-08-14T11:17:15.500+0200] {logging_mixin.py:150} INFO - [2023-08-14T11:17:15.500+0200] {dag.py:3504} INFO - Setting next_dagrun for example_branch_labels to 2023-08-13T00:00:00+00:00, run_after=2023-08-14T00:00:00+00:00
[2023-08-14T11:17:15.529+0200] {processor.py:179} INFO - Processing /home/akhilesh/py39/lib/python3.9/site-packages/airflow/example_dags/example_branch_labels.py took 0.077 seconds
[2023-08-14T11:18:08.101+0200] {processor.py:157} INFO - Started process (PID=465336) to work on /home/akhilesh/py39/lib/python3.9/site-packages/airflow/example_dags/example_branch_labels.py
[2023-08-14T11:18:08.103+0200] {processor.py:826} INFO - Processing file /home/akhilesh/py39/lib/python3.9/site-packages/airflow/example_dags/example_branch_labels.py for tasks to queue
[2023-08-14T11:18:08.105+0200] {logging_mixin.py:150} INFO - [2023-08-14T11:18:08.104+0200] {dagbag.py:541} INFO - Filling up the DagBag from /home/akhilesh/py39/lib/python3.9/site-packages/airflow/example_dags/example_branch_labels.py
[2023-08-14T11:18:08.113+0200] {processor.py:836} INFO - DAG(s) dict_keys(['example_branch_labels']) retrieved from /home/akhilesh/py39/lib/python3.9/site-packages/airflow/example_dags/example_branch_labels.py
[2023-08-14T11:18:08.130+0200] {logging_mixin.py:150} INFO - [2023-08-14T11:18:08.130+0200] {dag.py:2742} INFO - Sync 1 DAGs
[2023-08-14T11:18:08.146+0200] {logging_mixin.py:150} INFO - [2023-08-14T11:18:08.146+0200] {dag.py:3504} INFO - Setting next_dagrun for example_branch_labels to 2023-08-13T00:00:00+00:00, run_after=2023-08-14T00:00:00+00:00
[2023-08-14T11:18:08.182+0200] {processor.py:179} INFO - Processing /home/akhilesh/py39/lib/python3.9/site-packages/airflow/example_dags/example_branch_labels.py took 0.085 seconds
[2023-08-14T11:18:59.728+0200] {processor.py:157} INFO - Started process (PID=465640) to work on /home/akhilesh/py39/lib/python3.9/site-packages/airflow/example_dags/example_branch_labels.py
[2023-08-14T11:18:59.729+0200] {processor.py:826} INFO - Processing file /home/akhilesh/py39/lib/python3.9/site-packages/airflow/example_dags/example_branch_labels.py for tasks to queue
[2023-08-14T11:18:59.730+0200] {logging_mixin.py:150} INFO - [2023-08-14T11:18:59.730+0200] {dagbag.py:541} INFO - Filling up the DagBag from /home/akhilesh/py39/lib/python3.9/site-packages/airflow/example_dags/example_branch_labels.py
[2023-08-14T11:18:59.738+0200] {processor.py:836} INFO - DAG(s) dict_keys(['example_branch_labels']) retrieved from /home/akhilesh/py39/lib/python3.9/site-packages/airflow/example_dags/example_branch_labels.py
[2023-08-14T11:18:59.749+0200] {logging_mixin.py:150} INFO - [2023-08-14T11:18:59.749+0200] {dag.py:2742} INFO - Sync 1 DAGs
[2023-08-14T11:18:59.760+0200] {logging_mixin.py:150} INFO - [2023-08-14T11:18:59.760+0200] {dag.py:3504} INFO - Setting next_dagrun for example_branch_labels to 2023-08-13T00:00:00+00:00, run_after=2023-08-14T00:00:00+00:00
[2023-08-14T11:18:59.785+0200] {processor.py:179} INFO - Processing /home/akhilesh/py39/lib/python3.9/site-packages/airflow/example_dags/example_branch_labels.py took 0.061 seconds
[2023-08-14T11:20:51.207+0200] {processor.py:157} INFO - Started process (PID=465999) to work on /home/akhilesh/py39/lib/python3.9/site-packages/airflow/example_dags/example_branch_labels.py
[2023-08-14T11:20:51.208+0200] {processor.py:826} INFO - Processing file /home/akhilesh/py39/lib/python3.9/site-packages/airflow/example_dags/example_branch_labels.py for tasks to queue
[2023-08-14T11:20:51.209+0200] {logging_mixin.py:150} INFO - [2023-08-14T11:20:51.209+0200] {dagbag.py:541} INFO - Filling up the DagBag from /home/akhilesh/py39/lib/python3.9/site-packages/airflow/example_dags/example_branch_labels.py
[2023-08-14T11:20:51.213+0200] {processor.py:836} INFO - DAG(s) dict_keys(['example_branch_labels']) retrieved from /home/akhilesh/py39/lib/python3.9/site-packages/airflow/example_dags/example_branch_labels.py
[2023-08-14T11:20:51.225+0200] {logging_mixin.py:150} INFO - [2023-08-14T11:20:51.225+0200] {dag.py:2742} INFO - Sync 1 DAGs
[2023-08-14T11:20:51.243+0200] {logging_mixin.py:150} INFO - [2023-08-14T11:20:51.243+0200] {dag.py:3504} INFO - Setting next_dagrun for example_branch_labels to 2023-08-13T00:00:00+00:00, run_after=2023-08-14T00:00:00+00:00
[2023-08-14T11:20:51.270+0200] {processor.py:179} INFO - Processing /home/akhilesh/py39/lib/python3.9/site-packages/airflow/example_dags/example_branch_labels.py took 0.067 seconds
[2023-08-14T11:21:35.905+0200] {processor.py:157} INFO - Started process (PID=466139) to work on /home/akhilesh/py39/lib/python3.9/site-packages/airflow/example_dags/example_branch_labels.py
[2023-08-14T11:21:35.914+0200] {processor.py:826} INFO - Processing file /home/akhilesh/py39/lib/python3.9/site-packages/airflow/example_dags/example_branch_labels.py for tasks to queue
[2023-08-14T11:21:35.915+0200] {logging_mixin.py:150} INFO - [2023-08-14T11:21:35.915+0200] {dagbag.py:541} INFO - Filling up the DagBag from /home/akhilesh/py39/lib/python3.9/site-packages/airflow/example_dags/example_branch_labels.py
[2023-08-14T11:21:35.921+0200] {processor.py:836} INFO - DAG(s) dict_keys(['example_branch_labels']) retrieved from /home/akhilesh/py39/lib/python3.9/site-packages/airflow/example_dags/example_branch_labels.py
[2023-08-14T11:21:35.937+0200] {logging_mixin.py:150} INFO - [2023-08-14T11:21:35.937+0200] {dag.py:2742} INFO - Sync 1 DAGs
[2023-08-14T11:21:35.951+0200] {logging_mixin.py:150} INFO - [2023-08-14T11:21:35.951+0200] {dag.py:3504} INFO - Setting next_dagrun for example_branch_labels to 2023-08-13T00:00:00+00:00, run_after=2023-08-14T00:00:00+00:00
[2023-08-14T11:21:35.978+0200] {processor.py:179} INFO - Processing /home/akhilesh/py39/lib/python3.9/site-packages/airflow/example_dags/example_branch_labels.py took 0.077 seconds
[2023-08-14T11:22:23.412+0200] {processor.py:157} INFO - Started process (PID=466286) to work on /home/akhilesh/py39/lib/python3.9/site-packages/airflow/example_dags/example_branch_labels.py
[2023-08-14T11:22:23.421+0200] {processor.py:826} INFO - Processing file /home/akhilesh/py39/lib/python3.9/site-packages/airflow/example_dags/example_branch_labels.py for tasks to queue
[2023-08-14T11:22:23.422+0200] {logging_mixin.py:150} INFO - [2023-08-14T11:22:23.422+0200] {dagbag.py:541} INFO - Filling up the DagBag from /home/akhilesh/py39/lib/python3.9/site-packages/airflow/example_dags/example_branch_labels.py
[2023-08-14T11:22:23.431+0200] {processor.py:836} INFO - DAG(s) dict_keys(['example_branch_labels']) retrieved from /home/akhilesh/py39/lib/python3.9/site-packages/airflow/example_dags/example_branch_labels.py
[2023-08-14T11:22:23.448+0200] {logging_mixin.py:150} INFO - [2023-08-14T11:22:23.448+0200] {dag.py:2742} INFO - Sync 1 DAGs
[2023-08-14T11:22:23.462+0200] {logging_mixin.py:150} INFO - [2023-08-14T11:22:23.462+0200] {dag.py:3504} INFO - Setting next_dagrun for example_branch_labels to 2023-08-13T00:00:00+00:00, run_after=2023-08-14T00:00:00+00:00
[2023-08-14T11:22:23.493+0200] {processor.py:179} INFO - Processing /home/akhilesh/py39/lib/python3.9/site-packages/airflow/example_dags/example_branch_labels.py took 0.085 seconds
[2023-08-14T11:23:18.649+0200] {processor.py:157} INFO - Started process (PID=466813) to work on /home/akhilesh/py39/lib/python3.9/site-packages/airflow/example_dags/example_branch_labels.py
[2023-08-14T11:23:18.658+0200] {processor.py:826} INFO - Processing file /home/akhilesh/py39/lib/python3.9/site-packages/airflow/example_dags/example_branch_labels.py for tasks to queue
[2023-08-14T11:23:18.659+0200] {logging_mixin.py:150} INFO - [2023-08-14T11:23:18.659+0200] {dagbag.py:541} INFO - Filling up the DagBag from /home/akhilesh/py39/lib/python3.9/site-packages/airflow/example_dags/example_branch_labels.py
[2023-08-14T11:23:18.668+0200] {processor.py:836} INFO - DAG(s) dict_keys(['example_branch_labels']) retrieved from /home/akhilesh/py39/lib/python3.9/site-packages/airflow/example_dags/example_branch_labels.py
[2023-08-14T11:23:18.686+0200] {logging_mixin.py:150} INFO - [2023-08-14T11:23:18.686+0200] {dag.py:2742} INFO - Sync 1 DAGs
[2023-08-14T11:23:18.699+0200] {logging_mixin.py:150} INFO - [2023-08-14T11:23:18.699+0200] {dag.py:3504} INFO - Setting next_dagrun for example_branch_labels to 2023-08-13T00:00:00+00:00, run_after=2023-08-14T00:00:00+00:00
[2023-08-14T11:23:18.726+0200] {processor.py:179} INFO - Processing /home/akhilesh/py39/lib/python3.9/site-packages/airflow/example_dags/example_branch_labels.py took 0.080 seconds
[2023-08-14T11:24:06.505+0200] {processor.py:157} INFO - Started process (PID=467128) to work on /home/akhilesh/py39/lib/python3.9/site-packages/airflow/example_dags/example_branch_labels.py
[2023-08-14T11:24:06.514+0200] {processor.py:826} INFO - Processing file /home/akhilesh/py39/lib/python3.9/site-packages/airflow/example_dags/example_branch_labels.py for tasks to queue
[2023-08-14T11:24:06.516+0200] {logging_mixin.py:150} INFO - [2023-08-14T11:24:06.515+0200] {dagbag.py:541} INFO - Filling up the DagBag from /home/akhilesh/py39/lib/python3.9/site-packages/airflow/example_dags/example_branch_labels.py
[2023-08-14T11:24:06.525+0200] {processor.py:836} INFO - DAG(s) dict_keys(['example_branch_labels']) retrieved from /home/akhilesh/py39/lib/python3.9/site-packages/airflow/example_dags/example_branch_labels.py
[2023-08-14T11:24:06.545+0200] {logging_mixin.py:150} INFO - [2023-08-14T11:24:06.545+0200] {dag.py:2742} INFO - Sync 1 DAGs
[2023-08-14T11:24:06.562+0200] {logging_mixin.py:150} INFO - [2023-08-14T11:24:06.562+0200] {dag.py:3504} INFO - Setting next_dagrun for example_branch_labels to 2023-08-13T00:00:00+00:00, run_after=2023-08-14T00:00:00+00:00
[2023-08-14T11:24:06.605+0200] {processor.py:179} INFO - Processing /home/akhilesh/py39/lib/python3.9/site-packages/airflow/example_dags/example_branch_labels.py took 0.103 seconds
[2023-08-14T11:24:56.214+0200] {processor.py:157} INFO - Started process (PID=467350) to work on /home/akhilesh/py39/lib/python3.9/site-packages/airflow/example_dags/example_branch_labels.py
[2023-08-14T11:24:56.223+0200] {processor.py:826} INFO - Processing file /home/akhilesh/py39/lib/python3.9/site-packages/airflow/example_dags/example_branch_labels.py for tasks to queue
[2023-08-14T11:24:56.224+0200] {logging_mixin.py:150} INFO - [2023-08-14T11:24:56.224+0200] {dagbag.py:541} INFO - Filling up the DagBag from /home/akhilesh/py39/lib/python3.9/site-packages/airflow/example_dags/example_branch_labels.py
[2023-08-14T11:24:56.234+0200] {processor.py:836} INFO - DAG(s) dict_keys(['example_branch_labels']) retrieved from /home/akhilesh/py39/lib/python3.9/site-packages/airflow/example_dags/example_branch_labels.py
[2023-08-14T11:24:56.249+0200] {logging_mixin.py:150} INFO - [2023-08-14T11:24:56.249+0200] {dag.py:2742} INFO - Sync 1 DAGs
[2023-08-14T11:24:56.262+0200] {logging_mixin.py:150} INFO - [2023-08-14T11:24:56.262+0200] {dag.py:3504} INFO - Setting next_dagrun for example_branch_labels to 2023-08-13T00:00:00+00:00, run_after=2023-08-14T00:00:00+00:00
[2023-08-14T11:24:56.290+0200] {processor.py:179} INFO - Processing /home/akhilesh/py39/lib/python3.9/site-packages/airflow/example_dags/example_branch_labels.py took 0.081 seconds
[2023-08-14T11:25:45.059+0200] {processor.py:157} INFO - Started process (PID=467964) to work on /home/akhilesh/py39/lib/python3.9/site-packages/airflow/example_dags/example_branch_labels.py
[2023-08-14T11:25:45.060+0200] {processor.py:826} INFO - Processing file /home/akhilesh/py39/lib/python3.9/site-packages/airflow/example_dags/example_branch_labels.py for tasks to queue
[2023-08-14T11:25:45.061+0200] {logging_mixin.py:150} INFO - [2023-08-14T11:25:45.061+0200] {dagbag.py:541} INFO - Filling up the DagBag from /home/akhilesh/py39/lib/python3.9/site-packages/airflow/example_dags/example_branch_labels.py
[2023-08-14T11:25:45.067+0200] {processor.py:836} INFO - DAG(s) dict_keys(['example_branch_labels']) retrieved from /home/akhilesh/py39/lib/python3.9/site-packages/airflow/example_dags/example_branch_labels.py
[2023-08-14T11:25:45.084+0200] {logging_mixin.py:150} INFO - [2023-08-14T11:25:45.084+0200] {dag.py:2742} INFO - Sync 1 DAGs
[2023-08-14T11:25:45.098+0200] {logging_mixin.py:150} INFO - [2023-08-14T11:25:45.097+0200] {dag.py:3504} INFO - Setting next_dagrun for example_branch_labels to 2023-08-13T00:00:00+00:00, run_after=2023-08-14T00:00:00+00:00
[2023-08-14T11:25:45.123+0200] {processor.py:179} INFO - Processing /home/akhilesh/py39/lib/python3.9/site-packages/airflow/example_dags/example_branch_labels.py took 0.068 seconds
