[2023-08-14T10:22:38.593+0200] {processor.py:157} INFO - Started process (PID=453447) to work on /home/akhilesh/py39/lib/python3.9/site-packages/airflow/example_dags/example_branch_operator_decorator.py
[2023-08-14T10:22:38.595+0200] {processor.py:826} INFO - Processing file /home/akhilesh/py39/lib/python3.9/site-packages/airflow/example_dags/example_branch_operator_decorator.py for tasks to queue
[2023-08-14T10:22:38.596+0200] {logging_mixin.py:150} INFO - [2023-08-14T10:22:38.595+0200] {dagbag.py:541} INFO - Filling up the DagBag from /home/akhilesh/py39/lib/python3.9/site-packages/airflow/example_dags/example_branch_operator_decorator.py
[2023-08-14T10:22:38.607+0200] {processor.py:836} INFO - DAG(s) dict_keys(['example_branch_python_operator_decorator']) retrieved from /home/akhilesh/py39/lib/python3.9/site-packages/airflow/example_dags/example_branch_operator_decorator.py
[2023-08-14T10:22:38.627+0200] {logging_mixin.py:150} INFO - [2023-08-14T10:22:38.627+0200] {dag.py:2742} INFO - Sync 1 DAGs
[2023-08-14T10:22:38.645+0200] {logging_mixin.py:150} INFO - [2023-08-14T10:22:38.645+0200] {dag.py:3504} INFO - Setting next_dagrun for example_branch_python_operator_decorator to 2023-08-13T00:00:00+00:00, run_after=2023-08-14T00:00:00+00:00
[2023-08-14T10:22:38.668+0200] {processor.py:179} INFO - Processing /home/akhilesh/py39/lib/python3.9/site-packages/airflow/example_dags/example_branch_operator_decorator.py took 0.078 seconds
[2023-08-14T10:23:35.488+0200] {processor.py:157} INFO - Started process (PID=453725) to work on /home/akhilesh/py39/lib/python3.9/site-packages/airflow/example_dags/example_branch_operator_decorator.py
[2023-08-14T10:23:35.497+0200] {processor.py:826} INFO - Processing file /home/akhilesh/py39/lib/python3.9/site-packages/airflow/example_dags/example_branch_operator_decorator.py for tasks to queue
[2023-08-14T10:23:35.499+0200] {logging_mixin.py:150} INFO - [2023-08-14T10:23:35.498+0200] {dagbag.py:541} INFO - Filling up the DagBag from /home/akhilesh/py39/lib/python3.9/site-packages/airflow/example_dags/example_branch_operator_decorator.py
[2023-08-14T10:23:35.511+0200] {processor.py:836} INFO - DAG(s) dict_keys(['example_branch_python_operator_decorator']) retrieved from /home/akhilesh/py39/lib/python3.9/site-packages/airflow/example_dags/example_branch_operator_decorator.py
[2023-08-14T10:23:35.528+0200] {logging_mixin.py:150} INFO - [2023-08-14T10:23:35.528+0200] {dag.py:2742} INFO - Sync 1 DAGs
[2023-08-14T10:23:35.635+0200] {logging_mixin.py:150} INFO - [2023-08-14T10:23:35.634+0200] {dag.py:3504} INFO - Setting next_dagrun for example_branch_python_operator_decorator to 2023-08-13T00:00:00+00:00, run_after=2023-08-14T00:00:00+00:00
[2023-08-14T10:23:35.656+0200] {processor.py:179} INFO - Processing /home/akhilesh/py39/lib/python3.9/site-packages/airflow/example_dags/example_branch_operator_decorator.py took 0.171 seconds
[2023-08-14T10:24:36.485+0200] {processor.py:157} INFO - Started process (PID=453972) to work on /home/akhilesh/py39/lib/python3.9/site-packages/airflow/example_dags/example_branch_operator_decorator.py
[2023-08-14T10:24:36.487+0200] {processor.py:826} INFO - Processing file /home/akhilesh/py39/lib/python3.9/site-packages/airflow/example_dags/example_branch_operator_decorator.py for tasks to queue
[2023-08-14T10:24:36.488+0200] {logging_mixin.py:150} INFO - [2023-08-14T10:24:36.488+0200] {dagbag.py:541} INFO - Filling up the DagBag from /home/akhilesh/py39/lib/python3.9/site-packages/airflow/example_dags/example_branch_operator_decorator.py
[2023-08-14T10:24:36.502+0200] {processor.py:836} INFO - DAG(s) dict_keys(['example_branch_python_operator_decorator']) retrieved from /home/akhilesh/py39/lib/python3.9/site-packages/airflow/example_dags/example_branch_operator_decorator.py
[2023-08-14T10:24:36.525+0200] {logging_mixin.py:150} INFO - [2023-08-14T10:24:36.524+0200] {dag.py:2742} INFO - Sync 1 DAGs
[2023-08-14T10:24:36.551+0200] {logging_mixin.py:150} INFO - [2023-08-14T10:24:36.551+0200] {dag.py:3504} INFO - Setting next_dagrun for example_branch_python_operator_decorator to 2023-08-13T00:00:00+00:00, run_after=2023-08-14T00:00:00+00:00
[2023-08-14T10:24:36.692+0200] {processor.py:179} INFO - Processing /home/akhilesh/py39/lib/python3.9/site-packages/airflow/example_dags/example_branch_operator_decorator.py took 0.211 seconds
[2023-08-14T10:25:49.823+0200] {processor.py:157} INFO - Started process (PID=454177) to work on /home/akhilesh/py39/lib/python3.9/site-packages/airflow/example_dags/example_branch_operator_decorator.py
[2023-08-14T10:25:49.832+0200] {processor.py:826} INFO - Processing file /home/akhilesh/py39/lib/python3.9/site-packages/airflow/example_dags/example_branch_operator_decorator.py for tasks to queue
[2023-08-14T10:25:49.833+0200] {logging_mixin.py:150} INFO - [2023-08-14T10:25:49.833+0200] {dagbag.py:541} INFO - Filling up the DagBag from /home/akhilesh/py39/lib/python3.9/site-packages/airflow/example_dags/example_branch_operator_decorator.py
[2023-08-14T10:25:49.847+0200] {processor.py:836} INFO - DAG(s) dict_keys(['example_branch_python_operator_decorator']) retrieved from /home/akhilesh/py39/lib/python3.9/site-packages/airflow/example_dags/example_branch_operator_decorator.py
[2023-08-14T10:25:49.863+0200] {logging_mixin.py:150} INFO - [2023-08-14T10:25:49.863+0200] {dag.py:2742} INFO - Sync 1 DAGs
[2023-08-14T10:25:49.879+0200] {logging_mixin.py:150} INFO - [2023-08-14T10:25:49.879+0200] {dag.py:3504} INFO - Setting next_dagrun for example_branch_python_operator_decorator to 2023-08-13T00:00:00+00:00, run_after=2023-08-14T00:00:00+00:00
[2023-08-14T10:25:49.900+0200] {processor.py:179} INFO - Processing /home/akhilesh/py39/lib/python3.9/site-packages/airflow/example_dags/example_branch_operator_decorator.py took 0.081 seconds
[2023-08-14T10:26:50.530+0200] {processor.py:157} INFO - Started process (PID=454507) to work on /home/akhilesh/py39/lib/python3.9/site-packages/airflow/example_dags/example_branch_operator_decorator.py
[2023-08-14T10:26:50.539+0200] {processor.py:826} INFO - Processing file /home/akhilesh/py39/lib/python3.9/site-packages/airflow/example_dags/example_branch_operator_decorator.py for tasks to queue
[2023-08-14T10:26:50.540+0200] {logging_mixin.py:150} INFO - [2023-08-14T10:26:50.540+0200] {dagbag.py:541} INFO - Filling up the DagBag from /home/akhilesh/py39/lib/python3.9/site-packages/airflow/example_dags/example_branch_operator_decorator.py
[2023-08-14T10:26:50.551+0200] {processor.py:836} INFO - DAG(s) dict_keys(['example_branch_python_operator_decorator']) retrieved from /home/akhilesh/py39/lib/python3.9/site-packages/airflow/example_dags/example_branch_operator_decorator.py
[2023-08-14T10:26:50.567+0200] {logging_mixin.py:150} INFO - [2023-08-14T10:26:50.566+0200] {dag.py:2742} INFO - Sync 1 DAGs
[2023-08-14T10:26:50.660+0200] {logging_mixin.py:150} INFO - [2023-08-14T10:26:50.660+0200] {dag.py:3504} INFO - Setting next_dagrun for example_branch_python_operator_decorator to 2023-08-13T00:00:00+00:00, run_after=2023-08-14T00:00:00+00:00
[2023-08-14T10:26:50.688+0200] {processor.py:179} INFO - Processing /home/akhilesh/py39/lib/python3.9/site-packages/airflow/example_dags/example_branch_operator_decorator.py took 0.161 seconds
[2023-08-14T10:27:48.472+0200] {processor.py:157} INFO - Started process (PID=454851) to work on /home/akhilesh/py39/lib/python3.9/site-packages/airflow/example_dags/example_branch_operator_decorator.py
[2023-08-14T10:27:48.480+0200] {processor.py:826} INFO - Processing file /home/akhilesh/py39/lib/python3.9/site-packages/airflow/example_dags/example_branch_operator_decorator.py for tasks to queue
[2023-08-14T10:27:48.482+0200] {logging_mixin.py:150} INFO - [2023-08-14T10:27:48.481+0200] {dagbag.py:541} INFO - Filling up the DagBag from /home/akhilesh/py39/lib/python3.9/site-packages/airflow/example_dags/example_branch_operator_decorator.py
[2023-08-14T10:27:48.496+0200] {processor.py:836} INFO - DAG(s) dict_keys(['example_branch_python_operator_decorator']) retrieved from /home/akhilesh/py39/lib/python3.9/site-packages/airflow/example_dags/example_branch_operator_decorator.py
[2023-08-14T10:27:48.510+0200] {logging_mixin.py:150} INFO - [2023-08-14T10:27:48.510+0200] {dag.py:2742} INFO - Sync 1 DAGs
[2023-08-14T10:27:48.525+0200] {logging_mixin.py:150} INFO - [2023-08-14T10:27:48.525+0200] {dag.py:3504} INFO - Setting next_dagrun for example_branch_python_operator_decorator to 2023-08-13T00:00:00+00:00, run_after=2023-08-14T00:00:00+00:00
[2023-08-14T10:27:48.625+0200] {processor.py:179} INFO - Processing /home/akhilesh/py39/lib/python3.9/site-packages/airflow/example_dags/example_branch_operator_decorator.py took 0.157 seconds
[2023-08-14T10:28:49.765+0200] {processor.py:157} INFO - Started process (PID=455032) to work on /home/akhilesh/py39/lib/python3.9/site-packages/airflow/example_dags/example_branch_operator_decorator.py
[2023-08-14T10:28:49.768+0200] {processor.py:826} INFO - Processing file /home/akhilesh/py39/lib/python3.9/site-packages/airflow/example_dags/example_branch_operator_decorator.py for tasks to queue
[2023-08-14T10:28:49.770+0200] {logging_mixin.py:150} INFO - [2023-08-14T10:28:49.769+0200] {dagbag.py:541} INFO - Filling up the DagBag from /home/akhilesh/py39/lib/python3.9/site-packages/airflow/example_dags/example_branch_operator_decorator.py
[2023-08-14T10:28:49.780+0200] {processor.py:836} INFO - DAG(s) dict_keys(['example_branch_python_operator_decorator']) retrieved from /home/akhilesh/py39/lib/python3.9/site-packages/airflow/example_dags/example_branch_operator_decorator.py
[2023-08-14T10:28:49.800+0200] {logging_mixin.py:150} INFO - [2023-08-14T10:28:49.800+0200] {dag.py:2742} INFO - Sync 1 DAGs
[2023-08-14T10:28:49.819+0200] {logging_mixin.py:150} INFO - [2023-08-14T10:28:49.818+0200] {dag.py:3504} INFO - Setting next_dagrun for example_branch_python_operator_decorator to 2023-08-13T00:00:00+00:00, run_after=2023-08-14T00:00:00+00:00
[2023-08-14T10:28:49.839+0200] {processor.py:179} INFO - Processing /home/akhilesh/py39/lib/python3.9/site-packages/airflow/example_dags/example_branch_operator_decorator.py took 0.078 seconds
[2023-08-14T10:30:00.221+0200] {processor.py:157} INFO - Started process (PID=455257) to work on /home/akhilesh/py39/lib/python3.9/site-packages/airflow/example_dags/example_branch_operator_decorator.py
[2023-08-14T10:30:00.230+0200] {processor.py:826} INFO - Processing file /home/akhilesh/py39/lib/python3.9/site-packages/airflow/example_dags/example_branch_operator_decorator.py for tasks to queue
[2023-08-14T10:30:00.232+0200] {logging_mixin.py:150} INFO - [2023-08-14T10:30:00.231+0200] {dagbag.py:541} INFO - Filling up the DagBag from /home/akhilesh/py39/lib/python3.9/site-packages/airflow/example_dags/example_branch_operator_decorator.py
[2023-08-14T10:30:00.245+0200] {processor.py:836} INFO - DAG(s) dict_keys(['example_branch_python_operator_decorator']) retrieved from /home/akhilesh/py39/lib/python3.9/site-packages/airflow/example_dags/example_branch_operator_decorator.py
[2023-08-14T10:30:00.424+0200] {logging_mixin.py:150} INFO - [2023-08-14T10:30:00.424+0200] {dag.py:2742} INFO - Sync 1 DAGs
[2023-08-14T10:30:00.440+0200] {logging_mixin.py:150} INFO - [2023-08-14T10:30:00.439+0200] {dag.py:3504} INFO - Setting next_dagrun for example_branch_python_operator_decorator to 2023-08-13T00:00:00+00:00, run_after=2023-08-14T00:00:00+00:00
[2023-08-14T10:30:00.461+0200] {processor.py:179} INFO - Processing /home/akhilesh/py39/lib/python3.9/site-packages/airflow/example_dags/example_branch_operator_decorator.py took 0.244 seconds
[2023-08-14T10:31:07.108+0200] {processor.py:157} INFO - Started process (PID=455481) to work on /home/akhilesh/py39/lib/python3.9/site-packages/airflow/example_dags/example_branch_operator_decorator.py
[2023-08-14T10:31:07.109+0200] {processor.py:826} INFO - Processing file /home/akhilesh/py39/lib/python3.9/site-packages/airflow/example_dags/example_branch_operator_decorator.py for tasks to queue
[2023-08-14T10:31:07.110+0200] {logging_mixin.py:150} INFO - [2023-08-14T10:31:07.110+0200] {dagbag.py:541} INFO - Filling up the DagBag from /home/akhilesh/py39/lib/python3.9/site-packages/airflow/example_dags/example_branch_operator_decorator.py
[2023-08-14T10:31:07.120+0200] {processor.py:836} INFO - DAG(s) dict_keys(['example_branch_python_operator_decorator']) retrieved from /home/akhilesh/py39/lib/python3.9/site-packages/airflow/example_dags/example_branch_operator_decorator.py
[2023-08-14T10:31:07.136+0200] {logging_mixin.py:150} INFO - [2023-08-14T10:31:07.135+0200] {dag.py:2742} INFO - Sync 1 DAGs
[2023-08-14T10:31:07.152+0200] {logging_mixin.py:150} INFO - [2023-08-14T10:31:07.152+0200] {dag.py:3504} INFO - Setting next_dagrun for example_branch_python_operator_decorator to 2023-08-13T00:00:00+00:00, run_after=2023-08-14T00:00:00+00:00
[2023-08-14T10:31:07.176+0200] {processor.py:179} INFO - Processing /home/akhilesh/py39/lib/python3.9/site-packages/airflow/example_dags/example_branch_operator_decorator.py took 0.072 seconds
[2023-08-14T10:31:57.368+0200] {processor.py:157} INFO - Started process (PID=455625) to work on /home/akhilesh/py39/lib/python3.9/site-packages/airflow/example_dags/example_branch_operator_decorator.py
[2023-08-14T10:31:57.377+0200] {processor.py:826} INFO - Processing file /home/akhilesh/py39/lib/python3.9/site-packages/airflow/example_dags/example_branch_operator_decorator.py for tasks to queue
[2023-08-14T10:31:57.378+0200] {logging_mixin.py:150} INFO - [2023-08-14T10:31:57.378+0200] {dagbag.py:541} INFO - Filling up the DagBag from /home/akhilesh/py39/lib/python3.9/site-packages/airflow/example_dags/example_branch_operator_decorator.py
[2023-08-14T10:31:57.393+0200] {processor.py:836} INFO - DAG(s) dict_keys(['example_branch_python_operator_decorator']) retrieved from /home/akhilesh/py39/lib/python3.9/site-packages/airflow/example_dags/example_branch_operator_decorator.py
[2023-08-14T10:31:57.409+0200] {logging_mixin.py:150} INFO - [2023-08-14T10:31:57.409+0200] {dag.py:2742} INFO - Sync 1 DAGs
[2023-08-14T10:31:57.427+0200] {logging_mixin.py:150} INFO - [2023-08-14T10:31:57.427+0200] {dag.py:3504} INFO - Setting next_dagrun for example_branch_python_operator_decorator to 2023-08-13T00:00:00+00:00, run_after=2023-08-14T00:00:00+00:00
[2023-08-14T10:31:57.455+0200] {processor.py:179} INFO - Processing /home/akhilesh/py39/lib/python3.9/site-packages/airflow/example_dags/example_branch_operator_decorator.py took 0.091 seconds
[2023-08-14T10:32:45.373+0200] {processor.py:157} INFO - Started process (PID=455895) to work on /home/akhilesh/py39/lib/python3.9/site-packages/airflow/example_dags/example_branch_operator_decorator.py
[2023-08-14T10:32:45.383+0200] {processor.py:826} INFO - Processing file /home/akhilesh/py39/lib/python3.9/site-packages/airflow/example_dags/example_branch_operator_decorator.py for tasks to queue
[2023-08-14T10:32:45.385+0200] {logging_mixin.py:150} INFO - [2023-08-14T10:32:45.384+0200] {dagbag.py:541} INFO - Filling up the DagBag from /home/akhilesh/py39/lib/python3.9/site-packages/airflow/example_dags/example_branch_operator_decorator.py
[2023-08-14T10:32:45.400+0200] {processor.py:836} INFO - DAG(s) dict_keys(['example_branch_python_operator_decorator']) retrieved from /home/akhilesh/py39/lib/python3.9/site-packages/airflow/example_dags/example_branch_operator_decorator.py
[2023-08-14T10:32:45.423+0200] {logging_mixin.py:150} INFO - [2023-08-14T10:32:45.423+0200] {dag.py:2742} INFO - Sync 1 DAGs
[2023-08-14T10:32:45.442+0200] {logging_mixin.py:150} INFO - [2023-08-14T10:32:45.442+0200] {dag.py:3504} INFO - Setting next_dagrun for example_branch_python_operator_decorator to 2023-08-13T00:00:00+00:00, run_after=2023-08-14T00:00:00+00:00
[2023-08-14T10:32:45.475+0200] {processor.py:179} INFO - Processing /home/akhilesh/py39/lib/python3.9/site-packages/airflow/example_dags/example_branch_operator_decorator.py took 0.106 seconds
[2023-08-14T10:33:37.231+0200] {processor.py:157} INFO - Started process (PID=456015) to work on /home/akhilesh/py39/lib/python3.9/site-packages/airflow/example_dags/example_branch_operator_decorator.py
[2023-08-14T10:33:37.240+0200] {processor.py:826} INFO - Processing file /home/akhilesh/py39/lib/python3.9/site-packages/airflow/example_dags/example_branch_operator_decorator.py for tasks to queue
[2023-08-14T10:33:37.241+0200] {logging_mixin.py:150} INFO - [2023-08-14T10:33:37.241+0200] {dagbag.py:541} INFO - Filling up the DagBag from /home/akhilesh/py39/lib/python3.9/site-packages/airflow/example_dags/example_branch_operator_decorator.py
[2023-08-14T10:33:37.255+0200] {processor.py:836} INFO - DAG(s) dict_keys(['example_branch_python_operator_decorator']) retrieved from /home/akhilesh/py39/lib/python3.9/site-packages/airflow/example_dags/example_branch_operator_decorator.py
[2023-08-14T10:33:37.273+0200] {logging_mixin.py:150} INFO - [2023-08-14T10:33:37.273+0200] {dag.py:2742} INFO - Sync 1 DAGs
[2023-08-14T10:33:37.290+0200] {logging_mixin.py:150} INFO - [2023-08-14T10:33:37.290+0200] {dag.py:3504} INFO - Setting next_dagrun for example_branch_python_operator_decorator to 2023-08-13T00:00:00+00:00, run_after=2023-08-14T00:00:00+00:00
[2023-08-14T10:33:37.313+0200] {processor.py:179} INFO - Processing /home/akhilesh/py39/lib/python3.9/site-packages/airflow/example_dags/example_branch_operator_decorator.py took 0.086 seconds
[2023-08-14T10:34:31.942+0200] {processor.py:157} INFO - Started process (PID=456164) to work on /home/akhilesh/py39/lib/python3.9/site-packages/airflow/example_dags/example_branch_operator_decorator.py
[2023-08-14T10:34:31.944+0200] {processor.py:826} INFO - Processing file /home/akhilesh/py39/lib/python3.9/site-packages/airflow/example_dags/example_branch_operator_decorator.py for tasks to queue
[2023-08-14T10:34:31.945+0200] {logging_mixin.py:150} INFO - [2023-08-14T10:34:31.944+0200] {dagbag.py:541} INFO - Filling up the DagBag from /home/akhilesh/py39/lib/python3.9/site-packages/airflow/example_dags/example_branch_operator_decorator.py
[2023-08-14T10:34:31.956+0200] {processor.py:836} INFO - DAG(s) dict_keys(['example_branch_python_operator_decorator']) retrieved from /home/akhilesh/py39/lib/python3.9/site-packages/airflow/example_dags/example_branch_operator_decorator.py
[2023-08-14T10:34:31.978+0200] {logging_mixin.py:150} INFO - [2023-08-14T10:34:31.978+0200] {dag.py:2742} INFO - Sync 1 DAGs
[2023-08-14T10:34:32.013+0200] {logging_mixin.py:150} INFO - [2023-08-14T10:34:32.012+0200] {dag.py:3504} INFO - Setting next_dagrun for example_branch_python_operator_decorator to 2023-08-13T00:00:00+00:00, run_after=2023-08-14T00:00:00+00:00
[2023-08-14T10:34:32.058+0200] {processor.py:179} INFO - Processing /home/akhilesh/py39/lib/python3.9/site-packages/airflow/example_dags/example_branch_operator_decorator.py took 0.119 seconds
[2023-08-14T10:35:25.292+0200] {processor.py:157} INFO - Started process (PID=456302) to work on /home/akhilesh/py39/lib/python3.9/site-packages/airflow/example_dags/example_branch_operator_decorator.py
[2023-08-14T10:35:25.301+0200] {processor.py:826} INFO - Processing file /home/akhilesh/py39/lib/python3.9/site-packages/airflow/example_dags/example_branch_operator_decorator.py for tasks to queue
[2023-08-14T10:35:25.302+0200] {logging_mixin.py:150} INFO - [2023-08-14T10:35:25.302+0200] {dagbag.py:541} INFO - Filling up the DagBag from /home/akhilesh/py39/lib/python3.9/site-packages/airflow/example_dags/example_branch_operator_decorator.py
[2023-08-14T10:35:25.316+0200] {processor.py:836} INFO - DAG(s) dict_keys(['example_branch_python_operator_decorator']) retrieved from /home/akhilesh/py39/lib/python3.9/site-packages/airflow/example_dags/example_branch_operator_decorator.py
[2023-08-14T10:35:25.334+0200] {logging_mixin.py:150} INFO - [2023-08-14T10:35:25.333+0200] {dag.py:2742} INFO - Sync 1 DAGs
[2023-08-14T10:35:25.349+0200] {logging_mixin.py:150} INFO - [2023-08-14T10:35:25.349+0200] {dag.py:3504} INFO - Setting next_dagrun for example_branch_python_operator_decorator to 2023-08-13T00:00:00+00:00, run_after=2023-08-14T00:00:00+00:00
[2023-08-14T10:35:25.368+0200] {processor.py:179} INFO - Processing /home/akhilesh/py39/lib/python3.9/site-packages/airflow/example_dags/example_branch_operator_decorator.py took 0.080 seconds
[2023-08-14T10:36:16.807+0200] {processor.py:157} INFO - Started process (PID=456467) to work on /home/akhilesh/py39/lib/python3.9/site-packages/airflow/example_dags/example_branch_operator_decorator.py
[2023-08-14T10:36:16.808+0200] {processor.py:826} INFO - Processing file /home/akhilesh/py39/lib/python3.9/site-packages/airflow/example_dags/example_branch_operator_decorator.py for tasks to queue
[2023-08-14T10:36:16.810+0200] {logging_mixin.py:150} INFO - [2023-08-14T10:36:16.809+0200] {dagbag.py:541} INFO - Filling up the DagBag from /home/akhilesh/py39/lib/python3.9/site-packages/airflow/example_dags/example_branch_operator_decorator.py
[2023-08-14T10:36:16.826+0200] {processor.py:836} INFO - DAG(s) dict_keys(['example_branch_python_operator_decorator']) retrieved from /home/akhilesh/py39/lib/python3.9/site-packages/airflow/example_dags/example_branch_operator_decorator.py
[2023-08-14T10:36:16.843+0200] {logging_mixin.py:150} INFO - [2023-08-14T10:36:16.843+0200] {dag.py:2742} INFO - Sync 1 DAGs
[2023-08-14T10:36:16.856+0200] {logging_mixin.py:150} INFO - [2023-08-14T10:36:16.856+0200] {dag.py:3504} INFO - Setting next_dagrun for example_branch_python_operator_decorator to 2023-08-13T00:00:00+00:00, run_after=2023-08-14T00:00:00+00:00
[2023-08-14T10:36:16.876+0200] {processor.py:179} INFO - Processing /home/akhilesh/py39/lib/python3.9/site-packages/airflow/example_dags/example_branch_operator_decorator.py took 0.075 seconds
[2023-08-14T10:37:07.481+0200] {processor.py:157} INFO - Started process (PID=456592) to work on /home/akhilesh/py39/lib/python3.9/site-packages/airflow/example_dags/example_branch_operator_decorator.py
[2023-08-14T10:37:07.490+0200] {processor.py:826} INFO - Processing file /home/akhilesh/py39/lib/python3.9/site-packages/airflow/example_dags/example_branch_operator_decorator.py for tasks to queue
[2023-08-14T10:37:07.492+0200] {logging_mixin.py:150} INFO - [2023-08-14T10:37:07.491+0200] {dagbag.py:541} INFO - Filling up the DagBag from /home/akhilesh/py39/lib/python3.9/site-packages/airflow/example_dags/example_branch_operator_decorator.py
[2023-08-14T10:37:07.505+0200] {processor.py:836} INFO - DAG(s) dict_keys(['example_branch_python_operator_decorator']) retrieved from /home/akhilesh/py39/lib/python3.9/site-packages/airflow/example_dags/example_branch_operator_decorator.py
[2023-08-14T10:37:07.530+0200] {logging_mixin.py:150} INFO - [2023-08-14T10:37:07.529+0200] {dag.py:2742} INFO - Sync 1 DAGs
[2023-08-14T10:37:07.553+0200] {logging_mixin.py:150} INFO - [2023-08-14T10:37:07.553+0200] {dag.py:3504} INFO - Setting next_dagrun for example_branch_python_operator_decorator to 2023-08-13T00:00:00+00:00, run_after=2023-08-14T00:00:00+00:00
[2023-08-14T10:37:07.573+0200] {processor.py:179} INFO - Processing /home/akhilesh/py39/lib/python3.9/site-packages/airflow/example_dags/example_branch_operator_decorator.py took 0.097 seconds
[2023-08-14T10:37:56.894+0200] {processor.py:157} INFO - Started process (PID=456734) to work on /home/akhilesh/py39/lib/python3.9/site-packages/airflow/example_dags/example_branch_operator_decorator.py
[2023-08-14T10:37:56.903+0200] {processor.py:826} INFO - Processing file /home/akhilesh/py39/lib/python3.9/site-packages/airflow/example_dags/example_branch_operator_decorator.py for tasks to queue
[2023-08-14T10:37:56.904+0200] {logging_mixin.py:150} INFO - [2023-08-14T10:37:56.904+0200] {dagbag.py:541} INFO - Filling up the DagBag from /home/akhilesh/py39/lib/python3.9/site-packages/airflow/example_dags/example_branch_operator_decorator.py
[2023-08-14T10:37:56.917+0200] {processor.py:836} INFO - DAG(s) dict_keys(['example_branch_python_operator_decorator']) retrieved from /home/akhilesh/py39/lib/python3.9/site-packages/airflow/example_dags/example_branch_operator_decorator.py
[2023-08-14T10:37:56.930+0200] {logging_mixin.py:150} INFO - [2023-08-14T10:37:56.930+0200] {dag.py:2742} INFO - Sync 1 DAGs
[2023-08-14T10:37:56.944+0200] {logging_mixin.py:150} INFO - [2023-08-14T10:37:56.943+0200] {dag.py:3504} INFO - Setting next_dagrun for example_branch_python_operator_decorator to 2023-08-13T00:00:00+00:00, run_after=2023-08-14T00:00:00+00:00
[2023-08-14T10:37:56.964+0200] {processor.py:179} INFO - Processing /home/akhilesh/py39/lib/python3.9/site-packages/airflow/example_dags/example_branch_operator_decorator.py took 0.074 seconds
[2023-08-14T10:38:46.314+0200] {processor.py:157} INFO - Started process (PID=456846) to work on /home/akhilesh/py39/lib/python3.9/site-packages/airflow/example_dags/example_branch_operator_decorator.py
[2023-08-14T10:38:46.315+0200] {processor.py:826} INFO - Processing file /home/akhilesh/py39/lib/python3.9/site-packages/airflow/example_dags/example_branch_operator_decorator.py for tasks to queue
[2023-08-14T10:38:46.316+0200] {logging_mixin.py:150} INFO - [2023-08-14T10:38:46.316+0200] {dagbag.py:541} INFO - Filling up the DagBag from /home/akhilesh/py39/lib/python3.9/site-packages/airflow/example_dags/example_branch_operator_decorator.py
[2023-08-14T10:38:46.328+0200] {processor.py:836} INFO - DAG(s) dict_keys(['example_branch_python_operator_decorator']) retrieved from /home/akhilesh/py39/lib/python3.9/site-packages/airflow/example_dags/example_branch_operator_decorator.py
[2023-08-14T10:38:46.341+0200] {logging_mixin.py:150} INFO - [2023-08-14T10:38:46.341+0200] {dag.py:2742} INFO - Sync 1 DAGs
[2023-08-14T10:38:46.354+0200] {logging_mixin.py:150} INFO - [2023-08-14T10:38:46.354+0200] {dag.py:3504} INFO - Setting next_dagrun for example_branch_python_operator_decorator to 2023-08-13T00:00:00+00:00, run_after=2023-08-14T00:00:00+00:00
[2023-08-14T10:38:46.372+0200] {processor.py:179} INFO - Processing /home/akhilesh/py39/lib/python3.9/site-packages/airflow/example_dags/example_branch_operator_decorator.py took 0.061 seconds
[2023-08-14T10:40:16.233+0200] {processor.py:157} INFO - Started process (PID=457373) to work on /home/akhilesh/py39/lib/python3.9/site-packages/airflow/example_dags/example_branch_operator_decorator.py
[2023-08-14T10:40:16.234+0200] {processor.py:826} INFO - Processing file /home/akhilesh/py39/lib/python3.9/site-packages/airflow/example_dags/example_branch_operator_decorator.py for tasks to queue
[2023-08-14T10:40:16.235+0200] {logging_mixin.py:150} INFO - [2023-08-14T10:40:16.235+0200] {dagbag.py:541} INFO - Filling up the DagBag from /home/akhilesh/py39/lib/python3.9/site-packages/airflow/example_dags/example_branch_operator_decorator.py
[2023-08-14T10:40:16.243+0200] {processor.py:836} INFO - DAG(s) dict_keys(['example_branch_python_operator_decorator']) retrieved from /home/akhilesh/py39/lib/python3.9/site-packages/airflow/example_dags/example_branch_operator_decorator.py
[2023-08-14T10:40:16.259+0200] {logging_mixin.py:150} INFO - [2023-08-14T10:40:16.258+0200] {dag.py:2742} INFO - Sync 1 DAGs
[2023-08-14T10:40:16.305+0200] {logging_mixin.py:150} INFO - [2023-08-14T10:40:16.305+0200] {dag.py:3504} INFO - Setting next_dagrun for example_branch_python_operator_decorator to 2023-08-13T00:00:00+00:00, run_after=2023-08-14T00:00:00+00:00
[2023-08-14T10:40:16.361+0200] {processor.py:179} INFO - Processing /home/akhilesh/py39/lib/python3.9/site-packages/airflow/example_dags/example_branch_operator_decorator.py took 0.131 seconds
[2023-08-14T10:41:57.755+0200] {processor.py:157} INFO - Started process (PID=457657) to work on /home/akhilesh/py39/lib/python3.9/site-packages/airflow/example_dags/example_branch_operator_decorator.py
[2023-08-14T10:41:57.764+0200] {processor.py:826} INFO - Processing file /home/akhilesh/py39/lib/python3.9/site-packages/airflow/example_dags/example_branch_operator_decorator.py for tasks to queue
[2023-08-14T10:41:57.765+0200] {logging_mixin.py:150} INFO - [2023-08-14T10:41:57.765+0200] {dagbag.py:541} INFO - Filling up the DagBag from /home/akhilesh/py39/lib/python3.9/site-packages/airflow/example_dags/example_branch_operator_decorator.py
[2023-08-14T10:41:57.778+0200] {processor.py:836} INFO - DAG(s) dict_keys(['example_branch_python_operator_decorator']) retrieved from /home/akhilesh/py39/lib/python3.9/site-packages/airflow/example_dags/example_branch_operator_decorator.py
[2023-08-14T10:41:57.797+0200] {logging_mixin.py:150} INFO - [2023-08-14T10:41:57.797+0200] {dag.py:2742} INFO - Sync 1 DAGs
[2023-08-14T10:41:57.811+0200] {logging_mixin.py:150} INFO - [2023-08-14T10:41:57.810+0200] {dag.py:3504} INFO - Setting next_dagrun for example_branch_python_operator_decorator to 2023-08-13T00:00:00+00:00, run_after=2023-08-14T00:00:00+00:00
[2023-08-14T10:41:57.849+0200] {processor.py:179} INFO - Processing /home/akhilesh/py39/lib/python3.9/site-packages/airflow/example_dags/example_branch_operator_decorator.py took 0.098 seconds
[2023-08-14T10:44:48.859+0200] {processor.py:157} INFO - Started process (PID=458345) to work on /home/akhilesh/py39/lib/python3.9/site-packages/airflow/example_dags/example_branch_operator_decorator.py
[2023-08-14T10:44:48.868+0200] {processor.py:826} INFO - Processing file /home/akhilesh/py39/lib/python3.9/site-packages/airflow/example_dags/example_branch_operator_decorator.py for tasks to queue
[2023-08-14T10:44:48.869+0200] {logging_mixin.py:150} INFO - [2023-08-14T10:44:48.869+0200] {dagbag.py:541} INFO - Filling up the DagBag from /home/akhilesh/py39/lib/python3.9/site-packages/airflow/example_dags/example_branch_operator_decorator.py
[2023-08-14T10:44:48.881+0200] {processor.py:836} INFO - DAG(s) dict_keys(['example_branch_python_operator_decorator']) retrieved from /home/akhilesh/py39/lib/python3.9/site-packages/airflow/example_dags/example_branch_operator_decorator.py
[2023-08-14T10:44:48.895+0200] {logging_mixin.py:150} INFO - [2023-08-14T10:44:48.895+0200] {dag.py:2742} INFO - Sync 1 DAGs
[2023-08-14T10:44:48.909+0200] {logging_mixin.py:150} INFO - [2023-08-14T10:44:48.908+0200] {dag.py:3504} INFO - Setting next_dagrun for example_branch_python_operator_decorator to 2023-08-13T00:00:00+00:00, run_after=2023-08-14T00:00:00+00:00
[2023-08-14T10:44:48.928+0200] {processor.py:179} INFO - Processing /home/akhilesh/py39/lib/python3.9/site-packages/airflow/example_dags/example_branch_operator_decorator.py took 0.073 seconds
[2023-08-14T10:45:37.530+0200] {processor.py:157} INFO - Started process (PID=458538) to work on /home/akhilesh/py39/lib/python3.9/site-packages/airflow/example_dags/example_branch_operator_decorator.py
[2023-08-14T10:45:37.539+0200] {processor.py:826} INFO - Processing file /home/akhilesh/py39/lib/python3.9/site-packages/airflow/example_dags/example_branch_operator_decorator.py for tasks to queue
[2023-08-14T10:45:37.540+0200] {logging_mixin.py:150} INFO - [2023-08-14T10:45:37.540+0200] {dagbag.py:541} INFO - Filling up the DagBag from /home/akhilesh/py39/lib/python3.9/site-packages/airflow/example_dags/example_branch_operator_decorator.py
[2023-08-14T10:45:37.551+0200] {processor.py:836} INFO - DAG(s) dict_keys(['example_branch_python_operator_decorator']) retrieved from /home/akhilesh/py39/lib/python3.9/site-packages/airflow/example_dags/example_branch_operator_decorator.py
[2023-08-14T10:45:37.564+0200] {logging_mixin.py:150} INFO - [2023-08-14T10:45:37.564+0200] {dag.py:2742} INFO - Sync 1 DAGs
[2023-08-14T10:45:37.576+0200] {logging_mixin.py:150} INFO - [2023-08-14T10:45:37.575+0200] {dag.py:3504} INFO - Setting next_dagrun for example_branch_python_operator_decorator to 2023-08-13T00:00:00+00:00, run_after=2023-08-14T00:00:00+00:00
[2023-08-14T10:45:37.595+0200] {processor.py:179} INFO - Processing /home/akhilesh/py39/lib/python3.9/site-packages/airflow/example_dags/example_branch_operator_decorator.py took 0.069 seconds
[2023-08-14T10:46:24.605+0200] {processor.py:157} INFO - Started process (PID=458817) to work on /home/akhilesh/py39/lib/python3.9/site-packages/airflow/example_dags/example_branch_operator_decorator.py
[2023-08-14T10:46:24.614+0200] {processor.py:826} INFO - Processing file /home/akhilesh/py39/lib/python3.9/site-packages/airflow/example_dags/example_branch_operator_decorator.py for tasks to queue
[2023-08-14T10:46:24.615+0200] {logging_mixin.py:150} INFO - [2023-08-14T10:46:24.615+0200] {dagbag.py:541} INFO - Filling up the DagBag from /home/akhilesh/py39/lib/python3.9/site-packages/airflow/example_dags/example_branch_operator_decorator.py
[2023-08-14T10:46:24.626+0200] {processor.py:836} INFO - DAG(s) dict_keys(['example_branch_python_operator_decorator']) retrieved from /home/akhilesh/py39/lib/python3.9/site-packages/airflow/example_dags/example_branch_operator_decorator.py
[2023-08-14T10:46:24.641+0200] {logging_mixin.py:150} INFO - [2023-08-14T10:46:24.641+0200] {dag.py:2742} INFO - Sync 1 DAGs
[2023-08-14T10:46:24.658+0200] {logging_mixin.py:150} INFO - [2023-08-14T10:46:24.658+0200] {dag.py:3504} INFO - Setting next_dagrun for example_branch_python_operator_decorator to 2023-08-13T00:00:00+00:00, run_after=2023-08-14T00:00:00+00:00
[2023-08-14T10:46:24.682+0200] {processor.py:179} INFO - Processing /home/akhilesh/py39/lib/python3.9/site-packages/airflow/example_dags/example_branch_operator_decorator.py took 0.081 seconds
[2023-08-14T10:47:17.274+0200] {processor.py:157} INFO - Started process (PID=458973) to work on /home/akhilesh/py39/lib/python3.9/site-packages/airflow/example_dags/example_branch_operator_decorator.py
[2023-08-14T10:47:17.283+0200] {processor.py:826} INFO - Processing file /home/akhilesh/py39/lib/python3.9/site-packages/airflow/example_dags/example_branch_operator_decorator.py for tasks to queue
[2023-08-14T10:47:17.285+0200] {logging_mixin.py:150} INFO - [2023-08-14T10:47:17.284+0200] {dagbag.py:541} INFO - Filling up the DagBag from /home/akhilesh/py39/lib/python3.9/site-packages/airflow/example_dags/example_branch_operator_decorator.py
[2023-08-14T10:47:17.297+0200] {processor.py:836} INFO - DAG(s) dict_keys(['example_branch_python_operator_decorator']) retrieved from /home/akhilesh/py39/lib/python3.9/site-packages/airflow/example_dags/example_branch_operator_decorator.py
[2023-08-14T10:47:17.312+0200] {logging_mixin.py:150} INFO - [2023-08-14T10:47:17.311+0200] {dag.py:2742} INFO - Sync 1 DAGs
[2023-08-14T10:47:17.325+0200] {logging_mixin.py:150} INFO - [2023-08-14T10:47:17.325+0200] {dag.py:3504} INFO - Setting next_dagrun for example_branch_python_operator_decorator to 2023-08-13T00:00:00+00:00, run_after=2023-08-14T00:00:00+00:00
[2023-08-14T10:47:17.354+0200] {processor.py:179} INFO - Processing /home/akhilesh/py39/lib/python3.9/site-packages/airflow/example_dags/example_branch_operator_decorator.py took 0.084 seconds
[2023-08-14T10:48:12.574+0200] {processor.py:157} INFO - Started process (PID=459192) to work on /home/akhilesh/py39/lib/python3.9/site-packages/airflow/example_dags/example_branch_operator_decorator.py
[2023-08-14T10:48:12.576+0200] {processor.py:826} INFO - Processing file /home/akhilesh/py39/lib/python3.9/site-packages/airflow/example_dags/example_branch_operator_decorator.py for tasks to queue
[2023-08-14T10:48:12.577+0200] {logging_mixin.py:150} INFO - [2023-08-14T10:48:12.576+0200] {dagbag.py:541} INFO - Filling up the DagBag from /home/akhilesh/py39/lib/python3.9/site-packages/airflow/example_dags/example_branch_operator_decorator.py
[2023-08-14T10:48:12.583+0200] {processor.py:836} INFO - DAG(s) dict_keys(['example_branch_python_operator_decorator']) retrieved from /home/akhilesh/py39/lib/python3.9/site-packages/airflow/example_dags/example_branch_operator_decorator.py
[2023-08-14T10:48:12.596+0200] {logging_mixin.py:150} INFO - [2023-08-14T10:48:12.596+0200] {dag.py:2742} INFO - Sync 1 DAGs
[2023-08-14T10:48:12.608+0200] {logging_mixin.py:150} INFO - [2023-08-14T10:48:12.608+0200] {dag.py:3504} INFO - Setting next_dagrun for example_branch_python_operator_decorator to 2023-08-13T00:00:00+00:00, run_after=2023-08-14T00:00:00+00:00
[2023-08-14T10:48:12.627+0200] {processor.py:179} INFO - Processing /home/akhilesh/py39/lib/python3.9/site-packages/airflow/example_dags/example_branch_operator_decorator.py took 0.057 seconds
[2023-08-14T10:49:07.429+0200] {processor.py:157} INFO - Started process (PID=459345) to work on /home/akhilesh/py39/lib/python3.9/site-packages/airflow/example_dags/example_branch_operator_decorator.py
[2023-08-14T10:49:07.438+0200] {processor.py:826} INFO - Processing file /home/akhilesh/py39/lib/python3.9/site-packages/airflow/example_dags/example_branch_operator_decorator.py for tasks to queue
[2023-08-14T10:49:07.440+0200] {logging_mixin.py:150} INFO - [2023-08-14T10:49:07.439+0200] {dagbag.py:541} INFO - Filling up the DagBag from /home/akhilesh/py39/lib/python3.9/site-packages/airflow/example_dags/example_branch_operator_decorator.py
[2023-08-14T10:49:07.452+0200] {processor.py:836} INFO - DAG(s) dict_keys(['example_branch_python_operator_decorator']) retrieved from /home/akhilesh/py39/lib/python3.9/site-packages/airflow/example_dags/example_branch_operator_decorator.py
[2023-08-14T10:49:07.470+0200] {logging_mixin.py:150} INFO - [2023-08-14T10:49:07.470+0200] {dag.py:2742} INFO - Sync 1 DAGs
[2023-08-14T10:49:07.484+0200] {logging_mixin.py:150} INFO - [2023-08-14T10:49:07.484+0200] {dag.py:3504} INFO - Setting next_dagrun for example_branch_python_operator_decorator to 2023-08-13T00:00:00+00:00, run_after=2023-08-14T00:00:00+00:00
[2023-08-14T10:49:07.510+0200] {processor.py:179} INFO - Processing /home/akhilesh/py39/lib/python3.9/site-packages/airflow/example_dags/example_branch_operator_decorator.py took 0.084 seconds
[2023-08-14T10:49:58.190+0200] {processor.py:157} INFO - Started process (PID=459499) to work on /home/akhilesh/py39/lib/python3.9/site-packages/airflow/example_dags/example_branch_operator_decorator.py
[2023-08-14T10:49:58.199+0200] {processor.py:826} INFO - Processing file /home/akhilesh/py39/lib/python3.9/site-packages/airflow/example_dags/example_branch_operator_decorator.py for tasks to queue
[2023-08-14T10:49:58.201+0200] {logging_mixin.py:150} INFO - [2023-08-14T10:49:58.200+0200] {dagbag.py:541} INFO - Filling up the DagBag from /home/akhilesh/py39/lib/python3.9/site-packages/airflow/example_dags/example_branch_operator_decorator.py
[2023-08-14T10:49:58.212+0200] {processor.py:836} INFO - DAG(s) dict_keys(['example_branch_python_operator_decorator']) retrieved from /home/akhilesh/py39/lib/python3.9/site-packages/airflow/example_dags/example_branch_operator_decorator.py
[2023-08-14T10:49:58.227+0200] {logging_mixin.py:150} INFO - [2023-08-14T10:49:58.227+0200] {dag.py:2742} INFO - Sync 1 DAGs
[2023-08-14T10:49:58.242+0200] {logging_mixin.py:150} INFO - [2023-08-14T10:49:58.241+0200] {dag.py:3504} INFO - Setting next_dagrun for example_branch_python_operator_decorator to 2023-08-13T00:00:00+00:00, run_after=2023-08-14T00:00:00+00:00
[2023-08-14T10:49:58.267+0200] {processor.py:179} INFO - Processing /home/akhilesh/py39/lib/python3.9/site-packages/airflow/example_dags/example_branch_operator_decorator.py took 0.081 seconds
[2023-08-14T10:50:48.588+0200] {processor.py:157} INFO - Started process (PID=459729) to work on /home/akhilesh/py39/lib/python3.9/site-packages/airflow/example_dags/example_branch_operator_decorator.py
[2023-08-14T10:50:48.598+0200] {processor.py:826} INFO - Processing file /home/akhilesh/py39/lib/python3.9/site-packages/airflow/example_dags/example_branch_operator_decorator.py for tasks to queue
[2023-08-14T10:50:48.600+0200] {logging_mixin.py:150} INFO - [2023-08-14T10:50:48.599+0200] {dagbag.py:541} INFO - Filling up the DagBag from /home/akhilesh/py39/lib/python3.9/site-packages/airflow/example_dags/example_branch_operator_decorator.py
[2023-08-14T10:50:48.614+0200] {processor.py:836} INFO - DAG(s) dict_keys(['example_branch_python_operator_decorator']) retrieved from /home/akhilesh/py39/lib/python3.9/site-packages/airflow/example_dags/example_branch_operator_decorator.py
[2023-08-14T10:50:48.635+0200] {logging_mixin.py:150} INFO - [2023-08-14T10:50:48.635+0200] {dag.py:2742} INFO - Sync 1 DAGs
[2023-08-14T10:50:48.650+0200] {logging_mixin.py:150} INFO - [2023-08-14T10:50:48.649+0200] {dag.py:3504} INFO - Setting next_dagrun for example_branch_python_operator_decorator to 2023-08-13T00:00:00+00:00, run_after=2023-08-14T00:00:00+00:00
[2023-08-14T10:50:48.673+0200] {processor.py:179} INFO - Processing /home/akhilesh/py39/lib/python3.9/site-packages/airflow/example_dags/example_branch_operator_decorator.py took 0.088 seconds
[2023-08-14T10:51:40.050+0200] {processor.py:157} INFO - Started process (PID=459859) to work on /home/akhilesh/py39/lib/python3.9/site-packages/airflow/example_dags/example_branch_operator_decorator.py
[2023-08-14T10:51:40.059+0200] {processor.py:826} INFO - Processing file /home/akhilesh/py39/lib/python3.9/site-packages/airflow/example_dags/example_branch_operator_decorator.py for tasks to queue
[2023-08-14T10:51:40.061+0200] {logging_mixin.py:150} INFO - [2023-08-14T10:51:40.060+0200] {dagbag.py:541} INFO - Filling up the DagBag from /home/akhilesh/py39/lib/python3.9/site-packages/airflow/example_dags/example_branch_operator_decorator.py
[2023-08-14T10:51:40.074+0200] {processor.py:836} INFO - DAG(s) dict_keys(['example_branch_python_operator_decorator']) retrieved from /home/akhilesh/py39/lib/python3.9/site-packages/airflow/example_dags/example_branch_operator_decorator.py
[2023-08-14T10:51:40.090+0200] {logging_mixin.py:150} INFO - [2023-08-14T10:51:40.090+0200] {dag.py:2742} INFO - Sync 1 DAGs
[2023-08-14T10:51:40.106+0200] {logging_mixin.py:150} INFO - [2023-08-14T10:51:40.105+0200] {dag.py:3504} INFO - Setting next_dagrun for example_branch_python_operator_decorator to 2023-08-13T00:00:00+00:00, run_after=2023-08-14T00:00:00+00:00
[2023-08-14T10:51:40.130+0200] {processor.py:179} INFO - Processing /home/akhilesh/py39/lib/python3.9/site-packages/airflow/example_dags/example_branch_operator_decorator.py took 0.084 seconds
[2023-08-14T10:52:28.928+0200] {processor.py:157} INFO - Started process (PID=459966) to work on /home/akhilesh/py39/lib/python3.9/site-packages/airflow/example_dags/example_branch_operator_decorator.py
[2023-08-14T10:52:28.930+0200] {processor.py:826} INFO - Processing file /home/akhilesh/py39/lib/python3.9/site-packages/airflow/example_dags/example_branch_operator_decorator.py for tasks to queue
[2023-08-14T10:52:28.931+0200] {logging_mixin.py:150} INFO - [2023-08-14T10:52:28.930+0200] {dagbag.py:541} INFO - Filling up the DagBag from /home/akhilesh/py39/lib/python3.9/site-packages/airflow/example_dags/example_branch_operator_decorator.py
[2023-08-14T10:52:28.939+0200] {processor.py:836} INFO - DAG(s) dict_keys(['example_branch_python_operator_decorator']) retrieved from /home/akhilesh/py39/lib/python3.9/site-packages/airflow/example_dags/example_branch_operator_decorator.py
[2023-08-14T10:52:28.957+0200] {logging_mixin.py:150} INFO - [2023-08-14T10:52:28.956+0200] {dag.py:2742} INFO - Sync 1 DAGs
[2023-08-14T10:52:28.970+0200] {logging_mixin.py:150} INFO - [2023-08-14T10:52:28.970+0200] {dag.py:3504} INFO - Setting next_dagrun for example_branch_python_operator_decorator to 2023-08-13T00:00:00+00:00, run_after=2023-08-14T00:00:00+00:00
[2023-08-14T10:52:28.994+0200] {processor.py:179} INFO - Processing /home/akhilesh/py39/lib/python3.9/site-packages/airflow/example_dags/example_branch_operator_decorator.py took 0.070 seconds
[2023-08-14T10:53:19.390+0200] {processor.py:157} INFO - Started process (PID=460173) to work on /home/akhilesh/py39/lib/python3.9/site-packages/airflow/example_dags/example_branch_operator_decorator.py
[2023-08-14T10:53:19.391+0200] {processor.py:826} INFO - Processing file /home/akhilesh/py39/lib/python3.9/site-packages/airflow/example_dags/example_branch_operator_decorator.py for tasks to queue
[2023-08-14T10:53:19.392+0200] {logging_mixin.py:150} INFO - [2023-08-14T10:53:19.392+0200] {dagbag.py:541} INFO - Filling up the DagBag from /home/akhilesh/py39/lib/python3.9/site-packages/airflow/example_dags/example_branch_operator_decorator.py
[2023-08-14T10:53:19.400+0200] {processor.py:836} INFO - DAG(s) dict_keys(['example_branch_python_operator_decorator']) retrieved from /home/akhilesh/py39/lib/python3.9/site-packages/airflow/example_dags/example_branch_operator_decorator.py
[2023-08-14T10:53:19.415+0200] {logging_mixin.py:150} INFO - [2023-08-14T10:53:19.414+0200] {dag.py:2742} INFO - Sync 1 DAGs
[2023-08-14T10:53:19.429+0200] {logging_mixin.py:150} INFO - [2023-08-14T10:53:19.429+0200] {dag.py:3504} INFO - Setting next_dagrun for example_branch_python_operator_decorator to 2023-08-13T00:00:00+00:00, run_after=2023-08-14T00:00:00+00:00
[2023-08-14T10:53:19.447+0200] {processor.py:179} INFO - Processing /home/akhilesh/py39/lib/python3.9/site-packages/airflow/example_dags/example_branch_operator_decorator.py took 0.061 seconds
[2023-08-14T10:54:12.400+0200] {processor.py:157} INFO - Started process (PID=460388) to work on /home/akhilesh/py39/lib/python3.9/site-packages/airflow/example_dags/example_branch_operator_decorator.py
[2023-08-14T10:54:12.410+0200] {processor.py:826} INFO - Processing file /home/akhilesh/py39/lib/python3.9/site-packages/airflow/example_dags/example_branch_operator_decorator.py for tasks to queue
[2023-08-14T10:54:12.411+0200] {logging_mixin.py:150} INFO - [2023-08-14T10:54:12.411+0200] {dagbag.py:541} INFO - Filling up the DagBag from /home/akhilesh/py39/lib/python3.9/site-packages/airflow/example_dags/example_branch_operator_decorator.py
[2023-08-14T10:54:12.421+0200] {processor.py:836} INFO - DAG(s) dict_keys(['example_branch_python_operator_decorator']) retrieved from /home/akhilesh/py39/lib/python3.9/site-packages/airflow/example_dags/example_branch_operator_decorator.py
[2023-08-14T10:54:12.436+0200] {logging_mixin.py:150} INFO - [2023-08-14T10:54:12.436+0200] {dag.py:2742} INFO - Sync 1 DAGs
[2023-08-14T10:54:12.450+0200] {logging_mixin.py:150} INFO - [2023-08-14T10:54:12.450+0200] {dag.py:3504} INFO - Setting next_dagrun for example_branch_python_operator_decorator to 2023-08-13T00:00:00+00:00, run_after=2023-08-14T00:00:00+00:00
[2023-08-14T10:54:12.485+0200] {processor.py:179} INFO - Processing /home/akhilesh/py39/lib/python3.9/site-packages/airflow/example_dags/example_branch_operator_decorator.py took 0.088 seconds
[2023-08-14T10:55:03.604+0200] {processor.py:157} INFO - Started process (PID=460533) to work on /home/akhilesh/py39/lib/python3.9/site-packages/airflow/example_dags/example_branch_operator_decorator.py
[2023-08-14T10:55:03.614+0200] {processor.py:826} INFO - Processing file /home/akhilesh/py39/lib/python3.9/site-packages/airflow/example_dags/example_branch_operator_decorator.py for tasks to queue
[2023-08-14T10:55:03.615+0200] {logging_mixin.py:150} INFO - [2023-08-14T10:55:03.615+0200] {dagbag.py:541} INFO - Filling up the DagBag from /home/akhilesh/py39/lib/python3.9/site-packages/airflow/example_dags/example_branch_operator_decorator.py
[2023-08-14T10:55:03.626+0200] {processor.py:836} INFO - DAG(s) dict_keys(['example_branch_python_operator_decorator']) retrieved from /home/akhilesh/py39/lib/python3.9/site-packages/airflow/example_dags/example_branch_operator_decorator.py
[2023-08-14T10:55:03.643+0200] {logging_mixin.py:150} INFO - [2023-08-14T10:55:03.643+0200] {dag.py:2742} INFO - Sync 1 DAGs
[2023-08-14T10:55:03.657+0200] {logging_mixin.py:150} INFO - [2023-08-14T10:55:03.657+0200] {dag.py:3504} INFO - Setting next_dagrun for example_branch_python_operator_decorator to 2023-08-13T00:00:00+00:00, run_after=2023-08-14T00:00:00+00:00
[2023-08-14T10:55:03.678+0200] {processor.py:179} INFO - Processing /home/akhilesh/py39/lib/python3.9/site-packages/airflow/example_dags/example_branch_operator_decorator.py took 0.078 seconds
[2023-08-14T10:55:53.168+0200] {processor.py:157} INFO - Started process (PID=460679) to work on /home/akhilesh/py39/lib/python3.9/site-packages/airflow/example_dags/example_branch_operator_decorator.py
[2023-08-14T10:55:53.170+0200] {processor.py:826} INFO - Processing file /home/akhilesh/py39/lib/python3.9/site-packages/airflow/example_dags/example_branch_operator_decorator.py for tasks to queue
[2023-08-14T10:55:53.171+0200] {logging_mixin.py:150} INFO - [2023-08-14T10:55:53.171+0200] {dagbag.py:541} INFO - Filling up the DagBag from /home/akhilesh/py39/lib/python3.9/site-packages/airflow/example_dags/example_branch_operator_decorator.py
[2023-08-14T10:55:53.178+0200] {processor.py:836} INFO - DAG(s) dict_keys(['example_branch_python_operator_decorator']) retrieved from /home/akhilesh/py39/lib/python3.9/site-packages/airflow/example_dags/example_branch_operator_decorator.py
[2023-08-14T10:55:53.192+0200] {logging_mixin.py:150} INFO - [2023-08-14T10:55:53.192+0200] {dag.py:2742} INFO - Sync 1 DAGs
[2023-08-14T10:55:53.205+0200] {logging_mixin.py:150} INFO - [2023-08-14T10:55:53.205+0200] {dag.py:3504} INFO - Setting next_dagrun for example_branch_python_operator_decorator to 2023-08-13T00:00:00+00:00, run_after=2023-08-14T00:00:00+00:00
[2023-08-14T10:55:53.225+0200] {processor.py:179} INFO - Processing /home/akhilesh/py39/lib/python3.9/site-packages/airflow/example_dags/example_branch_operator_decorator.py took 0.060 seconds
[2023-08-14T10:56:40.926+0200] {processor.py:157} INFO - Started process (PID=460886) to work on /home/akhilesh/py39/lib/python3.9/site-packages/airflow/example_dags/example_branch_operator_decorator.py
[2023-08-14T10:56:40.935+0200] {processor.py:826} INFO - Processing file /home/akhilesh/py39/lib/python3.9/site-packages/airflow/example_dags/example_branch_operator_decorator.py for tasks to queue
[2023-08-14T10:56:40.936+0200] {logging_mixin.py:150} INFO - [2023-08-14T10:56:40.936+0200] {dagbag.py:541} INFO - Filling up the DagBag from /home/akhilesh/py39/lib/python3.9/site-packages/airflow/example_dags/example_branch_operator_decorator.py
[2023-08-14T10:56:40.944+0200] {processor.py:836} INFO - DAG(s) dict_keys(['example_branch_python_operator_decorator']) retrieved from /home/akhilesh/py39/lib/python3.9/site-packages/airflow/example_dags/example_branch_operator_decorator.py
[2023-08-14T10:56:40.961+0200] {logging_mixin.py:150} INFO - [2023-08-14T10:56:40.960+0200] {dag.py:2742} INFO - Sync 1 DAGs
[2023-08-14T10:56:40.979+0200] {logging_mixin.py:150} INFO - [2023-08-14T10:56:40.979+0200] {dag.py:3504} INFO - Setting next_dagrun for example_branch_python_operator_decorator to 2023-08-13T00:00:00+00:00, run_after=2023-08-14T00:00:00+00:00
[2023-08-14T10:56:41.007+0200] {processor.py:179} INFO - Processing /home/akhilesh/py39/lib/python3.9/site-packages/airflow/example_dags/example_branch_operator_decorator.py took 0.085 seconds
[2023-08-14T10:57:31.580+0200] {processor.py:157} INFO - Started process (PID=461018) to work on /home/akhilesh/py39/lib/python3.9/site-packages/airflow/example_dags/example_branch_operator_decorator.py
[2023-08-14T10:57:31.589+0200] {processor.py:826} INFO - Processing file /home/akhilesh/py39/lib/python3.9/site-packages/airflow/example_dags/example_branch_operator_decorator.py for tasks to queue
[2023-08-14T10:57:31.591+0200] {logging_mixin.py:150} INFO - [2023-08-14T10:57:31.590+0200] {dagbag.py:541} INFO - Filling up the DagBag from /home/akhilesh/py39/lib/python3.9/site-packages/airflow/example_dags/example_branch_operator_decorator.py
[2023-08-14T10:57:31.604+0200] {processor.py:836} INFO - DAG(s) dict_keys(['example_branch_python_operator_decorator']) retrieved from /home/akhilesh/py39/lib/python3.9/site-packages/airflow/example_dags/example_branch_operator_decorator.py
[2023-08-14T10:57:31.624+0200] {logging_mixin.py:150} INFO - [2023-08-14T10:57:31.624+0200] {dag.py:2742} INFO - Sync 1 DAGs
[2023-08-14T10:57:31.639+0200] {logging_mixin.py:150} INFO - [2023-08-14T10:57:31.639+0200] {dag.py:3504} INFO - Setting next_dagrun for example_branch_python_operator_decorator to 2023-08-13T00:00:00+00:00, run_after=2023-08-14T00:00:00+00:00
[2023-08-14T10:57:31.672+0200] {processor.py:179} INFO - Processing /home/akhilesh/py39/lib/python3.9/site-packages/airflow/example_dags/example_branch_operator_decorator.py took 0.095 seconds
[2023-08-14T10:58:14.844+0200] {processor.py:157} INFO - Started process (PID=461245) to work on /home/akhilesh/py39/lib/python3.9/site-packages/airflow/example_dags/example_branch_operator_decorator.py
[2023-08-14T10:58:14.854+0200] {processor.py:826} INFO - Processing file /home/akhilesh/py39/lib/python3.9/site-packages/airflow/example_dags/example_branch_operator_decorator.py for tasks to queue
[2023-08-14T10:58:14.855+0200] {logging_mixin.py:150} INFO - [2023-08-14T10:58:14.854+0200] {dagbag.py:541} INFO - Filling up the DagBag from /home/akhilesh/py39/lib/python3.9/site-packages/airflow/example_dags/example_branch_operator_decorator.py
[2023-08-14T10:58:14.867+0200] {processor.py:836} INFO - DAG(s) dict_keys(['example_branch_python_operator_decorator']) retrieved from /home/akhilesh/py39/lib/python3.9/site-packages/airflow/example_dags/example_branch_operator_decorator.py
[2023-08-14T10:58:14.886+0200] {logging_mixin.py:150} INFO - [2023-08-14T10:58:14.885+0200] {dag.py:2742} INFO - Sync 1 DAGs
[2023-08-14T10:58:14.901+0200] {logging_mixin.py:150} INFO - [2023-08-14T10:58:14.901+0200] {dag.py:3504} INFO - Setting next_dagrun for example_branch_python_operator_decorator to 2023-08-13T00:00:00+00:00, run_after=2023-08-14T00:00:00+00:00
[2023-08-14T10:58:14.925+0200] {processor.py:179} INFO - Processing /home/akhilesh/py39/lib/python3.9/site-packages/airflow/example_dags/example_branch_operator_decorator.py took 0.084 seconds
[2023-08-14T10:59:04.097+0200] {processor.py:157} INFO - Started process (PID=461401) to work on /home/akhilesh/py39/lib/python3.9/site-packages/airflow/example_dags/example_branch_operator_decorator.py
[2023-08-14T10:59:04.106+0200] {processor.py:826} INFO - Processing file /home/akhilesh/py39/lib/python3.9/site-packages/airflow/example_dags/example_branch_operator_decorator.py for tasks to queue
[2023-08-14T10:59:04.107+0200] {logging_mixin.py:150} INFO - [2023-08-14T10:59:04.107+0200] {dagbag.py:541} INFO - Filling up the DagBag from /home/akhilesh/py39/lib/python3.9/site-packages/airflow/example_dags/example_branch_operator_decorator.py
[2023-08-14T10:59:04.117+0200] {processor.py:836} INFO - DAG(s) dict_keys(['example_branch_python_operator_decorator']) retrieved from /home/akhilesh/py39/lib/python3.9/site-packages/airflow/example_dags/example_branch_operator_decorator.py
[2023-08-14T10:59:04.134+0200] {logging_mixin.py:150} INFO - [2023-08-14T10:59:04.133+0200] {dag.py:2742} INFO - Sync 1 DAGs
[2023-08-14T10:59:04.147+0200] {logging_mixin.py:150} INFO - [2023-08-14T10:59:04.147+0200] {dag.py:3504} INFO - Setting next_dagrun for example_branch_python_operator_decorator to 2023-08-13T00:00:00+00:00, run_after=2023-08-14T00:00:00+00:00
[2023-08-14T10:59:04.169+0200] {processor.py:179} INFO - Processing /home/akhilesh/py39/lib/python3.9/site-packages/airflow/example_dags/example_branch_operator_decorator.py took 0.077 seconds
[2023-08-14T10:59:53.301+0200] {processor.py:157} INFO - Started process (PID=461590) to work on /home/akhilesh/py39/lib/python3.9/site-packages/airflow/example_dags/example_branch_operator_decorator.py
[2023-08-14T10:59:53.302+0200] {processor.py:826} INFO - Processing file /home/akhilesh/py39/lib/python3.9/site-packages/airflow/example_dags/example_branch_operator_decorator.py for tasks to queue
[2023-08-14T10:59:53.303+0200] {logging_mixin.py:150} INFO - [2023-08-14T10:59:53.303+0200] {dagbag.py:541} INFO - Filling up the DagBag from /home/akhilesh/py39/lib/python3.9/site-packages/airflow/example_dags/example_branch_operator_decorator.py
[2023-08-14T10:59:53.312+0200] {processor.py:836} INFO - DAG(s) dict_keys(['example_branch_python_operator_decorator']) retrieved from /home/akhilesh/py39/lib/python3.9/site-packages/airflow/example_dags/example_branch_operator_decorator.py
[2023-08-14T10:59:53.325+0200] {logging_mixin.py:150} INFO - [2023-08-14T10:59:53.325+0200] {dag.py:2742} INFO - Sync 1 DAGs
[2023-08-14T10:59:53.336+0200] {logging_mixin.py:150} INFO - [2023-08-14T10:59:53.336+0200] {dag.py:3504} INFO - Setting next_dagrun for example_branch_python_operator_decorator to 2023-08-13T00:00:00+00:00, run_after=2023-08-14T00:00:00+00:00
[2023-08-14T10:59:53.352+0200] {processor.py:179} INFO - Processing /home/akhilesh/py39/lib/python3.9/site-packages/airflow/example_dags/example_branch_operator_decorator.py took 0.054 seconds
[2023-08-14T11:00:41.517+0200] {processor.py:157} INFO - Started process (PID=461709) to work on /home/akhilesh/py39/lib/python3.9/site-packages/airflow/example_dags/example_branch_operator_decorator.py
[2023-08-14T11:00:41.527+0200] {processor.py:826} INFO - Processing file /home/akhilesh/py39/lib/python3.9/site-packages/airflow/example_dags/example_branch_operator_decorator.py for tasks to queue
[2023-08-14T11:00:41.528+0200] {logging_mixin.py:150} INFO - [2023-08-14T11:00:41.528+0200] {dagbag.py:541} INFO - Filling up the DagBag from /home/akhilesh/py39/lib/python3.9/site-packages/airflow/example_dags/example_branch_operator_decorator.py
[2023-08-14T11:00:41.540+0200] {processor.py:836} INFO - DAG(s) dict_keys(['example_branch_python_operator_decorator']) retrieved from /home/akhilesh/py39/lib/python3.9/site-packages/airflow/example_dags/example_branch_operator_decorator.py
[2023-08-14T11:00:41.556+0200] {logging_mixin.py:150} INFO - [2023-08-14T11:00:41.555+0200] {dag.py:2742} INFO - Sync 1 DAGs
[2023-08-14T11:00:41.569+0200] {logging_mixin.py:150} INFO - [2023-08-14T11:00:41.569+0200] {dag.py:3504} INFO - Setting next_dagrun for example_branch_python_operator_decorator to 2023-08-13T00:00:00+00:00, run_after=2023-08-14T00:00:00+00:00
[2023-08-14T11:00:41.604+0200] {processor.py:179} INFO - Processing /home/akhilesh/py39/lib/python3.9/site-packages/airflow/example_dags/example_branch_operator_decorator.py took 0.091 seconds
[2023-08-14T11:01:36.672+0200] {processor.py:157} INFO - Started process (PID=461919) to work on /home/akhilesh/py39/lib/python3.9/site-packages/airflow/example_dags/example_branch_operator_decorator.py
[2023-08-14T11:01:36.674+0200] {processor.py:826} INFO - Processing file /home/akhilesh/py39/lib/python3.9/site-packages/airflow/example_dags/example_branch_operator_decorator.py for tasks to queue
[2023-08-14T11:01:36.675+0200] {logging_mixin.py:150} INFO - [2023-08-14T11:01:36.674+0200] {dagbag.py:541} INFO - Filling up the DagBag from /home/akhilesh/py39/lib/python3.9/site-packages/airflow/example_dags/example_branch_operator_decorator.py
[2023-08-14T11:01:36.681+0200] {processor.py:836} INFO - DAG(s) dict_keys(['example_branch_python_operator_decorator']) retrieved from /home/akhilesh/py39/lib/python3.9/site-packages/airflow/example_dags/example_branch_operator_decorator.py
[2023-08-14T11:01:36.696+0200] {logging_mixin.py:150} INFO - [2023-08-14T11:01:36.696+0200] {dag.py:2742} INFO - Sync 1 DAGs
[2023-08-14T11:01:36.709+0200] {logging_mixin.py:150} INFO - [2023-08-14T11:01:36.709+0200] {dag.py:3504} INFO - Setting next_dagrun for example_branch_python_operator_decorator to 2023-08-13T00:00:00+00:00, run_after=2023-08-14T00:00:00+00:00
[2023-08-14T11:01:36.736+0200] {processor.py:179} INFO - Processing /home/akhilesh/py39/lib/python3.9/site-packages/airflow/example_dags/example_branch_operator_decorator.py took 0.068 seconds
[2023-08-14T11:02:31.293+0200] {processor.py:157} INFO - Started process (PID=462069) to work on /home/akhilesh/py39/lib/python3.9/site-packages/airflow/example_dags/example_branch_operator_decorator.py
[2023-08-14T11:02:31.302+0200] {processor.py:826} INFO - Processing file /home/akhilesh/py39/lib/python3.9/site-packages/airflow/example_dags/example_branch_operator_decorator.py for tasks to queue
[2023-08-14T11:02:31.303+0200] {logging_mixin.py:150} INFO - [2023-08-14T11:02:31.303+0200] {dagbag.py:541} INFO - Filling up the DagBag from /home/akhilesh/py39/lib/python3.9/site-packages/airflow/example_dags/example_branch_operator_decorator.py
[2023-08-14T11:02:31.314+0200] {processor.py:836} INFO - DAG(s) dict_keys(['example_branch_python_operator_decorator']) retrieved from /home/akhilesh/py39/lib/python3.9/site-packages/airflow/example_dags/example_branch_operator_decorator.py
[2023-08-14T11:02:31.329+0200] {logging_mixin.py:150} INFO - [2023-08-14T11:02:31.329+0200] {dag.py:2742} INFO - Sync 1 DAGs
[2023-08-14T11:02:31.343+0200] {logging_mixin.py:150} INFO - [2023-08-14T11:02:31.342+0200] {dag.py:3504} INFO - Setting next_dagrun for example_branch_python_operator_decorator to 2023-08-13T00:00:00+00:00, run_after=2023-08-14T00:00:00+00:00
[2023-08-14T11:02:31.368+0200] {processor.py:179} INFO - Processing /home/akhilesh/py39/lib/python3.9/site-packages/airflow/example_dags/example_branch_operator_decorator.py took 0.079 seconds
[2023-08-14T11:03:23.746+0200] {processor.py:157} INFO - Started process (PID=462257) to work on /home/akhilesh/py39/lib/python3.9/site-packages/airflow/example_dags/example_branch_operator_decorator.py
[2023-08-14T11:03:23.755+0200] {processor.py:826} INFO - Processing file /home/akhilesh/py39/lib/python3.9/site-packages/airflow/example_dags/example_branch_operator_decorator.py for tasks to queue
[2023-08-14T11:03:23.757+0200] {logging_mixin.py:150} INFO - [2023-08-14T11:03:23.756+0200] {dagbag.py:541} INFO - Filling up the DagBag from /home/akhilesh/py39/lib/python3.9/site-packages/airflow/example_dags/example_branch_operator_decorator.py
[2023-08-14T11:03:23.769+0200] {processor.py:836} INFO - DAG(s) dict_keys(['example_branch_python_operator_decorator']) retrieved from /home/akhilesh/py39/lib/python3.9/site-packages/airflow/example_dags/example_branch_operator_decorator.py
[2023-08-14T11:03:23.784+0200] {logging_mixin.py:150} INFO - [2023-08-14T11:03:23.784+0200] {dag.py:2742} INFO - Sync 1 DAGs
[2023-08-14T11:03:23.798+0200] {logging_mixin.py:150} INFO - [2023-08-14T11:03:23.798+0200] {dag.py:3504} INFO - Setting next_dagrun for example_branch_python_operator_decorator to 2023-08-13T00:00:00+00:00, run_after=2023-08-14T00:00:00+00:00
[2023-08-14T11:03:23.828+0200] {processor.py:179} INFO - Processing /home/akhilesh/py39/lib/python3.9/site-packages/airflow/example_dags/example_branch_operator_decorator.py took 0.085 seconds
[2023-08-14T11:04:15.044+0200] {processor.py:157} INFO - Started process (PID=462378) to work on /home/akhilesh/py39/lib/python3.9/site-packages/airflow/example_dags/example_branch_operator_decorator.py
[2023-08-14T11:04:15.053+0200] {processor.py:826} INFO - Processing file /home/akhilesh/py39/lib/python3.9/site-packages/airflow/example_dags/example_branch_operator_decorator.py for tasks to queue
[2023-08-14T11:04:15.055+0200] {logging_mixin.py:150} INFO - [2023-08-14T11:04:15.054+0200] {dagbag.py:541} INFO - Filling up the DagBag from /home/akhilesh/py39/lib/python3.9/site-packages/airflow/example_dags/example_branch_operator_decorator.py
[2023-08-14T11:04:15.065+0200] {processor.py:836} INFO - DAG(s) dict_keys(['example_branch_python_operator_decorator']) retrieved from /home/akhilesh/py39/lib/python3.9/site-packages/airflow/example_dags/example_branch_operator_decorator.py
[2023-08-14T11:04:15.086+0200] {logging_mixin.py:150} INFO - [2023-08-14T11:04:15.085+0200] {dag.py:2742} INFO - Sync 1 DAGs
[2023-08-14T11:04:15.105+0200] {logging_mixin.py:150} INFO - [2023-08-14T11:04:15.105+0200] {dag.py:3504} INFO - Setting next_dagrun for example_branch_python_operator_decorator to 2023-08-13T00:00:00+00:00, run_after=2023-08-14T00:00:00+00:00
[2023-08-14T11:04:15.135+0200] {processor.py:179} INFO - Processing /home/akhilesh/py39/lib/python3.9/site-packages/airflow/example_dags/example_branch_operator_decorator.py took 0.095 seconds
[2023-08-14T11:05:05.030+0200] {processor.py:157} INFO - Started process (PID=462521) to work on /home/akhilesh/py39/lib/python3.9/site-packages/airflow/example_dags/example_branch_operator_decorator.py
[2023-08-14T11:05:05.040+0200] {processor.py:826} INFO - Processing file /home/akhilesh/py39/lib/python3.9/site-packages/airflow/example_dags/example_branch_operator_decorator.py for tasks to queue
[2023-08-14T11:05:05.041+0200] {logging_mixin.py:150} INFO - [2023-08-14T11:05:05.040+0200] {dagbag.py:541} INFO - Filling up the DagBag from /home/akhilesh/py39/lib/python3.9/site-packages/airflow/example_dags/example_branch_operator_decorator.py
[2023-08-14T11:05:05.052+0200] {processor.py:836} INFO - DAG(s) dict_keys(['example_branch_python_operator_decorator']) retrieved from /home/akhilesh/py39/lib/python3.9/site-packages/airflow/example_dags/example_branch_operator_decorator.py
[2023-08-14T11:05:05.067+0200] {logging_mixin.py:150} INFO - [2023-08-14T11:05:05.066+0200] {dag.py:2742} INFO - Sync 1 DAGs
[2023-08-14T11:05:05.080+0200] {logging_mixin.py:150} INFO - [2023-08-14T11:05:05.080+0200] {dag.py:3504} INFO - Setting next_dagrun for example_branch_python_operator_decorator to 2023-08-13T00:00:00+00:00, run_after=2023-08-14T00:00:00+00:00
[2023-08-14T11:05:05.109+0200] {processor.py:179} INFO - Processing /home/akhilesh/py39/lib/python3.9/site-packages/airflow/example_dags/example_branch_operator_decorator.py took 0.083 seconds
[2023-08-14T11:05:59.876+0200] {processor.py:157} INFO - Started process (PID=462647) to work on /home/akhilesh/py39/lib/python3.9/site-packages/airflow/example_dags/example_branch_operator_decorator.py
[2023-08-14T11:05:59.877+0200] {processor.py:826} INFO - Processing file /home/akhilesh/py39/lib/python3.9/site-packages/airflow/example_dags/example_branch_operator_decorator.py for tasks to queue
[2023-08-14T11:05:59.878+0200] {logging_mixin.py:150} INFO - [2023-08-14T11:05:59.878+0200] {dagbag.py:541} INFO - Filling up the DagBag from /home/akhilesh/py39/lib/python3.9/site-packages/airflow/example_dags/example_branch_operator_decorator.py
[2023-08-14T11:05:59.889+0200] {processor.py:836} INFO - DAG(s) dict_keys(['example_branch_python_operator_decorator']) retrieved from /home/akhilesh/py39/lib/python3.9/site-packages/airflow/example_dags/example_branch_operator_decorator.py
[2023-08-14T11:05:59.904+0200] {logging_mixin.py:150} INFO - [2023-08-14T11:05:59.903+0200] {dag.py:2742} INFO - Sync 1 DAGs
[2023-08-14T11:05:59.917+0200] {logging_mixin.py:150} INFO - [2023-08-14T11:05:59.917+0200] {dag.py:3504} INFO - Setting next_dagrun for example_branch_python_operator_decorator to 2023-08-13T00:00:00+00:00, run_after=2023-08-14T00:00:00+00:00
[2023-08-14T11:05:59.942+0200] {processor.py:179} INFO - Processing /home/akhilesh/py39/lib/python3.9/site-packages/airflow/example_dags/example_branch_operator_decorator.py took 0.069 seconds
[2023-08-14T11:06:46.675+0200] {processor.py:157} INFO - Started process (PID=462853) to work on /home/akhilesh/py39/lib/python3.9/site-packages/airflow/example_dags/example_branch_operator_decorator.py
[2023-08-14T11:06:46.676+0200] {processor.py:826} INFO - Processing file /home/akhilesh/py39/lib/python3.9/site-packages/airflow/example_dags/example_branch_operator_decorator.py for tasks to queue
[2023-08-14T11:06:46.677+0200] {logging_mixin.py:150} INFO - [2023-08-14T11:06:46.677+0200] {dagbag.py:541} INFO - Filling up the DagBag from /home/akhilesh/py39/lib/python3.9/site-packages/airflow/example_dags/example_branch_operator_decorator.py
[2023-08-14T11:06:46.688+0200] {processor.py:836} INFO - DAG(s) dict_keys(['example_branch_python_operator_decorator']) retrieved from /home/akhilesh/py39/lib/python3.9/site-packages/airflow/example_dags/example_branch_operator_decorator.py
[2023-08-14T11:06:46.699+0200] {logging_mixin.py:150} INFO - [2023-08-14T11:06:46.699+0200] {dag.py:2742} INFO - Sync 1 DAGs
[2023-08-14T11:06:46.711+0200] {logging_mixin.py:150} INFO - [2023-08-14T11:06:46.711+0200] {dag.py:3504} INFO - Setting next_dagrun for example_branch_python_operator_decorator to 2023-08-13T00:00:00+00:00, run_after=2023-08-14T00:00:00+00:00
[2023-08-14T11:06:46.729+0200] {processor.py:179} INFO - Processing /home/akhilesh/py39/lib/python3.9/site-packages/airflow/example_dags/example_branch_operator_decorator.py took 0.057 seconds
[2023-08-14T11:07:40.679+0200] {processor.py:157} INFO - Started process (PID=463037) to work on /home/akhilesh/py39/lib/python3.9/site-packages/airflow/example_dags/example_branch_operator_decorator.py
[2023-08-14T11:07:40.688+0200] {processor.py:826} INFO - Processing file /home/akhilesh/py39/lib/python3.9/site-packages/airflow/example_dags/example_branch_operator_decorator.py for tasks to queue
[2023-08-14T11:07:40.689+0200] {logging_mixin.py:150} INFO - [2023-08-14T11:07:40.689+0200] {dagbag.py:541} INFO - Filling up the DagBag from /home/akhilesh/py39/lib/python3.9/site-packages/airflow/example_dags/example_branch_operator_decorator.py
[2023-08-14T11:07:40.704+0200] {processor.py:836} INFO - DAG(s) dict_keys(['example_branch_python_operator_decorator']) retrieved from /home/akhilesh/py39/lib/python3.9/site-packages/airflow/example_dags/example_branch_operator_decorator.py
[2023-08-14T11:07:40.726+0200] {logging_mixin.py:150} INFO - [2023-08-14T11:07:40.725+0200] {dag.py:2742} INFO - Sync 1 DAGs
[2023-08-14T11:07:40.738+0200] {logging_mixin.py:150} INFO - [2023-08-14T11:07:40.737+0200] {dag.py:3504} INFO - Setting next_dagrun for example_branch_python_operator_decorator to 2023-08-13T00:00:00+00:00, run_after=2023-08-14T00:00:00+00:00
[2023-08-14T11:07:40.763+0200] {processor.py:179} INFO - Processing /home/akhilesh/py39/lib/python3.9/site-packages/airflow/example_dags/example_branch_operator_decorator.py took 0.089 seconds
[2023-08-14T11:08:30.220+0200] {processor.py:157} INFO - Started process (PID=463193) to work on /home/akhilesh/py39/lib/python3.9/site-packages/airflow/example_dags/example_branch_operator_decorator.py
[2023-08-14T11:08:30.222+0200] {processor.py:826} INFO - Processing file /home/akhilesh/py39/lib/python3.9/site-packages/airflow/example_dags/example_branch_operator_decorator.py for tasks to queue
[2023-08-14T11:08:30.223+0200] {logging_mixin.py:150} INFO - [2023-08-14T11:08:30.223+0200] {dagbag.py:541} INFO - Filling up the DagBag from /home/akhilesh/py39/lib/python3.9/site-packages/airflow/example_dags/example_branch_operator_decorator.py
[2023-08-14T11:08:30.230+0200] {processor.py:836} INFO - DAG(s) dict_keys(['example_branch_python_operator_decorator']) retrieved from /home/akhilesh/py39/lib/python3.9/site-packages/airflow/example_dags/example_branch_operator_decorator.py
[2023-08-14T11:08:30.245+0200] {logging_mixin.py:150} INFO - [2023-08-14T11:08:30.245+0200] {dag.py:2742} INFO - Sync 1 DAGs
[2023-08-14T11:08:30.259+0200] {logging_mixin.py:150} INFO - [2023-08-14T11:08:30.259+0200] {dag.py:3504} INFO - Setting next_dagrun for example_branch_python_operator_decorator to 2023-08-13T00:00:00+00:00, run_after=2023-08-14T00:00:00+00:00
[2023-08-14T11:08:30.286+0200] {processor.py:179} INFO - Processing /home/akhilesh/py39/lib/python3.9/site-packages/airflow/example_dags/example_branch_operator_decorator.py took 0.070 seconds
[2023-08-14T11:11:15.416+0200] {processor.py:157} INFO - Started process (PID=463726) to work on /home/akhilesh/py39/lib/python3.9/site-packages/airflow/example_dags/example_branch_operator_decorator.py
[2023-08-14T11:11:15.426+0200] {processor.py:826} INFO - Processing file /home/akhilesh/py39/lib/python3.9/site-packages/airflow/example_dags/example_branch_operator_decorator.py for tasks to queue
[2023-08-14T11:11:15.428+0200] {logging_mixin.py:150} INFO - [2023-08-14T11:11:15.427+0200] {dagbag.py:541} INFO - Filling up the DagBag from /home/akhilesh/py39/lib/python3.9/site-packages/airflow/example_dags/example_branch_operator_decorator.py
[2023-08-14T11:11:15.443+0200] {processor.py:836} INFO - DAG(s) dict_keys(['example_branch_python_operator_decorator']) retrieved from /home/akhilesh/py39/lib/python3.9/site-packages/airflow/example_dags/example_branch_operator_decorator.py
[2023-08-14T11:11:15.465+0200] {logging_mixin.py:150} INFO - [2023-08-14T11:11:15.465+0200] {dag.py:2742} INFO - Sync 1 DAGs
[2023-08-14T11:11:15.484+0200] {logging_mixin.py:150} INFO - [2023-08-14T11:11:15.483+0200] {dag.py:3504} INFO - Setting next_dagrun for example_branch_python_operator_decorator to 2023-08-13T00:00:00+00:00, run_after=2023-08-14T00:00:00+00:00
[2023-08-14T11:11:15.510+0200] {processor.py:179} INFO - Processing /home/akhilesh/py39/lib/python3.9/site-packages/airflow/example_dags/example_branch_operator_decorator.py took 0.098 seconds
[2023-08-14T11:12:19.215+0200] {processor.py:157} INFO - Started process (PID=464107) to work on /home/akhilesh/py39/lib/python3.9/site-packages/airflow/example_dags/example_branch_operator_decorator.py
[2023-08-14T11:12:19.224+0200] {processor.py:826} INFO - Processing file /home/akhilesh/py39/lib/python3.9/site-packages/airflow/example_dags/example_branch_operator_decorator.py for tasks to queue
[2023-08-14T11:12:19.225+0200] {logging_mixin.py:150} INFO - [2023-08-14T11:12:19.225+0200] {dagbag.py:541} INFO - Filling up the DagBag from /home/akhilesh/py39/lib/python3.9/site-packages/airflow/example_dags/example_branch_operator_decorator.py
[2023-08-14T11:12:19.237+0200] {processor.py:836} INFO - DAG(s) dict_keys(['example_branch_python_operator_decorator']) retrieved from /home/akhilesh/py39/lib/python3.9/site-packages/airflow/example_dags/example_branch_operator_decorator.py
[2023-08-14T11:12:19.250+0200] {logging_mixin.py:150} INFO - [2023-08-14T11:12:19.250+0200] {dag.py:2742} INFO - Sync 1 DAGs
[2023-08-14T11:12:19.264+0200] {logging_mixin.py:150} INFO - [2023-08-14T11:12:19.264+0200] {dag.py:3504} INFO - Setting next_dagrun for example_branch_python_operator_decorator to 2023-08-13T00:00:00+00:00, run_after=2023-08-14T00:00:00+00:00
[2023-08-14T11:12:19.288+0200] {processor.py:179} INFO - Processing /home/akhilesh/py39/lib/python3.9/site-packages/airflow/example_dags/example_branch_operator_decorator.py took 0.075 seconds
[2023-08-14T11:13:06.691+0200] {processor.py:157} INFO - Started process (PID=464264) to work on /home/akhilesh/py39/lib/python3.9/site-packages/airflow/example_dags/example_branch_operator_decorator.py
[2023-08-14T11:13:06.700+0200] {processor.py:826} INFO - Processing file /home/akhilesh/py39/lib/python3.9/site-packages/airflow/example_dags/example_branch_operator_decorator.py for tasks to queue
[2023-08-14T11:13:06.702+0200] {logging_mixin.py:150} INFO - [2023-08-14T11:13:06.701+0200] {dagbag.py:541} INFO - Filling up the DagBag from /home/akhilesh/py39/lib/python3.9/site-packages/airflow/example_dags/example_branch_operator_decorator.py
[2023-08-14T11:13:06.715+0200] {processor.py:836} INFO - DAG(s) dict_keys(['example_branch_python_operator_decorator']) retrieved from /home/akhilesh/py39/lib/python3.9/site-packages/airflow/example_dags/example_branch_operator_decorator.py
[2023-08-14T11:13:06.740+0200] {logging_mixin.py:150} INFO - [2023-08-14T11:13:06.739+0200] {dag.py:2742} INFO - Sync 1 DAGs
[2023-08-14T11:13:06.757+0200] {logging_mixin.py:150} INFO - [2023-08-14T11:13:06.756+0200] {dag.py:3504} INFO - Setting next_dagrun for example_branch_python_operator_decorator to 2023-08-13T00:00:00+00:00, run_after=2023-08-14T00:00:00+00:00
[2023-08-14T11:13:06.782+0200] {processor.py:179} INFO - Processing /home/akhilesh/py39/lib/python3.9/site-packages/airflow/example_dags/example_branch_operator_decorator.py took 0.095 seconds
[2023-08-14T11:15:44.125+0200] {processor.py:157} INFO - Started process (PID=464934) to work on /home/akhilesh/py39/lib/python3.9/site-packages/airflow/example_dags/example_branch_operator_decorator.py
[2023-08-14T11:15:44.126+0200] {processor.py:826} INFO - Processing file /home/akhilesh/py39/lib/python3.9/site-packages/airflow/example_dags/example_branch_operator_decorator.py for tasks to queue
[2023-08-14T11:15:44.127+0200] {logging_mixin.py:150} INFO - [2023-08-14T11:15:44.127+0200] {dagbag.py:541} INFO - Filling up the DagBag from /home/akhilesh/py39/lib/python3.9/site-packages/airflow/example_dags/example_branch_operator_decorator.py
[2023-08-14T11:15:44.137+0200] {processor.py:836} INFO - DAG(s) dict_keys(['example_branch_python_operator_decorator']) retrieved from /home/akhilesh/py39/lib/python3.9/site-packages/airflow/example_dags/example_branch_operator_decorator.py
[2023-08-14T11:15:44.149+0200] {logging_mixin.py:150} INFO - [2023-08-14T11:15:44.149+0200] {dag.py:2742} INFO - Sync 1 DAGs
[2023-08-14T11:15:44.162+0200] {logging_mixin.py:150} INFO - [2023-08-14T11:15:44.162+0200] {dag.py:3504} INFO - Setting next_dagrun for example_branch_python_operator_decorator to 2023-08-13T00:00:00+00:00, run_after=2023-08-14T00:00:00+00:00
[2023-08-14T11:15:44.185+0200] {processor.py:179} INFO - Processing /home/akhilesh/py39/lib/python3.9/site-packages/airflow/example_dags/example_branch_operator_decorator.py took 0.064 seconds
[2023-08-14T11:16:38.667+0200] {processor.py:157} INFO - Started process (PID=465071) to work on /home/akhilesh/py39/lib/python3.9/site-packages/airflow/example_dags/example_branch_operator_decorator.py
[2023-08-14T11:16:38.676+0200] {processor.py:826} INFO - Processing file /home/akhilesh/py39/lib/python3.9/site-packages/airflow/example_dags/example_branch_operator_decorator.py for tasks to queue
[2023-08-14T11:16:38.677+0200] {logging_mixin.py:150} INFO - [2023-08-14T11:16:38.677+0200] {dagbag.py:541} INFO - Filling up the DagBag from /home/akhilesh/py39/lib/python3.9/site-packages/airflow/example_dags/example_branch_operator_decorator.py
[2023-08-14T11:16:38.691+0200] {processor.py:836} INFO - DAG(s) dict_keys(['example_branch_python_operator_decorator']) retrieved from /home/akhilesh/py39/lib/python3.9/site-packages/airflow/example_dags/example_branch_operator_decorator.py
[2023-08-14T11:16:38.712+0200] {logging_mixin.py:150} INFO - [2023-08-14T11:16:38.711+0200] {dag.py:2742} INFO - Sync 1 DAGs
[2023-08-14T11:16:38.733+0200] {logging_mixin.py:150} INFO - [2023-08-14T11:16:38.733+0200] {dag.py:3504} INFO - Setting next_dagrun for example_branch_python_operator_decorator to 2023-08-13T00:00:00+00:00, run_after=2023-08-14T00:00:00+00:00
[2023-08-14T11:16:38.767+0200] {processor.py:179} INFO - Processing /home/akhilesh/py39/lib/python3.9/site-packages/airflow/example_dags/example_branch_operator_decorator.py took 0.105 seconds
[2023-08-14T11:17:33.261+0200] {processor.py:157} INFO - Started process (PID=465252) to work on /home/akhilesh/py39/lib/python3.9/site-packages/airflow/example_dags/example_branch_operator_decorator.py
[2023-08-14T11:17:33.270+0200] {processor.py:826} INFO - Processing file /home/akhilesh/py39/lib/python3.9/site-packages/airflow/example_dags/example_branch_operator_decorator.py for tasks to queue
[2023-08-14T11:17:33.272+0200] {logging_mixin.py:150} INFO - [2023-08-14T11:17:33.271+0200] {dagbag.py:541} INFO - Filling up the DagBag from /home/akhilesh/py39/lib/python3.9/site-packages/airflow/example_dags/example_branch_operator_decorator.py
[2023-08-14T11:17:33.283+0200] {processor.py:836} INFO - DAG(s) dict_keys(['example_branch_python_operator_decorator']) retrieved from /home/akhilesh/py39/lib/python3.9/site-packages/airflow/example_dags/example_branch_operator_decorator.py
[2023-08-14T11:17:33.299+0200] {logging_mixin.py:150} INFO - [2023-08-14T11:17:33.299+0200] {dag.py:2742} INFO - Sync 1 DAGs
[2023-08-14T11:17:33.314+0200] {logging_mixin.py:150} INFO - [2023-08-14T11:17:33.313+0200] {dag.py:3504} INFO - Setting next_dagrun for example_branch_python_operator_decorator to 2023-08-13T00:00:00+00:00, run_after=2023-08-14T00:00:00+00:00
[2023-08-14T11:17:33.341+0200] {processor.py:179} INFO - Processing /home/akhilesh/py39/lib/python3.9/site-packages/airflow/example_dags/example_branch_operator_decorator.py took 0.085 seconds
[2023-08-14T11:18:25.975+0200] {processor.py:157} INFO - Started process (PID=465380) to work on /home/akhilesh/py39/lib/python3.9/site-packages/airflow/example_dags/example_branch_operator_decorator.py
[2023-08-14T11:18:25.983+0200] {processor.py:826} INFO - Processing file /home/akhilesh/py39/lib/python3.9/site-packages/airflow/example_dags/example_branch_operator_decorator.py for tasks to queue
[2023-08-14T11:18:25.984+0200] {logging_mixin.py:150} INFO - [2023-08-14T11:18:25.984+0200] {dagbag.py:541} INFO - Filling up the DagBag from /home/akhilesh/py39/lib/python3.9/site-packages/airflow/example_dags/example_branch_operator_decorator.py
[2023-08-14T11:18:25.997+0200] {processor.py:836} INFO - DAG(s) dict_keys(['example_branch_python_operator_decorator']) retrieved from /home/akhilesh/py39/lib/python3.9/site-packages/airflow/example_dags/example_branch_operator_decorator.py
[2023-08-14T11:18:26.013+0200] {logging_mixin.py:150} INFO - [2023-08-14T11:18:26.012+0200] {dag.py:2742} INFO - Sync 1 DAGs
[2023-08-14T11:18:26.026+0200] {logging_mixin.py:150} INFO - [2023-08-14T11:18:26.026+0200] {dag.py:3504} INFO - Setting next_dagrun for example_branch_python_operator_decorator to 2023-08-13T00:00:00+00:00, run_after=2023-08-14T00:00:00+00:00
[2023-08-14T11:18:26.053+0200] {processor.py:179} INFO - Processing /home/akhilesh/py39/lib/python3.9/site-packages/airflow/example_dags/example_branch_operator_decorator.py took 0.083 seconds
[2023-08-14T11:19:16.530+0200] {processor.py:157} INFO - Started process (PID=465680) to work on /home/akhilesh/py39/lib/python3.9/site-packages/airflow/example_dags/example_branch_operator_decorator.py
[2023-08-14T11:19:16.532+0200] {processor.py:826} INFO - Processing file /home/akhilesh/py39/lib/python3.9/site-packages/airflow/example_dags/example_branch_operator_decorator.py for tasks to queue
[2023-08-14T11:19:16.533+0200] {logging_mixin.py:150} INFO - [2023-08-14T11:19:16.533+0200] {dagbag.py:541} INFO - Filling up the DagBag from /home/akhilesh/py39/lib/python3.9/site-packages/airflow/example_dags/example_branch_operator_decorator.py
[2023-08-14T11:19:16.541+0200] {processor.py:836} INFO - DAG(s) dict_keys(['example_branch_python_operator_decorator']) retrieved from /home/akhilesh/py39/lib/python3.9/site-packages/airflow/example_dags/example_branch_operator_decorator.py
[2023-08-14T11:19:16.555+0200] {logging_mixin.py:150} INFO - [2023-08-14T11:19:16.555+0200] {dag.py:2742} INFO - Sync 1 DAGs
[2023-08-14T11:19:16.569+0200] {logging_mixin.py:150} INFO - [2023-08-14T11:19:16.568+0200] {dag.py:3504} INFO - Setting next_dagrun for example_branch_python_operator_decorator to 2023-08-13T00:00:00+00:00, run_after=2023-08-14T00:00:00+00:00
[2023-08-14T11:19:16.598+0200] {processor.py:179} INFO - Processing /home/akhilesh/py39/lib/python3.9/site-packages/airflow/example_dags/example_branch_operator_decorator.py took 0.071 seconds
[2023-08-14T11:21:01.632+0200] {processor.py:157} INFO - Started process (PID=466030) to work on /home/akhilesh/py39/lib/python3.9/site-packages/airflow/example_dags/example_branch_operator_decorator.py
[2023-08-14T11:21:01.641+0200] {processor.py:826} INFO - Processing file /home/akhilesh/py39/lib/python3.9/site-packages/airflow/example_dags/example_branch_operator_decorator.py for tasks to queue
[2023-08-14T11:21:01.642+0200] {logging_mixin.py:150} INFO - [2023-08-14T11:21:01.642+0200] {dagbag.py:541} INFO - Filling up the DagBag from /home/akhilesh/py39/lib/python3.9/site-packages/airflow/example_dags/example_branch_operator_decorator.py
[2023-08-14T11:21:01.652+0200] {processor.py:836} INFO - DAG(s) dict_keys(['example_branch_python_operator_decorator']) retrieved from /home/akhilesh/py39/lib/python3.9/site-packages/airflow/example_dags/example_branch_operator_decorator.py
[2023-08-14T11:21:01.666+0200] {logging_mixin.py:150} INFO - [2023-08-14T11:21:01.666+0200] {dag.py:2742} INFO - Sync 1 DAGs
[2023-08-14T11:21:01.678+0200] {logging_mixin.py:150} INFO - [2023-08-14T11:21:01.678+0200] {dag.py:3504} INFO - Setting next_dagrun for example_branch_python_operator_decorator to 2023-08-13T00:00:00+00:00, run_after=2023-08-14T00:00:00+00:00
[2023-08-14T11:21:01.711+0200] {processor.py:179} INFO - Processing /home/akhilesh/py39/lib/python3.9/site-packages/airflow/example_dags/example_branch_operator_decorator.py took 0.083 seconds
[2023-08-14T11:21:47.308+0200] {processor.py:157} INFO - Started process (PID=466165) to work on /home/akhilesh/py39/lib/python3.9/site-packages/airflow/example_dags/example_branch_operator_decorator.py
[2023-08-14T11:21:47.317+0200] {processor.py:826} INFO - Processing file /home/akhilesh/py39/lib/python3.9/site-packages/airflow/example_dags/example_branch_operator_decorator.py for tasks to queue
[2023-08-14T11:21:47.318+0200] {logging_mixin.py:150} INFO - [2023-08-14T11:21:47.317+0200] {dagbag.py:541} INFO - Filling up the DagBag from /home/akhilesh/py39/lib/python3.9/site-packages/airflow/example_dags/example_branch_operator_decorator.py
[2023-08-14T11:21:47.329+0200] {processor.py:836} INFO - DAG(s) dict_keys(['example_branch_python_operator_decorator']) retrieved from /home/akhilesh/py39/lib/python3.9/site-packages/airflow/example_dags/example_branch_operator_decorator.py
[2023-08-14T11:21:47.343+0200] {logging_mixin.py:150} INFO - [2023-08-14T11:21:47.343+0200] {dag.py:2742} INFO - Sync 1 DAGs
[2023-08-14T11:21:47.357+0200] {logging_mixin.py:150} INFO - [2023-08-14T11:21:47.356+0200] {dag.py:3504} INFO - Setting next_dagrun for example_branch_python_operator_decorator to 2023-08-13T00:00:00+00:00, run_after=2023-08-14T00:00:00+00:00
[2023-08-14T11:21:47.386+0200] {processor.py:179} INFO - Processing /home/akhilesh/py39/lib/python3.9/site-packages/airflow/example_dags/example_branch_operator_decorator.py took 0.082 seconds
[2023-08-14T11:22:42.574+0200] {processor.py:157} INFO - Started process (PID=466321) to work on /home/akhilesh/py39/lib/python3.9/site-packages/airflow/example_dags/example_branch_operator_decorator.py
[2023-08-14T11:22:42.583+0200] {processor.py:826} INFO - Processing file /home/akhilesh/py39/lib/python3.9/site-packages/airflow/example_dags/example_branch_operator_decorator.py for tasks to queue
[2023-08-14T11:22:42.584+0200] {logging_mixin.py:150} INFO - [2023-08-14T11:22:42.584+0200] {dagbag.py:541} INFO - Filling up the DagBag from /home/akhilesh/py39/lib/python3.9/site-packages/airflow/example_dags/example_branch_operator_decorator.py
[2023-08-14T11:22:42.596+0200] {processor.py:836} INFO - DAG(s) dict_keys(['example_branch_python_operator_decorator']) retrieved from /home/akhilesh/py39/lib/python3.9/site-packages/airflow/example_dags/example_branch_operator_decorator.py
[2023-08-14T11:22:42.613+0200] {logging_mixin.py:150} INFO - [2023-08-14T11:22:42.613+0200] {dag.py:2742} INFO - Sync 1 DAGs
[2023-08-14T11:22:42.627+0200] {logging_mixin.py:150} INFO - [2023-08-14T11:22:42.627+0200] {dag.py:3504} INFO - Setting next_dagrun for example_branch_python_operator_decorator to 2023-08-13T00:00:00+00:00, run_after=2023-08-14T00:00:00+00:00
[2023-08-14T11:22:42.651+0200] {processor.py:179} INFO - Processing /home/akhilesh/py39/lib/python3.9/site-packages/airflow/example_dags/example_branch_operator_decorator.py took 0.081 seconds
[2023-08-14T11:23:34.349+0200] {processor.py:157} INFO - Started process (PID=467011) to work on /home/akhilesh/py39/lib/python3.9/site-packages/airflow/example_dags/example_branch_operator_decorator.py
[2023-08-14T11:23:34.358+0200] {processor.py:826} INFO - Processing file /home/akhilesh/py39/lib/python3.9/site-packages/airflow/example_dags/example_branch_operator_decorator.py for tasks to queue
[2023-08-14T11:23:34.359+0200] {logging_mixin.py:150} INFO - [2023-08-14T11:23:34.359+0200] {dagbag.py:541} INFO - Filling up the DagBag from /home/akhilesh/py39/lib/python3.9/site-packages/airflow/example_dags/example_branch_operator_decorator.py
[2023-08-14T11:23:34.369+0200] {processor.py:836} INFO - DAG(s) dict_keys(['example_branch_python_operator_decorator']) retrieved from /home/akhilesh/py39/lib/python3.9/site-packages/airflow/example_dags/example_branch_operator_decorator.py
[2023-08-14T11:23:34.385+0200] {logging_mixin.py:150} INFO - [2023-08-14T11:23:34.385+0200] {dag.py:2742} INFO - Sync 1 DAGs
[2023-08-14T11:23:34.398+0200] {logging_mixin.py:150} INFO - [2023-08-14T11:23:34.398+0200] {dag.py:3504} INFO - Setting next_dagrun for example_branch_python_operator_decorator to 2023-08-13T00:00:00+00:00, run_after=2023-08-14T00:00:00+00:00
[2023-08-14T11:23:34.426+0200] {processor.py:179} INFO - Processing /home/akhilesh/py39/lib/python3.9/site-packages/airflow/example_dags/example_branch_operator_decorator.py took 0.081 seconds
[2023-08-14T11:24:22.847+0200] {processor.py:157} INFO - Started process (PID=467201) to work on /home/akhilesh/py39/lib/python3.9/site-packages/airflow/example_dags/example_branch_operator_decorator.py
[2023-08-14T11:24:22.856+0200] {processor.py:826} INFO - Processing file /home/akhilesh/py39/lib/python3.9/site-packages/airflow/example_dags/example_branch_operator_decorator.py for tasks to queue
[2023-08-14T11:24:22.858+0200] {logging_mixin.py:150} INFO - [2023-08-14T11:24:22.857+0200] {dagbag.py:541} INFO - Filling up the DagBag from /home/akhilesh/py39/lib/python3.9/site-packages/airflow/example_dags/example_branch_operator_decorator.py
[2023-08-14T11:24:22.871+0200] {processor.py:836} INFO - DAG(s) dict_keys(['example_branch_python_operator_decorator']) retrieved from /home/akhilesh/py39/lib/python3.9/site-packages/airflow/example_dags/example_branch_operator_decorator.py
[2023-08-14T11:24:22.913+0200] {logging_mixin.py:150} INFO - [2023-08-14T11:24:22.912+0200] {dag.py:2742} INFO - Sync 1 DAGs
[2023-08-14T11:24:22.938+0200] {logging_mixin.py:150} INFO - [2023-08-14T11:24:22.937+0200] {dag.py:3504} INFO - Setting next_dagrun for example_branch_python_operator_decorator to 2023-08-13T00:00:00+00:00, run_after=2023-08-14T00:00:00+00:00
[2023-08-14T11:24:22.977+0200] {processor.py:179} INFO - Processing /home/akhilesh/py39/lib/python3.9/site-packages/airflow/example_dags/example_branch_operator_decorator.py took 0.134 seconds
[2023-08-14T11:25:14.086+0200] {processor.py:157} INFO - Started process (PID=467595) to work on /home/akhilesh/py39/lib/python3.9/site-packages/airflow/example_dags/example_branch_operator_decorator.py
[2023-08-14T11:25:14.095+0200] {processor.py:826} INFO - Processing file /home/akhilesh/py39/lib/python3.9/site-packages/airflow/example_dags/example_branch_operator_decorator.py for tasks to queue
[2023-08-14T11:25:14.097+0200] {logging_mixin.py:150} INFO - [2023-08-14T11:25:14.096+0200] {dagbag.py:541} INFO - Filling up the DagBag from /home/akhilesh/py39/lib/python3.9/site-packages/airflow/example_dags/example_branch_operator_decorator.py
[2023-08-14T11:25:14.108+0200] {processor.py:836} INFO - DAG(s) dict_keys(['example_branch_python_operator_decorator']) retrieved from /home/akhilesh/py39/lib/python3.9/site-packages/airflow/example_dags/example_branch_operator_decorator.py
[2023-08-14T11:25:14.125+0200] {logging_mixin.py:150} INFO - [2023-08-14T11:25:14.125+0200] {dag.py:2742} INFO - Sync 1 DAGs
[2023-08-14T11:25:14.140+0200] {logging_mixin.py:150} INFO - [2023-08-14T11:25:14.139+0200] {dag.py:3504} INFO - Setting next_dagrun for example_branch_python_operator_decorator to 2023-08-13T00:00:00+00:00, run_after=2023-08-14T00:00:00+00:00
[2023-08-14T11:25:14.170+0200] {processor.py:179} INFO - Processing /home/akhilesh/py39/lib/python3.9/site-packages/airflow/example_dags/example_branch_operator_decorator.py took 0.089 seconds
