[2023-08-14T10:22:28.089+0200] {processor.py:157} INFO - Started process (PID=453424) to work on /home/akhilesh/py39/lib/python3.9/site-packages/airflow/example_dags/example_latest_only_with_trigger.py
[2023-08-14T10:22:28.090+0200] {processor.py:826} INFO - Processing file /home/akhilesh/py39/lib/python3.9/site-packages/airflow/example_dags/example_latest_only_with_trigger.py for tasks to queue
[2023-08-14T10:22:28.092+0200] {logging_mixin.py:150} INFO - [2023-08-14T10:22:28.091+0200] {dagbag.py:541} INFO - Filling up the DagBag from /home/akhilesh/py39/lib/python3.9/site-packages/airflow/example_dags/example_latest_only_with_trigger.py
[2023-08-14T10:22:28.098+0200] {processor.py:836} INFO - DAG(s) dict_keys(['latest_only_with_trigger']) retrieved from /home/akhilesh/py39/lib/python3.9/site-packages/airflow/example_dags/example_latest_only_with_trigger.py
[2023-08-14T10:22:28.114+0200] {logging_mixin.py:150} INFO - [2023-08-14T10:22:28.114+0200] {dag.py:2742} INFO - Sync 1 DAGs
[2023-08-14T10:22:28.129+0200] {logging_mixin.py:150} INFO - [2023-08-14T10:22:28.129+0200] {dag.py:3504} INFO - Setting next_dagrun for latest_only_with_trigger to 2023-08-14T04:22:28.129277+00:00, run_after=2023-08-14T08:22:28.129277+00:00
[2023-08-14T10:22:28.167+0200] {processor.py:179} INFO - Processing /home/akhilesh/py39/lib/python3.9/site-packages/airflow/example_dags/example_latest_only_with_trigger.py took 0.081 seconds
[2023-08-14T10:23:14.893+0200] {processor.py:157} INFO - Started process (PID=453569) to work on /home/akhilesh/py39/lib/python3.9/site-packages/airflow/example_dags/example_latest_only_with_trigger.py
[2023-08-14T10:23:14.902+0200] {processor.py:826} INFO - Processing file /home/akhilesh/py39/lib/python3.9/site-packages/airflow/example_dags/example_latest_only_with_trigger.py for tasks to queue
[2023-08-14T10:23:14.904+0200] {logging_mixin.py:150} INFO - [2023-08-14T10:23:14.903+0200] {dagbag.py:541} INFO - Filling up the DagBag from /home/akhilesh/py39/lib/python3.9/site-packages/airflow/example_dags/example_latest_only_with_trigger.py
[2023-08-14T10:23:14.913+0200] {processor.py:836} INFO - DAG(s) dict_keys(['latest_only_with_trigger']) retrieved from /home/akhilesh/py39/lib/python3.9/site-packages/airflow/example_dags/example_latest_only_with_trigger.py
[2023-08-14T10:23:14.930+0200] {logging_mixin.py:150} INFO - [2023-08-14T10:23:14.930+0200] {dag.py:2742} INFO - Sync 1 DAGs
[2023-08-14T10:23:14.945+0200] {logging_mixin.py:150} INFO - [2023-08-14T10:23:14.945+0200] {dag.py:3504} INFO - Setting next_dagrun for latest_only_with_trigger to 2023-08-14T04:23:14.944844+00:00, run_after=2023-08-14T08:23:14.944844+00:00
[2023-08-14T10:23:15.085+0200] {processor.py:179} INFO - Processing /home/akhilesh/py39/lib/python3.9/site-packages/airflow/example_dags/example_latest_only_with_trigger.py took 0.196 seconds
[2023-08-14T10:24:12.921+0200] {processor.py:157} INFO - Started process (PID=453859) to work on /home/akhilesh/py39/lib/python3.9/site-packages/airflow/example_dags/example_latest_only_with_trigger.py
[2023-08-14T10:24:12.929+0200] {processor.py:826} INFO - Processing file /home/akhilesh/py39/lib/python3.9/site-packages/airflow/example_dags/example_latest_only_with_trigger.py for tasks to queue
[2023-08-14T10:24:12.931+0200] {logging_mixin.py:150} INFO - [2023-08-14T10:24:12.930+0200] {dagbag.py:541} INFO - Filling up the DagBag from /home/akhilesh/py39/lib/python3.9/site-packages/airflow/example_dags/example_latest_only_with_trigger.py
[2023-08-14T10:24:12.939+0200] {processor.py:836} INFO - DAG(s) dict_keys(['latest_only_with_trigger']) retrieved from /home/akhilesh/py39/lib/python3.9/site-packages/airflow/example_dags/example_latest_only_with_trigger.py
[2023-08-14T10:24:12.955+0200] {logging_mixin.py:150} INFO - [2023-08-14T10:24:12.954+0200] {dag.py:2742} INFO - Sync 1 DAGs
[2023-08-14T10:24:12.970+0200] {logging_mixin.py:150} INFO - [2023-08-14T10:24:12.969+0200] {dag.py:3504} INFO - Setting next_dagrun for latest_only_with_trigger to 2023-08-14T04:24:12.969667+00:00, run_after=2023-08-14T08:24:12.969667+00:00
[2023-08-14T10:24:12.992+0200] {processor.py:179} INFO - Processing /home/akhilesh/py39/lib/python3.9/site-packages/airflow/example_dags/example_latest_only_with_trigger.py took 0.075 seconds
[2023-08-14T10:25:17.814+0200] {processor.py:157} INFO - Started process (PID=454079) to work on /home/akhilesh/py39/lib/python3.9/site-packages/airflow/example_dags/example_latest_only_with_trigger.py
[2023-08-14T10:25:17.815+0200] {processor.py:826} INFO - Processing file /home/akhilesh/py39/lib/python3.9/site-packages/airflow/example_dags/example_latest_only_with_trigger.py for tasks to queue
[2023-08-14T10:25:17.815+0200] {logging_mixin.py:150} INFO - [2023-08-14T10:25:17.815+0200] {dagbag.py:541} INFO - Filling up the DagBag from /home/akhilesh/py39/lib/python3.9/site-packages/airflow/example_dags/example_latest_only_with_trigger.py
[2023-08-14T10:25:17.820+0200] {processor.py:836} INFO - DAG(s) dict_keys(['latest_only_with_trigger']) retrieved from /home/akhilesh/py39/lib/python3.9/site-packages/airflow/example_dags/example_latest_only_with_trigger.py
[2023-08-14T10:25:17.835+0200] {logging_mixin.py:150} INFO - [2023-08-14T10:25:17.835+0200] {dag.py:2742} INFO - Sync 1 DAGs
[2023-08-14T10:25:18.016+0200] {logging_mixin.py:150} INFO - [2023-08-14T10:25:18.016+0200] {dag.py:3504} INFO - Setting next_dagrun for latest_only_with_trigger to 2023-08-14T04:25:18.016026+00:00, run_after=2023-08-14T08:25:18.016026+00:00
[2023-08-14T10:25:18.049+0200] {processor.py:179} INFO - Processing /home/akhilesh/py39/lib/python3.9/site-packages/airflow/example_dags/example_latest_only_with_trigger.py took 0.239 seconds
[2023-08-14T10:26:07.072+0200] {processor.py:157} INFO - Started process (PID=454231) to work on /home/akhilesh/py39/lib/python3.9/site-packages/airflow/example_dags/example_latest_only_with_trigger.py
[2023-08-14T10:26:07.073+0200] {processor.py:826} INFO - Processing file /home/akhilesh/py39/lib/python3.9/site-packages/airflow/example_dags/example_latest_only_with_trigger.py for tasks to queue
[2023-08-14T10:26:07.075+0200] {logging_mixin.py:150} INFO - [2023-08-14T10:26:07.074+0200] {dagbag.py:541} INFO - Filling up the DagBag from /home/akhilesh/py39/lib/python3.9/site-packages/airflow/example_dags/example_latest_only_with_trigger.py
[2023-08-14T10:26:07.081+0200] {processor.py:836} INFO - DAG(s) dict_keys(['latest_only_with_trigger']) retrieved from /home/akhilesh/py39/lib/python3.9/site-packages/airflow/example_dags/example_latest_only_with_trigger.py
[2023-08-14T10:26:07.097+0200] {logging_mixin.py:150} INFO - [2023-08-14T10:26:07.097+0200] {dag.py:2742} INFO - Sync 1 DAGs
[2023-08-14T10:26:07.113+0200] {logging_mixin.py:150} INFO - [2023-08-14T10:26:07.113+0200] {dag.py:3504} INFO - Setting next_dagrun for latest_only_with_trigger to 2023-08-14T04:26:07.113474+00:00, run_after=2023-08-14T08:26:07.113474+00:00
[2023-08-14T10:26:07.140+0200] {processor.py:179} INFO - Processing /home/akhilesh/py39/lib/python3.9/site-packages/airflow/example_dags/example_latest_only_with_trigger.py took 0.072 seconds
[2023-08-14T10:27:06.152+0200] {processor.py:157} INFO - Started process (PID=454551) to work on /home/akhilesh/py39/lib/python3.9/site-packages/airflow/example_dags/example_latest_only_with_trigger.py
[2023-08-14T10:27:06.162+0200] {processor.py:826} INFO - Processing file /home/akhilesh/py39/lib/python3.9/site-packages/airflow/example_dags/example_latest_only_with_trigger.py for tasks to queue
[2023-08-14T10:27:06.163+0200] {logging_mixin.py:150} INFO - [2023-08-14T10:27:06.163+0200] {dagbag.py:541} INFO - Filling up the DagBag from /home/akhilesh/py39/lib/python3.9/site-packages/airflow/example_dags/example_latest_only_with_trigger.py
[2023-08-14T10:27:06.172+0200] {processor.py:836} INFO - DAG(s) dict_keys(['latest_only_with_trigger']) retrieved from /home/akhilesh/py39/lib/python3.9/site-packages/airflow/example_dags/example_latest_only_with_trigger.py
[2023-08-14T10:27:06.282+0200] {logging_mixin.py:150} INFO - [2023-08-14T10:27:06.282+0200] {dag.py:2742} INFO - Sync 1 DAGs
[2023-08-14T10:27:06.296+0200] {logging_mixin.py:150} INFO - [2023-08-14T10:27:06.295+0200] {dag.py:3504} INFO - Setting next_dagrun for latest_only_with_trigger to 2023-08-14T04:27:06.295486+00:00, run_after=2023-08-14T08:27:06.295486+00:00
[2023-08-14T10:27:06.325+0200] {processor.py:179} INFO - Processing /home/akhilesh/py39/lib/python3.9/site-packages/airflow/example_dags/example_latest_only_with_trigger.py took 0.177 seconds
[2023-08-14T10:28:02.308+0200] {processor.py:157} INFO - Started process (PID=454914) to work on /home/akhilesh/py39/lib/python3.9/site-packages/airflow/example_dags/example_latest_only_with_trigger.py
[2023-08-14T10:28:02.309+0200] {processor.py:826} INFO - Processing file /home/akhilesh/py39/lib/python3.9/site-packages/airflow/example_dags/example_latest_only_with_trigger.py for tasks to queue
[2023-08-14T10:28:02.310+0200] {logging_mixin.py:150} INFO - [2023-08-14T10:28:02.310+0200] {dagbag.py:541} INFO - Filling up the DagBag from /home/akhilesh/py39/lib/python3.9/site-packages/airflow/example_dags/example_latest_only_with_trigger.py
[2023-08-14T10:28:02.316+0200] {processor.py:836} INFO - DAG(s) dict_keys(['latest_only_with_trigger']) retrieved from /home/akhilesh/py39/lib/python3.9/site-packages/airflow/example_dags/example_latest_only_with_trigger.py
[2023-08-14T10:28:02.328+0200] {logging_mixin.py:150} INFO - [2023-08-14T10:28:02.328+0200] {dag.py:2742} INFO - Sync 1 DAGs
[2023-08-14T10:28:02.419+0200] {logging_mixin.py:150} INFO - [2023-08-14T10:28:02.419+0200] {dag.py:3504} INFO - Setting next_dagrun for latest_only_with_trigger to 2023-08-14T04:28:02.418999+00:00, run_after=2023-08-14T08:28:02.418999+00:00
[2023-08-14T10:28:02.449+0200] {processor.py:179} INFO - Processing /home/akhilesh/py39/lib/python3.9/site-packages/airflow/example_dags/example_latest_only_with_trigger.py took 0.144 seconds
[2023-08-14T10:29:05.334+0200] {processor.py:157} INFO - Started process (PID=455121) to work on /home/akhilesh/py39/lib/python3.9/site-packages/airflow/example_dags/example_latest_only_with_trigger.py
[2023-08-14T10:29:05.343+0200] {processor.py:826} INFO - Processing file /home/akhilesh/py39/lib/python3.9/site-packages/airflow/example_dags/example_latest_only_with_trigger.py for tasks to queue
[2023-08-14T10:29:05.344+0200] {logging_mixin.py:150} INFO - [2023-08-14T10:29:05.344+0200] {dagbag.py:541} INFO - Filling up the DagBag from /home/akhilesh/py39/lib/python3.9/site-packages/airflow/example_dags/example_latest_only_with_trigger.py
[2023-08-14T10:29:05.353+0200] {processor.py:836} INFO - DAG(s) dict_keys(['latest_only_with_trigger']) retrieved from /home/akhilesh/py39/lib/python3.9/site-packages/airflow/example_dags/example_latest_only_with_trigger.py
[2023-08-14T10:29:05.371+0200] {logging_mixin.py:150} INFO - [2023-08-14T10:29:05.370+0200] {dag.py:2742} INFO - Sync 1 DAGs
[2023-08-14T10:29:05.391+0200] {logging_mixin.py:150} INFO - [2023-08-14T10:29:05.391+0200] {dag.py:3504} INFO - Setting next_dagrun for latest_only_with_trigger to 2023-08-14T04:29:05.391287+00:00, run_after=2023-08-14T08:29:05.391287+00:00
[2023-08-14T10:29:05.439+0200] {processor.py:179} INFO - Processing /home/akhilesh/py39/lib/python3.9/site-packages/airflow/example_dags/example_latest_only_with_trigger.py took 0.109 seconds
[2023-08-14T10:29:52.399+0200] {processor.py:157} INFO - Started process (PID=455244) to work on /home/akhilesh/py39/lib/python3.9/site-packages/airflow/example_dags/example_latest_only_with_trigger.py
[2023-08-14T10:29:52.400+0200] {processor.py:826} INFO - Processing file /home/akhilesh/py39/lib/python3.9/site-packages/airflow/example_dags/example_latest_only_with_trigger.py for tasks to queue
[2023-08-14T10:29:52.402+0200] {logging_mixin.py:150} INFO - [2023-08-14T10:29:52.401+0200] {dagbag.py:541} INFO - Filling up the DagBag from /home/akhilesh/py39/lib/python3.9/site-packages/airflow/example_dags/example_latest_only_with_trigger.py
[2023-08-14T10:29:52.407+0200] {processor.py:836} INFO - DAG(s) dict_keys(['latest_only_with_trigger']) retrieved from /home/akhilesh/py39/lib/python3.9/site-packages/airflow/example_dags/example_latest_only_with_trigger.py
[2023-08-14T10:29:52.422+0200] {logging_mixin.py:150} INFO - [2023-08-14T10:29:52.422+0200] {dag.py:2742} INFO - Sync 1 DAGs
[2023-08-14T10:29:52.552+0200] {logging_mixin.py:150} INFO - [2023-08-14T10:29:52.551+0200] {dag.py:3504} INFO - Setting next_dagrun for latest_only_with_trigger to 2023-08-14T04:29:52.551669+00:00, run_after=2023-08-14T08:29:52.551669+00:00
[2023-08-14T10:29:52.583+0200] {processor.py:179} INFO - Processing /home/akhilesh/py39/lib/python3.9/site-packages/airflow/example_dags/example_latest_only_with_trigger.py took 0.188 seconds
[2023-08-14T10:30:42.361+0200] {processor.py:157} INFO - Started process (PID=455420) to work on /home/akhilesh/py39/lib/python3.9/site-packages/airflow/example_dags/example_latest_only_with_trigger.py
[2023-08-14T10:30:42.370+0200] {processor.py:826} INFO - Processing file /home/akhilesh/py39/lib/python3.9/site-packages/airflow/example_dags/example_latest_only_with_trigger.py for tasks to queue
[2023-08-14T10:30:42.371+0200] {logging_mixin.py:150} INFO - [2023-08-14T10:30:42.371+0200] {dagbag.py:541} INFO - Filling up the DagBag from /home/akhilesh/py39/lib/python3.9/site-packages/airflow/example_dags/example_latest_only_with_trigger.py
[2023-08-14T10:30:42.377+0200] {processor.py:836} INFO - DAG(s) dict_keys(['latest_only_with_trigger']) retrieved from /home/akhilesh/py39/lib/python3.9/site-packages/airflow/example_dags/example_latest_only_with_trigger.py
[2023-08-14T10:30:42.392+0200] {logging_mixin.py:150} INFO - [2023-08-14T10:30:42.391+0200] {dag.py:2742} INFO - Sync 1 DAGs
[2023-08-14T10:30:42.407+0200] {logging_mixin.py:150} INFO - [2023-08-14T10:30:42.407+0200] {dag.py:3504} INFO - Setting next_dagrun for latest_only_with_trigger to 2023-08-14T04:30:42.407481+00:00, run_after=2023-08-14T08:30:42.407481+00:00
[2023-08-14T10:30:42.432+0200] {processor.py:179} INFO - Processing /home/akhilesh/py39/lib/python3.9/site-packages/airflow/example_dags/example_latest_only_with_trigger.py took 0.074 seconds
[2023-08-14T10:31:35.912+0200] {processor.py:157} INFO - Started process (PID=455548) to work on /home/akhilesh/py39/lib/python3.9/site-packages/airflow/example_dags/example_latest_only_with_trigger.py
[2023-08-14T10:31:35.921+0200] {processor.py:826} INFO - Processing file /home/akhilesh/py39/lib/python3.9/site-packages/airflow/example_dags/example_latest_only_with_trigger.py for tasks to queue
[2023-08-14T10:31:35.923+0200] {logging_mixin.py:150} INFO - [2023-08-14T10:31:35.922+0200] {dagbag.py:541} INFO - Filling up the DagBag from /home/akhilesh/py39/lib/python3.9/site-packages/airflow/example_dags/example_latest_only_with_trigger.py
[2023-08-14T10:31:35.932+0200] {processor.py:836} INFO - DAG(s) dict_keys(['latest_only_with_trigger']) retrieved from /home/akhilesh/py39/lib/python3.9/site-packages/airflow/example_dags/example_latest_only_with_trigger.py
[2023-08-14T10:31:35.949+0200] {logging_mixin.py:150} INFO - [2023-08-14T10:31:35.949+0200] {dag.py:2742} INFO - Sync 1 DAGs
[2023-08-14T10:31:35.964+0200] {logging_mixin.py:150} INFO - [2023-08-14T10:31:35.964+0200] {dag.py:3504} INFO - Setting next_dagrun for latest_only_with_trigger to 2023-08-14T04:31:35.964054+00:00, run_after=2023-08-14T08:31:35.964054+00:00
[2023-08-14T10:31:35.988+0200] {processor.py:179} INFO - Processing /home/akhilesh/py39/lib/python3.9/site-packages/airflow/example_dags/example_latest_only_with_trigger.py took 0.080 seconds
[2023-08-14T10:32:24.259+0200] {processor.py:157} INFO - Started process (PID=455829) to work on /home/akhilesh/py39/lib/python3.9/site-packages/airflow/example_dags/example_latest_only_with_trigger.py
[2023-08-14T10:32:24.268+0200] {processor.py:826} INFO - Processing file /home/akhilesh/py39/lib/python3.9/site-packages/airflow/example_dags/example_latest_only_with_trigger.py for tasks to queue
[2023-08-14T10:32:24.269+0200] {logging_mixin.py:150} INFO - [2023-08-14T10:32:24.269+0200] {dagbag.py:541} INFO - Filling up the DagBag from /home/akhilesh/py39/lib/python3.9/site-packages/airflow/example_dags/example_latest_only_with_trigger.py
[2023-08-14T10:32:24.277+0200] {processor.py:836} INFO - DAG(s) dict_keys(['latest_only_with_trigger']) retrieved from /home/akhilesh/py39/lib/python3.9/site-packages/airflow/example_dags/example_latest_only_with_trigger.py
[2023-08-14T10:32:24.292+0200] {logging_mixin.py:150} INFO - [2023-08-14T10:32:24.291+0200] {dag.py:2742} INFO - Sync 1 DAGs
[2023-08-14T10:32:24.306+0200] {logging_mixin.py:150} INFO - [2023-08-14T10:32:24.306+0200] {dag.py:3504} INFO - Setting next_dagrun for latest_only_with_trigger to 2023-08-14T04:32:24.306470+00:00, run_after=2023-08-14T08:32:24.306470+00:00
[2023-08-14T10:32:24.330+0200] {processor.py:179} INFO - Processing /home/akhilesh/py39/lib/python3.9/site-packages/airflow/example_dags/example_latest_only_with_trigger.py took 0.075 seconds
[2023-08-14T10:33:16.056+0200] {processor.py:157} INFO - Started process (PID=455977) to work on /home/akhilesh/py39/lib/python3.9/site-packages/airflow/example_dags/example_latest_only_with_trigger.py
[2023-08-14T10:33:16.065+0200] {processor.py:826} INFO - Processing file /home/akhilesh/py39/lib/python3.9/site-packages/airflow/example_dags/example_latest_only_with_trigger.py for tasks to queue
[2023-08-14T10:33:16.067+0200] {logging_mixin.py:150} INFO - [2023-08-14T10:33:16.066+0200] {dagbag.py:541} INFO - Filling up the DagBag from /home/akhilesh/py39/lib/python3.9/site-packages/airflow/example_dags/example_latest_only_with_trigger.py
[2023-08-14T10:33:16.077+0200] {processor.py:836} INFO - DAG(s) dict_keys(['latest_only_with_trigger']) retrieved from /home/akhilesh/py39/lib/python3.9/site-packages/airflow/example_dags/example_latest_only_with_trigger.py
[2023-08-14T10:33:16.091+0200] {logging_mixin.py:150} INFO - [2023-08-14T10:33:16.091+0200] {dag.py:2742} INFO - Sync 1 DAGs
[2023-08-14T10:33:16.107+0200] {logging_mixin.py:150} INFO - [2023-08-14T10:33:16.107+0200] {dag.py:3504} INFO - Setting next_dagrun for latest_only_with_trigger to 2023-08-14T04:33:16.107673+00:00, run_after=2023-08-14T08:33:16.107673+00:00
[2023-08-14T10:33:16.127+0200] {processor.py:179} INFO - Processing /home/akhilesh/py39/lib/python3.9/site-packages/airflow/example_dags/example_latest_only_with_trigger.py took 0.074 seconds
[2023-08-14T10:34:09.350+0200] {processor.py:157} INFO - Started process (PID=456097) to work on /home/akhilesh/py39/lib/python3.9/site-packages/airflow/example_dags/example_latest_only_with_trigger.py
[2023-08-14T10:34:09.359+0200] {processor.py:826} INFO - Processing file /home/akhilesh/py39/lib/python3.9/site-packages/airflow/example_dags/example_latest_only_with_trigger.py for tasks to queue
[2023-08-14T10:34:09.360+0200] {logging_mixin.py:150} INFO - [2023-08-14T10:34:09.360+0200] {dagbag.py:541} INFO - Filling up the DagBag from /home/akhilesh/py39/lib/python3.9/site-packages/airflow/example_dags/example_latest_only_with_trigger.py
[2023-08-14T10:34:09.368+0200] {processor.py:836} INFO - DAG(s) dict_keys(['latest_only_with_trigger']) retrieved from /home/akhilesh/py39/lib/python3.9/site-packages/airflow/example_dags/example_latest_only_with_trigger.py
[2023-08-14T10:34:09.388+0200] {logging_mixin.py:150} INFO - [2023-08-14T10:34:09.388+0200] {dag.py:2742} INFO - Sync 1 DAGs
[2023-08-14T10:34:09.403+0200] {logging_mixin.py:150} INFO - [2023-08-14T10:34:09.403+0200] {dag.py:3504} INFO - Setting next_dagrun for latest_only_with_trigger to 2023-08-14T04:34:09.403392+00:00, run_after=2023-08-14T08:34:09.403392+00:00
[2023-08-14T10:34:09.422+0200] {processor.py:179} INFO - Processing /home/akhilesh/py39/lib/python3.9/site-packages/airflow/example_dags/example_latest_only_with_trigger.py took 0.076 seconds
[2023-08-14T10:35:03.391+0200] {processor.py:157} INFO - Started process (PID=456247) to work on /home/akhilesh/py39/lib/python3.9/site-packages/airflow/example_dags/example_latest_only_with_trigger.py
[2023-08-14T10:35:03.400+0200] {processor.py:826} INFO - Processing file /home/akhilesh/py39/lib/python3.9/site-packages/airflow/example_dags/example_latest_only_with_trigger.py for tasks to queue
[2023-08-14T10:35:03.402+0200] {logging_mixin.py:150} INFO - [2023-08-14T10:35:03.401+0200] {dagbag.py:541} INFO - Filling up the DagBag from /home/akhilesh/py39/lib/python3.9/site-packages/airflow/example_dags/example_latest_only_with_trigger.py
[2023-08-14T10:35:03.411+0200] {processor.py:836} INFO - DAG(s) dict_keys(['latest_only_with_trigger']) retrieved from /home/akhilesh/py39/lib/python3.9/site-packages/airflow/example_dags/example_latest_only_with_trigger.py
[2023-08-14T10:35:03.429+0200] {logging_mixin.py:150} INFO - [2023-08-14T10:35:03.429+0200] {dag.py:2742} INFO - Sync 1 DAGs
[2023-08-14T10:35:03.446+0200] {logging_mixin.py:150} INFO - [2023-08-14T10:35:03.446+0200] {dag.py:3504} INFO - Setting next_dagrun for latest_only_with_trigger to 2023-08-14T04:35:03.446209+00:00, run_after=2023-08-14T08:35:03.446209+00:00
[2023-08-14T10:35:03.471+0200] {processor.py:179} INFO - Processing /home/akhilesh/py39/lib/python3.9/site-packages/airflow/example_dags/example_latest_only_with_trigger.py took 0.085 seconds
[2023-08-14T10:35:56.278+0200] {processor.py:157} INFO - Started process (PID=456402) to work on /home/akhilesh/py39/lib/python3.9/site-packages/airflow/example_dags/example_latest_only_with_trigger.py
[2023-08-14T10:35:56.287+0200] {processor.py:826} INFO - Processing file /home/akhilesh/py39/lib/python3.9/site-packages/airflow/example_dags/example_latest_only_with_trigger.py for tasks to queue
[2023-08-14T10:35:56.289+0200] {logging_mixin.py:150} INFO - [2023-08-14T10:35:56.288+0200] {dagbag.py:541} INFO - Filling up the DagBag from /home/akhilesh/py39/lib/python3.9/site-packages/airflow/example_dags/example_latest_only_with_trigger.py
[2023-08-14T10:35:56.298+0200] {processor.py:836} INFO - DAG(s) dict_keys(['latest_only_with_trigger']) retrieved from /home/akhilesh/py39/lib/python3.9/site-packages/airflow/example_dags/example_latest_only_with_trigger.py
[2023-08-14T10:35:56.335+0200] {logging_mixin.py:150} INFO - [2023-08-14T10:35:56.335+0200] {dag.py:2742} INFO - Sync 1 DAGs
[2023-08-14T10:35:56.374+0200] {logging_mixin.py:150} INFO - [2023-08-14T10:35:56.374+0200] {dag.py:3504} INFO - Setting next_dagrun for latest_only_with_trigger to 2023-08-14T04:35:56.374115+00:00, run_after=2023-08-14T08:35:56.374115+00:00
[2023-08-14T10:35:56.420+0200] {processor.py:179} INFO - Processing /home/akhilesh/py39/lib/python3.9/site-packages/airflow/example_dags/example_latest_only_with_trigger.py took 0.147 seconds
[2023-08-14T10:36:46.819+0200] {processor.py:157} INFO - Started process (PID=456547) to work on /home/akhilesh/py39/lib/python3.9/site-packages/airflow/example_dags/example_latest_only_with_trigger.py
[2023-08-14T10:36:46.828+0200] {processor.py:826} INFO - Processing file /home/akhilesh/py39/lib/python3.9/site-packages/airflow/example_dags/example_latest_only_with_trigger.py for tasks to queue
[2023-08-14T10:36:46.829+0200] {logging_mixin.py:150} INFO - [2023-08-14T10:36:46.829+0200] {dagbag.py:541} INFO - Filling up the DagBag from /home/akhilesh/py39/lib/python3.9/site-packages/airflow/example_dags/example_latest_only_with_trigger.py
[2023-08-14T10:36:46.838+0200] {processor.py:836} INFO - DAG(s) dict_keys(['latest_only_with_trigger']) retrieved from /home/akhilesh/py39/lib/python3.9/site-packages/airflow/example_dags/example_latest_only_with_trigger.py
[2023-08-14T10:36:46.858+0200] {logging_mixin.py:150} INFO - [2023-08-14T10:36:46.858+0200] {dag.py:2742} INFO - Sync 1 DAGs
[2023-08-14T10:36:46.871+0200] {logging_mixin.py:150} INFO - [2023-08-14T10:36:46.871+0200] {dag.py:3504} INFO - Setting next_dagrun for latest_only_with_trigger to 2023-08-14T04:36:46.871093+00:00, run_after=2023-08-14T08:36:46.871093+00:00
[2023-08-14T10:36:46.886+0200] {processor.py:179} INFO - Processing /home/akhilesh/py39/lib/python3.9/site-packages/airflow/example_dags/example_latest_only_with_trigger.py took 0.071 seconds
[2023-08-14T10:37:34.869+0200] {processor.py:157} INFO - Started process (PID=456678) to work on /home/akhilesh/py39/lib/python3.9/site-packages/airflow/example_dags/example_latest_only_with_trigger.py
[2023-08-14T10:37:34.878+0200] {processor.py:826} INFO - Processing file /home/akhilesh/py39/lib/python3.9/site-packages/airflow/example_dags/example_latest_only_with_trigger.py for tasks to queue
[2023-08-14T10:37:34.879+0200] {logging_mixin.py:150} INFO - [2023-08-14T10:37:34.878+0200] {dagbag.py:541} INFO - Filling up the DagBag from /home/akhilesh/py39/lib/python3.9/site-packages/airflow/example_dags/example_latest_only_with_trigger.py
[2023-08-14T10:37:34.886+0200] {processor.py:836} INFO - DAG(s) dict_keys(['latest_only_with_trigger']) retrieved from /home/akhilesh/py39/lib/python3.9/site-packages/airflow/example_dags/example_latest_only_with_trigger.py
[2023-08-14T10:37:34.901+0200] {logging_mixin.py:150} INFO - [2023-08-14T10:37:34.901+0200] {dag.py:2742} INFO - Sync 1 DAGs
[2023-08-14T10:37:34.914+0200] {logging_mixin.py:150} INFO - [2023-08-14T10:37:34.914+0200] {dag.py:3504} INFO - Setting next_dagrun for latest_only_with_trigger to 2023-08-14T04:37:34.914214+00:00, run_after=2023-08-14T08:37:34.914214+00:00
[2023-08-14T10:37:34.929+0200] {processor.py:179} INFO - Processing /home/akhilesh/py39/lib/python3.9/site-packages/airflow/example_dags/example_latest_only_with_trigger.py took 0.064 seconds
[2023-08-14T10:38:24.846+0200] {processor.py:157} INFO - Started process (PID=456804) to work on /home/akhilesh/py39/lib/python3.9/site-packages/airflow/example_dags/example_latest_only_with_trigger.py
[2023-08-14T10:38:24.855+0200] {processor.py:826} INFO - Processing file /home/akhilesh/py39/lib/python3.9/site-packages/airflow/example_dags/example_latest_only_with_trigger.py for tasks to queue
[2023-08-14T10:38:24.856+0200] {logging_mixin.py:150} INFO - [2023-08-14T10:38:24.855+0200] {dagbag.py:541} INFO - Filling up the DagBag from /home/akhilesh/py39/lib/python3.9/site-packages/airflow/example_dags/example_latest_only_with_trigger.py
[2023-08-14T10:38:24.864+0200] {processor.py:836} INFO - DAG(s) dict_keys(['latest_only_with_trigger']) retrieved from /home/akhilesh/py39/lib/python3.9/site-packages/airflow/example_dags/example_latest_only_with_trigger.py
[2023-08-14T10:38:24.879+0200] {logging_mixin.py:150} INFO - [2023-08-14T10:38:24.879+0200] {dag.py:2742} INFO - Sync 1 DAGs
[2023-08-14T10:38:24.892+0200] {logging_mixin.py:150} INFO - [2023-08-14T10:38:24.892+0200] {dag.py:3504} INFO - Setting next_dagrun for latest_only_with_trigger to 2023-08-14T04:38:24.892413+00:00, run_after=2023-08-14T08:38:24.892413+00:00
[2023-08-14T10:38:24.908+0200] {processor.py:179} INFO - Processing /home/akhilesh/py39/lib/python3.9/site-packages/airflow/example_dags/example_latest_only_with_trigger.py took 0.066 seconds
[2023-08-14T10:39:59.479+0200] {processor.py:157} INFO - Started process (PID=457182) to work on /home/akhilesh/py39/lib/python3.9/site-packages/airflow/example_dags/example_latest_only_with_trigger.py
[2023-08-14T10:39:59.487+0200] {processor.py:826} INFO - Processing file /home/akhilesh/py39/lib/python3.9/site-packages/airflow/example_dags/example_latest_only_with_trigger.py for tasks to queue
[2023-08-14T10:39:59.488+0200] {logging_mixin.py:150} INFO - [2023-08-14T10:39:59.488+0200] {dagbag.py:541} INFO - Filling up the DagBag from /home/akhilesh/py39/lib/python3.9/site-packages/airflow/example_dags/example_latest_only_with_trigger.py
[2023-08-14T10:39:59.498+0200] {processor.py:836} INFO - DAG(s) dict_keys(['latest_only_with_trigger']) retrieved from /home/akhilesh/py39/lib/python3.9/site-packages/airflow/example_dags/example_latest_only_with_trigger.py
[2023-08-14T10:39:59.512+0200] {logging_mixin.py:150} INFO - [2023-08-14T10:39:59.512+0200] {dag.py:2742} INFO - Sync 1 DAGs
[2023-08-14T10:39:59.531+0200] {logging_mixin.py:150} INFO - [2023-08-14T10:39:59.531+0200] {dag.py:3504} INFO - Setting next_dagrun for latest_only_with_trigger to 2023-08-14T04:39:59.531388+00:00, run_after=2023-08-14T08:39:59.531388+00:00
[2023-08-14T10:39:59.549+0200] {processor.py:179} INFO - Processing /home/akhilesh/py39/lib/python3.9/site-packages/airflow/example_dags/example_latest_only_with_trigger.py took 0.075 seconds
[2023-08-14T10:41:40.906+0200] {processor.py:157} INFO - Started process (PID=457609) to work on /home/akhilesh/py39/lib/python3.9/site-packages/airflow/example_dags/example_latest_only_with_trigger.py
[2023-08-14T10:41:40.907+0200] {processor.py:826} INFO - Processing file /home/akhilesh/py39/lib/python3.9/site-packages/airflow/example_dags/example_latest_only_with_trigger.py for tasks to queue
[2023-08-14T10:41:40.908+0200] {logging_mixin.py:150} INFO - [2023-08-14T10:41:40.907+0200] {dagbag.py:541} INFO - Filling up the DagBag from /home/akhilesh/py39/lib/python3.9/site-packages/airflow/example_dags/example_latest_only_with_trigger.py
[2023-08-14T10:41:40.912+0200] {processor.py:836} INFO - DAG(s) dict_keys(['latest_only_with_trigger']) retrieved from /home/akhilesh/py39/lib/python3.9/site-packages/airflow/example_dags/example_latest_only_with_trigger.py
[2023-08-14T10:41:40.927+0200] {logging_mixin.py:150} INFO - [2023-08-14T10:41:40.927+0200] {dag.py:2742} INFO - Sync 1 DAGs
[2023-08-14T10:41:40.941+0200] {logging_mixin.py:150} INFO - [2023-08-14T10:41:40.941+0200] {dag.py:3504} INFO - Setting next_dagrun for latest_only_with_trigger to 2023-08-14T04:41:40.940840+00:00, run_after=2023-08-14T08:41:40.940840+00:00
[2023-08-14T10:41:40.964+0200] {processor.py:179} INFO - Processing /home/akhilesh/py39/lib/python3.9/site-packages/airflow/example_dags/example_latest_only_with_trigger.py took 0.062 seconds
[2023-08-14T10:42:25.459+0200] {processor.py:157} INFO - Started process (PID=457769) to work on /home/akhilesh/py39/lib/python3.9/site-packages/airflow/example_dags/example_latest_only_with_trigger.py
[2023-08-14T10:42:25.468+0200] {processor.py:826} INFO - Processing file /home/akhilesh/py39/lib/python3.9/site-packages/airflow/example_dags/example_latest_only_with_trigger.py for tasks to queue
[2023-08-14T10:42:25.469+0200] {logging_mixin.py:150} INFO - [2023-08-14T10:42:25.469+0200] {dagbag.py:541} INFO - Filling up the DagBag from /home/akhilesh/py39/lib/python3.9/site-packages/airflow/example_dags/example_latest_only_with_trigger.py
[2023-08-14T10:42:25.479+0200] {processor.py:836} INFO - DAG(s) dict_keys(['latest_only_with_trigger']) retrieved from /home/akhilesh/py39/lib/python3.9/site-packages/airflow/example_dags/example_latest_only_with_trigger.py
[2023-08-14T10:42:25.495+0200] {logging_mixin.py:150} INFO - [2023-08-14T10:42:25.495+0200] {dag.py:2742} INFO - Sync 1 DAGs
[2023-08-14T10:42:25.510+0200] {logging_mixin.py:150} INFO - [2023-08-14T10:42:25.510+0200] {dag.py:3504} INFO - Setting next_dagrun for latest_only_with_trigger to 2023-08-14T04:42:25.509798+00:00, run_after=2023-08-14T08:42:25.509798+00:00
[2023-08-14T10:42:25.551+0200] {processor.py:179} INFO - Processing /home/akhilesh/py39/lib/python3.9/site-packages/airflow/example_dags/example_latest_only_with_trigger.py took 0.096 seconds
[2023-08-14T10:44:31.694+0200] {processor.py:157} INFO - Started process (PID=458252) to work on /home/akhilesh/py39/lib/python3.9/site-packages/airflow/example_dags/example_latest_only_with_trigger.py
[2023-08-14T10:44:31.703+0200] {processor.py:826} INFO - Processing file /home/akhilesh/py39/lib/python3.9/site-packages/airflow/example_dags/example_latest_only_with_trigger.py for tasks to queue
[2023-08-14T10:44:31.704+0200] {logging_mixin.py:150} INFO - [2023-08-14T10:44:31.704+0200] {dagbag.py:541} INFO - Filling up the DagBag from /home/akhilesh/py39/lib/python3.9/site-packages/airflow/example_dags/example_latest_only_with_trigger.py
[2023-08-14T10:44:31.713+0200] {processor.py:836} INFO - DAG(s) dict_keys(['latest_only_with_trigger']) retrieved from /home/akhilesh/py39/lib/python3.9/site-packages/airflow/example_dags/example_latest_only_with_trigger.py
[2023-08-14T10:44:31.731+0200] {logging_mixin.py:150} INFO - [2023-08-14T10:44:31.731+0200] {dag.py:2742} INFO - Sync 1 DAGs
[2023-08-14T10:44:31.748+0200] {logging_mixin.py:150} INFO - [2023-08-14T10:44:31.748+0200] {dag.py:3504} INFO - Setting next_dagrun for latest_only_with_trigger to 2023-08-14T04:44:31.748294+00:00, run_after=2023-08-14T08:44:31.748294+00:00
[2023-08-14T10:44:31.767+0200] {processor.py:179} INFO - Processing /home/akhilesh/py39/lib/python3.9/site-packages/airflow/example_dags/example_latest_only_with_trigger.py took 0.077 seconds
[2023-08-14T10:45:18.304+0200] {processor.py:157} INFO - Started process (PID=458459) to work on /home/akhilesh/py39/lib/python3.9/site-packages/airflow/example_dags/example_latest_only_with_trigger.py
[2023-08-14T10:45:18.314+0200] {processor.py:826} INFO - Processing file /home/akhilesh/py39/lib/python3.9/site-packages/airflow/example_dags/example_latest_only_with_trigger.py for tasks to queue
[2023-08-14T10:45:18.315+0200] {logging_mixin.py:150} INFO - [2023-08-14T10:45:18.315+0200] {dagbag.py:541} INFO - Filling up the DagBag from /home/akhilesh/py39/lib/python3.9/site-packages/airflow/example_dags/example_latest_only_with_trigger.py
[2023-08-14T10:45:18.323+0200] {processor.py:836} INFO - DAG(s) dict_keys(['latest_only_with_trigger']) retrieved from /home/akhilesh/py39/lib/python3.9/site-packages/airflow/example_dags/example_latest_only_with_trigger.py
[2023-08-14T10:45:18.337+0200] {logging_mixin.py:150} INFO - [2023-08-14T10:45:18.337+0200] {dag.py:2742} INFO - Sync 1 DAGs
[2023-08-14T10:45:18.351+0200] {logging_mixin.py:150} INFO - [2023-08-14T10:45:18.351+0200] {dag.py:3504} INFO - Setting next_dagrun for latest_only_with_trigger to 2023-08-14T04:45:18.351245+00:00, run_after=2023-08-14T08:45:18.351245+00:00
[2023-08-14T10:45:18.375+0200] {processor.py:179} INFO - Processing /home/akhilesh/py39/lib/python3.9/site-packages/airflow/example_dags/example_latest_only_with_trigger.py took 0.075 seconds
[2023-08-14T10:46:05.032+0200] {processor.py:157} INFO - Started process (PID=458745) to work on /home/akhilesh/py39/lib/python3.9/site-packages/airflow/example_dags/example_latest_only_with_trigger.py
[2023-08-14T10:46:05.041+0200] {processor.py:826} INFO - Processing file /home/akhilesh/py39/lib/python3.9/site-packages/airflow/example_dags/example_latest_only_with_trigger.py for tasks to queue
[2023-08-14T10:46:05.042+0200] {logging_mixin.py:150} INFO - [2023-08-14T10:46:05.042+0200] {dagbag.py:541} INFO - Filling up the DagBag from /home/akhilesh/py39/lib/python3.9/site-packages/airflow/example_dags/example_latest_only_with_trigger.py
[2023-08-14T10:46:05.050+0200] {processor.py:836} INFO - DAG(s) dict_keys(['latest_only_with_trigger']) retrieved from /home/akhilesh/py39/lib/python3.9/site-packages/airflow/example_dags/example_latest_only_with_trigger.py
[2023-08-14T10:46:05.063+0200] {logging_mixin.py:150} INFO - [2023-08-14T10:46:05.063+0200] {dag.py:2742} INFO - Sync 1 DAGs
[2023-08-14T10:46:05.075+0200] {logging_mixin.py:150} INFO - [2023-08-14T10:46:05.074+0200] {dag.py:3504} INFO - Setting next_dagrun for latest_only_with_trigger to 2023-08-14T04:46:05.074605+00:00, run_after=2023-08-14T08:46:05.074605+00:00
[2023-08-14T10:46:05.099+0200] {processor.py:179} INFO - Processing /home/akhilesh/py39/lib/python3.9/site-packages/airflow/example_dags/example_latest_only_with_trigger.py took 0.070 seconds
[2023-08-14T10:46:55.461+0200] {processor.py:157} INFO - Started process (PID=458921) to work on /home/akhilesh/py39/lib/python3.9/site-packages/airflow/example_dags/example_latest_only_with_trigger.py
[2023-08-14T10:46:55.462+0200] {processor.py:826} INFO - Processing file /home/akhilesh/py39/lib/python3.9/site-packages/airflow/example_dags/example_latest_only_with_trigger.py for tasks to queue
[2023-08-14T10:46:55.463+0200] {logging_mixin.py:150} INFO - [2023-08-14T10:46:55.463+0200] {dagbag.py:541} INFO - Filling up the DagBag from /home/akhilesh/py39/lib/python3.9/site-packages/airflow/example_dags/example_latest_only_with_trigger.py
[2023-08-14T10:46:55.470+0200] {processor.py:836} INFO - DAG(s) dict_keys(['latest_only_with_trigger']) retrieved from /home/akhilesh/py39/lib/python3.9/site-packages/airflow/example_dags/example_latest_only_with_trigger.py
[2023-08-14T10:46:55.486+0200] {logging_mixin.py:150} INFO - [2023-08-14T10:46:55.485+0200] {dag.py:2742} INFO - Sync 1 DAGs
[2023-08-14T10:46:55.499+0200] {logging_mixin.py:150} INFO - [2023-08-14T10:46:55.498+0200] {dag.py:3504} INFO - Setting next_dagrun for latest_only_with_trigger to 2023-08-14T04:46:55.498556+00:00, run_after=2023-08-14T08:46:55.498556+00:00
[2023-08-14T10:46:55.517+0200] {processor.py:179} INFO - Processing /home/akhilesh/py39/lib/python3.9/site-packages/airflow/example_dags/example_latest_only_with_trigger.py took 0.059 seconds
[2023-08-14T10:47:48.250+0200] {processor.py:157} INFO - Started process (PID=459080) to work on /home/akhilesh/py39/lib/python3.9/site-packages/airflow/example_dags/example_latest_only_with_trigger.py
[2023-08-14T10:47:48.253+0200] {processor.py:826} INFO - Processing file /home/akhilesh/py39/lib/python3.9/site-packages/airflow/example_dags/example_latest_only_with_trigger.py for tasks to queue
[2023-08-14T10:47:48.255+0200] {logging_mixin.py:150} INFO - [2023-08-14T10:47:48.254+0200] {dagbag.py:541} INFO - Filling up the DagBag from /home/akhilesh/py39/lib/python3.9/site-packages/airflow/example_dags/example_latest_only_with_trigger.py
[2023-08-14T10:47:48.261+0200] {processor.py:836} INFO - DAG(s) dict_keys(['latest_only_with_trigger']) retrieved from /home/akhilesh/py39/lib/python3.9/site-packages/airflow/example_dags/example_latest_only_with_trigger.py
[2023-08-14T10:47:48.277+0200] {logging_mixin.py:150} INFO - [2023-08-14T10:47:48.277+0200] {dag.py:2742} INFO - Sync 1 DAGs
[2023-08-14T10:47:48.292+0200] {logging_mixin.py:150} INFO - [2023-08-14T10:47:48.291+0200] {dag.py:3504} INFO - Setting next_dagrun for latest_only_with_trigger to 2023-08-14T04:47:48.291544+00:00, run_after=2023-08-14T08:47:48.291544+00:00
[2023-08-14T10:47:48.317+0200] {processor.py:179} INFO - Processing /home/akhilesh/py39/lib/python3.9/site-packages/airflow/example_dags/example_latest_only_with_trigger.py took 0.071 seconds
[2023-08-14T10:48:43.726+0200] {processor.py:157} INFO - Started process (PID=459273) to work on /home/akhilesh/py39/lib/python3.9/site-packages/airflow/example_dags/example_latest_only_with_trigger.py
[2023-08-14T10:48:43.729+0200] {processor.py:826} INFO - Processing file /home/akhilesh/py39/lib/python3.9/site-packages/airflow/example_dags/example_latest_only_with_trigger.py for tasks to queue
[2023-08-14T10:48:43.730+0200] {logging_mixin.py:150} INFO - [2023-08-14T10:48:43.729+0200] {dagbag.py:541} INFO - Filling up the DagBag from /home/akhilesh/py39/lib/python3.9/site-packages/airflow/example_dags/example_latest_only_with_trigger.py
[2023-08-14T10:48:43.738+0200] {processor.py:836} INFO - DAG(s) dict_keys(['latest_only_with_trigger']) retrieved from /home/akhilesh/py39/lib/python3.9/site-packages/airflow/example_dags/example_latest_only_with_trigger.py
[2023-08-14T10:48:43.751+0200] {logging_mixin.py:150} INFO - [2023-08-14T10:48:43.751+0200] {dag.py:2742} INFO - Sync 1 DAGs
[2023-08-14T10:48:43.763+0200] {logging_mixin.py:150} INFO - [2023-08-14T10:48:43.763+0200] {dag.py:3504} INFO - Setting next_dagrun for latest_only_with_trigger to 2023-08-14T04:48:43.763497+00:00, run_after=2023-08-14T08:48:43.763497+00:00
[2023-08-14T10:48:43.787+0200] {processor.py:179} INFO - Processing /home/akhilesh/py39/lib/python3.9/site-packages/airflow/example_dags/example_latest_only_with_trigger.py took 0.065 seconds
[2023-08-14T10:49:34.651+0200] {processor.py:157} INFO - Started process (PID=459428) to work on /home/akhilesh/py39/lib/python3.9/site-packages/airflow/example_dags/example_latest_only_with_trigger.py
[2023-08-14T10:49:34.660+0200] {processor.py:826} INFO - Processing file /home/akhilesh/py39/lib/python3.9/site-packages/airflow/example_dags/example_latest_only_with_trigger.py for tasks to queue
[2023-08-14T10:49:34.661+0200] {logging_mixin.py:150} INFO - [2023-08-14T10:49:34.660+0200] {dagbag.py:541} INFO - Filling up the DagBag from /home/akhilesh/py39/lib/python3.9/site-packages/airflow/example_dags/example_latest_only_with_trigger.py
[2023-08-14T10:49:34.668+0200] {processor.py:836} INFO - DAG(s) dict_keys(['latest_only_with_trigger']) retrieved from /home/akhilesh/py39/lib/python3.9/site-packages/airflow/example_dags/example_latest_only_with_trigger.py
[2023-08-14T10:49:34.682+0200] {logging_mixin.py:150} INFO - [2023-08-14T10:49:34.682+0200] {dag.py:2742} INFO - Sync 1 DAGs
[2023-08-14T10:49:34.693+0200] {logging_mixin.py:150} INFO - [2023-08-14T10:49:34.693+0200] {dag.py:3504} INFO - Setting next_dagrun for latest_only_with_trigger to 2023-08-14T04:49:34.692991+00:00, run_after=2023-08-14T08:49:34.692991+00:00
[2023-08-14T10:49:34.707+0200] {processor.py:179} INFO - Processing /home/akhilesh/py39/lib/python3.9/site-packages/airflow/example_dags/example_latest_only_with_trigger.py took 0.060 seconds
[2023-08-14T10:50:25.093+0200] {processor.py:157} INFO - Started process (PID=459631) to work on /home/akhilesh/py39/lib/python3.9/site-packages/airflow/example_dags/example_latest_only_with_trigger.py
[2023-08-14T10:50:25.102+0200] {processor.py:826} INFO - Processing file /home/akhilesh/py39/lib/python3.9/site-packages/airflow/example_dags/example_latest_only_with_trigger.py for tasks to queue
[2023-08-14T10:50:25.103+0200] {logging_mixin.py:150} INFO - [2023-08-14T10:50:25.103+0200] {dagbag.py:541} INFO - Filling up the DagBag from /home/akhilesh/py39/lib/python3.9/site-packages/airflow/example_dags/example_latest_only_with_trigger.py
[2023-08-14T10:50:25.111+0200] {processor.py:836} INFO - DAG(s) dict_keys(['latest_only_with_trigger']) retrieved from /home/akhilesh/py39/lib/python3.9/site-packages/airflow/example_dags/example_latest_only_with_trigger.py
[2023-08-14T10:50:25.129+0200] {logging_mixin.py:150} INFO - [2023-08-14T10:50:25.129+0200] {dag.py:2742} INFO - Sync 1 DAGs
[2023-08-14T10:50:25.143+0200] {logging_mixin.py:150} INFO - [2023-08-14T10:50:25.143+0200] {dag.py:3504} INFO - Setting next_dagrun for latest_only_with_trigger to 2023-08-14T04:50:25.143319+00:00, run_after=2023-08-14T08:50:25.143319+00:00
[2023-08-14T10:50:25.163+0200] {processor.py:179} INFO - Processing /home/akhilesh/py39/lib/python3.9/site-packages/airflow/example_dags/example_latest_only_with_trigger.py took 0.074 seconds
[2023-08-14T10:51:16.835+0200] {processor.py:157} INFO - Started process (PID=459792) to work on /home/akhilesh/py39/lib/python3.9/site-packages/airflow/example_dags/example_latest_only_with_trigger.py
[2023-08-14T10:51:16.844+0200] {processor.py:826} INFO - Processing file /home/akhilesh/py39/lib/python3.9/site-packages/airflow/example_dags/example_latest_only_with_trigger.py for tasks to queue
[2023-08-14T10:51:16.845+0200] {logging_mixin.py:150} INFO - [2023-08-14T10:51:16.845+0200] {dagbag.py:541} INFO - Filling up the DagBag from /home/akhilesh/py39/lib/python3.9/site-packages/airflow/example_dags/example_latest_only_with_trigger.py
[2023-08-14T10:51:16.854+0200] {processor.py:836} INFO - DAG(s) dict_keys(['latest_only_with_trigger']) retrieved from /home/akhilesh/py39/lib/python3.9/site-packages/airflow/example_dags/example_latest_only_with_trigger.py
[2023-08-14T10:51:16.869+0200] {logging_mixin.py:150} INFO - [2023-08-14T10:51:16.868+0200] {dag.py:2742} INFO - Sync 1 DAGs
[2023-08-14T10:51:16.882+0200] {logging_mixin.py:150} INFO - [2023-08-14T10:51:16.882+0200] {dag.py:3504} INFO - Setting next_dagrun for latest_only_with_trigger to 2023-08-14T04:51:16.881860+00:00, run_after=2023-08-14T08:51:16.881860+00:00
[2023-08-14T10:51:16.908+0200] {processor.py:179} INFO - Processing /home/akhilesh/py39/lib/python3.9/site-packages/airflow/example_dags/example_latest_only_with_trigger.py took 0.078 seconds
[2023-08-14T10:52:05.357+0200] {processor.py:157} INFO - Started process (PID=459923) to work on /home/akhilesh/py39/lib/python3.9/site-packages/airflow/example_dags/example_latest_only_with_trigger.py
[2023-08-14T10:52:05.366+0200] {processor.py:826} INFO - Processing file /home/akhilesh/py39/lib/python3.9/site-packages/airflow/example_dags/example_latest_only_with_trigger.py for tasks to queue
[2023-08-14T10:52:05.367+0200] {logging_mixin.py:150} INFO - [2023-08-14T10:52:05.367+0200] {dagbag.py:541} INFO - Filling up the DagBag from /home/akhilesh/py39/lib/python3.9/site-packages/airflow/example_dags/example_latest_only_with_trigger.py
[2023-08-14T10:52:05.374+0200] {processor.py:836} INFO - DAG(s) dict_keys(['latest_only_with_trigger']) retrieved from /home/akhilesh/py39/lib/python3.9/site-packages/airflow/example_dags/example_latest_only_with_trigger.py
[2023-08-14T10:52:05.392+0200] {logging_mixin.py:150} INFO - [2023-08-14T10:52:05.391+0200] {dag.py:2742} INFO - Sync 1 DAGs
[2023-08-14T10:52:05.405+0200] {logging_mixin.py:150} INFO - [2023-08-14T10:52:05.404+0200] {dag.py:3504} INFO - Setting next_dagrun for latest_only_with_trigger to 2023-08-14T04:52:05.404734+00:00, run_after=2023-08-14T08:52:05.404734+00:00
[2023-08-14T10:52:05.426+0200] {processor.py:179} INFO - Processing /home/akhilesh/py39/lib/python3.9/site-packages/airflow/example_dags/example_latest_only_with_trigger.py took 0.074 seconds
[2023-08-14T10:52:57.041+0200] {processor.py:157} INFO - Started process (PID=460084) to work on /home/akhilesh/py39/lib/python3.9/site-packages/airflow/example_dags/example_latest_only_with_trigger.py
[2023-08-14T10:52:57.049+0200] {processor.py:826} INFO - Processing file /home/akhilesh/py39/lib/python3.9/site-packages/airflow/example_dags/example_latest_only_with_trigger.py for tasks to queue
[2023-08-14T10:52:57.051+0200] {logging_mixin.py:150} INFO - [2023-08-14T10:52:57.050+0200] {dagbag.py:541} INFO - Filling up the DagBag from /home/akhilesh/py39/lib/python3.9/site-packages/airflow/example_dags/example_latest_only_with_trigger.py
[2023-08-14T10:52:57.059+0200] {processor.py:836} INFO - DAG(s) dict_keys(['latest_only_with_trigger']) retrieved from /home/akhilesh/py39/lib/python3.9/site-packages/airflow/example_dags/example_latest_only_with_trigger.py
[2023-08-14T10:52:57.079+0200] {logging_mixin.py:150} INFO - [2023-08-14T10:52:57.078+0200] {dag.py:2742} INFO - Sync 1 DAGs
[2023-08-14T10:52:57.091+0200] {logging_mixin.py:150} INFO - [2023-08-14T10:52:57.091+0200] {dag.py:3504} INFO - Setting next_dagrun for latest_only_with_trigger to 2023-08-14T04:52:57.091507+00:00, run_after=2023-08-14T08:52:57.091507+00:00
[2023-08-14T10:52:57.133+0200] {processor.py:179} INFO - Processing /home/akhilesh/py39/lib/python3.9/site-packages/airflow/example_dags/example_latest_only_with_trigger.py took 0.096 seconds
[2023-08-14T10:53:48.666+0200] {processor.py:157} INFO - Started process (PID=460290) to work on /home/akhilesh/py39/lib/python3.9/site-packages/airflow/example_dags/example_latest_only_with_trigger.py
[2023-08-14T10:53:48.667+0200] {processor.py:826} INFO - Processing file /home/akhilesh/py39/lib/python3.9/site-packages/airflow/example_dags/example_latest_only_with_trigger.py for tasks to queue
[2023-08-14T10:53:48.668+0200] {logging_mixin.py:150} INFO - [2023-08-14T10:53:48.668+0200] {dagbag.py:541} INFO - Filling up the DagBag from /home/akhilesh/py39/lib/python3.9/site-packages/airflow/example_dags/example_latest_only_with_trigger.py
[2023-08-14T10:53:48.673+0200] {processor.py:836} INFO - DAG(s) dict_keys(['latest_only_with_trigger']) retrieved from /home/akhilesh/py39/lib/python3.9/site-packages/airflow/example_dags/example_latest_only_with_trigger.py
[2023-08-14T10:53:48.688+0200] {logging_mixin.py:150} INFO - [2023-08-14T10:53:48.688+0200] {dag.py:2742} INFO - Sync 1 DAGs
[2023-08-14T10:53:48.701+0200] {logging_mixin.py:150} INFO - [2023-08-14T10:53:48.701+0200] {dag.py:3504} INFO - Setting next_dagrun for latest_only_with_trigger to 2023-08-14T04:53:48.700827+00:00, run_after=2023-08-14T08:53:48.700827+00:00
[2023-08-14T10:53:48.722+0200] {processor.py:179} INFO - Processing /home/akhilesh/py39/lib/python3.9/site-packages/airflow/example_dags/example_latest_only_with_trigger.py took 0.060 seconds
[2023-08-14T10:54:39.985+0200] {processor.py:157} INFO - Started process (PID=460470) to work on /home/akhilesh/py39/lib/python3.9/site-packages/airflow/example_dags/example_latest_only_with_trigger.py
[2023-08-14T10:54:39.994+0200] {processor.py:826} INFO - Processing file /home/akhilesh/py39/lib/python3.9/site-packages/airflow/example_dags/example_latest_only_with_trigger.py for tasks to queue
[2023-08-14T10:54:39.995+0200] {logging_mixin.py:150} INFO - [2023-08-14T10:54:39.995+0200] {dagbag.py:541} INFO - Filling up the DagBag from /home/akhilesh/py39/lib/python3.9/site-packages/airflow/example_dags/example_latest_only_with_trigger.py
[2023-08-14T10:54:40.004+0200] {processor.py:836} INFO - DAG(s) dict_keys(['latest_only_with_trigger']) retrieved from /home/akhilesh/py39/lib/python3.9/site-packages/airflow/example_dags/example_latest_only_with_trigger.py
[2023-08-14T10:54:40.021+0200] {logging_mixin.py:150} INFO - [2023-08-14T10:54:40.020+0200] {dag.py:2742} INFO - Sync 1 DAGs
[2023-08-14T10:54:40.035+0200] {logging_mixin.py:150} INFO - [2023-08-14T10:54:40.035+0200] {dag.py:3504} INFO - Setting next_dagrun for latest_only_with_trigger to 2023-08-14T04:54:40.034924+00:00, run_after=2023-08-14T08:54:40.034924+00:00
[2023-08-14T10:54:40.058+0200] {processor.py:179} INFO - Processing /home/akhilesh/py39/lib/python3.9/site-packages/airflow/example_dags/example_latest_only_with_trigger.py took 0.077 seconds
[2023-08-14T10:55:29.725+0200] {processor.py:157} INFO - Started process (PID=460612) to work on /home/akhilesh/py39/lib/python3.9/site-packages/airflow/example_dags/example_latest_only_with_trigger.py
[2023-08-14T10:55:29.734+0200] {processor.py:826} INFO - Processing file /home/akhilesh/py39/lib/python3.9/site-packages/airflow/example_dags/example_latest_only_with_trigger.py for tasks to queue
[2023-08-14T10:55:29.734+0200] {logging_mixin.py:150} INFO - [2023-08-14T10:55:29.734+0200] {dagbag.py:541} INFO - Filling up the DagBag from /home/akhilesh/py39/lib/python3.9/site-packages/airflow/example_dags/example_latest_only_with_trigger.py
[2023-08-14T10:55:29.741+0200] {processor.py:836} INFO - DAG(s) dict_keys(['latest_only_with_trigger']) retrieved from /home/akhilesh/py39/lib/python3.9/site-packages/airflow/example_dags/example_latest_only_with_trigger.py
[2023-08-14T10:55:29.759+0200] {logging_mixin.py:150} INFO - [2023-08-14T10:55:29.758+0200] {dag.py:2742} INFO - Sync 1 DAGs
[2023-08-14T10:55:29.771+0200] {logging_mixin.py:150} INFO - [2023-08-14T10:55:29.771+0200] {dag.py:3504} INFO - Setting next_dagrun for latest_only_with_trigger to 2023-08-14T04:55:29.771059+00:00, run_after=2023-08-14T08:55:29.771059+00:00
[2023-08-14T10:55:29.798+0200] {processor.py:179} INFO - Processing /home/akhilesh/py39/lib/python3.9/site-packages/airflow/example_dags/example_latest_only_with_trigger.py took 0.077 seconds
[2023-08-14T10:56:18.630+0200] {processor.py:157} INFO - Started process (PID=460754) to work on /home/akhilesh/py39/lib/python3.9/site-packages/airflow/example_dags/example_latest_only_with_trigger.py
[2023-08-14T10:56:18.639+0200] {processor.py:826} INFO - Processing file /home/akhilesh/py39/lib/python3.9/site-packages/airflow/example_dags/example_latest_only_with_trigger.py for tasks to queue
[2023-08-14T10:56:18.640+0200] {logging_mixin.py:150} INFO - [2023-08-14T10:56:18.640+0200] {dagbag.py:541} INFO - Filling up the DagBag from /home/akhilesh/py39/lib/python3.9/site-packages/airflow/example_dags/example_latest_only_with_trigger.py
[2023-08-14T10:56:18.649+0200] {processor.py:836} INFO - DAG(s) dict_keys(['latest_only_with_trigger']) retrieved from /home/akhilesh/py39/lib/python3.9/site-packages/airflow/example_dags/example_latest_only_with_trigger.py
[2023-08-14T10:56:18.664+0200] {logging_mixin.py:150} INFO - [2023-08-14T10:56:18.664+0200] {dag.py:2742} INFO - Sync 1 DAGs
[2023-08-14T10:56:18.677+0200] {logging_mixin.py:150} INFO - [2023-08-14T10:56:18.676+0200] {dag.py:3504} INFO - Setting next_dagrun for latest_only_with_trigger to 2023-08-14T04:56:18.676692+00:00, run_after=2023-08-14T08:56:18.676692+00:00
[2023-08-14T10:56:18.700+0200] {processor.py:179} INFO - Processing /home/akhilesh/py39/lib/python3.9/site-packages/airflow/example_dags/example_latest_only_with_trigger.py took 0.074 seconds
[2023-08-14T10:57:09.224+0200] {processor.py:157} INFO - Started process (PID=460968) to work on /home/akhilesh/py39/lib/python3.9/site-packages/airflow/example_dags/example_latest_only_with_trigger.py
[2023-08-14T10:57:09.233+0200] {processor.py:826} INFO - Processing file /home/akhilesh/py39/lib/python3.9/site-packages/airflow/example_dags/example_latest_only_with_trigger.py for tasks to queue
[2023-08-14T10:57:09.235+0200] {logging_mixin.py:150} INFO - [2023-08-14T10:57:09.234+0200] {dagbag.py:541} INFO - Filling up the DagBag from /home/akhilesh/py39/lib/python3.9/site-packages/airflow/example_dags/example_latest_only_with_trigger.py
[2023-08-14T10:57:09.243+0200] {processor.py:836} INFO - DAG(s) dict_keys(['latest_only_with_trigger']) retrieved from /home/akhilesh/py39/lib/python3.9/site-packages/airflow/example_dags/example_latest_only_with_trigger.py
[2023-08-14T10:57:09.265+0200] {logging_mixin.py:150} INFO - [2023-08-14T10:57:09.264+0200] {dag.py:2742} INFO - Sync 1 DAGs
[2023-08-14T10:57:09.283+0200] {logging_mixin.py:150} INFO - [2023-08-14T10:57:09.283+0200] {dag.py:3504} INFO - Setting next_dagrun for latest_only_with_trigger to 2023-08-14T04:57:09.283249+00:00, run_after=2023-08-14T08:57:09.283249+00:00
[2023-08-14T10:57:09.309+0200] {processor.py:179} INFO - Processing /home/akhilesh/py39/lib/python3.9/site-packages/airflow/example_dags/example_latest_only_with_trigger.py took 0.088 seconds
[2023-08-14T10:57:54.840+0200] {processor.py:157} INFO - Started process (PID=461170) to work on /home/akhilesh/py39/lib/python3.9/site-packages/airflow/example_dags/example_latest_only_with_trigger.py
[2023-08-14T10:57:54.849+0200] {processor.py:826} INFO - Processing file /home/akhilesh/py39/lib/python3.9/site-packages/airflow/example_dags/example_latest_only_with_trigger.py for tasks to queue
[2023-08-14T10:57:54.850+0200] {logging_mixin.py:150} INFO - [2023-08-14T10:57:54.849+0200] {dagbag.py:541} INFO - Filling up the DagBag from /home/akhilesh/py39/lib/python3.9/site-packages/airflow/example_dags/example_latest_only_with_trigger.py
[2023-08-14T10:57:54.857+0200] {processor.py:836} INFO - DAG(s) dict_keys(['latest_only_with_trigger']) retrieved from /home/akhilesh/py39/lib/python3.9/site-packages/airflow/example_dags/example_latest_only_with_trigger.py
[2023-08-14T10:57:54.873+0200] {logging_mixin.py:150} INFO - [2023-08-14T10:57:54.873+0200] {dag.py:2742} INFO - Sync 1 DAGs
[2023-08-14T10:57:54.888+0200] {logging_mixin.py:150} INFO - [2023-08-14T10:57:54.888+0200] {dag.py:3504} INFO - Setting next_dagrun for latest_only_with_trigger to 2023-08-14T04:57:54.888263+00:00, run_after=2023-08-14T08:57:54.888263+00:00
[2023-08-14T10:57:54.905+0200] {processor.py:179} INFO - Processing /home/akhilesh/py39/lib/python3.9/site-packages/airflow/example_dags/example_latest_only_with_trigger.py took 0.068 seconds
[2023-08-14T10:58:40.157+0200] {processor.py:157} INFO - Started process (PID=461336) to work on /home/akhilesh/py39/lib/python3.9/site-packages/airflow/example_dags/example_latest_only_with_trigger.py
[2023-08-14T10:58:40.166+0200] {processor.py:826} INFO - Processing file /home/akhilesh/py39/lib/python3.9/site-packages/airflow/example_dags/example_latest_only_with_trigger.py for tasks to queue
[2023-08-14T10:58:40.167+0200] {logging_mixin.py:150} INFO - [2023-08-14T10:58:40.167+0200] {dagbag.py:541} INFO - Filling up the DagBag from /home/akhilesh/py39/lib/python3.9/site-packages/airflow/example_dags/example_latest_only_with_trigger.py
[2023-08-14T10:58:40.173+0200] {processor.py:836} INFO - DAG(s) dict_keys(['latest_only_with_trigger']) retrieved from /home/akhilesh/py39/lib/python3.9/site-packages/airflow/example_dags/example_latest_only_with_trigger.py
[2023-08-14T10:58:40.189+0200] {logging_mixin.py:150} INFO - [2023-08-14T10:58:40.189+0200] {dag.py:2742} INFO - Sync 1 DAGs
[2023-08-14T10:58:40.203+0200] {logging_mixin.py:150} INFO - [2023-08-14T10:58:40.203+0200] {dag.py:3504} INFO - Setting next_dagrun for latest_only_with_trigger to 2023-08-14T04:58:40.203211+00:00, run_after=2023-08-14T08:58:40.203211+00:00
[2023-08-14T10:58:40.233+0200] {processor.py:179} INFO - Processing /home/akhilesh/py39/lib/python3.9/site-packages/airflow/example_dags/example_latest_only_with_trigger.py took 0.080 seconds
[2023-08-14T10:59:30.305+0200] {processor.py:157} INFO - Started process (PID=461477) to work on /home/akhilesh/py39/lib/python3.9/site-packages/airflow/example_dags/example_latest_only_with_trigger.py
[2023-08-14T10:59:30.314+0200] {processor.py:826} INFO - Processing file /home/akhilesh/py39/lib/python3.9/site-packages/airflow/example_dags/example_latest_only_with_trigger.py for tasks to queue
[2023-08-14T10:59:30.316+0200] {logging_mixin.py:150} INFO - [2023-08-14T10:59:30.315+0200] {dagbag.py:541} INFO - Filling up the DagBag from /home/akhilesh/py39/lib/python3.9/site-packages/airflow/example_dags/example_latest_only_with_trigger.py
[2023-08-14T10:59:30.324+0200] {processor.py:836} INFO - DAG(s) dict_keys(['latest_only_with_trigger']) retrieved from /home/akhilesh/py39/lib/python3.9/site-packages/airflow/example_dags/example_latest_only_with_trigger.py
[2023-08-14T10:59:30.340+0200] {logging_mixin.py:150} INFO - [2023-08-14T10:59:30.340+0200] {dag.py:2742} INFO - Sync 1 DAGs
[2023-08-14T10:59:30.353+0200] {logging_mixin.py:150} INFO - [2023-08-14T10:59:30.353+0200] {dag.py:3504} INFO - Setting next_dagrun for latest_only_with_trigger to 2023-08-14T04:59:30.353326+00:00, run_after=2023-08-14T08:59:30.353326+00:00
[2023-08-14T10:59:30.376+0200] {processor.py:179} INFO - Processing /home/akhilesh/py39/lib/python3.9/site-packages/airflow/example_dags/example_latest_only_with_trigger.py took 0.075 seconds
[2023-08-14T11:00:19.092+0200] {processor.py:157} INFO - Started process (PID=461651) to work on /home/akhilesh/py39/lib/python3.9/site-packages/airflow/example_dags/example_latest_only_with_trigger.py
[2023-08-14T11:00:19.101+0200] {processor.py:826} INFO - Processing file /home/akhilesh/py39/lib/python3.9/site-packages/airflow/example_dags/example_latest_only_with_trigger.py for tasks to queue
[2023-08-14T11:00:19.102+0200] {logging_mixin.py:150} INFO - [2023-08-14T11:00:19.102+0200] {dagbag.py:541} INFO - Filling up the DagBag from /home/akhilesh/py39/lib/python3.9/site-packages/airflow/example_dags/example_latest_only_with_trigger.py
[2023-08-14T11:00:19.111+0200] {processor.py:836} INFO - DAG(s) dict_keys(['latest_only_with_trigger']) retrieved from /home/akhilesh/py39/lib/python3.9/site-packages/airflow/example_dags/example_latest_only_with_trigger.py
[2023-08-14T11:00:19.127+0200] {logging_mixin.py:150} INFO - [2023-08-14T11:00:19.126+0200] {dag.py:2742} INFO - Sync 1 DAGs
[2023-08-14T11:00:19.137+0200] {logging_mixin.py:150} INFO - [2023-08-14T11:00:19.137+0200] {dag.py:3504} INFO - Setting next_dagrun for latest_only_with_trigger to 2023-08-14T05:00:19.137224+00:00, run_after=2023-08-14T09:00:19.137224+00:00
[2023-08-14T11:00:19.158+0200] {processor.py:179} INFO - Processing /home/akhilesh/py39/lib/python3.9/site-packages/airflow/example_dags/example_latest_only_with_trigger.py took 0.069 seconds
[2023-08-14T11:01:10.920+0200] {processor.py:157} INFO - Started process (PID=461772) to work on /home/akhilesh/py39/lib/python3.9/site-packages/airflow/example_dags/example_latest_only_with_trigger.py
[2023-08-14T11:01:10.922+0200] {processor.py:826} INFO - Processing file /home/akhilesh/py39/lib/python3.9/site-packages/airflow/example_dags/example_latest_only_with_trigger.py for tasks to queue
[2023-08-14T11:01:10.923+0200] {logging_mixin.py:150} INFO - [2023-08-14T11:01:10.923+0200] {dagbag.py:541} INFO - Filling up the DagBag from /home/akhilesh/py39/lib/python3.9/site-packages/airflow/example_dags/example_latest_only_with_trigger.py
[2023-08-14T11:01:10.931+0200] {processor.py:836} INFO - DAG(s) dict_keys(['latest_only_with_trigger']) retrieved from /home/akhilesh/py39/lib/python3.9/site-packages/airflow/example_dags/example_latest_only_with_trigger.py
[2023-08-14T11:01:10.948+0200] {logging_mixin.py:150} INFO - [2023-08-14T11:01:10.947+0200] {dag.py:2742} INFO - Sync 1 DAGs
[2023-08-14T11:01:10.962+0200] {logging_mixin.py:150} INFO - [2023-08-14T11:01:10.961+0200] {dag.py:3504} INFO - Setting next_dagrun for latest_only_with_trigger to 2023-08-14T05:01:10.961521+00:00, run_after=2023-08-14T09:01:10.961521+00:00
[2023-08-14T11:01:10.992+0200] {processor.py:179} INFO - Processing /home/akhilesh/py39/lib/python3.9/site-packages/airflow/example_dags/example_latest_only_with_trigger.py took 0.075 seconds
[2023-08-14T11:02:06.622+0200] {processor.py:157} INFO - Started process (PID=462022) to work on /home/akhilesh/py39/lib/python3.9/site-packages/airflow/example_dags/example_latest_only_with_trigger.py
[2023-08-14T11:02:06.631+0200] {processor.py:826} INFO - Processing file /home/akhilesh/py39/lib/python3.9/site-packages/airflow/example_dags/example_latest_only_with_trigger.py for tasks to queue
[2023-08-14T11:02:06.632+0200] {logging_mixin.py:150} INFO - [2023-08-14T11:02:06.632+0200] {dagbag.py:541} INFO - Filling up the DagBag from /home/akhilesh/py39/lib/python3.9/site-packages/airflow/example_dags/example_latest_only_with_trigger.py
[2023-08-14T11:02:06.641+0200] {processor.py:836} INFO - DAG(s) dict_keys(['latest_only_with_trigger']) retrieved from /home/akhilesh/py39/lib/python3.9/site-packages/airflow/example_dags/example_latest_only_with_trigger.py
[2023-08-14T11:02:06.660+0200] {logging_mixin.py:150} INFO - [2023-08-14T11:02:06.660+0200] {dag.py:2742} INFO - Sync 1 DAGs
[2023-08-14T11:02:06.680+0200] {logging_mixin.py:150} INFO - [2023-08-14T11:02:06.680+0200] {dag.py:3504} INFO - Setting next_dagrun for latest_only_with_trigger to 2023-08-14T05:02:06.679781+00:00, run_after=2023-08-14T09:02:06.679781+00:00
[2023-08-14T11:02:06.711+0200] {processor.py:179} INFO - Processing /home/akhilesh/py39/lib/python3.9/site-packages/airflow/example_dags/example_latest_only_with_trigger.py took 0.094 seconds
[2023-08-14T11:02:59.486+0200] {processor.py:157} INFO - Started process (PID=462194) to work on /home/akhilesh/py39/lib/python3.9/site-packages/airflow/example_dags/example_latest_only_with_trigger.py
[2023-08-14T11:02:59.488+0200] {processor.py:826} INFO - Processing file /home/akhilesh/py39/lib/python3.9/site-packages/airflow/example_dags/example_latest_only_with_trigger.py for tasks to queue
[2023-08-14T11:02:59.489+0200] {logging_mixin.py:150} INFO - [2023-08-14T11:02:59.488+0200] {dagbag.py:541} INFO - Filling up the DagBag from /home/akhilesh/py39/lib/python3.9/site-packages/airflow/example_dags/example_latest_only_with_trigger.py
[2023-08-14T11:02:59.495+0200] {processor.py:836} INFO - DAG(s) dict_keys(['latest_only_with_trigger']) retrieved from /home/akhilesh/py39/lib/python3.9/site-packages/airflow/example_dags/example_latest_only_with_trigger.py
[2023-08-14T11:02:59.510+0200] {logging_mixin.py:150} INFO - [2023-08-14T11:02:59.509+0200] {dag.py:2742} INFO - Sync 1 DAGs
[2023-08-14T11:02:59.525+0200] {logging_mixin.py:150} INFO - [2023-08-14T11:02:59.524+0200] {dag.py:3504} INFO - Setting next_dagrun for latest_only_with_trigger to 2023-08-14T05:02:59.524606+00:00, run_after=2023-08-14T09:02:59.524606+00:00
[2023-08-14T11:02:59.551+0200] {processor.py:179} INFO - Processing /home/akhilesh/py39/lib/python3.9/site-packages/airflow/example_dags/example_latest_only_with_trigger.py took 0.068 seconds
[2023-08-14T11:03:51.473+0200] {processor.py:157} INFO - Started process (PID=462310) to work on /home/akhilesh/py39/lib/python3.9/site-packages/airflow/example_dags/example_latest_only_with_trigger.py
[2023-08-14T11:03:51.483+0200] {processor.py:826} INFO - Processing file /home/akhilesh/py39/lib/python3.9/site-packages/airflow/example_dags/example_latest_only_with_trigger.py for tasks to queue
[2023-08-14T11:03:51.484+0200] {logging_mixin.py:150} INFO - [2023-08-14T11:03:51.484+0200] {dagbag.py:541} INFO - Filling up the DagBag from /home/akhilesh/py39/lib/python3.9/site-packages/airflow/example_dags/example_latest_only_with_trigger.py
[2023-08-14T11:03:51.493+0200] {processor.py:836} INFO - DAG(s) dict_keys(['latest_only_with_trigger']) retrieved from /home/akhilesh/py39/lib/python3.9/site-packages/airflow/example_dags/example_latest_only_with_trigger.py
[2023-08-14T11:03:51.509+0200] {logging_mixin.py:150} INFO - [2023-08-14T11:03:51.509+0200] {dag.py:2742} INFO - Sync 1 DAGs
[2023-08-14T11:03:51.523+0200] {logging_mixin.py:150} INFO - [2023-08-14T11:03:51.522+0200] {dag.py:3504} INFO - Setting next_dagrun for latest_only_with_trigger to 2023-08-14T05:03:51.522453+00:00, run_after=2023-08-14T09:03:51.522453+00:00
[2023-08-14T11:03:51.550+0200] {processor.py:179} INFO - Processing /home/akhilesh/py39/lib/python3.9/site-packages/airflow/example_dags/example_latest_only_with_trigger.py took 0.081 seconds
[2023-08-14T11:04:39.928+0200] {processor.py:157} INFO - Started process (PID=462440) to work on /home/akhilesh/py39/lib/python3.9/site-packages/airflow/example_dags/example_latest_only_with_trigger.py
[2023-08-14T11:04:39.938+0200] {processor.py:826} INFO - Processing file /home/akhilesh/py39/lib/python3.9/site-packages/airflow/example_dags/example_latest_only_with_trigger.py for tasks to queue
[2023-08-14T11:04:39.939+0200] {logging_mixin.py:150} INFO - [2023-08-14T11:04:39.939+0200] {dagbag.py:541} INFO - Filling up the DagBag from /home/akhilesh/py39/lib/python3.9/site-packages/airflow/example_dags/example_latest_only_with_trigger.py
[2023-08-14T11:04:39.949+0200] {processor.py:836} INFO - DAG(s) dict_keys(['latest_only_with_trigger']) retrieved from /home/akhilesh/py39/lib/python3.9/site-packages/airflow/example_dags/example_latest_only_with_trigger.py
[2023-08-14T11:04:39.967+0200] {logging_mixin.py:150} INFO - [2023-08-14T11:04:39.967+0200] {dag.py:2742} INFO - Sync 1 DAGs
[2023-08-14T11:04:39.980+0200] {logging_mixin.py:150} INFO - [2023-08-14T11:04:39.980+0200] {dag.py:3504} INFO - Setting next_dagrun for latest_only_with_trigger to 2023-08-14T05:04:39.980395+00:00, run_after=2023-08-14T09:04:39.980395+00:00
[2023-08-14T11:04:40.008+0200] {processor.py:179} INFO - Processing /home/akhilesh/py39/lib/python3.9/site-packages/airflow/example_dags/example_latest_only_with_trigger.py took 0.084 seconds
[2023-08-14T11:05:34.166+0200] {processor.py:157} INFO - Started process (PID=462595) to work on /home/akhilesh/py39/lib/python3.9/site-packages/airflow/example_dags/example_latest_only_with_trigger.py
[2023-08-14T11:05:34.175+0200] {processor.py:826} INFO - Processing file /home/akhilesh/py39/lib/python3.9/site-packages/airflow/example_dags/example_latest_only_with_trigger.py for tasks to queue
[2023-08-14T11:05:34.176+0200] {logging_mixin.py:150} INFO - [2023-08-14T11:05:34.176+0200] {dagbag.py:541} INFO - Filling up the DagBag from /home/akhilesh/py39/lib/python3.9/site-packages/airflow/example_dags/example_latest_only_with_trigger.py
[2023-08-14T11:05:34.184+0200] {processor.py:836} INFO - DAG(s) dict_keys(['latest_only_with_trigger']) retrieved from /home/akhilesh/py39/lib/python3.9/site-packages/airflow/example_dags/example_latest_only_with_trigger.py
[2023-08-14T11:05:34.203+0200] {logging_mixin.py:150} INFO - [2023-08-14T11:05:34.203+0200] {dag.py:2742} INFO - Sync 1 DAGs
[2023-08-14T11:05:34.221+0200] {logging_mixin.py:150} INFO - [2023-08-14T11:05:34.220+0200] {dag.py:3504} INFO - Setting next_dagrun for latest_only_with_trigger to 2023-08-14T05:05:34.220285+00:00, run_after=2023-08-14T09:05:34.220285+00:00
[2023-08-14T11:05:34.251+0200] {processor.py:179} INFO - Processing /home/akhilesh/py39/lib/python3.9/site-packages/airflow/example_dags/example_latest_only_with_trigger.py took 0.089 seconds
[2023-08-14T11:06:24.925+0200] {processor.py:157} INFO - Started process (PID=462759) to work on /home/akhilesh/py39/lib/python3.9/site-packages/airflow/example_dags/example_latest_only_with_trigger.py
[2023-08-14T11:06:24.934+0200] {processor.py:826} INFO - Processing file /home/akhilesh/py39/lib/python3.9/site-packages/airflow/example_dags/example_latest_only_with_trigger.py for tasks to queue
[2023-08-14T11:06:24.935+0200] {logging_mixin.py:150} INFO - [2023-08-14T11:06:24.935+0200] {dagbag.py:541} INFO - Filling up the DagBag from /home/akhilesh/py39/lib/python3.9/site-packages/airflow/example_dags/example_latest_only_with_trigger.py
[2023-08-14T11:06:24.943+0200] {processor.py:836} INFO - DAG(s) dict_keys(['latest_only_with_trigger']) retrieved from /home/akhilesh/py39/lib/python3.9/site-packages/airflow/example_dags/example_latest_only_with_trigger.py
[2023-08-14T11:06:24.957+0200] {logging_mixin.py:150} INFO - [2023-08-14T11:06:24.957+0200] {dag.py:2742} INFO - Sync 1 DAGs
[2023-08-14T11:06:24.968+0200] {logging_mixin.py:150} INFO - [2023-08-14T11:06:24.968+0200] {dag.py:3504} INFO - Setting next_dagrun for latest_only_with_trigger to 2023-08-14T05:06:24.968191+00:00, run_after=2023-08-14T09:06:24.968191+00:00
[2023-08-14T11:06:24.992+0200] {processor.py:179} INFO - Processing /home/akhilesh/py39/lib/python3.9/site-packages/airflow/example_dags/example_latest_only_with_trigger.py took 0.070 seconds
[2023-08-14T11:07:14.517+0200] {processor.py:157} INFO - Started process (PID=462943) to work on /home/akhilesh/py39/lib/python3.9/site-packages/airflow/example_dags/example_latest_only_with_trigger.py
[2023-08-14T11:07:14.526+0200] {processor.py:826} INFO - Processing file /home/akhilesh/py39/lib/python3.9/site-packages/airflow/example_dags/example_latest_only_with_trigger.py for tasks to queue
[2023-08-14T11:07:14.528+0200] {logging_mixin.py:150} INFO - [2023-08-14T11:07:14.527+0200] {dagbag.py:541} INFO - Filling up the DagBag from /home/akhilesh/py39/lib/python3.9/site-packages/airflow/example_dags/example_latest_only_with_trigger.py
[2023-08-14T11:07:14.538+0200] {processor.py:836} INFO - DAG(s) dict_keys(['latest_only_with_trigger']) retrieved from /home/akhilesh/py39/lib/python3.9/site-packages/airflow/example_dags/example_latest_only_with_trigger.py
[2023-08-14T11:07:14.554+0200] {logging_mixin.py:150} INFO - [2023-08-14T11:07:14.554+0200] {dag.py:2742} INFO - Sync 1 DAGs
[2023-08-14T11:07:14.573+0200] {logging_mixin.py:150} INFO - [2023-08-14T11:07:14.572+0200] {dag.py:3504} INFO - Setting next_dagrun for latest_only_with_trigger to 2023-08-14T05:07:14.572526+00:00, run_after=2023-08-14T09:07:14.572526+00:00
[2023-08-14T11:07:14.604+0200] {processor.py:179} INFO - Processing /home/akhilesh/py39/lib/python3.9/site-packages/airflow/example_dags/example_latest_only_with_trigger.py took 0.091 seconds
[2023-08-14T11:08:07.754+0200] {processor.py:157} INFO - Started process (PID=463108) to work on /home/akhilesh/py39/lib/python3.9/site-packages/airflow/example_dags/example_latest_only_with_trigger.py
[2023-08-14T11:08:07.763+0200] {processor.py:826} INFO - Processing file /home/akhilesh/py39/lib/python3.9/site-packages/airflow/example_dags/example_latest_only_with_trigger.py for tasks to queue
[2023-08-14T11:08:07.764+0200] {logging_mixin.py:150} INFO - [2023-08-14T11:08:07.764+0200] {dagbag.py:541} INFO - Filling up the DagBag from /home/akhilesh/py39/lib/python3.9/site-packages/airflow/example_dags/example_latest_only_with_trigger.py
[2023-08-14T11:08:07.772+0200] {processor.py:836} INFO - DAG(s) dict_keys(['latest_only_with_trigger']) retrieved from /home/akhilesh/py39/lib/python3.9/site-packages/airflow/example_dags/example_latest_only_with_trigger.py
[2023-08-14T11:08:07.785+0200] {logging_mixin.py:150} INFO - [2023-08-14T11:08:07.785+0200] {dag.py:2742} INFO - Sync 1 DAGs
[2023-08-14T11:08:07.796+0200] {logging_mixin.py:150} INFO - [2023-08-14T11:08:07.796+0200] {dag.py:3504} INFO - Setting next_dagrun for latest_only_with_trigger to 2023-08-14T05:08:07.796266+00:00, run_after=2023-08-14T09:08:07.796266+00:00
[2023-08-14T11:08:07.822+0200] {processor.py:179} INFO - Processing /home/akhilesh/py39/lib/python3.9/site-packages/airflow/example_dags/example_latest_only_with_trigger.py took 0.072 seconds
[2023-08-14T11:08:58.364+0200] {processor.py:157} INFO - Started process (PID=463337) to work on /home/akhilesh/py39/lib/python3.9/site-packages/airflow/example_dags/example_latest_only_with_trigger.py
[2023-08-14T11:08:58.366+0200] {processor.py:826} INFO - Processing file /home/akhilesh/py39/lib/python3.9/site-packages/airflow/example_dags/example_latest_only_with_trigger.py for tasks to queue
[2023-08-14T11:08:58.367+0200] {logging_mixin.py:150} INFO - [2023-08-14T11:08:58.367+0200] {dagbag.py:541} INFO - Filling up the DagBag from /home/akhilesh/py39/lib/python3.9/site-packages/airflow/example_dags/example_latest_only_with_trigger.py
[2023-08-14T11:08:58.375+0200] {processor.py:836} INFO - DAG(s) dict_keys(['latest_only_with_trigger']) retrieved from /home/akhilesh/py39/lib/python3.9/site-packages/airflow/example_dags/example_latest_only_with_trigger.py
[2023-08-14T11:08:58.391+0200] {logging_mixin.py:150} INFO - [2023-08-14T11:08:58.390+0200] {dag.py:2742} INFO - Sync 1 DAGs
[2023-08-14T11:08:58.405+0200] {logging_mixin.py:150} INFO - [2023-08-14T11:08:58.405+0200] {dag.py:3504} INFO - Setting next_dagrun for latest_only_with_trigger to 2023-08-14T05:08:58.405075+00:00, run_after=2023-08-14T09:08:58.405075+00:00
[2023-08-14T11:08:58.430+0200] {processor.py:179} INFO - Processing /home/akhilesh/py39/lib/python3.9/site-packages/airflow/example_dags/example_latest_only_with_trigger.py took 0.070 seconds
[2023-08-14T11:10:58.685+0200] {processor.py:157} INFO - Started process (PID=463679) to work on /home/akhilesh/py39/lib/python3.9/site-packages/airflow/example_dags/example_latest_only_with_trigger.py
[2023-08-14T11:10:58.687+0200] {processor.py:826} INFO - Processing file /home/akhilesh/py39/lib/python3.9/site-packages/airflow/example_dags/example_latest_only_with_trigger.py for tasks to queue
[2023-08-14T11:10:58.688+0200] {logging_mixin.py:150} INFO - [2023-08-14T11:10:58.687+0200] {dagbag.py:541} INFO - Filling up the DagBag from /home/akhilesh/py39/lib/python3.9/site-packages/airflow/example_dags/example_latest_only_with_trigger.py
[2023-08-14T11:10:58.695+0200] {processor.py:836} INFO - DAG(s) dict_keys(['latest_only_with_trigger']) retrieved from /home/akhilesh/py39/lib/python3.9/site-packages/airflow/example_dags/example_latest_only_with_trigger.py
[2023-08-14T11:10:58.711+0200] {logging_mixin.py:150} INFO - [2023-08-14T11:10:58.711+0200] {dag.py:2742} INFO - Sync 1 DAGs
[2023-08-14T11:10:58.734+0200] {logging_mixin.py:150} INFO - [2023-08-14T11:10:58.734+0200] {dag.py:3504} INFO - Setting next_dagrun for latest_only_with_trigger to 2023-08-14T05:10:58.734152+00:00, run_after=2023-08-14T09:10:58.734152+00:00
[2023-08-14T11:10:58.772+0200] {processor.py:179} INFO - Processing /home/akhilesh/py39/lib/python3.9/site-packages/airflow/example_dags/example_latest_only_with_trigger.py took 0.092 seconds
[2023-08-14T11:12:02.208+0200] {processor.py:157} INFO - Started process (PID=464031) to work on /home/akhilesh/py39/lib/python3.9/site-packages/airflow/example_dags/example_latest_only_with_trigger.py
[2023-08-14T11:12:02.217+0200] {processor.py:826} INFO - Processing file /home/akhilesh/py39/lib/python3.9/site-packages/airflow/example_dags/example_latest_only_with_trigger.py for tasks to queue
[2023-08-14T11:12:02.218+0200] {logging_mixin.py:150} INFO - [2023-08-14T11:12:02.217+0200] {dagbag.py:541} INFO - Filling up the DagBag from /home/akhilesh/py39/lib/python3.9/site-packages/airflow/example_dags/example_latest_only_with_trigger.py
[2023-08-14T11:12:02.228+0200] {processor.py:836} INFO - DAG(s) dict_keys(['latest_only_with_trigger']) retrieved from /home/akhilesh/py39/lib/python3.9/site-packages/airflow/example_dags/example_latest_only_with_trigger.py
[2023-08-14T11:12:02.241+0200] {logging_mixin.py:150} INFO - [2023-08-14T11:12:02.241+0200] {dag.py:2742} INFO - Sync 1 DAGs
[2023-08-14T11:12:02.254+0200] {logging_mixin.py:150} INFO - [2023-08-14T11:12:02.254+0200] {dag.py:3504} INFO - Setting next_dagrun for latest_only_with_trigger to 2023-08-14T05:12:02.254538+00:00, run_after=2023-08-14T09:12:02.254538+00:00
[2023-08-14T11:12:02.285+0200] {processor.py:179} INFO - Processing /home/akhilesh/py39/lib/python3.9/site-packages/airflow/example_dags/example_latest_only_with_trigger.py took 0.081 seconds
[2023-08-14T11:12:48.102+0200] {processor.py:157} INFO - Started process (PID=464176) to work on /home/akhilesh/py39/lib/python3.9/site-packages/airflow/example_dags/example_latest_only_with_trigger.py
[2023-08-14T11:12:48.112+0200] {processor.py:826} INFO - Processing file /home/akhilesh/py39/lib/python3.9/site-packages/airflow/example_dags/example_latest_only_with_trigger.py for tasks to queue
[2023-08-14T11:12:48.113+0200] {logging_mixin.py:150} INFO - [2023-08-14T11:12:48.112+0200] {dagbag.py:541} INFO - Filling up the DagBag from /home/akhilesh/py39/lib/python3.9/site-packages/airflow/example_dags/example_latest_only_with_trigger.py
[2023-08-14T11:12:48.123+0200] {processor.py:836} INFO - DAG(s) dict_keys(['latest_only_with_trigger']) retrieved from /home/akhilesh/py39/lib/python3.9/site-packages/airflow/example_dags/example_latest_only_with_trigger.py
[2023-08-14T11:12:48.139+0200] {logging_mixin.py:150} INFO - [2023-08-14T11:12:48.138+0200] {dag.py:2742} INFO - Sync 1 DAGs
[2023-08-14T11:12:48.155+0200] {logging_mixin.py:150} INFO - [2023-08-14T11:12:48.155+0200] {dag.py:3504} INFO - Setting next_dagrun for latest_only_with_trigger to 2023-08-14T05:12:48.154822+00:00, run_after=2023-08-14T09:12:48.154822+00:00
[2023-08-14T11:12:48.188+0200] {processor.py:179} INFO - Processing /home/akhilesh/py39/lib/python3.9/site-packages/airflow/example_dags/example_latest_only_with_trigger.py took 0.089 seconds
[2023-08-14T11:15:27.052+0200] {processor.py:157} INFO - Started process (PID=464865) to work on /home/akhilesh/py39/lib/python3.9/site-packages/airflow/example_dags/example_latest_only_with_trigger.py
[2023-08-14T11:15:27.053+0200] {processor.py:826} INFO - Processing file /home/akhilesh/py39/lib/python3.9/site-packages/airflow/example_dags/example_latest_only_with_trigger.py for tasks to queue
[2023-08-14T11:15:27.055+0200] {logging_mixin.py:150} INFO - [2023-08-14T11:15:27.054+0200] {dagbag.py:541} INFO - Filling up the DagBag from /home/akhilesh/py39/lib/python3.9/site-packages/airflow/example_dags/example_latest_only_with_trigger.py
[2023-08-14T11:15:27.062+0200] {processor.py:836} INFO - DAG(s) dict_keys(['latest_only_with_trigger']) retrieved from /home/akhilesh/py39/lib/python3.9/site-packages/airflow/example_dags/example_latest_only_with_trigger.py
[2023-08-14T11:15:27.078+0200] {logging_mixin.py:150} INFO - [2023-08-14T11:15:27.078+0200] {dag.py:2742} INFO - Sync 1 DAGs
[2023-08-14T11:15:27.090+0200] {logging_mixin.py:150} INFO - [2023-08-14T11:15:27.089+0200] {dag.py:3504} INFO - Setting next_dagrun for latest_only_with_trigger to 2023-08-14T05:15:27.089766+00:00, run_after=2023-08-14T09:15:27.089766+00:00
[2023-08-14T11:15:27.115+0200] {processor.py:179} INFO - Processing /home/akhilesh/py39/lib/python3.9/site-packages/airflow/example_dags/example_latest_only_with_trigger.py took 0.066 seconds
[2023-08-14T11:16:15.091+0200] {processor.py:157} INFO - Started process (PID=465028) to work on /home/akhilesh/py39/lib/python3.9/site-packages/airflow/example_dags/example_latest_only_with_trigger.py
[2023-08-14T11:16:15.100+0200] {processor.py:826} INFO - Processing file /home/akhilesh/py39/lib/python3.9/site-packages/airflow/example_dags/example_latest_only_with_trigger.py for tasks to queue
[2023-08-14T11:16:15.100+0200] {logging_mixin.py:150} INFO - [2023-08-14T11:16:15.100+0200] {dagbag.py:541} INFO - Filling up the DagBag from /home/akhilesh/py39/lib/python3.9/site-packages/airflow/example_dags/example_latest_only_with_trigger.py
[2023-08-14T11:16:15.108+0200] {processor.py:836} INFO - DAG(s) dict_keys(['latest_only_with_trigger']) retrieved from /home/akhilesh/py39/lib/python3.9/site-packages/airflow/example_dags/example_latest_only_with_trigger.py
[2023-08-14T11:16:15.124+0200] {logging_mixin.py:150} INFO - [2023-08-14T11:16:15.124+0200] {dag.py:2742} INFO - Sync 1 DAGs
[2023-08-14T11:16:15.137+0200] {logging_mixin.py:150} INFO - [2023-08-14T11:16:15.137+0200] {dag.py:3504} INFO - Setting next_dagrun for latest_only_with_trigger to 2023-08-14T05:16:15.137040+00:00, run_after=2023-08-14T09:16:15.137040+00:00
[2023-08-14T11:16:15.167+0200] {processor.py:179} INFO - Processing /home/akhilesh/py39/lib/python3.9/site-packages/airflow/example_dags/example_latest_only_with_trigger.py took 0.081 seconds
[2023-08-14T11:17:09.294+0200] {processor.py:157} INFO - Started process (PID=465174) to work on /home/akhilesh/py39/lib/python3.9/site-packages/airflow/example_dags/example_latest_only_with_trigger.py
[2023-08-14T11:17:09.295+0200] {processor.py:826} INFO - Processing file /home/akhilesh/py39/lib/python3.9/site-packages/airflow/example_dags/example_latest_only_with_trigger.py for tasks to queue
[2023-08-14T11:17:09.297+0200] {logging_mixin.py:150} INFO - [2023-08-14T11:17:09.296+0200] {dagbag.py:541} INFO - Filling up the DagBag from /home/akhilesh/py39/lib/python3.9/site-packages/airflow/example_dags/example_latest_only_with_trigger.py
[2023-08-14T11:17:09.301+0200] {processor.py:836} INFO - DAG(s) dict_keys(['latest_only_with_trigger']) retrieved from /home/akhilesh/py39/lib/python3.9/site-packages/airflow/example_dags/example_latest_only_with_trigger.py
[2023-08-14T11:17:09.316+0200] {logging_mixin.py:150} INFO - [2023-08-14T11:17:09.316+0200] {dag.py:2742} INFO - Sync 1 DAGs
[2023-08-14T11:17:09.329+0200] {logging_mixin.py:150} INFO - [2023-08-14T11:17:09.329+0200] {dag.py:3504} INFO - Setting next_dagrun for latest_only_with_trigger to 2023-08-14T05:17:09.329515+00:00, run_after=2023-08-14T09:17:09.329515+00:00
[2023-08-14T11:17:09.358+0200] {processor.py:179} INFO - Processing /home/akhilesh/py39/lib/python3.9/site-packages/airflow/example_dags/example_latest_only_with_trigger.py took 0.068 seconds
[2023-08-14T11:18:02.454+0200] {processor.py:157} INFO - Started process (PID=465322) to work on /home/akhilesh/py39/lib/python3.9/site-packages/airflow/example_dags/example_latest_only_with_trigger.py
[2023-08-14T11:18:02.464+0200] {processor.py:826} INFO - Processing file /home/akhilesh/py39/lib/python3.9/site-packages/airflow/example_dags/example_latest_only_with_trigger.py for tasks to queue
[2023-08-14T11:18:02.465+0200] {logging_mixin.py:150} INFO - [2023-08-14T11:18:02.465+0200] {dagbag.py:541} INFO - Filling up the DagBag from /home/akhilesh/py39/lib/python3.9/site-packages/airflow/example_dags/example_latest_only_with_trigger.py
[2023-08-14T11:18:02.475+0200] {processor.py:836} INFO - DAG(s) dict_keys(['latest_only_with_trigger']) retrieved from /home/akhilesh/py39/lib/python3.9/site-packages/airflow/example_dags/example_latest_only_with_trigger.py
[2023-08-14T11:18:02.490+0200] {logging_mixin.py:150} INFO - [2023-08-14T11:18:02.490+0200] {dag.py:2742} INFO - Sync 1 DAGs
[2023-08-14T11:18:02.503+0200] {logging_mixin.py:150} INFO - [2023-08-14T11:18:02.503+0200] {dag.py:3504} INFO - Setting next_dagrun for latest_only_with_trigger to 2023-08-14T05:18:02.503557+00:00, run_after=2023-08-14T09:18:02.503557+00:00
[2023-08-14T11:18:02.532+0200] {processor.py:179} INFO - Processing /home/akhilesh/py39/lib/python3.9/site-packages/airflow/example_dags/example_latest_only_with_trigger.py took 0.082 seconds
[2023-08-14T11:18:53.417+0200] {processor.py:157} INFO - Started process (PID=465625) to work on /home/akhilesh/py39/lib/python3.9/site-packages/airflow/example_dags/example_latest_only_with_trigger.py
[2023-08-14T11:18:53.426+0200] {processor.py:826} INFO - Processing file /home/akhilesh/py39/lib/python3.9/site-packages/airflow/example_dags/example_latest_only_with_trigger.py for tasks to queue
[2023-08-14T11:18:53.427+0200] {logging_mixin.py:150} INFO - [2023-08-14T11:18:53.427+0200] {dagbag.py:541} INFO - Filling up the DagBag from /home/akhilesh/py39/lib/python3.9/site-packages/airflow/example_dags/example_latest_only_with_trigger.py
[2023-08-14T11:18:53.436+0200] {processor.py:836} INFO - DAG(s) dict_keys(['latest_only_with_trigger']) retrieved from /home/akhilesh/py39/lib/python3.9/site-packages/airflow/example_dags/example_latest_only_with_trigger.py
[2023-08-14T11:18:53.449+0200] {logging_mixin.py:150} INFO - [2023-08-14T11:18:53.449+0200] {dag.py:2742} INFO - Sync 1 DAGs
[2023-08-14T11:18:53.462+0200] {logging_mixin.py:150} INFO - [2023-08-14T11:18:53.462+0200] {dag.py:3504} INFO - Setting next_dagrun for latest_only_with_trigger to 2023-08-14T05:18:53.462230+00:00, run_after=2023-08-14T09:18:53.462230+00:00
[2023-08-14T11:18:53.495+0200] {processor.py:179} INFO - Processing /home/akhilesh/py39/lib/python3.9/site-packages/airflow/example_dags/example_latest_only_with_trigger.py took 0.082 seconds
[2023-08-14T11:20:44.878+0200] {processor.py:157} INFO - Started process (PID=465975) to work on /home/akhilesh/py39/lib/python3.9/site-packages/airflow/example_dags/example_latest_only_with_trigger.py
[2023-08-14T11:20:44.880+0200] {processor.py:826} INFO - Processing file /home/akhilesh/py39/lib/python3.9/site-packages/airflow/example_dags/example_latest_only_with_trigger.py for tasks to queue
[2023-08-14T11:20:44.881+0200] {logging_mixin.py:150} INFO - [2023-08-14T11:20:44.880+0200] {dagbag.py:541} INFO - Filling up the DagBag from /home/akhilesh/py39/lib/python3.9/site-packages/airflow/example_dags/example_latest_only_with_trigger.py
[2023-08-14T11:20:44.886+0200] {processor.py:836} INFO - DAG(s) dict_keys(['latest_only_with_trigger']) retrieved from /home/akhilesh/py39/lib/python3.9/site-packages/airflow/example_dags/example_latest_only_with_trigger.py
[2023-08-14T11:20:44.897+0200] {logging_mixin.py:150} INFO - [2023-08-14T11:20:44.897+0200] {dag.py:2742} INFO - Sync 1 DAGs
[2023-08-14T11:20:44.907+0200] {logging_mixin.py:150} INFO - [2023-08-14T11:20:44.907+0200] {dag.py:3504} INFO - Setting next_dagrun for latest_only_with_trigger to 2023-08-14T05:20:44.907389+00:00, run_after=2023-08-14T09:20:44.907389+00:00
[2023-08-14T11:20:44.932+0200] {processor.py:179} INFO - Processing /home/akhilesh/py39/lib/python3.9/site-packages/airflow/example_dags/example_latest_only_with_trigger.py took 0.057 seconds
[2023-08-14T11:21:30.377+0200] {processor.py:157} INFO - Started process (PID=466129) to work on /home/akhilesh/py39/lib/python3.9/site-packages/airflow/example_dags/example_latest_only_with_trigger.py
[2023-08-14T11:21:30.387+0200] {processor.py:826} INFO - Processing file /home/akhilesh/py39/lib/python3.9/site-packages/airflow/example_dags/example_latest_only_with_trigger.py for tasks to queue
[2023-08-14T11:21:30.388+0200] {logging_mixin.py:150} INFO - [2023-08-14T11:21:30.388+0200] {dagbag.py:541} INFO - Filling up the DagBag from /home/akhilesh/py39/lib/python3.9/site-packages/airflow/example_dags/example_latest_only_with_trigger.py
[2023-08-14T11:21:30.397+0200] {processor.py:836} INFO - DAG(s) dict_keys(['latest_only_with_trigger']) retrieved from /home/akhilesh/py39/lib/python3.9/site-packages/airflow/example_dags/example_latest_only_with_trigger.py
[2023-08-14T11:21:30.413+0200] {logging_mixin.py:150} INFO - [2023-08-14T11:21:30.413+0200] {dag.py:2742} INFO - Sync 1 DAGs
[2023-08-14T11:21:30.426+0200] {logging_mixin.py:150} INFO - [2023-08-14T11:21:30.426+0200] {dag.py:3504} INFO - Setting next_dagrun for latest_only_with_trigger to 2023-08-14T05:21:30.425831+00:00, run_after=2023-08-14T09:21:30.425831+00:00
[2023-08-14T11:21:30.455+0200] {processor.py:179} INFO - Processing /home/akhilesh/py39/lib/python3.9/site-packages/airflow/example_dags/example_latest_only_with_trigger.py took 0.081 seconds
[2023-08-14T11:22:17.763+0200] {processor.py:157} INFO - Started process (PID=466276) to work on /home/akhilesh/py39/lib/python3.9/site-packages/airflow/example_dags/example_latest_only_with_trigger.py
[2023-08-14T11:22:17.764+0200] {processor.py:826} INFO - Processing file /home/akhilesh/py39/lib/python3.9/site-packages/airflow/example_dags/example_latest_only_with_trigger.py for tasks to queue
[2023-08-14T11:22:17.765+0200] {logging_mixin.py:150} INFO - [2023-08-14T11:22:17.765+0200] {dagbag.py:541} INFO - Filling up the DagBag from /home/akhilesh/py39/lib/python3.9/site-packages/airflow/example_dags/example_latest_only_with_trigger.py
[2023-08-14T11:22:17.774+0200] {processor.py:836} INFO - DAG(s) dict_keys(['latest_only_with_trigger']) retrieved from /home/akhilesh/py39/lib/python3.9/site-packages/airflow/example_dags/example_latest_only_with_trigger.py
[2023-08-14T11:22:17.790+0200] {logging_mixin.py:150} INFO - [2023-08-14T11:22:17.790+0200] {dag.py:2742} INFO - Sync 1 DAGs
[2023-08-14T11:22:17.802+0200] {logging_mixin.py:150} INFO - [2023-08-14T11:22:17.802+0200] {dag.py:3504} INFO - Setting next_dagrun for latest_only_with_trigger to 2023-08-14T05:22:17.802343+00:00, run_after=2023-08-14T09:22:17.802343+00:00
[2023-08-14T11:22:17.831+0200] {processor.py:179} INFO - Processing /home/akhilesh/py39/lib/python3.9/site-packages/airflow/example_dags/example_latest_only_with_trigger.py took 0.072 seconds
[2023-08-14T11:23:12.333+0200] {processor.py:157} INFO - Started process (PID=466684) to work on /home/akhilesh/py39/lib/python3.9/site-packages/airflow/example_dags/example_latest_only_with_trigger.py
[2023-08-14T11:23:12.342+0200] {processor.py:826} INFO - Processing file /home/akhilesh/py39/lib/python3.9/site-packages/airflow/example_dags/example_latest_only_with_trigger.py for tasks to queue
[2023-08-14T11:23:12.344+0200] {logging_mixin.py:150} INFO - [2023-08-14T11:23:12.343+0200] {dagbag.py:541} INFO - Filling up the DagBag from /home/akhilesh/py39/lib/python3.9/site-packages/airflow/example_dags/example_latest_only_with_trigger.py
[2023-08-14T11:23:12.353+0200] {processor.py:836} INFO - DAG(s) dict_keys(['latest_only_with_trigger']) retrieved from /home/akhilesh/py39/lib/python3.9/site-packages/airflow/example_dags/example_latest_only_with_trigger.py
[2023-08-14T11:23:12.368+0200] {logging_mixin.py:150} INFO - [2023-08-14T11:23:12.367+0200] {dag.py:2742} INFO - Sync 1 DAGs
[2023-08-14T11:23:12.380+0200] {logging_mixin.py:150} INFO - [2023-08-14T11:23:12.380+0200] {dag.py:3504} INFO - Setting next_dagrun for latest_only_with_trigger to 2023-08-14T05:23:12.380102+00:00, run_after=2023-08-14T09:23:12.380102+00:00
[2023-08-14T11:23:12.406+0200] {processor.py:179} INFO - Processing /home/akhilesh/py39/lib/python3.9/site-packages/airflow/example_dags/example_latest_only_with_trigger.py took 0.077 seconds
[2023-08-14T11:24:00.503+0200] {processor.py:157} INFO - Started process (PID=467111) to work on /home/akhilesh/py39/lib/python3.9/site-packages/airflow/example_dags/example_latest_only_with_trigger.py
[2023-08-14T11:24:00.512+0200] {processor.py:826} INFO - Processing file /home/akhilesh/py39/lib/python3.9/site-packages/airflow/example_dags/example_latest_only_with_trigger.py for tasks to queue
[2023-08-14T11:24:00.514+0200] {logging_mixin.py:150} INFO - [2023-08-14T11:24:00.513+0200] {dagbag.py:541} INFO - Filling up the DagBag from /home/akhilesh/py39/lib/python3.9/site-packages/airflow/example_dags/example_latest_only_with_trigger.py
[2023-08-14T11:24:00.522+0200] {processor.py:836} INFO - DAG(s) dict_keys(['latest_only_with_trigger']) retrieved from /home/akhilesh/py39/lib/python3.9/site-packages/airflow/example_dags/example_latest_only_with_trigger.py
[2023-08-14T11:24:00.539+0200] {logging_mixin.py:150} INFO - [2023-08-14T11:24:00.539+0200] {dag.py:2742} INFO - Sync 1 DAGs
[2023-08-14T11:24:00.554+0200] {logging_mixin.py:150} INFO - [2023-08-14T11:24:00.554+0200] {dag.py:3504} INFO - Setting next_dagrun for latest_only_with_trigger to 2023-08-14T05:24:00.554093+00:00, run_after=2023-08-14T09:24:00.554093+00:00
[2023-08-14T11:24:00.586+0200] {processor.py:179} INFO - Processing /home/akhilesh/py39/lib/python3.9/site-packages/airflow/example_dags/example_latest_only_with_trigger.py took 0.089 seconds
[2023-08-14T11:24:49.896+0200] {processor.py:157} INFO - Started process (PID=467270) to work on /home/akhilesh/py39/lib/python3.9/site-packages/airflow/example_dags/example_latest_only_with_trigger.py
[2023-08-14T11:24:49.905+0200] {processor.py:826} INFO - Processing file /home/akhilesh/py39/lib/python3.9/site-packages/airflow/example_dags/example_latest_only_with_trigger.py for tasks to queue
[2023-08-14T11:24:49.906+0200] {logging_mixin.py:150} INFO - [2023-08-14T11:24:49.906+0200] {dagbag.py:541} INFO - Filling up the DagBag from /home/akhilesh/py39/lib/python3.9/site-packages/airflow/example_dags/example_latest_only_with_trigger.py
[2023-08-14T11:24:49.915+0200] {processor.py:836} INFO - DAG(s) dict_keys(['latest_only_with_trigger']) retrieved from /home/akhilesh/py39/lib/python3.9/site-packages/airflow/example_dags/example_latest_only_with_trigger.py
[2023-08-14T11:24:49.929+0200] {logging_mixin.py:150} INFO - [2023-08-14T11:24:49.929+0200] {dag.py:2742} INFO - Sync 1 DAGs
[2023-08-14T11:24:49.942+0200] {logging_mixin.py:150} INFO - [2023-08-14T11:24:49.941+0200] {dag.py:3504} INFO - Setting next_dagrun for latest_only_with_trigger to 2023-08-14T05:24:49.941782+00:00, run_after=2023-08-14T09:24:49.941782+00:00
[2023-08-14T11:24:49.976+0200] {processor.py:179} INFO - Processing /home/akhilesh/py39/lib/python3.9/site-packages/airflow/example_dags/example_latest_only_with_trigger.py took 0.084 seconds
[2023-08-14T11:25:38.662+0200] {processor.py:157} INFO - Started process (PID=467852) to work on /home/akhilesh/py39/lib/python3.9/site-packages/airflow/example_dags/example_latest_only_with_trigger.py
[2023-08-14T11:25:38.671+0200] {processor.py:826} INFO - Processing file /home/akhilesh/py39/lib/python3.9/site-packages/airflow/example_dags/example_latest_only_with_trigger.py for tasks to queue
[2023-08-14T11:25:38.673+0200] {logging_mixin.py:150} INFO - [2023-08-14T11:25:38.672+0200] {dagbag.py:541} INFO - Filling up the DagBag from /home/akhilesh/py39/lib/python3.9/site-packages/airflow/example_dags/example_latest_only_with_trigger.py
[2023-08-14T11:25:38.682+0200] {processor.py:836} INFO - DAG(s) dict_keys(['latest_only_with_trigger']) retrieved from /home/akhilesh/py39/lib/python3.9/site-packages/airflow/example_dags/example_latest_only_with_trigger.py
[2023-08-14T11:25:38.696+0200] {logging_mixin.py:150} INFO - [2023-08-14T11:25:38.696+0200] {dag.py:2742} INFO - Sync 1 DAGs
[2023-08-14T11:25:38.709+0200] {logging_mixin.py:150} INFO - [2023-08-14T11:25:38.709+0200] {dag.py:3504} INFO - Setting next_dagrun for latest_only_with_trigger to 2023-08-14T05:25:38.709238+00:00, run_after=2023-08-14T09:25:38.709238+00:00
[2023-08-14T11:25:38.744+0200] {processor.py:179} INFO - Processing /home/akhilesh/py39/lib/python3.9/site-packages/airflow/example_dags/example_latest_only_with_trigger.py took 0.086 seconds
