[2023-08-14T10:22:24.368+0200] {processor.py:157} INFO - Started process (PID=453409) to work on /home/akhilesh/py39/lib/python3.9/site-packages/airflow/example_dags/example_short_circuit_decorator.py
[2023-08-14T10:22:24.369+0200] {processor.py:826} INFO - Processing file /home/akhilesh/py39/lib/python3.9/site-packages/airflow/example_dags/example_short_circuit_decorator.py for tasks to queue
[2023-08-14T10:22:24.370+0200] {logging_mixin.py:150} INFO - [2023-08-14T10:22:24.370+0200] {dagbag.py:541} INFO - Filling up the DagBag from /home/akhilesh/py39/lib/python3.9/site-packages/airflow/example_dags/example_short_circuit_decorator.py
[2023-08-14T10:22:24.378+0200] {processor.py:836} INFO - DAG(s) dict_keys(['example_short_circuit_decorator']) retrieved from /home/akhilesh/py39/lib/python3.9/site-packages/airflow/example_dags/example_short_circuit_decorator.py
[2023-08-14T10:22:24.393+0200] {logging_mixin.py:150} INFO - [2023-08-14T10:22:24.393+0200] {dag.py:2742} INFO - Sync 1 DAGs
[2023-08-14T10:22:24.408+0200] {logging_mixin.py:150} INFO - [2023-08-14T10:22:24.408+0200] {dag.py:3504} INFO - Setting next_dagrun for example_short_circuit_decorator to 2023-08-13T08:22:24.408363+00:00, run_after=2023-08-14T08:22:24.408363+00:00
[2023-08-14T10:22:24.433+0200] {processor.py:179} INFO - Processing /home/akhilesh/py39/lib/python3.9/site-packages/airflow/example_dags/example_short_circuit_decorator.py took 0.069 seconds
[2023-08-14T10:23:10.896+0200] {processor.py:157} INFO - Started process (PID=453547) to work on /home/akhilesh/py39/lib/python3.9/site-packages/airflow/example_dags/example_short_circuit_decorator.py
[2023-08-14T10:23:10.905+0200] {processor.py:826} INFO - Processing file /home/akhilesh/py39/lib/python3.9/site-packages/airflow/example_dags/example_short_circuit_decorator.py for tasks to queue
[2023-08-14T10:23:10.907+0200] {logging_mixin.py:150} INFO - [2023-08-14T10:23:10.906+0200] {dagbag.py:541} INFO - Filling up the DagBag from /home/akhilesh/py39/lib/python3.9/site-packages/airflow/example_dags/example_short_circuit_decorator.py
[2023-08-14T10:23:10.917+0200] {processor.py:836} INFO - DAG(s) dict_keys(['example_short_circuit_decorator']) retrieved from /home/akhilesh/py39/lib/python3.9/site-packages/airflow/example_dags/example_short_circuit_decorator.py
[2023-08-14T10:23:10.934+0200] {logging_mixin.py:150} INFO - [2023-08-14T10:23:10.934+0200] {dag.py:2742} INFO - Sync 1 DAGs
[2023-08-14T10:23:10.949+0200] {logging_mixin.py:150} INFO - [2023-08-14T10:23:10.949+0200] {dag.py:3504} INFO - Setting next_dagrun for example_short_circuit_decorator to 2023-08-13T08:23:10.949156+00:00, run_after=2023-08-14T08:23:10.949156+00:00
[2023-08-14T10:23:10.974+0200] {processor.py:179} INFO - Processing /home/akhilesh/py39/lib/python3.9/site-packages/airflow/example_dags/example_short_circuit_decorator.py took 0.082 seconds
[2023-08-14T10:24:08.562+0200] {processor.py:157} INFO - Started process (PID=453838) to work on /home/akhilesh/py39/lib/python3.9/site-packages/airflow/example_dags/example_short_circuit_decorator.py
[2023-08-14T10:24:08.563+0200] {processor.py:826} INFO - Processing file /home/akhilesh/py39/lib/python3.9/site-packages/airflow/example_dags/example_short_circuit_decorator.py for tasks to queue
[2023-08-14T10:24:08.564+0200] {logging_mixin.py:150} INFO - [2023-08-14T10:24:08.564+0200] {dagbag.py:541} INFO - Filling up the DagBag from /home/akhilesh/py39/lib/python3.9/site-packages/airflow/example_dags/example_short_circuit_decorator.py
[2023-08-14T10:24:08.572+0200] {processor.py:836} INFO - DAG(s) dict_keys(['example_short_circuit_decorator']) retrieved from /home/akhilesh/py39/lib/python3.9/site-packages/airflow/example_dags/example_short_circuit_decorator.py
[2023-08-14T10:24:08.593+0200] {logging_mixin.py:150} INFO - [2023-08-14T10:24:08.592+0200] {dag.py:2742} INFO - Sync 1 DAGs
[2023-08-14T10:24:08.616+0200] {logging_mixin.py:150} INFO - [2023-08-14T10:24:08.615+0200] {dag.py:3504} INFO - Setting next_dagrun for example_short_circuit_decorator to 2023-08-13T08:24:08.615473+00:00, run_after=2023-08-14T08:24:08.615473+00:00
[2023-08-14T10:24:08.639+0200] {processor.py:179} INFO - Processing /home/akhilesh/py39/lib/python3.9/site-packages/airflow/example_dags/example_short_circuit_decorator.py took 0.081 seconds
[2023-08-14T10:24:53.881+0200] {processor.py:157} INFO - Started process (PID=454020) to work on /home/akhilesh/py39/lib/python3.9/site-packages/airflow/example_dags/example_short_circuit_decorator.py
[2023-08-14T10:24:53.890+0200] {processor.py:826} INFO - Processing file /home/akhilesh/py39/lib/python3.9/site-packages/airflow/example_dags/example_short_circuit_decorator.py for tasks to queue
[2023-08-14T10:24:53.891+0200] {logging_mixin.py:150} INFO - [2023-08-14T10:24:53.890+0200] {dagbag.py:541} INFO - Filling up the DagBag from /home/akhilesh/py39/lib/python3.9/site-packages/airflow/example_dags/example_short_circuit_decorator.py
[2023-08-14T10:24:53.903+0200] {processor.py:836} INFO - DAG(s) dict_keys(['example_short_circuit_decorator']) retrieved from /home/akhilesh/py39/lib/python3.9/site-packages/airflow/example_dags/example_short_circuit_decorator.py
[2023-08-14T10:24:53.920+0200] {logging_mixin.py:150} INFO - [2023-08-14T10:24:53.919+0200] {dag.py:2742} INFO - Sync 1 DAGs
[2023-08-14T10:24:53.939+0200] {logging_mixin.py:150} INFO - [2023-08-14T10:24:53.938+0200] {dag.py:3504} INFO - Setting next_dagrun for example_short_circuit_decorator to 2023-08-13T08:24:53.938502+00:00, run_after=2023-08-14T08:24:53.938502+00:00
[2023-08-14T10:24:54.138+0200] {processor.py:179} INFO - Processing /home/akhilesh/py39/lib/python3.9/site-packages/airflow/example_dags/example_short_circuit_decorator.py took 0.261 seconds
[2023-08-14T10:25:42.791+0200] {processor.py:157} INFO - Started process (PID=454143) to work on /home/akhilesh/py39/lib/python3.9/site-packages/airflow/example_dags/example_short_circuit_decorator.py
[2023-08-14T10:25:42.800+0200] {processor.py:826} INFO - Processing file /home/akhilesh/py39/lib/python3.9/site-packages/airflow/example_dags/example_short_circuit_decorator.py for tasks to queue
[2023-08-14T10:25:42.801+0200] {logging_mixin.py:150} INFO - [2023-08-14T10:25:42.800+0200] {dagbag.py:541} INFO - Filling up the DagBag from /home/akhilesh/py39/lib/python3.9/site-packages/airflow/example_dags/example_short_circuit_decorator.py
[2023-08-14T10:25:42.813+0200] {processor.py:836} INFO - DAG(s) dict_keys(['example_short_circuit_decorator']) retrieved from /home/akhilesh/py39/lib/python3.9/site-packages/airflow/example_dags/example_short_circuit_decorator.py
[2023-08-14T10:25:42.830+0200] {logging_mixin.py:150} INFO - [2023-08-14T10:25:42.830+0200] {dag.py:2742} INFO - Sync 1 DAGs
[2023-08-14T10:25:42.845+0200] {logging_mixin.py:150} INFO - [2023-08-14T10:25:42.844+0200] {dag.py:3504} INFO - Setting next_dagrun for example_short_circuit_decorator to 2023-08-13T08:25:42.844766+00:00, run_after=2023-08-14T08:25:42.844766+00:00
[2023-08-14T10:25:42.867+0200] {processor.py:179} INFO - Processing /home/akhilesh/py39/lib/python3.9/site-packages/airflow/example_dags/example_short_circuit_decorator.py took 0.080 seconds
[2023-08-14T10:26:28.077+0200] {processor.py:157} INFO - Started process (PID=454334) to work on /home/akhilesh/py39/lib/python3.9/site-packages/airflow/example_dags/example_short_circuit_decorator.py
[2023-08-14T10:26:28.086+0200] {processor.py:826} INFO - Processing file /home/akhilesh/py39/lib/python3.9/site-packages/airflow/example_dags/example_short_circuit_decorator.py for tasks to queue
[2023-08-14T10:26:28.087+0200] {logging_mixin.py:150} INFO - [2023-08-14T10:26:28.087+0200] {dagbag.py:541} INFO - Filling up the DagBag from /home/akhilesh/py39/lib/python3.9/site-packages/airflow/example_dags/example_short_circuit_decorator.py
[2023-08-14T10:26:28.098+0200] {processor.py:836} INFO - DAG(s) dict_keys(['example_short_circuit_decorator']) retrieved from /home/akhilesh/py39/lib/python3.9/site-packages/airflow/example_dags/example_short_circuit_decorator.py
[2023-08-14T10:26:28.112+0200] {logging_mixin.py:150} INFO - [2023-08-14T10:26:28.112+0200] {dag.py:2742} INFO - Sync 1 DAGs
[2023-08-14T10:26:28.124+0200] {logging_mixin.py:150} INFO - [2023-08-14T10:26:28.124+0200] {dag.py:3504} INFO - Setting next_dagrun for example_short_circuit_decorator to 2023-08-13T08:26:28.124420+00:00, run_after=2023-08-14T08:26:28.124420+00:00
[2023-08-14T10:26:28.219+0200] {processor.py:179} INFO - Processing /home/akhilesh/py39/lib/python3.9/site-packages/airflow/example_dags/example_short_circuit_decorator.py took 0.145 seconds
[2023-08-14T10:27:27.308+0200] {processor.py:157} INFO - Started process (PID=454723) to work on /home/akhilesh/py39/lib/python3.9/site-packages/airflow/example_dags/example_short_circuit_decorator.py
[2023-08-14T10:27:27.317+0200] {processor.py:826} INFO - Processing file /home/akhilesh/py39/lib/python3.9/site-packages/airflow/example_dags/example_short_circuit_decorator.py for tasks to queue
[2023-08-14T10:27:27.319+0200] {logging_mixin.py:150} INFO - [2023-08-14T10:27:27.318+0200] {dagbag.py:541} INFO - Filling up the DagBag from /home/akhilesh/py39/lib/python3.9/site-packages/airflow/example_dags/example_short_circuit_decorator.py
[2023-08-14T10:27:27.330+0200] {processor.py:836} INFO - DAG(s) dict_keys(['example_short_circuit_decorator']) retrieved from /home/akhilesh/py39/lib/python3.9/site-packages/airflow/example_dags/example_short_circuit_decorator.py
[2023-08-14T10:27:27.347+0200] {logging_mixin.py:150} INFO - [2023-08-14T10:27:27.347+0200] {dag.py:2742} INFO - Sync 1 DAGs
[2023-08-14T10:27:27.365+0200] {logging_mixin.py:150} INFO - [2023-08-14T10:27:27.364+0200] {dag.py:3504} INFO - Setting next_dagrun for example_short_circuit_decorator to 2023-08-13T08:27:27.364750+00:00, run_after=2023-08-14T08:27:27.364750+00:00
[2023-08-14T10:27:27.388+0200] {processor.py:179} INFO - Processing /home/akhilesh/py39/lib/python3.9/site-packages/airflow/example_dags/example_short_circuit_decorator.py took 0.084 seconds
[2023-08-14T10:28:24.004+0200] {processor.py:157} INFO - Started process (PID=454962) to work on /home/akhilesh/py39/lib/python3.9/site-packages/airflow/example_dags/example_short_circuit_decorator.py
[2023-08-14T10:28:24.012+0200] {processor.py:826} INFO - Processing file /home/akhilesh/py39/lib/python3.9/site-packages/airflow/example_dags/example_short_circuit_decorator.py for tasks to queue
[2023-08-14T10:28:24.014+0200] {logging_mixin.py:150} INFO - [2023-08-14T10:28:24.013+0200] {dagbag.py:541} INFO - Filling up the DagBag from /home/akhilesh/py39/lib/python3.9/site-packages/airflow/example_dags/example_short_circuit_decorator.py
[2023-08-14T10:28:24.025+0200] {processor.py:836} INFO - DAG(s) dict_keys(['example_short_circuit_decorator']) retrieved from /home/akhilesh/py39/lib/python3.9/site-packages/airflow/example_dags/example_short_circuit_decorator.py
[2023-08-14T10:28:24.039+0200] {logging_mixin.py:150} INFO - [2023-08-14T10:28:24.039+0200] {dag.py:2742} INFO - Sync 1 DAGs
[2023-08-14T10:28:24.134+0200] {logging_mixin.py:150} INFO - [2023-08-14T10:28:24.134+0200] {dag.py:3504} INFO - Setting next_dagrun for example_short_circuit_decorator to 2023-08-13T08:28:24.133891+00:00, run_after=2023-08-14T08:28:24.133891+00:00
[2023-08-14T10:28:24.164+0200] {processor.py:179} INFO - Processing /home/akhilesh/py39/lib/python3.9/site-packages/airflow/example_dags/example_short_circuit_decorator.py took 0.163 seconds
[2023-08-14T10:29:27.852+0200] {processor.py:157} INFO - Started process (PID=455199) to work on /home/akhilesh/py39/lib/python3.9/site-packages/airflow/example_dags/example_short_circuit_decorator.py
[2023-08-14T10:29:27.861+0200] {processor.py:826} INFO - Processing file /home/akhilesh/py39/lib/python3.9/site-packages/airflow/example_dags/example_short_circuit_decorator.py for tasks to queue
[2023-08-14T10:29:27.863+0200] {logging_mixin.py:150} INFO - [2023-08-14T10:29:27.862+0200] {dagbag.py:541} INFO - Filling up the DagBag from /home/akhilesh/py39/lib/python3.9/site-packages/airflow/example_dags/example_short_circuit_decorator.py
[2023-08-14T10:29:27.873+0200] {processor.py:836} INFO - DAG(s) dict_keys(['example_short_circuit_decorator']) retrieved from /home/akhilesh/py39/lib/python3.9/site-packages/airflow/example_dags/example_short_circuit_decorator.py
[2023-08-14T10:29:27.889+0200] {logging_mixin.py:150} INFO - [2023-08-14T10:29:27.888+0200] {dag.py:2742} INFO - Sync 1 DAGs
[2023-08-14T10:29:27.904+0200] {logging_mixin.py:150} INFO - [2023-08-14T10:29:27.904+0200] {dag.py:3504} INFO - Setting next_dagrun for example_short_circuit_decorator to 2023-08-13T08:29:27.904410+00:00, run_after=2023-08-14T08:29:27.904410+00:00
[2023-08-14T10:29:28.089+0200] {processor.py:179} INFO - Processing /home/akhilesh/py39/lib/python3.9/site-packages/airflow/example_dags/example_short_circuit_decorator.py took 0.240 seconds
[2023-08-14T10:30:15.852+0200] {processor.py:157} INFO - Started process (PID=455320) to work on /home/akhilesh/py39/lib/python3.9/site-packages/airflow/example_dags/example_short_circuit_decorator.py
[2023-08-14T10:30:15.861+0200] {processor.py:826} INFO - Processing file /home/akhilesh/py39/lib/python3.9/site-packages/airflow/example_dags/example_short_circuit_decorator.py for tasks to queue
[2023-08-14T10:30:15.862+0200] {logging_mixin.py:150} INFO - [2023-08-14T10:30:15.862+0200] {dagbag.py:541} INFO - Filling up the DagBag from /home/akhilesh/py39/lib/python3.9/site-packages/airflow/example_dags/example_short_circuit_decorator.py
[2023-08-14T10:30:15.873+0200] {processor.py:836} INFO - DAG(s) dict_keys(['example_short_circuit_decorator']) retrieved from /home/akhilesh/py39/lib/python3.9/site-packages/airflow/example_dags/example_short_circuit_decorator.py
[2023-08-14T10:30:15.999+0200] {logging_mixin.py:150} INFO - [2023-08-14T10:30:15.999+0200] {dag.py:2742} INFO - Sync 1 DAGs
[2023-08-14T10:30:16.012+0200] {logging_mixin.py:150} INFO - [2023-08-14T10:30:16.012+0200] {dag.py:3504} INFO - Setting next_dagrun for example_short_circuit_decorator to 2023-08-13T08:30:16.012491+00:00, run_after=2023-08-14T08:30:16.012491+00:00
[2023-08-14T10:30:16.045+0200] {processor.py:179} INFO - Processing /home/akhilesh/py39/lib/python3.9/site-packages/airflow/example_dags/example_short_circuit_decorator.py took 0.197 seconds
[2023-08-14T10:31:01.950+0200] {processor.py:157} INFO - Started process (PID=455472) to work on /home/akhilesh/py39/lib/python3.9/site-packages/airflow/example_dags/example_short_circuit_decorator.py
[2023-08-14T10:31:01.959+0200] {processor.py:826} INFO - Processing file /home/akhilesh/py39/lib/python3.9/site-packages/airflow/example_dags/example_short_circuit_decorator.py for tasks to queue
[2023-08-14T10:31:01.961+0200] {logging_mixin.py:150} INFO - [2023-08-14T10:31:01.961+0200] {dagbag.py:541} INFO - Filling up the DagBag from /home/akhilesh/py39/lib/python3.9/site-packages/airflow/example_dags/example_short_circuit_decorator.py
[2023-08-14T10:31:01.973+0200] {processor.py:836} INFO - DAG(s) dict_keys(['example_short_circuit_decorator']) retrieved from /home/akhilesh/py39/lib/python3.9/site-packages/airflow/example_dags/example_short_circuit_decorator.py
[2023-08-14T10:31:01.987+0200] {logging_mixin.py:150} INFO - [2023-08-14T10:31:01.987+0200] {dag.py:2742} INFO - Sync 1 DAGs
[2023-08-14T10:31:02.001+0200] {logging_mixin.py:150} INFO - [2023-08-14T10:31:02.001+0200] {dag.py:3504} INFO - Setting next_dagrun for example_short_circuit_decorator to 2023-08-13T08:31:02.000933+00:00, run_after=2023-08-14T08:31:02.000933+00:00
[2023-08-14T10:31:02.032+0200] {processor.py:179} INFO - Processing /home/akhilesh/py39/lib/python3.9/site-packages/airflow/example_dags/example_short_circuit_decorator.py took 0.086 seconds
[2023-08-14T10:31:52.000+0200] {processor.py:157} INFO - Started process (PID=455614) to work on /home/akhilesh/py39/lib/python3.9/site-packages/airflow/example_dags/example_short_circuit_decorator.py
[2023-08-14T10:31:52.001+0200] {processor.py:826} INFO - Processing file /home/akhilesh/py39/lib/python3.9/site-packages/airflow/example_dags/example_short_circuit_decorator.py for tasks to queue
[2023-08-14T10:31:52.002+0200] {logging_mixin.py:150} INFO - [2023-08-14T10:31:52.001+0200] {dagbag.py:541} INFO - Filling up the DagBag from /home/akhilesh/py39/lib/python3.9/site-packages/airflow/example_dags/example_short_circuit_decorator.py
[2023-08-14T10:31:52.011+0200] {processor.py:836} INFO - DAG(s) dict_keys(['example_short_circuit_decorator']) retrieved from /home/akhilesh/py39/lib/python3.9/site-packages/airflow/example_dags/example_short_circuit_decorator.py
[2023-08-14T10:31:52.027+0200] {logging_mixin.py:150} INFO - [2023-08-14T10:31:52.027+0200] {dag.py:2742} INFO - Sync 1 DAGs
[2023-08-14T10:31:52.043+0200] {logging_mixin.py:150} INFO - [2023-08-14T10:31:52.043+0200] {dag.py:3504} INFO - Setting next_dagrun for example_short_circuit_decorator to 2023-08-13T08:31:52.043163+00:00, run_after=2023-08-14T08:31:52.043163+00:00
[2023-08-14T10:31:52.068+0200] {processor.py:179} INFO - Processing /home/akhilesh/py39/lib/python3.9/site-packages/airflow/example_dags/example_short_circuit_decorator.py took 0.072 seconds
[2023-08-14T10:32:39.223+0200] {processor.py:157} INFO - Started process (PID=455880) to work on /home/akhilesh/py39/lib/python3.9/site-packages/airflow/example_dags/example_short_circuit_decorator.py
[2023-08-14T10:32:39.233+0200] {processor.py:826} INFO - Processing file /home/akhilesh/py39/lib/python3.9/site-packages/airflow/example_dags/example_short_circuit_decorator.py for tasks to queue
[2023-08-14T10:32:39.234+0200] {logging_mixin.py:150} INFO - [2023-08-14T10:32:39.233+0200] {dagbag.py:541} INFO - Filling up the DagBag from /home/akhilesh/py39/lib/python3.9/site-packages/airflow/example_dags/example_short_circuit_decorator.py
[2023-08-14T10:32:39.248+0200] {processor.py:836} INFO - DAG(s) dict_keys(['example_short_circuit_decorator']) retrieved from /home/akhilesh/py39/lib/python3.9/site-packages/airflow/example_dags/example_short_circuit_decorator.py
[2023-08-14T10:32:39.269+0200] {logging_mixin.py:150} INFO - [2023-08-14T10:32:39.269+0200] {dag.py:2742} INFO - Sync 1 DAGs
[2023-08-14T10:32:39.287+0200] {logging_mixin.py:150} INFO - [2023-08-14T10:32:39.287+0200] {dag.py:3504} INFO - Setting next_dagrun for example_short_circuit_decorator to 2023-08-13T08:32:39.287209+00:00, run_after=2023-08-14T08:32:39.287209+00:00
[2023-08-14T10:32:39.307+0200] {processor.py:179} INFO - Processing /home/akhilesh/py39/lib/python3.9/site-packages/airflow/example_dags/example_short_circuit_decorator.py took 0.088 seconds
[2023-08-14T10:33:31.220+0200] {processor.py:157} INFO - Started process (PID=456006) to work on /home/akhilesh/py39/lib/python3.9/site-packages/airflow/example_dags/example_short_circuit_decorator.py
[2023-08-14T10:33:31.230+0200] {processor.py:826} INFO - Processing file /home/akhilesh/py39/lib/python3.9/site-packages/airflow/example_dags/example_short_circuit_decorator.py for tasks to queue
[2023-08-14T10:33:31.231+0200] {logging_mixin.py:150} INFO - [2023-08-14T10:33:31.231+0200] {dagbag.py:541} INFO - Filling up the DagBag from /home/akhilesh/py39/lib/python3.9/site-packages/airflow/example_dags/example_short_circuit_decorator.py
[2023-08-14T10:33:31.240+0200] {processor.py:836} INFO - DAG(s) dict_keys(['example_short_circuit_decorator']) retrieved from /home/akhilesh/py39/lib/python3.9/site-packages/airflow/example_dags/example_short_circuit_decorator.py
[2023-08-14T10:33:31.266+0200] {logging_mixin.py:150} INFO - [2023-08-14T10:33:31.266+0200] {dag.py:2742} INFO - Sync 1 DAGs
[2023-08-14T10:33:31.291+0200] {logging_mixin.py:150} INFO - [2023-08-14T10:33:31.291+0200] {dag.py:3504} INFO - Setting next_dagrun for example_short_circuit_decorator to 2023-08-13T08:33:31.290953+00:00, run_after=2023-08-14T08:33:31.290953+00:00
[2023-08-14T10:33:31.314+0200] {processor.py:179} INFO - Processing /home/akhilesh/py39/lib/python3.9/site-packages/airflow/example_dags/example_short_circuit_decorator.py took 0.099 seconds
[2023-08-14T10:34:25.908+0200] {processor.py:157} INFO - Started process (PID=456151) to work on /home/akhilesh/py39/lib/python3.9/site-packages/airflow/example_dags/example_short_circuit_decorator.py
[2023-08-14T10:34:25.917+0200] {processor.py:826} INFO - Processing file /home/akhilesh/py39/lib/python3.9/site-packages/airflow/example_dags/example_short_circuit_decorator.py for tasks to queue
[2023-08-14T10:34:25.918+0200] {logging_mixin.py:150} INFO - [2023-08-14T10:34:25.918+0200] {dagbag.py:541} INFO - Filling up the DagBag from /home/akhilesh/py39/lib/python3.9/site-packages/airflow/example_dags/example_short_circuit_decorator.py
[2023-08-14T10:34:25.932+0200] {processor.py:836} INFO - DAG(s) dict_keys(['example_short_circuit_decorator']) retrieved from /home/akhilesh/py39/lib/python3.9/site-packages/airflow/example_dags/example_short_circuit_decorator.py
[2023-08-14T10:34:25.946+0200] {logging_mixin.py:150} INFO - [2023-08-14T10:34:25.945+0200] {dag.py:2742} INFO - Sync 1 DAGs
[2023-08-14T10:34:25.958+0200] {logging_mixin.py:150} INFO - [2023-08-14T10:34:25.957+0200] {dag.py:3504} INFO - Setting next_dagrun for example_short_circuit_decorator to 2023-08-13T08:34:25.957716+00:00, run_after=2023-08-14T08:34:25.957716+00:00
[2023-08-14T10:34:25.981+0200] {processor.py:179} INFO - Processing /home/akhilesh/py39/lib/python3.9/site-packages/airflow/example_dags/example_short_circuit_decorator.py took 0.077 seconds
[2023-08-14T10:35:18.760+0200] {processor.py:157} INFO - Started process (PID=456289) to work on /home/akhilesh/py39/lib/python3.9/site-packages/airflow/example_dags/example_short_circuit_decorator.py
[2023-08-14T10:35:18.762+0200] {processor.py:826} INFO - Processing file /home/akhilesh/py39/lib/python3.9/site-packages/airflow/example_dags/example_short_circuit_decorator.py for tasks to queue
[2023-08-14T10:35:18.763+0200] {logging_mixin.py:150} INFO - [2023-08-14T10:35:18.763+0200] {dagbag.py:541} INFO - Filling up the DagBag from /home/akhilesh/py39/lib/python3.9/site-packages/airflow/example_dags/example_short_circuit_decorator.py
[2023-08-14T10:35:18.771+0200] {processor.py:836} INFO - DAG(s) dict_keys(['example_short_circuit_decorator']) retrieved from /home/akhilesh/py39/lib/python3.9/site-packages/airflow/example_dags/example_short_circuit_decorator.py
[2023-08-14T10:35:18.787+0200] {logging_mixin.py:150} INFO - [2023-08-14T10:35:18.787+0200] {dag.py:2742} INFO - Sync 1 DAGs
[2023-08-14T10:35:18.803+0200] {logging_mixin.py:150} INFO - [2023-08-14T10:35:18.803+0200] {dag.py:3504} INFO - Setting next_dagrun for example_short_circuit_decorator to 2023-08-13T08:35:18.803029+00:00, run_after=2023-08-14T08:35:18.803029+00:00
[2023-08-14T10:35:18.826+0200] {processor.py:179} INFO - Processing /home/akhilesh/py39/lib/python3.9/site-packages/airflow/example_dags/example_short_circuit_decorator.py took 0.069 seconds
[2023-08-14T10:36:10.407+0200] {processor.py:157} INFO - Started process (PID=456444) to work on /home/akhilesh/py39/lib/python3.9/site-packages/airflow/example_dags/example_short_circuit_decorator.py
[2023-08-14T10:36:10.417+0200] {processor.py:826} INFO - Processing file /home/akhilesh/py39/lib/python3.9/site-packages/airflow/example_dags/example_short_circuit_decorator.py for tasks to queue
[2023-08-14T10:36:10.418+0200] {logging_mixin.py:150} INFO - [2023-08-14T10:36:10.418+0200] {dagbag.py:541} INFO - Filling up the DagBag from /home/akhilesh/py39/lib/python3.9/site-packages/airflow/example_dags/example_short_circuit_decorator.py
[2023-08-14T10:36:10.432+0200] {processor.py:836} INFO - DAG(s) dict_keys(['example_short_circuit_decorator']) retrieved from /home/akhilesh/py39/lib/python3.9/site-packages/airflow/example_dags/example_short_circuit_decorator.py
[2023-08-14T10:36:10.453+0200] {logging_mixin.py:150} INFO - [2023-08-14T10:36:10.453+0200] {dag.py:2742} INFO - Sync 1 DAGs
[2023-08-14T10:36:10.472+0200] {logging_mixin.py:150} INFO - [2023-08-14T10:36:10.471+0200] {dag.py:3504} INFO - Setting next_dagrun for example_short_circuit_decorator to 2023-08-13T08:36:10.471585+00:00, run_after=2023-08-14T08:36:10.471585+00:00
[2023-08-14T10:36:10.500+0200] {processor.py:179} INFO - Processing /home/akhilesh/py39/lib/python3.9/site-packages/airflow/example_dags/example_short_circuit_decorator.py took 0.097 seconds
[2023-08-14T10:37:01.241+0200] {processor.py:157} INFO - Started process (PID=456581) to work on /home/akhilesh/py39/lib/python3.9/site-packages/airflow/example_dags/example_short_circuit_decorator.py
[2023-08-14T10:37:01.243+0200] {processor.py:826} INFO - Processing file /home/akhilesh/py39/lib/python3.9/site-packages/airflow/example_dags/example_short_circuit_decorator.py for tasks to queue
[2023-08-14T10:37:01.244+0200] {logging_mixin.py:150} INFO - [2023-08-14T10:37:01.243+0200] {dagbag.py:541} INFO - Filling up the DagBag from /home/akhilesh/py39/lib/python3.9/site-packages/airflow/example_dags/example_short_circuit_decorator.py
[2023-08-14T10:37:01.254+0200] {processor.py:836} INFO - DAG(s) dict_keys(['example_short_circuit_decorator']) retrieved from /home/akhilesh/py39/lib/python3.9/site-packages/airflow/example_dags/example_short_circuit_decorator.py
[2023-08-14T10:37:01.272+0200] {logging_mixin.py:150} INFO - [2023-08-14T10:37:01.271+0200] {dag.py:2742} INFO - Sync 1 DAGs
[2023-08-14T10:37:01.289+0200] {logging_mixin.py:150} INFO - [2023-08-14T10:37:01.288+0200] {dag.py:3504} INFO - Setting next_dagrun for example_short_circuit_decorator to 2023-08-13T08:37:01.288716+00:00, run_after=2023-08-14T08:37:01.288716+00:00
[2023-08-14T10:37:01.313+0200] {processor.py:179} INFO - Processing /home/akhilesh/py39/lib/python3.9/site-packages/airflow/example_dags/example_short_circuit_decorator.py took 0.077 seconds
[2023-08-14T10:37:51.738+0200] {processor.py:157} INFO - Started process (PID=456724) to work on /home/akhilesh/py39/lib/python3.9/site-packages/airflow/example_dags/example_short_circuit_decorator.py
[2023-08-14T10:37:51.739+0200] {processor.py:826} INFO - Processing file /home/akhilesh/py39/lib/python3.9/site-packages/airflow/example_dags/example_short_circuit_decorator.py for tasks to queue
[2023-08-14T10:37:51.740+0200] {logging_mixin.py:150} INFO - [2023-08-14T10:37:51.740+0200] {dagbag.py:541} INFO - Filling up the DagBag from /home/akhilesh/py39/lib/python3.9/site-packages/airflow/example_dags/example_short_circuit_decorator.py
[2023-08-14T10:37:51.751+0200] {processor.py:836} INFO - DAG(s) dict_keys(['example_short_circuit_decorator']) retrieved from /home/akhilesh/py39/lib/python3.9/site-packages/airflow/example_dags/example_short_circuit_decorator.py
[2023-08-14T10:37:51.764+0200] {logging_mixin.py:150} INFO - [2023-08-14T10:37:51.764+0200] {dag.py:2742} INFO - Sync 1 DAGs
[2023-08-14T10:37:51.778+0200] {logging_mixin.py:150} INFO - [2023-08-14T10:37:51.778+0200] {dag.py:3504} INFO - Setting next_dagrun for example_short_circuit_decorator to 2023-08-13T08:37:51.778339+00:00, run_after=2023-08-14T08:37:51.778339+00:00
[2023-08-14T10:37:51.799+0200] {processor.py:179} INFO - Processing /home/akhilesh/py39/lib/python3.9/site-packages/airflow/example_dags/example_short_circuit_decorator.py took 0.064 seconds
[2023-08-14T10:38:40.672+0200] {processor.py:157} INFO - Started process (PID=456834) to work on /home/akhilesh/py39/lib/python3.9/site-packages/airflow/example_dags/example_short_circuit_decorator.py
[2023-08-14T10:38:40.681+0200] {processor.py:826} INFO - Processing file /home/akhilesh/py39/lib/python3.9/site-packages/airflow/example_dags/example_short_circuit_decorator.py for tasks to queue
[2023-08-14T10:38:40.683+0200] {logging_mixin.py:150} INFO - [2023-08-14T10:38:40.682+0200] {dagbag.py:541} INFO - Filling up the DagBag from /home/akhilesh/py39/lib/python3.9/site-packages/airflow/example_dags/example_short_circuit_decorator.py
[2023-08-14T10:38:40.697+0200] {processor.py:836} INFO - DAG(s) dict_keys(['example_short_circuit_decorator']) retrieved from /home/akhilesh/py39/lib/python3.9/site-packages/airflow/example_dags/example_short_circuit_decorator.py
[2023-08-14T10:38:40.715+0200] {logging_mixin.py:150} INFO - [2023-08-14T10:38:40.714+0200] {dag.py:2742} INFO - Sync 1 DAGs
[2023-08-14T10:38:40.732+0200] {logging_mixin.py:150} INFO - [2023-08-14T10:38:40.732+0200] {dag.py:3504} INFO - Setting next_dagrun for example_short_circuit_decorator to 2023-08-13T08:38:40.731822+00:00, run_after=2023-08-14T08:38:40.731822+00:00
[2023-08-14T10:38:40.757+0200] {processor.py:179} INFO - Processing /home/akhilesh/py39/lib/python3.9/site-packages/airflow/example_dags/example_short_circuit_decorator.py took 0.089 seconds
[2023-08-14T10:39:55.371+0200] {processor.py:157} INFO - Started process (PID=457154) to work on /home/akhilesh/py39/lib/python3.9/site-packages/airflow/example_dags/example_short_circuit_decorator.py
[2023-08-14T10:39:55.381+0200] {processor.py:826} INFO - Processing file /home/akhilesh/py39/lib/python3.9/site-packages/airflow/example_dags/example_short_circuit_decorator.py for tasks to queue
[2023-08-14T10:39:55.382+0200] {logging_mixin.py:150} INFO - [2023-08-14T10:39:55.382+0200] {dagbag.py:541} INFO - Filling up the DagBag from /home/akhilesh/py39/lib/python3.9/site-packages/airflow/example_dags/example_short_circuit_decorator.py
[2023-08-14T10:39:55.396+0200] {processor.py:836} INFO - DAG(s) dict_keys(['example_short_circuit_decorator']) retrieved from /home/akhilesh/py39/lib/python3.9/site-packages/airflow/example_dags/example_short_circuit_decorator.py
[2023-08-14T10:39:55.411+0200] {logging_mixin.py:150} INFO - [2023-08-14T10:39:55.410+0200] {dag.py:2742} INFO - Sync 1 DAGs
[2023-08-14T10:39:55.424+0200] {logging_mixin.py:150} INFO - [2023-08-14T10:39:55.424+0200] {dag.py:3504} INFO - Setting next_dagrun for example_short_circuit_decorator to 2023-08-13T08:39:55.424173+00:00, run_after=2023-08-14T08:39:55.424173+00:00
[2023-08-14T10:39:55.440+0200] {processor.py:179} INFO - Processing /home/akhilesh/py39/lib/python3.9/site-packages/airflow/example_dags/example_short_circuit_decorator.py took 0.073 seconds
[2023-08-14T10:41:36.917+0200] {processor.py:157} INFO - Started process (PID=457575) to work on /home/akhilesh/py39/lib/python3.9/site-packages/airflow/example_dags/example_short_circuit_decorator.py
[2023-08-14T10:41:36.926+0200] {processor.py:826} INFO - Processing file /home/akhilesh/py39/lib/python3.9/site-packages/airflow/example_dags/example_short_circuit_decorator.py for tasks to queue
[2023-08-14T10:41:36.927+0200] {logging_mixin.py:150} INFO - [2023-08-14T10:41:36.927+0200] {dagbag.py:541} INFO - Filling up the DagBag from /home/akhilesh/py39/lib/python3.9/site-packages/airflow/example_dags/example_short_circuit_decorator.py
[2023-08-14T10:41:36.939+0200] {processor.py:836} INFO - DAG(s) dict_keys(['example_short_circuit_decorator']) retrieved from /home/akhilesh/py39/lib/python3.9/site-packages/airflow/example_dags/example_short_circuit_decorator.py
[2023-08-14T10:41:36.959+0200] {logging_mixin.py:150} INFO - [2023-08-14T10:41:36.959+0200] {dag.py:2742} INFO - Sync 1 DAGs
[2023-08-14T10:41:36.975+0200] {logging_mixin.py:150} INFO - [2023-08-14T10:41:36.975+0200] {dag.py:3504} INFO - Setting next_dagrun for example_short_circuit_decorator to 2023-08-13T08:41:36.975357+00:00, run_after=2023-08-14T08:41:36.975357+00:00
[2023-08-14T10:41:36.994+0200] {processor.py:179} INFO - Processing /home/akhilesh/py39/lib/python3.9/site-packages/airflow/example_dags/example_short_circuit_decorator.py took 0.081 seconds
[2023-08-14T10:42:22.605+0200] {processor.py:157} INFO - Started process (PID=457760) to work on /home/akhilesh/py39/lib/python3.9/site-packages/airflow/example_dags/example_short_circuit_decorator.py
[2023-08-14T10:42:22.613+0200] {processor.py:826} INFO - Processing file /home/akhilesh/py39/lib/python3.9/site-packages/airflow/example_dags/example_short_circuit_decorator.py for tasks to queue
[2023-08-14T10:42:22.615+0200] {logging_mixin.py:150} INFO - [2023-08-14T10:42:22.614+0200] {dagbag.py:541} INFO - Filling up the DagBag from /home/akhilesh/py39/lib/python3.9/site-packages/airflow/example_dags/example_short_circuit_decorator.py
[2023-08-14T10:42:22.625+0200] {processor.py:836} INFO - DAG(s) dict_keys(['example_short_circuit_decorator']) retrieved from /home/akhilesh/py39/lib/python3.9/site-packages/airflow/example_dags/example_short_circuit_decorator.py
[2023-08-14T10:42:22.641+0200] {logging_mixin.py:150} INFO - [2023-08-14T10:42:22.640+0200] {dag.py:2742} INFO - Sync 1 DAGs
[2023-08-14T10:42:22.651+0200] {logging_mixin.py:150} INFO - [2023-08-14T10:42:22.651+0200] {dag.py:3504} INFO - Setting next_dagrun for example_short_circuit_decorator to 2023-08-13T08:42:22.651220+00:00, run_after=2023-08-14T08:42:22.651220+00:00
[2023-08-14T10:42:22.672+0200] {processor.py:179} INFO - Processing /home/akhilesh/py39/lib/python3.9/site-packages/airflow/example_dags/example_short_circuit_decorator.py took 0.071 seconds
[2023-08-14T10:44:28.087+0200] {processor.py:157} INFO - Started process (PID=458245) to work on /home/akhilesh/py39/lib/python3.9/site-packages/airflow/example_dags/example_short_circuit_decorator.py
[2023-08-14T10:44:28.096+0200] {processor.py:826} INFO - Processing file /home/akhilesh/py39/lib/python3.9/site-packages/airflow/example_dags/example_short_circuit_decorator.py for tasks to queue
[2023-08-14T10:44:28.098+0200] {logging_mixin.py:150} INFO - [2023-08-14T10:44:28.097+0200] {dagbag.py:541} INFO - Filling up the DagBag from /home/akhilesh/py39/lib/python3.9/site-packages/airflow/example_dags/example_short_circuit_decorator.py
[2023-08-14T10:44:28.108+0200] {processor.py:836} INFO - DAG(s) dict_keys(['example_short_circuit_decorator']) retrieved from /home/akhilesh/py39/lib/python3.9/site-packages/airflow/example_dags/example_short_circuit_decorator.py
[2023-08-14T10:44:28.130+0200] {logging_mixin.py:150} INFO - [2023-08-14T10:44:28.129+0200] {dag.py:2742} INFO - Sync 1 DAGs
[2023-08-14T10:44:28.144+0200] {logging_mixin.py:150} INFO - [2023-08-14T10:44:28.144+0200] {dag.py:3504} INFO - Setting next_dagrun for example_short_circuit_decorator to 2023-08-13T08:44:28.143865+00:00, run_after=2023-08-14T08:44:28.143865+00:00
[2023-08-14T10:44:28.166+0200] {processor.py:179} INFO - Processing /home/akhilesh/py39/lib/python3.9/site-packages/airflow/example_dags/example_short_circuit_decorator.py took 0.082 seconds
[2023-08-14T10:45:14.624+0200] {processor.py:157} INFO - Started process (PID=458447) to work on /home/akhilesh/py39/lib/python3.9/site-packages/airflow/example_dags/example_short_circuit_decorator.py
[2023-08-14T10:45:14.633+0200] {processor.py:826} INFO - Processing file /home/akhilesh/py39/lib/python3.9/site-packages/airflow/example_dags/example_short_circuit_decorator.py for tasks to queue
[2023-08-14T10:45:14.635+0200] {logging_mixin.py:150} INFO - [2023-08-14T10:45:14.634+0200] {dagbag.py:541} INFO - Filling up the DagBag from /home/akhilesh/py39/lib/python3.9/site-packages/airflow/example_dags/example_short_circuit_decorator.py
[2023-08-14T10:45:14.646+0200] {processor.py:836} INFO - DAG(s) dict_keys(['example_short_circuit_decorator']) retrieved from /home/akhilesh/py39/lib/python3.9/site-packages/airflow/example_dags/example_short_circuit_decorator.py
[2023-08-14T10:45:14.665+0200] {logging_mixin.py:150} INFO - [2023-08-14T10:45:14.664+0200] {dag.py:2742} INFO - Sync 1 DAGs
[2023-08-14T10:45:14.677+0200] {logging_mixin.py:150} INFO - [2023-08-14T10:45:14.677+0200] {dag.py:3504} INFO - Setting next_dagrun for example_short_circuit_decorator to 2023-08-13T08:45:14.677222+00:00, run_after=2023-08-14T08:45:14.677222+00:00
[2023-08-14T10:45:14.701+0200] {processor.py:179} INFO - Processing /home/akhilesh/py39/lib/python3.9/site-packages/airflow/example_dags/example_short_circuit_decorator.py took 0.080 seconds
[2023-08-14T10:46:01.945+0200] {processor.py:157} INFO - Started process (PID=458707) to work on /home/akhilesh/py39/lib/python3.9/site-packages/airflow/example_dags/example_short_circuit_decorator.py
[2023-08-14T10:46:01.947+0200] {processor.py:826} INFO - Processing file /home/akhilesh/py39/lib/python3.9/site-packages/airflow/example_dags/example_short_circuit_decorator.py for tasks to queue
[2023-08-14T10:46:01.948+0200] {logging_mixin.py:150} INFO - [2023-08-14T10:46:01.947+0200] {dagbag.py:541} INFO - Filling up the DagBag from /home/akhilesh/py39/lib/python3.9/site-packages/airflow/example_dags/example_short_circuit_decorator.py
[2023-08-14T10:46:01.957+0200] {processor.py:836} INFO - DAG(s) dict_keys(['example_short_circuit_decorator']) retrieved from /home/akhilesh/py39/lib/python3.9/site-packages/airflow/example_dags/example_short_circuit_decorator.py
[2023-08-14T10:46:01.977+0200] {logging_mixin.py:150} INFO - [2023-08-14T10:46:01.977+0200] {dag.py:2742} INFO - Sync 1 DAGs
[2023-08-14T10:46:02.002+0200] {logging_mixin.py:150} INFO - [2023-08-14T10:46:02.002+0200] {dag.py:3504} INFO - Setting next_dagrun for example_short_circuit_decorator to 2023-08-13T08:46:02.002334+00:00, run_after=2023-08-14T08:46:02.002334+00:00
[2023-08-14T10:46:02.040+0200] {processor.py:179} INFO - Processing /home/akhilesh/py39/lib/python3.9/site-packages/airflow/example_dags/example_short_circuit_decorator.py took 0.099 seconds
[2023-08-14T10:46:51.541+0200] {processor.py:157} INFO - Started process (PID=458901) to work on /home/akhilesh/py39/lib/python3.9/site-packages/airflow/example_dags/example_short_circuit_decorator.py
[2023-08-14T10:46:51.550+0200] {processor.py:826} INFO - Processing file /home/akhilesh/py39/lib/python3.9/site-packages/airflow/example_dags/example_short_circuit_decorator.py for tasks to queue
[2023-08-14T10:46:51.551+0200] {logging_mixin.py:150} INFO - [2023-08-14T10:46:51.551+0200] {dagbag.py:541} INFO - Filling up the DagBag from /home/akhilesh/py39/lib/python3.9/site-packages/airflow/example_dags/example_short_circuit_decorator.py
[2023-08-14T10:46:51.561+0200] {processor.py:836} INFO - DAG(s) dict_keys(['example_short_circuit_decorator']) retrieved from /home/akhilesh/py39/lib/python3.9/site-packages/airflow/example_dags/example_short_circuit_decorator.py
[2023-08-14T10:46:51.576+0200] {logging_mixin.py:150} INFO - [2023-08-14T10:46:51.576+0200] {dag.py:2742} INFO - Sync 1 DAGs
[2023-08-14T10:46:51.589+0200] {logging_mixin.py:150} INFO - [2023-08-14T10:46:51.589+0200] {dag.py:3504} INFO - Setting next_dagrun for example_short_circuit_decorator to 2023-08-13T08:46:51.588801+00:00, run_after=2023-08-14T08:46:51.588801+00:00
[2023-08-14T10:46:51.612+0200] {processor.py:179} INFO - Processing /home/akhilesh/py39/lib/python3.9/site-packages/airflow/example_dags/example_short_circuit_decorator.py took 0.075 seconds
[2023-08-14T10:47:44.250+0200] {processor.py:157} INFO - Started process (PID=459074) to work on /home/akhilesh/py39/lib/python3.9/site-packages/airflow/example_dags/example_short_circuit_decorator.py
[2023-08-14T10:47:44.260+0200] {processor.py:826} INFO - Processing file /home/akhilesh/py39/lib/python3.9/site-packages/airflow/example_dags/example_short_circuit_decorator.py for tasks to queue
[2023-08-14T10:47:44.261+0200] {logging_mixin.py:150} INFO - [2023-08-14T10:47:44.261+0200] {dagbag.py:541} INFO - Filling up the DagBag from /home/akhilesh/py39/lib/python3.9/site-packages/airflow/example_dags/example_short_circuit_decorator.py
[2023-08-14T10:47:44.273+0200] {processor.py:836} INFO - DAG(s) dict_keys(['example_short_circuit_decorator']) retrieved from /home/akhilesh/py39/lib/python3.9/site-packages/airflow/example_dags/example_short_circuit_decorator.py
[2023-08-14T10:47:44.291+0200] {logging_mixin.py:150} INFO - [2023-08-14T10:47:44.291+0200] {dag.py:2742} INFO - Sync 1 DAGs
[2023-08-14T10:47:44.306+0200] {logging_mixin.py:150} INFO - [2023-08-14T10:47:44.305+0200] {dag.py:3504} INFO - Setting next_dagrun for example_short_circuit_decorator to 2023-08-13T08:47:44.305712+00:00, run_after=2023-08-14T08:47:44.305712+00:00
[2023-08-14T10:47:44.336+0200] {processor.py:179} INFO - Processing /home/akhilesh/py39/lib/python3.9/site-packages/airflow/example_dags/example_short_circuit_decorator.py took 0.089 seconds
[2023-08-14T10:48:39.590+0200] {processor.py:157} INFO - Started process (PID=459260) to work on /home/akhilesh/py39/lib/python3.9/site-packages/airflow/example_dags/example_short_circuit_decorator.py
[2023-08-14T10:48:39.599+0200] {processor.py:826} INFO - Processing file /home/akhilesh/py39/lib/python3.9/site-packages/airflow/example_dags/example_short_circuit_decorator.py for tasks to queue
[2023-08-14T10:48:39.601+0200] {logging_mixin.py:150} INFO - [2023-08-14T10:48:39.600+0200] {dagbag.py:541} INFO - Filling up the DagBag from /home/akhilesh/py39/lib/python3.9/site-packages/airflow/example_dags/example_short_circuit_decorator.py
[2023-08-14T10:48:39.611+0200] {processor.py:836} INFO - DAG(s) dict_keys(['example_short_circuit_decorator']) retrieved from /home/akhilesh/py39/lib/python3.9/site-packages/airflow/example_dags/example_short_circuit_decorator.py
[2023-08-14T10:48:39.630+0200] {logging_mixin.py:150} INFO - [2023-08-14T10:48:39.630+0200] {dag.py:2742} INFO - Sync 1 DAGs
[2023-08-14T10:48:39.643+0200] {logging_mixin.py:150} INFO - [2023-08-14T10:48:39.643+0200] {dag.py:3504} INFO - Setting next_dagrun for example_short_circuit_decorator to 2023-08-13T08:48:39.642918+00:00, run_after=2023-08-14T08:48:39.642918+00:00
[2023-08-14T10:48:39.663+0200] {processor.py:179} INFO - Processing /home/akhilesh/py39/lib/python3.9/site-packages/airflow/example_dags/example_short_circuit_decorator.py took 0.077 seconds
[2023-08-14T10:49:26.207+0200] {processor.py:157} INFO - Started process (PID=459413) to work on /home/akhilesh/py39/lib/python3.9/site-packages/airflow/example_dags/example_short_circuit_decorator.py
[2023-08-14T10:49:26.216+0200] {processor.py:826} INFO - Processing file /home/akhilesh/py39/lib/python3.9/site-packages/airflow/example_dags/example_short_circuit_decorator.py for tasks to queue
[2023-08-14T10:49:26.218+0200] {logging_mixin.py:150} INFO - [2023-08-14T10:49:26.217+0200] {dagbag.py:541} INFO - Filling up the DagBag from /home/akhilesh/py39/lib/python3.9/site-packages/airflow/example_dags/example_short_circuit_decorator.py
[2023-08-14T10:49:26.227+0200] {processor.py:836} INFO - DAG(s) dict_keys(['example_short_circuit_decorator']) retrieved from /home/akhilesh/py39/lib/python3.9/site-packages/airflow/example_dags/example_short_circuit_decorator.py
[2023-08-14T10:49:26.245+0200] {logging_mixin.py:150} INFO - [2023-08-14T10:49:26.245+0200] {dag.py:2742} INFO - Sync 1 DAGs
[2023-08-14T10:49:26.255+0200] {logging_mixin.py:150} INFO - [2023-08-14T10:49:26.255+0200] {dag.py:3504} INFO - Setting next_dagrun for example_short_circuit_decorator to 2023-08-13T08:49:26.255485+00:00, run_after=2023-08-14T08:49:26.255485+00:00
[2023-08-14T10:49:26.276+0200] {processor.py:179} INFO - Processing /home/akhilesh/py39/lib/python3.9/site-packages/airflow/example_dags/example_short_circuit_decorator.py took 0.073 seconds
[2023-08-14T10:50:17.057+0200] {processor.py:157} INFO - Started process (PID=459602) to work on /home/akhilesh/py39/lib/python3.9/site-packages/airflow/example_dags/example_short_circuit_decorator.py
[2023-08-14T10:50:17.058+0200] {processor.py:826} INFO - Processing file /home/akhilesh/py39/lib/python3.9/site-packages/airflow/example_dags/example_short_circuit_decorator.py for tasks to queue
[2023-08-14T10:50:17.059+0200] {logging_mixin.py:150} INFO - [2023-08-14T10:50:17.059+0200] {dagbag.py:541} INFO - Filling up the DagBag from /home/akhilesh/py39/lib/python3.9/site-packages/airflow/example_dags/example_short_circuit_decorator.py
[2023-08-14T10:50:17.064+0200] {processor.py:836} INFO - DAG(s) dict_keys(['example_short_circuit_decorator']) retrieved from /home/akhilesh/py39/lib/python3.9/site-packages/airflow/example_dags/example_short_circuit_decorator.py
[2023-08-14T10:50:17.078+0200] {logging_mixin.py:150} INFO - [2023-08-14T10:50:17.078+0200] {dag.py:2742} INFO - Sync 1 DAGs
[2023-08-14T10:50:17.091+0200] {logging_mixin.py:150} INFO - [2023-08-14T10:50:17.091+0200] {dag.py:3504} INFO - Setting next_dagrun for example_short_circuit_decorator to 2023-08-13T08:50:17.091058+00:00, run_after=2023-08-14T08:50:17.091058+00:00
[2023-08-14T10:50:17.110+0200] {processor.py:179} INFO - Processing /home/akhilesh/py39/lib/python3.9/site-packages/airflow/example_dags/example_short_circuit_decorator.py took 0.057 seconds
[2023-08-14T10:51:07.887+0200] {processor.py:157} INFO - Started process (PID=459777) to work on /home/akhilesh/py39/lib/python3.9/site-packages/airflow/example_dags/example_short_circuit_decorator.py
[2023-08-14T10:51:07.896+0200] {processor.py:826} INFO - Processing file /home/akhilesh/py39/lib/python3.9/site-packages/airflow/example_dags/example_short_circuit_decorator.py for tasks to queue
[2023-08-14T10:51:07.897+0200] {logging_mixin.py:150} INFO - [2023-08-14T10:51:07.897+0200] {dagbag.py:541} INFO - Filling up the DagBag from /home/akhilesh/py39/lib/python3.9/site-packages/airflow/example_dags/example_short_circuit_decorator.py
[2023-08-14T10:51:07.908+0200] {processor.py:836} INFO - DAG(s) dict_keys(['example_short_circuit_decorator']) retrieved from /home/akhilesh/py39/lib/python3.9/site-packages/airflow/example_dags/example_short_circuit_decorator.py
[2023-08-14T10:51:07.926+0200] {logging_mixin.py:150} INFO - [2023-08-14T10:51:07.926+0200] {dag.py:2742} INFO - Sync 1 DAGs
[2023-08-14T10:51:07.941+0200] {logging_mixin.py:150} INFO - [2023-08-14T10:51:07.941+0200] {dag.py:3504} INFO - Setting next_dagrun for example_short_circuit_decorator to 2023-08-13T08:51:07.940868+00:00, run_after=2023-08-14T08:51:07.940868+00:00
[2023-08-14T10:51:07.974+0200] {processor.py:179} INFO - Processing /home/akhilesh/py39/lib/python3.9/site-packages/airflow/example_dags/example_short_circuit_decorator.py took 0.092 seconds
[2023-08-14T10:51:56.823+0200] {processor.py:157} INFO - Started process (PID=459908) to work on /home/akhilesh/py39/lib/python3.9/site-packages/airflow/example_dags/example_short_circuit_decorator.py
[2023-08-14T10:51:56.832+0200] {processor.py:826} INFO - Processing file /home/akhilesh/py39/lib/python3.9/site-packages/airflow/example_dags/example_short_circuit_decorator.py for tasks to queue
[2023-08-14T10:51:56.834+0200] {logging_mixin.py:150} INFO - [2023-08-14T10:51:56.833+0200] {dagbag.py:541} INFO - Filling up the DagBag from /home/akhilesh/py39/lib/python3.9/site-packages/airflow/example_dags/example_short_circuit_decorator.py
[2023-08-14T10:51:56.844+0200] {processor.py:836} INFO - DAG(s) dict_keys(['example_short_circuit_decorator']) retrieved from /home/akhilesh/py39/lib/python3.9/site-packages/airflow/example_dags/example_short_circuit_decorator.py
[2023-08-14T10:51:56.860+0200] {logging_mixin.py:150} INFO - [2023-08-14T10:51:56.859+0200] {dag.py:2742} INFO - Sync 1 DAGs
[2023-08-14T10:51:56.873+0200] {logging_mixin.py:150} INFO - [2023-08-14T10:51:56.873+0200] {dag.py:3504} INFO - Setting next_dagrun for example_short_circuit_decorator to 2023-08-13T08:51:56.873139+00:00, run_after=2023-08-14T08:51:56.873139+00:00
[2023-08-14T10:51:56.898+0200] {processor.py:179} INFO - Processing /home/akhilesh/py39/lib/python3.9/site-packages/airflow/example_dags/example_short_circuit_decorator.py took 0.079 seconds
[2023-08-14T10:52:47.161+0200] {processor.py:157} INFO - Started process (PID=460031) to work on /home/akhilesh/py39/lib/python3.9/site-packages/airflow/example_dags/example_short_circuit_decorator.py
[2023-08-14T10:52:47.162+0200] {processor.py:826} INFO - Processing file /home/akhilesh/py39/lib/python3.9/site-packages/airflow/example_dags/example_short_circuit_decorator.py for tasks to queue
[2023-08-14T10:52:47.163+0200] {logging_mixin.py:150} INFO - [2023-08-14T10:52:47.163+0200] {dagbag.py:541} INFO - Filling up the DagBag from /home/akhilesh/py39/lib/python3.9/site-packages/airflow/example_dags/example_short_circuit_decorator.py
[2023-08-14T10:52:47.171+0200] {processor.py:836} INFO - DAG(s) dict_keys(['example_short_circuit_decorator']) retrieved from /home/akhilesh/py39/lib/python3.9/site-packages/airflow/example_dags/example_short_circuit_decorator.py
[2023-08-14T10:52:47.187+0200] {logging_mixin.py:150} INFO - [2023-08-14T10:52:47.186+0200] {dag.py:2742} INFO - Sync 1 DAGs
[2023-08-14T10:52:47.199+0200] {logging_mixin.py:150} INFO - [2023-08-14T10:52:47.199+0200] {dag.py:3504} INFO - Setting next_dagrun for example_short_circuit_decorator to 2023-08-13T08:52:47.199365+00:00, run_after=2023-08-14T08:52:47.199365+00:00
[2023-08-14T10:52:47.217+0200] {processor.py:179} INFO - Processing /home/akhilesh/py39/lib/python3.9/site-packages/airflow/example_dags/example_short_circuit_decorator.py took 0.061 seconds
[2023-08-14T10:53:38.221+0200] {processor.py:157} INFO - Started process (PID=460266) to work on /home/akhilesh/py39/lib/python3.9/site-packages/airflow/example_dags/example_short_circuit_decorator.py
[2023-08-14T10:53:38.231+0200] {processor.py:826} INFO - Processing file /home/akhilesh/py39/lib/python3.9/site-packages/airflow/example_dags/example_short_circuit_decorator.py for tasks to queue
[2023-08-14T10:53:38.233+0200] {logging_mixin.py:150} INFO - [2023-08-14T10:53:38.232+0200] {dagbag.py:541} INFO - Filling up the DagBag from /home/akhilesh/py39/lib/python3.9/site-packages/airflow/example_dags/example_short_circuit_decorator.py
[2023-08-14T10:53:38.245+0200] {processor.py:836} INFO - DAG(s) dict_keys(['example_short_circuit_decorator']) retrieved from /home/akhilesh/py39/lib/python3.9/site-packages/airflow/example_dags/example_short_circuit_decorator.py
[2023-08-14T10:53:38.268+0200] {logging_mixin.py:150} INFO - [2023-08-14T10:53:38.268+0200] {dag.py:2742} INFO - Sync 1 DAGs
[2023-08-14T10:53:38.288+0200] {logging_mixin.py:150} INFO - [2023-08-14T10:53:38.288+0200] {dag.py:3504} INFO - Setting next_dagrun for example_short_circuit_decorator to 2023-08-13T08:53:38.287991+00:00, run_after=2023-08-14T08:53:38.287991+00:00
[2023-08-14T10:53:38.322+0200] {processor.py:179} INFO - Processing /home/akhilesh/py39/lib/python3.9/site-packages/airflow/example_dags/example_short_circuit_decorator.py took 0.106 seconds
[2023-08-14T10:54:30.526+0200] {processor.py:157} INFO - Started process (PID=460422) to work on /home/akhilesh/py39/lib/python3.9/site-packages/airflow/example_dags/example_short_circuit_decorator.py
[2023-08-14T10:54:30.535+0200] {processor.py:826} INFO - Processing file /home/akhilesh/py39/lib/python3.9/site-packages/airflow/example_dags/example_short_circuit_decorator.py for tasks to queue
[2023-08-14T10:54:30.537+0200] {logging_mixin.py:150} INFO - [2023-08-14T10:54:30.536+0200] {dagbag.py:541} INFO - Filling up the DagBag from /home/akhilesh/py39/lib/python3.9/site-packages/airflow/example_dags/example_short_circuit_decorator.py
[2023-08-14T10:54:30.548+0200] {processor.py:836} INFO - DAG(s) dict_keys(['example_short_circuit_decorator']) retrieved from /home/akhilesh/py39/lib/python3.9/site-packages/airflow/example_dags/example_short_circuit_decorator.py
[2023-08-14T10:54:30.564+0200] {logging_mixin.py:150} INFO - [2023-08-14T10:54:30.564+0200] {dag.py:2742} INFO - Sync 1 DAGs
[2023-08-14T10:54:30.577+0200] {logging_mixin.py:150} INFO - [2023-08-14T10:54:30.577+0200] {dag.py:3504} INFO - Setting next_dagrun for example_short_circuit_decorator to 2023-08-13T08:54:30.577300+00:00, run_after=2023-08-14T08:54:30.577300+00:00
[2023-08-14T10:54:30.599+0200] {processor.py:179} INFO - Processing /home/akhilesh/py39/lib/python3.9/site-packages/airflow/example_dags/example_short_circuit_decorator.py took 0.077 seconds
[2023-08-14T10:55:21.903+0200] {processor.py:157} INFO - Started process (PID=460596) to work on /home/akhilesh/py39/lib/python3.9/site-packages/airflow/example_dags/example_short_circuit_decorator.py
[2023-08-14T10:55:21.905+0200] {processor.py:826} INFO - Processing file /home/akhilesh/py39/lib/python3.9/site-packages/airflow/example_dags/example_short_circuit_decorator.py for tasks to queue
[2023-08-14T10:55:21.906+0200] {logging_mixin.py:150} INFO - [2023-08-14T10:55:21.906+0200] {dagbag.py:541} INFO - Filling up the DagBag from /home/akhilesh/py39/lib/python3.9/site-packages/airflow/example_dags/example_short_circuit_decorator.py
[2023-08-14T10:55:21.916+0200] {processor.py:836} INFO - DAG(s) dict_keys(['example_short_circuit_decorator']) retrieved from /home/akhilesh/py39/lib/python3.9/site-packages/airflow/example_dags/example_short_circuit_decorator.py
[2023-08-14T10:55:21.932+0200] {logging_mixin.py:150} INFO - [2023-08-14T10:55:21.931+0200] {dag.py:2742} INFO - Sync 1 DAGs
[2023-08-14T10:55:21.945+0200] {logging_mixin.py:150} INFO - [2023-08-14T10:55:21.944+0200] {dag.py:3504} INFO - Setting next_dagrun for example_short_circuit_decorator to 2023-08-13T08:55:21.944493+00:00, run_after=2023-08-14T08:55:21.944493+00:00
[2023-08-14T10:55:21.967+0200] {processor.py:179} INFO - Processing /home/akhilesh/py39/lib/python3.9/site-packages/airflow/example_dags/example_short_circuit_decorator.py took 0.067 seconds
[2023-08-14T10:56:09.929+0200] {processor.py:157} INFO - Started process (PID=460724) to work on /home/akhilesh/py39/lib/python3.9/site-packages/airflow/example_dags/example_short_circuit_decorator.py
[2023-08-14T10:56:09.938+0200] {processor.py:826} INFO - Processing file /home/akhilesh/py39/lib/python3.9/site-packages/airflow/example_dags/example_short_circuit_decorator.py for tasks to queue
[2023-08-14T10:56:09.939+0200] {logging_mixin.py:150} INFO - [2023-08-14T10:56:09.939+0200] {dagbag.py:541} INFO - Filling up the DagBag from /home/akhilesh/py39/lib/python3.9/site-packages/airflow/example_dags/example_short_circuit_decorator.py
[2023-08-14T10:56:09.949+0200] {processor.py:836} INFO - DAG(s) dict_keys(['example_short_circuit_decorator']) retrieved from /home/akhilesh/py39/lib/python3.9/site-packages/airflow/example_dags/example_short_circuit_decorator.py
[2023-08-14T10:56:09.964+0200] {logging_mixin.py:150} INFO - [2023-08-14T10:56:09.964+0200] {dag.py:2742} INFO - Sync 1 DAGs
[2023-08-14T10:56:09.977+0200] {logging_mixin.py:150} INFO - [2023-08-14T10:56:09.977+0200] {dag.py:3504} INFO - Setting next_dagrun for example_short_circuit_decorator to 2023-08-13T08:56:09.977096+00:00, run_after=2023-08-14T08:56:09.977096+00:00
[2023-08-14T10:56:09.999+0200] {processor.py:179} INFO - Processing /home/akhilesh/py39/lib/python3.9/site-packages/airflow/example_dags/example_short_circuit_decorator.py took 0.074 seconds
[2023-08-14T10:56:59.946+0200] {processor.py:157} INFO - Started process (PID=460950) to work on /home/akhilesh/py39/lib/python3.9/site-packages/airflow/example_dags/example_short_circuit_decorator.py
[2023-08-14T10:56:59.947+0200] {processor.py:826} INFO - Processing file /home/akhilesh/py39/lib/python3.9/site-packages/airflow/example_dags/example_short_circuit_decorator.py for tasks to queue
[2023-08-14T10:56:59.948+0200] {logging_mixin.py:150} INFO - [2023-08-14T10:56:59.948+0200] {dagbag.py:541} INFO - Filling up the DagBag from /home/akhilesh/py39/lib/python3.9/site-packages/airflow/example_dags/example_short_circuit_decorator.py
[2023-08-14T10:56:59.956+0200] {processor.py:836} INFO - DAG(s) dict_keys(['example_short_circuit_decorator']) retrieved from /home/akhilesh/py39/lib/python3.9/site-packages/airflow/example_dags/example_short_circuit_decorator.py
[2023-08-14T10:56:59.968+0200] {logging_mixin.py:150} INFO - [2023-08-14T10:56:59.968+0200] {dag.py:2742} INFO - Sync 1 DAGs
[2023-08-14T10:56:59.981+0200] {logging_mixin.py:150} INFO - [2023-08-14T10:56:59.981+0200] {dag.py:3504} INFO - Setting next_dagrun for example_short_circuit_decorator to 2023-08-13T08:56:59.980775+00:00, run_after=2023-08-14T08:56:59.980775+00:00
[2023-08-14T10:57:00.006+0200] {processor.py:179} INFO - Processing /home/akhilesh/py39/lib/python3.9/site-packages/airflow/example_dags/example_short_circuit_decorator.py took 0.064 seconds
[2023-08-14T10:57:48.235+0200] {processor.py:157} INFO - Started process (PID=461154) to work on /home/akhilesh/py39/lib/python3.9/site-packages/airflow/example_dags/example_short_circuit_decorator.py
[2023-08-14T10:57:48.244+0200] {processor.py:826} INFO - Processing file /home/akhilesh/py39/lib/python3.9/site-packages/airflow/example_dags/example_short_circuit_decorator.py for tasks to queue
[2023-08-14T10:57:48.245+0200] {logging_mixin.py:150} INFO - [2023-08-14T10:57:48.245+0200] {dagbag.py:541} INFO - Filling up the DagBag from /home/akhilesh/py39/lib/python3.9/site-packages/airflow/example_dags/example_short_circuit_decorator.py
[2023-08-14T10:57:48.256+0200] {processor.py:836} INFO - DAG(s) dict_keys(['example_short_circuit_decorator']) retrieved from /home/akhilesh/py39/lib/python3.9/site-packages/airflow/example_dags/example_short_circuit_decorator.py
[2023-08-14T10:57:48.269+0200] {logging_mixin.py:150} INFO - [2023-08-14T10:57:48.269+0200] {dag.py:2742} INFO - Sync 1 DAGs
[2023-08-14T10:57:48.280+0200] {logging_mixin.py:150} INFO - [2023-08-14T10:57:48.280+0200] {dag.py:3504} INFO - Setting next_dagrun for example_short_circuit_decorator to 2023-08-13T08:57:48.280254+00:00, run_after=2023-08-14T08:57:48.280254+00:00
[2023-08-14T10:57:48.312+0200] {processor.py:179} INFO - Processing /home/akhilesh/py39/lib/python3.9/site-packages/airflow/example_dags/example_short_circuit_decorator.py took 0.081 seconds
[2023-08-14T10:58:36.315+0200] {processor.py:157} INFO - Started process (PID=461329) to work on /home/akhilesh/py39/lib/python3.9/site-packages/airflow/example_dags/example_short_circuit_decorator.py
[2023-08-14T10:58:36.324+0200] {processor.py:826} INFO - Processing file /home/akhilesh/py39/lib/python3.9/site-packages/airflow/example_dags/example_short_circuit_decorator.py for tasks to queue
[2023-08-14T10:58:36.325+0200] {logging_mixin.py:150} INFO - [2023-08-14T10:58:36.325+0200] {dagbag.py:541} INFO - Filling up the DagBag from /home/akhilesh/py39/lib/python3.9/site-packages/airflow/example_dags/example_short_circuit_decorator.py
[2023-08-14T10:58:36.336+0200] {processor.py:836} INFO - DAG(s) dict_keys(['example_short_circuit_decorator']) retrieved from /home/akhilesh/py39/lib/python3.9/site-packages/airflow/example_dags/example_short_circuit_decorator.py
[2023-08-14T10:58:36.352+0200] {logging_mixin.py:150} INFO - [2023-08-14T10:58:36.352+0200] {dag.py:2742} INFO - Sync 1 DAGs
[2023-08-14T10:58:36.365+0200] {logging_mixin.py:150} INFO - [2023-08-14T10:58:36.364+0200] {dag.py:3504} INFO - Setting next_dagrun for example_short_circuit_decorator to 2023-08-13T08:58:36.364784+00:00, run_after=2023-08-14T08:58:36.364784+00:00
[2023-08-14T10:58:36.392+0200] {processor.py:179} INFO - Processing /home/akhilesh/py39/lib/python3.9/site-packages/airflow/example_dags/example_short_circuit_decorator.py took 0.081 seconds
[2023-08-14T10:59:25.893+0200] {processor.py:157} INFO - Started process (PID=461469) to work on /home/akhilesh/py39/lib/python3.9/site-packages/airflow/example_dags/example_short_circuit_decorator.py
[2023-08-14T10:59:25.895+0200] {processor.py:826} INFO - Processing file /home/akhilesh/py39/lib/python3.9/site-packages/airflow/example_dags/example_short_circuit_decorator.py for tasks to queue
[2023-08-14T10:59:25.896+0200] {logging_mixin.py:150} INFO - [2023-08-14T10:59:25.895+0200] {dagbag.py:541} INFO - Filling up the DagBag from /home/akhilesh/py39/lib/python3.9/site-packages/airflow/example_dags/example_short_circuit_decorator.py
[2023-08-14T10:59:25.901+0200] {processor.py:836} INFO - DAG(s) dict_keys(['example_short_circuit_decorator']) retrieved from /home/akhilesh/py39/lib/python3.9/site-packages/airflow/example_dags/example_short_circuit_decorator.py
[2023-08-14T10:59:25.923+0200] {logging_mixin.py:150} INFO - [2023-08-14T10:59:25.923+0200] {dag.py:2742} INFO - Sync 1 DAGs
[2023-08-14T10:59:25.937+0200] {logging_mixin.py:150} INFO - [2023-08-14T10:59:25.937+0200] {dag.py:3504} INFO - Setting next_dagrun for example_short_circuit_decorator to 2023-08-13T08:59:25.936949+00:00, run_after=2023-08-14T08:59:25.936949+00:00
[2023-08-14T10:59:25.958+0200] {processor.py:179} INFO - Processing /home/akhilesh/py39/lib/python3.9/site-packages/airflow/example_dags/example_short_circuit_decorator.py took 0.069 seconds
[2023-08-14T11:00:16.338+0200] {processor.py:157} INFO - Started process (PID=461643) to work on /home/akhilesh/py39/lib/python3.9/site-packages/airflow/example_dags/example_short_circuit_decorator.py
[2023-08-14T11:00:16.347+0200] {processor.py:826} INFO - Processing file /home/akhilesh/py39/lib/python3.9/site-packages/airflow/example_dags/example_short_circuit_decorator.py for tasks to queue
[2023-08-14T11:00:16.349+0200] {logging_mixin.py:150} INFO - [2023-08-14T11:00:16.348+0200] {dagbag.py:541} INFO - Filling up the DagBag from /home/akhilesh/py39/lib/python3.9/site-packages/airflow/example_dags/example_short_circuit_decorator.py
[2023-08-14T11:00:16.359+0200] {processor.py:836} INFO - DAG(s) dict_keys(['example_short_circuit_decorator']) retrieved from /home/akhilesh/py39/lib/python3.9/site-packages/airflow/example_dags/example_short_circuit_decorator.py
[2023-08-14T11:00:16.377+0200] {logging_mixin.py:150} INFO - [2023-08-14T11:00:16.377+0200] {dag.py:2742} INFO - Sync 1 DAGs
[2023-08-14T11:00:16.392+0200] {logging_mixin.py:150} INFO - [2023-08-14T11:00:16.392+0200] {dag.py:3504} INFO - Setting next_dagrun for example_short_circuit_decorator to 2023-08-13T09:00:16.391799+00:00, run_after=2023-08-14T09:00:16.391799+00:00
[2023-08-14T11:00:16.412+0200] {processor.py:179} INFO - Processing /home/akhilesh/py39/lib/python3.9/site-packages/airflow/example_dags/example_short_circuit_decorator.py took 0.078 seconds
[2023-08-14T11:01:06.806+0200] {processor.py:157} INFO - Started process (PID=461767) to work on /home/akhilesh/py39/lib/python3.9/site-packages/airflow/example_dags/example_short_circuit_decorator.py
[2023-08-14T11:01:06.807+0200] {processor.py:826} INFO - Processing file /home/akhilesh/py39/lib/python3.9/site-packages/airflow/example_dags/example_short_circuit_decorator.py for tasks to queue
[2023-08-14T11:01:06.808+0200] {logging_mixin.py:150} INFO - [2023-08-14T11:01:06.808+0200] {dagbag.py:541} INFO - Filling up the DagBag from /home/akhilesh/py39/lib/python3.9/site-packages/airflow/example_dags/example_short_circuit_decorator.py
[2023-08-14T11:01:06.819+0200] {processor.py:836} INFO - DAG(s) dict_keys(['example_short_circuit_decorator']) retrieved from /home/akhilesh/py39/lib/python3.9/site-packages/airflow/example_dags/example_short_circuit_decorator.py
[2023-08-14T11:01:06.835+0200] {logging_mixin.py:150} INFO - [2023-08-14T11:01:06.835+0200] {dag.py:2742} INFO - Sync 1 DAGs
[2023-08-14T11:01:06.848+0200] {logging_mixin.py:150} INFO - [2023-08-14T11:01:06.848+0200] {dag.py:3504} INFO - Setting next_dagrun for example_short_circuit_decorator to 2023-08-13T09:01:06.848019+00:00, run_after=2023-08-14T09:01:06.848019+00:00
[2023-08-14T11:01:06.874+0200] {processor.py:179} INFO - Processing /home/akhilesh/py39/lib/python3.9/site-packages/airflow/example_dags/example_short_circuit_decorator.py took 0.072 seconds
[2023-08-14T11:01:54.848+0200] {processor.py:157} INFO - Started process (PID=461978) to work on /home/akhilesh/py39/lib/python3.9/site-packages/airflow/example_dags/example_short_circuit_decorator.py
[2023-08-14T11:01:54.857+0200] {processor.py:826} INFO - Processing file /home/akhilesh/py39/lib/python3.9/site-packages/airflow/example_dags/example_short_circuit_decorator.py for tasks to queue
[2023-08-14T11:01:54.858+0200] {logging_mixin.py:150} INFO - [2023-08-14T11:01:54.858+0200] {dagbag.py:541} INFO - Filling up the DagBag from /home/akhilesh/py39/lib/python3.9/site-packages/airflow/example_dags/example_short_circuit_decorator.py
[2023-08-14T11:01:54.870+0200] {processor.py:836} INFO - DAG(s) dict_keys(['example_short_circuit_decorator']) retrieved from /home/akhilesh/py39/lib/python3.9/site-packages/airflow/example_dags/example_short_circuit_decorator.py
[2023-08-14T11:01:54.889+0200] {logging_mixin.py:150} INFO - [2023-08-14T11:01:54.889+0200] {dag.py:2742} INFO - Sync 1 DAGs
[2023-08-14T11:01:54.902+0200] {logging_mixin.py:150} INFO - [2023-08-14T11:01:54.901+0200] {dag.py:3504} INFO - Setting next_dagrun for example_short_circuit_decorator to 2023-08-13T09:01:54.901747+00:00, run_after=2023-08-14T09:01:54.901747+00:00
[2023-08-14T11:01:54.928+0200] {processor.py:179} INFO - Processing /home/akhilesh/py39/lib/python3.9/site-packages/airflow/example_dags/example_short_circuit_decorator.py took 0.084 seconds
[2023-08-14T11:02:48.464+0200] {processor.py:157} INFO - Started process (PID=462145) to work on /home/akhilesh/py39/lib/python3.9/site-packages/airflow/example_dags/example_short_circuit_decorator.py
[2023-08-14T11:02:48.473+0200] {processor.py:826} INFO - Processing file /home/akhilesh/py39/lib/python3.9/site-packages/airflow/example_dags/example_short_circuit_decorator.py for tasks to queue
[2023-08-14T11:02:48.474+0200] {logging_mixin.py:150} INFO - [2023-08-14T11:02:48.474+0200] {dagbag.py:541} INFO - Filling up the DagBag from /home/akhilesh/py39/lib/python3.9/site-packages/airflow/example_dags/example_short_circuit_decorator.py
[2023-08-14T11:02:48.486+0200] {processor.py:836} INFO - DAG(s) dict_keys(['example_short_circuit_decorator']) retrieved from /home/akhilesh/py39/lib/python3.9/site-packages/airflow/example_dags/example_short_circuit_decorator.py
[2023-08-14T11:02:48.506+0200] {logging_mixin.py:150} INFO - [2023-08-14T11:02:48.506+0200] {dag.py:2742} INFO - Sync 1 DAGs
[2023-08-14T11:02:48.521+0200] {logging_mixin.py:150} INFO - [2023-08-14T11:02:48.520+0200] {dag.py:3504} INFO - Setting next_dagrun for example_short_circuit_decorator to 2023-08-13T09:02:48.520671+00:00, run_after=2023-08-14T09:02:48.520671+00:00
[2023-08-14T11:02:48.557+0200] {processor.py:179} INFO - Processing /home/akhilesh/py39/lib/python3.9/site-packages/airflow/example_dags/example_short_circuit_decorator.py took 0.097 seconds
[2023-08-14T11:03:39.223+0200] {processor.py:157} INFO - Started process (PID=462288) to work on /home/akhilesh/py39/lib/python3.9/site-packages/airflow/example_dags/example_short_circuit_decorator.py
[2023-08-14T11:03:39.232+0200] {processor.py:826} INFO - Processing file /home/akhilesh/py39/lib/python3.9/site-packages/airflow/example_dags/example_short_circuit_decorator.py for tasks to queue
[2023-08-14T11:03:39.233+0200] {logging_mixin.py:150} INFO - [2023-08-14T11:03:39.233+0200] {dagbag.py:541} INFO - Filling up the DagBag from /home/akhilesh/py39/lib/python3.9/site-packages/airflow/example_dags/example_short_circuit_decorator.py
[2023-08-14T11:03:39.244+0200] {processor.py:836} INFO - DAG(s) dict_keys(['example_short_circuit_decorator']) retrieved from /home/akhilesh/py39/lib/python3.9/site-packages/airflow/example_dags/example_short_circuit_decorator.py
[2023-08-14T11:03:39.257+0200] {logging_mixin.py:150} INFO - [2023-08-14T11:03:39.257+0200] {dag.py:2742} INFO - Sync 1 DAGs
[2023-08-14T11:03:39.300+0200] {logging_mixin.py:150} INFO - [2023-08-14T11:03:39.300+0200] {dag.py:3504} INFO - Setting next_dagrun for example_short_circuit_decorator to 2023-08-13T09:03:39.298678+00:00, run_after=2023-08-14T09:03:39.298678+00:00
[2023-08-14T11:03:39.339+0200] {processor.py:179} INFO - Processing /home/akhilesh/py39/lib/python3.9/site-packages/airflow/example_dags/example_short_circuit_decorator.py took 0.120 seconds
[2023-08-14T11:04:29.039+0200] {processor.py:157} INFO - Started process (PID=462415) to work on /home/akhilesh/py39/lib/python3.9/site-packages/airflow/example_dags/example_short_circuit_decorator.py
[2023-08-14T11:04:29.048+0200] {processor.py:826} INFO - Processing file /home/akhilesh/py39/lib/python3.9/site-packages/airflow/example_dags/example_short_circuit_decorator.py for tasks to queue
[2023-08-14T11:04:29.050+0200] {logging_mixin.py:150} INFO - [2023-08-14T11:04:29.049+0200] {dagbag.py:541} INFO - Filling up the DagBag from /home/akhilesh/py39/lib/python3.9/site-packages/airflow/example_dags/example_short_circuit_decorator.py
[2023-08-14T11:04:29.061+0200] {processor.py:836} INFO - DAG(s) dict_keys(['example_short_circuit_decorator']) retrieved from /home/akhilesh/py39/lib/python3.9/site-packages/airflow/example_dags/example_short_circuit_decorator.py
[2023-08-14T11:04:29.076+0200] {logging_mixin.py:150} INFO - [2023-08-14T11:04:29.076+0200] {dag.py:2742} INFO - Sync 1 DAGs
[2023-08-14T11:04:29.086+0200] {logging_mixin.py:150} INFO - [2023-08-14T11:04:29.086+0200] {dag.py:3504} INFO - Setting next_dagrun for example_short_circuit_decorator to 2023-08-13T09:04:29.086186+00:00, run_after=2023-08-14T09:04:29.086186+00:00
[2023-08-14T11:04:29.113+0200] {processor.py:179} INFO - Processing /home/akhilesh/py39/lib/python3.9/site-packages/airflow/example_dags/example_short_circuit_decorator.py took 0.078 seconds
[2023-08-14T11:05:22.837+0200] {processor.py:157} INFO - Started process (PID=462554) to work on /home/akhilesh/py39/lib/python3.9/site-packages/airflow/example_dags/example_short_circuit_decorator.py
[2023-08-14T11:05:22.847+0200] {processor.py:826} INFO - Processing file /home/akhilesh/py39/lib/python3.9/site-packages/airflow/example_dags/example_short_circuit_decorator.py for tasks to queue
[2023-08-14T11:05:22.848+0200] {logging_mixin.py:150} INFO - [2023-08-14T11:05:22.847+0200] {dagbag.py:541} INFO - Filling up the DagBag from /home/akhilesh/py39/lib/python3.9/site-packages/airflow/example_dags/example_short_circuit_decorator.py
[2023-08-14T11:05:22.860+0200] {processor.py:836} INFO - DAG(s) dict_keys(['example_short_circuit_decorator']) retrieved from /home/akhilesh/py39/lib/python3.9/site-packages/airflow/example_dags/example_short_circuit_decorator.py
[2023-08-14T11:05:22.876+0200] {logging_mixin.py:150} INFO - [2023-08-14T11:05:22.876+0200] {dag.py:2742} INFO - Sync 1 DAGs
[2023-08-14T11:05:22.890+0200] {logging_mixin.py:150} INFO - [2023-08-14T11:05:22.889+0200] {dag.py:3504} INFO - Setting next_dagrun for example_short_circuit_decorator to 2023-08-13T09:05:22.889612+00:00, run_after=2023-08-14T09:05:22.889612+00:00
[2023-08-14T11:05:22.916+0200] {processor.py:179} INFO - Processing /home/akhilesh/py39/lib/python3.9/site-packages/airflow/example_dags/example_short_circuit_decorator.py took 0.082 seconds
[2023-08-14T11:06:15.024+0200] {processor.py:157} INFO - Started process (PID=462731) to work on /home/akhilesh/py39/lib/python3.9/site-packages/airflow/example_dags/example_short_circuit_decorator.py
[2023-08-14T11:06:15.033+0200] {processor.py:826} INFO - Processing file /home/akhilesh/py39/lib/python3.9/site-packages/airflow/example_dags/example_short_circuit_decorator.py for tasks to queue
[2023-08-14T11:06:15.034+0200] {logging_mixin.py:150} INFO - [2023-08-14T11:06:15.034+0200] {dagbag.py:541} INFO - Filling up the DagBag from /home/akhilesh/py39/lib/python3.9/site-packages/airflow/example_dags/example_short_circuit_decorator.py
[2023-08-14T11:06:15.045+0200] {processor.py:836} INFO - DAG(s) dict_keys(['example_short_circuit_decorator']) retrieved from /home/akhilesh/py39/lib/python3.9/site-packages/airflow/example_dags/example_short_circuit_decorator.py
[2023-08-14T11:06:15.062+0200] {logging_mixin.py:150} INFO - [2023-08-14T11:06:15.062+0200] {dag.py:2742} INFO - Sync 1 DAGs
[2023-08-14T11:06:15.073+0200] {logging_mixin.py:150} INFO - [2023-08-14T11:06:15.073+0200] {dag.py:3504} INFO - Setting next_dagrun for example_short_circuit_decorator to 2023-08-13T09:06:15.073272+00:00, run_after=2023-08-14T09:06:15.073272+00:00
[2023-08-14T11:06:15.101+0200] {processor.py:179} INFO - Processing /home/akhilesh/py39/lib/python3.9/site-packages/airflow/example_dags/example_short_circuit_decorator.py took 0.081 seconds
[2023-08-14T11:07:02.147+0200] {processor.py:157} INFO - Started process (PID=462903) to work on /home/akhilesh/py39/lib/python3.9/site-packages/airflow/example_dags/example_short_circuit_decorator.py
[2023-08-14T11:07:02.148+0200] {processor.py:826} INFO - Processing file /home/akhilesh/py39/lib/python3.9/site-packages/airflow/example_dags/example_short_circuit_decorator.py for tasks to queue
[2023-08-14T11:07:02.150+0200] {logging_mixin.py:150} INFO - [2023-08-14T11:07:02.149+0200] {dagbag.py:541} INFO - Filling up the DagBag from /home/akhilesh/py39/lib/python3.9/site-packages/airflow/example_dags/example_short_circuit_decorator.py
[2023-08-14T11:07:02.155+0200] {processor.py:836} INFO - DAG(s) dict_keys(['example_short_circuit_decorator']) retrieved from /home/akhilesh/py39/lib/python3.9/site-packages/airflow/example_dags/example_short_circuit_decorator.py
[2023-08-14T11:07:02.168+0200] {logging_mixin.py:150} INFO - [2023-08-14T11:07:02.168+0200] {dag.py:2742} INFO - Sync 1 DAGs
[2023-08-14T11:07:02.179+0200] {logging_mixin.py:150} INFO - [2023-08-14T11:07:02.179+0200] {dag.py:3504} INFO - Setting next_dagrun for example_short_circuit_decorator to 2023-08-13T09:07:02.179024+00:00, run_after=2023-08-14T09:07:02.179024+00:00
[2023-08-14T11:07:02.209+0200] {processor.py:179} INFO - Processing /home/akhilesh/py39/lib/python3.9/site-packages/airflow/example_dags/example_short_circuit_decorator.py took 0.065 seconds
[2023-08-14T11:07:57.421+0200] {processor.py:157} INFO - Started process (PID=463073) to work on /home/akhilesh/py39/lib/python3.9/site-packages/airflow/example_dags/example_short_circuit_decorator.py
[2023-08-14T11:07:57.430+0200] {processor.py:826} INFO - Processing file /home/akhilesh/py39/lib/python3.9/site-packages/airflow/example_dags/example_short_circuit_decorator.py for tasks to queue
[2023-08-14T11:07:57.430+0200] {logging_mixin.py:150} INFO - [2023-08-14T11:07:57.430+0200] {dagbag.py:541} INFO - Filling up the DagBag from /home/akhilesh/py39/lib/python3.9/site-packages/airflow/example_dags/example_short_circuit_decorator.py
[2023-08-14T11:07:57.438+0200] {processor.py:836} INFO - DAG(s) dict_keys(['example_short_circuit_decorator']) retrieved from /home/akhilesh/py39/lib/python3.9/site-packages/airflow/example_dags/example_short_circuit_decorator.py
[2023-08-14T11:07:57.462+0200] {logging_mixin.py:150} INFO - [2023-08-14T11:07:57.462+0200] {dag.py:2742} INFO - Sync 1 DAGs
[2023-08-14T11:07:57.478+0200] {logging_mixin.py:150} INFO - [2023-08-14T11:07:57.478+0200] {dag.py:3504} INFO - Setting next_dagrun for example_short_circuit_decorator to 2023-08-13T09:07:57.478374+00:00, run_after=2023-08-14T09:07:57.478374+00:00
[2023-08-14T11:07:57.509+0200] {processor.py:179} INFO - Processing /home/akhilesh/py39/lib/python3.9/site-packages/airflow/example_dags/example_short_circuit_decorator.py took 0.092 seconds
[2023-08-14T11:08:45.708+0200] {processor.py:157} INFO - Started process (PID=463239) to work on /home/akhilesh/py39/lib/python3.9/site-packages/airflow/example_dags/example_short_circuit_decorator.py
[2023-08-14T11:08:45.717+0200] {processor.py:826} INFO - Processing file /home/akhilesh/py39/lib/python3.9/site-packages/airflow/example_dags/example_short_circuit_decorator.py for tasks to queue
[2023-08-14T11:08:45.718+0200] {logging_mixin.py:150} INFO - [2023-08-14T11:08:45.718+0200] {dagbag.py:541} INFO - Filling up the DagBag from /home/akhilesh/py39/lib/python3.9/site-packages/airflow/example_dags/example_short_circuit_decorator.py
[2023-08-14T11:08:45.730+0200] {processor.py:836} INFO - DAG(s) dict_keys(['example_short_circuit_decorator']) retrieved from /home/akhilesh/py39/lib/python3.9/site-packages/airflow/example_dags/example_short_circuit_decorator.py
[2023-08-14T11:08:45.750+0200] {logging_mixin.py:150} INFO - [2023-08-14T11:08:45.750+0200] {dag.py:2742} INFO - Sync 1 DAGs
[2023-08-14T11:08:45.771+0200] {logging_mixin.py:150} INFO - [2023-08-14T11:08:45.770+0200] {dag.py:3504} INFO - Setting next_dagrun for example_short_circuit_decorator to 2023-08-13T09:08:45.770245+00:00, run_after=2023-08-14T09:08:45.770245+00:00
[2023-08-14T11:08:45.799+0200] {processor.py:179} INFO - Processing /home/akhilesh/py39/lib/python3.9/site-packages/airflow/example_dags/example_short_circuit_decorator.py took 0.095 seconds
[2023-08-14T11:10:54.583+0200] {processor.py:157} INFO - Started process (PID=463673) to work on /home/akhilesh/py39/lib/python3.9/site-packages/airflow/example_dags/example_short_circuit_decorator.py
[2023-08-14T11:10:54.592+0200] {processor.py:826} INFO - Processing file /home/akhilesh/py39/lib/python3.9/site-packages/airflow/example_dags/example_short_circuit_decorator.py for tasks to queue
[2023-08-14T11:10:54.593+0200] {logging_mixin.py:150} INFO - [2023-08-14T11:10:54.592+0200] {dagbag.py:541} INFO - Filling up the DagBag from /home/akhilesh/py39/lib/python3.9/site-packages/airflow/example_dags/example_short_circuit_decorator.py
[2023-08-14T11:10:54.606+0200] {processor.py:836} INFO - DAG(s) dict_keys(['example_short_circuit_decorator']) retrieved from /home/akhilesh/py39/lib/python3.9/site-packages/airflow/example_dags/example_short_circuit_decorator.py
[2023-08-14T11:10:54.621+0200] {logging_mixin.py:150} INFO - [2023-08-14T11:10:54.620+0200] {dag.py:2742} INFO - Sync 1 DAGs
[2023-08-14T11:10:54.636+0200] {logging_mixin.py:150} INFO - [2023-08-14T11:10:54.636+0200] {dag.py:3504} INFO - Setting next_dagrun for example_short_circuit_decorator to 2023-08-13T09:10:54.636084+00:00, run_after=2023-08-14T09:10:54.636084+00:00
[2023-08-14T11:10:54.667+0200] {processor.py:179} INFO - Processing /home/akhilesh/py39/lib/python3.9/site-packages/airflow/example_dags/example_short_circuit_decorator.py took 0.088 seconds
[2023-08-14T11:11:58.097+0200] {processor.py:157} INFO - Started process (PID=464021) to work on /home/akhilesh/py39/lib/python3.9/site-packages/airflow/example_dags/example_short_circuit_decorator.py
[2023-08-14T11:11:58.106+0200] {processor.py:826} INFO - Processing file /home/akhilesh/py39/lib/python3.9/site-packages/airflow/example_dags/example_short_circuit_decorator.py for tasks to queue
[2023-08-14T11:11:58.107+0200] {logging_mixin.py:150} INFO - [2023-08-14T11:11:58.106+0200] {dagbag.py:541} INFO - Filling up the DagBag from /home/akhilesh/py39/lib/python3.9/site-packages/airflow/example_dags/example_short_circuit_decorator.py
[2023-08-14T11:11:58.121+0200] {processor.py:836} INFO - DAG(s) dict_keys(['example_short_circuit_decorator']) retrieved from /home/akhilesh/py39/lib/python3.9/site-packages/airflow/example_dags/example_short_circuit_decorator.py
[2023-08-14T11:11:58.138+0200] {logging_mixin.py:150} INFO - [2023-08-14T11:11:58.138+0200] {dag.py:2742} INFO - Sync 1 DAGs
[2023-08-14T11:11:58.152+0200] {logging_mixin.py:150} INFO - [2023-08-14T11:11:58.152+0200] {dag.py:3504} INFO - Setting next_dagrun for example_short_circuit_decorator to 2023-08-13T09:11:58.152221+00:00, run_after=2023-08-14T09:11:58.152221+00:00
[2023-08-14T11:11:58.178+0200] {processor.py:179} INFO - Processing /home/akhilesh/py39/lib/python3.9/site-packages/airflow/example_dags/example_short_circuit_decorator.py took 0.086 seconds
[2023-08-14T11:12:43.985+0200] {processor.py:157} INFO - Started process (PID=464168) to work on /home/akhilesh/py39/lib/python3.9/site-packages/airflow/example_dags/example_short_circuit_decorator.py
[2023-08-14T11:12:43.994+0200] {processor.py:826} INFO - Processing file /home/akhilesh/py39/lib/python3.9/site-packages/airflow/example_dags/example_short_circuit_decorator.py for tasks to queue
[2023-08-14T11:12:43.995+0200] {logging_mixin.py:150} INFO - [2023-08-14T11:12:43.995+0200] {dagbag.py:541} INFO - Filling up the DagBag from /home/akhilesh/py39/lib/python3.9/site-packages/airflow/example_dags/example_short_circuit_decorator.py
[2023-08-14T11:12:44.005+0200] {processor.py:836} INFO - DAG(s) dict_keys(['example_short_circuit_decorator']) retrieved from /home/akhilesh/py39/lib/python3.9/site-packages/airflow/example_dags/example_short_circuit_decorator.py
[2023-08-14T11:12:44.024+0200] {logging_mixin.py:150} INFO - [2023-08-14T11:12:44.024+0200] {dag.py:2742} INFO - Sync 1 DAGs
[2023-08-14T11:12:44.046+0200] {logging_mixin.py:150} INFO - [2023-08-14T11:12:44.046+0200] {dag.py:3504} INFO - Setting next_dagrun for example_short_circuit_decorator to 2023-08-13T09:12:44.046269+00:00, run_after=2023-08-14T09:12:44.046269+00:00
[2023-08-14T11:12:44.079+0200] {processor.py:179} INFO - Processing /home/akhilesh/py39/lib/python3.9/site-packages/airflow/example_dags/example_short_circuit_decorator.py took 0.098 seconds
[2023-08-14T11:15:23.374+0200] {processor.py:157} INFO - Started process (PID=464855) to work on /home/akhilesh/py39/lib/python3.9/site-packages/airflow/example_dags/example_short_circuit_decorator.py
[2023-08-14T11:15:23.383+0200] {processor.py:826} INFO - Processing file /home/akhilesh/py39/lib/python3.9/site-packages/airflow/example_dags/example_short_circuit_decorator.py for tasks to queue
[2023-08-14T11:15:23.385+0200] {logging_mixin.py:150} INFO - [2023-08-14T11:15:23.384+0200] {dagbag.py:541} INFO - Filling up the DagBag from /home/akhilesh/py39/lib/python3.9/site-packages/airflow/example_dags/example_short_circuit_decorator.py
[2023-08-14T11:15:23.400+0200] {processor.py:836} INFO - DAG(s) dict_keys(['example_short_circuit_decorator']) retrieved from /home/akhilesh/py39/lib/python3.9/site-packages/airflow/example_dags/example_short_circuit_decorator.py
[2023-08-14T11:15:23.422+0200] {logging_mixin.py:150} INFO - [2023-08-14T11:15:23.422+0200] {dag.py:2742} INFO - Sync 1 DAGs
[2023-08-14T11:15:23.437+0200] {logging_mixin.py:150} INFO - [2023-08-14T11:15:23.436+0200] {dag.py:3504} INFO - Setting next_dagrun for example_short_circuit_decorator to 2023-08-13T09:15:23.436525+00:00, run_after=2023-08-14T09:15:23.436525+00:00
[2023-08-14T11:15:23.465+0200] {processor.py:179} INFO - Processing /home/akhilesh/py39/lib/python3.9/site-packages/airflow/example_dags/example_short_circuit_decorator.py took 0.094 seconds
[2023-08-14T11:16:11.174+0200] {processor.py:157} INFO - Started process (PID=465020) to work on /home/akhilesh/py39/lib/python3.9/site-packages/airflow/example_dags/example_short_circuit_decorator.py
[2023-08-14T11:16:11.183+0200] {processor.py:826} INFO - Processing file /home/akhilesh/py39/lib/python3.9/site-packages/airflow/example_dags/example_short_circuit_decorator.py for tasks to queue
[2023-08-14T11:16:11.184+0200] {logging_mixin.py:150} INFO - [2023-08-14T11:16:11.183+0200] {dagbag.py:541} INFO - Filling up the DagBag from /home/akhilesh/py39/lib/python3.9/site-packages/airflow/example_dags/example_short_circuit_decorator.py
[2023-08-14T11:16:11.194+0200] {processor.py:836} INFO - DAG(s) dict_keys(['example_short_circuit_decorator']) retrieved from /home/akhilesh/py39/lib/python3.9/site-packages/airflow/example_dags/example_short_circuit_decorator.py
[2023-08-14T11:16:11.208+0200] {logging_mixin.py:150} INFO - [2023-08-14T11:16:11.208+0200] {dag.py:2742} INFO - Sync 1 DAGs
[2023-08-14T11:16:11.223+0200] {logging_mixin.py:150} INFO - [2023-08-14T11:16:11.223+0200] {dag.py:3504} INFO - Setting next_dagrun for example_short_circuit_decorator to 2023-08-13T09:16:11.223216+00:00, run_after=2023-08-14T09:16:11.223216+00:00
[2023-08-14T11:16:11.243+0200] {processor.py:179} INFO - Processing /home/akhilesh/py39/lib/python3.9/site-packages/airflow/example_dags/example_short_circuit_decorator.py took 0.072 seconds
[2023-08-14T11:17:05.528+0200] {processor.py:157} INFO - Started process (PID=465167) to work on /home/akhilesh/py39/lib/python3.9/site-packages/airflow/example_dags/example_short_circuit_decorator.py
[2023-08-14T11:17:05.537+0200] {processor.py:826} INFO - Processing file /home/akhilesh/py39/lib/python3.9/site-packages/airflow/example_dags/example_short_circuit_decorator.py for tasks to queue
[2023-08-14T11:17:05.538+0200] {logging_mixin.py:150} INFO - [2023-08-14T11:17:05.538+0200] {dagbag.py:541} INFO - Filling up the DagBag from /home/akhilesh/py39/lib/python3.9/site-packages/airflow/example_dags/example_short_circuit_decorator.py
[2023-08-14T11:17:05.551+0200] {processor.py:836} INFO - DAG(s) dict_keys(['example_short_circuit_decorator']) retrieved from /home/akhilesh/py39/lib/python3.9/site-packages/airflow/example_dags/example_short_circuit_decorator.py
[2023-08-14T11:17:05.571+0200] {logging_mixin.py:150} INFO - [2023-08-14T11:17:05.571+0200] {dag.py:2742} INFO - Sync 1 DAGs
[2023-08-14T11:17:05.584+0200] {logging_mixin.py:150} INFO - [2023-08-14T11:17:05.584+0200] {dag.py:3504} INFO - Setting next_dagrun for example_short_circuit_decorator to 2023-08-13T09:17:05.584230+00:00, run_after=2023-08-14T09:17:05.584230+00:00
[2023-08-14T11:17:05.611+0200] {processor.py:179} INFO - Processing /home/akhilesh/py39/lib/python3.9/site-packages/airflow/example_dags/example_short_circuit_decorator.py took 0.087 seconds
[2023-08-14T11:17:58.545+0200] {processor.py:157} INFO - Started process (PID=465315) to work on /home/akhilesh/py39/lib/python3.9/site-packages/airflow/example_dags/example_short_circuit_decorator.py
[2023-08-14T11:17:58.554+0200] {processor.py:826} INFO - Processing file /home/akhilesh/py39/lib/python3.9/site-packages/airflow/example_dags/example_short_circuit_decorator.py for tasks to queue
[2023-08-14T11:17:58.556+0200] {logging_mixin.py:150} INFO - [2023-08-14T11:17:58.555+0200] {dagbag.py:541} INFO - Filling up the DagBag from /home/akhilesh/py39/lib/python3.9/site-packages/airflow/example_dags/example_short_circuit_decorator.py
[2023-08-14T11:17:58.565+0200] {processor.py:836} INFO - DAG(s) dict_keys(['example_short_circuit_decorator']) retrieved from /home/akhilesh/py39/lib/python3.9/site-packages/airflow/example_dags/example_short_circuit_decorator.py
[2023-08-14T11:17:58.581+0200] {logging_mixin.py:150} INFO - [2023-08-14T11:17:58.581+0200] {dag.py:2742} INFO - Sync 1 DAGs
[2023-08-14T11:17:58.594+0200] {logging_mixin.py:150} INFO - [2023-08-14T11:17:58.594+0200] {dag.py:3504} INFO - Setting next_dagrun for example_short_circuit_decorator to 2023-08-13T09:17:58.594026+00:00, run_after=2023-08-14T09:17:58.594026+00:00
[2023-08-14T11:17:58.623+0200] {processor.py:179} INFO - Processing /home/akhilesh/py39/lib/python3.9/site-packages/airflow/example_dags/example_short_circuit_decorator.py took 0.081 seconds
[2023-08-14T11:18:49.501+0200] {processor.py:157} INFO - Started process (PID=465617) to work on /home/akhilesh/py39/lib/python3.9/site-packages/airflow/example_dags/example_short_circuit_decorator.py
[2023-08-14T11:18:49.510+0200] {processor.py:826} INFO - Processing file /home/akhilesh/py39/lib/python3.9/site-packages/airflow/example_dags/example_short_circuit_decorator.py for tasks to queue
[2023-08-14T11:18:49.512+0200] {logging_mixin.py:150} INFO - [2023-08-14T11:18:49.511+0200] {dagbag.py:541} INFO - Filling up the DagBag from /home/akhilesh/py39/lib/python3.9/site-packages/airflow/example_dags/example_short_circuit_decorator.py
[2023-08-14T11:18:49.523+0200] {processor.py:836} INFO - DAG(s) dict_keys(['example_short_circuit_decorator']) retrieved from /home/akhilesh/py39/lib/python3.9/site-packages/airflow/example_dags/example_short_circuit_decorator.py
[2023-08-14T11:18:49.538+0200] {logging_mixin.py:150} INFO - [2023-08-14T11:18:49.538+0200] {dag.py:2742} INFO - Sync 1 DAGs
[2023-08-14T11:18:49.551+0200] {logging_mixin.py:150} INFO - [2023-08-14T11:18:49.551+0200] {dag.py:3504} INFO - Setting next_dagrun for example_short_circuit_decorator to 2023-08-13T09:18:49.551258+00:00, run_after=2023-08-14T09:18:49.551258+00:00
[2023-08-14T11:18:49.578+0200] {processor.py:179} INFO - Processing /home/akhilesh/py39/lib/python3.9/site-packages/airflow/example_dags/example_short_circuit_decorator.py took 0.081 seconds
[2023-08-14T11:20:42.023+0200] {processor.py:157} INFO - Started process (PID=465970) to work on /home/akhilesh/py39/lib/python3.9/site-packages/airflow/example_dags/example_short_circuit_decorator.py
[2023-08-14T11:20:42.032+0200] {processor.py:826} INFO - Processing file /home/akhilesh/py39/lib/python3.9/site-packages/airflow/example_dags/example_short_circuit_decorator.py for tasks to queue
[2023-08-14T11:20:42.033+0200] {logging_mixin.py:150} INFO - [2023-08-14T11:20:42.033+0200] {dagbag.py:541} INFO - Filling up the DagBag from /home/akhilesh/py39/lib/python3.9/site-packages/airflow/example_dags/example_short_circuit_decorator.py
[2023-08-14T11:20:42.044+0200] {processor.py:836} INFO - DAG(s) dict_keys(['example_short_circuit_decorator']) retrieved from /home/akhilesh/py39/lib/python3.9/site-packages/airflow/example_dags/example_short_circuit_decorator.py
[2023-08-14T11:20:42.056+0200] {logging_mixin.py:150} INFO - [2023-08-14T11:20:42.056+0200] {dag.py:2742} INFO - Sync 1 DAGs
[2023-08-14T11:20:42.067+0200] {logging_mixin.py:150} INFO - [2023-08-14T11:20:42.067+0200] {dag.py:3504} INFO - Setting next_dagrun for example_short_circuit_decorator to 2023-08-13T09:20:42.067195+00:00, run_after=2023-08-14T09:20:42.067195+00:00
[2023-08-14T11:20:42.091+0200] {processor.py:179} INFO - Processing /home/akhilesh/py39/lib/python3.9/site-packages/airflow/example_dags/example_short_circuit_decorator.py took 0.072 seconds
[2023-08-14T11:21:25.649+0200] {processor.py:157} INFO - Started process (PID=466122) to work on /home/akhilesh/py39/lib/python3.9/site-packages/airflow/example_dags/example_short_circuit_decorator.py
[2023-08-14T11:21:25.659+0200] {processor.py:826} INFO - Processing file /home/akhilesh/py39/lib/python3.9/site-packages/airflow/example_dags/example_short_circuit_decorator.py for tasks to queue
[2023-08-14T11:21:25.659+0200] {logging_mixin.py:150} INFO - [2023-08-14T11:21:25.659+0200] {dagbag.py:541} INFO - Filling up the DagBag from /home/akhilesh/py39/lib/python3.9/site-packages/airflow/example_dags/example_short_circuit_decorator.py
[2023-08-14T11:21:25.669+0200] {processor.py:836} INFO - DAG(s) dict_keys(['example_short_circuit_decorator']) retrieved from /home/akhilesh/py39/lib/python3.9/site-packages/airflow/example_dags/example_short_circuit_decorator.py
[2023-08-14T11:21:25.709+0200] {logging_mixin.py:150} INFO - [2023-08-14T11:21:25.708+0200] {dag.py:2742} INFO - Sync 1 DAGs
[2023-08-14T11:21:25.733+0200] {logging_mixin.py:150} INFO - [2023-08-14T11:21:25.732+0200] {dag.py:3504} INFO - Setting next_dagrun for example_short_circuit_decorator to 2023-08-13T09:21:25.732718+00:00, run_after=2023-08-14T09:21:25.732718+00:00
[2023-08-14T11:21:25.766+0200] {processor.py:179} INFO - Processing /home/akhilesh/py39/lib/python3.9/site-packages/airflow/example_dags/example_short_circuit_decorator.py took 0.121 seconds
[2023-08-14T11:22:13.756+0200] {processor.py:157} INFO - Started process (PID=466268) to work on /home/akhilesh/py39/lib/python3.9/site-packages/airflow/example_dags/example_short_circuit_decorator.py
[2023-08-14T11:22:13.757+0200] {processor.py:826} INFO - Processing file /home/akhilesh/py39/lib/python3.9/site-packages/airflow/example_dags/example_short_circuit_decorator.py for tasks to queue
[2023-08-14T11:22:13.758+0200] {logging_mixin.py:150} INFO - [2023-08-14T11:22:13.758+0200] {dagbag.py:541} INFO - Filling up the DagBag from /home/akhilesh/py39/lib/python3.9/site-packages/airflow/example_dags/example_short_circuit_decorator.py
[2023-08-14T11:22:13.765+0200] {processor.py:836} INFO - DAG(s) dict_keys(['example_short_circuit_decorator']) retrieved from /home/akhilesh/py39/lib/python3.9/site-packages/airflow/example_dags/example_short_circuit_decorator.py
[2023-08-14T11:22:13.782+0200] {logging_mixin.py:150} INFO - [2023-08-14T11:22:13.782+0200] {dag.py:2742} INFO - Sync 1 DAGs
[2023-08-14T11:22:13.795+0200] {logging_mixin.py:150} INFO - [2023-08-14T11:22:13.795+0200] {dag.py:3504} INFO - Setting next_dagrun for example_short_circuit_decorator to 2023-08-13T09:22:13.795340+00:00, run_after=2023-08-14T09:22:13.795340+00:00
[2023-08-14T11:22:13.824+0200] {processor.py:179} INFO - Processing /home/akhilesh/py39/lib/python3.9/site-packages/airflow/example_dags/example_short_circuit_decorator.py took 0.072 seconds
[2023-08-14T11:23:01.308+0200] {processor.py:157} INFO - Started process (PID=466536) to work on /home/akhilesh/py39/lib/python3.9/site-packages/airflow/example_dags/example_short_circuit_decorator.py
[2023-08-14T11:23:01.309+0200] {processor.py:826} INFO - Processing file /home/akhilesh/py39/lib/python3.9/site-packages/airflow/example_dags/example_short_circuit_decorator.py for tasks to queue
[2023-08-14T11:23:01.310+0200] {logging_mixin.py:150} INFO - [2023-08-14T11:23:01.310+0200] {dagbag.py:541} INFO - Filling up the DagBag from /home/akhilesh/py39/lib/python3.9/site-packages/airflow/example_dags/example_short_circuit_decorator.py
[2023-08-14T11:23:01.318+0200] {processor.py:836} INFO - DAG(s) dict_keys(['example_short_circuit_decorator']) retrieved from /home/akhilesh/py39/lib/python3.9/site-packages/airflow/example_dags/example_short_circuit_decorator.py
[2023-08-14T11:23:01.334+0200] {logging_mixin.py:150} INFO - [2023-08-14T11:23:01.334+0200] {dag.py:2742} INFO - Sync 1 DAGs
[2023-08-14T11:23:01.347+0200] {logging_mixin.py:150} INFO - [2023-08-14T11:23:01.347+0200] {dag.py:3504} INFO - Setting next_dagrun for example_short_circuit_decorator to 2023-08-13T09:23:01.346796+00:00, run_after=2023-08-14T09:23:01.346796+00:00
[2023-08-14T11:23:01.374+0200] {processor.py:179} INFO - Processing /home/akhilesh/py39/lib/python3.9/site-packages/airflow/example_dags/example_short_circuit_decorator.py took 0.070 seconds
[2023-08-14T11:23:50.442+0200] {processor.py:157} INFO - Started process (PID=467088) to work on /home/akhilesh/py39/lib/python3.9/site-packages/airflow/example_dags/example_short_circuit_decorator.py
[2023-08-14T11:23:50.451+0200] {processor.py:826} INFO - Processing file /home/akhilesh/py39/lib/python3.9/site-packages/airflow/example_dags/example_short_circuit_decorator.py for tasks to queue
[2023-08-14T11:23:50.452+0200] {logging_mixin.py:150} INFO - [2023-08-14T11:23:50.452+0200] {dagbag.py:541} INFO - Filling up the DagBag from /home/akhilesh/py39/lib/python3.9/site-packages/airflow/example_dags/example_short_circuit_decorator.py
[2023-08-14T11:23:50.463+0200] {processor.py:836} INFO - DAG(s) dict_keys(['example_short_circuit_decorator']) retrieved from /home/akhilesh/py39/lib/python3.9/site-packages/airflow/example_dags/example_short_circuit_decorator.py
[2023-08-14T11:23:50.482+0200] {logging_mixin.py:150} INFO - [2023-08-14T11:23:50.482+0200] {dag.py:2742} INFO - Sync 1 DAGs
[2023-08-14T11:23:50.497+0200] {logging_mixin.py:150} INFO - [2023-08-14T11:23:50.497+0200] {dag.py:3504} INFO - Setting next_dagrun for example_short_circuit_decorator to 2023-08-13T09:23:50.497461+00:00, run_after=2023-08-14T09:23:50.497461+00:00
[2023-08-14T11:23:50.526+0200] {processor.py:179} INFO - Processing /home/akhilesh/py39/lib/python3.9/site-packages/airflow/example_dags/example_short_circuit_decorator.py took 0.088 seconds
[2023-08-14T11:24:40.810+0200] {processor.py:157} INFO - Started process (PID=467253) to work on /home/akhilesh/py39/lib/python3.9/site-packages/airflow/example_dags/example_short_circuit_decorator.py
[2023-08-14T11:24:40.819+0200] {processor.py:826} INFO - Processing file /home/akhilesh/py39/lib/python3.9/site-packages/airflow/example_dags/example_short_circuit_decorator.py for tasks to queue
[2023-08-14T11:24:40.821+0200] {logging_mixin.py:150} INFO - [2023-08-14T11:24:40.820+0200] {dagbag.py:541} INFO - Filling up the DagBag from /home/akhilesh/py39/lib/python3.9/site-packages/airflow/example_dags/example_short_circuit_decorator.py
[2023-08-14T11:24:40.832+0200] {processor.py:836} INFO - DAG(s) dict_keys(['example_short_circuit_decorator']) retrieved from /home/akhilesh/py39/lib/python3.9/site-packages/airflow/example_dags/example_short_circuit_decorator.py
[2023-08-14T11:24:40.847+0200] {logging_mixin.py:150} INFO - [2023-08-14T11:24:40.847+0200] {dag.py:2742} INFO - Sync 1 DAGs
[2023-08-14T11:24:40.860+0200] {logging_mixin.py:150} INFO - [2023-08-14T11:24:40.859+0200] {dag.py:3504} INFO - Setting next_dagrun for example_short_circuit_decorator to 2023-08-13T09:24:40.859752+00:00, run_after=2023-08-14T09:24:40.859752+00:00
[2023-08-14T11:24:40.889+0200] {processor.py:179} INFO - Processing /home/akhilesh/py39/lib/python3.9/site-packages/airflow/example_dags/example_short_circuit_decorator.py took 0.082 seconds
[2023-08-14T11:25:29.662+0200] {processor.py:157} INFO - Started process (PID=467726) to work on /home/akhilesh/py39/lib/python3.9/site-packages/airflow/example_dags/example_short_circuit_decorator.py
[2023-08-14T11:25:29.672+0200] {processor.py:826} INFO - Processing file /home/akhilesh/py39/lib/python3.9/site-packages/airflow/example_dags/example_short_circuit_decorator.py for tasks to queue
[2023-08-14T11:25:29.673+0200] {logging_mixin.py:150} INFO - [2023-08-14T11:25:29.672+0200] {dagbag.py:541} INFO - Filling up the DagBag from /home/akhilesh/py39/lib/python3.9/site-packages/airflow/example_dags/example_short_circuit_decorator.py
[2023-08-14T11:25:29.684+0200] {processor.py:836} INFO - DAG(s) dict_keys(['example_short_circuit_decorator']) retrieved from /home/akhilesh/py39/lib/python3.9/site-packages/airflow/example_dags/example_short_circuit_decorator.py
[2023-08-14T11:25:29.700+0200] {logging_mixin.py:150} INFO - [2023-08-14T11:25:29.700+0200] {dag.py:2742} INFO - Sync 1 DAGs
[2023-08-14T11:25:29.713+0200] {logging_mixin.py:150} INFO - [2023-08-14T11:25:29.712+0200] {dag.py:3504} INFO - Setting next_dagrun for example_short_circuit_decorator to 2023-08-13T09:25:29.712649+00:00, run_after=2023-08-14T09:25:29.712649+00:00
[2023-08-14T11:25:29.737+0200] {processor.py:179} INFO - Processing /home/akhilesh/py39/lib/python3.9/site-packages/airflow/example_dags/example_short_circuit_decorator.py took 0.079 seconds
