[2023-08-14T10:22:39.756+0200] {processor.py:157} INFO - Started process (PID=453479) to work on /home/akhilesh/py39/lib/python3.9/site-packages/airflow/example_dags/example_skip_dag.py
[2023-08-14T10:22:39.757+0200] {processor.py:826} INFO - Processing file /home/akhilesh/py39/lib/python3.9/site-packages/airflow/example_dags/example_skip_dag.py for tasks to queue
[2023-08-14T10:22:39.759+0200] {logging_mixin.py:150} INFO - [2023-08-14T10:22:39.758+0200] {dagbag.py:541} INFO - Filling up the DagBag from /home/akhilesh/py39/lib/python3.9/site-packages/airflow/example_dags/example_skip_dag.py
[2023-08-14T10:22:39.765+0200] {processor.py:836} INFO - DAG(s) dict_keys(['example_skip_dag']) retrieved from /home/akhilesh/py39/lib/python3.9/site-packages/airflow/example_dags/example_skip_dag.py
[2023-08-14T10:22:39.780+0200] {logging_mixin.py:150} INFO - [2023-08-14T10:22:39.780+0200] {dag.py:2742} INFO - Sync 1 DAGs
[2023-08-14T10:22:39.795+0200] {logging_mixin.py:150} INFO - [2023-08-14T10:22:39.795+0200] {dag.py:3504} INFO - Setting next_dagrun for example_skip_dag to 2023-08-13T08:22:39.794938+00:00, run_after=2023-08-14T08:22:39.794938+00:00
[2023-08-14T10:22:39.827+0200] {processor.py:179} INFO - Processing /home/akhilesh/py39/lib/python3.9/site-packages/airflow/example_dags/example_skip_dag.py took 0.075 seconds
[2023-08-14T10:23:35.744+0200] {processor.py:157} INFO - Started process (PID=453726) to work on /home/akhilesh/py39/lib/python3.9/site-packages/airflow/example_dags/example_skip_dag.py
[2023-08-14T10:23:35.746+0200] {processor.py:826} INFO - Processing file /home/akhilesh/py39/lib/python3.9/site-packages/airflow/example_dags/example_skip_dag.py for tasks to queue
[2023-08-14T10:23:35.747+0200] {logging_mixin.py:150} INFO - [2023-08-14T10:23:35.746+0200] {dagbag.py:541} INFO - Filling up the DagBag from /home/akhilesh/py39/lib/python3.9/site-packages/airflow/example_dags/example_skip_dag.py
[2023-08-14T10:23:35.755+0200] {processor.py:836} INFO - DAG(s) dict_keys(['example_skip_dag']) retrieved from /home/akhilesh/py39/lib/python3.9/site-packages/airflow/example_dags/example_skip_dag.py
[2023-08-14T10:23:35.766+0200] {logging_mixin.py:150} INFO - [2023-08-14T10:23:35.766+0200] {dag.py:2742} INFO - Sync 1 DAGs
[2023-08-14T10:23:35.852+0200] {logging_mixin.py:150} INFO - [2023-08-14T10:23:35.852+0200] {dag.py:3504} INFO - Setting next_dagrun for example_skip_dag to 2023-08-13T08:23:35.852050+00:00, run_after=2023-08-14T08:23:35.852050+00:00
[2023-08-14T10:23:35.884+0200] {processor.py:179} INFO - Processing /home/akhilesh/py39/lib/python3.9/site-packages/airflow/example_dags/example_skip_dag.py took 0.144 seconds
[2023-08-14T10:24:37.830+0200] {processor.py:157} INFO - Started process (PID=453982) to work on /home/akhilesh/py39/lib/python3.9/site-packages/airflow/example_dags/example_skip_dag.py
[2023-08-14T10:24:37.831+0200] {processor.py:826} INFO - Processing file /home/akhilesh/py39/lib/python3.9/site-packages/airflow/example_dags/example_skip_dag.py for tasks to queue
[2023-08-14T10:24:37.832+0200] {logging_mixin.py:150} INFO - [2023-08-14T10:24:37.831+0200] {dagbag.py:541} INFO - Filling up the DagBag from /home/akhilesh/py39/lib/python3.9/site-packages/airflow/example_dags/example_skip_dag.py
[2023-08-14T10:24:37.838+0200] {processor.py:836} INFO - DAG(s) dict_keys(['example_skip_dag']) retrieved from /home/akhilesh/py39/lib/python3.9/site-packages/airflow/example_dags/example_skip_dag.py
[2023-08-14T10:24:37.853+0200] {logging_mixin.py:150} INFO - [2023-08-14T10:24:37.853+0200] {dag.py:2742} INFO - Sync 1 DAGs
[2023-08-14T10:24:37.871+0200] {logging_mixin.py:150} INFO - [2023-08-14T10:24:37.871+0200] {dag.py:3504} INFO - Setting next_dagrun for example_skip_dag to 2023-08-13T08:24:37.871481+00:00, run_after=2023-08-14T08:24:37.871481+00:00
[2023-08-14T10:24:37.987+0200] {processor.py:179} INFO - Processing /home/akhilesh/py39/lib/python3.9/site-packages/airflow/example_dags/example_skip_dag.py took 0.159 seconds
[2023-08-14T10:25:50.971+0200] {processor.py:157} INFO - Started process (PID=454181) to work on /home/akhilesh/py39/lib/python3.9/site-packages/airflow/example_dags/example_skip_dag.py
[2023-08-14T10:25:50.972+0200] {processor.py:826} INFO - Processing file /home/akhilesh/py39/lib/python3.9/site-packages/airflow/example_dags/example_skip_dag.py for tasks to queue
[2023-08-14T10:25:50.974+0200] {logging_mixin.py:150} INFO - [2023-08-14T10:25:50.973+0200] {dagbag.py:541} INFO - Filling up the DagBag from /home/akhilesh/py39/lib/python3.9/site-packages/airflow/example_dags/example_skip_dag.py
[2023-08-14T10:25:50.981+0200] {processor.py:836} INFO - DAG(s) dict_keys(['example_skip_dag']) retrieved from /home/akhilesh/py39/lib/python3.9/site-packages/airflow/example_dags/example_skip_dag.py
[2023-08-14T10:25:50.996+0200] {logging_mixin.py:150} INFO - [2023-08-14T10:25:50.996+0200] {dag.py:2742} INFO - Sync 1 DAGs
[2023-08-14T10:25:51.015+0200] {logging_mixin.py:150} INFO - [2023-08-14T10:25:51.014+0200] {dag.py:3504} INFO - Setting next_dagrun for example_skip_dag to 2023-08-13T08:25:51.014636+00:00, run_after=2023-08-14T08:25:51.014636+00:00
[2023-08-14T10:25:51.043+0200] {processor.py:179} INFO - Processing /home/akhilesh/py39/lib/python3.9/site-packages/airflow/example_dags/example_skip_dag.py took 0.076 seconds
[2023-08-14T10:26:51.785+0200] {processor.py:157} INFO - Started process (PID=454508) to work on /home/akhilesh/py39/lib/python3.9/site-packages/airflow/example_dags/example_skip_dag.py
[2023-08-14T10:26:51.794+0200] {processor.py:826} INFO - Processing file /home/akhilesh/py39/lib/python3.9/site-packages/airflow/example_dags/example_skip_dag.py for tasks to queue
[2023-08-14T10:26:51.795+0200] {logging_mixin.py:150} INFO - [2023-08-14T10:26:51.795+0200] {dagbag.py:541} INFO - Filling up the DagBag from /home/akhilesh/py39/lib/python3.9/site-packages/airflow/example_dags/example_skip_dag.py
[2023-08-14T10:26:51.805+0200] {processor.py:836} INFO - DAG(s) dict_keys(['example_skip_dag']) retrieved from /home/akhilesh/py39/lib/python3.9/site-packages/airflow/example_dags/example_skip_dag.py
[2023-08-14T10:26:51.822+0200] {logging_mixin.py:150} INFO - [2023-08-14T10:26:51.822+0200] {dag.py:2742} INFO - Sync 1 DAGs
[2023-08-14T10:26:51.915+0200] {logging_mixin.py:150} INFO - [2023-08-14T10:26:51.915+0200] {dag.py:3504} INFO - Setting next_dagrun for example_skip_dag to 2023-08-13T08:26:51.915281+00:00, run_after=2023-08-14T08:26:51.915281+00:00
[2023-08-14T10:26:51.946+0200] {processor.py:179} INFO - Processing /home/akhilesh/py39/lib/python3.9/site-packages/airflow/example_dags/example_skip_dag.py took 0.164 seconds
[2023-08-14T10:27:49.735+0200] {processor.py:157} INFO - Started process (PID=454852) to work on /home/akhilesh/py39/lib/python3.9/site-packages/airflow/example_dags/example_skip_dag.py
[2023-08-14T10:27:49.745+0200] {processor.py:826} INFO - Processing file /home/akhilesh/py39/lib/python3.9/site-packages/airflow/example_dags/example_skip_dag.py for tasks to queue
[2023-08-14T10:27:49.746+0200] {logging_mixin.py:150} INFO - [2023-08-14T10:27:49.745+0200] {dagbag.py:541} INFO - Filling up the DagBag from /home/akhilesh/py39/lib/python3.9/site-packages/airflow/example_dags/example_skip_dag.py
[2023-08-14T10:27:49.757+0200] {processor.py:836} INFO - DAG(s) dict_keys(['example_skip_dag']) retrieved from /home/akhilesh/py39/lib/python3.9/site-packages/airflow/example_dags/example_skip_dag.py
[2023-08-14T10:27:49.776+0200] {logging_mixin.py:150} INFO - [2023-08-14T10:27:49.776+0200] {dag.py:2742} INFO - Sync 1 DAGs
[2023-08-14T10:27:49.794+0200] {logging_mixin.py:150} INFO - [2023-08-14T10:27:49.793+0200] {dag.py:3504} INFO - Setting next_dagrun for example_skip_dag to 2023-08-13T08:27:49.793658+00:00, run_after=2023-08-14T08:27:49.793658+00:00
[2023-08-14T10:27:49.947+0200] {processor.py:179} INFO - Processing /home/akhilesh/py39/lib/python3.9/site-packages/airflow/example_dags/example_skip_dag.py took 0.216 seconds
[2023-08-14T10:28:50.917+0200] {processor.py:157} INFO - Started process (PID=455044) to work on /home/akhilesh/py39/lib/python3.9/site-packages/airflow/example_dags/example_skip_dag.py
[2023-08-14T10:28:50.926+0200] {processor.py:826} INFO - Processing file /home/akhilesh/py39/lib/python3.9/site-packages/airflow/example_dags/example_skip_dag.py for tasks to queue
[2023-08-14T10:28:50.928+0200] {logging_mixin.py:150} INFO - [2023-08-14T10:28:50.927+0200] {dagbag.py:541} INFO - Filling up the DagBag from /home/akhilesh/py39/lib/python3.9/site-packages/airflow/example_dags/example_skip_dag.py
[2023-08-14T10:28:50.939+0200] {processor.py:836} INFO - DAG(s) dict_keys(['example_skip_dag']) retrieved from /home/akhilesh/py39/lib/python3.9/site-packages/airflow/example_dags/example_skip_dag.py
[2023-08-14T10:28:50.957+0200] {logging_mixin.py:150} INFO - [2023-08-14T10:28:50.957+0200] {dag.py:2742} INFO - Sync 1 DAGs
[2023-08-14T10:28:50.975+0200] {logging_mixin.py:150} INFO - [2023-08-14T10:28:50.975+0200] {dag.py:3504} INFO - Setting next_dagrun for example_skip_dag to 2023-08-13T08:28:50.974923+00:00, run_after=2023-08-14T08:28:50.974923+00:00
[2023-08-14T10:28:51.006+0200] {processor.py:179} INFO - Processing /home/akhilesh/py39/lib/python3.9/site-packages/airflow/example_dags/example_skip_dag.py took 0.094 seconds
[2023-08-14T10:30:01.573+0200] {processor.py:157} INFO - Started process (PID=455260) to work on /home/akhilesh/py39/lib/python3.9/site-packages/airflow/example_dags/example_skip_dag.py
[2023-08-14T10:30:01.583+0200] {processor.py:826} INFO - Processing file /home/akhilesh/py39/lib/python3.9/site-packages/airflow/example_dags/example_skip_dag.py for tasks to queue
[2023-08-14T10:30:01.584+0200] {logging_mixin.py:150} INFO - [2023-08-14T10:30:01.584+0200] {dagbag.py:541} INFO - Filling up the DagBag from /home/akhilesh/py39/lib/python3.9/site-packages/airflow/example_dags/example_skip_dag.py
[2023-08-14T10:30:01.595+0200] {processor.py:836} INFO - DAG(s) dict_keys(['example_skip_dag']) retrieved from /home/akhilesh/py39/lib/python3.9/site-packages/airflow/example_dags/example_skip_dag.py
[2023-08-14T10:30:01.784+0200] {logging_mixin.py:150} INFO - [2023-08-14T10:30:01.784+0200] {dag.py:2742} INFO - Sync 1 DAGs
[2023-08-14T10:30:01.801+0200] {logging_mixin.py:150} INFO - [2023-08-14T10:30:01.800+0200] {dag.py:3504} INFO - Setting next_dagrun for example_skip_dag to 2023-08-13T08:30:01.800788+00:00, run_after=2023-08-14T08:30:01.800788+00:00
[2023-08-14T10:30:01.818+0200] {processor.py:179} INFO - Processing /home/akhilesh/py39/lib/python3.9/site-packages/airflow/example_dags/example_skip_dag.py took 0.249 seconds
[2023-08-14T10:31:08.272+0200] {processor.py:157} INFO - Started process (PID=455482) to work on /home/akhilesh/py39/lib/python3.9/site-packages/airflow/example_dags/example_skip_dag.py
[2023-08-14T10:31:08.281+0200] {processor.py:826} INFO - Processing file /home/akhilesh/py39/lib/python3.9/site-packages/airflow/example_dags/example_skip_dag.py for tasks to queue
[2023-08-14T10:31:08.282+0200] {logging_mixin.py:150} INFO - [2023-08-14T10:31:08.282+0200] {dagbag.py:541} INFO - Filling up the DagBag from /home/akhilesh/py39/lib/python3.9/site-packages/airflow/example_dags/example_skip_dag.py
[2023-08-14T10:31:08.292+0200] {processor.py:836} INFO - DAG(s) dict_keys(['example_skip_dag']) retrieved from /home/akhilesh/py39/lib/python3.9/site-packages/airflow/example_dags/example_skip_dag.py
[2023-08-14T10:31:08.309+0200] {logging_mixin.py:150} INFO - [2023-08-14T10:31:08.308+0200] {dag.py:2742} INFO - Sync 1 DAGs
[2023-08-14T10:31:08.325+0200] {logging_mixin.py:150} INFO - [2023-08-14T10:31:08.324+0200] {dag.py:3504} INFO - Setting next_dagrun for example_skip_dag to 2023-08-13T08:31:08.324713+00:00, run_after=2023-08-14T08:31:08.324713+00:00
[2023-08-14T10:31:08.348+0200] {processor.py:179} INFO - Processing /home/akhilesh/py39/lib/python3.9/site-packages/airflow/example_dags/example_skip_dag.py took 0.080 seconds
[2023-08-14T10:31:58.518+0200] {processor.py:157} INFO - Started process (PID=455629) to work on /home/akhilesh/py39/lib/python3.9/site-packages/airflow/example_dags/example_skip_dag.py
[2023-08-14T10:31:58.527+0200] {processor.py:826} INFO - Processing file /home/akhilesh/py39/lib/python3.9/site-packages/airflow/example_dags/example_skip_dag.py for tasks to queue
[2023-08-14T10:31:58.530+0200] {logging_mixin.py:150} INFO - [2023-08-14T10:31:58.529+0200] {dagbag.py:541} INFO - Filling up the DagBag from /home/akhilesh/py39/lib/python3.9/site-packages/airflow/example_dags/example_skip_dag.py
[2023-08-14T10:31:58.543+0200] {processor.py:836} INFO - DAG(s) dict_keys(['example_skip_dag']) retrieved from /home/akhilesh/py39/lib/python3.9/site-packages/airflow/example_dags/example_skip_dag.py
[2023-08-14T10:31:58.565+0200] {logging_mixin.py:150} INFO - [2023-08-14T10:31:58.564+0200] {dag.py:2742} INFO - Sync 1 DAGs
[2023-08-14T10:31:58.583+0200] {logging_mixin.py:150} INFO - [2023-08-14T10:31:58.582+0200] {dag.py:3504} INFO - Setting next_dagrun for example_skip_dag to 2023-08-13T08:31:58.582541+00:00, run_after=2023-08-14T08:31:58.582541+00:00
[2023-08-14T10:31:58.609+0200] {processor.py:179} INFO - Processing /home/akhilesh/py39/lib/python3.9/site-packages/airflow/example_dags/example_skip_dag.py took 0.095 seconds
[2023-08-14T10:32:45.773+0200] {processor.py:157} INFO - Started process (PID=455900) to work on /home/akhilesh/py39/lib/python3.9/site-packages/airflow/example_dags/example_skip_dag.py
[2023-08-14T10:32:45.783+0200] {processor.py:826} INFO - Processing file /home/akhilesh/py39/lib/python3.9/site-packages/airflow/example_dags/example_skip_dag.py for tasks to queue
[2023-08-14T10:32:45.784+0200] {logging_mixin.py:150} INFO - [2023-08-14T10:32:45.783+0200] {dagbag.py:541} INFO - Filling up the DagBag from /home/akhilesh/py39/lib/python3.9/site-packages/airflow/example_dags/example_skip_dag.py
[2023-08-14T10:32:45.794+0200] {processor.py:836} INFO - DAG(s) dict_keys(['example_skip_dag']) retrieved from /home/akhilesh/py39/lib/python3.9/site-packages/airflow/example_dags/example_skip_dag.py
[2023-08-14T10:32:45.811+0200] {logging_mixin.py:150} INFO - [2023-08-14T10:32:45.810+0200] {dag.py:2742} INFO - Sync 1 DAGs
[2023-08-14T10:32:45.826+0200] {logging_mixin.py:150} INFO - [2023-08-14T10:32:45.826+0200] {dag.py:3504} INFO - Setting next_dagrun for example_skip_dag to 2023-08-13T08:32:45.826514+00:00, run_after=2023-08-14T08:32:45.826514+00:00
[2023-08-14T10:32:45.853+0200] {processor.py:179} INFO - Processing /home/akhilesh/py39/lib/python3.9/site-packages/airflow/example_dags/example_skip_dag.py took 0.083 seconds
[2023-08-14T10:33:37.960+0200] {processor.py:157} INFO - Started process (PID=456016) to work on /home/akhilesh/py39/lib/python3.9/site-packages/airflow/example_dags/example_skip_dag.py
[2023-08-14T10:33:37.969+0200] {processor.py:826} INFO - Processing file /home/akhilesh/py39/lib/python3.9/site-packages/airflow/example_dags/example_skip_dag.py for tasks to queue
[2023-08-14T10:33:37.971+0200] {logging_mixin.py:150} INFO - [2023-08-14T10:33:37.970+0200] {dagbag.py:541} INFO - Filling up the DagBag from /home/akhilesh/py39/lib/python3.9/site-packages/airflow/example_dags/example_skip_dag.py
[2023-08-14T10:33:37.980+0200] {processor.py:836} INFO - DAG(s) dict_keys(['example_skip_dag']) retrieved from /home/akhilesh/py39/lib/python3.9/site-packages/airflow/example_dags/example_skip_dag.py
[2023-08-14T10:33:37.996+0200] {logging_mixin.py:150} INFO - [2023-08-14T10:33:37.996+0200] {dag.py:2742} INFO - Sync 1 DAGs
[2023-08-14T10:33:38.012+0200] {logging_mixin.py:150} INFO - [2023-08-14T10:33:38.011+0200] {dag.py:3504} INFO - Setting next_dagrun for example_skip_dag to 2023-08-13T08:33:38.011545+00:00, run_after=2023-08-14T08:33:38.011545+00:00
[2023-08-14T10:33:38.040+0200] {processor.py:179} INFO - Processing /home/akhilesh/py39/lib/python3.9/site-packages/airflow/example_dags/example_skip_dag.py took 0.084 seconds
[2023-08-14T10:34:33.202+0200] {processor.py:157} INFO - Started process (PID=456165) to work on /home/akhilesh/py39/lib/python3.9/site-packages/airflow/example_dags/example_skip_dag.py
[2023-08-14T10:34:33.211+0200] {processor.py:826} INFO - Processing file /home/akhilesh/py39/lib/python3.9/site-packages/airflow/example_dags/example_skip_dag.py for tasks to queue
[2023-08-14T10:34:33.212+0200] {logging_mixin.py:150} INFO - [2023-08-14T10:34:33.212+0200] {dagbag.py:541} INFO - Filling up the DagBag from /home/akhilesh/py39/lib/python3.9/site-packages/airflow/example_dags/example_skip_dag.py
[2023-08-14T10:34:33.222+0200] {processor.py:836} INFO - DAG(s) dict_keys(['example_skip_dag']) retrieved from /home/akhilesh/py39/lib/python3.9/site-packages/airflow/example_dags/example_skip_dag.py
[2023-08-14T10:34:33.237+0200] {logging_mixin.py:150} INFO - [2023-08-14T10:34:33.237+0200] {dag.py:2742} INFO - Sync 1 DAGs
[2023-08-14T10:34:33.255+0200] {logging_mixin.py:150} INFO - [2023-08-14T10:34:33.255+0200] {dag.py:3504} INFO - Setting next_dagrun for example_skip_dag to 2023-08-13T08:34:33.255267+00:00, run_after=2023-08-14T08:34:33.255267+00:00
[2023-08-14T10:34:33.281+0200] {processor.py:179} INFO - Processing /home/akhilesh/py39/lib/python3.9/site-packages/airflow/example_dags/example_skip_dag.py took 0.083 seconds
[2023-08-14T10:35:25.850+0200] {processor.py:157} INFO - Started process (PID=456303) to work on /home/akhilesh/py39/lib/python3.9/site-packages/airflow/example_dags/example_skip_dag.py
[2023-08-14T10:35:25.851+0200] {processor.py:826} INFO - Processing file /home/akhilesh/py39/lib/python3.9/site-packages/airflow/example_dags/example_skip_dag.py for tasks to queue
[2023-08-14T10:35:25.852+0200] {logging_mixin.py:150} INFO - [2023-08-14T10:35:25.851+0200] {dagbag.py:541} INFO - Filling up the DagBag from /home/akhilesh/py39/lib/python3.9/site-packages/airflow/example_dags/example_skip_dag.py
[2023-08-14T10:35:25.857+0200] {processor.py:836} INFO - DAG(s) dict_keys(['example_skip_dag']) retrieved from /home/akhilesh/py39/lib/python3.9/site-packages/airflow/example_dags/example_skip_dag.py
[2023-08-14T10:35:25.872+0200] {logging_mixin.py:150} INFO - [2023-08-14T10:35:25.872+0200] {dag.py:2742} INFO - Sync 1 DAGs
[2023-08-14T10:35:25.887+0200] {logging_mixin.py:150} INFO - [2023-08-14T10:35:25.886+0200] {dag.py:3504} INFO - Setting next_dagrun for example_skip_dag to 2023-08-13T08:35:25.886745+00:00, run_after=2023-08-14T08:35:25.886745+00:00
[2023-08-14T10:35:25.908+0200] {processor.py:179} INFO - Processing /home/akhilesh/py39/lib/python3.9/site-packages/airflow/example_dags/example_skip_dag.py took 0.062 seconds
[2023-08-14T10:36:17.353+0200] {processor.py:157} INFO - Started process (PID=456475) to work on /home/akhilesh/py39/lib/python3.9/site-packages/airflow/example_dags/example_skip_dag.py
[2023-08-14T10:36:17.362+0200] {processor.py:826} INFO - Processing file /home/akhilesh/py39/lib/python3.9/site-packages/airflow/example_dags/example_skip_dag.py for tasks to queue
[2023-08-14T10:36:17.364+0200] {logging_mixin.py:150} INFO - [2023-08-14T10:36:17.363+0200] {dagbag.py:541} INFO - Filling up the DagBag from /home/akhilesh/py39/lib/python3.9/site-packages/airflow/example_dags/example_skip_dag.py
[2023-08-14T10:36:17.373+0200] {processor.py:836} INFO - DAG(s) dict_keys(['example_skip_dag']) retrieved from /home/akhilesh/py39/lib/python3.9/site-packages/airflow/example_dags/example_skip_dag.py
[2023-08-14T10:36:17.394+0200] {logging_mixin.py:150} INFO - [2023-08-14T10:36:17.394+0200] {dag.py:2742} INFO - Sync 1 DAGs
[2023-08-14T10:36:17.410+0200] {logging_mixin.py:150} INFO - [2023-08-14T10:36:17.409+0200] {dag.py:3504} INFO - Setting next_dagrun for example_skip_dag to 2023-08-13T08:36:17.409702+00:00, run_after=2023-08-14T08:36:17.409702+00:00
[2023-08-14T10:36:17.431+0200] {processor.py:179} INFO - Processing /home/akhilesh/py39/lib/python3.9/site-packages/airflow/example_dags/example_skip_dag.py took 0.082 seconds
[2023-08-14T10:37:08.631+0200] {processor.py:157} INFO - Started process (PID=456597) to work on /home/akhilesh/py39/lib/python3.9/site-packages/airflow/example_dags/example_skip_dag.py
[2023-08-14T10:37:08.640+0200] {processor.py:826} INFO - Processing file /home/akhilesh/py39/lib/python3.9/site-packages/airflow/example_dags/example_skip_dag.py for tasks to queue
[2023-08-14T10:37:08.642+0200] {logging_mixin.py:150} INFO - [2023-08-14T10:37:08.641+0200] {dagbag.py:541} INFO - Filling up the DagBag from /home/akhilesh/py39/lib/python3.9/site-packages/airflow/example_dags/example_skip_dag.py
[2023-08-14T10:37:08.652+0200] {processor.py:836} INFO - DAG(s) dict_keys(['example_skip_dag']) retrieved from /home/akhilesh/py39/lib/python3.9/site-packages/airflow/example_dags/example_skip_dag.py
[2023-08-14T10:37:08.666+0200] {logging_mixin.py:150} INFO - [2023-08-14T10:37:08.666+0200] {dag.py:2742} INFO - Sync 1 DAGs
[2023-08-14T10:37:08.679+0200] {logging_mixin.py:150} INFO - [2023-08-14T10:37:08.679+0200] {dag.py:3504} INFO - Setting next_dagrun for example_skip_dag to 2023-08-13T08:37:08.679567+00:00, run_after=2023-08-14T08:37:08.679567+00:00
[2023-08-14T10:37:08.701+0200] {processor.py:179} INFO - Processing /home/akhilesh/py39/lib/python3.9/site-packages/airflow/example_dags/example_skip_dag.py took 0.075 seconds
[2023-08-14T10:37:58.037+0200] {processor.py:157} INFO - Started process (PID=456735) to work on /home/akhilesh/py39/lib/python3.9/site-packages/airflow/example_dags/example_skip_dag.py
[2023-08-14T10:37:58.046+0200] {processor.py:826} INFO - Processing file /home/akhilesh/py39/lib/python3.9/site-packages/airflow/example_dags/example_skip_dag.py for tasks to queue
[2023-08-14T10:37:58.047+0200] {logging_mixin.py:150} INFO - [2023-08-14T10:37:58.046+0200] {dagbag.py:541} INFO - Filling up the DagBag from /home/akhilesh/py39/lib/python3.9/site-packages/airflow/example_dags/example_skip_dag.py
[2023-08-14T10:37:58.055+0200] {processor.py:836} INFO - DAG(s) dict_keys(['example_skip_dag']) retrieved from /home/akhilesh/py39/lib/python3.9/site-packages/airflow/example_dags/example_skip_dag.py
[2023-08-14T10:37:58.068+0200] {logging_mixin.py:150} INFO - [2023-08-14T10:37:58.068+0200] {dag.py:2742} INFO - Sync 1 DAGs
[2023-08-14T10:37:58.082+0200] {logging_mixin.py:150} INFO - [2023-08-14T10:37:58.082+0200] {dag.py:3504} INFO - Setting next_dagrun for example_skip_dag to 2023-08-13T08:37:58.081872+00:00, run_after=2023-08-14T08:37:58.081872+00:00
[2023-08-14T10:37:58.103+0200] {processor.py:179} INFO - Processing /home/akhilesh/py39/lib/python3.9/site-packages/airflow/example_dags/example_skip_dag.py took 0.070 seconds
[2023-08-14T10:38:47.461+0200] {processor.py:157} INFO - Started process (PID=456847) to work on /home/akhilesh/py39/lib/python3.9/site-packages/airflow/example_dags/example_skip_dag.py
[2023-08-14T10:38:47.470+0200] {processor.py:826} INFO - Processing file /home/akhilesh/py39/lib/python3.9/site-packages/airflow/example_dags/example_skip_dag.py for tasks to queue
[2023-08-14T10:38:47.471+0200] {logging_mixin.py:150} INFO - [2023-08-14T10:38:47.471+0200] {dagbag.py:541} INFO - Filling up the DagBag from /home/akhilesh/py39/lib/python3.9/site-packages/airflow/example_dags/example_skip_dag.py
[2023-08-14T10:38:47.480+0200] {processor.py:836} INFO - DAG(s) dict_keys(['example_skip_dag']) retrieved from /home/akhilesh/py39/lib/python3.9/site-packages/airflow/example_dags/example_skip_dag.py
[2023-08-14T10:38:47.498+0200] {logging_mixin.py:150} INFO - [2023-08-14T10:38:47.497+0200] {dag.py:2742} INFO - Sync 1 DAGs
[2023-08-14T10:38:47.513+0200] {logging_mixin.py:150} INFO - [2023-08-14T10:38:47.512+0200] {dag.py:3504} INFO - Setting next_dagrun for example_skip_dag to 2023-08-13T08:38:47.512663+00:00, run_after=2023-08-14T08:38:47.512663+00:00
[2023-08-14T10:38:47.531+0200] {processor.py:179} INFO - Processing /home/akhilesh/py39/lib/python3.9/site-packages/airflow/example_dags/example_skip_dag.py took 0.075 seconds
[2023-08-14T10:40:16.731+0200] {processor.py:157} INFO - Started process (PID=457380) to work on /home/akhilesh/py39/lib/python3.9/site-packages/airflow/example_dags/example_skip_dag.py
[2023-08-14T10:40:16.732+0200] {processor.py:826} INFO - Processing file /home/akhilesh/py39/lib/python3.9/site-packages/airflow/example_dags/example_skip_dag.py for tasks to queue
[2023-08-14T10:40:16.733+0200] {logging_mixin.py:150} INFO - [2023-08-14T10:40:16.733+0200] {dagbag.py:541} INFO - Filling up the DagBag from /home/akhilesh/py39/lib/python3.9/site-packages/airflow/example_dags/example_skip_dag.py
[2023-08-14T10:40:16.738+0200] {processor.py:836} INFO - DAG(s) dict_keys(['example_skip_dag']) retrieved from /home/akhilesh/py39/lib/python3.9/site-packages/airflow/example_dags/example_skip_dag.py
[2023-08-14T10:40:16.750+0200] {logging_mixin.py:150} INFO - [2023-08-14T10:40:16.750+0200] {dag.py:2742} INFO - Sync 1 DAGs
[2023-08-14T10:40:16.763+0200] {logging_mixin.py:150} INFO - [2023-08-14T10:40:16.763+0200] {dag.py:3504} INFO - Setting next_dagrun for example_skip_dag to 2023-08-13T08:40:16.762845+00:00, run_after=2023-08-14T08:40:16.762845+00:00
[2023-08-14T10:40:16.783+0200] {processor.py:179} INFO - Processing /home/akhilesh/py39/lib/python3.9/site-packages/airflow/example_dags/example_skip_dag.py took 0.054 seconds
[2023-08-14T10:41:59.007+0200] {processor.py:157} INFO - Started process (PID=457658) to work on /home/akhilesh/py39/lib/python3.9/site-packages/airflow/example_dags/example_skip_dag.py
[2023-08-14T10:41:59.016+0200] {processor.py:826} INFO - Processing file /home/akhilesh/py39/lib/python3.9/site-packages/airflow/example_dags/example_skip_dag.py for tasks to queue
[2023-08-14T10:41:59.018+0200] {logging_mixin.py:150} INFO - [2023-08-14T10:41:59.017+0200] {dagbag.py:541} INFO - Filling up the DagBag from /home/akhilesh/py39/lib/python3.9/site-packages/airflow/example_dags/example_skip_dag.py
[2023-08-14T10:41:59.026+0200] {processor.py:836} INFO - DAG(s) dict_keys(['example_skip_dag']) retrieved from /home/akhilesh/py39/lib/python3.9/site-packages/airflow/example_dags/example_skip_dag.py
[2023-08-14T10:41:59.045+0200] {logging_mixin.py:150} INFO - [2023-08-14T10:41:59.045+0200] {dag.py:2742} INFO - Sync 1 DAGs
[2023-08-14T10:41:59.059+0200] {logging_mixin.py:150} INFO - [2023-08-14T10:41:59.058+0200] {dag.py:3504} INFO - Setting next_dagrun for example_skip_dag to 2023-08-13T08:41:59.058635+00:00, run_after=2023-08-14T08:41:59.058635+00:00
[2023-08-14T10:41:59.078+0200] {processor.py:179} INFO - Processing /home/akhilesh/py39/lib/python3.9/site-packages/airflow/example_dags/example_skip_dag.py took 0.075 seconds
[2023-08-14T10:44:50.009+0200] {processor.py:157} INFO - Started process (PID=458357) to work on /home/akhilesh/py39/lib/python3.9/site-packages/airflow/example_dags/example_skip_dag.py
[2023-08-14T10:44:50.010+0200] {processor.py:826} INFO - Processing file /home/akhilesh/py39/lib/python3.9/site-packages/airflow/example_dags/example_skip_dag.py for tasks to queue
[2023-08-14T10:44:50.011+0200] {logging_mixin.py:150} INFO - [2023-08-14T10:44:50.011+0200] {dagbag.py:541} INFO - Filling up the DagBag from /home/akhilesh/py39/lib/python3.9/site-packages/airflow/example_dags/example_skip_dag.py
[2023-08-14T10:44:50.015+0200] {processor.py:836} INFO - DAG(s) dict_keys(['example_skip_dag']) retrieved from /home/akhilesh/py39/lib/python3.9/site-packages/airflow/example_dags/example_skip_dag.py
[2023-08-14T10:44:50.032+0200] {logging_mixin.py:150} INFO - [2023-08-14T10:44:50.032+0200] {dag.py:2742} INFO - Sync 1 DAGs
[2023-08-14T10:44:50.046+0200] {logging_mixin.py:150} INFO - [2023-08-14T10:44:50.046+0200] {dag.py:3504} INFO - Setting next_dagrun for example_skip_dag to 2023-08-13T08:44:50.046434+00:00, run_after=2023-08-14T08:44:50.046434+00:00
[2023-08-14T10:44:50.066+0200] {processor.py:179} INFO - Processing /home/akhilesh/py39/lib/python3.9/site-packages/airflow/example_dags/example_skip_dag.py took 0.061 seconds
[2023-08-14T10:45:38.679+0200] {processor.py:157} INFO - Started process (PID=458539) to work on /home/akhilesh/py39/lib/python3.9/site-packages/airflow/example_dags/example_skip_dag.py
[2023-08-14T10:45:38.681+0200] {processor.py:826} INFO - Processing file /home/akhilesh/py39/lib/python3.9/site-packages/airflow/example_dags/example_skip_dag.py for tasks to queue
[2023-08-14T10:45:38.682+0200] {logging_mixin.py:150} INFO - [2023-08-14T10:45:38.682+0200] {dagbag.py:541} INFO - Filling up the DagBag from /home/akhilesh/py39/lib/python3.9/site-packages/airflow/example_dags/example_skip_dag.py
[2023-08-14T10:45:38.688+0200] {processor.py:836} INFO - DAG(s) dict_keys(['example_skip_dag']) retrieved from /home/akhilesh/py39/lib/python3.9/site-packages/airflow/example_dags/example_skip_dag.py
[2023-08-14T10:45:38.706+0200] {logging_mixin.py:150} INFO - [2023-08-14T10:45:38.705+0200] {dag.py:2742} INFO - Sync 1 DAGs
[2023-08-14T10:45:38.717+0200] {logging_mixin.py:150} INFO - [2023-08-14T10:45:38.716+0200] {dag.py:3504} INFO - Setting next_dagrun for example_skip_dag to 2023-08-13T08:45:38.716813+00:00, run_after=2023-08-14T08:45:38.716813+00:00
[2023-08-14T10:45:38.731+0200] {processor.py:179} INFO - Processing /home/akhilesh/py39/lib/python3.9/site-packages/airflow/example_dags/example_skip_dag.py took 0.055 seconds
[2023-08-14T10:46:25.750+0200] {processor.py:157} INFO - Started process (PID=458819) to work on /home/akhilesh/py39/lib/python3.9/site-packages/airflow/example_dags/example_skip_dag.py
[2023-08-14T10:46:25.759+0200] {processor.py:826} INFO - Processing file /home/akhilesh/py39/lib/python3.9/site-packages/airflow/example_dags/example_skip_dag.py for tasks to queue
[2023-08-14T10:46:25.760+0200] {logging_mixin.py:150} INFO - [2023-08-14T10:46:25.760+0200] {dagbag.py:541} INFO - Filling up the DagBag from /home/akhilesh/py39/lib/python3.9/site-packages/airflow/example_dags/example_skip_dag.py
[2023-08-14T10:46:25.769+0200] {processor.py:836} INFO - DAG(s) dict_keys(['example_skip_dag']) retrieved from /home/akhilesh/py39/lib/python3.9/site-packages/airflow/example_dags/example_skip_dag.py
[2023-08-14T10:46:25.785+0200] {logging_mixin.py:150} INFO - [2023-08-14T10:46:25.785+0200] {dag.py:2742} INFO - Sync 1 DAGs
[2023-08-14T10:46:25.798+0200] {logging_mixin.py:150} INFO - [2023-08-14T10:46:25.797+0200] {dag.py:3504} INFO - Setting next_dagrun for example_skip_dag to 2023-08-13T08:46:25.797595+00:00, run_after=2023-08-14T08:46:25.797595+00:00
[2023-08-14T10:46:25.818+0200] {processor.py:179} INFO - Processing /home/akhilesh/py39/lib/python3.9/site-packages/airflow/example_dags/example_skip_dag.py took 0.072 seconds
[2023-08-14T10:47:18.444+0200] {processor.py:157} INFO - Started process (PID=458974) to work on /home/akhilesh/py39/lib/python3.9/site-packages/airflow/example_dags/example_skip_dag.py
[2023-08-14T10:47:18.453+0200] {processor.py:826} INFO - Processing file /home/akhilesh/py39/lib/python3.9/site-packages/airflow/example_dags/example_skip_dag.py for tasks to queue
[2023-08-14T10:47:18.454+0200] {logging_mixin.py:150} INFO - [2023-08-14T10:47:18.454+0200] {dagbag.py:541} INFO - Filling up the DagBag from /home/akhilesh/py39/lib/python3.9/site-packages/airflow/example_dags/example_skip_dag.py
[2023-08-14T10:47:18.463+0200] {processor.py:836} INFO - DAG(s) dict_keys(['example_skip_dag']) retrieved from /home/akhilesh/py39/lib/python3.9/site-packages/airflow/example_dags/example_skip_dag.py
[2023-08-14T10:47:18.480+0200] {logging_mixin.py:150} INFO - [2023-08-14T10:47:18.480+0200] {dag.py:2742} INFO - Sync 1 DAGs
[2023-08-14T10:47:18.493+0200] {logging_mixin.py:150} INFO - [2023-08-14T10:47:18.493+0200] {dag.py:3504} INFO - Setting next_dagrun for example_skip_dag to 2023-08-13T08:47:18.493017+00:00, run_after=2023-08-14T08:47:18.493017+00:00
[2023-08-14T10:47:18.517+0200] {processor.py:179} INFO - Processing /home/akhilesh/py39/lib/python3.9/site-packages/airflow/example_dags/example_skip_dag.py took 0.077 seconds
[2023-08-14T10:48:13.722+0200] {processor.py:157} INFO - Started process (PID=459194) to work on /home/akhilesh/py39/lib/python3.9/site-packages/airflow/example_dags/example_skip_dag.py
[2023-08-14T10:48:13.731+0200] {processor.py:826} INFO - Processing file /home/akhilesh/py39/lib/python3.9/site-packages/airflow/example_dags/example_skip_dag.py for tasks to queue
[2023-08-14T10:48:13.733+0200] {logging_mixin.py:150} INFO - [2023-08-14T10:48:13.732+0200] {dagbag.py:541} INFO - Filling up the DagBag from /home/akhilesh/py39/lib/python3.9/site-packages/airflow/example_dags/example_skip_dag.py
[2023-08-14T10:48:13.740+0200] {processor.py:836} INFO - DAG(s) dict_keys(['example_skip_dag']) retrieved from /home/akhilesh/py39/lib/python3.9/site-packages/airflow/example_dags/example_skip_dag.py
[2023-08-14T10:48:13.758+0200] {logging_mixin.py:150} INFO - [2023-08-14T10:48:13.757+0200] {dag.py:2742} INFO - Sync 1 DAGs
[2023-08-14T10:48:13.771+0200] {logging_mixin.py:150} INFO - [2023-08-14T10:48:13.771+0200] {dag.py:3504} INFO - Setting next_dagrun for example_skip_dag to 2023-08-13T08:48:13.771270+00:00, run_after=2023-08-14T08:48:13.771270+00:00
[2023-08-14T10:48:13.797+0200] {processor.py:179} INFO - Processing /home/akhilesh/py39/lib/python3.9/site-packages/airflow/example_dags/example_skip_dag.py took 0.080 seconds
[2023-08-14T10:49:08.577+0200] {processor.py:157} INFO - Started process (PID=459359) to work on /home/akhilesh/py39/lib/python3.9/site-packages/airflow/example_dags/example_skip_dag.py
[2023-08-14T10:49:08.586+0200] {processor.py:826} INFO - Processing file /home/akhilesh/py39/lib/python3.9/site-packages/airflow/example_dags/example_skip_dag.py for tasks to queue
[2023-08-14T10:49:08.587+0200] {logging_mixin.py:150} INFO - [2023-08-14T10:49:08.587+0200] {dagbag.py:541} INFO - Filling up the DagBag from /home/akhilesh/py39/lib/python3.9/site-packages/airflow/example_dags/example_skip_dag.py
[2023-08-14T10:49:08.594+0200] {processor.py:836} INFO - DAG(s) dict_keys(['example_skip_dag']) retrieved from /home/akhilesh/py39/lib/python3.9/site-packages/airflow/example_dags/example_skip_dag.py
[2023-08-14T10:49:08.610+0200] {logging_mixin.py:150} INFO - [2023-08-14T10:49:08.610+0200] {dag.py:2742} INFO - Sync 1 DAGs
[2023-08-14T10:49:08.621+0200] {logging_mixin.py:150} INFO - [2023-08-14T10:49:08.621+0200] {dag.py:3504} INFO - Setting next_dagrun for example_skip_dag to 2023-08-13T08:49:08.620945+00:00, run_after=2023-08-14T08:49:08.620945+00:00
[2023-08-14T10:49:08.643+0200] {processor.py:179} INFO - Processing /home/akhilesh/py39/lib/python3.9/site-packages/airflow/example_dags/example_skip_dag.py took 0.071 seconds
[2023-08-14T10:49:59.340+0200] {processor.py:157} INFO - Started process (PID=459500) to work on /home/akhilesh/py39/lib/python3.9/site-packages/airflow/example_dags/example_skip_dag.py
[2023-08-14T10:49:59.349+0200] {processor.py:826} INFO - Processing file /home/akhilesh/py39/lib/python3.9/site-packages/airflow/example_dags/example_skip_dag.py for tasks to queue
[2023-08-14T10:49:59.350+0200] {logging_mixin.py:150} INFO - [2023-08-14T10:49:59.350+0200] {dagbag.py:541} INFO - Filling up the DagBag from /home/akhilesh/py39/lib/python3.9/site-packages/airflow/example_dags/example_skip_dag.py
[2023-08-14T10:49:59.358+0200] {processor.py:836} INFO - DAG(s) dict_keys(['example_skip_dag']) retrieved from /home/akhilesh/py39/lib/python3.9/site-packages/airflow/example_dags/example_skip_dag.py
[2023-08-14T10:49:59.374+0200] {logging_mixin.py:150} INFO - [2023-08-14T10:49:59.374+0200] {dag.py:2742} INFO - Sync 1 DAGs
[2023-08-14T10:49:59.388+0200] {logging_mixin.py:150} INFO - [2023-08-14T10:49:59.388+0200] {dag.py:3504} INFO - Setting next_dagrun for example_skip_dag to 2023-08-13T08:49:59.387894+00:00, run_after=2023-08-14T08:49:59.387894+00:00
[2023-08-14T10:49:59.414+0200] {processor.py:179} INFO - Processing /home/akhilesh/py39/lib/python3.9/site-packages/airflow/example_dags/example_skip_dag.py took 0.078 seconds
[2023-08-14T10:50:49.751+0200] {processor.py:157} INFO - Started process (PID=459730) to work on /home/akhilesh/py39/lib/python3.9/site-packages/airflow/example_dags/example_skip_dag.py
[2023-08-14T10:50:49.760+0200] {processor.py:826} INFO - Processing file /home/akhilesh/py39/lib/python3.9/site-packages/airflow/example_dags/example_skip_dag.py for tasks to queue
[2023-08-14T10:50:49.762+0200] {logging_mixin.py:150} INFO - [2023-08-14T10:50:49.761+0200] {dagbag.py:541} INFO - Filling up the DagBag from /home/akhilesh/py39/lib/python3.9/site-packages/airflow/example_dags/example_skip_dag.py
[2023-08-14T10:50:49.769+0200] {processor.py:836} INFO - DAG(s) dict_keys(['example_skip_dag']) retrieved from /home/akhilesh/py39/lib/python3.9/site-packages/airflow/example_dags/example_skip_dag.py
[2023-08-14T10:50:49.787+0200] {logging_mixin.py:150} INFO - [2023-08-14T10:50:49.787+0200] {dag.py:2742} INFO - Sync 1 DAGs
[2023-08-14T10:50:49.804+0200] {logging_mixin.py:150} INFO - [2023-08-14T10:50:49.803+0200] {dag.py:3504} INFO - Setting next_dagrun for example_skip_dag to 2023-08-13T08:50:49.803486+00:00, run_after=2023-08-14T08:50:49.803486+00:00
[2023-08-14T10:50:49.826+0200] {processor.py:179} INFO - Processing /home/akhilesh/py39/lib/python3.9/site-packages/airflow/example_dags/example_skip_dag.py took 0.079 seconds
[2023-08-14T10:51:40.310+0200] {processor.py:157} INFO - Started process (PID=459860) to work on /home/akhilesh/py39/lib/python3.9/site-packages/airflow/example_dags/example_skip_dag.py
[2023-08-14T10:51:40.319+0200] {processor.py:826} INFO - Processing file /home/akhilesh/py39/lib/python3.9/site-packages/airflow/example_dags/example_skip_dag.py for tasks to queue
[2023-08-14T10:51:40.321+0200] {logging_mixin.py:150} INFO - [2023-08-14T10:51:40.320+0200] {dagbag.py:541} INFO - Filling up the DagBag from /home/akhilesh/py39/lib/python3.9/site-packages/airflow/example_dags/example_skip_dag.py
[2023-08-14T10:51:40.328+0200] {processor.py:836} INFO - DAG(s) dict_keys(['example_skip_dag']) retrieved from /home/akhilesh/py39/lib/python3.9/site-packages/airflow/example_dags/example_skip_dag.py
[2023-08-14T10:51:40.344+0200] {logging_mixin.py:150} INFO - [2023-08-14T10:51:40.344+0200] {dag.py:2742} INFO - Sync 1 DAGs
[2023-08-14T10:51:40.357+0200] {logging_mixin.py:150} INFO - [2023-08-14T10:51:40.357+0200] {dag.py:3504} INFO - Setting next_dagrun for example_skip_dag to 2023-08-13T08:51:40.357178+00:00, run_after=2023-08-14T08:51:40.357178+00:00
[2023-08-14T10:51:40.384+0200] {processor.py:179} INFO - Processing /home/akhilesh/py39/lib/python3.9/site-packages/airflow/example_dags/example_skip_dag.py took 0.078 seconds
[2023-08-14T10:52:29.591+0200] {processor.py:157} INFO - Started process (PID=459967) to work on /home/akhilesh/py39/lib/python3.9/site-packages/airflow/example_dags/example_skip_dag.py
[2023-08-14T10:52:29.600+0200] {processor.py:826} INFO - Processing file /home/akhilesh/py39/lib/python3.9/site-packages/airflow/example_dags/example_skip_dag.py for tasks to queue
[2023-08-14T10:52:29.602+0200] {logging_mixin.py:150} INFO - [2023-08-14T10:52:29.601+0200] {dagbag.py:541} INFO - Filling up the DagBag from /home/akhilesh/py39/lib/python3.9/site-packages/airflow/example_dags/example_skip_dag.py
[2023-08-14T10:52:29.611+0200] {processor.py:836} INFO - DAG(s) dict_keys(['example_skip_dag']) retrieved from /home/akhilesh/py39/lib/python3.9/site-packages/airflow/example_dags/example_skip_dag.py
[2023-08-14T10:52:29.628+0200] {logging_mixin.py:150} INFO - [2023-08-14T10:52:29.628+0200] {dag.py:2742} INFO - Sync 1 DAGs
[2023-08-14T10:52:29.643+0200] {logging_mixin.py:150} INFO - [2023-08-14T10:52:29.643+0200] {dag.py:3504} INFO - Setting next_dagrun for example_skip_dag to 2023-08-13T08:52:29.642863+00:00, run_after=2023-08-14T08:52:29.642863+00:00
[2023-08-14T10:52:29.662+0200] {processor.py:179} INFO - Processing /home/akhilesh/py39/lib/python3.9/site-packages/airflow/example_dags/example_skip_dag.py took 0.076 seconds
[2023-08-14T10:53:20.355+0200] {processor.py:157} INFO - Started process (PID=460174) to work on /home/akhilesh/py39/lib/python3.9/site-packages/airflow/example_dags/example_skip_dag.py
[2023-08-14T10:53:20.364+0200] {processor.py:826} INFO - Processing file /home/akhilesh/py39/lib/python3.9/site-packages/airflow/example_dags/example_skip_dag.py for tasks to queue
[2023-08-14T10:53:20.366+0200] {logging_mixin.py:150} INFO - [2023-08-14T10:53:20.365+0200] {dagbag.py:541} INFO - Filling up the DagBag from /home/akhilesh/py39/lib/python3.9/site-packages/airflow/example_dags/example_skip_dag.py
[2023-08-14T10:53:20.375+0200] {processor.py:836} INFO - DAG(s) dict_keys(['example_skip_dag']) retrieved from /home/akhilesh/py39/lib/python3.9/site-packages/airflow/example_dags/example_skip_dag.py
[2023-08-14T10:53:20.391+0200] {logging_mixin.py:150} INFO - [2023-08-14T10:53:20.390+0200] {dag.py:2742} INFO - Sync 1 DAGs
[2023-08-14T10:53:20.404+0200] {logging_mixin.py:150} INFO - [2023-08-14T10:53:20.404+0200] {dag.py:3504} INFO - Setting next_dagrun for example_skip_dag to 2023-08-13T08:53:20.404093+00:00, run_after=2023-08-14T08:53:20.404093+00:00
[2023-08-14T10:53:20.425+0200] {processor.py:179} INFO - Processing /home/akhilesh/py39/lib/python3.9/site-packages/airflow/example_dags/example_skip_dag.py took 0.074 seconds
[2023-08-14T10:54:13.551+0200] {processor.py:157} INFO - Started process (PID=460389) to work on /home/akhilesh/py39/lib/python3.9/site-packages/airflow/example_dags/example_skip_dag.py
[2023-08-14T10:54:13.560+0200] {processor.py:826} INFO - Processing file /home/akhilesh/py39/lib/python3.9/site-packages/airflow/example_dags/example_skip_dag.py for tasks to queue
[2023-08-14T10:54:13.562+0200] {logging_mixin.py:150} INFO - [2023-08-14T10:54:13.561+0200] {dagbag.py:541} INFO - Filling up the DagBag from /home/akhilesh/py39/lib/python3.9/site-packages/airflow/example_dags/example_skip_dag.py
[2023-08-14T10:54:13.569+0200] {processor.py:836} INFO - DAG(s) dict_keys(['example_skip_dag']) retrieved from /home/akhilesh/py39/lib/python3.9/site-packages/airflow/example_dags/example_skip_dag.py
[2023-08-14T10:54:13.586+0200] {logging_mixin.py:150} INFO - [2023-08-14T10:54:13.586+0200] {dag.py:2742} INFO - Sync 1 DAGs
[2023-08-14T10:54:13.602+0200] {logging_mixin.py:150} INFO - [2023-08-14T10:54:13.601+0200] {dag.py:3504} INFO - Setting next_dagrun for example_skip_dag to 2023-08-13T08:54:13.601641+00:00, run_after=2023-08-14T08:54:13.601641+00:00
[2023-08-14T10:54:13.625+0200] {processor.py:179} INFO - Processing /home/akhilesh/py39/lib/python3.9/site-packages/airflow/example_dags/example_skip_dag.py took 0.078 seconds
[2023-08-14T10:55:04.763+0200] {processor.py:157} INFO - Started process (PID=460547) to work on /home/akhilesh/py39/lib/python3.9/site-packages/airflow/example_dags/example_skip_dag.py
[2023-08-14T10:55:04.772+0200] {processor.py:826} INFO - Processing file /home/akhilesh/py39/lib/python3.9/site-packages/airflow/example_dags/example_skip_dag.py for tasks to queue
[2023-08-14T10:55:04.774+0200] {logging_mixin.py:150} INFO - [2023-08-14T10:55:04.773+0200] {dagbag.py:541} INFO - Filling up the DagBag from /home/akhilesh/py39/lib/python3.9/site-packages/airflow/example_dags/example_skip_dag.py
[2023-08-14T10:55:04.782+0200] {processor.py:836} INFO - DAG(s) dict_keys(['example_skip_dag']) retrieved from /home/akhilesh/py39/lib/python3.9/site-packages/airflow/example_dags/example_skip_dag.py
[2023-08-14T10:55:04.798+0200] {logging_mixin.py:150} INFO - [2023-08-14T10:55:04.798+0200] {dag.py:2742} INFO - Sync 1 DAGs
[2023-08-14T10:55:04.811+0200] {logging_mixin.py:150} INFO - [2023-08-14T10:55:04.811+0200] {dag.py:3504} INFO - Setting next_dagrun for example_skip_dag to 2023-08-13T08:55:04.811226+00:00, run_after=2023-08-14T08:55:04.811226+00:00
[2023-08-14T10:55:04.835+0200] {processor.py:179} INFO - Processing /home/akhilesh/py39/lib/python3.9/site-packages/airflow/example_dags/example_skip_dag.py took 0.076 seconds
[2023-08-14T10:55:53.510+0200] {processor.py:157} INFO - Started process (PID=460680) to work on /home/akhilesh/py39/lib/python3.9/site-packages/airflow/example_dags/example_skip_dag.py
[2023-08-14T10:55:53.513+0200] {processor.py:826} INFO - Processing file /home/akhilesh/py39/lib/python3.9/site-packages/airflow/example_dags/example_skip_dag.py for tasks to queue
[2023-08-14T10:55:53.514+0200] {logging_mixin.py:150} INFO - [2023-08-14T10:55:53.514+0200] {dagbag.py:541} INFO - Filling up the DagBag from /home/akhilesh/py39/lib/python3.9/site-packages/airflow/example_dags/example_skip_dag.py
[2023-08-14T10:55:53.522+0200] {processor.py:836} INFO - DAG(s) dict_keys(['example_skip_dag']) retrieved from /home/akhilesh/py39/lib/python3.9/site-packages/airflow/example_dags/example_skip_dag.py
[2023-08-14T10:55:53.541+0200] {logging_mixin.py:150} INFO - [2023-08-14T10:55:53.540+0200] {dag.py:2742} INFO - Sync 1 DAGs
[2023-08-14T10:55:53.553+0200] {logging_mixin.py:150} INFO - [2023-08-14T10:55:53.553+0200] {dag.py:3504} INFO - Setting next_dagrun for example_skip_dag to 2023-08-13T08:55:53.553443+00:00, run_after=2023-08-14T08:55:53.553443+00:00
[2023-08-14T10:55:53.575+0200] {processor.py:179} INFO - Processing /home/akhilesh/py39/lib/python3.9/site-packages/airflow/example_dags/example_skip_dag.py took 0.069 seconds
[2023-08-14T10:56:42.072+0200] {processor.py:157} INFO - Started process (PID=460887) to work on /home/akhilesh/py39/lib/python3.9/site-packages/airflow/example_dags/example_skip_dag.py
[2023-08-14T10:56:42.082+0200] {processor.py:826} INFO - Processing file /home/akhilesh/py39/lib/python3.9/site-packages/airflow/example_dags/example_skip_dag.py for tasks to queue
[2023-08-14T10:56:42.083+0200] {logging_mixin.py:150} INFO - [2023-08-14T10:56:42.083+0200] {dagbag.py:541} INFO - Filling up the DagBag from /home/akhilesh/py39/lib/python3.9/site-packages/airflow/example_dags/example_skip_dag.py
[2023-08-14T10:56:42.092+0200] {processor.py:836} INFO - DAG(s) dict_keys(['example_skip_dag']) retrieved from /home/akhilesh/py39/lib/python3.9/site-packages/airflow/example_dags/example_skip_dag.py
[2023-08-14T10:56:42.108+0200] {logging_mixin.py:150} INFO - [2023-08-14T10:56:42.108+0200] {dag.py:2742} INFO - Sync 1 DAGs
[2023-08-14T10:56:42.125+0200] {logging_mixin.py:150} INFO - [2023-08-14T10:56:42.125+0200] {dag.py:3504} INFO - Setting next_dagrun for example_skip_dag to 2023-08-13T08:56:42.125445+00:00, run_after=2023-08-14T08:56:42.125445+00:00
[2023-08-14T10:56:42.151+0200] {processor.py:179} INFO - Processing /home/akhilesh/py39/lib/python3.9/site-packages/airflow/example_dags/example_skip_dag.py took 0.083 seconds
[2023-08-14T10:57:32.748+0200] {processor.py:157} INFO - Started process (PID=461019) to work on /home/akhilesh/py39/lib/python3.9/site-packages/airflow/example_dags/example_skip_dag.py
[2023-08-14T10:57:32.757+0200] {processor.py:826} INFO - Processing file /home/akhilesh/py39/lib/python3.9/site-packages/airflow/example_dags/example_skip_dag.py for tasks to queue
[2023-08-14T10:57:32.758+0200] {logging_mixin.py:150} INFO - [2023-08-14T10:57:32.757+0200] {dagbag.py:541} INFO - Filling up the DagBag from /home/akhilesh/py39/lib/python3.9/site-packages/airflow/example_dags/example_skip_dag.py
[2023-08-14T10:57:32.765+0200] {processor.py:836} INFO - DAG(s) dict_keys(['example_skip_dag']) retrieved from /home/akhilesh/py39/lib/python3.9/site-packages/airflow/example_dags/example_skip_dag.py
[2023-08-14T10:57:32.785+0200] {logging_mixin.py:150} INFO - [2023-08-14T10:57:32.784+0200] {dag.py:2742} INFO - Sync 1 DAGs
[2023-08-14T10:57:32.798+0200] {logging_mixin.py:150} INFO - [2023-08-14T10:57:32.798+0200] {dag.py:3504} INFO - Setting next_dagrun for example_skip_dag to 2023-08-13T08:57:32.798445+00:00, run_after=2023-08-14T08:57:32.798445+00:00
[2023-08-14T10:57:32.835+0200] {processor.py:179} INFO - Processing /home/akhilesh/py39/lib/python3.9/site-packages/airflow/example_dags/example_skip_dag.py took 0.091 seconds
[2023-08-14T10:58:30.763+0200] {processor.py:157} INFO - Started process (PID=461307) to work on /home/akhilesh/py39/lib/python3.9/site-packages/airflow/example_dags/example_skip_dag.py
[2023-08-14T10:58:30.772+0200] {processor.py:826} INFO - Processing file /home/akhilesh/py39/lib/python3.9/site-packages/airflow/example_dags/example_skip_dag.py for tasks to queue
[2023-08-14T10:58:30.774+0200] {logging_mixin.py:150} INFO - [2023-08-14T10:58:30.774+0200] {dagbag.py:541} INFO - Filling up the DagBag from /home/akhilesh/py39/lib/python3.9/site-packages/airflow/example_dags/example_skip_dag.py
[2023-08-14T10:58:30.784+0200] {processor.py:836} INFO - DAG(s) dict_keys(['example_skip_dag']) retrieved from /home/akhilesh/py39/lib/python3.9/site-packages/airflow/example_dags/example_skip_dag.py
[2023-08-14T10:58:30.803+0200] {logging_mixin.py:150} INFO - [2023-08-14T10:58:30.803+0200] {dag.py:2742} INFO - Sync 1 DAGs
[2023-08-14T10:58:30.820+0200] {logging_mixin.py:150} INFO - [2023-08-14T10:58:30.820+0200] {dag.py:3504} INFO - Setting next_dagrun for example_skip_dag to 2023-08-13T08:58:30.820330+00:00, run_after=2023-08-14T08:58:30.820330+00:00
[2023-08-14T10:58:30.846+0200] {processor.py:179} INFO - Processing /home/akhilesh/py39/lib/python3.9/site-packages/airflow/example_dags/example_skip_dag.py took 0.088 seconds
[2023-08-14T10:59:21.148+0200] {processor.py:157} INFO - Started process (PID=461458) to work on /home/akhilesh/py39/lib/python3.9/site-packages/airflow/example_dags/example_skip_dag.py
[2023-08-14T10:59:21.149+0200] {processor.py:826} INFO - Processing file /home/akhilesh/py39/lib/python3.9/site-packages/airflow/example_dags/example_skip_dag.py for tasks to queue
[2023-08-14T10:59:21.150+0200] {logging_mixin.py:150} INFO - [2023-08-14T10:59:21.150+0200] {dagbag.py:541} INFO - Filling up the DagBag from /home/akhilesh/py39/lib/python3.9/site-packages/airflow/example_dags/example_skip_dag.py
[2023-08-14T10:59:21.156+0200] {processor.py:836} INFO - DAG(s) dict_keys(['example_skip_dag']) retrieved from /home/akhilesh/py39/lib/python3.9/site-packages/airflow/example_dags/example_skip_dag.py
[2023-08-14T10:59:21.171+0200] {logging_mixin.py:150} INFO - [2023-08-14T10:59:21.170+0200] {dag.py:2742} INFO - Sync 1 DAGs
[2023-08-14T10:59:21.183+0200] {logging_mixin.py:150} INFO - [2023-08-14T10:59:21.183+0200] {dag.py:3504} INFO - Setting next_dagrun for example_skip_dag to 2023-08-13T08:59:21.183493+00:00, run_after=2023-08-14T08:59:21.183493+00:00
[2023-08-14T10:59:21.208+0200] {processor.py:179} INFO - Processing /home/akhilesh/py39/lib/python3.9/site-packages/airflow/example_dags/example_skip_dag.py took 0.064 seconds
[2023-08-14T11:00:08.794+0200] {processor.py:157} INFO - Started process (PID=461633) to work on /home/akhilesh/py39/lib/python3.9/site-packages/airflow/example_dags/example_skip_dag.py
[2023-08-14T11:00:08.803+0200] {processor.py:826} INFO - Processing file /home/akhilesh/py39/lib/python3.9/site-packages/airflow/example_dags/example_skip_dag.py for tasks to queue
[2023-08-14T11:00:08.805+0200] {logging_mixin.py:150} INFO - [2023-08-14T11:00:08.804+0200] {dagbag.py:541} INFO - Filling up the DagBag from /home/akhilesh/py39/lib/python3.9/site-packages/airflow/example_dags/example_skip_dag.py
[2023-08-14T11:00:08.813+0200] {processor.py:836} INFO - DAG(s) dict_keys(['example_skip_dag']) retrieved from /home/akhilesh/py39/lib/python3.9/site-packages/airflow/example_dags/example_skip_dag.py
[2023-08-14T11:00:08.835+0200] {logging_mixin.py:150} INFO - [2023-08-14T11:00:08.835+0200] {dag.py:2742} INFO - Sync 1 DAGs
[2023-08-14T11:00:08.852+0200] {logging_mixin.py:150} INFO - [2023-08-14T11:00:08.852+0200] {dag.py:3504} INFO - Setting next_dagrun for example_skip_dag to 2023-08-13T09:00:08.852297+00:00, run_after=2023-08-14T09:00:08.852297+00:00
[2023-08-14T11:00:08.886+0200] {processor.py:179} INFO - Processing /home/akhilesh/py39/lib/python3.9/site-packages/airflow/example_dags/example_skip_dag.py took 0.095 seconds
[2023-08-14T11:00:58.271+0200] {processor.py:157} INFO - Started process (PID=461753) to work on /home/akhilesh/py39/lib/python3.9/site-packages/airflow/example_dags/example_skip_dag.py
[2023-08-14T11:00:58.280+0200] {processor.py:826} INFO - Processing file /home/akhilesh/py39/lib/python3.9/site-packages/airflow/example_dags/example_skip_dag.py for tasks to queue
[2023-08-14T11:00:58.281+0200] {logging_mixin.py:150} INFO - [2023-08-14T11:00:58.281+0200] {dagbag.py:541} INFO - Filling up the DagBag from /home/akhilesh/py39/lib/python3.9/site-packages/airflow/example_dags/example_skip_dag.py
[2023-08-14T11:00:58.290+0200] {processor.py:836} INFO - DAG(s) dict_keys(['example_skip_dag']) retrieved from /home/akhilesh/py39/lib/python3.9/site-packages/airflow/example_dags/example_skip_dag.py
[2023-08-14T11:00:58.305+0200] {logging_mixin.py:150} INFO - [2023-08-14T11:00:58.305+0200] {dag.py:2742} INFO - Sync 1 DAGs
[2023-08-14T11:00:58.317+0200] {logging_mixin.py:150} INFO - [2023-08-14T11:00:58.317+0200] {dag.py:3504} INFO - Setting next_dagrun for example_skip_dag to 2023-08-13T09:00:58.317541+00:00, run_after=2023-08-14T09:00:58.317541+00:00
[2023-08-14T11:00:58.345+0200] {processor.py:179} INFO - Processing /home/akhilesh/py39/lib/python3.9/site-packages/airflow/example_dags/example_skip_dag.py took 0.078 seconds
[2023-08-14T11:01:56.006+0200] {processor.py:157} INFO - Started process (PID=461979) to work on /home/akhilesh/py39/lib/python3.9/site-packages/airflow/example_dags/example_skip_dag.py
[2023-08-14T11:01:56.015+0200] {processor.py:826} INFO - Processing file /home/akhilesh/py39/lib/python3.9/site-packages/airflow/example_dags/example_skip_dag.py for tasks to queue
[2023-08-14T11:01:56.017+0200] {logging_mixin.py:150} INFO - [2023-08-14T11:01:56.016+0200] {dagbag.py:541} INFO - Filling up the DagBag from /home/akhilesh/py39/lib/python3.9/site-packages/airflow/example_dags/example_skip_dag.py
[2023-08-14T11:01:56.025+0200] {processor.py:836} INFO - DAG(s) dict_keys(['example_skip_dag']) retrieved from /home/akhilesh/py39/lib/python3.9/site-packages/airflow/example_dags/example_skip_dag.py
[2023-08-14T11:01:56.048+0200] {logging_mixin.py:150} INFO - [2023-08-14T11:01:56.048+0200] {dag.py:2742} INFO - Sync 1 DAGs
[2023-08-14T11:01:56.061+0200] {logging_mixin.py:150} INFO - [2023-08-14T11:01:56.060+0200] {dag.py:3504} INFO - Setting next_dagrun for example_skip_dag to 2023-08-13T09:01:56.060686+00:00, run_after=2023-08-14T09:01:56.060686+00:00
[2023-08-14T11:01:56.089+0200] {processor.py:179} INFO - Processing /home/akhilesh/py39/lib/python3.9/site-packages/airflow/example_dags/example_skip_dag.py took 0.087 seconds
[2023-08-14T11:02:49.330+0200] {processor.py:157} INFO - Started process (PID=462157) to work on /home/akhilesh/py39/lib/python3.9/site-packages/airflow/example_dags/example_skip_dag.py
[2023-08-14T11:02:49.339+0200] {processor.py:826} INFO - Processing file /home/akhilesh/py39/lib/python3.9/site-packages/airflow/example_dags/example_skip_dag.py for tasks to queue
[2023-08-14T11:02:49.340+0200] {logging_mixin.py:150} INFO - [2023-08-14T11:02:49.339+0200] {dagbag.py:541} INFO - Filling up the DagBag from /home/akhilesh/py39/lib/python3.9/site-packages/airflow/example_dags/example_skip_dag.py
[2023-08-14T11:02:49.347+0200] {processor.py:836} INFO - DAG(s) dict_keys(['example_skip_dag']) retrieved from /home/akhilesh/py39/lib/python3.9/site-packages/airflow/example_dags/example_skip_dag.py
[2023-08-14T11:02:49.365+0200] {logging_mixin.py:150} INFO - [2023-08-14T11:02:49.365+0200] {dag.py:2742} INFO - Sync 1 DAGs
[2023-08-14T11:02:49.379+0200] {logging_mixin.py:150} INFO - [2023-08-14T11:02:49.379+0200] {dag.py:3504} INFO - Setting next_dagrun for example_skip_dag to 2023-08-13T09:02:49.379368+00:00, run_after=2023-08-14T09:02:49.379368+00:00
[2023-08-14T11:02:49.409+0200] {processor.py:179} INFO - Processing /home/akhilesh/py39/lib/python3.9/site-packages/airflow/example_dags/example_skip_dag.py took 0.081 seconds
[2023-08-14T11:03:40.055+0200] {processor.py:157} INFO - Started process (PID=462289) to work on /home/akhilesh/py39/lib/python3.9/site-packages/airflow/example_dags/example_skip_dag.py
[2023-08-14T11:03:40.064+0200] {processor.py:826} INFO - Processing file /home/akhilesh/py39/lib/python3.9/site-packages/airflow/example_dags/example_skip_dag.py for tasks to queue
[2023-08-14T11:03:40.065+0200] {logging_mixin.py:150} INFO - [2023-08-14T11:03:40.065+0200] {dagbag.py:541} INFO - Filling up the DagBag from /home/akhilesh/py39/lib/python3.9/site-packages/airflow/example_dags/example_skip_dag.py
[2023-08-14T11:03:40.073+0200] {processor.py:836} INFO - DAG(s) dict_keys(['example_skip_dag']) retrieved from /home/akhilesh/py39/lib/python3.9/site-packages/airflow/example_dags/example_skip_dag.py
[2023-08-14T11:03:40.092+0200] {logging_mixin.py:150} INFO - [2023-08-14T11:03:40.092+0200] {dag.py:2742} INFO - Sync 1 DAGs
[2023-08-14T11:03:40.105+0200] {logging_mixin.py:150} INFO - [2023-08-14T11:03:40.105+0200] {dag.py:3504} INFO - Setting next_dagrun for example_skip_dag to 2023-08-13T09:03:40.105157+00:00, run_after=2023-08-14T09:03:40.105157+00:00
[2023-08-14T11:03:40.134+0200] {processor.py:179} INFO - Processing /home/akhilesh/py39/lib/python3.9/site-packages/airflow/example_dags/example_skip_dag.py took 0.083 seconds
[2023-08-14T11:04:30.191+0200] {processor.py:157} INFO - Started process (PID=462416) to work on /home/akhilesh/py39/lib/python3.9/site-packages/airflow/example_dags/example_skip_dag.py
[2023-08-14T11:04:30.200+0200] {processor.py:826} INFO - Processing file /home/akhilesh/py39/lib/python3.9/site-packages/airflow/example_dags/example_skip_dag.py for tasks to queue
[2023-08-14T11:04:30.201+0200] {logging_mixin.py:150} INFO - [2023-08-14T11:04:30.201+0200] {dagbag.py:541} INFO - Filling up the DagBag from /home/akhilesh/py39/lib/python3.9/site-packages/airflow/example_dags/example_skip_dag.py
[2023-08-14T11:04:30.208+0200] {processor.py:836} INFO - DAG(s) dict_keys(['example_skip_dag']) retrieved from /home/akhilesh/py39/lib/python3.9/site-packages/airflow/example_dags/example_skip_dag.py
[2023-08-14T11:04:30.224+0200] {logging_mixin.py:150} INFO - [2023-08-14T11:04:30.223+0200] {dag.py:2742} INFO - Sync 1 DAGs
[2023-08-14T11:04:30.234+0200] {logging_mixin.py:150} INFO - [2023-08-14T11:04:30.234+0200] {dag.py:3504} INFO - Setting next_dagrun for example_skip_dag to 2023-08-13T09:04:30.234278+00:00, run_after=2023-08-14T09:04:30.234278+00:00
[2023-08-14T11:04:30.258+0200] {processor.py:179} INFO - Processing /home/akhilesh/py39/lib/python3.9/site-packages/airflow/example_dags/example_skip_dag.py took 0.071 seconds
[2023-08-14T11:05:23.467+0200] {processor.py:157} INFO - Started process (PID=462555) to work on /home/akhilesh/py39/lib/python3.9/site-packages/airflow/example_dags/example_skip_dag.py
[2023-08-14T11:05:23.476+0200] {processor.py:826} INFO - Processing file /home/akhilesh/py39/lib/python3.9/site-packages/airflow/example_dags/example_skip_dag.py for tasks to queue
[2023-08-14T11:05:23.477+0200] {logging_mixin.py:150} INFO - [2023-08-14T11:05:23.477+0200] {dagbag.py:541} INFO - Filling up the DagBag from /home/akhilesh/py39/lib/python3.9/site-packages/airflow/example_dags/example_skip_dag.py
[2023-08-14T11:05:23.486+0200] {processor.py:836} INFO - DAG(s) dict_keys(['example_skip_dag']) retrieved from /home/akhilesh/py39/lib/python3.9/site-packages/airflow/example_dags/example_skip_dag.py
[2023-08-14T11:05:23.505+0200] {logging_mixin.py:150} INFO - [2023-08-14T11:05:23.505+0200] {dag.py:2742} INFO - Sync 1 DAGs
[2023-08-14T11:05:23.524+0200] {logging_mixin.py:150} INFO - [2023-08-14T11:05:23.524+0200] {dag.py:3504} INFO - Setting next_dagrun for example_skip_dag to 2023-08-13T09:05:23.523949+00:00, run_after=2023-08-14T09:05:23.523949+00:00
[2023-08-14T11:05:23.560+0200] {processor.py:179} INFO - Processing /home/akhilesh/py39/lib/python3.9/site-packages/airflow/example_dags/example_skip_dag.py took 0.097 seconds
[2023-08-14T11:06:15.907+0200] {processor.py:157} INFO - Started process (PID=462734) to work on /home/akhilesh/py39/lib/python3.9/site-packages/airflow/example_dags/example_skip_dag.py
[2023-08-14T11:06:15.908+0200] {processor.py:826} INFO - Processing file /home/akhilesh/py39/lib/python3.9/site-packages/airflow/example_dags/example_skip_dag.py for tasks to queue
[2023-08-14T11:06:15.908+0200] {logging_mixin.py:150} INFO - [2023-08-14T11:06:15.908+0200] {dagbag.py:541} INFO - Filling up the DagBag from /home/akhilesh/py39/lib/python3.9/site-packages/airflow/example_dags/example_skip_dag.py
[2023-08-14T11:06:15.912+0200] {processor.py:836} INFO - DAG(s) dict_keys(['example_skip_dag']) retrieved from /home/akhilesh/py39/lib/python3.9/site-packages/airflow/example_dags/example_skip_dag.py
[2023-08-14T11:06:15.924+0200] {logging_mixin.py:150} INFO - [2023-08-14T11:06:15.924+0200] {dag.py:2742} INFO - Sync 1 DAGs
[2023-08-14T11:06:15.935+0200] {logging_mixin.py:150} INFO - [2023-08-14T11:06:15.935+0200] {dag.py:3504} INFO - Setting next_dagrun for example_skip_dag to 2023-08-13T09:06:15.935677+00:00, run_after=2023-08-14T09:06:15.935677+00:00
[2023-08-14T11:06:15.961+0200] {processor.py:179} INFO - Processing /home/akhilesh/py39/lib/python3.9/site-packages/airflow/example_dags/example_skip_dag.py took 0.058 seconds
[2023-08-14T11:07:03.102+0200] {processor.py:157} INFO - Started process (PID=462904) to work on /home/akhilesh/py39/lib/python3.9/site-packages/airflow/example_dags/example_skip_dag.py
[2023-08-14T11:07:03.104+0200] {processor.py:826} INFO - Processing file /home/akhilesh/py39/lib/python3.9/site-packages/airflow/example_dags/example_skip_dag.py for tasks to queue
[2023-08-14T11:07:03.106+0200] {logging_mixin.py:150} INFO - [2023-08-14T11:07:03.105+0200] {dagbag.py:541} INFO - Filling up the DagBag from /home/akhilesh/py39/lib/python3.9/site-packages/airflow/example_dags/example_skip_dag.py
[2023-08-14T11:07:03.114+0200] {processor.py:836} INFO - DAG(s) dict_keys(['example_skip_dag']) retrieved from /home/akhilesh/py39/lib/python3.9/site-packages/airflow/example_dags/example_skip_dag.py
[2023-08-14T11:07:03.132+0200] {logging_mixin.py:150} INFO - [2023-08-14T11:07:03.132+0200] {dag.py:2742} INFO - Sync 1 DAGs
[2023-08-14T11:07:03.143+0200] {logging_mixin.py:150} INFO - [2023-08-14T11:07:03.143+0200] {dag.py:3504} INFO - Setting next_dagrun for example_skip_dag to 2023-08-13T09:07:03.143417+00:00, run_after=2023-08-14T09:07:03.143417+00:00
[2023-08-14T11:07:03.168+0200] {processor.py:179} INFO - Processing /home/akhilesh/py39/lib/python3.9/site-packages/airflow/example_dags/example_skip_dag.py took 0.068 seconds
[2023-08-14T11:07:58.570+0200] {processor.py:157} INFO - Started process (PID=463074) to work on /home/akhilesh/py39/lib/python3.9/site-packages/airflow/example_dags/example_skip_dag.py
[2023-08-14T11:07:58.579+0200] {processor.py:826} INFO - Processing file /home/akhilesh/py39/lib/python3.9/site-packages/airflow/example_dags/example_skip_dag.py for tasks to queue
[2023-08-14T11:07:58.580+0200] {logging_mixin.py:150} INFO - [2023-08-14T11:07:58.580+0200] {dagbag.py:541} INFO - Filling up the DagBag from /home/akhilesh/py39/lib/python3.9/site-packages/airflow/example_dags/example_skip_dag.py
[2023-08-14T11:07:58.589+0200] {processor.py:836} INFO - DAG(s) dict_keys(['example_skip_dag']) retrieved from /home/akhilesh/py39/lib/python3.9/site-packages/airflow/example_dags/example_skip_dag.py
[2023-08-14T11:07:58.605+0200] {logging_mixin.py:150} INFO - [2023-08-14T11:07:58.605+0200] {dag.py:2742} INFO - Sync 1 DAGs
[2023-08-14T11:07:58.619+0200] {logging_mixin.py:150} INFO - [2023-08-14T11:07:58.619+0200] {dag.py:3504} INFO - Setting next_dagrun for example_skip_dag to 2023-08-13T09:07:58.619167+00:00, run_after=2023-08-14T09:07:58.619167+00:00
[2023-08-14T11:07:58.652+0200] {processor.py:179} INFO - Processing /home/akhilesh/py39/lib/python3.9/site-packages/airflow/example_dags/example_skip_dag.py took 0.087 seconds
[2023-08-14T11:08:46.726+0200] {processor.py:157} INFO - Started process (PID=463240) to work on /home/akhilesh/py39/lib/python3.9/site-packages/airflow/example_dags/example_skip_dag.py
[2023-08-14T11:08:46.735+0200] {processor.py:826} INFO - Processing file /home/akhilesh/py39/lib/python3.9/site-packages/airflow/example_dags/example_skip_dag.py for tasks to queue
[2023-08-14T11:08:46.736+0200] {logging_mixin.py:150} INFO - [2023-08-14T11:08:46.736+0200] {dagbag.py:541} INFO - Filling up the DagBag from /home/akhilesh/py39/lib/python3.9/site-packages/airflow/example_dags/example_skip_dag.py
[2023-08-14T11:08:46.743+0200] {processor.py:836} INFO - DAG(s) dict_keys(['example_skip_dag']) retrieved from /home/akhilesh/py39/lib/python3.9/site-packages/airflow/example_dags/example_skip_dag.py
[2023-08-14T11:08:46.759+0200] {logging_mixin.py:150} INFO - [2023-08-14T11:08:46.759+0200] {dag.py:2742} INFO - Sync 1 DAGs
[2023-08-14T11:08:46.771+0200] {logging_mixin.py:150} INFO - [2023-08-14T11:08:46.771+0200] {dag.py:3504} INFO - Setting next_dagrun for example_skip_dag to 2023-08-13T09:08:46.771104+00:00, run_after=2023-08-14T09:08:46.771104+00:00
[2023-08-14T11:08:46.798+0200] {processor.py:179} INFO - Processing /home/akhilesh/py39/lib/python3.9/site-packages/airflow/example_dags/example_skip_dag.py took 0.075 seconds
[2023-08-14T11:11:15.833+0200] {processor.py:157} INFO - Started process (PID=463727) to work on /home/akhilesh/py39/lib/python3.9/site-packages/airflow/example_dags/example_skip_dag.py
[2023-08-14T11:11:15.842+0200] {processor.py:826} INFO - Processing file /home/akhilesh/py39/lib/python3.9/site-packages/airflow/example_dags/example_skip_dag.py for tasks to queue
[2023-08-14T11:11:15.843+0200] {logging_mixin.py:150} INFO - [2023-08-14T11:11:15.843+0200] {dagbag.py:541} INFO - Filling up the DagBag from /home/akhilesh/py39/lib/python3.9/site-packages/airflow/example_dags/example_skip_dag.py
[2023-08-14T11:11:15.853+0200] {processor.py:836} INFO - DAG(s) dict_keys(['example_skip_dag']) retrieved from /home/akhilesh/py39/lib/python3.9/site-packages/airflow/example_dags/example_skip_dag.py
[2023-08-14T11:11:15.870+0200] {logging_mixin.py:150} INFO - [2023-08-14T11:11:15.870+0200] {dag.py:2742} INFO - Sync 1 DAGs
[2023-08-14T11:11:15.889+0200] {logging_mixin.py:150} INFO - [2023-08-14T11:11:15.889+0200] {dag.py:3504} INFO - Setting next_dagrun for example_skip_dag to 2023-08-13T09:11:15.888896+00:00, run_after=2023-08-14T09:11:15.888896+00:00
[2023-08-14T11:11:15.913+0200] {processor.py:179} INFO - Processing /home/akhilesh/py39/lib/python3.9/site-packages/airflow/example_dags/example_skip_dag.py took 0.085 seconds
[2023-08-14T11:12:20.366+0200] {processor.py:157} INFO - Started process (PID=464108) to work on /home/akhilesh/py39/lib/python3.9/site-packages/airflow/example_dags/example_skip_dag.py
[2023-08-14T11:12:20.375+0200] {processor.py:826} INFO - Processing file /home/akhilesh/py39/lib/python3.9/site-packages/airflow/example_dags/example_skip_dag.py for tasks to queue
[2023-08-14T11:12:20.376+0200] {logging_mixin.py:150} INFO - [2023-08-14T11:12:20.376+0200] {dagbag.py:541} INFO - Filling up the DagBag from /home/akhilesh/py39/lib/python3.9/site-packages/airflow/example_dags/example_skip_dag.py
[2023-08-14T11:12:20.385+0200] {processor.py:836} INFO - DAG(s) dict_keys(['example_skip_dag']) retrieved from /home/akhilesh/py39/lib/python3.9/site-packages/airflow/example_dags/example_skip_dag.py
[2023-08-14T11:12:20.403+0200] {logging_mixin.py:150} INFO - [2023-08-14T11:12:20.403+0200] {dag.py:2742} INFO - Sync 1 DAGs
[2023-08-14T11:12:20.417+0200] {logging_mixin.py:150} INFO - [2023-08-14T11:12:20.417+0200] {dag.py:3504} INFO - Setting next_dagrun for example_skip_dag to 2023-08-13T09:12:20.417236+00:00, run_after=2023-08-14T09:12:20.417236+00:00
[2023-08-14T11:12:20.438+0200] {processor.py:179} INFO - Processing /home/akhilesh/py39/lib/python3.9/site-packages/airflow/example_dags/example_skip_dag.py took 0.075 seconds
[2023-08-14T11:13:07.714+0200] {processor.py:157} INFO - Started process (PID=464266) to work on /home/akhilesh/py39/lib/python3.9/site-packages/airflow/example_dags/example_skip_dag.py
[2023-08-14T11:13:07.723+0200] {processor.py:826} INFO - Processing file /home/akhilesh/py39/lib/python3.9/site-packages/airflow/example_dags/example_skip_dag.py for tasks to queue
[2023-08-14T11:13:07.724+0200] {logging_mixin.py:150} INFO - [2023-08-14T11:13:07.724+0200] {dagbag.py:541} INFO - Filling up the DagBag from /home/akhilesh/py39/lib/python3.9/site-packages/airflow/example_dags/example_skip_dag.py
[2023-08-14T11:13:07.732+0200] {processor.py:836} INFO - DAG(s) dict_keys(['example_skip_dag']) retrieved from /home/akhilesh/py39/lib/python3.9/site-packages/airflow/example_dags/example_skip_dag.py
[2023-08-14T11:13:07.747+0200] {logging_mixin.py:150} INFO - [2023-08-14T11:13:07.747+0200] {dag.py:2742} INFO - Sync 1 DAGs
[2023-08-14T11:13:07.763+0200] {logging_mixin.py:150} INFO - [2023-08-14T11:13:07.762+0200] {dag.py:3504} INFO - Setting next_dagrun for example_skip_dag to 2023-08-13T09:13:07.762744+00:00, run_after=2023-08-14T09:13:07.762744+00:00
[2023-08-14T11:13:07.790+0200] {processor.py:179} INFO - Processing /home/akhilesh/py39/lib/python3.9/site-packages/airflow/example_dags/example_skip_dag.py took 0.079 seconds
[2023-08-14T11:15:45.273+0200] {processor.py:157} INFO - Started process (PID=464939) to work on /home/akhilesh/py39/lib/python3.9/site-packages/airflow/example_dags/example_skip_dag.py
[2023-08-14T11:15:45.282+0200] {processor.py:826} INFO - Processing file /home/akhilesh/py39/lib/python3.9/site-packages/airflow/example_dags/example_skip_dag.py for tasks to queue
[2023-08-14T11:15:45.284+0200] {logging_mixin.py:150} INFO - [2023-08-14T11:15:45.283+0200] {dagbag.py:541} INFO - Filling up the DagBag from /home/akhilesh/py39/lib/python3.9/site-packages/airflow/example_dags/example_skip_dag.py
[2023-08-14T11:15:45.291+0200] {processor.py:836} INFO - DAG(s) dict_keys(['example_skip_dag']) retrieved from /home/akhilesh/py39/lib/python3.9/site-packages/airflow/example_dags/example_skip_dag.py
[2023-08-14T11:15:45.306+0200] {logging_mixin.py:150} INFO - [2023-08-14T11:15:45.306+0200] {dag.py:2742} INFO - Sync 1 DAGs
[2023-08-14T11:15:45.319+0200] {logging_mixin.py:150} INFO - [2023-08-14T11:15:45.319+0200] {dag.py:3504} INFO - Setting next_dagrun for example_skip_dag to 2023-08-13T09:15:45.318944+00:00, run_after=2023-08-14T09:15:45.318944+00:00
[2023-08-14T11:15:45.343+0200] {processor.py:179} INFO - Processing /home/akhilesh/py39/lib/python3.9/site-packages/airflow/example_dags/example_skip_dag.py took 0.074 seconds
[2023-08-14T11:16:39.854+0200] {processor.py:157} INFO - Started process (PID=465072) to work on /home/akhilesh/py39/lib/python3.9/site-packages/airflow/example_dags/example_skip_dag.py
[2023-08-14T11:16:39.863+0200] {processor.py:826} INFO - Processing file /home/akhilesh/py39/lib/python3.9/site-packages/airflow/example_dags/example_skip_dag.py for tasks to queue
[2023-08-14T11:16:39.865+0200] {logging_mixin.py:150} INFO - [2023-08-14T11:16:39.864+0200] {dagbag.py:541} INFO - Filling up the DagBag from /home/akhilesh/py39/lib/python3.9/site-packages/airflow/example_dags/example_skip_dag.py
[2023-08-14T11:16:39.873+0200] {processor.py:836} INFO - DAG(s) dict_keys(['example_skip_dag']) retrieved from /home/akhilesh/py39/lib/python3.9/site-packages/airflow/example_dags/example_skip_dag.py
[2023-08-14T11:16:39.889+0200] {logging_mixin.py:150} INFO - [2023-08-14T11:16:39.889+0200] {dag.py:2742} INFO - Sync 1 DAGs
[2023-08-14T11:16:39.902+0200] {logging_mixin.py:150} INFO - [2023-08-14T11:16:39.902+0200] {dag.py:3504} INFO - Setting next_dagrun for example_skip_dag to 2023-08-13T09:16:39.902049+00:00, run_after=2023-08-14T09:16:39.902049+00:00
[2023-08-14T11:16:39.934+0200] {processor.py:179} INFO - Processing /home/akhilesh/py39/lib/python3.9/site-packages/airflow/example_dags/example_skip_dag.py took 0.084 seconds
[2023-08-14T11:17:34.411+0200] {processor.py:157} INFO - Started process (PID=465253) to work on /home/akhilesh/py39/lib/python3.9/site-packages/airflow/example_dags/example_skip_dag.py
[2023-08-14T11:17:34.420+0200] {processor.py:826} INFO - Processing file /home/akhilesh/py39/lib/python3.9/site-packages/airflow/example_dags/example_skip_dag.py for tasks to queue
[2023-08-14T11:17:34.422+0200] {logging_mixin.py:150} INFO - [2023-08-14T11:17:34.421+0200] {dagbag.py:541} INFO - Filling up the DagBag from /home/akhilesh/py39/lib/python3.9/site-packages/airflow/example_dags/example_skip_dag.py
[2023-08-14T11:17:34.430+0200] {processor.py:836} INFO - DAG(s) dict_keys(['example_skip_dag']) retrieved from /home/akhilesh/py39/lib/python3.9/site-packages/airflow/example_dags/example_skip_dag.py
[2023-08-14T11:17:34.448+0200] {logging_mixin.py:150} INFO - [2023-08-14T11:17:34.448+0200] {dag.py:2742} INFO - Sync 1 DAGs
[2023-08-14T11:17:34.460+0200] {logging_mixin.py:150} INFO - [2023-08-14T11:17:34.460+0200] {dag.py:3504} INFO - Setting next_dagrun for example_skip_dag to 2023-08-13T09:17:34.460472+00:00, run_after=2023-08-14T09:17:34.460472+00:00
[2023-08-14T11:17:34.485+0200] {processor.py:179} INFO - Processing /home/akhilesh/py39/lib/python3.9/site-packages/airflow/example_dags/example_skip_dag.py took 0.078 seconds
[2023-08-14T11:18:27.119+0200] {processor.py:157} INFO - Started process (PID=465381) to work on /home/akhilesh/py39/lib/python3.9/site-packages/airflow/example_dags/example_skip_dag.py
[2023-08-14T11:18:27.128+0200] {processor.py:826} INFO - Processing file /home/akhilesh/py39/lib/python3.9/site-packages/airflow/example_dags/example_skip_dag.py for tasks to queue
[2023-08-14T11:18:27.130+0200] {logging_mixin.py:150} INFO - [2023-08-14T11:18:27.129+0200] {dagbag.py:541} INFO - Filling up the DagBag from /home/akhilesh/py39/lib/python3.9/site-packages/airflow/example_dags/example_skip_dag.py
[2023-08-14T11:18:27.137+0200] {processor.py:836} INFO - DAG(s) dict_keys(['example_skip_dag']) retrieved from /home/akhilesh/py39/lib/python3.9/site-packages/airflow/example_dags/example_skip_dag.py
[2023-08-14T11:18:27.155+0200] {logging_mixin.py:150} INFO - [2023-08-14T11:18:27.155+0200] {dag.py:2742} INFO - Sync 1 DAGs
[2023-08-14T11:18:27.170+0200] {logging_mixin.py:150} INFO - [2023-08-14T11:18:27.170+0200] {dag.py:3504} INFO - Setting next_dagrun for example_skip_dag to 2023-08-13T09:18:27.170362+00:00, run_after=2023-08-14T09:18:27.170362+00:00
[2023-08-14T11:18:27.201+0200] {processor.py:179} INFO - Processing /home/akhilesh/py39/lib/python3.9/site-packages/airflow/example_dags/example_skip_dag.py took 0.086 seconds
[2023-08-14T11:19:17.679+0200] {processor.py:157} INFO - Started process (PID=465682) to work on /home/akhilesh/py39/lib/python3.9/site-packages/airflow/example_dags/example_skip_dag.py
[2023-08-14T11:19:17.688+0200] {processor.py:826} INFO - Processing file /home/akhilesh/py39/lib/python3.9/site-packages/airflow/example_dags/example_skip_dag.py for tasks to queue
[2023-08-14T11:19:17.690+0200] {logging_mixin.py:150} INFO - [2023-08-14T11:19:17.689+0200] {dagbag.py:541} INFO - Filling up the DagBag from /home/akhilesh/py39/lib/python3.9/site-packages/airflow/example_dags/example_skip_dag.py
[2023-08-14T11:19:17.697+0200] {processor.py:836} INFO - DAG(s) dict_keys(['example_skip_dag']) retrieved from /home/akhilesh/py39/lib/python3.9/site-packages/airflow/example_dags/example_skip_dag.py
[2023-08-14T11:19:17.711+0200] {logging_mixin.py:150} INFO - [2023-08-14T11:19:17.711+0200] {dag.py:2742} INFO - Sync 1 DAGs
[2023-08-14T11:19:17.724+0200] {logging_mixin.py:150} INFO - [2023-08-14T11:19:17.724+0200] {dag.py:3504} INFO - Setting next_dagrun for example_skip_dag to 2023-08-13T09:19:17.724386+00:00, run_after=2023-08-14T09:19:17.724386+00:00
[2023-08-14T11:19:17.758+0200] {processor.py:179} INFO - Processing /home/akhilesh/py39/lib/python3.9/site-packages/airflow/example_dags/example_skip_dag.py took 0.082 seconds
[2023-08-14T11:21:02.776+0200] {processor.py:157} INFO - Started process (PID=466032) to work on /home/akhilesh/py39/lib/python3.9/site-packages/airflow/example_dags/example_skip_dag.py
[2023-08-14T11:21:02.785+0200] {processor.py:826} INFO - Processing file /home/akhilesh/py39/lib/python3.9/site-packages/airflow/example_dags/example_skip_dag.py for tasks to queue
[2023-08-14T11:21:02.786+0200] {logging_mixin.py:150} INFO - [2023-08-14T11:21:02.786+0200] {dagbag.py:541} INFO - Filling up the DagBag from /home/akhilesh/py39/lib/python3.9/site-packages/airflow/example_dags/example_skip_dag.py
[2023-08-14T11:21:02.793+0200] {processor.py:836} INFO - DAG(s) dict_keys(['example_skip_dag']) retrieved from /home/akhilesh/py39/lib/python3.9/site-packages/airflow/example_dags/example_skip_dag.py
[2023-08-14T11:21:02.807+0200] {logging_mixin.py:150} INFO - [2023-08-14T11:21:02.807+0200] {dag.py:2742} INFO - Sync 1 DAGs
[2023-08-14T11:21:02.817+0200] {logging_mixin.py:150} INFO - [2023-08-14T11:21:02.817+0200] {dag.py:3504} INFO - Setting next_dagrun for example_skip_dag to 2023-08-13T09:21:02.817337+00:00, run_after=2023-08-14T09:21:02.817337+00:00
[2023-08-14T11:21:02.846+0200] {processor.py:179} INFO - Processing /home/akhilesh/py39/lib/python3.9/site-packages/airflow/example_dags/example_skip_dag.py took 0.072 seconds
[2023-08-14T11:21:48.473+0200] {processor.py:157} INFO - Started process (PID=466166) to work on /home/akhilesh/py39/lib/python3.9/site-packages/airflow/example_dags/example_skip_dag.py
[2023-08-14T11:21:48.475+0200] {processor.py:826} INFO - Processing file /home/akhilesh/py39/lib/python3.9/site-packages/airflow/example_dags/example_skip_dag.py for tasks to queue
[2023-08-14T11:21:48.475+0200] {logging_mixin.py:150} INFO - [2023-08-14T11:21:48.475+0200] {dagbag.py:541} INFO - Filling up the DagBag from /home/akhilesh/py39/lib/python3.9/site-packages/airflow/example_dags/example_skip_dag.py
[2023-08-14T11:21:48.480+0200] {processor.py:836} INFO - DAG(s) dict_keys(['example_skip_dag']) retrieved from /home/akhilesh/py39/lib/python3.9/site-packages/airflow/example_dags/example_skip_dag.py
[2023-08-14T11:21:48.496+0200] {logging_mixin.py:150} INFO - [2023-08-14T11:21:48.495+0200] {dag.py:2742} INFO - Sync 1 DAGs
[2023-08-14T11:21:48.509+0200] {logging_mixin.py:150} INFO - [2023-08-14T11:21:48.509+0200] {dag.py:3504} INFO - Setting next_dagrun for example_skip_dag to 2023-08-13T09:21:48.508875+00:00, run_after=2023-08-14T09:21:48.508875+00:00
[2023-08-14T11:21:48.536+0200] {processor.py:179} INFO - Processing /home/akhilesh/py39/lib/python3.9/site-packages/airflow/example_dags/example_skip_dag.py took 0.067 seconds
[2023-08-14T11:22:43.729+0200] {processor.py:157} INFO - Started process (PID=466322) to work on /home/akhilesh/py39/lib/python3.9/site-packages/airflow/example_dags/example_skip_dag.py
[2023-08-14T11:22:43.739+0200] {processor.py:826} INFO - Processing file /home/akhilesh/py39/lib/python3.9/site-packages/airflow/example_dags/example_skip_dag.py for tasks to queue
[2023-08-14T11:22:43.740+0200] {logging_mixin.py:150} INFO - [2023-08-14T11:22:43.740+0200] {dagbag.py:541} INFO - Filling up the DagBag from /home/akhilesh/py39/lib/python3.9/site-packages/airflow/example_dags/example_skip_dag.py
[2023-08-14T11:22:43.748+0200] {processor.py:836} INFO - DAG(s) dict_keys(['example_skip_dag']) retrieved from /home/akhilesh/py39/lib/python3.9/site-packages/airflow/example_dags/example_skip_dag.py
[2023-08-14T11:22:43.767+0200] {logging_mixin.py:150} INFO - [2023-08-14T11:22:43.767+0200] {dag.py:2742} INFO - Sync 1 DAGs
[2023-08-14T11:22:43.784+0200] {logging_mixin.py:150} INFO - [2023-08-14T11:22:43.783+0200] {dag.py:3504} INFO - Setting next_dagrun for example_skip_dag to 2023-08-13T09:22:43.783582+00:00, run_after=2023-08-14T09:22:43.783582+00:00
[2023-08-14T11:22:43.815+0200] {processor.py:179} INFO - Processing /home/akhilesh/py39/lib/python3.9/site-packages/airflow/example_dags/example_skip_dag.py took 0.089 seconds
[2023-08-14T11:23:35.496+0200] {processor.py:157} INFO - Started process (PID=467015) to work on /home/akhilesh/py39/lib/python3.9/site-packages/airflow/example_dags/example_skip_dag.py
[2023-08-14T11:23:35.505+0200] {processor.py:826} INFO - Processing file /home/akhilesh/py39/lib/python3.9/site-packages/airflow/example_dags/example_skip_dag.py for tasks to queue
[2023-08-14T11:23:35.506+0200] {logging_mixin.py:150} INFO - [2023-08-14T11:23:35.506+0200] {dagbag.py:541} INFO - Filling up the DagBag from /home/akhilesh/py39/lib/python3.9/site-packages/airflow/example_dags/example_skip_dag.py
[2023-08-14T11:23:35.515+0200] {processor.py:836} INFO - DAG(s) dict_keys(['example_skip_dag']) retrieved from /home/akhilesh/py39/lib/python3.9/site-packages/airflow/example_dags/example_skip_dag.py
[2023-08-14T11:23:35.530+0200] {logging_mixin.py:150} INFO - [2023-08-14T11:23:35.530+0200] {dag.py:2742} INFO - Sync 1 DAGs
[2023-08-14T11:23:35.546+0200] {logging_mixin.py:150} INFO - [2023-08-14T11:23:35.545+0200] {dag.py:3504} INFO - Setting next_dagrun for example_skip_dag to 2023-08-13T09:23:35.545574+00:00, run_after=2023-08-14T09:23:35.545574+00:00
[2023-08-14T11:23:35.578+0200] {processor.py:179} INFO - Processing /home/akhilesh/py39/lib/python3.9/site-packages/airflow/example_dags/example_skip_dag.py took 0.085 seconds
[2023-08-14T11:24:24.110+0200] {processor.py:157} INFO - Started process (PID=467205) to work on /home/akhilesh/py39/lib/python3.9/site-packages/airflow/example_dags/example_skip_dag.py
[2023-08-14T11:24:24.119+0200] {processor.py:826} INFO - Processing file /home/akhilesh/py39/lib/python3.9/site-packages/airflow/example_dags/example_skip_dag.py for tasks to queue
[2023-08-14T11:24:24.121+0200] {logging_mixin.py:150} INFO - [2023-08-14T11:24:24.120+0200] {dagbag.py:541} INFO - Filling up the DagBag from /home/akhilesh/py39/lib/python3.9/site-packages/airflow/example_dags/example_skip_dag.py
[2023-08-14T11:24:24.129+0200] {processor.py:836} INFO - DAG(s) dict_keys(['example_skip_dag']) retrieved from /home/akhilesh/py39/lib/python3.9/site-packages/airflow/example_dags/example_skip_dag.py
[2023-08-14T11:24:24.148+0200] {logging_mixin.py:150} INFO - [2023-08-14T11:24:24.147+0200] {dag.py:2742} INFO - Sync 1 DAGs
[2023-08-14T11:24:24.160+0200] {logging_mixin.py:150} INFO - [2023-08-14T11:24:24.160+0200] {dag.py:3504} INFO - Setting next_dagrun for example_skip_dag to 2023-08-13T09:24:24.160508+00:00, run_after=2023-08-14T09:24:24.160508+00:00
[2023-08-14T11:24:24.191+0200] {processor.py:179} INFO - Processing /home/akhilesh/py39/lib/python3.9/site-packages/airflow/example_dags/example_skip_dag.py took 0.085 seconds
[2023-08-14T11:25:14.316+0200] {processor.py:157} INFO - Started process (PID=467596) to work on /home/akhilesh/py39/lib/python3.9/site-packages/airflow/example_dags/example_skip_dag.py
[2023-08-14T11:25:14.325+0200] {processor.py:826} INFO - Processing file /home/akhilesh/py39/lib/python3.9/site-packages/airflow/example_dags/example_skip_dag.py for tasks to queue
[2023-08-14T11:25:14.326+0200] {logging_mixin.py:150} INFO - [2023-08-14T11:25:14.326+0200] {dagbag.py:541} INFO - Filling up the DagBag from /home/akhilesh/py39/lib/python3.9/site-packages/airflow/example_dags/example_skip_dag.py
[2023-08-14T11:25:14.333+0200] {processor.py:836} INFO - DAG(s) dict_keys(['example_skip_dag']) retrieved from /home/akhilesh/py39/lib/python3.9/site-packages/airflow/example_dags/example_skip_dag.py
[2023-08-14T11:25:14.348+0200] {logging_mixin.py:150} INFO - [2023-08-14T11:25:14.348+0200] {dag.py:2742} INFO - Sync 1 DAGs
[2023-08-14T11:25:14.361+0200] {logging_mixin.py:150} INFO - [2023-08-14T11:25:14.360+0200] {dag.py:3504} INFO - Setting next_dagrun for example_skip_dag to 2023-08-13T09:25:14.360610+00:00, run_after=2023-08-14T09:25:14.360610+00:00
[2023-08-14T11:25:14.391+0200] {processor.py:179} INFO - Processing /home/akhilesh/py39/lib/python3.9/site-packages/airflow/example_dags/example_skip_dag.py took 0.079 seconds
