[2023-08-14T10:21:56.593+0200] {processor.py:157} INFO - Started process (PID=452861) to work on /home/akhilesh/py39/lib/python3.9/site-packages/airflow/example_dags/example_nested_branch_dag.py
[2023-08-14T10:21:56.594+0200] {processor.py:826} INFO - Processing file /home/akhilesh/py39/lib/python3.9/site-packages/airflow/example_dags/example_nested_branch_dag.py for tasks to queue
[2023-08-14T10:21:56.595+0200] {logging_mixin.py:150} INFO - [2023-08-14T10:21:56.595+0200] {dagbag.py:541} INFO - Filling up the DagBag from /home/akhilesh/py39/lib/python3.9/site-packages/airflow/example_dags/example_nested_branch_dag.py
[2023-08-14T10:21:56.605+0200] {processor.py:836} INFO - DAG(s) dict_keys(['example_nested_branch_dag']) retrieved from /home/akhilesh/py39/lib/python3.9/site-packages/airflow/example_dags/example_nested_branch_dag.py
[2023-08-14T10:21:56.623+0200] {logging_mixin.py:150} INFO - [2023-08-14T10:21:56.622+0200] {dag.py:2742} INFO - Sync 1 DAGs
[2023-08-14T10:21:56.811+0200] {logging_mixin.py:150} INFO - [2023-08-14T10:21:56.811+0200] {dag.py:3504} INFO - Setting next_dagrun for example_nested_branch_dag to 2023-08-13T00:00:00+00:00, run_after=2023-08-14T00:00:00+00:00
[2023-08-14T10:21:56.848+0200] {processor.py:179} INFO - Processing /home/akhilesh/py39/lib/python3.9/site-packages/airflow/example_dags/example_nested_branch_dag.py took 0.258 seconds
[2023-08-14T10:22:57.285+0200] {processor.py:157} INFO - Started process (PID=453524) to work on /home/akhilesh/py39/lib/python3.9/site-packages/airflow/example_dags/example_nested_branch_dag.py
[2023-08-14T10:22:57.287+0200] {processor.py:826} INFO - Processing file /home/akhilesh/py39/lib/python3.9/site-packages/airflow/example_dags/example_nested_branch_dag.py for tasks to queue
[2023-08-14T10:22:57.288+0200] {logging_mixin.py:150} INFO - [2023-08-14T10:22:57.287+0200] {dagbag.py:541} INFO - Filling up the DagBag from /home/akhilesh/py39/lib/python3.9/site-packages/airflow/example_dags/example_nested_branch_dag.py
[2023-08-14T10:22:57.296+0200] {processor.py:836} INFO - DAG(s) dict_keys(['example_nested_branch_dag']) retrieved from /home/akhilesh/py39/lib/python3.9/site-packages/airflow/example_dags/example_nested_branch_dag.py
[2023-08-14T10:22:57.311+0200] {logging_mixin.py:150} INFO - [2023-08-14T10:22:57.311+0200] {dag.py:2742} INFO - Sync 1 DAGs
[2023-08-14T10:22:57.326+0200] {logging_mixin.py:150} INFO - [2023-08-14T10:22:57.326+0200] {dag.py:3504} INFO - Setting next_dagrun for example_nested_branch_dag to 2023-08-13T00:00:00+00:00, run_after=2023-08-14T00:00:00+00:00
[2023-08-14T10:22:57.347+0200] {processor.py:179} INFO - Processing /home/akhilesh/py39/lib/python3.9/site-packages/airflow/example_dags/example_nested_branch_dag.py took 0.065 seconds
[2023-08-14T10:23:56.086+0200] {processor.py:157} INFO - Started process (PID=453802) to work on /home/akhilesh/py39/lib/python3.9/site-packages/airflow/example_dags/example_nested_branch_dag.py
[2023-08-14T10:23:56.095+0200] {processor.py:826} INFO - Processing file /home/akhilesh/py39/lib/python3.9/site-packages/airflow/example_dags/example_nested_branch_dag.py for tasks to queue
[2023-08-14T10:23:56.096+0200] {logging_mixin.py:150} INFO - [2023-08-14T10:23:56.096+0200] {dagbag.py:541} INFO - Filling up the DagBag from /home/akhilesh/py39/lib/python3.9/site-packages/airflow/example_dags/example_nested_branch_dag.py
[2023-08-14T10:23:56.109+0200] {processor.py:836} INFO - DAG(s) dict_keys(['example_nested_branch_dag']) retrieved from /home/akhilesh/py39/lib/python3.9/site-packages/airflow/example_dags/example_nested_branch_dag.py
[2023-08-14T10:23:56.126+0200] {logging_mixin.py:150} INFO - [2023-08-14T10:23:56.125+0200] {dag.py:2742} INFO - Sync 1 DAGs
[2023-08-14T10:23:56.141+0200] {logging_mixin.py:150} INFO - [2023-08-14T10:23:56.141+0200] {dag.py:3504} INFO - Setting next_dagrun for example_nested_branch_dag to 2023-08-13T00:00:00+00:00, run_after=2023-08-14T00:00:00+00:00
[2023-08-14T10:23:56.163+0200] {processor.py:179} INFO - Processing /home/akhilesh/py39/lib/python3.9/site-packages/airflow/example_dags/example_nested_branch_dag.py took 0.080 seconds
[2023-08-14T10:24:59.885+0200] {processor.py:157} INFO - Started process (PID=454032) to work on /home/akhilesh/py39/lib/python3.9/site-packages/airflow/example_dags/example_nested_branch_dag.py
[2023-08-14T10:24:59.895+0200] {processor.py:826} INFO - Processing file /home/akhilesh/py39/lib/python3.9/site-packages/airflow/example_dags/example_nested_branch_dag.py for tasks to queue
[2023-08-14T10:24:59.896+0200] {logging_mixin.py:150} INFO - [2023-08-14T10:24:59.895+0200] {dagbag.py:541} INFO - Filling up the DagBag from /home/akhilesh/py39/lib/python3.9/site-packages/airflow/example_dags/example_nested_branch_dag.py
[2023-08-14T10:24:59.908+0200] {processor.py:836} INFO - DAG(s) dict_keys(['example_nested_branch_dag']) retrieved from /home/akhilesh/py39/lib/python3.9/site-packages/airflow/example_dags/example_nested_branch_dag.py
[2023-08-14T10:24:59.927+0200] {logging_mixin.py:150} INFO - [2023-08-14T10:24:59.926+0200] {dag.py:2742} INFO - Sync 1 DAGs
[2023-08-14T10:25:00.121+0200] {logging_mixin.py:150} INFO - [2023-08-14T10:25:00.121+0200] {dag.py:3504} INFO - Setting next_dagrun for example_nested_branch_dag to 2023-08-13T00:00:00+00:00, run_after=2023-08-14T00:00:00+00:00
[2023-08-14T10:25:00.138+0200] {processor.py:179} INFO - Processing /home/akhilesh/py39/lib/python3.9/site-packages/airflow/example_dags/example_nested_branch_dag.py took 0.257 seconds
[2023-08-14T10:26:11.486+0200] {processor.py:157} INFO - Started process (PID=454237) to work on /home/akhilesh/py39/lib/python3.9/site-packages/airflow/example_dags/example_nested_branch_dag.py
[2023-08-14T10:26:11.495+0200] {processor.py:826} INFO - Processing file /home/akhilesh/py39/lib/python3.9/site-packages/airflow/example_dags/example_nested_branch_dag.py for tasks to queue
[2023-08-14T10:26:11.497+0200] {logging_mixin.py:150} INFO - [2023-08-14T10:26:11.496+0200] {dagbag.py:541} INFO - Filling up the DagBag from /home/akhilesh/py39/lib/python3.9/site-packages/airflow/example_dags/example_nested_branch_dag.py
[2023-08-14T10:26:11.509+0200] {processor.py:836} INFO - DAG(s) dict_keys(['example_nested_branch_dag']) retrieved from /home/akhilesh/py39/lib/python3.9/site-packages/airflow/example_dags/example_nested_branch_dag.py
[2023-08-14T10:26:11.529+0200] {logging_mixin.py:150} INFO - [2023-08-14T10:26:11.529+0200] {dag.py:2742} INFO - Sync 1 DAGs
[2023-08-14T10:26:11.545+0200] {logging_mixin.py:150} INFO - [2023-08-14T10:26:11.545+0200] {dag.py:3504} INFO - Setting next_dagrun for example_nested_branch_dag to 2023-08-13T00:00:00+00:00, run_after=2023-08-14T00:00:00+00:00
[2023-08-14T10:26:11.567+0200] {processor.py:179} INFO - Processing /home/akhilesh/py39/lib/python3.9/site-packages/airflow/example_dags/example_nested_branch_dag.py took 0.085 seconds
[2023-08-14T10:27:11.250+0200] {processor.py:157} INFO - Started process (PID=454606) to work on /home/akhilesh/py39/lib/python3.9/site-packages/airflow/example_dags/example_nested_branch_dag.py
[2023-08-14T10:27:11.259+0200] {processor.py:826} INFO - Processing file /home/akhilesh/py39/lib/python3.9/site-packages/airflow/example_dags/example_nested_branch_dag.py for tasks to queue
[2023-08-14T10:27:11.260+0200] {logging_mixin.py:150} INFO - [2023-08-14T10:27:11.260+0200] {dagbag.py:541} INFO - Filling up the DagBag from /home/akhilesh/py39/lib/python3.9/site-packages/airflow/example_dags/example_nested_branch_dag.py
[2023-08-14T10:27:11.272+0200] {processor.py:836} INFO - DAG(s) dict_keys(['example_nested_branch_dag']) retrieved from /home/akhilesh/py39/lib/python3.9/site-packages/airflow/example_dags/example_nested_branch_dag.py
[2023-08-14T10:27:11.291+0200] {logging_mixin.py:150} INFO - [2023-08-14T10:27:11.291+0200] {dag.py:2742} INFO - Sync 1 DAGs
[2023-08-14T10:27:11.309+0200] {logging_mixin.py:150} INFO - [2023-08-14T10:27:11.308+0200] {dag.py:3504} INFO - Setting next_dagrun for example_nested_branch_dag to 2023-08-13T00:00:00+00:00, run_after=2023-08-14T00:00:00+00:00
[2023-08-14T10:27:11.332+0200] {processor.py:179} INFO - Processing /home/akhilesh/py39/lib/python3.9/site-packages/airflow/example_dags/example_nested_branch_dag.py took 0.086 seconds
[2023-08-14T10:28:08.004+0200] {processor.py:157} INFO - Started process (PID=454924) to work on /home/akhilesh/py39/lib/python3.9/site-packages/airflow/example_dags/example_nested_branch_dag.py
[2023-08-14T10:28:08.013+0200] {processor.py:826} INFO - Processing file /home/akhilesh/py39/lib/python3.9/site-packages/airflow/example_dags/example_nested_branch_dag.py for tasks to queue
[2023-08-14T10:28:08.014+0200] {logging_mixin.py:150} INFO - [2023-08-14T10:28:08.013+0200] {dagbag.py:541} INFO - Filling up the DagBag from /home/akhilesh/py39/lib/python3.9/site-packages/airflow/example_dags/example_nested_branch_dag.py
[2023-08-14T10:28:08.025+0200] {processor.py:836} INFO - DAG(s) dict_keys(['example_nested_branch_dag']) retrieved from /home/akhilesh/py39/lib/python3.9/site-packages/airflow/example_dags/example_nested_branch_dag.py
[2023-08-14T10:28:08.038+0200] {logging_mixin.py:150} INFO - [2023-08-14T10:28:08.037+0200] {dag.py:2742} INFO - Sync 1 DAGs
[2023-08-14T10:28:08.136+0200] {logging_mixin.py:150} INFO - [2023-08-14T10:28:08.136+0200] {dag.py:3504} INFO - Setting next_dagrun for example_nested_branch_dag to 2023-08-13T00:00:00+00:00, run_after=2023-08-14T00:00:00+00:00
[2023-08-14T10:28:08.163+0200] {processor.py:179} INFO - Processing /home/akhilesh/py39/lib/python3.9/site-packages/airflow/example_dags/example_nested_branch_dag.py took 0.162 seconds
[2023-08-14T10:29:11.024+0200] {processor.py:157} INFO - Started process (PID=455155) to work on /home/akhilesh/py39/lib/python3.9/site-packages/airflow/example_dags/example_nested_branch_dag.py
[2023-08-14T10:29:11.025+0200] {processor.py:826} INFO - Processing file /home/akhilesh/py39/lib/python3.9/site-packages/airflow/example_dags/example_nested_branch_dag.py for tasks to queue
[2023-08-14T10:29:11.026+0200] {logging_mixin.py:150} INFO - [2023-08-14T10:29:11.026+0200] {dagbag.py:541} INFO - Filling up the DagBag from /home/akhilesh/py39/lib/python3.9/site-packages/airflow/example_dags/example_nested_branch_dag.py
[2023-08-14T10:29:11.034+0200] {processor.py:836} INFO - DAG(s) dict_keys(['example_nested_branch_dag']) retrieved from /home/akhilesh/py39/lib/python3.9/site-packages/airflow/example_dags/example_nested_branch_dag.py
[2023-08-14T10:29:11.049+0200] {logging_mixin.py:150} INFO - [2023-08-14T10:29:11.049+0200] {dag.py:2742} INFO - Sync 1 DAGs
[2023-08-14T10:29:11.067+0200] {logging_mixin.py:150} INFO - [2023-08-14T10:29:11.067+0200] {dag.py:3504} INFO - Setting next_dagrun for example_nested_branch_dag to 2023-08-13T00:00:00+00:00, run_after=2023-08-14T00:00:00+00:00
[2023-08-14T10:29:11.086+0200] {processor.py:179} INFO - Processing /home/akhilesh/py39/lib/python3.9/site-packages/airflow/example_dags/example_nested_branch_dag.py took 0.066 seconds
[2023-08-14T10:30:25.171+0200] {processor.py:157} INFO - Started process (PID=455338) to work on /home/akhilesh/py39/lib/python3.9/site-packages/airflow/example_dags/example_nested_branch_dag.py
[2023-08-14T10:30:25.180+0200] {processor.py:826} INFO - Processing file /home/akhilesh/py39/lib/python3.9/site-packages/airflow/example_dags/example_nested_branch_dag.py for tasks to queue
[2023-08-14T10:30:25.182+0200] {logging_mixin.py:150} INFO - [2023-08-14T10:30:25.181+0200] {dagbag.py:541} INFO - Filling up the DagBag from /home/akhilesh/py39/lib/python3.9/site-packages/airflow/example_dags/example_nested_branch_dag.py
[2023-08-14T10:30:25.304+0200] {processor.py:836} INFO - DAG(s) dict_keys(['example_nested_branch_dag']) retrieved from /home/akhilesh/py39/lib/python3.9/site-packages/airflow/example_dags/example_nested_branch_dag.py
[2023-08-14T10:30:25.316+0200] {logging_mixin.py:150} INFO - [2023-08-14T10:30:25.316+0200] {dag.py:2742} INFO - Sync 1 DAGs
[2023-08-14T10:30:25.330+0200] {logging_mixin.py:150} INFO - [2023-08-14T10:30:25.330+0200] {dag.py:3504} INFO - Setting next_dagrun for example_nested_branch_dag to 2023-08-13T00:00:00+00:00, run_after=2023-08-14T00:00:00+00:00
[2023-08-14T10:30:25.361+0200] {processor.py:179} INFO - Processing /home/akhilesh/py39/lib/python3.9/site-packages/airflow/example_dags/example_nested_branch_dag.py took 0.193 seconds
[2023-08-14T10:31:23.856+0200] {processor.py:157} INFO - Started process (PID=455511) to work on /home/akhilesh/py39/lib/python3.9/site-packages/airflow/example_dags/example_nested_branch_dag.py
[2023-08-14T10:31:23.866+0200] {processor.py:826} INFO - Processing file /home/akhilesh/py39/lib/python3.9/site-packages/airflow/example_dags/example_nested_branch_dag.py for tasks to queue
[2023-08-14T10:31:23.868+0200] {logging_mixin.py:150} INFO - [2023-08-14T10:31:23.867+0200] {dagbag.py:541} INFO - Filling up the DagBag from /home/akhilesh/py39/lib/python3.9/site-packages/airflow/example_dags/example_nested_branch_dag.py
[2023-08-14T10:31:23.884+0200] {processor.py:836} INFO - DAG(s) dict_keys(['example_nested_branch_dag']) retrieved from /home/akhilesh/py39/lib/python3.9/site-packages/airflow/example_dags/example_nested_branch_dag.py
[2023-08-14T10:31:23.912+0200] {logging_mixin.py:150} INFO - [2023-08-14T10:31:23.911+0200] {dag.py:2742} INFO - Sync 1 DAGs
[2023-08-14T10:31:23.933+0200] {logging_mixin.py:150} INFO - [2023-08-14T10:31:23.933+0200] {dag.py:3504} INFO - Setting next_dagrun for example_nested_branch_dag to 2023-08-13T00:00:00+00:00, run_after=2023-08-14T00:00:00+00:00
[2023-08-14T10:31:23.959+0200] {processor.py:179} INFO - Processing /home/akhilesh/py39/lib/python3.9/site-packages/airflow/example_dags/example_nested_branch_dag.py took 0.108 seconds
[2023-08-14T10:32:12.501+0200] {processor.py:157} INFO - Started process (PID=455748) to work on /home/akhilesh/py39/lib/python3.9/site-packages/airflow/example_dags/example_nested_branch_dag.py
[2023-08-14T10:32:12.511+0200] {processor.py:826} INFO - Processing file /home/akhilesh/py39/lib/python3.9/site-packages/airflow/example_dags/example_nested_branch_dag.py for tasks to queue
[2023-08-14T10:32:12.512+0200] {logging_mixin.py:150} INFO - [2023-08-14T10:32:12.512+0200] {dagbag.py:541} INFO - Filling up the DagBag from /home/akhilesh/py39/lib/python3.9/site-packages/airflow/example_dags/example_nested_branch_dag.py
[2023-08-14T10:32:12.526+0200] {processor.py:836} INFO - DAG(s) dict_keys(['example_nested_branch_dag']) retrieved from /home/akhilesh/py39/lib/python3.9/site-packages/airflow/example_dags/example_nested_branch_dag.py
[2023-08-14T10:32:12.543+0200] {logging_mixin.py:150} INFO - [2023-08-14T10:32:12.543+0200] {dag.py:2742} INFO - Sync 1 DAGs
[2023-08-14T10:32:12.560+0200] {logging_mixin.py:150} INFO - [2023-08-14T10:32:12.560+0200] {dag.py:3504} INFO - Setting next_dagrun for example_nested_branch_dag to 2023-08-13T00:00:00+00:00, run_after=2023-08-14T00:00:00+00:00
[2023-08-14T10:32:12.583+0200] {processor.py:179} INFO - Processing /home/akhilesh/py39/lib/python3.9/site-packages/airflow/example_dags/example_nested_branch_dag.py took 0.086 seconds
[2023-08-14T10:33:02.195+0200] {processor.py:157} INFO - Started process (PID=455943) to work on /home/akhilesh/py39/lib/python3.9/site-packages/airflow/example_dags/example_nested_branch_dag.py
[2023-08-14T10:33:02.204+0200] {processor.py:826} INFO - Processing file /home/akhilesh/py39/lib/python3.9/site-packages/airflow/example_dags/example_nested_branch_dag.py for tasks to queue
[2023-08-14T10:33:02.206+0200] {logging_mixin.py:150} INFO - [2023-08-14T10:33:02.205+0200] {dagbag.py:541} INFO - Filling up the DagBag from /home/akhilesh/py39/lib/python3.9/site-packages/airflow/example_dags/example_nested_branch_dag.py
[2023-08-14T10:33:02.220+0200] {processor.py:836} INFO - DAG(s) dict_keys(['example_nested_branch_dag']) retrieved from /home/akhilesh/py39/lib/python3.9/site-packages/airflow/example_dags/example_nested_branch_dag.py
[2023-08-14T10:33:02.239+0200] {logging_mixin.py:150} INFO - [2023-08-14T10:33:02.239+0200] {dag.py:2742} INFO - Sync 1 DAGs
[2023-08-14T10:33:02.259+0200] {logging_mixin.py:150} INFO - [2023-08-14T10:33:02.259+0200] {dag.py:3504} INFO - Setting next_dagrun for example_nested_branch_dag to 2023-08-13T00:00:00+00:00, run_after=2023-08-14T00:00:00+00:00
[2023-08-14T10:33:02.279+0200] {processor.py:179} INFO - Processing /home/akhilesh/py39/lib/python3.9/site-packages/airflow/example_dags/example_nested_branch_dag.py took 0.088 seconds
[2023-08-14T10:33:56.168+0200] {processor.py:157} INFO - Started process (PID=456074) to work on /home/akhilesh/py39/lib/python3.9/site-packages/airflow/example_dags/example_nested_branch_dag.py
[2023-08-14T10:33:56.177+0200] {processor.py:826} INFO - Processing file /home/akhilesh/py39/lib/python3.9/site-packages/airflow/example_dags/example_nested_branch_dag.py for tasks to queue
[2023-08-14T10:33:56.178+0200] {logging_mixin.py:150} INFO - [2023-08-14T10:33:56.177+0200] {dagbag.py:541} INFO - Filling up the DagBag from /home/akhilesh/py39/lib/python3.9/site-packages/airflow/example_dags/example_nested_branch_dag.py
[2023-08-14T10:33:56.191+0200] {processor.py:836} INFO - DAG(s) dict_keys(['example_nested_branch_dag']) retrieved from /home/akhilesh/py39/lib/python3.9/site-packages/airflow/example_dags/example_nested_branch_dag.py
[2023-08-14T10:33:56.209+0200] {logging_mixin.py:150} INFO - [2023-08-14T10:33:56.209+0200] {dag.py:2742} INFO - Sync 1 DAGs
[2023-08-14T10:33:56.225+0200] {logging_mixin.py:150} INFO - [2023-08-14T10:33:56.225+0200] {dag.py:3504} INFO - Setting next_dagrun for example_nested_branch_dag to 2023-08-13T00:00:00+00:00, run_after=2023-08-14T00:00:00+00:00
[2023-08-14T10:33:56.250+0200] {processor.py:179} INFO - Processing /home/akhilesh/py39/lib/python3.9/site-packages/airflow/example_dags/example_nested_branch_dag.py took 0.086 seconds
[2023-08-14T10:34:49.609+0200] {processor.py:157} INFO - Started process (PID=456204) to work on /home/akhilesh/py39/lib/python3.9/site-packages/airflow/example_dags/example_nested_branch_dag.py
[2023-08-14T10:34:49.618+0200] {processor.py:826} INFO - Processing file /home/akhilesh/py39/lib/python3.9/site-packages/airflow/example_dags/example_nested_branch_dag.py for tasks to queue
[2023-08-14T10:34:49.619+0200] {logging_mixin.py:150} INFO - [2023-08-14T10:34:49.619+0200] {dagbag.py:541} INFO - Filling up the DagBag from /home/akhilesh/py39/lib/python3.9/site-packages/airflow/example_dags/example_nested_branch_dag.py
[2023-08-14T10:34:49.632+0200] {processor.py:836} INFO - DAG(s) dict_keys(['example_nested_branch_dag']) retrieved from /home/akhilesh/py39/lib/python3.9/site-packages/airflow/example_dags/example_nested_branch_dag.py
[2023-08-14T10:34:49.647+0200] {logging_mixin.py:150} INFO - [2023-08-14T10:34:49.647+0200] {dag.py:2742} INFO - Sync 1 DAGs
[2023-08-14T10:34:49.663+0200] {logging_mixin.py:150} INFO - [2023-08-14T10:34:49.663+0200] {dag.py:3504} INFO - Setting next_dagrun for example_nested_branch_dag to 2023-08-13T00:00:00+00:00, run_after=2023-08-14T00:00:00+00:00
[2023-08-14T10:34:49.688+0200] {processor.py:179} INFO - Processing /home/akhilesh/py39/lib/python3.9/site-packages/airflow/example_dags/example_nested_branch_dag.py took 0.083 seconds
[2023-08-14T10:35:42.428+0200] {processor.py:157} INFO - Started process (PID=456363) to work on /home/akhilesh/py39/lib/python3.9/site-packages/airflow/example_dags/example_nested_branch_dag.py
[2023-08-14T10:35:42.437+0200] {processor.py:826} INFO - Processing file /home/akhilesh/py39/lib/python3.9/site-packages/airflow/example_dags/example_nested_branch_dag.py for tasks to queue
[2023-08-14T10:35:42.439+0200] {logging_mixin.py:150} INFO - [2023-08-14T10:35:42.438+0200] {dagbag.py:541} INFO - Filling up the DagBag from /home/akhilesh/py39/lib/python3.9/site-packages/airflow/example_dags/example_nested_branch_dag.py
[2023-08-14T10:35:42.451+0200] {processor.py:836} INFO - DAG(s) dict_keys(['example_nested_branch_dag']) retrieved from /home/akhilesh/py39/lib/python3.9/site-packages/airflow/example_dags/example_nested_branch_dag.py
[2023-08-14T10:35:42.469+0200] {logging_mixin.py:150} INFO - [2023-08-14T10:35:42.469+0200] {dag.py:2742} INFO - Sync 1 DAGs
[2023-08-14T10:35:42.484+0200] {logging_mixin.py:150} INFO - [2023-08-14T10:35:42.484+0200] {dag.py:3504} INFO - Setting next_dagrun for example_nested_branch_dag to 2023-08-13T00:00:00+00:00, run_after=2023-08-14T00:00:00+00:00
[2023-08-14T10:35:42.507+0200] {processor.py:179} INFO - Processing /home/akhilesh/py39/lib/python3.9/site-packages/airflow/example_dags/example_nested_branch_dag.py took 0.082 seconds
[2023-08-14T10:36:33.338+0200] {processor.py:157} INFO - Started process (PID=456510) to work on /home/akhilesh/py39/lib/python3.9/site-packages/airflow/example_dags/example_nested_branch_dag.py
[2023-08-14T10:36:33.340+0200] {processor.py:826} INFO - Processing file /home/akhilesh/py39/lib/python3.9/site-packages/airflow/example_dags/example_nested_branch_dag.py for tasks to queue
[2023-08-14T10:36:33.340+0200] {logging_mixin.py:150} INFO - [2023-08-14T10:36:33.340+0200] {dagbag.py:541} INFO - Filling up the DagBag from /home/akhilesh/py39/lib/python3.9/site-packages/airflow/example_dags/example_nested_branch_dag.py
[2023-08-14T10:36:33.347+0200] {processor.py:836} INFO - DAG(s) dict_keys(['example_nested_branch_dag']) retrieved from /home/akhilesh/py39/lib/python3.9/site-packages/airflow/example_dags/example_nested_branch_dag.py
[2023-08-14T10:36:33.361+0200] {logging_mixin.py:150} INFO - [2023-08-14T10:36:33.361+0200] {dag.py:2742} INFO - Sync 1 DAGs
[2023-08-14T10:36:33.376+0200] {logging_mixin.py:150} INFO - [2023-08-14T10:36:33.375+0200] {dag.py:3504} INFO - Setting next_dagrun for example_nested_branch_dag to 2023-08-13T00:00:00+00:00, run_after=2023-08-14T00:00:00+00:00
[2023-08-14T10:36:33.398+0200] {processor.py:179} INFO - Processing /home/akhilesh/py39/lib/python3.9/site-packages/airflow/example_dags/example_nested_branch_dag.py took 0.063 seconds
[2023-08-14T10:37:22.688+0200] {processor.py:157} INFO - Started process (PID=456637) to work on /home/akhilesh/py39/lib/python3.9/site-packages/airflow/example_dags/example_nested_branch_dag.py
[2023-08-14T10:37:22.697+0200] {processor.py:826} INFO - Processing file /home/akhilesh/py39/lib/python3.9/site-packages/airflow/example_dags/example_nested_branch_dag.py for tasks to queue
[2023-08-14T10:37:22.699+0200] {logging_mixin.py:150} INFO - [2023-08-14T10:37:22.698+0200] {dagbag.py:541} INFO - Filling up the DagBag from /home/akhilesh/py39/lib/python3.9/site-packages/airflow/example_dags/example_nested_branch_dag.py
[2023-08-14T10:37:22.707+0200] {processor.py:836} INFO - DAG(s) dict_keys(['example_nested_branch_dag']) retrieved from /home/akhilesh/py39/lib/python3.9/site-packages/airflow/example_dags/example_nested_branch_dag.py
[2023-08-14T10:37:22.720+0200] {logging_mixin.py:150} INFO - [2023-08-14T10:37:22.720+0200] {dag.py:2742} INFO - Sync 1 DAGs
[2023-08-14T10:37:22.735+0200] {logging_mixin.py:150} INFO - [2023-08-14T10:37:22.735+0200] {dag.py:3504} INFO - Setting next_dagrun for example_nested_branch_dag to 2023-08-13T00:00:00+00:00, run_after=2023-08-14T00:00:00+00:00
[2023-08-14T10:37:22.756+0200] {processor.py:179} INFO - Processing /home/akhilesh/py39/lib/python3.9/site-packages/airflow/example_dags/example_nested_branch_dag.py took 0.072 seconds
[2023-08-14T10:38:12.386+0200] {processor.py:157} INFO - Started process (PID=456760) to work on /home/akhilesh/py39/lib/python3.9/site-packages/airflow/example_dags/example_nested_branch_dag.py
[2023-08-14T10:38:12.395+0200] {processor.py:826} INFO - Processing file /home/akhilesh/py39/lib/python3.9/site-packages/airflow/example_dags/example_nested_branch_dag.py for tasks to queue
[2023-08-14T10:38:12.397+0200] {logging_mixin.py:150} INFO - [2023-08-14T10:38:12.397+0200] {dagbag.py:541} INFO - Filling up the DagBag from /home/akhilesh/py39/lib/python3.9/site-packages/airflow/example_dags/example_nested_branch_dag.py
[2023-08-14T10:38:12.409+0200] {processor.py:836} INFO - DAG(s) dict_keys(['example_nested_branch_dag']) retrieved from /home/akhilesh/py39/lib/python3.9/site-packages/airflow/example_dags/example_nested_branch_dag.py
[2023-08-14T10:38:12.426+0200] {logging_mixin.py:150} INFO - [2023-08-14T10:38:12.426+0200] {dag.py:2742} INFO - Sync 1 DAGs
[2023-08-14T10:38:12.445+0200] {logging_mixin.py:150} INFO - [2023-08-14T10:38:12.445+0200] {dag.py:3504} INFO - Setting next_dagrun for example_nested_branch_dag to 2023-08-13T00:00:00+00:00, run_after=2023-08-14T00:00:00+00:00
[2023-08-14T10:38:12.466+0200] {processor.py:179} INFO - Processing /home/akhilesh/py39/lib/python3.9/site-packages/airflow/example_dags/example_nested_branch_dag.py took 0.084 seconds
[2023-08-14T10:39:02.932+0200] {processor.py:157} INFO - Started process (PID=456891) to work on /home/akhilesh/py39/lib/python3.9/site-packages/airflow/example_dags/example_nested_branch_dag.py
[2023-08-14T10:39:02.941+0200] {processor.py:826} INFO - Processing file /home/akhilesh/py39/lib/python3.9/site-packages/airflow/example_dags/example_nested_branch_dag.py for tasks to queue
[2023-08-14T10:39:02.942+0200] {logging_mixin.py:150} INFO - [2023-08-14T10:39:02.941+0200] {dagbag.py:541} INFO - Filling up the DagBag from /home/akhilesh/py39/lib/python3.9/site-packages/airflow/example_dags/example_nested_branch_dag.py
[2023-08-14T10:39:02.954+0200] {processor.py:836} INFO - DAG(s) dict_keys(['example_nested_branch_dag']) retrieved from /home/akhilesh/py39/lib/python3.9/site-packages/airflow/example_dags/example_nested_branch_dag.py
[2023-08-14T10:39:02.967+0200] {logging_mixin.py:150} INFO - [2023-08-14T10:39:02.966+0200] {dag.py:2742} INFO - Sync 1 DAGs
[2023-08-14T10:39:02.980+0200] {logging_mixin.py:150} INFO - [2023-08-14T10:39:02.980+0200] {dag.py:3504} INFO - Setting next_dagrun for example_nested_branch_dag to 2023-08-13T00:00:00+00:00, run_after=2023-08-14T00:00:00+00:00
[2023-08-14T10:39:03.010+0200] {processor.py:179} INFO - Processing /home/akhilesh/py39/lib/python3.9/site-packages/airflow/example_dags/example_nested_branch_dag.py took 0.082 seconds
[2023-08-14T10:40:13.809+0200] {processor.py:157} INFO - Started process (PID=457367) to work on /home/akhilesh/py39/lib/python3.9/site-packages/airflow/example_dags/example_nested_branch_dag.py
[2023-08-14T10:40:13.818+0200] {processor.py:826} INFO - Processing file /home/akhilesh/py39/lib/python3.9/site-packages/airflow/example_dags/example_nested_branch_dag.py for tasks to queue
[2023-08-14T10:40:13.819+0200] {logging_mixin.py:150} INFO - [2023-08-14T10:40:13.819+0200] {dagbag.py:541} INFO - Filling up the DagBag from /home/akhilesh/py39/lib/python3.9/site-packages/airflow/example_dags/example_nested_branch_dag.py
[2023-08-14T10:40:13.831+0200] {processor.py:836} INFO - DAG(s) dict_keys(['example_nested_branch_dag']) retrieved from /home/akhilesh/py39/lib/python3.9/site-packages/airflow/example_dags/example_nested_branch_dag.py
[2023-08-14T10:40:13.848+0200] {logging_mixin.py:150} INFO - [2023-08-14T10:40:13.847+0200] {dag.py:2742} INFO - Sync 1 DAGs
[2023-08-14T10:40:13.863+0200] {logging_mixin.py:150} INFO - [2023-08-14T10:40:13.863+0200] {dag.py:3504} INFO - Setting next_dagrun for example_nested_branch_dag to 2023-08-13T00:00:00+00:00, run_after=2023-08-14T00:00:00+00:00
[2023-08-14T10:40:13.896+0200] {processor.py:179} INFO - Processing /home/akhilesh/py39/lib/python3.9/site-packages/airflow/example_dags/example_nested_branch_dag.py took 0.089 seconds
[2023-08-14T10:41:55.252+0200] {processor.py:157} INFO - Started process (PID=457648) to work on /home/akhilesh/py39/lib/python3.9/site-packages/airflow/example_dags/example_nested_branch_dag.py
[2023-08-14T10:41:55.261+0200] {processor.py:826} INFO - Processing file /home/akhilesh/py39/lib/python3.9/site-packages/airflow/example_dags/example_nested_branch_dag.py for tasks to queue
[2023-08-14T10:41:55.262+0200] {logging_mixin.py:150} INFO - [2023-08-14T10:41:55.262+0200] {dagbag.py:541} INFO - Filling up the DagBag from /home/akhilesh/py39/lib/python3.9/site-packages/airflow/example_dags/example_nested_branch_dag.py
[2023-08-14T10:41:55.271+0200] {processor.py:836} INFO - DAG(s) dict_keys(['example_nested_branch_dag']) retrieved from /home/akhilesh/py39/lib/python3.9/site-packages/airflow/example_dags/example_nested_branch_dag.py
[2023-08-14T10:41:55.287+0200] {logging_mixin.py:150} INFO - [2023-08-14T10:41:55.287+0200] {dag.py:2742} INFO - Sync 1 DAGs
[2023-08-14T10:41:55.301+0200] {logging_mixin.py:150} INFO - [2023-08-14T10:41:55.301+0200] {dag.py:3504} INFO - Setting next_dagrun for example_nested_branch_dag to 2023-08-13T00:00:00+00:00, run_after=2023-08-14T00:00:00+00:00
[2023-08-14T10:41:55.325+0200] {processor.py:179} INFO - Processing /home/akhilesh/py39/lib/python3.9/site-packages/airflow/example_dags/example_nested_branch_dag.py took 0.078 seconds
[2023-08-14T10:44:46.849+0200] {processor.py:157} INFO - Started process (PID=458343) to work on /home/akhilesh/py39/lib/python3.9/site-packages/airflow/example_dags/example_nested_branch_dag.py
[2023-08-14T10:44:46.858+0200] {processor.py:826} INFO - Processing file /home/akhilesh/py39/lib/python3.9/site-packages/airflow/example_dags/example_nested_branch_dag.py for tasks to queue
[2023-08-14T10:44:46.859+0200] {logging_mixin.py:150} INFO - [2023-08-14T10:44:46.858+0200] {dagbag.py:541} INFO - Filling up the DagBag from /home/akhilesh/py39/lib/python3.9/site-packages/airflow/example_dags/example_nested_branch_dag.py
[2023-08-14T10:44:46.870+0200] {processor.py:836} INFO - DAG(s) dict_keys(['example_nested_branch_dag']) retrieved from /home/akhilesh/py39/lib/python3.9/site-packages/airflow/example_dags/example_nested_branch_dag.py
[2023-08-14T10:44:46.885+0200] {logging_mixin.py:150} INFO - [2023-08-14T10:44:46.884+0200] {dag.py:2742} INFO - Sync 1 DAGs
[2023-08-14T10:44:46.898+0200] {logging_mixin.py:150} INFO - [2023-08-14T10:44:46.898+0200] {dag.py:3504} INFO - Setting next_dagrun for example_nested_branch_dag to 2023-08-13T00:00:00+00:00, run_after=2023-08-14T00:00:00+00:00
[2023-08-14T10:44:46.919+0200] {processor.py:179} INFO - Processing /home/akhilesh/py39/lib/python3.9/site-packages/airflow/example_dags/example_nested_branch_dag.py took 0.075 seconds
[2023-08-14T10:45:35.132+0200] {processor.py:157} INFO - Started process (PID=458524) to work on /home/akhilesh/py39/lib/python3.9/site-packages/airflow/example_dags/example_nested_branch_dag.py
[2023-08-14T10:45:35.142+0200] {processor.py:826} INFO - Processing file /home/akhilesh/py39/lib/python3.9/site-packages/airflow/example_dags/example_nested_branch_dag.py for tasks to queue
[2023-08-14T10:45:35.143+0200] {logging_mixin.py:150} INFO - [2023-08-14T10:45:35.143+0200] {dagbag.py:541} INFO - Filling up the DagBag from /home/akhilesh/py39/lib/python3.9/site-packages/airflow/example_dags/example_nested_branch_dag.py
[2023-08-14T10:45:35.154+0200] {processor.py:836} INFO - DAG(s) dict_keys(['example_nested_branch_dag']) retrieved from /home/akhilesh/py39/lib/python3.9/site-packages/airflow/example_dags/example_nested_branch_dag.py
[2023-08-14T10:45:35.175+0200] {logging_mixin.py:150} INFO - [2023-08-14T10:45:35.175+0200] {dag.py:2742} INFO - Sync 1 DAGs
[2023-08-14T10:45:35.194+0200] {logging_mixin.py:150} INFO - [2023-08-14T10:45:35.194+0200] {dag.py:3504} INFO - Setting next_dagrun for example_nested_branch_dag to 2023-08-13T00:00:00+00:00, run_after=2023-08-14T00:00:00+00:00
[2023-08-14T10:45:35.219+0200] {processor.py:179} INFO - Processing /home/akhilesh/py39/lib/python3.9/site-packages/airflow/example_dags/example_nested_branch_dag.py took 0.091 seconds
[2023-08-14T10:46:22.944+0200] {processor.py:157} INFO - Started process (PID=458811) to work on /home/akhilesh/py39/lib/python3.9/site-packages/airflow/example_dags/example_nested_branch_dag.py
[2023-08-14T10:46:22.953+0200] {processor.py:826} INFO - Processing file /home/akhilesh/py39/lib/python3.9/site-packages/airflow/example_dags/example_nested_branch_dag.py for tasks to queue
[2023-08-14T10:46:22.954+0200] {logging_mixin.py:150} INFO - [2023-08-14T10:46:22.954+0200] {dagbag.py:541} INFO - Filling up the DagBag from /home/akhilesh/py39/lib/python3.9/site-packages/airflow/example_dags/example_nested_branch_dag.py
[2023-08-14T10:46:22.968+0200] {processor.py:836} INFO - DAG(s) dict_keys(['example_nested_branch_dag']) retrieved from /home/akhilesh/py39/lib/python3.9/site-packages/airflow/example_dags/example_nested_branch_dag.py
[2023-08-14T10:46:22.985+0200] {logging_mixin.py:150} INFO - [2023-08-14T10:46:22.984+0200] {dag.py:2742} INFO - Sync 1 DAGs
[2023-08-14T10:46:22.998+0200] {logging_mixin.py:150} INFO - [2023-08-14T10:46:22.998+0200] {dag.py:3504} INFO - Setting next_dagrun for example_nested_branch_dag to 2023-08-13T00:00:00+00:00, run_after=2023-08-14T00:00:00+00:00
[2023-08-14T10:46:23.021+0200] {processor.py:179} INFO - Processing /home/akhilesh/py39/lib/python3.9/site-packages/airflow/example_dags/example_nested_branch_dag.py took 0.081 seconds
[2023-08-14T10:47:15.789+0200] {processor.py:157} INFO - Started process (PID=458968) to work on /home/akhilesh/py39/lib/python3.9/site-packages/airflow/example_dags/example_nested_branch_dag.py
[2023-08-14T10:47:15.791+0200] {processor.py:826} INFO - Processing file /home/akhilesh/py39/lib/python3.9/site-packages/airflow/example_dags/example_nested_branch_dag.py for tasks to queue
[2023-08-14T10:47:15.792+0200] {logging_mixin.py:150} INFO - [2023-08-14T10:47:15.792+0200] {dagbag.py:541} INFO - Filling up the DagBag from /home/akhilesh/py39/lib/python3.9/site-packages/airflow/example_dags/example_nested_branch_dag.py
[2023-08-14T10:47:15.804+0200] {processor.py:836} INFO - DAG(s) dict_keys(['example_nested_branch_dag']) retrieved from /home/akhilesh/py39/lib/python3.9/site-packages/airflow/example_dags/example_nested_branch_dag.py
[2023-08-14T10:47:15.818+0200] {logging_mixin.py:150} INFO - [2023-08-14T10:47:15.818+0200] {dag.py:2742} INFO - Sync 1 DAGs
[2023-08-14T10:47:15.832+0200] {logging_mixin.py:150} INFO - [2023-08-14T10:47:15.831+0200] {dag.py:3504} INFO - Setting next_dagrun for example_nested_branch_dag to 2023-08-13T00:00:00+00:00, run_after=2023-08-14T00:00:00+00:00
[2023-08-14T10:47:15.856+0200] {processor.py:179} INFO - Processing /home/akhilesh/py39/lib/python3.9/site-packages/airflow/example_dags/example_nested_branch_dag.py took 0.071 seconds
[2023-08-14T10:48:10.145+0200] {processor.py:157} INFO - Started process (PID=459189) to work on /home/akhilesh/py39/lib/python3.9/site-packages/airflow/example_dags/example_nested_branch_dag.py
[2023-08-14T10:48:10.154+0200] {processor.py:826} INFO - Processing file /home/akhilesh/py39/lib/python3.9/site-packages/airflow/example_dags/example_nested_branch_dag.py for tasks to queue
[2023-08-14T10:48:10.155+0200] {logging_mixin.py:150} INFO - [2023-08-14T10:48:10.154+0200] {dagbag.py:541} INFO - Filling up the DagBag from /home/akhilesh/py39/lib/python3.9/site-packages/airflow/example_dags/example_nested_branch_dag.py
[2023-08-14T10:48:10.164+0200] {processor.py:836} INFO - DAG(s) dict_keys(['example_nested_branch_dag']) retrieved from /home/akhilesh/py39/lib/python3.9/site-packages/airflow/example_dags/example_nested_branch_dag.py
[2023-08-14T10:48:10.177+0200] {logging_mixin.py:150} INFO - [2023-08-14T10:48:10.176+0200] {dag.py:2742} INFO - Sync 1 DAGs
[2023-08-14T10:48:10.188+0200] {logging_mixin.py:150} INFO - [2023-08-14T10:48:10.187+0200] {dag.py:3504} INFO - Setting next_dagrun for example_nested_branch_dag to 2023-08-13T00:00:00+00:00, run_after=2023-08-14T00:00:00+00:00
[2023-08-14T10:48:10.208+0200] {processor.py:179} INFO - Processing /home/akhilesh/py39/lib/python3.9/site-packages/airflow/example_dags/example_nested_branch_dag.py took 0.066 seconds
[2023-08-14T10:49:05.801+0200] {processor.py:157} INFO - Started process (PID=459339) to work on /home/akhilesh/py39/lib/python3.9/site-packages/airflow/example_dags/example_nested_branch_dag.py
[2023-08-14T10:49:05.810+0200] {processor.py:826} INFO - Processing file /home/akhilesh/py39/lib/python3.9/site-packages/airflow/example_dags/example_nested_branch_dag.py for tasks to queue
[2023-08-14T10:49:05.811+0200] {logging_mixin.py:150} INFO - [2023-08-14T10:49:05.811+0200] {dagbag.py:541} INFO - Filling up the DagBag from /home/akhilesh/py39/lib/python3.9/site-packages/airflow/example_dags/example_nested_branch_dag.py
[2023-08-14T10:49:05.823+0200] {processor.py:836} INFO - DAG(s) dict_keys(['example_nested_branch_dag']) retrieved from /home/akhilesh/py39/lib/python3.9/site-packages/airflow/example_dags/example_nested_branch_dag.py
[2023-08-14T10:49:05.839+0200] {logging_mixin.py:150} INFO - [2023-08-14T10:49:05.839+0200] {dag.py:2742} INFO - Sync 1 DAGs
[2023-08-14T10:49:05.853+0200] {logging_mixin.py:150} INFO - [2023-08-14T10:49:05.853+0200] {dag.py:3504} INFO - Setting next_dagrun for example_nested_branch_dag to 2023-08-13T00:00:00+00:00, run_after=2023-08-14T00:00:00+00:00
[2023-08-14T10:49:05.893+0200] {processor.py:179} INFO - Processing /home/akhilesh/py39/lib/python3.9/site-packages/airflow/example_dags/example_nested_branch_dag.py took 0.096 seconds
[2023-08-14T10:49:56.367+0200] {processor.py:157} INFO - Started process (PID=459497) to work on /home/akhilesh/py39/lib/python3.9/site-packages/airflow/example_dags/example_nested_branch_dag.py
[2023-08-14T10:49:56.368+0200] {processor.py:826} INFO - Processing file /home/akhilesh/py39/lib/python3.9/site-packages/airflow/example_dags/example_nested_branch_dag.py for tasks to queue
[2023-08-14T10:49:56.369+0200] {logging_mixin.py:150} INFO - [2023-08-14T10:49:56.369+0200] {dagbag.py:541} INFO - Filling up the DagBag from /home/akhilesh/py39/lib/python3.9/site-packages/airflow/example_dags/example_nested_branch_dag.py
[2023-08-14T10:49:56.375+0200] {processor.py:836} INFO - DAG(s) dict_keys(['example_nested_branch_dag']) retrieved from /home/akhilesh/py39/lib/python3.9/site-packages/airflow/example_dags/example_nested_branch_dag.py
[2023-08-14T10:49:56.390+0200] {logging_mixin.py:150} INFO - [2023-08-14T10:49:56.390+0200] {dag.py:2742} INFO - Sync 1 DAGs
[2023-08-14T10:49:56.405+0200] {logging_mixin.py:150} INFO - [2023-08-14T10:49:56.405+0200] {dag.py:3504} INFO - Setting next_dagrun for example_nested_branch_dag to 2023-08-13T00:00:00+00:00, run_after=2023-08-14T00:00:00+00:00
[2023-08-14T10:49:56.427+0200] {processor.py:179} INFO - Processing /home/akhilesh/py39/lib/python3.9/site-packages/airflow/example_dags/example_nested_branch_dag.py took 0.063 seconds
[2023-08-14T10:50:46.887+0200] {processor.py:157} INFO - Started process (PID=459724) to work on /home/akhilesh/py39/lib/python3.9/site-packages/airflow/example_dags/example_nested_branch_dag.py
[2023-08-14T10:50:46.889+0200] {processor.py:826} INFO - Processing file /home/akhilesh/py39/lib/python3.9/site-packages/airflow/example_dags/example_nested_branch_dag.py for tasks to queue
[2023-08-14T10:50:46.889+0200] {logging_mixin.py:150} INFO - [2023-08-14T10:50:46.889+0200] {dagbag.py:541} INFO - Filling up the DagBag from /home/akhilesh/py39/lib/python3.9/site-packages/airflow/example_dags/example_nested_branch_dag.py
[2023-08-14T10:50:46.896+0200] {processor.py:836} INFO - DAG(s) dict_keys(['example_nested_branch_dag']) retrieved from /home/akhilesh/py39/lib/python3.9/site-packages/airflow/example_dags/example_nested_branch_dag.py
[2023-08-14T10:50:46.912+0200] {logging_mixin.py:150} INFO - [2023-08-14T10:50:46.912+0200] {dag.py:2742} INFO - Sync 1 DAGs
[2023-08-14T10:50:46.927+0200] {logging_mixin.py:150} INFO - [2023-08-14T10:50:46.927+0200] {dag.py:3504} INFO - Setting next_dagrun for example_nested_branch_dag to 2023-08-13T00:00:00+00:00, run_after=2023-08-14T00:00:00+00:00
[2023-08-14T10:50:46.957+0200] {processor.py:179} INFO - Processing /home/akhilesh/py39/lib/python3.9/site-packages/airflow/example_dags/example_nested_branch_dag.py took 0.075 seconds
[2023-08-14T10:51:38.199+0200] {processor.py:157} INFO - Started process (PID=459854) to work on /home/akhilesh/py39/lib/python3.9/site-packages/airflow/example_dags/example_nested_branch_dag.py
[2023-08-14T10:51:38.208+0200] {processor.py:826} INFO - Processing file /home/akhilesh/py39/lib/python3.9/site-packages/airflow/example_dags/example_nested_branch_dag.py for tasks to queue
[2023-08-14T10:51:38.209+0200] {logging_mixin.py:150} INFO - [2023-08-14T10:51:38.209+0200] {dagbag.py:541} INFO - Filling up the DagBag from /home/akhilesh/py39/lib/python3.9/site-packages/airflow/example_dags/example_nested_branch_dag.py
[2023-08-14T10:51:38.222+0200] {processor.py:836} INFO - DAG(s) dict_keys(['example_nested_branch_dag']) retrieved from /home/akhilesh/py39/lib/python3.9/site-packages/airflow/example_dags/example_nested_branch_dag.py
[2023-08-14T10:51:38.241+0200] {logging_mixin.py:150} INFO - [2023-08-14T10:51:38.240+0200] {dag.py:2742} INFO - Sync 1 DAGs
[2023-08-14T10:51:38.255+0200] {logging_mixin.py:150} INFO - [2023-08-14T10:51:38.255+0200] {dag.py:3504} INFO - Setting next_dagrun for example_nested_branch_dag to 2023-08-13T00:00:00+00:00, run_after=2023-08-14T00:00:00+00:00
[2023-08-14T10:51:38.283+0200] {processor.py:179} INFO - Processing /home/akhilesh/py39/lib/python3.9/site-packages/airflow/example_dags/example_nested_branch_dag.py took 0.089 seconds
[2023-08-14T10:52:26.519+0200] {processor.py:157} INFO - Started process (PID=459961) to work on /home/akhilesh/py39/lib/python3.9/site-packages/airflow/example_dags/example_nested_branch_dag.py
[2023-08-14T10:52:26.528+0200] {processor.py:826} INFO - Processing file /home/akhilesh/py39/lib/python3.9/site-packages/airflow/example_dags/example_nested_branch_dag.py for tasks to queue
[2023-08-14T10:52:26.529+0200] {logging_mixin.py:150} INFO - [2023-08-14T10:52:26.528+0200] {dagbag.py:541} INFO - Filling up the DagBag from /home/akhilesh/py39/lib/python3.9/site-packages/airflow/example_dags/example_nested_branch_dag.py
[2023-08-14T10:52:26.539+0200] {processor.py:836} INFO - DAG(s) dict_keys(['example_nested_branch_dag']) retrieved from /home/akhilesh/py39/lib/python3.9/site-packages/airflow/example_dags/example_nested_branch_dag.py
[2023-08-14T10:52:26.557+0200] {logging_mixin.py:150} INFO - [2023-08-14T10:52:26.556+0200] {dag.py:2742} INFO - Sync 1 DAGs
[2023-08-14T10:52:26.571+0200] {logging_mixin.py:150} INFO - [2023-08-14T10:52:26.571+0200] {dag.py:3504} INFO - Setting next_dagrun for example_nested_branch_dag to 2023-08-13T00:00:00+00:00, run_after=2023-08-14T00:00:00+00:00
[2023-08-14T10:52:26.604+0200] {processor.py:179} INFO - Processing /home/akhilesh/py39/lib/python3.9/site-packages/airflow/example_dags/example_nested_branch_dag.py took 0.088 seconds
[2023-08-14T10:53:17.572+0200] {processor.py:157} INFO - Started process (PID=460168) to work on /home/akhilesh/py39/lib/python3.9/site-packages/airflow/example_dags/example_nested_branch_dag.py
[2023-08-14T10:53:17.581+0200] {processor.py:826} INFO - Processing file /home/akhilesh/py39/lib/python3.9/site-packages/airflow/example_dags/example_nested_branch_dag.py for tasks to queue
[2023-08-14T10:53:17.583+0200] {logging_mixin.py:150} INFO - [2023-08-14T10:53:17.582+0200] {dagbag.py:541} INFO - Filling up the DagBag from /home/akhilesh/py39/lib/python3.9/site-packages/airflow/example_dags/example_nested_branch_dag.py
[2023-08-14T10:53:17.593+0200] {processor.py:836} INFO - DAG(s) dict_keys(['example_nested_branch_dag']) retrieved from /home/akhilesh/py39/lib/python3.9/site-packages/airflow/example_dags/example_nested_branch_dag.py
[2023-08-14T10:53:17.608+0200] {logging_mixin.py:150} INFO - [2023-08-14T10:53:17.608+0200] {dag.py:2742} INFO - Sync 1 DAGs
[2023-08-14T10:53:17.622+0200] {logging_mixin.py:150} INFO - [2023-08-14T10:53:17.622+0200] {dag.py:3504} INFO - Setting next_dagrun for example_nested_branch_dag to 2023-08-13T00:00:00+00:00, run_after=2023-08-14T00:00:00+00:00
[2023-08-14T10:53:17.646+0200] {processor.py:179} INFO - Processing /home/akhilesh/py39/lib/python3.9/site-packages/airflow/example_dags/example_nested_branch_dag.py took 0.078 seconds
[2023-08-14T10:54:09.884+0200] {processor.py:157} INFO - Started process (PID=460359) to work on /home/akhilesh/py39/lib/python3.9/site-packages/airflow/example_dags/example_nested_branch_dag.py
[2023-08-14T10:54:09.885+0200] {processor.py:826} INFO - Processing file /home/akhilesh/py39/lib/python3.9/site-packages/airflow/example_dags/example_nested_branch_dag.py for tasks to queue
[2023-08-14T10:54:09.886+0200] {logging_mixin.py:150} INFO - [2023-08-14T10:54:09.886+0200] {dagbag.py:541} INFO - Filling up the DagBag from /home/akhilesh/py39/lib/python3.9/site-packages/airflow/example_dags/example_nested_branch_dag.py
[2023-08-14T10:54:09.896+0200] {processor.py:836} INFO - DAG(s) dict_keys(['example_nested_branch_dag']) retrieved from /home/akhilesh/py39/lib/python3.9/site-packages/airflow/example_dags/example_nested_branch_dag.py
[2023-08-14T10:54:09.911+0200] {logging_mixin.py:150} INFO - [2023-08-14T10:54:09.910+0200] {dag.py:2742} INFO - Sync 1 DAGs
[2023-08-14T10:54:09.924+0200] {logging_mixin.py:150} INFO - [2023-08-14T10:54:09.924+0200] {dag.py:3504} INFO - Setting next_dagrun for example_nested_branch_dag to 2023-08-13T00:00:00+00:00, run_after=2023-08-14T00:00:00+00:00
[2023-08-14T10:54:09.946+0200] {processor.py:179} INFO - Processing /home/akhilesh/py39/lib/python3.9/site-packages/airflow/example_dags/example_nested_branch_dag.py took 0.067 seconds
[2023-08-14T10:55:02.074+0200] {processor.py:157} INFO - Started process (PID=460531) to work on /home/akhilesh/py39/lib/python3.9/site-packages/airflow/example_dags/example_nested_branch_dag.py
[2023-08-14T10:55:02.083+0200] {processor.py:826} INFO - Processing file /home/akhilesh/py39/lib/python3.9/site-packages/airflow/example_dags/example_nested_branch_dag.py for tasks to queue
[2023-08-14T10:55:02.084+0200] {logging_mixin.py:150} INFO - [2023-08-14T10:55:02.084+0200] {dagbag.py:541} INFO - Filling up the DagBag from /home/akhilesh/py39/lib/python3.9/site-packages/airflow/example_dags/example_nested_branch_dag.py
[2023-08-14T10:55:02.096+0200] {processor.py:836} INFO - DAG(s) dict_keys(['example_nested_branch_dag']) retrieved from /home/akhilesh/py39/lib/python3.9/site-packages/airflow/example_dags/example_nested_branch_dag.py
[2023-08-14T10:55:02.111+0200] {logging_mixin.py:150} INFO - [2023-08-14T10:55:02.111+0200] {dag.py:2742} INFO - Sync 1 DAGs
[2023-08-14T10:55:02.124+0200] {logging_mixin.py:150} INFO - [2023-08-14T10:55:02.124+0200] {dag.py:3504} INFO - Setting next_dagrun for example_nested_branch_dag to 2023-08-13T00:00:00+00:00, run_after=2023-08-14T00:00:00+00:00
[2023-08-14T10:55:02.151+0200] {processor.py:179} INFO - Processing /home/akhilesh/py39/lib/python3.9/site-packages/airflow/example_dags/example_nested_branch_dag.py took 0.081 seconds
[2023-08-14T10:55:51.466+0200] {processor.py:157} INFO - Started process (PID=460677) to work on /home/akhilesh/py39/lib/python3.9/site-packages/airflow/example_dags/example_nested_branch_dag.py
[2023-08-14T10:55:51.475+0200] {processor.py:826} INFO - Processing file /home/akhilesh/py39/lib/python3.9/site-packages/airflow/example_dags/example_nested_branch_dag.py for tasks to queue
[2023-08-14T10:55:51.476+0200] {logging_mixin.py:150} INFO - [2023-08-14T10:55:51.476+0200] {dagbag.py:541} INFO - Filling up the DagBag from /home/akhilesh/py39/lib/python3.9/site-packages/airflow/example_dags/example_nested_branch_dag.py
[2023-08-14T10:55:51.488+0200] {processor.py:836} INFO - DAG(s) dict_keys(['example_nested_branch_dag']) retrieved from /home/akhilesh/py39/lib/python3.9/site-packages/airflow/example_dags/example_nested_branch_dag.py
[2023-08-14T10:55:51.502+0200] {logging_mixin.py:150} INFO - [2023-08-14T10:55:51.502+0200] {dag.py:2742} INFO - Sync 1 DAGs
[2023-08-14T10:55:51.515+0200] {logging_mixin.py:150} INFO - [2023-08-14T10:55:51.515+0200] {dag.py:3504} INFO - Setting next_dagrun for example_nested_branch_dag to 2023-08-13T00:00:00+00:00, run_after=2023-08-14T00:00:00+00:00
[2023-08-14T10:55:51.537+0200] {processor.py:179} INFO - Processing /home/akhilesh/py39/lib/python3.9/site-packages/airflow/example_dags/example_nested_branch_dag.py took 0.075 seconds
[2023-08-14T10:56:39.076+0200] {processor.py:157} INFO - Started process (PID=460884) to work on /home/akhilesh/py39/lib/python3.9/site-packages/airflow/example_dags/example_nested_branch_dag.py
[2023-08-14T10:56:39.085+0200] {processor.py:826} INFO - Processing file /home/akhilesh/py39/lib/python3.9/site-packages/airflow/example_dags/example_nested_branch_dag.py for tasks to queue
[2023-08-14T10:56:39.086+0200] {logging_mixin.py:150} INFO - [2023-08-14T10:56:39.086+0200] {dagbag.py:541} INFO - Filling up the DagBag from /home/akhilesh/py39/lib/python3.9/site-packages/airflow/example_dags/example_nested_branch_dag.py
[2023-08-14T10:56:39.098+0200] {processor.py:836} INFO - DAG(s) dict_keys(['example_nested_branch_dag']) retrieved from /home/akhilesh/py39/lib/python3.9/site-packages/airflow/example_dags/example_nested_branch_dag.py
[2023-08-14T10:56:39.113+0200] {logging_mixin.py:150} INFO - [2023-08-14T10:56:39.112+0200] {dag.py:2742} INFO - Sync 1 DAGs
[2023-08-14T10:56:39.125+0200] {logging_mixin.py:150} INFO - [2023-08-14T10:56:39.125+0200] {dag.py:3504} INFO - Setting next_dagrun for example_nested_branch_dag to 2023-08-13T00:00:00+00:00, run_after=2023-08-14T00:00:00+00:00
[2023-08-14T10:56:39.144+0200] {processor.py:179} INFO - Processing /home/akhilesh/py39/lib/python3.9/site-packages/airflow/example_dags/example_nested_branch_dag.py took 0.071 seconds
[2023-08-14T10:57:29.874+0200] {processor.py:157} INFO - Started process (PID=461012) to work on /home/akhilesh/py39/lib/python3.9/site-packages/airflow/example_dags/example_nested_branch_dag.py
[2023-08-14T10:57:29.884+0200] {processor.py:826} INFO - Processing file /home/akhilesh/py39/lib/python3.9/site-packages/airflow/example_dags/example_nested_branch_dag.py for tasks to queue
[2023-08-14T10:57:29.885+0200] {logging_mixin.py:150} INFO - [2023-08-14T10:57:29.885+0200] {dagbag.py:541} INFO - Filling up the DagBag from /home/akhilesh/py39/lib/python3.9/site-packages/airflow/example_dags/example_nested_branch_dag.py
[2023-08-14T10:57:29.896+0200] {processor.py:836} INFO - DAG(s) dict_keys(['example_nested_branch_dag']) retrieved from /home/akhilesh/py39/lib/python3.9/site-packages/airflow/example_dags/example_nested_branch_dag.py
[2023-08-14T10:57:29.915+0200] {logging_mixin.py:150} INFO - [2023-08-14T10:57:29.915+0200] {dag.py:2742} INFO - Sync 1 DAGs
[2023-08-14T10:57:29.930+0200] {logging_mixin.py:150} INFO - [2023-08-14T10:57:29.930+0200] {dag.py:3504} INFO - Setting next_dagrun for example_nested_branch_dag to 2023-08-13T00:00:00+00:00, run_after=2023-08-14T00:00:00+00:00
[2023-08-14T10:57:29.952+0200] {processor.py:179} INFO - Processing /home/akhilesh/py39/lib/python3.9/site-packages/airflow/example_dags/example_nested_branch_dag.py took 0.082 seconds
[2023-08-14T10:58:12.866+0200] {processor.py:157} INFO - Started process (PID=461240) to work on /home/akhilesh/py39/lib/python3.9/site-packages/airflow/example_dags/example_nested_branch_dag.py
[2023-08-14T10:58:12.875+0200] {processor.py:826} INFO - Processing file /home/akhilesh/py39/lib/python3.9/site-packages/airflow/example_dags/example_nested_branch_dag.py for tasks to queue
[2023-08-14T10:58:12.877+0200] {logging_mixin.py:150} INFO - [2023-08-14T10:58:12.876+0200] {dagbag.py:541} INFO - Filling up the DagBag from /home/akhilesh/py39/lib/python3.9/site-packages/airflow/example_dags/example_nested_branch_dag.py
[2023-08-14T10:58:12.888+0200] {processor.py:836} INFO - DAG(s) dict_keys(['example_nested_branch_dag']) retrieved from /home/akhilesh/py39/lib/python3.9/site-packages/airflow/example_dags/example_nested_branch_dag.py
[2023-08-14T10:58:12.907+0200] {logging_mixin.py:150} INFO - [2023-08-14T10:58:12.907+0200] {dag.py:2742} INFO - Sync 1 DAGs
[2023-08-14T10:58:12.921+0200] {logging_mixin.py:150} INFO - [2023-08-14T10:58:12.921+0200] {dag.py:3504} INFO - Setting next_dagrun for example_nested_branch_dag to 2023-08-13T00:00:00+00:00, run_after=2023-08-14T00:00:00+00:00
[2023-08-14T10:58:12.942+0200] {processor.py:179} INFO - Processing /home/akhilesh/py39/lib/python3.9/site-packages/airflow/example_dags/example_nested_branch_dag.py took 0.079 seconds
[2023-08-14T10:59:02.568+0200] {processor.py:157} INFO - Started process (PID=461399) to work on /home/akhilesh/py39/lib/python3.9/site-packages/airflow/example_dags/example_nested_branch_dag.py
[2023-08-14T10:59:02.577+0200] {processor.py:826} INFO - Processing file /home/akhilesh/py39/lib/python3.9/site-packages/airflow/example_dags/example_nested_branch_dag.py for tasks to queue
[2023-08-14T10:59:02.578+0200] {logging_mixin.py:150} INFO - [2023-08-14T10:59:02.578+0200] {dagbag.py:541} INFO - Filling up the DagBag from /home/akhilesh/py39/lib/python3.9/site-packages/airflow/example_dags/example_nested_branch_dag.py
[2023-08-14T10:59:02.590+0200] {processor.py:836} INFO - DAG(s) dict_keys(['example_nested_branch_dag']) retrieved from /home/akhilesh/py39/lib/python3.9/site-packages/airflow/example_dags/example_nested_branch_dag.py
[2023-08-14T10:59:02.606+0200] {logging_mixin.py:150} INFO - [2023-08-14T10:59:02.605+0200] {dag.py:2742} INFO - Sync 1 DAGs
[2023-08-14T10:59:02.621+0200] {logging_mixin.py:150} INFO - [2023-08-14T10:59:02.620+0200] {dag.py:3504} INFO - Setting next_dagrun for example_nested_branch_dag to 2023-08-13T00:00:00+00:00, run_after=2023-08-14T00:00:00+00:00
[2023-08-14T10:59:02.640+0200] {processor.py:179} INFO - Processing /home/akhilesh/py39/lib/python3.9/site-packages/airflow/example_dags/example_nested_branch_dag.py took 0.077 seconds
[2023-08-14T10:59:50.897+0200] {processor.py:157} INFO - Started process (PID=461584) to work on /home/akhilesh/py39/lib/python3.9/site-packages/airflow/example_dags/example_nested_branch_dag.py
[2023-08-14T10:59:50.907+0200] {processor.py:826} INFO - Processing file /home/akhilesh/py39/lib/python3.9/site-packages/airflow/example_dags/example_nested_branch_dag.py for tasks to queue
[2023-08-14T10:59:50.908+0200] {logging_mixin.py:150} INFO - [2023-08-14T10:59:50.907+0200] {dagbag.py:541} INFO - Filling up the DagBag from /home/akhilesh/py39/lib/python3.9/site-packages/airflow/example_dags/example_nested_branch_dag.py
[2023-08-14T10:59:50.919+0200] {processor.py:836} INFO - DAG(s) dict_keys(['example_nested_branch_dag']) retrieved from /home/akhilesh/py39/lib/python3.9/site-packages/airflow/example_dags/example_nested_branch_dag.py
[2023-08-14T10:59:50.935+0200] {logging_mixin.py:150} INFO - [2023-08-14T10:59:50.935+0200] {dag.py:2742} INFO - Sync 1 DAGs
[2023-08-14T10:59:50.949+0200] {logging_mixin.py:150} INFO - [2023-08-14T10:59:50.949+0200] {dag.py:3504} INFO - Setting next_dagrun for example_nested_branch_dag to 2023-08-13T00:00:00+00:00, run_after=2023-08-14T00:00:00+00:00
[2023-08-14T10:59:50.974+0200] {processor.py:179} INFO - Processing /home/akhilesh/py39/lib/python3.9/site-packages/airflow/example_dags/example_nested_branch_dag.py took 0.080 seconds
[2023-08-14T11:00:39.843+0200] {processor.py:157} INFO - Started process (PID=461703) to work on /home/akhilesh/py39/lib/python3.9/site-packages/airflow/example_dags/example_nested_branch_dag.py
[2023-08-14T11:00:39.852+0200] {processor.py:826} INFO - Processing file /home/akhilesh/py39/lib/python3.9/site-packages/airflow/example_dags/example_nested_branch_dag.py for tasks to queue
[2023-08-14T11:00:39.853+0200] {logging_mixin.py:150} INFO - [2023-08-14T11:00:39.852+0200] {dagbag.py:541} INFO - Filling up the DagBag from /home/akhilesh/py39/lib/python3.9/site-packages/airflow/example_dags/example_nested_branch_dag.py
[2023-08-14T11:00:39.864+0200] {processor.py:836} INFO - DAG(s) dict_keys(['example_nested_branch_dag']) retrieved from /home/akhilesh/py39/lib/python3.9/site-packages/airflow/example_dags/example_nested_branch_dag.py
[2023-08-14T11:00:39.879+0200] {logging_mixin.py:150} INFO - [2023-08-14T11:00:39.878+0200] {dag.py:2742} INFO - Sync 1 DAGs
[2023-08-14T11:00:39.892+0200] {logging_mixin.py:150} INFO - [2023-08-14T11:00:39.892+0200] {dag.py:3504} INFO - Setting next_dagrun for example_nested_branch_dag to 2023-08-13T00:00:00+00:00, run_after=2023-08-14T00:00:00+00:00
[2023-08-14T11:00:39.915+0200] {processor.py:179} INFO - Processing /home/akhilesh/py39/lib/python3.9/site-packages/airflow/example_dags/example_nested_branch_dag.py took 0.076 seconds
[2023-08-14T11:01:34.269+0200] {processor.py:157} INFO - Started process (PID=461908) to work on /home/akhilesh/py39/lib/python3.9/site-packages/airflow/example_dags/example_nested_branch_dag.py
[2023-08-14T11:01:34.278+0200] {processor.py:826} INFO - Processing file /home/akhilesh/py39/lib/python3.9/site-packages/airflow/example_dags/example_nested_branch_dag.py for tasks to queue
[2023-08-14T11:01:34.279+0200] {logging_mixin.py:150} INFO - [2023-08-14T11:01:34.279+0200] {dagbag.py:541} INFO - Filling up the DagBag from /home/akhilesh/py39/lib/python3.9/site-packages/airflow/example_dags/example_nested_branch_dag.py
[2023-08-14T11:01:34.289+0200] {processor.py:836} INFO - DAG(s) dict_keys(['example_nested_branch_dag']) retrieved from /home/akhilesh/py39/lib/python3.9/site-packages/airflow/example_dags/example_nested_branch_dag.py
[2023-08-14T11:01:34.305+0200] {logging_mixin.py:150} INFO - [2023-08-14T11:01:34.304+0200] {dag.py:2742} INFO - Sync 1 DAGs
[2023-08-14T11:01:34.319+0200] {logging_mixin.py:150} INFO - [2023-08-14T11:01:34.318+0200] {dag.py:3504} INFO - Setting next_dagrun for example_nested_branch_dag to 2023-08-13T00:00:00+00:00, run_after=2023-08-14T00:00:00+00:00
[2023-08-14T11:01:34.343+0200] {processor.py:179} INFO - Processing /home/akhilesh/py39/lib/python3.9/site-packages/airflow/example_dags/example_nested_branch_dag.py took 0.079 seconds
[2023-08-14T11:02:29.153+0200] {processor.py:157} INFO - Started process (PID=462064) to work on /home/akhilesh/py39/lib/python3.9/site-packages/airflow/example_dags/example_nested_branch_dag.py
[2023-08-14T11:02:29.162+0200] {processor.py:826} INFO - Processing file /home/akhilesh/py39/lib/python3.9/site-packages/airflow/example_dags/example_nested_branch_dag.py for tasks to queue
[2023-08-14T11:02:29.163+0200] {logging_mixin.py:150} INFO - [2023-08-14T11:02:29.163+0200] {dagbag.py:541} INFO - Filling up the DagBag from /home/akhilesh/py39/lib/python3.9/site-packages/airflow/example_dags/example_nested_branch_dag.py
[2023-08-14T11:02:29.173+0200] {processor.py:836} INFO - DAG(s) dict_keys(['example_nested_branch_dag']) retrieved from /home/akhilesh/py39/lib/python3.9/site-packages/airflow/example_dags/example_nested_branch_dag.py
[2023-08-14T11:02:29.188+0200] {logging_mixin.py:150} INFO - [2023-08-14T11:02:29.187+0200] {dag.py:2742} INFO - Sync 1 DAGs
[2023-08-14T11:02:29.201+0200] {logging_mixin.py:150} INFO - [2023-08-14T11:02:29.201+0200] {dag.py:3504} INFO - Setting next_dagrun for example_nested_branch_dag to 2023-08-13T00:00:00+00:00, run_after=2023-08-14T00:00:00+00:00
[2023-08-14T11:02:29.241+0200] {processor.py:179} INFO - Processing /home/akhilesh/py39/lib/python3.9/site-packages/airflow/example_dags/example_nested_branch_dag.py took 0.092 seconds
[2023-08-14T11:03:22.049+0200] {processor.py:157} INFO - Started process (PID=462249) to work on /home/akhilesh/py39/lib/python3.9/site-packages/airflow/example_dags/example_nested_branch_dag.py
[2023-08-14T11:03:22.058+0200] {processor.py:826} INFO - Processing file /home/akhilesh/py39/lib/python3.9/site-packages/airflow/example_dags/example_nested_branch_dag.py for tasks to queue
[2023-08-14T11:03:22.060+0200] {logging_mixin.py:150} INFO - [2023-08-14T11:03:22.059+0200] {dagbag.py:541} INFO - Filling up the DagBag from /home/akhilesh/py39/lib/python3.9/site-packages/airflow/example_dags/example_nested_branch_dag.py
[2023-08-14T11:03:22.073+0200] {processor.py:836} INFO - DAG(s) dict_keys(['example_nested_branch_dag']) retrieved from /home/akhilesh/py39/lib/python3.9/site-packages/airflow/example_dags/example_nested_branch_dag.py
[2023-08-14T11:03:22.090+0200] {logging_mixin.py:150} INFO - [2023-08-14T11:03:22.090+0200] {dag.py:2742} INFO - Sync 1 DAGs
[2023-08-14T11:03:22.109+0200] {logging_mixin.py:150} INFO - [2023-08-14T11:03:22.108+0200] {dag.py:3504} INFO - Setting next_dagrun for example_nested_branch_dag to 2023-08-13T00:00:00+00:00, run_after=2023-08-14T00:00:00+00:00
[2023-08-14T11:03:22.146+0200] {processor.py:179} INFO - Processing /home/akhilesh/py39/lib/python3.9/site-packages/airflow/example_dags/example_nested_branch_dag.py took 0.101 seconds
[2023-08-14T11:04:12.931+0200] {processor.py:157} INFO - Started process (PID=462375) to work on /home/akhilesh/py39/lib/python3.9/site-packages/airflow/example_dags/example_nested_branch_dag.py
[2023-08-14T11:04:12.932+0200] {processor.py:826} INFO - Processing file /home/akhilesh/py39/lib/python3.9/site-packages/airflow/example_dags/example_nested_branch_dag.py for tasks to queue
[2023-08-14T11:04:12.933+0200] {logging_mixin.py:150} INFO - [2023-08-14T11:04:12.933+0200] {dagbag.py:541} INFO - Filling up the DagBag from /home/akhilesh/py39/lib/python3.9/site-packages/airflow/example_dags/example_nested_branch_dag.py
[2023-08-14T11:04:12.943+0200] {processor.py:836} INFO - DAG(s) dict_keys(['example_nested_branch_dag']) retrieved from /home/akhilesh/py39/lib/python3.9/site-packages/airflow/example_dags/example_nested_branch_dag.py
[2023-08-14T11:04:12.958+0200] {logging_mixin.py:150} INFO - [2023-08-14T11:04:12.958+0200] {dag.py:2742} INFO - Sync 1 DAGs
[2023-08-14T11:04:12.972+0200] {logging_mixin.py:150} INFO - [2023-08-14T11:04:12.972+0200] {dag.py:3504} INFO - Setting next_dagrun for example_nested_branch_dag to 2023-08-13T00:00:00+00:00, run_after=2023-08-14T00:00:00+00:00
[2023-08-14T11:04:12.996+0200] {processor.py:179} INFO - Processing /home/akhilesh/py39/lib/python3.9/site-packages/airflow/example_dags/example_nested_branch_dag.py took 0.070 seconds
[2023-08-14T11:05:02.796+0200] {processor.py:157} INFO - Started process (PID=462516) to work on /home/akhilesh/py39/lib/python3.9/site-packages/airflow/example_dags/example_nested_branch_dag.py
[2023-08-14T11:05:02.805+0200] {processor.py:826} INFO - Processing file /home/akhilesh/py39/lib/python3.9/site-packages/airflow/example_dags/example_nested_branch_dag.py for tasks to queue
[2023-08-14T11:05:02.806+0200] {logging_mixin.py:150} INFO - [2023-08-14T11:05:02.806+0200] {dagbag.py:541} INFO - Filling up the DagBag from /home/akhilesh/py39/lib/python3.9/site-packages/airflow/example_dags/example_nested_branch_dag.py
[2023-08-14T11:05:02.817+0200] {processor.py:836} INFO - DAG(s) dict_keys(['example_nested_branch_dag']) retrieved from /home/akhilesh/py39/lib/python3.9/site-packages/airflow/example_dags/example_nested_branch_dag.py
[2023-08-14T11:05:02.832+0200] {logging_mixin.py:150} INFO - [2023-08-14T11:05:02.832+0200] {dag.py:2742} INFO - Sync 1 DAGs
[2023-08-14T11:05:02.846+0200] {logging_mixin.py:150} INFO - [2023-08-14T11:05:02.845+0200] {dag.py:3504} INFO - Setting next_dagrun for example_nested_branch_dag to 2023-08-13T00:00:00+00:00, run_after=2023-08-14T00:00:00+00:00
[2023-08-14T11:05:02.870+0200] {processor.py:179} INFO - Processing /home/akhilesh/py39/lib/python3.9/site-packages/airflow/example_dags/example_nested_branch_dag.py took 0.077 seconds
[2023-08-14T11:05:57.464+0200] {processor.py:157} INFO - Started process (PID=462644) to work on /home/akhilesh/py39/lib/python3.9/site-packages/airflow/example_dags/example_nested_branch_dag.py
[2023-08-14T11:05:57.473+0200] {processor.py:826} INFO - Processing file /home/akhilesh/py39/lib/python3.9/site-packages/airflow/example_dags/example_nested_branch_dag.py for tasks to queue
[2023-08-14T11:05:57.475+0200] {logging_mixin.py:150} INFO - [2023-08-14T11:05:57.474+0200] {dagbag.py:541} INFO - Filling up the DagBag from /home/akhilesh/py39/lib/python3.9/site-packages/airflow/example_dags/example_nested_branch_dag.py
[2023-08-14T11:05:57.487+0200] {processor.py:836} INFO - DAG(s) dict_keys(['example_nested_branch_dag']) retrieved from /home/akhilesh/py39/lib/python3.9/site-packages/airflow/example_dags/example_nested_branch_dag.py
[2023-08-14T11:05:57.507+0200] {logging_mixin.py:150} INFO - [2023-08-14T11:05:57.507+0200] {dag.py:2742} INFO - Sync 1 DAGs
[2023-08-14T11:05:57.544+0200] {logging_mixin.py:150} INFO - [2023-08-14T11:05:57.543+0200] {dag.py:3504} INFO - Setting next_dagrun for example_nested_branch_dag to 2023-08-13T00:00:00+00:00, run_after=2023-08-14T00:00:00+00:00
[2023-08-14T11:05:57.577+0200] {processor.py:179} INFO - Processing /home/akhilesh/py39/lib/python3.9/site-packages/airflow/example_dags/example_nested_branch_dag.py took 0.117 seconds
[2023-08-14T11:06:45.098+0200] {processor.py:157} INFO - Started process (PID=462829) to work on /home/akhilesh/py39/lib/python3.9/site-packages/airflow/example_dags/example_nested_branch_dag.py
[2023-08-14T11:06:45.107+0200] {processor.py:826} INFO - Processing file /home/akhilesh/py39/lib/python3.9/site-packages/airflow/example_dags/example_nested_branch_dag.py for tasks to queue
[2023-08-14T11:06:45.108+0200] {logging_mixin.py:150} INFO - [2023-08-14T11:06:45.107+0200] {dagbag.py:541} INFO - Filling up the DagBag from /home/akhilesh/py39/lib/python3.9/site-packages/airflow/example_dags/example_nested_branch_dag.py
[2023-08-14T11:06:45.119+0200] {processor.py:836} INFO - DAG(s) dict_keys(['example_nested_branch_dag']) retrieved from /home/akhilesh/py39/lib/python3.9/site-packages/airflow/example_dags/example_nested_branch_dag.py
[2023-08-14T11:06:45.132+0200] {logging_mixin.py:150} INFO - [2023-08-14T11:06:45.131+0200] {dag.py:2742} INFO - Sync 1 DAGs
[2023-08-14T11:06:45.143+0200] {logging_mixin.py:150} INFO - [2023-08-14T11:06:45.143+0200] {dag.py:3504} INFO - Setting next_dagrun for example_nested_branch_dag to 2023-08-13T00:00:00+00:00, run_after=2023-08-14T00:00:00+00:00
[2023-08-14T11:06:45.169+0200] {processor.py:179} INFO - Processing /home/akhilesh/py39/lib/python3.9/site-packages/airflow/example_dags/example_nested_branch_dag.py took 0.075 seconds
[2023-08-14T11:07:38.264+0200] {processor.py:157} INFO - Started process (PID=463032) to work on /home/akhilesh/py39/lib/python3.9/site-packages/airflow/example_dags/example_nested_branch_dag.py
[2023-08-14T11:07:38.273+0200] {processor.py:826} INFO - Processing file /home/akhilesh/py39/lib/python3.9/site-packages/airflow/example_dags/example_nested_branch_dag.py for tasks to queue
[2023-08-14T11:07:38.275+0200] {logging_mixin.py:150} INFO - [2023-08-14T11:07:38.274+0200] {dagbag.py:541} INFO - Filling up the DagBag from /home/akhilesh/py39/lib/python3.9/site-packages/airflow/example_dags/example_nested_branch_dag.py
[2023-08-14T11:07:38.289+0200] {processor.py:836} INFO - DAG(s) dict_keys(['example_nested_branch_dag']) retrieved from /home/akhilesh/py39/lib/python3.9/site-packages/airflow/example_dags/example_nested_branch_dag.py
[2023-08-14T11:07:38.306+0200] {logging_mixin.py:150} INFO - [2023-08-14T11:07:38.306+0200] {dag.py:2742} INFO - Sync 1 DAGs
[2023-08-14T11:07:38.323+0200] {logging_mixin.py:150} INFO - [2023-08-14T11:07:38.322+0200] {dag.py:3504} INFO - Setting next_dagrun for example_nested_branch_dag to 2023-08-13T00:00:00+00:00, run_after=2023-08-14T00:00:00+00:00
[2023-08-14T11:07:38.349+0200] {processor.py:179} INFO - Processing /home/akhilesh/py39/lib/python3.9/site-packages/airflow/example_dags/example_nested_branch_dag.py took 0.089 seconds
[2023-08-14T11:08:28.514+0200] {processor.py:157} INFO - Started process (PID=463191) to work on /home/akhilesh/py39/lib/python3.9/site-packages/airflow/example_dags/example_nested_branch_dag.py
[2023-08-14T11:08:28.515+0200] {processor.py:826} INFO - Processing file /home/akhilesh/py39/lib/python3.9/site-packages/airflow/example_dags/example_nested_branch_dag.py for tasks to queue
[2023-08-14T11:08:28.516+0200] {logging_mixin.py:150} INFO - [2023-08-14T11:08:28.516+0200] {dagbag.py:541} INFO - Filling up the DagBag from /home/akhilesh/py39/lib/python3.9/site-packages/airflow/example_dags/example_nested_branch_dag.py
[2023-08-14T11:08:28.524+0200] {processor.py:836} INFO - DAG(s) dict_keys(['example_nested_branch_dag']) retrieved from /home/akhilesh/py39/lib/python3.9/site-packages/airflow/example_dags/example_nested_branch_dag.py
[2023-08-14T11:08:28.539+0200] {logging_mixin.py:150} INFO - [2023-08-14T11:08:28.538+0200] {dag.py:2742} INFO - Sync 1 DAGs
[2023-08-14T11:08:28.552+0200] {logging_mixin.py:150} INFO - [2023-08-14T11:08:28.552+0200] {dag.py:3504} INFO - Setting next_dagrun for example_nested_branch_dag to 2023-08-13T00:00:00+00:00, run_after=2023-08-14T00:00:00+00:00
[2023-08-14T11:08:28.583+0200] {processor.py:179} INFO - Processing /home/akhilesh/py39/lib/python3.9/site-packages/airflow/example_dags/example_nested_branch_dag.py took 0.073 seconds
[2023-08-14T11:11:13.021+0200] {processor.py:157} INFO - Started process (PID=463720) to work on /home/akhilesh/py39/lib/python3.9/site-packages/airflow/example_dags/example_nested_branch_dag.py
[2023-08-14T11:11:13.030+0200] {processor.py:826} INFO - Processing file /home/akhilesh/py39/lib/python3.9/site-packages/airflow/example_dags/example_nested_branch_dag.py for tasks to queue
[2023-08-14T11:11:13.032+0200] {logging_mixin.py:150} INFO - [2023-08-14T11:11:13.031+0200] {dagbag.py:541} INFO - Filling up the DagBag from /home/akhilesh/py39/lib/python3.9/site-packages/airflow/example_dags/example_nested_branch_dag.py
[2023-08-14T11:11:13.046+0200] {processor.py:836} INFO - DAG(s) dict_keys(['example_nested_branch_dag']) retrieved from /home/akhilesh/py39/lib/python3.9/site-packages/airflow/example_dags/example_nested_branch_dag.py
[2023-08-14T11:11:13.064+0200] {logging_mixin.py:150} INFO - [2023-08-14T11:11:13.063+0200] {dag.py:2742} INFO - Sync 1 DAGs
[2023-08-14T11:11:13.080+0200] {logging_mixin.py:150} INFO - [2023-08-14T11:11:13.079+0200] {dag.py:3504} INFO - Setting next_dagrun for example_nested_branch_dag to 2023-08-13T00:00:00+00:00, run_after=2023-08-14T00:00:00+00:00
[2023-08-14T11:11:13.104+0200] {processor.py:179} INFO - Processing /home/akhilesh/py39/lib/python3.9/site-packages/airflow/example_dags/example_nested_branch_dag.py took 0.088 seconds
[2023-08-14T11:12:16.774+0200] {processor.py:157} INFO - Started process (PID=464093) to work on /home/akhilesh/py39/lib/python3.9/site-packages/airflow/example_dags/example_nested_branch_dag.py
[2023-08-14T11:12:16.776+0200] {processor.py:826} INFO - Processing file /home/akhilesh/py39/lib/python3.9/site-packages/airflow/example_dags/example_nested_branch_dag.py for tasks to queue
[2023-08-14T11:12:16.777+0200] {logging_mixin.py:150} INFO - [2023-08-14T11:12:16.777+0200] {dagbag.py:541} INFO - Filling up the DagBag from /home/akhilesh/py39/lib/python3.9/site-packages/airflow/example_dags/example_nested_branch_dag.py
[2023-08-14T11:12:16.792+0200] {processor.py:836} INFO - DAG(s) dict_keys(['example_nested_branch_dag']) retrieved from /home/akhilesh/py39/lib/python3.9/site-packages/airflow/example_dags/example_nested_branch_dag.py
[2023-08-14T11:12:16.813+0200] {logging_mixin.py:150} INFO - [2023-08-14T11:12:16.812+0200] {dag.py:2742} INFO - Sync 1 DAGs
[2023-08-14T11:12:16.890+0200] {logging_mixin.py:150} INFO - [2023-08-14T11:12:16.890+0200] {dag.py:3504} INFO - Setting next_dagrun for example_nested_branch_dag to 2023-08-13T00:00:00+00:00, run_after=2023-08-14T00:00:00+00:00
[2023-08-14T11:12:16.979+0200] {processor.py:179} INFO - Processing /home/akhilesh/py39/lib/python3.9/site-packages/airflow/example_dags/example_nested_branch_dag.py took 0.210 seconds
[2023-08-14T11:13:04.784+0200] {processor.py:157} INFO - Started process (PID=464251) to work on /home/akhilesh/py39/lib/python3.9/site-packages/airflow/example_dags/example_nested_branch_dag.py
[2023-08-14T11:13:04.793+0200] {processor.py:826} INFO - Processing file /home/akhilesh/py39/lib/python3.9/site-packages/airflow/example_dags/example_nested_branch_dag.py for tasks to queue
[2023-08-14T11:13:04.794+0200] {logging_mixin.py:150} INFO - [2023-08-14T11:13:04.794+0200] {dagbag.py:541} INFO - Filling up the DagBag from /home/akhilesh/py39/lib/python3.9/site-packages/airflow/example_dags/example_nested_branch_dag.py
[2023-08-14T11:13:04.809+0200] {processor.py:836} INFO - DAG(s) dict_keys(['example_nested_branch_dag']) retrieved from /home/akhilesh/py39/lib/python3.9/site-packages/airflow/example_dags/example_nested_branch_dag.py
[2023-08-14T11:13:04.827+0200] {logging_mixin.py:150} INFO - [2023-08-14T11:13:04.827+0200] {dag.py:2742} INFO - Sync 1 DAGs
[2023-08-14T11:13:04.844+0200] {logging_mixin.py:150} INFO - [2023-08-14T11:13:04.844+0200] {dag.py:3504} INFO - Setting next_dagrun for example_nested_branch_dag to 2023-08-13T00:00:00+00:00, run_after=2023-08-14T00:00:00+00:00
[2023-08-14T11:13:04.864+0200] {processor.py:179} INFO - Processing /home/akhilesh/py39/lib/python3.9/site-packages/airflow/example_dags/example_nested_branch_dag.py took 0.084 seconds
[2023-08-14T11:15:42.046+0200] {processor.py:157} INFO - Started process (PID=464929) to work on /home/akhilesh/py39/lib/python3.9/site-packages/airflow/example_dags/example_nested_branch_dag.py
[2023-08-14T11:15:42.055+0200] {processor.py:826} INFO - Processing file /home/akhilesh/py39/lib/python3.9/site-packages/airflow/example_dags/example_nested_branch_dag.py for tasks to queue
[2023-08-14T11:15:42.057+0200] {logging_mixin.py:150} INFO - [2023-08-14T11:15:42.056+0200] {dagbag.py:541} INFO - Filling up the DagBag from /home/akhilesh/py39/lib/python3.9/site-packages/airflow/example_dags/example_nested_branch_dag.py
[2023-08-14T11:15:42.066+0200] {processor.py:836} INFO - DAG(s) dict_keys(['example_nested_branch_dag']) retrieved from /home/akhilesh/py39/lib/python3.9/site-packages/airflow/example_dags/example_nested_branch_dag.py
[2023-08-14T11:15:42.081+0200] {logging_mixin.py:150} INFO - [2023-08-14T11:15:42.080+0200] {dag.py:2742} INFO - Sync 1 DAGs
[2023-08-14T11:15:42.092+0200] {logging_mixin.py:150} INFO - [2023-08-14T11:15:42.092+0200] {dag.py:3504} INFO - Setting next_dagrun for example_nested_branch_dag to 2023-08-13T00:00:00+00:00, run_after=2023-08-14T00:00:00+00:00
[2023-08-14T11:15:42.117+0200] {processor.py:179} INFO - Processing /home/akhilesh/py39/lib/python3.9/site-packages/airflow/example_dags/example_nested_branch_dag.py took 0.074 seconds
[2023-08-14T11:16:37.002+0200] {processor.py:157} INFO - Started process (PID=465068) to work on /home/akhilesh/py39/lib/python3.9/site-packages/airflow/example_dags/example_nested_branch_dag.py
[2023-08-14T11:16:37.004+0200] {processor.py:826} INFO - Processing file /home/akhilesh/py39/lib/python3.9/site-packages/airflow/example_dags/example_nested_branch_dag.py for tasks to queue
[2023-08-14T11:16:37.004+0200] {logging_mixin.py:150} INFO - [2023-08-14T11:16:37.004+0200] {dagbag.py:541} INFO - Filling up the DagBag from /home/akhilesh/py39/lib/python3.9/site-packages/airflow/example_dags/example_nested_branch_dag.py
[2023-08-14T11:16:37.011+0200] {processor.py:836} INFO - DAG(s) dict_keys(['example_nested_branch_dag']) retrieved from /home/akhilesh/py39/lib/python3.9/site-packages/airflow/example_dags/example_nested_branch_dag.py
[2023-08-14T11:16:37.027+0200] {logging_mixin.py:150} INFO - [2023-08-14T11:16:37.027+0200] {dag.py:2742} INFO - Sync 1 DAGs
[2023-08-14T11:16:37.042+0200] {logging_mixin.py:150} INFO - [2023-08-14T11:16:37.042+0200] {dag.py:3504} INFO - Setting next_dagrun for example_nested_branch_dag to 2023-08-13T00:00:00+00:00, run_after=2023-08-14T00:00:00+00:00
[2023-08-14T11:16:37.069+0200] {processor.py:179} INFO - Processing /home/akhilesh/py39/lib/python3.9/site-packages/airflow/example_dags/example_nested_branch_dag.py took 0.072 seconds
[2023-08-14T11:17:30.854+0200] {processor.py:157} INFO - Started process (PID=465247) to work on /home/akhilesh/py39/lib/python3.9/site-packages/airflow/example_dags/example_nested_branch_dag.py
[2023-08-14T11:17:30.863+0200] {processor.py:826} INFO - Processing file /home/akhilesh/py39/lib/python3.9/site-packages/airflow/example_dags/example_nested_branch_dag.py for tasks to queue
[2023-08-14T11:17:30.864+0200] {logging_mixin.py:150} INFO - [2023-08-14T11:17:30.864+0200] {dagbag.py:541} INFO - Filling up the DagBag from /home/akhilesh/py39/lib/python3.9/site-packages/airflow/example_dags/example_nested_branch_dag.py
[2023-08-14T11:17:30.876+0200] {processor.py:836} INFO - DAG(s) dict_keys(['example_nested_branch_dag']) retrieved from /home/akhilesh/py39/lib/python3.9/site-packages/airflow/example_dags/example_nested_branch_dag.py
[2023-08-14T11:17:30.887+0200] {logging_mixin.py:150} INFO - [2023-08-14T11:17:30.887+0200] {dag.py:2742} INFO - Sync 1 DAGs
[2023-08-14T11:17:30.898+0200] {logging_mixin.py:150} INFO - [2023-08-14T11:17:30.898+0200] {dag.py:3504} INFO - Setting next_dagrun for example_nested_branch_dag to 2023-08-13T00:00:00+00:00, run_after=2023-08-14T00:00:00+00:00
[2023-08-14T11:17:30.928+0200] {processor.py:179} INFO - Processing /home/akhilesh/py39/lib/python3.9/site-packages/airflow/example_dags/example_nested_branch_dag.py took 0.077 seconds
[2023-08-14T11:18:23.567+0200] {processor.py:157} INFO - Started process (PID=465373) to work on /home/akhilesh/py39/lib/python3.9/site-packages/airflow/example_dags/example_nested_branch_dag.py
[2023-08-14T11:18:23.569+0200] {processor.py:826} INFO - Processing file /home/akhilesh/py39/lib/python3.9/site-packages/airflow/example_dags/example_nested_branch_dag.py for tasks to queue
[2023-08-14T11:18:23.569+0200] {logging_mixin.py:150} INFO - [2023-08-14T11:18:23.569+0200] {dagbag.py:541} INFO - Filling up the DagBag from /home/akhilesh/py39/lib/python3.9/site-packages/airflow/example_dags/example_nested_branch_dag.py
[2023-08-14T11:18:23.575+0200] {processor.py:836} INFO - DAG(s) dict_keys(['example_nested_branch_dag']) retrieved from /home/akhilesh/py39/lib/python3.9/site-packages/airflow/example_dags/example_nested_branch_dag.py
[2023-08-14T11:18:23.590+0200] {logging_mixin.py:150} INFO - [2023-08-14T11:18:23.590+0200] {dag.py:2742} INFO - Sync 1 DAGs
[2023-08-14T11:18:23.605+0200] {logging_mixin.py:150} INFO - [2023-08-14T11:18:23.605+0200] {dag.py:3504} INFO - Setting next_dagrun for example_nested_branch_dag to 2023-08-13T00:00:00+00:00, run_after=2023-08-14T00:00:00+00:00
[2023-08-14T11:18:23.631+0200] {processor.py:179} INFO - Processing /home/akhilesh/py39/lib/python3.9/site-packages/airflow/example_dags/example_nested_branch_dag.py took 0.068 seconds
[2023-08-14T11:19:14.328+0200] {processor.py:157} INFO - Started process (PID=465677) to work on /home/akhilesh/py39/lib/python3.9/site-packages/airflow/example_dags/example_nested_branch_dag.py
[2023-08-14T11:19:14.337+0200] {processor.py:826} INFO - Processing file /home/akhilesh/py39/lib/python3.9/site-packages/airflow/example_dags/example_nested_branch_dag.py for tasks to queue
[2023-08-14T11:19:14.338+0200] {logging_mixin.py:150} INFO - [2023-08-14T11:19:14.338+0200] {dagbag.py:541} INFO - Filling up the DagBag from /home/akhilesh/py39/lib/python3.9/site-packages/airflow/example_dags/example_nested_branch_dag.py
[2023-08-14T11:19:14.350+0200] {processor.py:836} INFO - DAG(s) dict_keys(['example_nested_branch_dag']) retrieved from /home/akhilesh/py39/lib/python3.9/site-packages/airflow/example_dags/example_nested_branch_dag.py
[2023-08-14T11:19:14.366+0200] {logging_mixin.py:150} INFO - [2023-08-14T11:19:14.366+0200] {dag.py:2742} INFO - Sync 1 DAGs
[2023-08-14T11:19:14.379+0200] {logging_mixin.py:150} INFO - [2023-08-14T11:19:14.379+0200] {dag.py:3504} INFO - Setting next_dagrun for example_nested_branch_dag to 2023-08-13T00:00:00+00:00, run_after=2023-08-14T00:00:00+00:00
[2023-08-14T11:19:14.408+0200] {processor.py:179} INFO - Processing /home/akhilesh/py39/lib/python3.9/site-packages/airflow/example_dags/example_nested_branch_dag.py took 0.084 seconds
[2023-08-14T11:21:00.043+0200] {processor.py:157} INFO - Started process (PID=466025) to work on /home/akhilesh/py39/lib/python3.9/site-packages/airflow/example_dags/example_nested_branch_dag.py
[2023-08-14T11:21:00.052+0200] {processor.py:826} INFO - Processing file /home/akhilesh/py39/lib/python3.9/site-packages/airflow/example_dags/example_nested_branch_dag.py for tasks to queue
[2023-08-14T11:21:00.053+0200] {logging_mixin.py:150} INFO - [2023-08-14T11:21:00.053+0200] {dagbag.py:541} INFO - Filling up the DagBag from /home/akhilesh/py39/lib/python3.9/site-packages/airflow/example_dags/example_nested_branch_dag.py
[2023-08-14T11:21:00.065+0200] {processor.py:836} INFO - DAG(s) dict_keys(['example_nested_branch_dag']) retrieved from /home/akhilesh/py39/lib/python3.9/site-packages/airflow/example_dags/example_nested_branch_dag.py
[2023-08-14T11:21:00.078+0200] {logging_mixin.py:150} INFO - [2023-08-14T11:21:00.078+0200] {dag.py:2742} INFO - Sync 1 DAGs
[2023-08-14T11:21:00.090+0200] {logging_mixin.py:150} INFO - [2023-08-14T11:21:00.089+0200] {dag.py:3504} INFO - Setting next_dagrun for example_nested_branch_dag to 2023-08-13T00:00:00+00:00, run_after=2023-08-14T00:00:00+00:00
[2023-08-14T11:21:00.116+0200] {processor.py:179} INFO - Processing /home/akhilesh/py39/lib/python3.9/site-packages/airflow/example_dags/example_nested_branch_dag.py took 0.075 seconds
[2023-08-14T11:21:44.905+0200] {processor.py:157} INFO - Started process (PID=466163) to work on /home/akhilesh/py39/lib/python3.9/site-packages/airflow/example_dags/example_nested_branch_dag.py
[2023-08-14T11:21:44.914+0200] {processor.py:826} INFO - Processing file /home/akhilesh/py39/lib/python3.9/site-packages/airflow/example_dags/example_nested_branch_dag.py for tasks to queue
[2023-08-14T11:21:44.915+0200] {logging_mixin.py:150} INFO - [2023-08-14T11:21:44.915+0200] {dagbag.py:541} INFO - Filling up the DagBag from /home/akhilesh/py39/lib/python3.9/site-packages/airflow/example_dags/example_nested_branch_dag.py
[2023-08-14T11:21:44.925+0200] {processor.py:836} INFO - DAG(s) dict_keys(['example_nested_branch_dag']) retrieved from /home/akhilesh/py39/lib/python3.9/site-packages/airflow/example_dags/example_nested_branch_dag.py
[2023-08-14T11:21:44.941+0200] {logging_mixin.py:150} INFO - [2023-08-14T11:21:44.941+0200] {dag.py:2742} INFO - Sync 1 DAGs
[2023-08-14T11:21:44.955+0200] {logging_mixin.py:150} INFO - [2023-08-14T11:21:44.954+0200] {dag.py:3504} INFO - Setting next_dagrun for example_nested_branch_dag to 2023-08-13T00:00:00+00:00, run_after=2023-08-14T00:00:00+00:00
[2023-08-14T11:21:44.981+0200] {processor.py:179} INFO - Processing /home/akhilesh/py39/lib/python3.9/site-packages/airflow/example_dags/example_nested_branch_dag.py took 0.080 seconds
[2023-08-14T11:22:40.173+0200] {processor.py:157} INFO - Started process (PID=466315) to work on /home/akhilesh/py39/lib/python3.9/site-packages/airflow/example_dags/example_nested_branch_dag.py
[2023-08-14T11:22:40.183+0200] {processor.py:826} INFO - Processing file /home/akhilesh/py39/lib/python3.9/site-packages/airflow/example_dags/example_nested_branch_dag.py for tasks to queue
[2023-08-14T11:22:40.184+0200] {logging_mixin.py:150} INFO - [2023-08-14T11:22:40.184+0200] {dagbag.py:541} INFO - Filling up the DagBag from /home/akhilesh/py39/lib/python3.9/site-packages/airflow/example_dags/example_nested_branch_dag.py
[2023-08-14T11:22:40.196+0200] {processor.py:836} INFO - DAG(s) dict_keys(['example_nested_branch_dag']) retrieved from /home/akhilesh/py39/lib/python3.9/site-packages/airflow/example_dags/example_nested_branch_dag.py
[2023-08-14T11:22:40.211+0200] {logging_mixin.py:150} INFO - [2023-08-14T11:22:40.210+0200] {dag.py:2742} INFO - Sync 1 DAGs
[2023-08-14T11:22:40.225+0200] {logging_mixin.py:150} INFO - [2023-08-14T11:22:40.224+0200] {dag.py:3504} INFO - Setting next_dagrun for example_nested_branch_dag to 2023-08-13T00:00:00+00:00, run_after=2023-08-14T00:00:00+00:00
[2023-08-14T11:22:40.254+0200] {processor.py:179} INFO - Processing /home/akhilesh/py39/lib/python3.9/site-packages/airflow/example_dags/example_nested_branch_dag.py took 0.085 seconds
[2023-08-14T11:23:31.954+0200] {processor.py:157} INFO - Started process (PID=467009) to work on /home/akhilesh/py39/lib/python3.9/site-packages/airflow/example_dags/example_nested_branch_dag.py
[2023-08-14T11:23:31.963+0200] {processor.py:826} INFO - Processing file /home/akhilesh/py39/lib/python3.9/site-packages/airflow/example_dags/example_nested_branch_dag.py for tasks to queue
[2023-08-14T11:23:31.965+0200] {logging_mixin.py:150} INFO - [2023-08-14T11:23:31.964+0200] {dagbag.py:541} INFO - Filling up the DagBag from /home/akhilesh/py39/lib/python3.9/site-packages/airflow/example_dags/example_nested_branch_dag.py
[2023-08-14T11:23:31.977+0200] {processor.py:836} INFO - DAG(s) dict_keys(['example_nested_branch_dag']) retrieved from /home/akhilesh/py39/lib/python3.9/site-packages/airflow/example_dags/example_nested_branch_dag.py
[2023-08-14T11:23:31.996+0200] {logging_mixin.py:150} INFO - [2023-08-14T11:23:31.995+0200] {dag.py:2742} INFO - Sync 1 DAGs
[2023-08-14T11:23:32.009+0200] {logging_mixin.py:150} INFO - [2023-08-14T11:23:32.009+0200] {dag.py:3504} INFO - Setting next_dagrun for example_nested_branch_dag to 2023-08-13T00:00:00+00:00, run_after=2023-08-14T00:00:00+00:00
[2023-08-14T11:23:32.039+0200] {processor.py:179} INFO - Processing /home/akhilesh/py39/lib/python3.9/site-packages/airflow/example_dags/example_nested_branch_dag.py took 0.089 seconds
[2023-08-14T11:24:21.139+0200] {processor.py:157} INFO - Started process (PID=467193) to work on /home/akhilesh/py39/lib/python3.9/site-packages/airflow/example_dags/example_nested_branch_dag.py
[2023-08-14T11:24:21.148+0200] {processor.py:826} INFO - Processing file /home/akhilesh/py39/lib/python3.9/site-packages/airflow/example_dags/example_nested_branch_dag.py for tasks to queue
[2023-08-14T11:24:21.149+0200] {logging_mixin.py:150} INFO - [2023-08-14T11:24:21.148+0200] {dagbag.py:541} INFO - Filling up the DagBag from /home/akhilesh/py39/lib/python3.9/site-packages/airflow/example_dags/example_nested_branch_dag.py
[2023-08-14T11:24:21.160+0200] {processor.py:836} INFO - DAG(s) dict_keys(['example_nested_branch_dag']) retrieved from /home/akhilesh/py39/lib/python3.9/site-packages/airflow/example_dags/example_nested_branch_dag.py
[2023-08-14T11:24:21.175+0200] {logging_mixin.py:150} INFO - [2023-08-14T11:24:21.174+0200] {dag.py:2742} INFO - Sync 1 DAGs
[2023-08-14T11:24:21.192+0200] {logging_mixin.py:150} INFO - [2023-08-14T11:24:21.191+0200] {dag.py:3504} INFO - Setting next_dagrun for example_nested_branch_dag to 2023-08-13T00:00:00+00:00, run_after=2023-08-14T00:00:00+00:00
[2023-08-14T11:24:21.220+0200] {processor.py:179} INFO - Processing /home/akhilesh/py39/lib/python3.9/site-packages/airflow/example_dags/example_nested_branch_dag.py took 0.086 seconds
[2023-08-14T11:25:11.675+0200] {processor.py:157} INFO - Started process (PID=467554) to work on /home/akhilesh/py39/lib/python3.9/site-packages/airflow/example_dags/example_nested_branch_dag.py
[2023-08-14T11:25:11.684+0200] {processor.py:826} INFO - Processing file /home/akhilesh/py39/lib/python3.9/site-packages/airflow/example_dags/example_nested_branch_dag.py for tasks to queue
[2023-08-14T11:25:11.686+0200] {logging_mixin.py:150} INFO - [2023-08-14T11:25:11.685+0200] {dagbag.py:541} INFO - Filling up the DagBag from /home/akhilesh/py39/lib/python3.9/site-packages/airflow/example_dags/example_nested_branch_dag.py
[2023-08-14T11:25:11.698+0200] {processor.py:836} INFO - DAG(s) dict_keys(['example_nested_branch_dag']) retrieved from /home/akhilesh/py39/lib/python3.9/site-packages/airflow/example_dags/example_nested_branch_dag.py
[2023-08-14T11:25:11.714+0200] {logging_mixin.py:150} INFO - [2023-08-14T11:25:11.714+0200] {dag.py:2742} INFO - Sync 1 DAGs
[2023-08-14T11:25:11.727+0200] {logging_mixin.py:150} INFO - [2023-08-14T11:25:11.727+0200] {dag.py:3504} INFO - Setting next_dagrun for example_nested_branch_dag to 2023-08-13T00:00:00+00:00, run_after=2023-08-14T00:00:00+00:00
[2023-08-14T11:25:11.755+0200] {processor.py:179} INFO - Processing /home/akhilesh/py39/lib/python3.9/site-packages/airflow/example_dags/example_nested_branch_dag.py took 0.084 seconds
