[2023-08-14T10:22:31.821+0200] {processor.py:157} INFO - Started process (PID=453431) to work on /home/akhilesh/py39/lib/python3.9/site-packages/airflow/example_dags/example_time_delta_sensor_async.py
[2023-08-14T10:22:31.822+0200] {processor.py:826} INFO - Processing file /home/akhilesh/py39/lib/python3.9/site-packages/airflow/example_dags/example_time_delta_sensor_async.py for tasks to queue
[2023-08-14T10:22:31.823+0200] {logging_mixin.py:150} INFO - [2023-08-14T10:22:31.823+0200] {dagbag.py:541} INFO - Filling up the DagBag from /home/akhilesh/py39/lib/python3.9/site-packages/airflow/example_dags/example_time_delta_sensor_async.py
[2023-08-14T10:22:31.829+0200] {processor.py:836} INFO - DAG(s) dict_keys(['example_time_delta_sensor_async']) retrieved from /home/akhilesh/py39/lib/python3.9/site-packages/airflow/example_dags/example_time_delta_sensor_async.py
[2023-08-14T10:22:31.845+0200] {logging_mixin.py:150} INFO - [2023-08-14T10:22:31.845+0200] {dag.py:2742} INFO - Sync 1 DAGs
[2023-08-14T10:22:31.859+0200] {logging_mixin.py:150} INFO - [2023-08-14T10:22:31.859+0200] {dag.py:3504} INFO - Setting next_dagrun for example_time_delta_sensor_async to None, run_after=None
[2023-08-14T10:22:31.893+0200] {processor.py:179} INFO - Processing /home/akhilesh/py39/lib/python3.9/site-packages/airflow/example_dags/example_time_delta_sensor_async.py took 0.076 seconds
[2023-08-14T10:23:26.655+0200] {processor.py:157} INFO - Started process (PID=453639) to work on /home/akhilesh/py39/lib/python3.9/site-packages/airflow/example_dags/example_time_delta_sensor_async.py
[2023-08-14T10:23:26.657+0200] {processor.py:826} INFO - Processing file /home/akhilesh/py39/lib/python3.9/site-packages/airflow/example_dags/example_time_delta_sensor_async.py for tasks to queue
[2023-08-14T10:23:26.658+0200] {logging_mixin.py:150} INFO - [2023-08-14T10:23:26.657+0200] {dagbag.py:541} INFO - Filling up the DagBag from /home/akhilesh/py39/lib/python3.9/site-packages/airflow/example_dags/example_time_delta_sensor_async.py
[2023-08-14T10:23:26.664+0200] {processor.py:836} INFO - DAG(s) dict_keys(['example_time_delta_sensor_async']) retrieved from /home/akhilesh/py39/lib/python3.9/site-packages/airflow/example_dags/example_time_delta_sensor_async.py
[2023-08-14T10:23:26.681+0200] {logging_mixin.py:150} INFO - [2023-08-14T10:23:26.681+0200] {dag.py:2742} INFO - Sync 1 DAGs
[2023-08-14T10:23:26.697+0200] {logging_mixin.py:150} INFO - [2023-08-14T10:23:26.697+0200] {dag.py:3504} INFO - Setting next_dagrun for example_time_delta_sensor_async to None, run_after=None
[2023-08-14T10:23:26.886+0200] {processor.py:179} INFO - Processing /home/akhilesh/py39/lib/python3.9/site-packages/airflow/example_dags/example_time_delta_sensor_async.py took 0.234 seconds
[2023-08-14T10:24:17.530+0200] {processor.py:157} INFO - Started process (PID=453886) to work on /home/akhilesh/py39/lib/python3.9/site-packages/airflow/example_dags/example_time_delta_sensor_async.py
[2023-08-14T10:24:17.539+0200] {processor.py:826} INFO - Processing file /home/akhilesh/py39/lib/python3.9/site-packages/airflow/example_dags/example_time_delta_sensor_async.py for tasks to queue
[2023-08-14T10:24:17.540+0200] {logging_mixin.py:150} INFO - [2023-08-14T10:24:17.540+0200] {dagbag.py:541} INFO - Filling up the DagBag from /home/akhilesh/py39/lib/python3.9/site-packages/airflow/example_dags/example_time_delta_sensor_async.py
[2023-08-14T10:24:17.547+0200] {processor.py:836} INFO - DAG(s) dict_keys(['example_time_delta_sensor_async']) retrieved from /home/akhilesh/py39/lib/python3.9/site-packages/airflow/example_dags/example_time_delta_sensor_async.py
[2023-08-14T10:24:17.565+0200] {logging_mixin.py:150} INFO - [2023-08-14T10:24:17.565+0200] {dag.py:2742} INFO - Sync 1 DAGs
[2023-08-14T10:24:17.580+0200] {logging_mixin.py:150} INFO - [2023-08-14T10:24:17.580+0200] {dag.py:3504} INFO - Setting next_dagrun for example_time_delta_sensor_async to None, run_after=None
[2023-08-14T10:24:17.609+0200] {processor.py:179} INFO - Processing /home/akhilesh/py39/lib/python3.9/site-packages/airflow/example_dags/example_time_delta_sensor_async.py took 0.083 seconds
[2023-08-14T10:25:23.180+0200] {processor.py:157} INFO - Started process (PID=454092) to work on /home/akhilesh/py39/lib/python3.9/site-packages/airflow/example_dags/example_time_delta_sensor_async.py
[2023-08-14T10:25:23.181+0200] {processor.py:826} INFO - Processing file /home/akhilesh/py39/lib/python3.9/site-packages/airflow/example_dags/example_time_delta_sensor_async.py for tasks to queue
[2023-08-14T10:25:23.183+0200] {logging_mixin.py:150} INFO - [2023-08-14T10:25:23.183+0200] {dagbag.py:541} INFO - Filling up the DagBag from /home/akhilesh/py39/lib/python3.9/site-packages/airflow/example_dags/example_time_delta_sensor_async.py
[2023-08-14T10:25:23.188+0200] {processor.py:836} INFO - DAG(s) dict_keys(['example_time_delta_sensor_async']) retrieved from /home/akhilesh/py39/lib/python3.9/site-packages/airflow/example_dags/example_time_delta_sensor_async.py
[2023-08-14T10:25:23.212+0200] {logging_mixin.py:150} INFO - [2023-08-14T10:25:23.212+0200] {dag.py:2742} INFO - Sync 1 DAGs
[2023-08-14T10:25:23.405+0200] {logging_mixin.py:150} INFO - [2023-08-14T10:25:23.404+0200] {dag.py:3504} INFO - Setting next_dagrun for example_time_delta_sensor_async to None, run_after=None
[2023-08-14T10:25:23.429+0200] {processor.py:179} INFO - Processing /home/akhilesh/py39/lib/python3.9/site-packages/airflow/example_dags/example_time_delta_sensor_async.py took 0.253 seconds
[2023-08-14T10:26:29.609+0200] {processor.py:157} INFO - Started process (PID=454339) to work on /home/akhilesh/py39/lib/python3.9/site-packages/airflow/example_dags/example_time_delta_sensor_async.py
[2023-08-14T10:26:29.619+0200] {processor.py:826} INFO - Processing file /home/akhilesh/py39/lib/python3.9/site-packages/airflow/example_dags/example_time_delta_sensor_async.py for tasks to queue
[2023-08-14T10:26:29.620+0200] {logging_mixin.py:150} INFO - [2023-08-14T10:26:29.620+0200] {dagbag.py:541} INFO - Filling up the DagBag from /home/akhilesh/py39/lib/python3.9/site-packages/airflow/example_dags/example_time_delta_sensor_async.py
[2023-08-14T10:26:29.627+0200] {processor.py:836} INFO - DAG(s) dict_keys(['example_time_delta_sensor_async']) retrieved from /home/akhilesh/py39/lib/python3.9/site-packages/airflow/example_dags/example_time_delta_sensor_async.py
[2023-08-14T10:26:29.649+0200] {logging_mixin.py:150} INFO - [2023-08-14T10:26:29.649+0200] {dag.py:2742} INFO - Sync 1 DAGs
[2023-08-14T10:26:29.666+0200] {logging_mixin.py:150} INFO - [2023-08-14T10:26:29.666+0200] {dag.py:3504} INFO - Setting next_dagrun for example_time_delta_sensor_async to None, run_after=None
[2023-08-14T10:26:29.698+0200] {processor.py:179} INFO - Processing /home/akhilesh/py39/lib/python3.9/site-packages/airflow/example_dags/example_time_delta_sensor_async.py took 0.092 seconds
[2023-08-14T10:27:29.623+0200] {processor.py:157} INFO - Started process (PID=454757) to work on /home/akhilesh/py39/lib/python3.9/site-packages/airflow/example_dags/example_time_delta_sensor_async.py
[2023-08-14T10:27:29.632+0200] {processor.py:826} INFO - Processing file /home/akhilesh/py39/lib/python3.9/site-packages/airflow/example_dags/example_time_delta_sensor_async.py for tasks to queue
[2023-08-14T10:27:29.632+0200] {logging_mixin.py:150} INFO - [2023-08-14T10:27:29.632+0200] {dagbag.py:541} INFO - Filling up the DagBag from /home/akhilesh/py39/lib/python3.9/site-packages/airflow/example_dags/example_time_delta_sensor_async.py
[2023-08-14T10:27:29.637+0200] {processor.py:836} INFO - DAG(s) dict_keys(['example_time_delta_sensor_async']) retrieved from /home/akhilesh/py39/lib/python3.9/site-packages/airflow/example_dags/example_time_delta_sensor_async.py
[2023-08-14T10:27:29.655+0200] {logging_mixin.py:150} INFO - [2023-08-14T10:27:29.655+0200] {dag.py:2742} INFO - Sync 1 DAGs
[2023-08-14T10:27:29.668+0200] {logging_mixin.py:150} INFO - [2023-08-14T10:27:29.668+0200] {dag.py:3504} INFO - Setting next_dagrun for example_time_delta_sensor_async to None, run_after=None
[2023-08-14T10:27:29.683+0200] {processor.py:179} INFO - Processing /home/akhilesh/py39/lib/python3.9/site-packages/airflow/example_dags/example_time_delta_sensor_async.py took 0.063 seconds
[2023-08-14T10:28:26.521+0200] {processor.py:157} INFO - Started process (PID=454966) to work on /home/akhilesh/py39/lib/python3.9/site-packages/airflow/example_dags/example_time_delta_sensor_async.py
[2023-08-14T10:28:26.526+0200] {processor.py:826} INFO - Processing file /home/akhilesh/py39/lib/python3.9/site-packages/airflow/example_dags/example_time_delta_sensor_async.py for tasks to queue
[2023-08-14T10:28:26.529+0200] {logging_mixin.py:150} INFO - [2023-08-14T10:28:26.528+0200] {dagbag.py:541} INFO - Filling up the DagBag from /home/akhilesh/py39/lib/python3.9/site-packages/airflow/example_dags/example_time_delta_sensor_async.py
[2023-08-14T10:28:26.537+0200] {processor.py:836} INFO - DAG(s) dict_keys(['example_time_delta_sensor_async']) retrieved from /home/akhilesh/py39/lib/python3.9/site-packages/airflow/example_dags/example_time_delta_sensor_async.py
[2023-08-14T10:28:26.554+0200] {logging_mixin.py:150} INFO - [2023-08-14T10:28:26.554+0200] {dag.py:2742} INFO - Sync 1 DAGs
[2023-08-14T10:28:26.665+0200] {logging_mixin.py:150} INFO - [2023-08-14T10:28:26.665+0200] {dag.py:3504} INFO - Setting next_dagrun for example_time_delta_sensor_async to None, run_after=None
[2023-08-14T10:28:26.698+0200] {processor.py:179} INFO - Processing /home/akhilesh/py39/lib/python3.9/site-packages/airflow/example_dags/example_time_delta_sensor_async.py took 0.187 seconds
[2023-08-14T10:29:31.914+0200] {processor.py:157} INFO - Started process (PID=455206) to work on /home/akhilesh/py39/lib/python3.9/site-packages/airflow/example_dags/example_time_delta_sensor_async.py
[2023-08-14T10:29:31.915+0200] {processor.py:826} INFO - Processing file /home/akhilesh/py39/lib/python3.9/site-packages/airflow/example_dags/example_time_delta_sensor_async.py for tasks to queue
[2023-08-14T10:29:31.915+0200] {logging_mixin.py:150} INFO - [2023-08-14T10:29:31.915+0200] {dagbag.py:541} INFO - Filling up the DagBag from /home/akhilesh/py39/lib/python3.9/site-packages/airflow/example_dags/example_time_delta_sensor_async.py
[2023-08-14T10:29:31.919+0200] {processor.py:836} INFO - DAG(s) dict_keys(['example_time_delta_sensor_async']) retrieved from /home/akhilesh/py39/lib/python3.9/site-packages/airflow/example_dags/example_time_delta_sensor_async.py
[2023-08-14T10:29:31.935+0200] {logging_mixin.py:150} INFO - [2023-08-14T10:29:31.935+0200] {dag.py:2742} INFO - Sync 1 DAGs
[2023-08-14T10:29:31.951+0200] {logging_mixin.py:150} INFO - [2023-08-14T10:29:31.951+0200] {dag.py:3504} INFO - Setting next_dagrun for example_time_delta_sensor_async to None, run_after=None
[2023-08-14T10:29:32.149+0200] {processor.py:179} INFO - Processing /home/akhilesh/py39/lib/python3.9/site-packages/airflow/example_dags/example_time_delta_sensor_async.py took 0.240 seconds
[2023-08-14T10:30:22.520+0200] {processor.py:157} INFO - Started process (PID=455330) to work on /home/akhilesh/py39/lib/python3.9/site-packages/airflow/example_dags/example_time_delta_sensor_async.py
[2023-08-14T10:30:22.521+0200] {processor.py:826} INFO - Processing file /home/akhilesh/py39/lib/python3.9/site-packages/airflow/example_dags/example_time_delta_sensor_async.py for tasks to queue
[2023-08-14T10:30:22.523+0200] {logging_mixin.py:150} INFO - [2023-08-14T10:30:22.522+0200] {dagbag.py:541} INFO - Filling up the DagBag from /home/akhilesh/py39/lib/python3.9/site-packages/airflow/example_dags/example_time_delta_sensor_async.py
[2023-08-14T10:30:22.529+0200] {processor.py:836} INFO - DAG(s) dict_keys(['example_time_delta_sensor_async']) retrieved from /home/akhilesh/py39/lib/python3.9/site-packages/airflow/example_dags/example_time_delta_sensor_async.py
[2023-08-14T10:30:22.548+0200] {logging_mixin.py:150} INFO - [2023-08-14T10:30:22.547+0200] {dag.py:2742} INFO - Sync 1 DAGs
[2023-08-14T10:30:22.567+0200] {logging_mixin.py:150} INFO - [2023-08-14T10:30:22.567+0200] {dag.py:3504} INFO - Setting next_dagrun for example_time_delta_sensor_async to None, run_after=None
[2023-08-14T10:30:22.590+0200] {processor.py:179} INFO - Processing /home/akhilesh/py39/lib/python3.9/site-packages/airflow/example_dags/example_time_delta_sensor_async.py took 0.075 seconds
[2023-08-14T10:31:20.991+0200] {processor.py:157} INFO - Started process (PID=455503) to work on /home/akhilesh/py39/lib/python3.9/site-packages/airflow/example_dags/example_time_delta_sensor_async.py
[2023-08-14T10:31:21.000+0200] {processor.py:826} INFO - Processing file /home/akhilesh/py39/lib/python3.9/site-packages/airflow/example_dags/example_time_delta_sensor_async.py for tasks to queue
[2023-08-14T10:31:21.001+0200] {logging_mixin.py:150} INFO - [2023-08-14T10:31:21.001+0200] {dagbag.py:541} INFO - Filling up the DagBag from /home/akhilesh/py39/lib/python3.9/site-packages/airflow/example_dags/example_time_delta_sensor_async.py
[2023-08-14T10:31:21.007+0200] {processor.py:836} INFO - DAG(s) dict_keys(['example_time_delta_sensor_async']) retrieved from /home/akhilesh/py39/lib/python3.9/site-packages/airflow/example_dags/example_time_delta_sensor_async.py
[2023-08-14T10:31:21.024+0200] {logging_mixin.py:150} INFO - [2023-08-14T10:31:21.024+0200] {dag.py:2742} INFO - Sync 1 DAGs
[2023-08-14T10:31:21.039+0200] {logging_mixin.py:150} INFO - [2023-08-14T10:31:21.039+0200] {dag.py:3504} INFO - Setting next_dagrun for example_time_delta_sensor_async to None, run_after=None
[2023-08-14T10:31:21.057+0200] {processor.py:179} INFO - Processing /home/akhilesh/py39/lib/python3.9/site-packages/airflow/example_dags/example_time_delta_sensor_async.py took 0.070 seconds
[2023-08-14T10:32:09.037+0200] {processor.py:157} INFO - Started process (PID=455721) to work on /home/akhilesh/py39/lib/python3.9/site-packages/airflow/example_dags/example_time_delta_sensor_async.py
[2023-08-14T10:32:09.045+0200] {processor.py:826} INFO - Processing file /home/akhilesh/py39/lib/python3.9/site-packages/airflow/example_dags/example_time_delta_sensor_async.py for tasks to queue
[2023-08-14T10:32:09.047+0200] {logging_mixin.py:150} INFO - [2023-08-14T10:32:09.046+0200] {dagbag.py:541} INFO - Filling up the DagBag from /home/akhilesh/py39/lib/python3.9/site-packages/airflow/example_dags/example_time_delta_sensor_async.py
[2023-08-14T10:32:09.052+0200] {processor.py:836} INFO - DAG(s) dict_keys(['example_time_delta_sensor_async']) retrieved from /home/akhilesh/py39/lib/python3.9/site-packages/airflow/example_dags/example_time_delta_sensor_async.py
[2023-08-14T10:32:09.074+0200] {logging_mixin.py:150} INFO - [2023-08-14T10:32:09.074+0200] {dag.py:2742} INFO - Sync 1 DAGs
[2023-08-14T10:32:09.089+0200] {logging_mixin.py:150} INFO - [2023-08-14T10:32:09.089+0200] {dag.py:3504} INFO - Setting next_dagrun for example_time_delta_sensor_async to None, run_after=None
[2023-08-14T10:32:09.120+0200] {processor.py:179} INFO - Processing /home/akhilesh/py39/lib/python3.9/site-packages/airflow/example_dags/example_time_delta_sensor_async.py took 0.088 seconds
[2023-08-14T10:32:59.512+0200] {processor.py:157} INFO - Started process (PID=455937) to work on /home/akhilesh/py39/lib/python3.9/site-packages/airflow/example_dags/example_time_delta_sensor_async.py
[2023-08-14T10:32:59.522+0200] {processor.py:826} INFO - Processing file /home/akhilesh/py39/lib/python3.9/site-packages/airflow/example_dags/example_time_delta_sensor_async.py for tasks to queue
[2023-08-14T10:32:59.524+0200] {logging_mixin.py:150} INFO - [2023-08-14T10:32:59.524+0200] {dagbag.py:541} INFO - Filling up the DagBag from /home/akhilesh/py39/lib/python3.9/site-packages/airflow/example_dags/example_time_delta_sensor_async.py
[2023-08-14T10:32:59.533+0200] {processor.py:836} INFO - DAG(s) dict_keys(['example_time_delta_sensor_async']) retrieved from /home/akhilesh/py39/lib/python3.9/site-packages/airflow/example_dags/example_time_delta_sensor_async.py
[2023-08-14T10:32:59.551+0200] {logging_mixin.py:150} INFO - [2023-08-14T10:32:59.551+0200] {dag.py:2742} INFO - Sync 1 DAGs
[2023-08-14T10:32:59.569+0200] {logging_mixin.py:150} INFO - [2023-08-14T10:32:59.569+0200] {dag.py:3504} INFO - Setting next_dagrun for example_time_delta_sensor_async to None, run_after=None
[2023-08-14T10:32:59.593+0200] {processor.py:179} INFO - Processing /home/akhilesh/py39/lib/python3.9/site-packages/airflow/example_dags/example_time_delta_sensor_async.py took 0.084 seconds
[2023-08-14T10:33:52.705+0200] {processor.py:157} INFO - Started process (PID=456068) to work on /home/akhilesh/py39/lib/python3.9/site-packages/airflow/example_dags/example_time_delta_sensor_async.py
[2023-08-14T10:33:52.706+0200] {processor.py:826} INFO - Processing file /home/akhilesh/py39/lib/python3.9/site-packages/airflow/example_dags/example_time_delta_sensor_async.py for tasks to queue
[2023-08-14T10:33:52.707+0200] {logging_mixin.py:150} INFO - [2023-08-14T10:33:52.707+0200] {dagbag.py:541} INFO - Filling up the DagBag from /home/akhilesh/py39/lib/python3.9/site-packages/airflow/example_dags/example_time_delta_sensor_async.py
[2023-08-14T10:33:52.711+0200] {processor.py:836} INFO - DAG(s) dict_keys(['example_time_delta_sensor_async']) retrieved from /home/akhilesh/py39/lib/python3.9/site-packages/airflow/example_dags/example_time_delta_sensor_async.py
[2023-08-14T10:33:52.727+0200] {logging_mixin.py:150} INFO - [2023-08-14T10:33:52.727+0200] {dag.py:2742} INFO - Sync 1 DAGs
[2023-08-14T10:33:52.744+0200] {logging_mixin.py:150} INFO - [2023-08-14T10:33:52.744+0200] {dag.py:3504} INFO - Setting next_dagrun for example_time_delta_sensor_async to None, run_after=None
[2023-08-14T10:33:52.770+0200] {processor.py:179} INFO - Processing /home/akhilesh/py39/lib/python3.9/site-packages/airflow/example_dags/example_time_delta_sensor_async.py took 0.069 seconds
[2023-08-14T10:34:47.201+0200] {processor.py:157} INFO - Started process (PID=456201) to work on /home/akhilesh/py39/lib/python3.9/site-packages/airflow/example_dags/example_time_delta_sensor_async.py
[2023-08-14T10:34:47.210+0200] {processor.py:826} INFO - Processing file /home/akhilesh/py39/lib/python3.9/site-packages/airflow/example_dags/example_time_delta_sensor_async.py for tasks to queue
[2023-08-14T10:34:47.211+0200] {logging_mixin.py:150} INFO - [2023-08-14T10:34:47.211+0200] {dagbag.py:541} INFO - Filling up the DagBag from /home/akhilesh/py39/lib/python3.9/site-packages/airflow/example_dags/example_time_delta_sensor_async.py
[2023-08-14T10:34:47.216+0200] {processor.py:836} INFO - DAG(s) dict_keys(['example_time_delta_sensor_async']) retrieved from /home/akhilesh/py39/lib/python3.9/site-packages/airflow/example_dags/example_time_delta_sensor_async.py
[2023-08-14T10:34:47.237+0200] {logging_mixin.py:150} INFO - [2023-08-14T10:34:47.236+0200] {dag.py:2742} INFO - Sync 1 DAGs
[2023-08-14T10:34:47.253+0200] {logging_mixin.py:150} INFO - [2023-08-14T10:34:47.252+0200] {dag.py:3504} INFO - Setting next_dagrun for example_time_delta_sensor_async to None, run_after=None
[2023-08-14T10:34:47.276+0200] {processor.py:179} INFO - Processing /home/akhilesh/py39/lib/python3.9/site-packages/airflow/example_dags/example_time_delta_sensor_async.py took 0.080 seconds
[2023-08-14T10:35:39.933+0200] {processor.py:157} INFO - Started process (PID=456358) to work on /home/akhilesh/py39/lib/python3.9/site-packages/airflow/example_dags/example_time_delta_sensor_async.py
[2023-08-14T10:35:39.935+0200] {processor.py:826} INFO - Processing file /home/akhilesh/py39/lib/python3.9/site-packages/airflow/example_dags/example_time_delta_sensor_async.py for tasks to queue
[2023-08-14T10:35:39.937+0200] {logging_mixin.py:150} INFO - [2023-08-14T10:35:39.936+0200] {dagbag.py:541} INFO - Filling up the DagBag from /home/akhilesh/py39/lib/python3.9/site-packages/airflow/example_dags/example_time_delta_sensor_async.py
[2023-08-14T10:35:39.943+0200] {processor.py:836} INFO - DAG(s) dict_keys(['example_time_delta_sensor_async']) retrieved from /home/akhilesh/py39/lib/python3.9/site-packages/airflow/example_dags/example_time_delta_sensor_async.py
[2023-08-14T10:35:39.958+0200] {logging_mixin.py:150} INFO - [2023-08-14T10:35:39.958+0200] {dag.py:2742} INFO - Sync 1 DAGs
[2023-08-14T10:35:39.973+0200] {logging_mixin.py:150} INFO - [2023-08-14T10:35:39.973+0200] {dag.py:3504} INFO - Setting next_dagrun for example_time_delta_sensor_async to None, run_after=None
[2023-08-14T10:35:39.999+0200] {processor.py:179} INFO - Processing /home/akhilesh/py39/lib/python3.9/site-packages/airflow/example_dags/example_time_delta_sensor_async.py took 0.070 seconds
[2023-08-14T10:36:30.800+0200] {processor.py:157} INFO - Started process (PID=456502) to work on /home/akhilesh/py39/lib/python3.9/site-packages/airflow/example_dags/example_time_delta_sensor_async.py
[2023-08-14T10:36:30.809+0200] {processor.py:826} INFO - Processing file /home/akhilesh/py39/lib/python3.9/site-packages/airflow/example_dags/example_time_delta_sensor_async.py for tasks to queue
[2023-08-14T10:36:30.811+0200] {logging_mixin.py:150} INFO - [2023-08-14T10:36:30.810+0200] {dagbag.py:541} INFO - Filling up the DagBag from /home/akhilesh/py39/lib/python3.9/site-packages/airflow/example_dags/example_time_delta_sensor_async.py
[2023-08-14T10:36:30.816+0200] {processor.py:836} INFO - DAG(s) dict_keys(['example_time_delta_sensor_async']) retrieved from /home/akhilesh/py39/lib/python3.9/site-packages/airflow/example_dags/example_time_delta_sensor_async.py
[2023-08-14T10:36:30.834+0200] {logging_mixin.py:150} INFO - [2023-08-14T10:36:30.833+0200] {dag.py:2742} INFO - Sync 1 DAGs
[2023-08-14T10:36:30.846+0200] {logging_mixin.py:150} INFO - [2023-08-14T10:36:30.846+0200] {dag.py:3504} INFO - Setting next_dagrun for example_time_delta_sensor_async to None, run_after=None
[2023-08-14T10:36:30.861+0200] {processor.py:179} INFO - Processing /home/akhilesh/py39/lib/python3.9/site-packages/airflow/example_dags/example_time_delta_sensor_async.py took 0.065 seconds
[2023-08-14T10:37:19.404+0200] {processor.py:157} INFO - Started process (PID=456620) to work on /home/akhilesh/py39/lib/python3.9/site-packages/airflow/example_dags/example_time_delta_sensor_async.py
[2023-08-14T10:37:19.406+0200] {processor.py:826} INFO - Processing file /home/akhilesh/py39/lib/python3.9/site-packages/airflow/example_dags/example_time_delta_sensor_async.py for tasks to queue
[2023-08-14T10:37:19.407+0200] {logging_mixin.py:150} INFO - [2023-08-14T10:37:19.407+0200] {dagbag.py:541} INFO - Filling up the DagBag from /home/akhilesh/py39/lib/python3.9/site-packages/airflow/example_dags/example_time_delta_sensor_async.py
[2023-08-14T10:37:19.412+0200] {processor.py:836} INFO - DAG(s) dict_keys(['example_time_delta_sensor_async']) retrieved from /home/akhilesh/py39/lib/python3.9/site-packages/airflow/example_dags/example_time_delta_sensor_async.py
[2023-08-14T10:37:19.424+0200] {logging_mixin.py:150} INFO - [2023-08-14T10:37:19.424+0200] {dag.py:2742} INFO - Sync 1 DAGs
[2023-08-14T10:37:19.436+0200] {logging_mixin.py:150} INFO - [2023-08-14T10:37:19.436+0200] {dag.py:3504} INFO - Setting next_dagrun for example_time_delta_sensor_async to None, run_after=None
[2023-08-14T10:37:19.455+0200] {processor.py:179} INFO - Processing /home/akhilesh/py39/lib/python3.9/site-packages/airflow/example_dags/example_time_delta_sensor_async.py took 0.055 seconds
[2023-08-14T10:38:09.518+0200] {processor.py:157} INFO - Started process (PID=456754) to work on /home/akhilesh/py39/lib/python3.9/site-packages/airflow/example_dags/example_time_delta_sensor_async.py
[2023-08-14T10:38:09.527+0200] {processor.py:826} INFO - Processing file /home/akhilesh/py39/lib/python3.9/site-packages/airflow/example_dags/example_time_delta_sensor_async.py for tasks to queue
[2023-08-14T10:38:09.529+0200] {logging_mixin.py:150} INFO - [2023-08-14T10:38:09.528+0200] {dagbag.py:541} INFO - Filling up the DagBag from /home/akhilesh/py39/lib/python3.9/site-packages/airflow/example_dags/example_time_delta_sensor_async.py
[2023-08-14T10:38:09.535+0200] {processor.py:836} INFO - DAG(s) dict_keys(['example_time_delta_sensor_async']) retrieved from /home/akhilesh/py39/lib/python3.9/site-packages/airflow/example_dags/example_time_delta_sensor_async.py
[2023-08-14T10:38:09.552+0200] {logging_mixin.py:150} INFO - [2023-08-14T10:38:09.552+0200] {dag.py:2742} INFO - Sync 1 DAGs
[2023-08-14T10:38:09.571+0200] {logging_mixin.py:150} INFO - [2023-08-14T10:38:09.571+0200] {dag.py:3504} INFO - Setting next_dagrun for example_time_delta_sensor_async to None, run_after=None
[2023-08-14T10:38:09.592+0200] {processor.py:179} INFO - Processing /home/akhilesh/py39/lib/python3.9/site-packages/airflow/example_dags/example_time_delta_sensor_async.py took 0.079 seconds
[2023-08-14T10:39:00.076+0200] {processor.py:157} INFO - Started process (PID=456870) to work on /home/akhilesh/py39/lib/python3.9/site-packages/airflow/example_dags/example_time_delta_sensor_async.py
[2023-08-14T10:39:00.085+0200] {processor.py:826} INFO - Processing file /home/akhilesh/py39/lib/python3.9/site-packages/airflow/example_dags/example_time_delta_sensor_async.py for tasks to queue
[2023-08-14T10:39:00.086+0200] {logging_mixin.py:150} INFO - [2023-08-14T10:39:00.086+0200] {dagbag.py:541} INFO - Filling up the DagBag from /home/akhilesh/py39/lib/python3.9/site-packages/airflow/example_dags/example_time_delta_sensor_async.py
[2023-08-14T10:39:00.092+0200] {processor.py:836} INFO - DAG(s) dict_keys(['example_time_delta_sensor_async']) retrieved from /home/akhilesh/py39/lib/python3.9/site-packages/airflow/example_dags/example_time_delta_sensor_async.py
[2023-08-14T10:39:00.105+0200] {logging_mixin.py:150} INFO - [2023-08-14T10:39:00.105+0200] {dag.py:2742} INFO - Sync 1 DAGs
[2023-08-14T10:39:00.119+0200] {logging_mixin.py:150} INFO - [2023-08-14T10:39:00.119+0200] {dag.py:3504} INFO - Setting next_dagrun for example_time_delta_sensor_async to None, run_after=None
[2023-08-14T10:39:00.150+0200] {processor.py:179} INFO - Processing /home/akhilesh/py39/lib/python3.9/site-packages/airflow/example_dags/example_time_delta_sensor_async.py took 0.078 seconds
[2023-08-14T10:40:02.332+0200] {processor.py:157} INFO - Started process (PID=457229) to work on /home/akhilesh/py39/lib/python3.9/site-packages/airflow/example_dags/example_time_delta_sensor_async.py
[2023-08-14T10:40:02.333+0200] {processor.py:826} INFO - Processing file /home/akhilesh/py39/lib/python3.9/site-packages/airflow/example_dags/example_time_delta_sensor_async.py for tasks to queue
[2023-08-14T10:40:02.334+0200] {logging_mixin.py:150} INFO - [2023-08-14T10:40:02.333+0200] {dagbag.py:541} INFO - Filling up the DagBag from /home/akhilesh/py39/lib/python3.9/site-packages/airflow/example_dags/example_time_delta_sensor_async.py
[2023-08-14T10:40:02.339+0200] {processor.py:836} INFO - DAG(s) dict_keys(['example_time_delta_sensor_async']) retrieved from /home/akhilesh/py39/lib/python3.9/site-packages/airflow/example_dags/example_time_delta_sensor_async.py
[2023-08-14T10:40:02.356+0200] {logging_mixin.py:150} INFO - [2023-08-14T10:40:02.356+0200] {dag.py:2742} INFO - Sync 1 DAGs
[2023-08-14T10:40:02.369+0200] {logging_mixin.py:150} INFO - [2023-08-14T10:40:02.369+0200] {dag.py:3504} INFO - Setting next_dagrun for example_time_delta_sensor_async to None, run_after=None
[2023-08-14T10:40:02.385+0200] {processor.py:179} INFO - Processing /home/akhilesh/py39/lib/python3.9/site-packages/airflow/example_dags/example_time_delta_sensor_async.py took 0.057 seconds
[2023-08-14T10:41:43.762+0200] {processor.py:157} INFO - Started process (PID=457627) to work on /home/akhilesh/py39/lib/python3.9/site-packages/airflow/example_dags/example_time_delta_sensor_async.py
[2023-08-14T10:41:43.771+0200] {processor.py:826} INFO - Processing file /home/akhilesh/py39/lib/python3.9/site-packages/airflow/example_dags/example_time_delta_sensor_async.py for tasks to queue
[2023-08-14T10:41:43.772+0200] {logging_mixin.py:150} INFO - [2023-08-14T10:41:43.772+0200] {dagbag.py:541} INFO - Filling up the DagBag from /home/akhilesh/py39/lib/python3.9/site-packages/airflow/example_dags/example_time_delta_sensor_async.py
[2023-08-14T10:41:43.778+0200] {processor.py:836} INFO - DAG(s) dict_keys(['example_time_delta_sensor_async']) retrieved from /home/akhilesh/py39/lib/python3.9/site-packages/airflow/example_dags/example_time_delta_sensor_async.py
[2023-08-14T10:41:43.798+0200] {logging_mixin.py:150} INFO - [2023-08-14T10:41:43.798+0200] {dag.py:2742} INFO - Sync 1 DAGs
[2023-08-14T10:41:43.810+0200] {logging_mixin.py:150} INFO - [2023-08-14T10:41:43.810+0200] {dag.py:3504} INFO - Setting next_dagrun for example_time_delta_sensor_async to None, run_after=None
[2023-08-14T10:41:43.831+0200] {processor.py:179} INFO - Processing /home/akhilesh/py39/lib/python3.9/site-packages/airflow/example_dags/example_time_delta_sensor_async.py took 0.073 seconds
[2023-08-14T10:42:29.330+0200] {processor.py:157} INFO - Started process (PID=457777) to work on /home/akhilesh/py39/lib/python3.9/site-packages/airflow/example_dags/example_time_delta_sensor_async.py
[2023-08-14T10:42:29.339+0200] {processor.py:826} INFO - Processing file /home/akhilesh/py39/lib/python3.9/site-packages/airflow/example_dags/example_time_delta_sensor_async.py for tasks to queue
[2023-08-14T10:42:29.340+0200] {logging_mixin.py:150} INFO - [2023-08-14T10:42:29.340+0200] {dagbag.py:541} INFO - Filling up the DagBag from /home/akhilesh/py39/lib/python3.9/site-packages/airflow/example_dags/example_time_delta_sensor_async.py
[2023-08-14T10:42:29.343+0200] {processor.py:836} INFO - DAG(s) dict_keys(['example_time_delta_sensor_async']) retrieved from /home/akhilesh/py39/lib/python3.9/site-packages/airflow/example_dags/example_time_delta_sensor_async.py
[2023-08-14T10:42:29.359+0200] {logging_mixin.py:150} INFO - [2023-08-14T10:42:29.358+0200] {dag.py:2742} INFO - Sync 1 DAGs
[2023-08-14T10:42:29.369+0200] {logging_mixin.py:150} INFO - [2023-08-14T10:42:29.369+0200] {dag.py:3504} INFO - Setting next_dagrun for example_time_delta_sensor_async to None, run_after=None
[2023-08-14T10:42:29.393+0200] {processor.py:179} INFO - Processing /home/akhilesh/py39/lib/python3.9/site-packages/airflow/example_dags/example_time_delta_sensor_async.py took 0.066 seconds
[2023-08-14T10:44:35.561+0200] {processor.py:157} INFO - Started process (PID=458284) to work on /home/akhilesh/py39/lib/python3.9/site-packages/airflow/example_dags/example_time_delta_sensor_async.py
[2023-08-14T10:44:35.570+0200] {processor.py:826} INFO - Processing file /home/akhilesh/py39/lib/python3.9/site-packages/airflow/example_dags/example_time_delta_sensor_async.py for tasks to queue
[2023-08-14T10:44:35.572+0200] {logging_mixin.py:150} INFO - [2023-08-14T10:44:35.571+0200] {dagbag.py:541} INFO - Filling up the DagBag from /home/akhilesh/py39/lib/python3.9/site-packages/airflow/example_dags/example_time_delta_sensor_async.py
[2023-08-14T10:44:35.579+0200] {processor.py:836} INFO - DAG(s) dict_keys(['example_time_delta_sensor_async']) retrieved from /home/akhilesh/py39/lib/python3.9/site-packages/airflow/example_dags/example_time_delta_sensor_async.py
[2023-08-14T10:44:35.594+0200] {logging_mixin.py:150} INFO - [2023-08-14T10:44:35.593+0200] {dag.py:2742} INFO - Sync 1 DAGs
[2023-08-14T10:44:35.606+0200] {logging_mixin.py:150} INFO - [2023-08-14T10:44:35.606+0200] {dag.py:3504} INFO - Setting next_dagrun for example_time_delta_sensor_async to None, run_after=None
[2023-08-14T10:44:35.632+0200] {processor.py:179} INFO - Processing /home/akhilesh/py39/lib/python3.9/site-packages/airflow/example_dags/example_time_delta_sensor_async.py took 0.075 seconds
[2023-08-14T10:45:22.077+0200] {processor.py:157} INFO - Started process (PID=458475) to work on /home/akhilesh/py39/lib/python3.9/site-packages/airflow/example_dags/example_time_delta_sensor_async.py
[2023-08-14T10:45:22.079+0200] {processor.py:826} INFO - Processing file /home/akhilesh/py39/lib/python3.9/site-packages/airflow/example_dags/example_time_delta_sensor_async.py for tasks to queue
[2023-08-14T10:45:22.080+0200] {logging_mixin.py:150} INFO - [2023-08-14T10:45:22.079+0200] {dagbag.py:541} INFO - Filling up the DagBag from /home/akhilesh/py39/lib/python3.9/site-packages/airflow/example_dags/example_time_delta_sensor_async.py
[2023-08-14T10:45:22.083+0200] {processor.py:836} INFO - DAG(s) dict_keys(['example_time_delta_sensor_async']) retrieved from /home/akhilesh/py39/lib/python3.9/site-packages/airflow/example_dags/example_time_delta_sensor_async.py
[2023-08-14T10:45:22.097+0200] {logging_mixin.py:150} INFO - [2023-08-14T10:45:22.097+0200] {dag.py:2742} INFO - Sync 1 DAGs
[2023-08-14T10:45:22.110+0200] {logging_mixin.py:150} INFO - [2023-08-14T10:45:22.109+0200] {dag.py:3504} INFO - Setting next_dagrun for example_time_delta_sensor_async to None, run_after=None
[2023-08-14T10:45:22.139+0200] {processor.py:179} INFO - Processing /home/akhilesh/py39/lib/python3.9/site-packages/airflow/example_dags/example_time_delta_sensor_async.py took 0.066 seconds
[2023-08-14T10:46:09.629+0200] {processor.py:157} INFO - Started process (PID=458762) to work on /home/akhilesh/py39/lib/python3.9/site-packages/airflow/example_dags/example_time_delta_sensor_async.py
[2023-08-14T10:46:09.638+0200] {processor.py:826} INFO - Processing file /home/akhilesh/py39/lib/python3.9/site-packages/airflow/example_dags/example_time_delta_sensor_async.py for tasks to queue
[2023-08-14T10:46:09.639+0200] {logging_mixin.py:150} INFO - [2023-08-14T10:46:09.639+0200] {dagbag.py:541} INFO - Filling up the DagBag from /home/akhilesh/py39/lib/python3.9/site-packages/airflow/example_dags/example_time_delta_sensor_async.py
[2023-08-14T10:46:09.646+0200] {processor.py:836} INFO - DAG(s) dict_keys(['example_time_delta_sensor_async']) retrieved from /home/akhilesh/py39/lib/python3.9/site-packages/airflow/example_dags/example_time_delta_sensor_async.py
[2023-08-14T10:46:09.664+0200] {logging_mixin.py:150} INFO - [2023-08-14T10:46:09.664+0200] {dag.py:2742} INFO - Sync 1 DAGs
[2023-08-14T10:46:09.678+0200] {logging_mixin.py:150} INFO - [2023-08-14T10:46:09.678+0200] {dag.py:3504} INFO - Setting next_dagrun for example_time_delta_sensor_async to None, run_after=None
[2023-08-14T10:46:09.704+0200] {processor.py:179} INFO - Processing /home/akhilesh/py39/lib/python3.9/site-packages/airflow/example_dags/example_time_delta_sensor_async.py took 0.079 seconds
[2023-08-14T10:47:00.072+0200] {processor.py:157} INFO - Started process (PID=458935) to work on /home/akhilesh/py39/lib/python3.9/site-packages/airflow/example_dags/example_time_delta_sensor_async.py
[2023-08-14T10:47:00.081+0200] {processor.py:826} INFO - Processing file /home/akhilesh/py39/lib/python3.9/site-packages/airflow/example_dags/example_time_delta_sensor_async.py for tasks to queue
[2023-08-14T10:47:00.082+0200] {logging_mixin.py:150} INFO - [2023-08-14T10:47:00.082+0200] {dagbag.py:541} INFO - Filling up the DagBag from /home/akhilesh/py39/lib/python3.9/site-packages/airflow/example_dags/example_time_delta_sensor_async.py
[2023-08-14T10:47:00.089+0200] {processor.py:836} INFO - DAG(s) dict_keys(['example_time_delta_sensor_async']) retrieved from /home/akhilesh/py39/lib/python3.9/site-packages/airflow/example_dags/example_time_delta_sensor_async.py
[2023-08-14T10:47:00.106+0200] {logging_mixin.py:150} INFO - [2023-08-14T10:47:00.106+0200] {dag.py:2742} INFO - Sync 1 DAGs
[2023-08-14T10:47:00.120+0200] {logging_mixin.py:150} INFO - [2023-08-14T10:47:00.120+0200] {dag.py:3504} INFO - Setting next_dagrun for example_time_delta_sensor_async to None, run_after=None
[2023-08-14T10:47:00.142+0200] {processor.py:179} INFO - Processing /home/akhilesh/py39/lib/python3.9/site-packages/airflow/example_dags/example_time_delta_sensor_async.py took 0.074 seconds
[2023-08-14T10:47:52.230+0200] {processor.py:157} INFO - Started process (PID=459088) to work on /home/akhilesh/py39/lib/python3.9/site-packages/airflow/example_dags/example_time_delta_sensor_async.py
[2023-08-14T10:47:52.239+0200] {processor.py:826} INFO - Processing file /home/akhilesh/py39/lib/python3.9/site-packages/airflow/example_dags/example_time_delta_sensor_async.py for tasks to queue
[2023-08-14T10:47:52.241+0200] {logging_mixin.py:150} INFO - [2023-08-14T10:47:52.240+0200] {dagbag.py:541} INFO - Filling up the DagBag from /home/akhilesh/py39/lib/python3.9/site-packages/airflow/example_dags/example_time_delta_sensor_async.py
[2023-08-14T10:47:52.246+0200] {processor.py:836} INFO - DAG(s) dict_keys(['example_time_delta_sensor_async']) retrieved from /home/akhilesh/py39/lib/python3.9/site-packages/airflow/example_dags/example_time_delta_sensor_async.py
[2023-08-14T10:47:52.265+0200] {logging_mixin.py:150} INFO - [2023-08-14T10:47:52.265+0200] {dag.py:2742} INFO - Sync 1 DAGs
[2023-08-14T10:47:52.278+0200] {logging_mixin.py:150} INFO - [2023-08-14T10:47:52.277+0200] {dag.py:3504} INFO - Setting next_dagrun for example_time_delta_sensor_async to None, run_after=None
[2023-08-14T10:47:52.295+0200] {processor.py:179} INFO - Processing /home/akhilesh/py39/lib/python3.9/site-packages/airflow/example_dags/example_time_delta_sensor_async.py took 0.069 seconds
[2023-08-14T10:48:47.029+0200] {processor.py:157} INFO - Started process (PID=459284) to work on /home/akhilesh/py39/lib/python3.9/site-packages/airflow/example_dags/example_time_delta_sensor_async.py
[2023-08-14T10:48:47.038+0200] {processor.py:826} INFO - Processing file /home/akhilesh/py39/lib/python3.9/site-packages/airflow/example_dags/example_time_delta_sensor_async.py for tasks to queue
[2023-08-14T10:48:47.040+0200] {logging_mixin.py:150} INFO - [2023-08-14T10:48:47.039+0200] {dagbag.py:541} INFO - Filling up the DagBag from /home/akhilesh/py39/lib/python3.9/site-packages/airflow/example_dags/example_time_delta_sensor_async.py
[2023-08-14T10:48:47.046+0200] {processor.py:836} INFO - DAG(s) dict_keys(['example_time_delta_sensor_async']) retrieved from /home/akhilesh/py39/lib/python3.9/site-packages/airflow/example_dags/example_time_delta_sensor_async.py
[2023-08-14T10:48:47.062+0200] {logging_mixin.py:150} INFO - [2023-08-14T10:48:47.061+0200] {dag.py:2742} INFO - Sync 1 DAGs
[2023-08-14T10:48:47.074+0200] {logging_mixin.py:150} INFO - [2023-08-14T10:48:47.074+0200] {dag.py:3504} INFO - Setting next_dagrun for example_time_delta_sensor_async to None, run_after=None
[2023-08-14T10:48:47.098+0200] {processor.py:179} INFO - Processing /home/akhilesh/py39/lib/python3.9/site-packages/airflow/example_dags/example_time_delta_sensor_async.py took 0.073 seconds
[2023-08-14T10:49:37.986+0200] {processor.py:157} INFO - Started process (PID=459432) to work on /home/akhilesh/py39/lib/python3.9/site-packages/airflow/example_dags/example_time_delta_sensor_async.py
[2023-08-14T10:49:37.995+0200] {processor.py:826} INFO - Processing file /home/akhilesh/py39/lib/python3.9/site-packages/airflow/example_dags/example_time_delta_sensor_async.py for tasks to queue
[2023-08-14T10:49:37.996+0200] {logging_mixin.py:150} INFO - [2023-08-14T10:49:37.995+0200] {dagbag.py:541} INFO - Filling up the DagBag from /home/akhilesh/py39/lib/python3.9/site-packages/airflow/example_dags/example_time_delta_sensor_async.py
[2023-08-14T10:49:38.002+0200] {processor.py:836} INFO - DAG(s) dict_keys(['example_time_delta_sensor_async']) retrieved from /home/akhilesh/py39/lib/python3.9/site-packages/airflow/example_dags/example_time_delta_sensor_async.py
[2023-08-14T10:49:38.020+0200] {logging_mixin.py:150} INFO - [2023-08-14T10:49:38.019+0200] {dag.py:2742} INFO - Sync 1 DAGs
[2023-08-14T10:49:38.033+0200] {logging_mixin.py:150} INFO - [2023-08-14T10:49:38.033+0200] {dag.py:3504} INFO - Setting next_dagrun for example_time_delta_sensor_async to None, run_after=None
[2023-08-14T10:49:38.055+0200] {processor.py:179} INFO - Processing /home/akhilesh/py39/lib/python3.9/site-packages/airflow/example_dags/example_time_delta_sensor_async.py took 0.073 seconds
[2023-08-14T10:50:29.004+0200] {processor.py:157} INFO - Started process (PID=459652) to work on /home/akhilesh/py39/lib/python3.9/site-packages/airflow/example_dags/example_time_delta_sensor_async.py
[2023-08-14T10:50:29.013+0200] {processor.py:826} INFO - Processing file /home/akhilesh/py39/lib/python3.9/site-packages/airflow/example_dags/example_time_delta_sensor_async.py for tasks to queue
[2023-08-14T10:50:29.015+0200] {logging_mixin.py:150} INFO - [2023-08-14T10:50:29.014+0200] {dagbag.py:541} INFO - Filling up the DagBag from /home/akhilesh/py39/lib/python3.9/site-packages/airflow/example_dags/example_time_delta_sensor_async.py
[2023-08-14T10:50:29.020+0200] {processor.py:836} INFO - DAG(s) dict_keys(['example_time_delta_sensor_async']) retrieved from /home/akhilesh/py39/lib/python3.9/site-packages/airflow/example_dags/example_time_delta_sensor_async.py
[2023-08-14T10:50:29.034+0200] {logging_mixin.py:150} INFO - [2023-08-14T10:50:29.034+0200] {dag.py:2742} INFO - Sync 1 DAGs
[2023-08-14T10:50:29.045+0200] {logging_mixin.py:150} INFO - [2023-08-14T10:50:29.044+0200] {dag.py:3504} INFO - Setting next_dagrun for example_time_delta_sensor_async to None, run_after=None
[2023-08-14T10:50:29.060+0200] {processor.py:179} INFO - Processing /home/akhilesh/py39/lib/python3.9/site-packages/airflow/example_dags/example_time_delta_sensor_async.py took 0.060 seconds
[2023-08-14T10:51:20.736+0200] {processor.py:157} INFO - Started process (PID=459802) to work on /home/akhilesh/py39/lib/python3.9/site-packages/airflow/example_dags/example_time_delta_sensor_async.py
[2023-08-14T10:51:20.745+0200] {processor.py:826} INFO - Processing file /home/akhilesh/py39/lib/python3.9/site-packages/airflow/example_dags/example_time_delta_sensor_async.py for tasks to queue
[2023-08-14T10:51:20.746+0200] {logging_mixin.py:150} INFO - [2023-08-14T10:51:20.746+0200] {dagbag.py:541} INFO - Filling up the DagBag from /home/akhilesh/py39/lib/python3.9/site-packages/airflow/example_dags/example_time_delta_sensor_async.py
[2023-08-14T10:51:20.753+0200] {processor.py:836} INFO - DAG(s) dict_keys(['example_time_delta_sensor_async']) retrieved from /home/akhilesh/py39/lib/python3.9/site-packages/airflow/example_dags/example_time_delta_sensor_async.py
[2023-08-14T10:51:20.771+0200] {logging_mixin.py:150} INFO - [2023-08-14T10:51:20.771+0200] {dag.py:2742} INFO - Sync 1 DAGs
[2023-08-14T10:51:20.785+0200] {logging_mixin.py:150} INFO - [2023-08-14T10:51:20.785+0200] {dag.py:3504} INFO - Setting next_dagrun for example_time_delta_sensor_async to None, run_after=None
[2023-08-14T10:51:20.810+0200] {processor.py:179} INFO - Processing /home/akhilesh/py39/lib/python3.9/site-packages/airflow/example_dags/example_time_delta_sensor_async.py took 0.077 seconds
[2023-08-14T10:52:08.510+0200] {processor.py:157} INFO - Started process (PID=459932) to work on /home/akhilesh/py39/lib/python3.9/site-packages/airflow/example_dags/example_time_delta_sensor_async.py
[2023-08-14T10:52:08.519+0200] {processor.py:826} INFO - Processing file /home/akhilesh/py39/lib/python3.9/site-packages/airflow/example_dags/example_time_delta_sensor_async.py for tasks to queue
[2023-08-14T10:52:08.520+0200] {logging_mixin.py:150} INFO - [2023-08-14T10:52:08.520+0200] {dagbag.py:541} INFO - Filling up the DagBag from /home/akhilesh/py39/lib/python3.9/site-packages/airflow/example_dags/example_time_delta_sensor_async.py
[2023-08-14T10:52:08.526+0200] {processor.py:836} INFO - DAG(s) dict_keys(['example_time_delta_sensor_async']) retrieved from /home/akhilesh/py39/lib/python3.9/site-packages/airflow/example_dags/example_time_delta_sensor_async.py
[2023-08-14T10:52:08.545+0200] {logging_mixin.py:150} INFO - [2023-08-14T10:52:08.545+0200] {dag.py:2742} INFO - Sync 1 DAGs
[2023-08-14T10:52:08.559+0200] {logging_mixin.py:150} INFO - [2023-08-14T10:52:08.559+0200] {dag.py:3504} INFO - Setting next_dagrun for example_time_delta_sensor_async to None, run_after=None
[2023-08-14T10:52:08.578+0200] {processor.py:179} INFO - Processing /home/akhilesh/py39/lib/python3.9/site-packages/airflow/example_dags/example_time_delta_sensor_async.py took 0.073 seconds
[2023-08-14T10:53:00.044+0200] {processor.py:157} INFO - Started process (PID=460133) to work on /home/akhilesh/py39/lib/python3.9/site-packages/airflow/example_dags/example_time_delta_sensor_async.py
[2023-08-14T10:53:00.046+0200] {processor.py:826} INFO - Processing file /home/akhilesh/py39/lib/python3.9/site-packages/airflow/example_dags/example_time_delta_sensor_async.py for tasks to queue
[2023-08-14T10:53:00.047+0200] {logging_mixin.py:150} INFO - [2023-08-14T10:53:00.046+0200] {dagbag.py:541} INFO - Filling up the DagBag from /home/akhilesh/py39/lib/python3.9/site-packages/airflow/example_dags/example_time_delta_sensor_async.py
[2023-08-14T10:53:00.053+0200] {processor.py:836} INFO - DAG(s) dict_keys(['example_time_delta_sensor_async']) retrieved from /home/akhilesh/py39/lib/python3.9/site-packages/airflow/example_dags/example_time_delta_sensor_async.py
[2023-08-14T10:53:00.068+0200] {logging_mixin.py:150} INFO - [2023-08-14T10:53:00.068+0200] {dag.py:2742} INFO - Sync 1 DAGs
[2023-08-14T10:53:00.082+0200] {logging_mixin.py:150} INFO - [2023-08-14T10:53:00.082+0200] {dag.py:3504} INFO - Setting next_dagrun for example_time_delta_sensor_async to None, run_after=None
[2023-08-14T10:53:00.104+0200] {processor.py:179} INFO - Processing /home/akhilesh/py39/lib/python3.9/site-packages/airflow/example_dags/example_time_delta_sensor_async.py took 0.064 seconds
[2023-08-14T10:53:51.958+0200] {processor.py:157} INFO - Started process (PID=460297) to work on /home/akhilesh/py39/lib/python3.9/site-packages/airflow/example_dags/example_time_delta_sensor_async.py
[2023-08-14T10:53:51.967+0200] {processor.py:826} INFO - Processing file /home/akhilesh/py39/lib/python3.9/site-packages/airflow/example_dags/example_time_delta_sensor_async.py for tasks to queue
[2023-08-14T10:53:51.968+0200] {logging_mixin.py:150} INFO - [2023-08-14T10:53:51.968+0200] {dagbag.py:541} INFO - Filling up the DagBag from /home/akhilesh/py39/lib/python3.9/site-packages/airflow/example_dags/example_time_delta_sensor_async.py
[2023-08-14T10:53:51.974+0200] {processor.py:836} INFO - DAG(s) dict_keys(['example_time_delta_sensor_async']) retrieved from /home/akhilesh/py39/lib/python3.9/site-packages/airflow/example_dags/example_time_delta_sensor_async.py
[2023-08-14T10:53:51.991+0200] {logging_mixin.py:150} INFO - [2023-08-14T10:53:51.991+0200] {dag.py:2742} INFO - Sync 1 DAGs
[2023-08-14T10:53:52.004+0200] {logging_mixin.py:150} INFO - [2023-08-14T10:53:52.004+0200] {dag.py:3504} INFO - Setting next_dagrun for example_time_delta_sensor_async to None, run_after=None
[2023-08-14T10:53:52.026+0200] {processor.py:179} INFO - Processing /home/akhilesh/py39/lib/python3.9/site-packages/airflow/example_dags/example_time_delta_sensor_async.py took 0.072 seconds
[2023-08-14T10:54:44.076+0200] {processor.py:157} INFO - Started process (PID=460481) to work on /home/akhilesh/py39/lib/python3.9/site-packages/airflow/example_dags/example_time_delta_sensor_async.py
[2023-08-14T10:54:44.085+0200] {processor.py:826} INFO - Processing file /home/akhilesh/py39/lib/python3.9/site-packages/airflow/example_dags/example_time_delta_sensor_async.py for tasks to queue
[2023-08-14T10:54:44.086+0200] {logging_mixin.py:150} INFO - [2023-08-14T10:54:44.085+0200] {dagbag.py:541} INFO - Filling up the DagBag from /home/akhilesh/py39/lib/python3.9/site-packages/airflow/example_dags/example_time_delta_sensor_async.py
[2023-08-14T10:54:44.092+0200] {processor.py:836} INFO - DAG(s) dict_keys(['example_time_delta_sensor_async']) retrieved from /home/akhilesh/py39/lib/python3.9/site-packages/airflow/example_dags/example_time_delta_sensor_async.py
[2023-08-14T10:54:44.110+0200] {logging_mixin.py:150} INFO - [2023-08-14T10:54:44.110+0200] {dag.py:2742} INFO - Sync 1 DAGs
[2023-08-14T10:54:44.122+0200] {logging_mixin.py:150} INFO - [2023-08-14T10:54:44.122+0200] {dag.py:3504} INFO - Setting next_dagrun for example_time_delta_sensor_async to None, run_after=None
[2023-08-14T10:54:44.143+0200] {processor.py:179} INFO - Processing /home/akhilesh/py39/lib/python3.9/site-packages/airflow/example_dags/example_time_delta_sensor_async.py took 0.071 seconds
[2023-08-14T10:55:33.591+0200] {processor.py:157} INFO - Started process (PID=460622) to work on /home/akhilesh/py39/lib/python3.9/site-packages/airflow/example_dags/example_time_delta_sensor_async.py
[2023-08-14T10:55:33.600+0200] {processor.py:826} INFO - Processing file /home/akhilesh/py39/lib/python3.9/site-packages/airflow/example_dags/example_time_delta_sensor_async.py for tasks to queue
[2023-08-14T10:55:33.602+0200] {logging_mixin.py:150} INFO - [2023-08-14T10:55:33.601+0200] {dagbag.py:541} INFO - Filling up the DagBag from /home/akhilesh/py39/lib/python3.9/site-packages/airflow/example_dags/example_time_delta_sensor_async.py
[2023-08-14T10:55:33.609+0200] {processor.py:836} INFO - DAG(s) dict_keys(['example_time_delta_sensor_async']) retrieved from /home/akhilesh/py39/lib/python3.9/site-packages/airflow/example_dags/example_time_delta_sensor_async.py
[2023-08-14T10:55:33.626+0200] {logging_mixin.py:150} INFO - [2023-08-14T10:55:33.626+0200] {dag.py:2742} INFO - Sync 1 DAGs
[2023-08-14T10:55:33.640+0200] {logging_mixin.py:150} INFO - [2023-08-14T10:55:33.640+0200] {dag.py:3504} INFO - Setting next_dagrun for example_time_delta_sensor_async to None, run_after=None
[2023-08-14T10:55:33.658+0200] {processor.py:179} INFO - Processing /home/akhilesh/py39/lib/python3.9/site-packages/airflow/example_dags/example_time_delta_sensor_async.py took 0.072 seconds
[2023-08-14T10:56:22.525+0200] {processor.py:157} INFO - Started process (PID=460780) to work on /home/akhilesh/py39/lib/python3.9/site-packages/airflow/example_dags/example_time_delta_sensor_async.py
[2023-08-14T10:56:22.534+0200] {processor.py:826} INFO - Processing file /home/akhilesh/py39/lib/python3.9/site-packages/airflow/example_dags/example_time_delta_sensor_async.py for tasks to queue
[2023-08-14T10:56:22.535+0200] {logging_mixin.py:150} INFO - [2023-08-14T10:56:22.535+0200] {dagbag.py:541} INFO - Filling up the DagBag from /home/akhilesh/py39/lib/python3.9/site-packages/airflow/example_dags/example_time_delta_sensor_async.py
[2023-08-14T10:56:22.541+0200] {processor.py:836} INFO - DAG(s) dict_keys(['example_time_delta_sensor_async']) retrieved from /home/akhilesh/py39/lib/python3.9/site-packages/airflow/example_dags/example_time_delta_sensor_async.py
[2023-08-14T10:56:22.558+0200] {logging_mixin.py:150} INFO - [2023-08-14T10:56:22.558+0200] {dag.py:2742} INFO - Sync 1 DAGs
[2023-08-14T10:56:22.572+0200] {logging_mixin.py:150} INFO - [2023-08-14T10:56:22.572+0200] {dag.py:3504} INFO - Setting next_dagrun for example_time_delta_sensor_async to None, run_after=None
[2023-08-14T10:56:22.597+0200] {processor.py:179} INFO - Processing /home/akhilesh/py39/lib/python3.9/site-packages/airflow/example_dags/example_time_delta_sensor_async.py took 0.076 seconds
[2023-08-14T10:57:11.988+0200] {processor.py:157} INFO - Started process (PID=460976) to work on /home/akhilesh/py39/lib/python3.9/site-packages/airflow/example_dags/example_time_delta_sensor_async.py
[2023-08-14T10:57:11.997+0200] {processor.py:826} INFO - Processing file /home/akhilesh/py39/lib/python3.9/site-packages/airflow/example_dags/example_time_delta_sensor_async.py for tasks to queue
[2023-08-14T10:57:11.999+0200] {logging_mixin.py:150} INFO - [2023-08-14T10:57:11.998+0200] {dagbag.py:541} INFO - Filling up the DagBag from /home/akhilesh/py39/lib/python3.9/site-packages/airflow/example_dags/example_time_delta_sensor_async.py
[2023-08-14T10:57:12.006+0200] {processor.py:836} INFO - DAG(s) dict_keys(['example_time_delta_sensor_async']) retrieved from /home/akhilesh/py39/lib/python3.9/site-packages/airflow/example_dags/example_time_delta_sensor_async.py
[2023-08-14T10:57:12.025+0200] {logging_mixin.py:150} INFO - [2023-08-14T10:57:12.024+0200] {dag.py:2742} INFO - Sync 1 DAGs
[2023-08-14T10:57:12.039+0200] {logging_mixin.py:150} INFO - [2023-08-14T10:57:12.039+0200] {dag.py:3504} INFO - Setting next_dagrun for example_time_delta_sensor_async to None, run_after=None
[2023-08-14T10:57:12.062+0200] {processor.py:179} INFO - Processing /home/akhilesh/py39/lib/python3.9/site-packages/airflow/example_dags/example_time_delta_sensor_async.py took 0.078 seconds
[2023-08-14T10:57:58.547+0200] {processor.py:157} INFO - Started process (PID=461191) to work on /home/akhilesh/py39/lib/python3.9/site-packages/airflow/example_dags/example_time_delta_sensor_async.py
[2023-08-14T10:57:58.548+0200] {processor.py:826} INFO - Processing file /home/akhilesh/py39/lib/python3.9/site-packages/airflow/example_dags/example_time_delta_sensor_async.py for tasks to queue
[2023-08-14T10:57:58.549+0200] {logging_mixin.py:150} INFO - [2023-08-14T10:57:58.549+0200] {dagbag.py:541} INFO - Filling up the DagBag from /home/akhilesh/py39/lib/python3.9/site-packages/airflow/example_dags/example_time_delta_sensor_async.py
[2023-08-14T10:57:58.551+0200] {processor.py:836} INFO - DAG(s) dict_keys(['example_time_delta_sensor_async']) retrieved from /home/akhilesh/py39/lib/python3.9/site-packages/airflow/example_dags/example_time_delta_sensor_async.py
[2023-08-14T10:57:58.562+0200] {logging_mixin.py:150} INFO - [2023-08-14T10:57:58.562+0200] {dag.py:2742} INFO - Sync 1 DAGs
[2023-08-14T10:57:58.573+0200] {logging_mixin.py:150} INFO - [2023-08-14T10:57:58.573+0200] {dag.py:3504} INFO - Setting next_dagrun for example_time_delta_sensor_async to None, run_after=None
[2023-08-14T10:57:58.595+0200] {processor.py:179} INFO - Processing /home/akhilesh/py39/lib/python3.9/site-packages/airflow/example_dags/example_time_delta_sensor_async.py took 0.052 seconds
[2023-08-14T10:58:44.889+0200] {processor.py:157} INFO - Started process (PID=461345) to work on /home/akhilesh/py39/lib/python3.9/site-packages/airflow/example_dags/example_time_delta_sensor_async.py
[2023-08-14T10:58:44.899+0200] {processor.py:826} INFO - Processing file /home/akhilesh/py39/lib/python3.9/site-packages/airflow/example_dags/example_time_delta_sensor_async.py for tasks to queue
[2023-08-14T10:58:44.900+0200] {logging_mixin.py:150} INFO - [2023-08-14T10:58:44.899+0200] {dagbag.py:541} INFO - Filling up the DagBag from /home/akhilesh/py39/lib/python3.9/site-packages/airflow/example_dags/example_time_delta_sensor_async.py
[2023-08-14T10:58:44.904+0200] {processor.py:836} INFO - DAG(s) dict_keys(['example_time_delta_sensor_async']) retrieved from /home/akhilesh/py39/lib/python3.9/site-packages/airflow/example_dags/example_time_delta_sensor_async.py
[2023-08-14T10:58:44.920+0200] {logging_mixin.py:150} INFO - [2023-08-14T10:58:44.920+0200] {dag.py:2742} INFO - Sync 1 DAGs
[2023-08-14T10:58:44.934+0200] {logging_mixin.py:150} INFO - [2023-08-14T10:58:44.934+0200] {dag.py:3504} INFO - Setting next_dagrun for example_time_delta_sensor_async to None, run_after=None
[2023-08-14T10:58:44.959+0200] {processor.py:179} INFO - Processing /home/akhilesh/py39/lib/python3.9/site-packages/airflow/example_dags/example_time_delta_sensor_async.py took 0.074 seconds
[2023-08-14T10:59:34.296+0200] {processor.py:157} INFO - Started process (PID=461486) to work on /home/akhilesh/py39/lib/python3.9/site-packages/airflow/example_dags/example_time_delta_sensor_async.py
[2023-08-14T10:59:34.305+0200] {processor.py:826} INFO - Processing file /home/akhilesh/py39/lib/python3.9/site-packages/airflow/example_dags/example_time_delta_sensor_async.py for tasks to queue
[2023-08-14T10:59:34.307+0200] {logging_mixin.py:150} INFO - [2023-08-14T10:59:34.306+0200] {dagbag.py:541} INFO - Filling up the DagBag from /home/akhilesh/py39/lib/python3.9/site-packages/airflow/example_dags/example_time_delta_sensor_async.py
[2023-08-14T10:59:34.313+0200] {processor.py:836} INFO - DAG(s) dict_keys(['example_time_delta_sensor_async']) retrieved from /home/akhilesh/py39/lib/python3.9/site-packages/airflow/example_dags/example_time_delta_sensor_async.py
[2023-08-14T10:59:34.331+0200] {logging_mixin.py:150} INFO - [2023-08-14T10:59:34.331+0200] {dag.py:2742} INFO - Sync 1 DAGs
[2023-08-14T10:59:34.345+0200] {logging_mixin.py:150} INFO - [2023-08-14T10:59:34.345+0200] {dag.py:3504} INFO - Setting next_dagrun for example_time_delta_sensor_async to None, run_after=None
[2023-08-14T10:59:34.373+0200] {processor.py:179} INFO - Processing /home/akhilesh/py39/lib/python3.9/site-packages/airflow/example_dags/example_time_delta_sensor_async.py took 0.081 seconds
[2023-08-14T11:00:23.116+0200] {processor.py:157} INFO - Started process (PID=461661) to work on /home/akhilesh/py39/lib/python3.9/site-packages/airflow/example_dags/example_time_delta_sensor_async.py
[2023-08-14T11:00:23.125+0200] {processor.py:826} INFO - Processing file /home/akhilesh/py39/lib/python3.9/site-packages/airflow/example_dags/example_time_delta_sensor_async.py for tasks to queue
[2023-08-14T11:00:23.125+0200] {logging_mixin.py:150} INFO - [2023-08-14T11:00:23.125+0200] {dagbag.py:541} INFO - Filling up the DagBag from /home/akhilesh/py39/lib/python3.9/site-packages/airflow/example_dags/example_time_delta_sensor_async.py
[2023-08-14T11:00:23.129+0200] {processor.py:836} INFO - DAG(s) dict_keys(['example_time_delta_sensor_async']) retrieved from /home/akhilesh/py39/lib/python3.9/site-packages/airflow/example_dags/example_time_delta_sensor_async.py
[2023-08-14T11:00:23.147+0200] {logging_mixin.py:150} INFO - [2023-08-14T11:00:23.147+0200] {dag.py:2742} INFO - Sync 1 DAGs
[2023-08-14T11:00:23.158+0200] {logging_mixin.py:150} INFO - [2023-08-14T11:00:23.158+0200] {dag.py:3504} INFO - Setting next_dagrun for example_time_delta_sensor_async to None, run_after=None
[2023-08-14T11:00:23.172+0200] {processor.py:179} INFO - Processing /home/akhilesh/py39/lib/python3.9/site-packages/airflow/example_dags/example_time_delta_sensor_async.py took 0.061 seconds
[2023-08-14T11:01:14.930+0200] {processor.py:157} INFO - Started process (PID=461781) to work on /home/akhilesh/py39/lib/python3.9/site-packages/airflow/example_dags/example_time_delta_sensor_async.py
[2023-08-14T11:01:14.931+0200] {processor.py:826} INFO - Processing file /home/akhilesh/py39/lib/python3.9/site-packages/airflow/example_dags/example_time_delta_sensor_async.py for tasks to queue
[2023-08-14T11:01:14.931+0200] {logging_mixin.py:150} INFO - [2023-08-14T11:01:14.931+0200] {dagbag.py:541} INFO - Filling up the DagBag from /home/akhilesh/py39/lib/python3.9/site-packages/airflow/example_dags/example_time_delta_sensor_async.py
[2023-08-14T11:01:14.935+0200] {processor.py:836} INFO - DAG(s) dict_keys(['example_time_delta_sensor_async']) retrieved from /home/akhilesh/py39/lib/python3.9/site-packages/airflow/example_dags/example_time_delta_sensor_async.py
[2023-08-14T11:01:14.949+0200] {logging_mixin.py:150} INFO - [2023-08-14T11:01:14.949+0200] {dag.py:2742} INFO - Sync 1 DAGs
[2023-08-14T11:01:14.963+0200] {logging_mixin.py:150} INFO - [2023-08-14T11:01:14.963+0200] {dag.py:3504} INFO - Setting next_dagrun for example_time_delta_sensor_async to None, run_after=None
[2023-08-14T11:01:14.991+0200] {processor.py:179} INFO - Processing /home/akhilesh/py39/lib/python3.9/site-packages/airflow/example_dags/example_time_delta_sensor_async.py took 0.063 seconds
[2023-08-14T11:02:10.620+0200] {processor.py:157} INFO - Started process (PID=462029) to work on /home/akhilesh/py39/lib/python3.9/site-packages/airflow/example_dags/example_time_delta_sensor_async.py
[2023-08-14T11:02:10.629+0200] {processor.py:826} INFO - Processing file /home/akhilesh/py39/lib/python3.9/site-packages/airflow/example_dags/example_time_delta_sensor_async.py for tasks to queue
[2023-08-14T11:02:10.631+0200] {logging_mixin.py:150} INFO - [2023-08-14T11:02:10.630+0200] {dagbag.py:541} INFO - Filling up the DagBag from /home/akhilesh/py39/lib/python3.9/site-packages/airflow/example_dags/example_time_delta_sensor_async.py
[2023-08-14T11:02:10.636+0200] {processor.py:836} INFO - DAG(s) dict_keys(['example_time_delta_sensor_async']) retrieved from /home/akhilesh/py39/lib/python3.9/site-packages/airflow/example_dags/example_time_delta_sensor_async.py
[2023-08-14T11:02:10.652+0200] {logging_mixin.py:150} INFO - [2023-08-14T11:02:10.652+0200] {dag.py:2742} INFO - Sync 1 DAGs
[2023-08-14T11:02:10.665+0200] {logging_mixin.py:150} INFO - [2023-08-14T11:02:10.665+0200] {dag.py:3504} INFO - Setting next_dagrun for example_time_delta_sensor_async to None, run_after=None
[2023-08-14T11:02:10.689+0200] {processor.py:179} INFO - Processing /home/akhilesh/py39/lib/python3.9/site-packages/airflow/example_dags/example_time_delta_sensor_async.py took 0.073 seconds
[2023-08-14T11:03:04.051+0200] {processor.py:157} INFO - Started process (PID=462201) to work on /home/akhilesh/py39/lib/python3.9/site-packages/airflow/example_dags/example_time_delta_sensor_async.py
[2023-08-14T11:03:04.060+0200] {processor.py:826} INFO - Processing file /home/akhilesh/py39/lib/python3.9/site-packages/airflow/example_dags/example_time_delta_sensor_async.py for tasks to queue
[2023-08-14T11:03:04.062+0200] {logging_mixin.py:150} INFO - [2023-08-14T11:03:04.061+0200] {dagbag.py:541} INFO - Filling up the DagBag from /home/akhilesh/py39/lib/python3.9/site-packages/airflow/example_dags/example_time_delta_sensor_async.py
[2023-08-14T11:03:04.067+0200] {processor.py:836} INFO - DAG(s) dict_keys(['example_time_delta_sensor_async']) retrieved from /home/akhilesh/py39/lib/python3.9/site-packages/airflow/example_dags/example_time_delta_sensor_async.py
[2023-08-14T11:03:04.082+0200] {logging_mixin.py:150} INFO - [2023-08-14T11:03:04.082+0200] {dag.py:2742} INFO - Sync 1 DAGs
[2023-08-14T11:03:04.095+0200] {logging_mixin.py:150} INFO - [2023-08-14T11:03:04.095+0200] {dag.py:3504} INFO - Setting next_dagrun for example_time_delta_sensor_async to None, run_after=None
[2023-08-14T11:03:04.120+0200] {processor.py:179} INFO - Processing /home/akhilesh/py39/lib/python3.9/site-packages/airflow/example_dags/example_time_delta_sensor_async.py took 0.073 seconds
[2023-08-14T11:03:55.992+0200] {processor.py:157} INFO - Started process (PID=462317) to work on /home/akhilesh/py39/lib/python3.9/site-packages/airflow/example_dags/example_time_delta_sensor_async.py
[2023-08-14T11:03:56.001+0200] {processor.py:826} INFO - Processing file /home/akhilesh/py39/lib/python3.9/site-packages/airflow/example_dags/example_time_delta_sensor_async.py for tasks to queue
[2023-08-14T11:03:56.002+0200] {logging_mixin.py:150} INFO - [2023-08-14T11:03:56.002+0200] {dagbag.py:541} INFO - Filling up the DagBag from /home/akhilesh/py39/lib/python3.9/site-packages/airflow/example_dags/example_time_delta_sensor_async.py
[2023-08-14T11:03:56.008+0200] {processor.py:836} INFO - DAG(s) dict_keys(['example_time_delta_sensor_async']) retrieved from /home/akhilesh/py39/lib/python3.9/site-packages/airflow/example_dags/example_time_delta_sensor_async.py
[2023-08-14T11:03:56.024+0200] {logging_mixin.py:150} INFO - [2023-08-14T11:03:56.024+0200] {dag.py:2742} INFO - Sync 1 DAGs
[2023-08-14T11:03:56.037+0200] {logging_mixin.py:150} INFO - [2023-08-14T11:03:56.037+0200] {dag.py:3504} INFO - Setting next_dagrun for example_time_delta_sensor_async to None, run_after=None
[2023-08-14T11:03:56.063+0200] {processor.py:179} INFO - Processing /home/akhilesh/py39/lib/python3.9/site-packages/airflow/example_dags/example_time_delta_sensor_async.py took 0.075 seconds
[2023-08-14T11:04:44.059+0200] {processor.py:157} INFO - Started process (PID=462449) to work on /home/akhilesh/py39/lib/python3.9/site-packages/airflow/example_dags/example_time_delta_sensor_async.py
[2023-08-14T11:04:44.068+0200] {processor.py:826} INFO - Processing file /home/akhilesh/py39/lib/python3.9/site-packages/airflow/example_dags/example_time_delta_sensor_async.py for tasks to queue
[2023-08-14T11:04:44.069+0200] {logging_mixin.py:150} INFO - [2023-08-14T11:04:44.069+0200] {dagbag.py:541} INFO - Filling up the DagBag from /home/akhilesh/py39/lib/python3.9/site-packages/airflow/example_dags/example_time_delta_sensor_async.py
[2023-08-14T11:04:44.076+0200] {processor.py:836} INFO - DAG(s) dict_keys(['example_time_delta_sensor_async']) retrieved from /home/akhilesh/py39/lib/python3.9/site-packages/airflow/example_dags/example_time_delta_sensor_async.py
[2023-08-14T11:04:44.091+0200] {logging_mixin.py:150} INFO - [2023-08-14T11:04:44.091+0200] {dag.py:2742} INFO - Sync 1 DAGs
[2023-08-14T11:04:44.103+0200] {logging_mixin.py:150} INFO - [2023-08-14T11:04:44.103+0200] {dag.py:3504} INFO - Setting next_dagrun for example_time_delta_sensor_async to None, run_after=None
[2023-08-14T11:04:44.125+0200] {processor.py:179} INFO - Processing /home/akhilesh/py39/lib/python3.9/site-packages/airflow/example_dags/example_time_delta_sensor_async.py took 0.071 seconds
[2023-08-14T11:05:38.890+0200] {processor.py:157} INFO - Started process (PID=462605) to work on /home/akhilesh/py39/lib/python3.9/site-packages/airflow/example_dags/example_time_delta_sensor_async.py
[2023-08-14T11:05:38.892+0200] {processor.py:826} INFO - Processing file /home/akhilesh/py39/lib/python3.9/site-packages/airflow/example_dags/example_time_delta_sensor_async.py for tasks to queue
[2023-08-14T11:05:38.894+0200] {logging_mixin.py:150} INFO - [2023-08-14T11:05:38.893+0200] {dagbag.py:541} INFO - Filling up the DagBag from /home/akhilesh/py39/lib/python3.9/site-packages/airflow/example_dags/example_time_delta_sensor_async.py
[2023-08-14T11:05:38.903+0200] {processor.py:836} INFO - DAG(s) dict_keys(['example_time_delta_sensor_async']) retrieved from /home/akhilesh/py39/lib/python3.9/site-packages/airflow/example_dags/example_time_delta_sensor_async.py
[2023-08-14T11:05:38.921+0200] {logging_mixin.py:150} INFO - [2023-08-14T11:05:38.921+0200] {dag.py:2742} INFO - Sync 1 DAGs
[2023-08-14T11:05:38.937+0200] {logging_mixin.py:150} INFO - [2023-08-14T11:05:38.937+0200] {dag.py:3504} INFO - Setting next_dagrun for example_time_delta_sensor_async to None, run_after=None
[2023-08-14T11:05:38.961+0200] {processor.py:179} INFO - Processing /home/akhilesh/py39/lib/python3.9/site-packages/airflow/example_dags/example_time_delta_sensor_async.py took 0.077 seconds
[2023-08-14T11:06:28.526+0200] {processor.py:157} INFO - Started process (PID=462774) to work on /home/akhilesh/py39/lib/python3.9/site-packages/airflow/example_dags/example_time_delta_sensor_async.py
[2023-08-14T11:06:28.527+0200] {processor.py:826} INFO - Processing file /home/akhilesh/py39/lib/python3.9/site-packages/airflow/example_dags/example_time_delta_sensor_async.py for tasks to queue
[2023-08-14T11:06:28.528+0200] {logging_mixin.py:150} INFO - [2023-08-14T11:06:28.528+0200] {dagbag.py:541} INFO - Filling up the DagBag from /home/akhilesh/py39/lib/python3.9/site-packages/airflow/example_dags/example_time_delta_sensor_async.py
[2023-08-14T11:06:28.532+0200] {processor.py:836} INFO - DAG(s) dict_keys(['example_time_delta_sensor_async']) retrieved from /home/akhilesh/py39/lib/python3.9/site-packages/airflow/example_dags/example_time_delta_sensor_async.py
[2023-08-14T11:06:28.545+0200] {logging_mixin.py:150} INFO - [2023-08-14T11:06:28.545+0200] {dag.py:2742} INFO - Sync 1 DAGs
[2023-08-14T11:06:28.558+0200] {logging_mixin.py:150} INFO - [2023-08-14T11:06:28.558+0200] {dag.py:3504} INFO - Setting next_dagrun for example_time_delta_sensor_async to None, run_after=None
[2023-08-14T11:06:28.586+0200] {processor.py:179} INFO - Processing /home/akhilesh/py39/lib/python3.9/site-packages/airflow/example_dags/example_time_delta_sensor_async.py took 0.064 seconds
[2023-08-14T11:07:18.787+0200] {processor.py:157} INFO - Started process (PID=462958) to work on /home/akhilesh/py39/lib/python3.9/site-packages/airflow/example_dags/example_time_delta_sensor_async.py
[2023-08-14T11:07:18.796+0200] {processor.py:826} INFO - Processing file /home/akhilesh/py39/lib/python3.9/site-packages/airflow/example_dags/example_time_delta_sensor_async.py for tasks to queue
[2023-08-14T11:07:18.797+0200] {logging_mixin.py:150} INFO - [2023-08-14T11:07:18.797+0200] {dagbag.py:541} INFO - Filling up the DagBag from /home/akhilesh/py39/lib/python3.9/site-packages/airflow/example_dags/example_time_delta_sensor_async.py
[2023-08-14T11:07:18.802+0200] {processor.py:836} INFO - DAG(s) dict_keys(['example_time_delta_sensor_async']) retrieved from /home/akhilesh/py39/lib/python3.9/site-packages/airflow/example_dags/example_time_delta_sensor_async.py
[2023-08-14T11:07:18.816+0200] {logging_mixin.py:150} INFO - [2023-08-14T11:07:18.815+0200] {dag.py:2742} INFO - Sync 1 DAGs
[2023-08-14T11:07:18.827+0200] {logging_mixin.py:150} INFO - [2023-08-14T11:07:18.827+0200] {dag.py:3504} INFO - Setting next_dagrun for example_time_delta_sensor_async to None, run_after=None
[2023-08-14T11:07:18.860+0200] {processor.py:179} INFO - Processing /home/akhilesh/py39/lib/python3.9/site-packages/airflow/example_dags/example_time_delta_sensor_async.py took 0.077 seconds
[2023-08-14T11:08:11.747+0200] {processor.py:157} INFO - Started process (PID=463117) to work on /home/akhilesh/py39/lib/python3.9/site-packages/airflow/example_dags/example_time_delta_sensor_async.py
[2023-08-14T11:08:11.756+0200] {processor.py:826} INFO - Processing file /home/akhilesh/py39/lib/python3.9/site-packages/airflow/example_dags/example_time_delta_sensor_async.py for tasks to queue
[2023-08-14T11:08:11.758+0200] {logging_mixin.py:150} INFO - [2023-08-14T11:08:11.757+0200] {dagbag.py:541} INFO - Filling up the DagBag from /home/akhilesh/py39/lib/python3.9/site-packages/airflow/example_dags/example_time_delta_sensor_async.py
[2023-08-14T11:08:11.763+0200] {processor.py:836} INFO - DAG(s) dict_keys(['example_time_delta_sensor_async']) retrieved from /home/akhilesh/py39/lib/python3.9/site-packages/airflow/example_dags/example_time_delta_sensor_async.py
[2023-08-14T11:08:11.780+0200] {logging_mixin.py:150} INFO - [2023-08-14T11:08:11.780+0200] {dag.py:2742} INFO - Sync 1 DAGs
[2023-08-14T11:08:11.791+0200] {logging_mixin.py:150} INFO - [2023-08-14T11:08:11.791+0200] {dag.py:3504} INFO - Setting next_dagrun for example_time_delta_sensor_async to None, run_after=None
[2023-08-14T11:08:11.821+0200] {processor.py:179} INFO - Processing /home/akhilesh/py39/lib/python3.9/site-packages/airflow/example_dags/example_time_delta_sensor_async.py took 0.077 seconds
[2023-08-14T11:11:01.534+0200] {processor.py:157} INFO - Started process (PID=463702) to work on /home/akhilesh/py39/lib/python3.9/site-packages/airflow/example_dags/example_time_delta_sensor_async.py
[2023-08-14T11:11:01.542+0200] {processor.py:826} INFO - Processing file /home/akhilesh/py39/lib/python3.9/site-packages/airflow/example_dags/example_time_delta_sensor_async.py for tasks to queue
[2023-08-14T11:11:01.544+0200] {logging_mixin.py:150} INFO - [2023-08-14T11:11:01.543+0200] {dagbag.py:541} INFO - Filling up the DagBag from /home/akhilesh/py39/lib/python3.9/site-packages/airflow/example_dags/example_time_delta_sensor_async.py
[2023-08-14T11:11:01.549+0200] {processor.py:836} INFO - DAG(s) dict_keys(['example_time_delta_sensor_async']) retrieved from /home/akhilesh/py39/lib/python3.9/site-packages/airflow/example_dags/example_time_delta_sensor_async.py
[2023-08-14T11:11:01.566+0200] {logging_mixin.py:150} INFO - [2023-08-14T11:11:01.566+0200] {dag.py:2742} INFO - Sync 1 DAGs
[2023-08-14T11:11:01.578+0200] {logging_mixin.py:150} INFO - [2023-08-14T11:11:01.578+0200] {dag.py:3504} INFO - Setting next_dagrun for example_time_delta_sensor_async to None, run_after=None
[2023-08-14T11:11:01.602+0200] {processor.py:179} INFO - Processing /home/akhilesh/py39/lib/python3.9/site-packages/airflow/example_dags/example_time_delta_sensor_async.py took 0.072 seconds
[2023-08-14T11:12:05.061+0200] {processor.py:157} INFO - Started process (PID=464039) to work on /home/akhilesh/py39/lib/python3.9/site-packages/airflow/example_dags/example_time_delta_sensor_async.py
[2023-08-14T11:12:05.062+0200] {processor.py:826} INFO - Processing file /home/akhilesh/py39/lib/python3.9/site-packages/airflow/example_dags/example_time_delta_sensor_async.py for tasks to queue
[2023-08-14T11:12:05.063+0200] {logging_mixin.py:150} INFO - [2023-08-14T11:12:05.063+0200] {dagbag.py:541} INFO - Filling up the DagBag from /home/akhilesh/py39/lib/python3.9/site-packages/airflow/example_dags/example_time_delta_sensor_async.py
[2023-08-14T11:12:05.066+0200] {processor.py:836} INFO - DAG(s) dict_keys(['example_time_delta_sensor_async']) retrieved from /home/akhilesh/py39/lib/python3.9/site-packages/airflow/example_dags/example_time_delta_sensor_async.py
[2023-08-14T11:12:05.082+0200] {logging_mixin.py:150} INFO - [2023-08-14T11:12:05.082+0200] {dag.py:2742} INFO - Sync 1 DAGs
[2023-08-14T11:12:05.097+0200] {logging_mixin.py:150} INFO - [2023-08-14T11:12:05.097+0200] {dag.py:3504} INFO - Setting next_dagrun for example_time_delta_sensor_async to None, run_after=None
[2023-08-14T11:12:05.126+0200] {processor.py:179} INFO - Processing /home/akhilesh/py39/lib/python3.9/site-packages/airflow/example_dags/example_time_delta_sensor_async.py took 0.068 seconds
[2023-08-14T11:12:51.928+0200] {processor.py:157} INFO - Started process (PID=464195) to work on /home/akhilesh/py39/lib/python3.9/site-packages/airflow/example_dags/example_time_delta_sensor_async.py
[2023-08-14T11:12:51.930+0200] {processor.py:826} INFO - Processing file /home/akhilesh/py39/lib/python3.9/site-packages/airflow/example_dags/example_time_delta_sensor_async.py for tasks to queue
[2023-08-14T11:12:51.931+0200] {logging_mixin.py:150} INFO - [2023-08-14T11:12:51.931+0200] {dagbag.py:541} INFO - Filling up the DagBag from /home/akhilesh/py39/lib/python3.9/site-packages/airflow/example_dags/example_time_delta_sensor_async.py
[2023-08-14T11:12:51.937+0200] {processor.py:836} INFO - DAG(s) dict_keys(['example_time_delta_sensor_async']) retrieved from /home/akhilesh/py39/lib/python3.9/site-packages/airflow/example_dags/example_time_delta_sensor_async.py
[2023-08-14T11:12:51.953+0200] {logging_mixin.py:150} INFO - [2023-08-14T11:12:51.953+0200] {dag.py:2742} INFO - Sync 1 DAGs
[2023-08-14T11:12:51.968+0200] {logging_mixin.py:150} INFO - [2023-08-14T11:12:51.967+0200] {dag.py:3504} INFO - Setting next_dagrun for example_time_delta_sensor_async to None, run_after=None
[2023-08-14T11:12:51.995+0200] {processor.py:179} INFO - Processing /home/akhilesh/py39/lib/python3.9/site-packages/airflow/example_dags/example_time_delta_sensor_async.py took 0.071 seconds
[2023-08-14T11:15:30.942+0200] {processor.py:157} INFO - Started process (PID=464869) to work on /home/akhilesh/py39/lib/python3.9/site-packages/airflow/example_dags/example_time_delta_sensor_async.py
[2023-08-14T11:15:30.951+0200] {processor.py:826} INFO - Processing file /home/akhilesh/py39/lib/python3.9/site-packages/airflow/example_dags/example_time_delta_sensor_async.py for tasks to queue
[2023-08-14T11:15:30.952+0200] {logging_mixin.py:150} INFO - [2023-08-14T11:15:30.951+0200] {dagbag.py:541} INFO - Filling up the DagBag from /home/akhilesh/py39/lib/python3.9/site-packages/airflow/example_dags/example_time_delta_sensor_async.py
[2023-08-14T11:15:30.957+0200] {processor.py:836} INFO - DAG(s) dict_keys(['example_time_delta_sensor_async']) retrieved from /home/akhilesh/py39/lib/python3.9/site-packages/airflow/example_dags/example_time_delta_sensor_async.py
[2023-08-14T11:15:30.974+0200] {logging_mixin.py:150} INFO - [2023-08-14T11:15:30.973+0200] {dag.py:2742} INFO - Sync 1 DAGs
[2023-08-14T11:15:30.988+0200] {logging_mixin.py:150} INFO - [2023-08-14T11:15:30.988+0200] {dag.py:3504} INFO - Setting next_dagrun for example_time_delta_sensor_async to None, run_after=None
[2023-08-14T11:15:31.013+0200] {processor.py:179} INFO - Processing /home/akhilesh/py39/lib/python3.9/site-packages/airflow/example_dags/example_time_delta_sensor_async.py took 0.076 seconds
[2023-08-14T11:16:19.091+0200] {processor.py:157} INFO - Started process (PID=465033) to work on /home/akhilesh/py39/lib/python3.9/site-packages/airflow/example_dags/example_time_delta_sensor_async.py
[2023-08-14T11:16:19.100+0200] {processor.py:826} INFO - Processing file /home/akhilesh/py39/lib/python3.9/site-packages/airflow/example_dags/example_time_delta_sensor_async.py for tasks to queue
[2023-08-14T11:16:19.101+0200] {logging_mixin.py:150} INFO - [2023-08-14T11:16:19.101+0200] {dagbag.py:541} INFO - Filling up the DagBag from /home/akhilesh/py39/lib/python3.9/site-packages/airflow/example_dags/example_time_delta_sensor_async.py
[2023-08-14T11:16:19.108+0200] {processor.py:836} INFO - DAG(s) dict_keys(['example_time_delta_sensor_async']) retrieved from /home/akhilesh/py39/lib/python3.9/site-packages/airflow/example_dags/example_time_delta_sensor_async.py
[2023-08-14T11:16:19.125+0200] {logging_mixin.py:150} INFO - [2023-08-14T11:16:19.125+0200] {dag.py:2742} INFO - Sync 1 DAGs
[2023-08-14T11:16:19.140+0200] {logging_mixin.py:150} INFO - [2023-08-14T11:16:19.140+0200] {dag.py:3504} INFO - Setting next_dagrun for example_time_delta_sensor_async to None, run_after=None
[2023-08-14T11:16:19.171+0200] {processor.py:179} INFO - Processing /home/akhilesh/py39/lib/python3.9/site-packages/airflow/example_dags/example_time_delta_sensor_async.py took 0.085 seconds
[2023-08-14T11:17:13.154+0200] {processor.py:157} INFO - Started process (PID=465182) to work on /home/akhilesh/py39/lib/python3.9/site-packages/airflow/example_dags/example_time_delta_sensor_async.py
[2023-08-14T11:17:13.163+0200] {processor.py:826} INFO - Processing file /home/akhilesh/py39/lib/python3.9/site-packages/airflow/example_dags/example_time_delta_sensor_async.py for tasks to queue
[2023-08-14T11:17:13.165+0200] {logging_mixin.py:150} INFO - [2023-08-14T11:17:13.164+0200] {dagbag.py:541} INFO - Filling up the DagBag from /home/akhilesh/py39/lib/python3.9/site-packages/airflow/example_dags/example_time_delta_sensor_async.py
[2023-08-14T11:17:13.172+0200] {processor.py:836} INFO - DAG(s) dict_keys(['example_time_delta_sensor_async']) retrieved from /home/akhilesh/py39/lib/python3.9/site-packages/airflow/example_dags/example_time_delta_sensor_async.py
[2023-08-14T11:17:13.187+0200] {logging_mixin.py:150} INFO - [2023-08-14T11:17:13.187+0200] {dag.py:2742} INFO - Sync 1 DAGs
[2023-08-14T11:17:13.200+0200] {logging_mixin.py:150} INFO - [2023-08-14T11:17:13.199+0200] {dag.py:3504} INFO - Setting next_dagrun for example_time_delta_sensor_async to None, run_after=None
[2023-08-14T11:17:13.223+0200] {processor.py:179} INFO - Processing /home/akhilesh/py39/lib/python3.9/site-packages/airflow/example_dags/example_time_delta_sensor_async.py took 0.073 seconds
[2023-08-14T11:18:06.396+0200] {processor.py:157} INFO - Started process (PID=465332) to work on /home/akhilesh/py39/lib/python3.9/site-packages/airflow/example_dags/example_time_delta_sensor_async.py
[2023-08-14T11:18:06.406+0200] {processor.py:826} INFO - Processing file /home/akhilesh/py39/lib/python3.9/site-packages/airflow/example_dags/example_time_delta_sensor_async.py for tasks to queue
[2023-08-14T11:18:06.407+0200] {logging_mixin.py:150} INFO - [2023-08-14T11:18:06.407+0200] {dagbag.py:541} INFO - Filling up the DagBag from /home/akhilesh/py39/lib/python3.9/site-packages/airflow/example_dags/example_time_delta_sensor_async.py
[2023-08-14T11:18:06.414+0200] {processor.py:836} INFO - DAG(s) dict_keys(['example_time_delta_sensor_async']) retrieved from /home/akhilesh/py39/lib/python3.9/site-packages/airflow/example_dags/example_time_delta_sensor_async.py
[2023-08-14T11:18:06.429+0200] {logging_mixin.py:150} INFO - [2023-08-14T11:18:06.428+0200] {dag.py:2742} INFO - Sync 1 DAGs
[2023-08-14T11:18:06.441+0200] {logging_mixin.py:150} INFO - [2023-08-14T11:18:06.441+0200] {dag.py:3504} INFO - Setting next_dagrun for example_time_delta_sensor_async to None, run_after=None
[2023-08-14T11:18:06.470+0200] {processor.py:179} INFO - Processing /home/akhilesh/py39/lib/python3.9/site-packages/airflow/example_dags/example_time_delta_sensor_async.py took 0.078 seconds
[2023-08-14T11:18:57.931+0200] {processor.py:157} INFO - Started process (PID=465635) to work on /home/akhilesh/py39/lib/python3.9/site-packages/airflow/example_dags/example_time_delta_sensor_async.py
[2023-08-14T11:18:57.940+0200] {processor.py:826} INFO - Processing file /home/akhilesh/py39/lib/python3.9/site-packages/airflow/example_dags/example_time_delta_sensor_async.py for tasks to queue
[2023-08-14T11:18:57.941+0200] {logging_mixin.py:150} INFO - [2023-08-14T11:18:57.941+0200] {dagbag.py:541} INFO - Filling up the DagBag from /home/akhilesh/py39/lib/python3.9/site-packages/airflow/example_dags/example_time_delta_sensor_async.py
[2023-08-14T11:18:57.947+0200] {processor.py:836} INFO - DAG(s) dict_keys(['example_time_delta_sensor_async']) retrieved from /home/akhilesh/py39/lib/python3.9/site-packages/airflow/example_dags/example_time_delta_sensor_async.py
[2023-08-14T11:18:57.961+0200] {logging_mixin.py:150} INFO - [2023-08-14T11:18:57.961+0200] {dag.py:2742} INFO - Sync 1 DAGs
[2023-08-14T11:18:57.974+0200] {logging_mixin.py:150} INFO - [2023-08-14T11:18:57.974+0200] {dag.py:3504} INFO - Setting next_dagrun for example_time_delta_sensor_async to None, run_after=None
[2023-08-14T11:18:58.002+0200] {processor.py:179} INFO - Processing /home/akhilesh/py39/lib/python3.9/site-packages/airflow/example_dags/example_time_delta_sensor_async.py took 0.076 seconds
[2023-08-14T11:20:49.483+0200] {processor.py:157} INFO - Started process (PID=465982) to work on /home/akhilesh/py39/lib/python3.9/site-packages/airflow/example_dags/example_time_delta_sensor_async.py
[2023-08-14T11:20:49.492+0200] {processor.py:826} INFO - Processing file /home/akhilesh/py39/lib/python3.9/site-packages/airflow/example_dags/example_time_delta_sensor_async.py for tasks to queue
[2023-08-14T11:20:49.494+0200] {logging_mixin.py:150} INFO - [2023-08-14T11:20:49.493+0200] {dagbag.py:541} INFO - Filling up the DagBag from /home/akhilesh/py39/lib/python3.9/site-packages/airflow/example_dags/example_time_delta_sensor_async.py
[2023-08-14T11:20:49.500+0200] {processor.py:836} INFO - DAG(s) dict_keys(['example_time_delta_sensor_async']) retrieved from /home/akhilesh/py39/lib/python3.9/site-packages/airflow/example_dags/example_time_delta_sensor_async.py
[2023-08-14T11:20:49.519+0200] {logging_mixin.py:150} INFO - [2023-08-14T11:20:49.519+0200] {dag.py:2742} INFO - Sync 1 DAGs
[2023-08-14T11:20:49.531+0200] {logging_mixin.py:150} INFO - [2023-08-14T11:20:49.530+0200] {dag.py:3504} INFO - Setting next_dagrun for example_time_delta_sensor_async to None, run_after=None
[2023-08-14T11:20:49.559+0200] {processor.py:179} INFO - Processing /home/akhilesh/py39/lib/python3.9/site-packages/airflow/example_dags/example_time_delta_sensor_async.py took 0.079 seconds
[2023-08-14T11:21:34.295+0200] {processor.py:157} INFO - Started process (PID=466134) to work on /home/akhilesh/py39/lib/python3.9/site-packages/airflow/example_dags/example_time_delta_sensor_async.py
[2023-08-14T11:21:34.296+0200] {processor.py:826} INFO - Processing file /home/akhilesh/py39/lib/python3.9/site-packages/airflow/example_dags/example_time_delta_sensor_async.py for tasks to queue
[2023-08-14T11:21:34.297+0200] {logging_mixin.py:150} INFO - [2023-08-14T11:21:34.297+0200] {dagbag.py:541} INFO - Filling up the DagBag from /home/akhilesh/py39/lib/python3.9/site-packages/airflow/example_dags/example_time_delta_sensor_async.py
[2023-08-14T11:21:34.300+0200] {processor.py:836} INFO - DAG(s) dict_keys(['example_time_delta_sensor_async']) retrieved from /home/akhilesh/py39/lib/python3.9/site-packages/airflow/example_dags/example_time_delta_sensor_async.py
[2023-08-14T11:21:34.314+0200] {logging_mixin.py:150} INFO - [2023-08-14T11:21:34.314+0200] {dag.py:2742} INFO - Sync 1 DAGs
[2023-08-14T11:21:34.332+0200] {logging_mixin.py:150} INFO - [2023-08-14T11:21:34.331+0200] {dag.py:3504} INFO - Setting next_dagrun for example_time_delta_sensor_async to None, run_after=None
[2023-08-14T11:21:34.361+0200] {processor.py:179} INFO - Processing /home/akhilesh/py39/lib/python3.9/site-packages/airflow/example_dags/example_time_delta_sensor_async.py took 0.070 seconds
[2023-08-14T11:22:21.704+0200] {processor.py:157} INFO - Started process (PID=466284) to work on /home/akhilesh/py39/lib/python3.9/site-packages/airflow/example_dags/example_time_delta_sensor_async.py
[2023-08-14T11:22:21.713+0200] {processor.py:826} INFO - Processing file /home/akhilesh/py39/lib/python3.9/site-packages/airflow/example_dags/example_time_delta_sensor_async.py for tasks to queue
[2023-08-14T11:22:21.715+0200] {logging_mixin.py:150} INFO - [2023-08-14T11:22:21.714+0200] {dagbag.py:541} INFO - Filling up the DagBag from /home/akhilesh/py39/lib/python3.9/site-packages/airflow/example_dags/example_time_delta_sensor_async.py
[2023-08-14T11:22:21.721+0200] {processor.py:836} INFO - DAG(s) dict_keys(['example_time_delta_sensor_async']) retrieved from /home/akhilesh/py39/lib/python3.9/site-packages/airflow/example_dags/example_time_delta_sensor_async.py
[2023-08-14T11:22:21.737+0200] {logging_mixin.py:150} INFO - [2023-08-14T11:22:21.737+0200] {dag.py:2742} INFO - Sync 1 DAGs
[2023-08-14T11:22:21.750+0200] {logging_mixin.py:150} INFO - [2023-08-14T11:22:21.750+0200] {dag.py:3504} INFO - Setting next_dagrun for example_time_delta_sensor_async to None, run_after=None
[2023-08-14T11:22:21.778+0200] {processor.py:179} INFO - Processing /home/akhilesh/py39/lib/python3.9/site-packages/airflow/example_dags/example_time_delta_sensor_async.py took 0.078 seconds
[2023-08-14T11:23:16.346+0200] {processor.py:157} INFO - Started process (PID=466768) to work on /home/akhilesh/py39/lib/python3.9/site-packages/airflow/example_dags/example_time_delta_sensor_async.py
[2023-08-14T11:23:16.355+0200] {processor.py:826} INFO - Processing file /home/akhilesh/py39/lib/python3.9/site-packages/airflow/example_dags/example_time_delta_sensor_async.py for tasks to queue
[2023-08-14T11:23:16.356+0200] {logging_mixin.py:150} INFO - [2023-08-14T11:23:16.356+0200] {dagbag.py:541} INFO - Filling up the DagBag from /home/akhilesh/py39/lib/python3.9/site-packages/airflow/example_dags/example_time_delta_sensor_async.py
[2023-08-14T11:23:16.362+0200] {processor.py:836} INFO - DAG(s) dict_keys(['example_time_delta_sensor_async']) retrieved from /home/akhilesh/py39/lib/python3.9/site-packages/airflow/example_dags/example_time_delta_sensor_async.py
[2023-08-14T11:23:16.379+0200] {logging_mixin.py:150} INFO - [2023-08-14T11:23:16.378+0200] {dag.py:2742} INFO - Sync 1 DAGs
[2023-08-14T11:23:16.395+0200] {logging_mixin.py:150} INFO - [2023-08-14T11:23:16.395+0200] {dag.py:3504} INFO - Setting next_dagrun for example_time_delta_sensor_async to None, run_after=None
[2023-08-14T11:23:16.421+0200] {processor.py:179} INFO - Processing /home/akhilesh/py39/lib/python3.9/site-packages/airflow/example_dags/example_time_delta_sensor_async.py took 0.079 seconds
[2023-08-14T11:24:04.202+0200] {processor.py:157} INFO - Started process (PID=467123) to work on /home/akhilesh/py39/lib/python3.9/site-packages/airflow/example_dags/example_time_delta_sensor_async.py
[2023-08-14T11:24:04.211+0200] {processor.py:826} INFO - Processing file /home/akhilesh/py39/lib/python3.9/site-packages/airflow/example_dags/example_time_delta_sensor_async.py for tasks to queue
[2023-08-14T11:24:04.212+0200] {logging_mixin.py:150} INFO - [2023-08-14T11:24:04.212+0200] {dagbag.py:541} INFO - Filling up the DagBag from /home/akhilesh/py39/lib/python3.9/site-packages/airflow/example_dags/example_time_delta_sensor_async.py
[2023-08-14T11:24:04.219+0200] {processor.py:836} INFO - DAG(s) dict_keys(['example_time_delta_sensor_async']) retrieved from /home/akhilesh/py39/lib/python3.9/site-packages/airflow/example_dags/example_time_delta_sensor_async.py
[2023-08-14T11:24:04.234+0200] {logging_mixin.py:150} INFO - [2023-08-14T11:24:04.234+0200] {dag.py:2742} INFO - Sync 1 DAGs
[2023-08-14T11:24:04.250+0200] {logging_mixin.py:150} INFO - [2023-08-14T11:24:04.250+0200] {dag.py:3504} INFO - Setting next_dagrun for example_time_delta_sensor_async to None, run_after=None
[2023-08-14T11:24:04.279+0200] {processor.py:179} INFO - Processing /home/akhilesh/py39/lib/python3.9/site-packages/airflow/example_dags/example_time_delta_sensor_async.py took 0.081 seconds
[2023-08-14T11:24:53.895+0200] {processor.py:157} INFO - Started process (PID=467348) to work on /home/akhilesh/py39/lib/python3.9/site-packages/airflow/example_dags/example_time_delta_sensor_async.py
[2023-08-14T11:24:53.904+0200] {processor.py:826} INFO - Processing file /home/akhilesh/py39/lib/python3.9/site-packages/airflow/example_dags/example_time_delta_sensor_async.py for tasks to queue
[2023-08-14T11:24:53.906+0200] {logging_mixin.py:150} INFO - [2023-08-14T11:24:53.905+0200] {dagbag.py:541} INFO - Filling up the DagBag from /home/akhilesh/py39/lib/python3.9/site-packages/airflow/example_dags/example_time_delta_sensor_async.py
[2023-08-14T11:24:53.912+0200] {processor.py:836} INFO - DAG(s) dict_keys(['example_time_delta_sensor_async']) retrieved from /home/akhilesh/py39/lib/python3.9/site-packages/airflow/example_dags/example_time_delta_sensor_async.py
[2023-08-14T11:24:53.928+0200] {logging_mixin.py:150} INFO - [2023-08-14T11:24:53.928+0200] {dag.py:2742} INFO - Sync 1 DAGs
[2023-08-14T11:24:53.941+0200] {logging_mixin.py:150} INFO - [2023-08-14T11:24:53.940+0200] {dag.py:3504} INFO - Setting next_dagrun for example_time_delta_sensor_async to None, run_after=None
[2023-08-14T11:24:53.966+0200] {processor.py:179} INFO - Processing /home/akhilesh/py39/lib/python3.9/site-packages/airflow/example_dags/example_time_delta_sensor_async.py took 0.075 seconds
[2023-08-14T11:25:42.753+0200] {processor.py:157} INFO - Started process (PID=467919) to work on /home/akhilesh/py39/lib/python3.9/site-packages/airflow/example_dags/example_time_delta_sensor_async.py
[2023-08-14T11:25:42.762+0200] {processor.py:826} INFO - Processing file /home/akhilesh/py39/lib/python3.9/site-packages/airflow/example_dags/example_time_delta_sensor_async.py for tasks to queue
[2023-08-14T11:25:42.763+0200] {logging_mixin.py:150} INFO - [2023-08-14T11:25:42.763+0200] {dagbag.py:541} INFO - Filling up the DagBag from /home/akhilesh/py39/lib/python3.9/site-packages/airflow/example_dags/example_time_delta_sensor_async.py
[2023-08-14T11:25:42.768+0200] {processor.py:836} INFO - DAG(s) dict_keys(['example_time_delta_sensor_async']) retrieved from /home/akhilesh/py39/lib/python3.9/site-packages/airflow/example_dags/example_time_delta_sensor_async.py
[2023-08-14T11:25:42.788+0200] {logging_mixin.py:150} INFO - [2023-08-14T11:25:42.788+0200] {dag.py:2742} INFO - Sync 1 DAGs
[2023-08-14T11:25:42.802+0200] {logging_mixin.py:150} INFO - [2023-08-14T11:25:42.802+0200] {dag.py:3504} INFO - Setting next_dagrun for example_time_delta_sensor_async to None, run_after=None
[2023-08-14T11:25:42.831+0200] {processor.py:179} INFO - Processing /home/akhilesh/py39/lib/python3.9/site-packages/airflow/example_dags/example_time_delta_sensor_async.py took 0.082 seconds
