[2023-08-13T23:26:24.954+0200] {taskinstance.py:1103} INFO - Dependencies all met for dep_context=non-requeueable deps ti=<TaskInstance: hp_pipeline.scrape manual__2023-08-13T21:26:19.838370+00:00 [queued]>
[2023-08-13T23:26:24.961+0200] {taskinstance.py:1103} INFO - Dependencies all met for dep_context=requeueable deps ti=<TaskInstance: hp_pipeline.scrape manual__2023-08-13T21:26:19.838370+00:00 [queued]>
[2023-08-13T23:26:24.962+0200] {taskinstance.py:1308} INFO - Starting attempt 1 of 1
[2023-08-13T23:26:24.979+0200] {taskinstance.py:1327} INFO - Executing <Task(BashOperator): scrape> on 2023-08-13 21:26:19.838370+00:00
[2023-08-13T23:26:24.983+0200] {standard_task_runner.py:57} INFO - Started process 432442 to run task
[2023-08-13T23:26:24.986+0200] {standard_task_runner.py:84} INFO - Running: ['airflow', 'tasks', 'run', 'hp_pipeline', 'scrape', 'manual__2023-08-13T21:26:19.838370+00:00', '--job-id', '8', '--raw', '--subdir', 'DAGS_FOLDER/hp_pipeline.py', '--cfg-path', '/tmp/tmpl7hiznnh']
[2023-08-13T23:26:24.988+0200] {standard_task_runner.py:85} INFO - Job 8: Subtask scrape
[2023-08-13T23:26:25.031+0200] {task_command.py:410} INFO - Running <TaskInstance: hp_pipeline.scrape manual__2023-08-13T21:26:19.838370+00:00 [running]> on host akhilesh-ThinkPad-E14-Gen-3
[2023-08-13T23:26:25.092+0200] {taskinstance.py:1545} INFO - Exporting env vars: AIRFLOW_CTX_DAG_OWNER='airflow' AIRFLOW_CTX_DAG_ID='hp_pipeline' AIRFLOW_CTX_TASK_ID='scrape' AIRFLOW_CTX_EXECUTION_DATE='2023-08-13T21:26:19.838370+00:00' AIRFLOW_CTX_TRY_NUMBER='1' AIRFLOW_CTX_DAG_RUN_ID='manual__2023-08-13T21:26:19.838370+00:00'
[2023-08-13T23:26:25.094+0200] {subprocess.py:63} INFO - Tmp dir root location: /tmp
[2023-08-13T23:26:25.095+0200] {subprocess.py:75} INFO - Running command: ['/usr/bin/bash', '-c', 'cd $scraper_path && scrapy crawl hp_treasury']
[2023-08-13T23:26:25.105+0200] {subprocess.py:86} INFO - Output:
[2023-08-13T23:26:25.456+0200] {subprocess.py:93} INFO - Scrapy 2.10.0 - no active project
[2023-08-13T23:26:25.456+0200] {subprocess.py:93} INFO - 
[2023-08-13T23:26:25.456+0200] {subprocess.py:93} INFO - Unknown command: crawl
[2023-08-13T23:26:25.456+0200] {subprocess.py:93} INFO - 
[2023-08-13T23:26:25.456+0200] {subprocess.py:93} INFO - Use "scrapy" to see available commands
[2023-08-13T23:26:25.536+0200] {subprocess.py:97} INFO - Command exited with return code 2
[2023-08-13T23:26:25.545+0200] {taskinstance.py:1824} ERROR - Task failed with exception
Traceback (most recent call last):
  File "/home/akhilesh/py39/lib/python3.9/site-packages/airflow/operators/bash.py", line 210, in execute
    raise AirflowException(
airflow.exceptions.AirflowException: Bash command failed. The command returned a non-zero exit code 2.
[2023-08-13T23:26:25.548+0200] {taskinstance.py:1345} INFO - Marking task as FAILED. dag_id=hp_pipeline, task_id=scrape, execution_date=20230813T212619, start_date=20230813T212624, end_date=20230813T212625
[2023-08-13T23:26:25.566+0200] {standard_task_runner.py:104} ERROR - Failed to execute job 8 for task scrape (Bash command failed. The command returned a non-zero exit code 2.; 432442)
[2023-08-13T23:26:25.600+0200] {local_task_job_runner.py:225} INFO - Task exited with return code 1
[2023-08-13T23:26:25.614+0200] {taskinstance.py:2653} INFO - 0 downstream tasks scheduled from follow-on schedule check
