[2023-08-14T10:41:11.735+0200] {taskinstance.py:1103} INFO - Dependencies all met for dep_context=non-requeueable deps ti=<TaskInstance: hp_pipeline.preprocessing manual__2023-08-14T08:40:19.619138+00:00 [queued]>
[2023-08-14T10:41:11.739+0200] {taskinstance.py:1103} INFO - Dependencies all met for dep_context=requeueable deps ti=<TaskInstance: hp_pipeline.preprocessing manual__2023-08-14T08:40:19.619138+00:00 [queued]>
[2023-08-14T10:41:11.739+0200] {taskinstance.py:1308} INFO - Starting attempt 1 of 1
[2023-08-14T10:41:11.748+0200] {taskinstance.py:1327} INFO - Executing <Task(BashOperator): preprocessing> on 2023-08-14 08:40:19.619138+00:00
[2023-08-14T10:41:11.753+0200] {standard_task_runner.py:57} INFO - Started process 457487 to run task
[2023-08-14T10:41:11.757+0200] {standard_task_runner.py:84} INFO - Running: ['airflow', 'tasks', 'run', 'hp_pipeline', 'preprocessing', 'manual__2023-08-14T08:40:19.619138+00:00', '--job-id', '23', '--raw', '--subdir', 'DAGS_FOLDER/hp_pipeline.py', '--cfg-path', '/tmp/tmpcqb8i035']
[2023-08-14T10:41:11.758+0200] {standard_task_runner.py:85} INFO - Job 23: Subtask preprocessing
[2023-08-14T10:41:11.788+0200] {task_command.py:410} INFO - Running <TaskInstance: hp_pipeline.preprocessing manual__2023-08-14T08:40:19.619138+00:00 [running]> on host akhilesh-ThinkPad-E14-Gen-3
[2023-08-14T10:41:11.825+0200] {taskinstance.py:1545} INFO - Exporting env vars: AIRFLOW_CTX_DAG_OWNER='airflow' AIRFLOW_CTX_DAG_ID='hp_pipeline' AIRFLOW_CTX_TASK_ID='preprocessing' AIRFLOW_CTX_EXECUTION_DATE='2023-08-14T08:40:19.619138+00:00' AIRFLOW_CTX_TRY_NUMBER='1' AIRFLOW_CTX_DAG_RUN_ID='manual__2023-08-14T08:40:19.619138+00:00'
[2023-08-14T10:41:11.826+0200] {subprocess.py:63} INFO - Tmp dir root location: /tmp
[2023-08-14T10:41:11.827+0200] {subprocess.py:75} INFO - Running command: ['/usr/bin/bash', '-c', 'cd /home/akhilesh/personal/Assignment/Scripts/ && source /home/akhilesh/py39/bin/activate && python preprocessing.py']
[2023-08-14T10:41:11.837+0200] {subprocess.py:86} INFO - Output:
[2023-08-14T10:41:11.860+0200] {subprocess.py:93} INFO -   File "/home/akhilesh/personal/Assignment/Scripts/preprocessing.py", line 9
[2023-08-14T10:41:11.861+0200] {subprocess.py:93} INFO -     df = df.drop([8,9,10,11]), axis=1)
[2023-08-14T10:41:11.861+0200] {subprocess.py:93} INFO -          ^
[2023-08-14T10:41:11.861+0200] {subprocess.py:93} INFO - SyntaxError: cannot assign to function call
[2023-08-14T10:41:11.863+0200] {subprocess.py:97} INFO - Command exited with return code 1
[2023-08-14T10:41:11.873+0200] {taskinstance.py:1824} ERROR - Task failed with exception
Traceback (most recent call last):
  File "/home/akhilesh/py39/lib/python3.9/site-packages/airflow/operators/bash.py", line 210, in execute
    raise AirflowException(
airflow.exceptions.AirflowException: Bash command failed. The command returned a non-zero exit code 1.
[2023-08-14T10:41:11.877+0200] {taskinstance.py:1345} INFO - Marking task as FAILED. dag_id=hp_pipeline, task_id=preprocessing, execution_date=20230814T084019, start_date=20230814T084111, end_date=20230814T084111
[2023-08-14T10:41:11.886+0200] {standard_task_runner.py:104} ERROR - Failed to execute job 23 for task preprocessing (Bash command failed. The command returned a non-zero exit code 1.; 457487)
[2023-08-14T10:41:11.929+0200] {local_task_job_runner.py:225} INFO - Task exited with return code 1
[2023-08-14T10:41:11.945+0200] {taskinstance.py:2653} INFO - 0 downstream tasks scheduled from follow-on schedule check
