[2023-08-13T23:47:08.643+0200] {taskinstance.py:1103} INFO - Dependencies all met for dep_context=non-requeueable deps ti=<TaskInstance: hp_pipeline.scrape manual__2023-08-13T21:47:06.141991+00:00 [queued]>
[2023-08-13T23:47:08.647+0200] {taskinstance.py:1103} INFO - Dependencies all met for dep_context=requeueable deps ti=<TaskInstance: hp_pipeline.scrape manual__2023-08-13T21:47:06.141991+00:00 [queued]>
[2023-08-13T23:47:08.647+0200] {taskinstance.py:1308} INFO - Starting attempt 1 of 1
[2023-08-13T23:47:08.663+0200] {taskinstance.py:1327} INFO - Executing <Task(BashOperator): scrape> on 2023-08-13 21:47:06.141991+00:00
[2023-08-13T23:47:08.667+0200] {standard_task_runner.py:57} INFO - Started process 436932 to run task
[2023-08-13T23:47:08.671+0200] {standard_task_runner.py:84} INFO - Running: ['airflow', 'tasks', 'run', 'hp_pipeline', 'scrape', 'manual__2023-08-13T21:47:06.141991+00:00', '--job-id', '19', '--raw', '--subdir', 'DAGS_FOLDER/hp_pipeline.py', '--cfg-path', '/tmp/tmpwkmkfmky']
[2023-08-13T23:47:08.672+0200] {standard_task_runner.py:85} INFO - Job 19: Subtask scrape
[2023-08-13T23:47:08.713+0200] {task_command.py:410} INFO - Running <TaskInstance: hp_pipeline.scrape manual__2023-08-13T21:47:06.141991+00:00 [running]> on host akhilesh-ThinkPad-E14-Gen-3
[2023-08-13T23:47:08.785+0200] {taskinstance.py:1545} INFO - Exporting env vars: AIRFLOW_CTX_DAG_OWNER='airflow' AIRFLOW_CTX_DAG_ID='hp_pipeline' AIRFLOW_CTX_TASK_ID='scrape' AIRFLOW_CTX_EXECUTION_DATE='2023-08-13T21:47:06.141991+00:00' AIRFLOW_CTX_TRY_NUMBER='1' AIRFLOW_CTX_DAG_RUN_ID='manual__2023-08-13T21:47:06.141991+00:00'
[2023-08-13T23:47:08.787+0200] {subprocess.py:63} INFO - Tmp dir root location: /tmp
[2023-08-13T23:47:08.788+0200] {subprocess.py:75} INFO - Running command: ['/usr/bin/bash', '-c', 'cd /home/akhilesh/personal/Assignment/Scripts/scrapers && source /home/akhilesh/py39/bin/activate && scrapy crawl hp_treasury']
[2023-08-13T23:47:08.797+0200] {subprocess.py:86} INFO - Output:
[2023-08-13T23:47:09.114+0200] {subprocess.py:93} INFO - 2023-08-13 23:47:09 [scrapy.utils.log] INFO: Scrapy 2.10.0 started (bot: hp-scraper)
[2023-08-13T23:47:09.119+0200] {subprocess.py:93} INFO - 2023-08-13 23:47:09 [scrapy.utils.log] INFO: Versions: lxml 4.9.3.0, libxml2 2.10.3, cssselect 1.2.0, parsel 1.8.1, w3lib 2.1.2, Twisted 22.10.0, Python 3.9.13 | packaged by conda-forge | (main, May 27 2022, 16:58:50) - [GCC 10.3.0], pyOpenSSL 23.2.0 (OpenSSL 3.1.2 1 Aug 2023), cryptography 41.0.3, Platform Linux-5.15.0-76-generic-x86_64-with-glibc2.31
[2023-08-13T23:47:09.123+0200] {subprocess.py:93} INFO - 2023-08-13 23:47:09 [scrapy.addons] INFO: Enabled addons:
[2023-08-13T23:47:09.123+0200] {subprocess.py:93} INFO - []
[2023-08-13T23:47:09.124+0200] {subprocess.py:93} INFO - 2023-08-13 23:47:09 [scrapy.crawler] INFO: Overridden settings:
[2023-08-13T23:47:09.124+0200] {subprocess.py:93} INFO - {'BOT_NAME': 'hp-scraper',
[2023-08-13T23:47:09.124+0200] {subprocess.py:93} INFO -  'DOWNLOAD_DELAY': 1,
[2023-08-13T23:47:09.125+0200] {subprocess.py:93} INFO -  'NEWSPIDER_MODULE': 'scrapers.spiders',
[2023-08-13T23:47:09.125+0200] {subprocess.py:93} INFO -  'ROBOTSTXT_OBEY': True,
[2023-08-13T23:47:09.125+0200] {subprocess.py:93} INFO -  'SPIDER_MODULES': ['scrapers.spiders']}
[2023-08-13T23:47:09.125+0200] {subprocess.py:93} INFO - 2023-08-13 23:47:09 [py.warnings] WARNING: /home/akhilesh/py39/lib/python3.9/site-packages/scrapy/utils/request.py:248: ScrapyDeprecationWarning: '2.6' is a deprecated value for the 'REQUEST_FINGERPRINTER_IMPLEMENTATION' setting.
[2023-08-13T23:47:09.126+0200] {subprocess.py:93} INFO - 
[2023-08-13T23:47:09.126+0200] {subprocess.py:93} INFO - It is also the default value. In other words, it is normal to get this warning if you have not defined a value for the 'REQUEST_FINGERPRINTER_IMPLEMENTATION' setting. This is so for backward compatibility reasons, but it will change in a future version of Scrapy.
[2023-08-13T23:47:09.126+0200] {subprocess.py:93} INFO - 
[2023-08-13T23:47:09.126+0200] {subprocess.py:93} INFO - See the documentation of the 'REQUEST_FINGERPRINTER_IMPLEMENTATION' setting for information on how to handle this deprecation.
[2023-08-13T23:47:09.127+0200] {subprocess.py:93} INFO -   return cls(crawler)
[2023-08-13T23:47:09.127+0200] {subprocess.py:93} INFO - 
[2023-08-13T23:47:09.128+0200] {subprocess.py:93} INFO - 2023-08-13 23:47:09 [scrapy.utils.log] DEBUG: Using reactor: twisted.internet.epollreactor.EPollReactor
[2023-08-13T23:47:09.140+0200] {subprocess.py:93} INFO - 2023-08-13 23:47:09 [scrapy.extensions.telnet] INFO: Telnet Password: 31f4f830da38f008
[2023-08-13T23:47:09.186+0200] {subprocess.py:93} INFO - 2023-08-13 23:47:09 [scrapy.middleware] INFO: Enabled extensions:
[2023-08-13T23:47:09.187+0200] {subprocess.py:93} INFO - ['scrapy.extensions.corestats.CoreStats',
[2023-08-13T23:47:09.187+0200] {subprocess.py:93} INFO -  'scrapy.extensions.telnet.TelnetConsole',
[2023-08-13T23:47:09.187+0200] {subprocess.py:93} INFO -  'scrapy.extensions.memusage.MemoryUsage',
[2023-08-13T23:47:09.187+0200] {subprocess.py:93} INFO -  'scrapy.extensions.logstats.LogStats']
[2023-08-13T23:47:09.225+0200] {subprocess.py:93} INFO - 2023-08-13 23:47:09 [scrapy.middleware] INFO: Enabled downloader middlewares:
[2023-08-13T23:47:09.225+0200] {subprocess.py:93} INFO - ['scrapy.downloadermiddlewares.robotstxt.RobotsTxtMiddleware',
[2023-08-13T23:47:09.225+0200] {subprocess.py:93} INFO -  'scrapy.downloadermiddlewares.httpauth.HttpAuthMiddleware',
[2023-08-13T23:47:09.225+0200] {subprocess.py:93} INFO -  'scrapy.downloadermiddlewares.downloadtimeout.DownloadTimeoutMiddleware',
[2023-08-13T23:47:09.225+0200] {subprocess.py:93} INFO -  'scrapy.downloadermiddlewares.defaultheaders.DefaultHeadersMiddleware',
[2023-08-13T23:47:09.225+0200] {subprocess.py:93} INFO -  'scrapy.downloadermiddlewares.useragent.UserAgentMiddleware',
[2023-08-13T23:47:09.225+0200] {subprocess.py:93} INFO -  'scrapy.downloadermiddlewares.retry.RetryMiddleware',
[2023-08-13T23:47:09.226+0200] {subprocess.py:93} INFO -  'scrapy.downloadermiddlewares.redirect.MetaRefreshMiddleware',
[2023-08-13T23:47:09.226+0200] {subprocess.py:93} INFO -  'scrapy.downloadermiddlewares.httpcompression.HttpCompressionMiddleware',
[2023-08-13T23:47:09.226+0200] {subprocess.py:93} INFO -  'scrapy.downloadermiddlewares.redirect.RedirectMiddleware',
[2023-08-13T23:47:09.226+0200] {subprocess.py:93} INFO -  'scrapy.downloadermiddlewares.cookies.CookiesMiddleware',
[2023-08-13T23:47:09.226+0200] {subprocess.py:93} INFO -  'scrapy.downloadermiddlewares.httpproxy.HttpProxyMiddleware',
[2023-08-13T23:47:09.226+0200] {subprocess.py:93} INFO -  'scrapy.downloadermiddlewares.stats.DownloaderStats']
[2023-08-13T23:47:09.226+0200] {subprocess.py:93} INFO - 2023-08-13 23:47:09 [scrapy.middleware] INFO: Enabled spider middlewares:
[2023-08-13T23:47:09.226+0200] {subprocess.py:93} INFO - ['scrapy.spidermiddlewares.httperror.HttpErrorMiddleware',
[2023-08-13T23:47:09.226+0200] {subprocess.py:93} INFO -  'scrapy.spidermiddlewares.offsite.OffsiteMiddleware',
[2023-08-13T23:47:09.226+0200] {subprocess.py:93} INFO -  'scrapy.spidermiddlewares.referer.RefererMiddleware',
[2023-08-13T23:47:09.226+0200] {subprocess.py:93} INFO -  'scrapy.spidermiddlewares.urllength.UrlLengthMiddleware',
[2023-08-13T23:47:09.227+0200] {subprocess.py:93} INFO -  'scrapy.spidermiddlewares.depth.DepthMiddleware']
[2023-08-13T23:47:09.227+0200] {subprocess.py:93} INFO - 2023-08-13 23:47:09 [scrapy.middleware] INFO: Enabled item pipelines:
[2023-08-13T23:47:09.227+0200] {subprocess.py:93} INFO - []
[2023-08-13T23:47:09.227+0200] {subprocess.py:93} INFO - 2023-08-13 23:47:09 [scrapy.core.engine] INFO: Spider opened
[2023-08-13T23:47:09.229+0200] {subprocess.py:93} INFO - 2023-08-13 23:47:09 [scrapy.extensions.logstats] INFO: Crawled 0 pages (at 0 pages/min), scraped 0 items (at 0 items/min)
[2023-08-13T23:47:09.229+0200] {subprocess.py:93} INFO - 2023-08-13 23:47:09 [scrapy.extensions.telnet] INFO: Telnet console listening on 127.0.0.1:6023
[2023-08-13T23:47:10.033+0200] {subprocess.py:93} INFO - 2023-08-13 23:47:10 [scrapy.core.engine] DEBUG: Crawled (404) <GET https://himkosh.nic.in/robots.txt> (referer: None)
[2023-08-13T23:47:10.033+0200] {subprocess.py:93} INFO - 2023-08-13 23:47:10 [protego] DEBUG: Rule at line 1 without any user agent to enforce it on.
[2023-08-13T23:47:10.033+0200] {subprocess.py:93} INFO - 2023-08-13 23:47:10 [protego] DEBUG: Rule at line 2 without any user agent to enforce it on.
[2023-08-13T23:47:10.033+0200] {subprocess.py:93} INFO - 2023-08-13 23:47:10 [protego] DEBUG: Rule at line 8 without any user agent to enforce it on.
[2023-08-13T23:47:10.034+0200] {subprocess.py:93} INFO - 2023-08-13 23:47:10 [protego] DEBUG: Rule at line 9 without any user agent to enforce it on.
[2023-08-13T23:47:10.034+0200] {subprocess.py:93} INFO - 2023-08-13 23:47:10 [protego] DEBUG: Rule at line 10 without any user agent to enforce it on.
[2023-08-13T23:47:10.034+0200] {subprocess.py:93} INFO - 2023-08-13 23:47:10 [protego] DEBUG: Rule at line 11 without any user agent to enforce it on.
[2023-08-13T23:47:10.034+0200] {subprocess.py:93} INFO - 2023-08-13 23:47:10 [protego] DEBUG: Rule at line 12 without any user agent to enforce it on.
[2023-08-13T23:47:10.831+0200] {subprocess.py:93} INFO - 2023-08-13 23:47:10 [scrapy.core.engine] DEBUG: Crawled (200) <GET https://himkosh.nic.in/eHPOLTIS/PublicReports/wfrmBudgetAllocationbyFD.aspx> (referer: None)
[2023-08-13T23:47:47.536+0200] {subprocess.py:93} INFO - 2023-08-13 23:47:47 [scrapy.core.engine] DEBUG: Crawled (200) <POST https://himkosh.nic.in/eHPOLTIS/PublicReports/wfrmBudgetAllocationbyFD.aspx> (referer: https://himkosh.nic.in/eHPOLTIS/PublicReports/wfrmBudgetAllocationbyFD.aspx)
[2023-08-13T23:47:49.623+0200] {subprocess.py:93} INFO - 2023-08-13 23:47:49 [scrapy.core.engine] INFO: Closing spider (finished)
[2023-08-13T23:47:49.624+0200] {subprocess.py:93} INFO - 2023-08-13 23:47:49 [scrapy.statscollectors] INFO: Dumping Scrapy stats:
[2023-08-13T23:47:49.624+0200] {subprocess.py:93} INFO - {'downloader/request_bytes': 5089,
[2023-08-13T23:47:49.624+0200] {subprocess.py:93} INFO -  'downloader/request_count': 3,
[2023-08-13T23:47:49.624+0200] {subprocess.py:93} INFO -  'downloader/request_method_count/GET': 2,
[2023-08-13T23:47:49.624+0200] {subprocess.py:93} INFO -  'downloader/request_method_count/POST': 1,
[2023-08-13T23:47:49.624+0200] {subprocess.py:93} INFO -  'downloader/response_bytes': 3057651,
[2023-08-13T23:47:49.624+0200] {subprocess.py:93} INFO -  'downloader/response_count': 3,
[2023-08-13T23:47:49.624+0200] {subprocess.py:93} INFO -  'downloader/response_status_count/200': 2,
[2023-08-13T23:47:49.624+0200] {subprocess.py:93} INFO -  'downloader/response_status_count/404': 1,
[2023-08-13T23:47:49.625+0200] {subprocess.py:93} INFO -  'elapsed_time_seconds': 40.394962,
[2023-08-13T23:47:49.625+0200] {subprocess.py:93} INFO -  'finish_reason': 'finished',
[2023-08-13T23:47:49.625+0200] {subprocess.py:93} INFO -  'finish_time': datetime.datetime(2023, 8, 13, 21, 47, 49, 623779),
[2023-08-13T23:47:49.625+0200] {subprocess.py:93} INFO -  'log_count/DEBUG': 11,
[2023-08-13T23:47:49.625+0200] {subprocess.py:93} INFO -  'log_count/INFO': 10,
[2023-08-13T23:47:49.625+0200] {subprocess.py:93} INFO -  'log_count/WARNING': 1,
[2023-08-13T23:47:49.625+0200] {subprocess.py:93} INFO -  'memusage/max': 123342848,
[2023-08-13T23:47:49.625+0200] {subprocess.py:93} INFO -  'memusage/startup': 123342848,
[2023-08-13T23:47:49.625+0200] {subprocess.py:93} INFO -  'request_depth_max': 1,
[2023-08-13T23:47:49.625+0200] {subprocess.py:93} INFO -  'response_received_count': 3,
[2023-08-13T23:47:49.625+0200] {subprocess.py:93} INFO -  'robotstxt/request_count': 1,
[2023-08-13T23:47:49.626+0200] {subprocess.py:93} INFO -  'robotstxt/response_count': 1,
[2023-08-13T23:47:49.626+0200] {subprocess.py:93} INFO -  'robotstxt/response_status_count/404': 1,
[2023-08-13T23:47:49.626+0200] {subprocess.py:93} INFO -  'scheduler/dequeued': 2,
[2023-08-13T23:47:49.626+0200] {subprocess.py:93} INFO -  'scheduler/dequeued/memory': 2,
[2023-08-13T23:47:49.626+0200] {subprocess.py:93} INFO -  'scheduler/enqueued': 2,
[2023-08-13T23:47:49.626+0200] {subprocess.py:93} INFO -  'scheduler/enqueued/memory': 2,
[2023-08-13T23:47:49.626+0200] {subprocess.py:93} INFO -  'start_time': datetime.datetime(2023, 8, 13, 21, 47, 9, 228817)}
[2023-08-13T23:47:49.627+0200] {subprocess.py:93} INFO - 2023-08-13 23:47:49 [scrapy.core.engine] INFO: Spider closed (finished)
[2023-08-13T23:47:50.785+0200] {subprocess.py:97} INFO - Command exited with return code 0
[2023-08-13T23:47:50.824+0200] {taskinstance.py:1345} INFO - Marking task as SUCCESS. dag_id=hp_pipeline, task_id=scrape, execution_date=20230813T214706, start_date=20230813T214708, end_date=20230813T214750
[2023-08-13T23:47:50.859+0200] {local_task_job_runner.py:225} INFO - Task exited with return code 0
[2023-08-13T23:47:50.875+0200] {taskinstance.py:2653} INFO - 0 downstream tasks scheduled from follow-on schedule check
