[2023-08-14T10:22:10.295+0200] {processor.py:157} INFO - Started process (PID=453356) to work on /home/akhilesh/py39/lib/python3.9/site-packages/airflow/example_dags/subdags/subdag.py
[2023-08-14T10:22:10.297+0200] {processor.py:826} INFO - Processing file /home/akhilesh/py39/lib/python3.9/site-packages/airflow/example_dags/subdags/subdag.py for tasks to queue
[2023-08-14T10:22:10.298+0200] {logging_mixin.py:150} INFO - [2023-08-14T10:22:10.297+0200] {dagbag.py:541} INFO - Filling up the DagBag from /home/akhilesh/py39/lib/python3.9/site-packages/airflow/example_dags/subdags/subdag.py
[2023-08-14T10:22:10.300+0200] {processor.py:838} WARNING - No viable dags retrieved from /home/akhilesh/py39/lib/python3.9/site-packages/airflow/example_dags/subdags/subdag.py
[2023-08-14T10:22:10.310+0200] {processor.py:179} INFO - Processing /home/akhilesh/py39/lib/python3.9/site-packages/airflow/example_dags/subdags/subdag.py took 0.019 seconds
[2023-08-14T10:22:52.597+0200] {processor.py:157} INFO - Started process (PID=453518) to work on /home/akhilesh/py39/lib/python3.9/site-packages/airflow/example_dags/subdags/subdag.py
[2023-08-14T10:22:52.607+0200] {processor.py:826} INFO - Processing file /home/akhilesh/py39/lib/python3.9/site-packages/airflow/example_dags/subdags/subdag.py for tasks to queue
[2023-08-14T10:22:52.608+0200] {logging_mixin.py:150} INFO - [2023-08-14T10:22:52.608+0200] {dagbag.py:541} INFO - Filling up the DagBag from /home/akhilesh/py39/lib/python3.9/site-packages/airflow/example_dags/subdags/subdag.py
[2023-08-14T10:22:52.611+0200] {processor.py:838} WARNING - No viable dags retrieved from /home/akhilesh/py39/lib/python3.9/site-packages/airflow/example_dags/subdags/subdag.py
[2023-08-14T10:22:52.621+0200] {processor.py:179} INFO - Processing /home/akhilesh/py39/lib/python3.9/site-packages/airflow/example_dags/subdags/subdag.py took 0.027 seconds
[2023-08-14T10:23:42.552+0200] {processor.py:157} INFO - Started process (PID=453778) to work on /home/akhilesh/py39/lib/python3.9/site-packages/airflow/example_dags/subdags/subdag.py
[2023-08-14T10:23:42.561+0200] {processor.py:826} INFO - Processing file /home/akhilesh/py39/lib/python3.9/site-packages/airflow/example_dags/subdags/subdag.py for tasks to queue
[2023-08-14T10:23:42.562+0200] {logging_mixin.py:150} INFO - [2023-08-14T10:23:42.562+0200] {dagbag.py:541} INFO - Filling up the DagBag from /home/akhilesh/py39/lib/python3.9/site-packages/airflow/example_dags/subdags/subdag.py
[2023-08-14T10:23:42.565+0200] {processor.py:838} WARNING - No viable dags retrieved from /home/akhilesh/py39/lib/python3.9/site-packages/airflow/example_dags/subdags/subdag.py
[2023-08-14T10:23:42.576+0200] {processor.py:179} INFO - Processing /home/akhilesh/py39/lib/python3.9/site-packages/airflow/example_dags/subdags/subdag.py took 0.028 seconds
[2023-08-14T10:24:24.813+0200] {processor.py:157} INFO - Started process (PID=453916) to work on /home/akhilesh/py39/lib/python3.9/site-packages/airflow/example_dags/subdags/subdag.py
[2023-08-14T10:24:24.823+0200] {processor.py:826} INFO - Processing file /home/akhilesh/py39/lib/python3.9/site-packages/airflow/example_dags/subdags/subdag.py for tasks to queue
[2023-08-14T10:24:24.824+0200] {logging_mixin.py:150} INFO - [2023-08-14T10:24:24.823+0200] {dagbag.py:541} INFO - Filling up the DagBag from /home/akhilesh/py39/lib/python3.9/site-packages/airflow/example_dags/subdags/subdag.py
[2023-08-14T10:24:24.827+0200] {processor.py:838} WARNING - No viable dags retrieved from /home/akhilesh/py39/lib/python3.9/site-packages/airflow/example_dags/subdags/subdag.py
[2023-08-14T10:24:24.837+0200] {processor.py:179} INFO - Processing /home/akhilesh/py39/lib/python3.9/site-packages/airflow/example_dags/subdags/subdag.py took 0.028 seconds
[2023-08-14T10:25:07.287+0200] {processor.py:157} INFO - Started process (PID=454061) to work on /home/akhilesh/py39/lib/python3.9/site-packages/airflow/example_dags/subdags/subdag.py
[2023-08-14T10:25:07.289+0200] {processor.py:826} INFO - Processing file /home/akhilesh/py39/lib/python3.9/site-packages/airflow/example_dags/subdags/subdag.py for tasks to queue
[2023-08-14T10:25:07.291+0200] {logging_mixin.py:150} INFO - [2023-08-14T10:25:07.290+0200] {dagbag.py:541} INFO - Filling up the DagBag from /home/akhilesh/py39/lib/python3.9/site-packages/airflow/example_dags/subdags/subdag.py
[2023-08-14T10:25:07.293+0200] {processor.py:838} WARNING - No viable dags retrieved from /home/akhilesh/py39/lib/python3.9/site-packages/airflow/example_dags/subdags/subdag.py
[2023-08-14T10:25:07.303+0200] {processor.py:179} INFO - Processing /home/akhilesh/py39/lib/python3.9/site-packages/airflow/example_dags/subdags/subdag.py took 0.020 seconds
[2023-08-14T10:25:57.663+0200] {processor.py:157} INFO - Started process (PID=454216) to work on /home/akhilesh/py39/lib/python3.9/site-packages/airflow/example_dags/subdags/subdag.py
[2023-08-14T10:25:57.672+0200] {processor.py:826} INFO - Processing file /home/akhilesh/py39/lib/python3.9/site-packages/airflow/example_dags/subdags/subdag.py for tasks to queue
[2023-08-14T10:25:57.673+0200] {logging_mixin.py:150} INFO - [2023-08-14T10:25:57.673+0200] {dagbag.py:541} INFO - Filling up the DagBag from /home/akhilesh/py39/lib/python3.9/site-packages/airflow/example_dags/subdags/subdag.py
[2023-08-14T10:25:57.676+0200] {processor.py:838} WARNING - No viable dags retrieved from /home/akhilesh/py39/lib/python3.9/site-packages/airflow/example_dags/subdags/subdag.py
[2023-08-14T10:25:57.687+0200] {processor.py:179} INFO - Processing /home/akhilesh/py39/lib/python3.9/site-packages/airflow/example_dags/subdags/subdag.py took 0.029 seconds
[2023-08-14T10:26:38.514+0200] {processor.py:157} INFO - Started process (PID=454464) to work on /home/akhilesh/py39/lib/python3.9/site-packages/airflow/example_dags/subdags/subdag.py
[2023-08-14T10:26:38.523+0200] {processor.py:826} INFO - Processing file /home/akhilesh/py39/lib/python3.9/site-packages/airflow/example_dags/subdags/subdag.py for tasks to queue
[2023-08-14T10:26:38.524+0200] {logging_mixin.py:150} INFO - [2023-08-14T10:26:38.524+0200] {dagbag.py:541} INFO - Filling up the DagBag from /home/akhilesh/py39/lib/python3.9/site-packages/airflow/example_dags/subdags/subdag.py
[2023-08-14T10:26:38.527+0200] {processor.py:838} WARNING - No viable dags retrieved from /home/akhilesh/py39/lib/python3.9/site-packages/airflow/example_dags/subdags/subdag.py
[2023-08-14T10:26:38.543+0200] {processor.py:179} INFO - Processing /home/akhilesh/py39/lib/python3.9/site-packages/airflow/example_dags/subdags/subdag.py took 0.033 seconds
[2023-08-14T10:27:18.143+0200] {processor.py:157} INFO - Started process (PID=454634) to work on /home/akhilesh/py39/lib/python3.9/site-packages/airflow/example_dags/subdags/subdag.py
[2023-08-14T10:27:18.145+0200] {processor.py:826} INFO - Processing file /home/akhilesh/py39/lib/python3.9/site-packages/airflow/example_dags/subdags/subdag.py for tasks to queue
[2023-08-14T10:27:18.146+0200] {logging_mixin.py:150} INFO - [2023-08-14T10:27:18.146+0200] {dagbag.py:541} INFO - Filling up the DagBag from /home/akhilesh/py39/lib/python3.9/site-packages/airflow/example_dags/subdags/subdag.py
[2023-08-14T10:27:18.148+0200] {processor.py:838} WARNING - No viable dags retrieved from /home/akhilesh/py39/lib/python3.9/site-packages/airflow/example_dags/subdags/subdag.py
[2023-08-14T10:27:18.154+0200] {processor.py:179} INFO - Processing /home/akhilesh/py39/lib/python3.9/site-packages/airflow/example_dags/subdags/subdag.py took 0.014 seconds
[2023-08-14T10:27:56.450+0200] {processor.py:157} INFO - Started process (PID=454876) to work on /home/akhilesh/py39/lib/python3.9/site-packages/airflow/example_dags/subdags/subdag.py
[2023-08-14T10:27:56.459+0200] {processor.py:826} INFO - Processing file /home/akhilesh/py39/lib/python3.9/site-packages/airflow/example_dags/subdags/subdag.py for tasks to queue
[2023-08-14T10:27:56.460+0200] {logging_mixin.py:150} INFO - [2023-08-14T10:27:56.460+0200] {dagbag.py:541} INFO - Filling up the DagBag from /home/akhilesh/py39/lib/python3.9/site-packages/airflow/example_dags/subdags/subdag.py
[2023-08-14T10:27:56.463+0200] {processor.py:838} WARNING - No viable dags retrieved from /home/akhilesh/py39/lib/python3.9/site-packages/airflow/example_dags/subdags/subdag.py
[2023-08-14T10:27:56.474+0200] {processor.py:179} INFO - Processing /home/akhilesh/py39/lib/python3.9/site-packages/airflow/example_dags/subdags/subdag.py took 0.027 seconds
[2023-08-14T10:28:35.509+0200] {processor.py:157} INFO - Started process (PID=455003) to work on /home/akhilesh/py39/lib/python3.9/site-packages/airflow/example_dags/subdags/subdag.py
[2023-08-14T10:28:35.518+0200] {processor.py:826} INFO - Processing file /home/akhilesh/py39/lib/python3.9/site-packages/airflow/example_dags/subdags/subdag.py for tasks to queue
[2023-08-14T10:28:35.520+0200] {logging_mixin.py:150} INFO - [2023-08-14T10:28:35.519+0200] {dagbag.py:541} INFO - Filling up the DagBag from /home/akhilesh/py39/lib/python3.9/site-packages/airflow/example_dags/subdags/subdag.py
[2023-08-14T10:28:35.523+0200] {processor.py:838} WARNING - No viable dags retrieved from /home/akhilesh/py39/lib/python3.9/site-packages/airflow/example_dags/subdags/subdag.py
[2023-08-14T10:28:35.533+0200] {processor.py:179} INFO - Processing /home/akhilesh/py39/lib/python3.9/site-packages/airflow/example_dags/subdags/subdag.py took 0.028 seconds
[2023-08-14T10:29:17.529+0200] {processor.py:157} INFO - Started process (PID=455180) to work on /home/akhilesh/py39/lib/python3.9/site-packages/airflow/example_dags/subdags/subdag.py
[2023-08-14T10:29:17.538+0200] {processor.py:826} INFO - Processing file /home/akhilesh/py39/lib/python3.9/site-packages/airflow/example_dags/subdags/subdag.py for tasks to queue
[2023-08-14T10:29:17.539+0200] {logging_mixin.py:150} INFO - [2023-08-14T10:29:17.539+0200] {dagbag.py:541} INFO - Filling up the DagBag from /home/akhilesh/py39/lib/python3.9/site-packages/airflow/example_dags/subdags/subdag.py
[2023-08-14T10:29:17.541+0200] {processor.py:838} WARNING - No viable dags retrieved from /home/akhilesh/py39/lib/python3.9/site-packages/airflow/example_dags/subdags/subdag.py
[2023-08-14T10:29:17.551+0200] {processor.py:179} INFO - Processing /home/akhilesh/py39/lib/python3.9/site-packages/airflow/example_dags/subdags/subdag.py took 0.024 seconds
[2023-08-14T10:30:08.668+0200] {processor.py:157} INFO - Started process (PID=455296) to work on /home/akhilesh/py39/lib/python3.9/site-packages/airflow/example_dags/subdags/subdag.py
[2023-08-14T10:30:08.677+0200] {processor.py:826} INFO - Processing file /home/akhilesh/py39/lib/python3.9/site-packages/airflow/example_dags/subdags/subdag.py for tasks to queue
[2023-08-14T10:30:08.678+0200] {logging_mixin.py:150} INFO - [2023-08-14T10:30:08.678+0200] {dagbag.py:541} INFO - Filling up the DagBag from /home/akhilesh/py39/lib/python3.9/site-packages/airflow/example_dags/subdags/subdag.py
[2023-08-14T10:30:08.680+0200] {processor.py:838} WARNING - No viable dags retrieved from /home/akhilesh/py39/lib/python3.9/site-packages/airflow/example_dags/subdags/subdag.py
[2023-08-14T10:30:08.692+0200] {processor.py:179} INFO - Processing /home/akhilesh/py39/lib/python3.9/site-packages/airflow/example_dags/subdags/subdag.py took 0.028 seconds
[2023-08-14T10:30:54.157+0200] {processor.py:157} INFO - Started process (PID=455456) to work on /home/akhilesh/py39/lib/python3.9/site-packages/airflow/example_dags/subdags/subdag.py
[2023-08-14T10:30:54.166+0200] {processor.py:826} INFO - Processing file /home/akhilesh/py39/lib/python3.9/site-packages/airflow/example_dags/subdags/subdag.py for tasks to queue
[2023-08-14T10:30:54.168+0200] {logging_mixin.py:150} INFO - [2023-08-14T10:30:54.168+0200] {dagbag.py:541} INFO - Filling up the DagBag from /home/akhilesh/py39/lib/python3.9/site-packages/airflow/example_dags/subdags/subdag.py
[2023-08-14T10:30:54.171+0200] {processor.py:838} WARNING - No viable dags retrieved from /home/akhilesh/py39/lib/python3.9/site-packages/airflow/example_dags/subdags/subdag.py
[2023-08-14T10:30:54.181+0200] {processor.py:179} INFO - Processing /home/akhilesh/py39/lib/python3.9/site-packages/airflow/example_dags/subdags/subdag.py took 0.028 seconds
[2023-08-14T10:31:31.251+0200] {processor.py:157} INFO - Started process (PID=455539) to work on /home/akhilesh/py39/lib/python3.9/site-packages/airflow/example_dags/subdags/subdag.py
[2023-08-14T10:31:31.260+0200] {processor.py:826} INFO - Processing file /home/akhilesh/py39/lib/python3.9/site-packages/airflow/example_dags/subdags/subdag.py for tasks to queue
[2023-08-14T10:31:31.262+0200] {logging_mixin.py:150} INFO - [2023-08-14T10:31:31.261+0200] {dagbag.py:541} INFO - Filling up the DagBag from /home/akhilesh/py39/lib/python3.9/site-packages/airflow/example_dags/subdags/subdag.py
[2023-08-14T10:31:31.265+0200] {processor.py:838} WARNING - No viable dags retrieved from /home/akhilesh/py39/lib/python3.9/site-packages/airflow/example_dags/subdags/subdag.py
[2023-08-14T10:31:31.276+0200] {processor.py:179} INFO - Processing /home/akhilesh/py39/lib/python3.9/site-packages/airflow/example_dags/subdags/subdag.py took 0.028 seconds
[2023-08-14T10:32:19.017+0200] {processor.py:157} INFO - Started process (PID=455808) to work on /home/akhilesh/py39/lib/python3.9/site-packages/airflow/example_dags/subdags/subdag.py
[2023-08-14T10:32:19.026+0200] {processor.py:826} INFO - Processing file /home/akhilesh/py39/lib/python3.9/site-packages/airflow/example_dags/subdags/subdag.py for tasks to queue
[2023-08-14T10:32:19.027+0200] {logging_mixin.py:150} INFO - [2023-08-14T10:32:19.027+0200] {dagbag.py:541} INFO - Filling up the DagBag from /home/akhilesh/py39/lib/python3.9/site-packages/airflow/example_dags/subdags/subdag.py
[2023-08-14T10:32:19.030+0200] {processor.py:838} WARNING - No viable dags retrieved from /home/akhilesh/py39/lib/python3.9/site-packages/airflow/example_dags/subdags/subdag.py
[2023-08-14T10:32:19.040+0200] {processor.py:179} INFO - Processing /home/akhilesh/py39/lib/python3.9/site-packages/airflow/example_dags/subdags/subdag.py took 0.027 seconds
[2023-08-14T10:33:08.686+0200] {processor.py:157} INFO - Started process (PID=455967) to work on /home/akhilesh/py39/lib/python3.9/site-packages/airflow/example_dags/subdags/subdag.py
[2023-08-14T10:33:08.695+0200] {processor.py:826} INFO - Processing file /home/akhilesh/py39/lib/python3.9/site-packages/airflow/example_dags/subdags/subdag.py for tasks to queue
[2023-08-14T10:33:08.696+0200] {logging_mixin.py:150} INFO - [2023-08-14T10:33:08.696+0200] {dagbag.py:541} INFO - Filling up the DagBag from /home/akhilesh/py39/lib/python3.9/site-packages/airflow/example_dags/subdags/subdag.py
[2023-08-14T10:33:08.699+0200] {processor.py:838} WARNING - No viable dags retrieved from /home/akhilesh/py39/lib/python3.9/site-packages/airflow/example_dags/subdags/subdag.py
[2023-08-14T10:33:08.712+0200] {processor.py:179} INFO - Processing /home/akhilesh/py39/lib/python3.9/site-packages/airflow/example_dags/subdags/subdag.py took 0.030 seconds
[2023-08-14T10:33:46.057+0200] {processor.py:157} INFO - Started process (PID=456056) to work on /home/akhilesh/py39/lib/python3.9/site-packages/airflow/example_dags/subdags/subdag.py
[2023-08-14T10:33:46.066+0200] {processor.py:826} INFO - Processing file /home/akhilesh/py39/lib/python3.9/site-packages/airflow/example_dags/subdags/subdag.py for tasks to queue
[2023-08-14T10:33:46.068+0200] {logging_mixin.py:150} INFO - [2023-08-14T10:33:46.067+0200] {dagbag.py:541} INFO - Filling up the DagBag from /home/akhilesh/py39/lib/python3.9/site-packages/airflow/example_dags/subdags/subdag.py
[2023-08-14T10:33:46.069+0200] {processor.py:838} WARNING - No viable dags retrieved from /home/akhilesh/py39/lib/python3.9/site-packages/airflow/example_dags/subdags/subdag.py
[2023-08-14T10:33:46.081+0200] {processor.py:179} INFO - Processing /home/akhilesh/py39/lib/python3.9/site-packages/airflow/example_dags/subdags/subdag.py took 0.028 seconds
[2023-08-14T10:34:38.912+0200] {processor.py:157} INFO - Started process (PID=456177) to work on /home/akhilesh/py39/lib/python3.9/site-packages/airflow/example_dags/subdags/subdag.py
[2023-08-14T10:34:38.921+0200] {processor.py:826} INFO - Processing file /home/akhilesh/py39/lib/python3.9/site-packages/airflow/example_dags/subdags/subdag.py for tasks to queue
[2023-08-14T10:34:38.922+0200] {logging_mixin.py:150} INFO - [2023-08-14T10:34:38.922+0200] {dagbag.py:541} INFO - Filling up the DagBag from /home/akhilesh/py39/lib/python3.9/site-packages/airflow/example_dags/subdags/subdag.py
[2023-08-14T10:34:38.924+0200] {processor.py:838} WARNING - No viable dags retrieved from /home/akhilesh/py39/lib/python3.9/site-packages/airflow/example_dags/subdags/subdag.py
[2023-08-14T10:34:38.938+0200] {processor.py:179} INFO - Processing /home/akhilesh/py39/lib/python3.9/site-packages/airflow/example_dags/subdags/subdag.py took 0.029 seconds
[2023-08-14T10:35:14.984+0200] {processor.py:157} INFO - Started process (PID=456282) to work on /home/akhilesh/py39/lib/python3.9/site-packages/airflow/example_dags/subdags/subdag.py
[2023-08-14T10:35:14.993+0200] {processor.py:826} INFO - Processing file /home/akhilesh/py39/lib/python3.9/site-packages/airflow/example_dags/subdags/subdag.py for tasks to queue
[2023-08-14T10:35:14.994+0200] {logging_mixin.py:150} INFO - [2023-08-14T10:35:14.993+0200] {dagbag.py:541} INFO - Filling up the DagBag from /home/akhilesh/py39/lib/python3.9/site-packages/airflow/example_dags/subdags/subdag.py
[2023-08-14T10:35:14.996+0200] {processor.py:838} WARNING - No viable dags retrieved from /home/akhilesh/py39/lib/python3.9/site-packages/airflow/example_dags/subdags/subdag.py
[2023-08-14T10:35:15.009+0200] {processor.py:179} INFO - Processing /home/akhilesh/py39/lib/python3.9/site-packages/airflow/example_dags/subdags/subdag.py took 0.029 seconds
[2023-08-14T10:36:07.027+0200] {processor.py:157} INFO - Started process (PID=456434) to work on /home/akhilesh/py39/lib/python3.9/site-packages/airflow/example_dags/subdags/subdag.py
[2023-08-14T10:36:07.036+0200] {processor.py:826} INFO - Processing file /home/akhilesh/py39/lib/python3.9/site-packages/airflow/example_dags/subdags/subdag.py for tasks to queue
[2023-08-14T10:36:07.038+0200] {logging_mixin.py:150} INFO - [2023-08-14T10:36:07.037+0200] {dagbag.py:541} INFO - Filling up the DagBag from /home/akhilesh/py39/lib/python3.9/site-packages/airflow/example_dags/subdags/subdag.py
[2023-08-14T10:36:07.041+0200] {processor.py:838} WARNING - No viable dags retrieved from /home/akhilesh/py39/lib/python3.9/site-packages/airflow/example_dags/subdags/subdag.py
[2023-08-14T10:36:07.052+0200] {processor.py:179} INFO - Processing /home/akhilesh/py39/lib/python3.9/site-packages/airflow/example_dags/subdags/subdag.py took 0.029 seconds
[2023-08-14T10:36:58.182+0200] {processor.py:157} INFO - Started process (PID=456574) to work on /home/akhilesh/py39/lib/python3.9/site-packages/airflow/example_dags/subdags/subdag.py
[2023-08-14T10:36:58.183+0200] {processor.py:826} INFO - Processing file /home/akhilesh/py39/lib/python3.9/site-packages/airflow/example_dags/subdags/subdag.py for tasks to queue
[2023-08-14T10:36:58.184+0200] {logging_mixin.py:150} INFO - [2023-08-14T10:36:58.184+0200] {dagbag.py:541} INFO - Filling up the DagBag from /home/akhilesh/py39/lib/python3.9/site-packages/airflow/example_dags/subdags/subdag.py
[2023-08-14T10:36:58.186+0200] {processor.py:838} WARNING - No viable dags retrieved from /home/akhilesh/py39/lib/python3.9/site-packages/airflow/example_dags/subdags/subdag.py
[2023-08-14T10:36:58.194+0200] {processor.py:179} INFO - Processing /home/akhilesh/py39/lib/python3.9/site-packages/airflow/example_dags/subdags/subdag.py took 0.016 seconds
[2023-08-14T10:37:48.755+0200] {processor.py:157} INFO - Started process (PID=456717) to work on /home/akhilesh/py39/lib/python3.9/site-packages/airflow/example_dags/subdags/subdag.py
[2023-08-14T10:37:48.757+0200] {processor.py:826} INFO - Processing file /home/akhilesh/py39/lib/python3.9/site-packages/airflow/example_dags/subdags/subdag.py for tasks to queue
[2023-08-14T10:37:48.758+0200] {logging_mixin.py:150} INFO - [2023-08-14T10:37:48.757+0200] {dagbag.py:541} INFO - Filling up the DagBag from /home/akhilesh/py39/lib/python3.9/site-packages/airflow/example_dags/subdags/subdag.py
[2023-08-14T10:37:48.761+0200] {processor.py:838} WARNING - No viable dags retrieved from /home/akhilesh/py39/lib/python3.9/site-packages/airflow/example_dags/subdags/subdag.py
[2023-08-14T10:37:48.774+0200] {processor.py:179} INFO - Processing /home/akhilesh/py39/lib/python3.9/site-packages/airflow/example_dags/subdags/subdag.py took 0.022 seconds
[2023-08-14T10:38:36.748+0200] {processor.py:157} INFO - Started process (PID=456827) to work on /home/akhilesh/py39/lib/python3.9/site-packages/airflow/example_dags/subdags/subdag.py
[2023-08-14T10:38:36.749+0200] {processor.py:826} INFO - Processing file /home/akhilesh/py39/lib/python3.9/site-packages/airflow/example_dags/subdags/subdag.py for tasks to queue
[2023-08-14T10:38:36.750+0200] {logging_mixin.py:150} INFO - [2023-08-14T10:38:36.749+0200] {dagbag.py:541} INFO - Filling up the DagBag from /home/akhilesh/py39/lib/python3.9/site-packages/airflow/example_dags/subdags/subdag.py
[2023-08-14T10:38:36.752+0200] {processor.py:838} WARNING - No viable dags retrieved from /home/akhilesh/py39/lib/python3.9/site-packages/airflow/example_dags/subdags/subdag.py
[2023-08-14T10:38:36.761+0200] {processor.py:179} INFO - Processing /home/akhilesh/py39/lib/python3.9/site-packages/airflow/example_dags/subdags/subdag.py took 0.017 seconds
[2023-08-14T10:39:42.807+0200] {processor.py:157} INFO - Started process (PID=457113) to work on /home/akhilesh/py39/lib/python3.9/site-packages/airflow/example_dags/subdags/subdag.py
[2023-08-14T10:39:42.808+0200] {processor.py:826} INFO - Processing file /home/akhilesh/py39/lib/python3.9/site-packages/airflow/example_dags/subdags/subdag.py for tasks to queue
[2023-08-14T10:39:42.810+0200] {logging_mixin.py:150} INFO - [2023-08-14T10:39:42.809+0200] {dagbag.py:541} INFO - Filling up the DagBag from /home/akhilesh/py39/lib/python3.9/site-packages/airflow/example_dags/subdags/subdag.py
[2023-08-14T10:39:42.812+0200] {processor.py:838} WARNING - No viable dags retrieved from /home/akhilesh/py39/lib/python3.9/site-packages/airflow/example_dags/subdags/subdag.py
[2023-08-14T10:39:42.828+0200] {processor.py:179} INFO - Processing /home/akhilesh/py39/lib/python3.9/site-packages/airflow/example_dags/subdags/subdag.py took 0.024 seconds
[2023-08-14T10:41:24.178+0200] {processor.py:157} INFO - Started process (PID=457535) to work on /home/akhilesh/py39/lib/python3.9/site-packages/airflow/example_dags/subdags/subdag.py
[2023-08-14T10:41:24.179+0200] {processor.py:826} INFO - Processing file /home/akhilesh/py39/lib/python3.9/site-packages/airflow/example_dags/subdags/subdag.py for tasks to queue
[2023-08-14T10:41:24.180+0200] {logging_mixin.py:150} INFO - [2023-08-14T10:41:24.180+0200] {dagbag.py:541} INFO - Filling up the DagBag from /home/akhilesh/py39/lib/python3.9/site-packages/airflow/example_dags/subdags/subdag.py
[2023-08-14T10:41:24.183+0200] {processor.py:838} WARNING - No viable dags retrieved from /home/akhilesh/py39/lib/python3.9/site-packages/airflow/example_dags/subdags/subdag.py
[2023-08-14T10:41:24.192+0200] {processor.py:179} INFO - Processing /home/akhilesh/py39/lib/python3.9/site-packages/airflow/example_dags/subdags/subdag.py took 0.018 seconds
[2023-08-14T10:42:11.148+0200] {processor.py:157} INFO - Started process (PID=457697) to work on /home/akhilesh/py39/lib/python3.9/site-packages/airflow/example_dags/subdags/subdag.py
[2023-08-14T10:42:11.157+0200] {processor.py:826} INFO - Processing file /home/akhilesh/py39/lib/python3.9/site-packages/airflow/example_dags/subdags/subdag.py for tasks to queue
[2023-08-14T10:42:11.158+0200] {logging_mixin.py:150} INFO - [2023-08-14T10:42:11.158+0200] {dagbag.py:541} INFO - Filling up the DagBag from /home/akhilesh/py39/lib/python3.9/site-packages/airflow/example_dags/subdags/subdag.py
[2023-08-14T10:42:11.161+0200] {processor.py:838} WARNING - No viable dags retrieved from /home/akhilesh/py39/lib/python3.9/site-packages/airflow/example_dags/subdags/subdag.py
[2023-08-14T10:42:11.176+0200] {processor.py:179} INFO - Processing /home/akhilesh/py39/lib/python3.9/site-packages/airflow/example_dags/subdags/subdag.py took 0.033 seconds
[2023-08-14T10:44:15.241+0200] {processor.py:157} INFO - Started process (PID=458191) to work on /home/akhilesh/py39/lib/python3.9/site-packages/airflow/example_dags/subdags/subdag.py
[2023-08-14T10:44:15.242+0200] {processor.py:826} INFO - Processing file /home/akhilesh/py39/lib/python3.9/site-packages/airflow/example_dags/subdags/subdag.py for tasks to queue
[2023-08-14T10:44:15.243+0200] {logging_mixin.py:150} INFO - [2023-08-14T10:44:15.243+0200] {dagbag.py:541} INFO - Filling up the DagBag from /home/akhilesh/py39/lib/python3.9/site-packages/airflow/example_dags/subdags/subdag.py
[2023-08-14T10:44:15.246+0200] {processor.py:838} WARNING - No viable dags retrieved from /home/akhilesh/py39/lib/python3.9/site-packages/airflow/example_dags/subdags/subdag.py
[2023-08-14T10:44:15.255+0200] {processor.py:179} INFO - Processing /home/akhilesh/py39/lib/python3.9/site-packages/airflow/example_dags/subdags/subdag.py took 0.018 seconds
[2023-08-14T10:45:01.999+0200] {processor.py:157} INFO - Started process (PID=458427) to work on /home/akhilesh/py39/lib/python3.9/site-packages/airflow/example_dags/subdags/subdag.py
[2023-08-14T10:45:02.008+0200] {processor.py:826} INFO - Processing file /home/akhilesh/py39/lib/python3.9/site-packages/airflow/example_dags/subdags/subdag.py for tasks to queue
[2023-08-14T10:45:02.009+0200] {logging_mixin.py:150} INFO - [2023-08-14T10:45:02.009+0200] {dagbag.py:541} INFO - Filling up the DagBag from /home/akhilesh/py39/lib/python3.9/site-packages/airflow/example_dags/subdags/subdag.py
[2023-08-14T10:45:02.012+0200] {processor.py:838} WARNING - No viable dags retrieved from /home/akhilesh/py39/lib/python3.9/site-packages/airflow/example_dags/subdags/subdag.py
[2023-08-14T10:45:02.026+0200] {processor.py:179} INFO - Processing /home/akhilesh/py39/lib/python3.9/site-packages/airflow/example_dags/subdags/subdag.py took 0.031 seconds
[2023-08-14T10:45:47.466+0200] {processor.py:157} INFO - Started process (PID=458573) to work on /home/akhilesh/py39/lib/python3.9/site-packages/airflow/example_dags/subdags/subdag.py
[2023-08-14T10:45:47.475+0200] {processor.py:826} INFO - Processing file /home/akhilesh/py39/lib/python3.9/site-packages/airflow/example_dags/subdags/subdag.py for tasks to queue
[2023-08-14T10:45:47.477+0200] {logging_mixin.py:150} INFO - [2023-08-14T10:45:47.476+0200] {dagbag.py:541} INFO - Filling up the DagBag from /home/akhilesh/py39/lib/python3.9/site-packages/airflow/example_dags/subdags/subdag.py
[2023-08-14T10:45:47.480+0200] {processor.py:838} WARNING - No viable dags retrieved from /home/akhilesh/py39/lib/python3.9/site-packages/airflow/example_dags/subdags/subdag.py
[2023-08-14T10:45:47.493+0200] {processor.py:179} INFO - Processing /home/akhilesh/py39/lib/python3.9/site-packages/airflow/example_dags/subdags/subdag.py took 0.031 seconds
[2023-08-14T10:46:35.159+0200] {processor.py:157} INFO - Started process (PID=458850) to work on /home/akhilesh/py39/lib/python3.9/site-packages/airflow/example_dags/subdags/subdag.py
[2023-08-14T10:46:35.168+0200] {processor.py:826} INFO - Processing file /home/akhilesh/py39/lib/python3.9/site-packages/airflow/example_dags/subdags/subdag.py for tasks to queue
[2023-08-14T10:46:35.169+0200] {logging_mixin.py:150} INFO - [2023-08-14T10:46:35.168+0200] {dagbag.py:541} INFO - Filling up the DagBag from /home/akhilesh/py39/lib/python3.9/site-packages/airflow/example_dags/subdags/subdag.py
[2023-08-14T10:46:35.172+0200] {processor.py:838} WARNING - No viable dags retrieved from /home/akhilesh/py39/lib/python3.9/site-packages/airflow/example_dags/subdags/subdag.py
[2023-08-14T10:46:35.183+0200] {processor.py:179} INFO - Processing /home/akhilesh/py39/lib/python3.9/site-packages/airflow/example_dags/subdags/subdag.py took 0.029 seconds
[2023-08-14T10:47:24.794+0200] {processor.py:157} INFO - Started process (PID=458999) to work on /home/akhilesh/py39/lib/python3.9/site-packages/airflow/example_dags/subdags/subdag.py
[2023-08-14T10:47:24.803+0200] {processor.py:826} INFO - Processing file /home/akhilesh/py39/lib/python3.9/site-packages/airflow/example_dags/subdags/subdag.py for tasks to queue
[2023-08-14T10:47:24.805+0200] {logging_mixin.py:150} INFO - [2023-08-14T10:47:24.804+0200] {dagbag.py:541} INFO - Filling up the DagBag from /home/akhilesh/py39/lib/python3.9/site-packages/airflow/example_dags/subdags/subdag.py
[2023-08-14T10:47:24.809+0200] {processor.py:838} WARNING - No viable dags retrieved from /home/akhilesh/py39/lib/python3.9/site-packages/airflow/example_dags/subdags/subdag.py
[2023-08-14T10:47:24.824+0200] {processor.py:179} INFO - Processing /home/akhilesh/py39/lib/python3.9/site-packages/airflow/example_dags/subdags/subdag.py took 0.035 seconds
[2023-08-14T10:48:01.271+0200] {processor.py:157} INFO - Started process (PID=459153) to work on /home/akhilesh/py39/lib/python3.9/site-packages/airflow/example_dags/subdags/subdag.py
[2023-08-14T10:48:01.272+0200] {processor.py:826} INFO - Processing file /home/akhilesh/py39/lib/python3.9/site-packages/airflow/example_dags/subdags/subdag.py for tasks to queue
[2023-08-14T10:48:01.273+0200] {logging_mixin.py:150} INFO - [2023-08-14T10:48:01.273+0200] {dagbag.py:541} INFO - Filling up the DagBag from /home/akhilesh/py39/lib/python3.9/site-packages/airflow/example_dags/subdags/subdag.py
[2023-08-14T10:48:01.277+0200] {processor.py:838} WARNING - No viable dags retrieved from /home/akhilesh/py39/lib/python3.9/site-packages/airflow/example_dags/subdags/subdag.py
[2023-08-14T10:48:01.288+0200] {processor.py:179} INFO - Processing /home/akhilesh/py39/lib/python3.9/site-packages/airflow/example_dags/subdags/subdag.py took 0.021 seconds
[2023-08-14T10:48:38.441+0200] {processor.py:157} INFO - Started process (PID=459259) to work on /home/akhilesh/py39/lib/python3.9/site-packages/airflow/example_dags/subdags/subdag.py
[2023-08-14T10:48:38.450+0200] {processor.py:826} INFO - Processing file /home/akhilesh/py39/lib/python3.9/site-packages/airflow/example_dags/subdags/subdag.py for tasks to queue
[2023-08-14T10:48:38.451+0200] {logging_mixin.py:150} INFO - [2023-08-14T10:48:38.451+0200] {dagbag.py:541} INFO - Filling up the DagBag from /home/akhilesh/py39/lib/python3.9/site-packages/airflow/example_dags/subdags/subdag.py
[2023-08-14T10:48:38.454+0200] {processor.py:838} WARNING - No viable dags retrieved from /home/akhilesh/py39/lib/python3.9/site-packages/airflow/example_dags/subdags/subdag.py
[2023-08-14T10:48:38.465+0200] {processor.py:179} INFO - Processing /home/akhilesh/py39/lib/python3.9/site-packages/airflow/example_dags/subdags/subdag.py took 0.027 seconds
[2023-08-14T10:49:15.886+0200] {processor.py:157} INFO - Started process (PID=459385) to work on /home/akhilesh/py39/lib/python3.9/site-packages/airflow/example_dags/subdags/subdag.py
[2023-08-14T10:49:15.895+0200] {processor.py:826} INFO - Processing file /home/akhilesh/py39/lib/python3.9/site-packages/airflow/example_dags/subdags/subdag.py for tasks to queue
[2023-08-14T10:49:15.897+0200] {logging_mixin.py:150} INFO - [2023-08-14T10:49:15.896+0200] {dagbag.py:541} INFO - Filling up the DagBag from /home/akhilesh/py39/lib/python3.9/site-packages/airflow/example_dags/subdags/subdag.py
[2023-08-14T10:49:15.900+0200] {processor.py:838} WARNING - No viable dags retrieved from /home/akhilesh/py39/lib/python3.9/site-packages/airflow/example_dags/subdags/subdag.py
[2023-08-14T10:49:15.911+0200] {processor.py:179} INFO - Processing /home/akhilesh/py39/lib/python3.9/site-packages/airflow/example_dags/subdags/subdag.py took 0.030 seconds
[2023-08-14T10:50:04.955+0200] {processor.py:157} INFO - Started process (PID=459531) to work on /home/akhilesh/py39/lib/python3.9/site-packages/airflow/example_dags/subdags/subdag.py
[2023-08-14T10:50:04.964+0200] {processor.py:826} INFO - Processing file /home/akhilesh/py39/lib/python3.9/site-packages/airflow/example_dags/subdags/subdag.py for tasks to queue
[2023-08-14T10:50:04.965+0200] {logging_mixin.py:150} INFO - [2023-08-14T10:50:04.965+0200] {dagbag.py:541} INFO - Filling up the DagBag from /home/akhilesh/py39/lib/python3.9/site-packages/airflow/example_dags/subdags/subdag.py
[2023-08-14T10:50:04.968+0200] {processor.py:838} WARNING - No viable dags retrieved from /home/akhilesh/py39/lib/python3.9/site-packages/airflow/example_dags/subdags/subdag.py
[2023-08-14T10:50:04.978+0200] {processor.py:179} INFO - Processing /home/akhilesh/py39/lib/python3.9/site-packages/airflow/example_dags/subdags/subdag.py took 0.026 seconds
[2023-08-14T10:50:57.603+0200] {processor.py:157} INFO - Started process (PID=459761) to work on /home/akhilesh/py39/lib/python3.9/site-packages/airflow/example_dags/subdags/subdag.py
[2023-08-14T10:50:57.612+0200] {processor.py:826} INFO - Processing file /home/akhilesh/py39/lib/python3.9/site-packages/airflow/example_dags/subdags/subdag.py for tasks to queue
[2023-08-14T10:50:57.614+0200] {logging_mixin.py:150} INFO - [2023-08-14T10:50:57.613+0200] {dagbag.py:541} INFO - Filling up the DagBag from /home/akhilesh/py39/lib/python3.9/site-packages/airflow/example_dags/subdags/subdag.py
[2023-08-14T10:50:57.616+0200] {processor.py:838} WARNING - No viable dags retrieved from /home/akhilesh/py39/lib/python3.9/site-packages/airflow/example_dags/subdags/subdag.py
[2023-08-14T10:50:57.630+0200] {processor.py:179} INFO - Processing /home/akhilesh/py39/lib/python3.9/site-packages/airflow/example_dags/subdags/subdag.py took 0.030 seconds
[2023-08-14T10:51:46.498+0200] {processor.py:157} INFO - Started process (PID=459887) to work on /home/akhilesh/py39/lib/python3.9/site-packages/airflow/example_dags/subdags/subdag.py
[2023-08-14T10:51:46.499+0200] {processor.py:826} INFO - Processing file /home/akhilesh/py39/lib/python3.9/site-packages/airflow/example_dags/subdags/subdag.py for tasks to queue
[2023-08-14T10:51:46.501+0200] {logging_mixin.py:150} INFO - [2023-08-14T10:51:46.500+0200] {dagbag.py:541} INFO - Filling up the DagBag from /home/akhilesh/py39/lib/python3.9/site-packages/airflow/example_dags/subdags/subdag.py
[2023-08-14T10:51:46.503+0200] {processor.py:838} WARNING - No viable dags retrieved from /home/akhilesh/py39/lib/python3.9/site-packages/airflow/example_dags/subdags/subdag.py
[2023-08-14T10:51:46.516+0200] {processor.py:179} INFO - Processing /home/akhilesh/py39/lib/python3.9/site-packages/airflow/example_dags/subdags/subdag.py took 0.023 seconds
[2023-08-14T10:52:36.522+0200] {processor.py:157} INFO - Started process (PID=459999) to work on /home/akhilesh/py39/lib/python3.9/site-packages/airflow/example_dags/subdags/subdag.py
[2023-08-14T10:52:36.523+0200] {processor.py:826} INFO - Processing file /home/akhilesh/py39/lib/python3.9/site-packages/airflow/example_dags/subdags/subdag.py for tasks to queue
[2023-08-14T10:52:36.524+0200] {logging_mixin.py:150} INFO - [2023-08-14T10:52:36.524+0200] {dagbag.py:541} INFO - Filling up the DagBag from /home/akhilesh/py39/lib/python3.9/site-packages/airflow/example_dags/subdags/subdag.py
[2023-08-14T10:52:36.526+0200] {processor.py:838} WARNING - No viable dags retrieved from /home/akhilesh/py39/lib/python3.9/site-packages/airflow/example_dags/subdags/subdag.py
[2023-08-14T10:52:36.542+0200] {processor.py:179} INFO - Processing /home/akhilesh/py39/lib/python3.9/site-packages/airflow/example_dags/subdags/subdag.py took 0.025 seconds
[2023-08-14T10:53:26.248+0200] {processor.py:157} INFO - Started process (PID=460199) to work on /home/akhilesh/py39/lib/python3.9/site-packages/airflow/example_dags/subdags/subdag.py
[2023-08-14T10:53:26.257+0200] {processor.py:826} INFO - Processing file /home/akhilesh/py39/lib/python3.9/site-packages/airflow/example_dags/subdags/subdag.py for tasks to queue
[2023-08-14T10:53:26.258+0200] {logging_mixin.py:150} INFO - [2023-08-14T10:53:26.257+0200] {dagbag.py:541} INFO - Filling up the DagBag from /home/akhilesh/py39/lib/python3.9/site-packages/airflow/example_dags/subdags/subdag.py
[2023-08-14T10:53:26.262+0200] {processor.py:838} WARNING - No viable dags retrieved from /home/akhilesh/py39/lib/python3.9/site-packages/airflow/example_dags/subdags/subdag.py
[2023-08-14T10:53:26.272+0200] {processor.py:179} INFO - Processing /home/akhilesh/py39/lib/python3.9/site-packages/airflow/example_dags/subdags/subdag.py took 0.028 seconds
[2023-08-14T10:54:02.065+0200] {processor.py:157} INFO - Started process (PID=460329) to work on /home/akhilesh/py39/lib/python3.9/site-packages/airflow/example_dags/subdags/subdag.py
[2023-08-14T10:54:02.074+0200] {processor.py:826} INFO - Processing file /home/akhilesh/py39/lib/python3.9/site-packages/airflow/example_dags/subdags/subdag.py for tasks to queue
[2023-08-14T10:54:02.075+0200] {logging_mixin.py:150} INFO - [2023-08-14T10:54:02.075+0200] {dagbag.py:541} INFO - Filling up the DagBag from /home/akhilesh/py39/lib/python3.9/site-packages/airflow/example_dags/subdags/subdag.py
[2023-08-14T10:54:02.077+0200] {processor.py:838} WARNING - No viable dags retrieved from /home/akhilesh/py39/lib/python3.9/site-packages/airflow/example_dags/subdags/subdag.py
[2023-08-14T10:54:02.089+0200] {processor.py:179} INFO - Processing /home/akhilesh/py39/lib/python3.9/site-packages/airflow/example_dags/subdags/subdag.py took 0.029 seconds
[2023-08-14T10:54:53.980+0200] {processor.py:157} INFO - Started process (PID=460507) to work on /home/akhilesh/py39/lib/python3.9/site-packages/airflow/example_dags/subdags/subdag.py
[2023-08-14T10:54:53.989+0200] {processor.py:826} INFO - Processing file /home/akhilesh/py39/lib/python3.9/site-packages/airflow/example_dags/subdags/subdag.py for tasks to queue
[2023-08-14T10:54:53.990+0200] {logging_mixin.py:150} INFO - [2023-08-14T10:54:53.989+0200] {dagbag.py:541} INFO - Filling up the DagBag from /home/akhilesh/py39/lib/python3.9/site-packages/airflow/example_dags/subdags/subdag.py
[2023-08-14T10:54:53.992+0200] {processor.py:838} WARNING - No viable dags retrieved from /home/akhilesh/py39/lib/python3.9/site-packages/airflow/example_dags/subdags/subdag.py
[2023-08-14T10:54:54.005+0200] {processor.py:179} INFO - Processing /home/akhilesh/py39/lib/python3.9/site-packages/airflow/example_dags/subdags/subdag.py took 0.028 seconds
[2023-08-14T10:55:42.585+0200] {processor.py:157} INFO - Started process (PID=460656) to work on /home/akhilesh/py39/lib/python3.9/site-packages/airflow/example_dags/subdags/subdag.py
[2023-08-14T10:55:42.594+0200] {processor.py:826} INFO - Processing file /home/akhilesh/py39/lib/python3.9/site-packages/airflow/example_dags/subdags/subdag.py for tasks to queue
[2023-08-14T10:55:42.595+0200] {logging_mixin.py:150} INFO - [2023-08-14T10:55:42.595+0200] {dagbag.py:541} INFO - Filling up the DagBag from /home/akhilesh/py39/lib/python3.9/site-packages/airflow/example_dags/subdags/subdag.py
[2023-08-14T10:55:42.596+0200] {processor.py:838} WARNING - No viable dags retrieved from /home/akhilesh/py39/lib/python3.9/site-packages/airflow/example_dags/subdags/subdag.py
[2023-08-14T10:55:42.608+0200] {processor.py:179} INFO - Processing /home/akhilesh/py39/lib/python3.9/site-packages/airflow/example_dags/subdags/subdag.py took 0.027 seconds
[2023-08-14T10:56:29.400+0200] {processor.py:157} INFO - Started process (PID=460813) to work on /home/akhilesh/py39/lib/python3.9/site-packages/airflow/example_dags/subdags/subdag.py
[2023-08-14T10:56:29.401+0200] {processor.py:826} INFO - Processing file /home/akhilesh/py39/lib/python3.9/site-packages/airflow/example_dags/subdags/subdag.py for tasks to queue
[2023-08-14T10:56:29.402+0200] {logging_mixin.py:150} INFO - [2023-08-14T10:56:29.402+0200] {dagbag.py:541} INFO - Filling up the DagBag from /home/akhilesh/py39/lib/python3.9/site-packages/airflow/example_dags/subdags/subdag.py
[2023-08-14T10:56:29.405+0200] {processor.py:838} WARNING - No viable dags retrieved from /home/akhilesh/py39/lib/python3.9/site-packages/airflow/example_dags/subdags/subdag.py
[2023-08-14T10:56:29.416+0200] {processor.py:179} INFO - Processing /home/akhilesh/py39/lib/python3.9/site-packages/airflow/example_dags/subdags/subdag.py took 0.021 seconds
[2023-08-14T10:57:04.955+0200] {processor.py:157} INFO - Started process (PID=460964) to work on /home/akhilesh/py39/lib/python3.9/site-packages/airflow/example_dags/subdags/subdag.py
[2023-08-14T10:57:04.964+0200] {processor.py:826} INFO - Processing file /home/akhilesh/py39/lib/python3.9/site-packages/airflow/example_dags/subdags/subdag.py for tasks to queue
[2023-08-14T10:57:04.966+0200] {logging_mixin.py:150} INFO - [2023-08-14T10:57:04.965+0200] {dagbag.py:541} INFO - Filling up the DagBag from /home/akhilesh/py39/lib/python3.9/site-packages/airflow/example_dags/subdags/subdag.py
[2023-08-14T10:57:04.969+0200] {processor.py:838} WARNING - No viable dags retrieved from /home/akhilesh/py39/lib/python3.9/site-packages/airflow/example_dags/subdags/subdag.py
[2023-08-14T10:57:04.981+0200] {processor.py:179} INFO - Processing /home/akhilesh/py39/lib/python3.9/site-packages/airflow/example_dags/subdags/subdag.py took 0.030 seconds
[2023-08-14T10:57:51.765+0200] {processor.py:157} INFO - Started process (PID=461159) to work on /home/akhilesh/py39/lib/python3.9/site-packages/airflow/example_dags/subdags/subdag.py
[2023-08-14T10:57:51.775+0200] {processor.py:826} INFO - Processing file /home/akhilesh/py39/lib/python3.9/site-packages/airflow/example_dags/subdags/subdag.py for tasks to queue
[2023-08-14T10:57:51.776+0200] {logging_mixin.py:150} INFO - [2023-08-14T10:57:51.776+0200] {dagbag.py:541} INFO - Filling up the DagBag from /home/akhilesh/py39/lib/python3.9/site-packages/airflow/example_dags/subdags/subdag.py
[2023-08-14T10:57:51.779+0200] {processor.py:838} WARNING - No viable dags retrieved from /home/akhilesh/py39/lib/python3.9/site-packages/airflow/example_dags/subdags/subdag.py
[2023-08-14T10:57:51.792+0200] {processor.py:179} INFO - Processing /home/akhilesh/py39/lib/python3.9/site-packages/airflow/example_dags/subdags/subdag.py took 0.030 seconds
[2023-08-14T10:58:33.511+0200] {processor.py:157} INFO - Started process (PID=461323) to work on /home/akhilesh/py39/lib/python3.9/site-packages/airflow/example_dags/subdags/subdag.py
[2023-08-14T10:58:33.512+0200] {processor.py:826} INFO - Processing file /home/akhilesh/py39/lib/python3.9/site-packages/airflow/example_dags/subdags/subdag.py for tasks to queue
[2023-08-14T10:58:33.514+0200] {logging_mixin.py:150} INFO - [2023-08-14T10:58:33.513+0200] {dagbag.py:541} INFO - Filling up the DagBag from /home/akhilesh/py39/lib/python3.9/site-packages/airflow/example_dags/subdags/subdag.py
[2023-08-14T10:58:33.516+0200] {processor.py:838} WARNING - No viable dags retrieved from /home/akhilesh/py39/lib/python3.9/site-packages/airflow/example_dags/subdags/subdag.py
[2023-08-14T10:58:33.525+0200] {processor.py:179} INFO - Processing /home/akhilesh/py39/lib/python3.9/site-packages/airflow/example_dags/subdags/subdag.py took 0.018 seconds
[2023-08-14T10:59:10.580+0200] {processor.py:157} INFO - Started process (PID=461428) to work on /home/akhilesh/py39/lib/python3.9/site-packages/airflow/example_dags/subdags/subdag.py
[2023-08-14T10:59:10.581+0200] {processor.py:826} INFO - Processing file /home/akhilesh/py39/lib/python3.9/site-packages/airflow/example_dags/subdags/subdag.py for tasks to queue
[2023-08-14T10:59:10.581+0200] {logging_mixin.py:150} INFO - [2023-08-14T10:59:10.581+0200] {dagbag.py:541} INFO - Filling up the DagBag from /home/akhilesh/py39/lib/python3.9/site-packages/airflow/example_dags/subdags/subdag.py
[2023-08-14T10:59:10.583+0200] {processor.py:838} WARNING - No viable dags retrieved from /home/akhilesh/py39/lib/python3.9/site-packages/airflow/example_dags/subdags/subdag.py
[2023-08-14T10:59:10.589+0200] {processor.py:179} INFO - Processing /home/akhilesh/py39/lib/python3.9/site-packages/airflow/example_dags/subdags/subdag.py took 0.012 seconds
[2023-08-14T10:59:58.941+0200] {processor.py:157} INFO - Started process (PID=461615) to work on /home/akhilesh/py39/lib/python3.9/site-packages/airflow/example_dags/subdags/subdag.py
[2023-08-14T10:59:58.950+0200] {processor.py:826} INFO - Processing file /home/akhilesh/py39/lib/python3.9/site-packages/airflow/example_dags/subdags/subdag.py for tasks to queue
[2023-08-14T10:59:58.951+0200] {logging_mixin.py:150} INFO - [2023-08-14T10:59:58.951+0200] {dagbag.py:541} INFO - Filling up the DagBag from /home/akhilesh/py39/lib/python3.9/site-packages/airflow/example_dags/subdags/subdag.py
[2023-08-14T10:59:58.954+0200] {processor.py:838} WARNING - No viable dags retrieved from /home/akhilesh/py39/lib/python3.9/site-packages/airflow/example_dags/subdags/subdag.py
[2023-08-14T10:59:58.963+0200] {processor.py:179} INFO - Processing /home/akhilesh/py39/lib/python3.9/site-packages/airflow/example_dags/subdags/subdag.py took 0.026 seconds
[2023-08-14T11:00:47.941+0200] {processor.py:157} INFO - Started process (PID=461735) to work on /home/akhilesh/py39/lib/python3.9/site-packages/airflow/example_dags/subdags/subdag.py
[2023-08-14T11:00:47.950+0200] {processor.py:826} INFO - Processing file /home/akhilesh/py39/lib/python3.9/site-packages/airflow/example_dags/subdags/subdag.py for tasks to queue
[2023-08-14T11:00:47.952+0200] {logging_mixin.py:150} INFO - [2023-08-14T11:00:47.951+0200] {dagbag.py:541} INFO - Filling up the DagBag from /home/akhilesh/py39/lib/python3.9/site-packages/airflow/example_dags/subdags/subdag.py
[2023-08-14T11:00:47.955+0200] {processor.py:838} WARNING - No viable dags retrieved from /home/akhilesh/py39/lib/python3.9/site-packages/airflow/example_dags/subdags/subdag.py
[2023-08-14T11:00:47.965+0200] {processor.py:179} INFO - Processing /home/akhilesh/py39/lib/python3.9/site-packages/airflow/example_dags/subdags/subdag.py took 0.028 seconds
[2023-08-14T11:01:43.390+0200] {processor.py:157} INFO - Started process (PID=461955) to work on /home/akhilesh/py39/lib/python3.9/site-packages/airflow/example_dags/subdags/subdag.py
[2023-08-14T11:01:43.399+0200] {processor.py:826} INFO - Processing file /home/akhilesh/py39/lib/python3.9/site-packages/airflow/example_dags/subdags/subdag.py for tasks to queue
[2023-08-14T11:01:43.400+0200] {logging_mixin.py:150} INFO - [2023-08-14T11:01:43.400+0200] {dagbag.py:541} INFO - Filling up the DagBag from /home/akhilesh/py39/lib/python3.9/site-packages/airflow/example_dags/subdags/subdag.py
[2023-08-14T11:01:43.403+0200] {processor.py:838} WARNING - No viable dags retrieved from /home/akhilesh/py39/lib/python3.9/site-packages/airflow/example_dags/subdags/subdag.py
[2023-08-14T11:01:43.415+0200] {processor.py:179} INFO - Processing /home/akhilesh/py39/lib/python3.9/site-packages/airflow/example_dags/subdags/subdag.py took 0.029 seconds
[2023-08-14T11:02:20.944+0200] {processor.py:157} INFO - Started process (PID=462048) to work on /home/akhilesh/py39/lib/python3.9/site-packages/airflow/example_dags/subdags/subdag.py
[2023-08-14T11:02:20.953+0200] {processor.py:826} INFO - Processing file /home/akhilesh/py39/lib/python3.9/site-packages/airflow/example_dags/subdags/subdag.py for tasks to queue
[2023-08-14T11:02:20.955+0200] {logging_mixin.py:150} INFO - [2023-08-14T11:02:20.954+0200] {dagbag.py:541} INFO - Filling up the DagBag from /home/akhilesh/py39/lib/python3.9/site-packages/airflow/example_dags/subdags/subdag.py
[2023-08-14T11:02:20.958+0200] {processor.py:838} WARNING - No viable dags retrieved from /home/akhilesh/py39/lib/python3.9/site-packages/airflow/example_dags/subdags/subdag.py
[2023-08-14T11:02:20.973+0200] {processor.py:179} INFO - Processing /home/akhilesh/py39/lib/python3.9/site-packages/airflow/example_dags/subdags/subdag.py took 0.032 seconds
[2023-08-14T11:03:13.166+0200] {processor.py:157} INFO - Started process (PID=462233) to work on /home/akhilesh/py39/lib/python3.9/site-packages/airflow/example_dags/subdags/subdag.py
[2023-08-14T11:03:13.167+0200] {processor.py:826} INFO - Processing file /home/akhilesh/py39/lib/python3.9/site-packages/airflow/example_dags/subdags/subdag.py for tasks to queue
[2023-08-14T11:03:13.168+0200] {logging_mixin.py:150} INFO - [2023-08-14T11:03:13.167+0200] {dagbag.py:541} INFO - Filling up the DagBag from /home/akhilesh/py39/lib/python3.9/site-packages/airflow/example_dags/subdags/subdag.py
[2023-08-14T11:03:13.171+0200] {processor.py:838} WARNING - No viable dags retrieved from /home/akhilesh/py39/lib/python3.9/site-packages/airflow/example_dags/subdags/subdag.py
[2023-08-14T11:03:13.208+0200] {processor.py:179} INFO - Processing /home/akhilesh/py39/lib/python3.9/site-packages/airflow/example_dags/subdags/subdag.py took 0.051 seconds
[2023-08-14T11:04:04.339+0200] {processor.py:157} INFO - Started process (PID=462359) to work on /home/akhilesh/py39/lib/python3.9/site-packages/airflow/example_dags/subdags/subdag.py
[2023-08-14T11:04:04.349+0200] {processor.py:826} INFO - Processing file /home/akhilesh/py39/lib/python3.9/site-packages/airflow/example_dags/subdags/subdag.py for tasks to queue
[2023-08-14T11:04:04.350+0200] {logging_mixin.py:150} INFO - [2023-08-14T11:04:04.350+0200] {dagbag.py:541} INFO - Filling up the DagBag from /home/akhilesh/py39/lib/python3.9/site-packages/airflow/example_dags/subdags/subdag.py
[2023-08-14T11:04:04.353+0200] {processor.py:838} WARNING - No viable dags retrieved from /home/akhilesh/py39/lib/python3.9/site-packages/airflow/example_dags/subdags/subdag.py
[2023-08-14T11:04:04.365+0200] {processor.py:179} INFO - Processing /home/akhilesh/py39/lib/python3.9/site-packages/airflow/example_dags/subdags/subdag.py took 0.030 seconds
[2023-08-14T11:04:53.640+0200] {processor.py:157} INFO - Started process (PID=462485) to work on /home/akhilesh/py39/lib/python3.9/site-packages/airflow/example_dags/subdags/subdag.py
[2023-08-14T11:04:53.649+0200] {processor.py:826} INFO - Processing file /home/akhilesh/py39/lib/python3.9/site-packages/airflow/example_dags/subdags/subdag.py for tasks to queue
[2023-08-14T11:04:53.651+0200] {logging_mixin.py:150} INFO - [2023-08-14T11:04:53.650+0200] {dagbag.py:541} INFO - Filling up the DagBag from /home/akhilesh/py39/lib/python3.9/site-packages/airflow/example_dags/subdags/subdag.py
[2023-08-14T11:04:53.654+0200] {processor.py:838} WARNING - No viable dags retrieved from /home/akhilesh/py39/lib/python3.9/site-packages/airflow/example_dags/subdags/subdag.py
[2023-08-14T11:04:53.670+0200] {processor.py:179} INFO - Processing /home/akhilesh/py39/lib/python3.9/site-packages/airflow/example_dags/subdags/subdag.py took 0.034 seconds
[2023-08-14T11:05:29.463+0200] {processor.py:157} INFO - Started process (PID=462587) to work on /home/akhilesh/py39/lib/python3.9/site-packages/airflow/example_dags/subdags/subdag.py
[2023-08-14T11:05:29.472+0200] {processor.py:826} INFO - Processing file /home/akhilesh/py39/lib/python3.9/site-packages/airflow/example_dags/subdags/subdag.py for tasks to queue
[2023-08-14T11:05:29.473+0200] {logging_mixin.py:150} INFO - [2023-08-14T11:05:29.473+0200] {dagbag.py:541} INFO - Filling up the DagBag from /home/akhilesh/py39/lib/python3.9/site-packages/airflow/example_dags/subdags/subdag.py
[2023-08-14T11:05:29.476+0200] {processor.py:838} WARNING - No viable dags retrieved from /home/akhilesh/py39/lib/python3.9/site-packages/airflow/example_dags/subdags/subdag.py
[2023-08-14T11:05:29.490+0200] {processor.py:179} INFO - Processing /home/akhilesh/py39/lib/python3.9/site-packages/airflow/example_dags/subdags/subdag.py took 0.031 seconds
[2023-08-14T11:06:05.182+0200] {processor.py:157} INFO - Started process (PID=462675) to work on /home/akhilesh/py39/lib/python3.9/site-packages/airflow/example_dags/subdags/subdag.py
[2023-08-14T11:06:05.191+0200] {processor.py:826} INFO - Processing file /home/akhilesh/py39/lib/python3.9/site-packages/airflow/example_dags/subdags/subdag.py for tasks to queue
[2023-08-14T11:06:05.193+0200] {logging_mixin.py:150} INFO - [2023-08-14T11:06:05.192+0200] {dagbag.py:541} INFO - Filling up the DagBag from /home/akhilesh/py39/lib/python3.9/site-packages/airflow/example_dags/subdags/subdag.py
[2023-08-14T11:06:05.196+0200] {processor.py:838} WARNING - No viable dags retrieved from /home/akhilesh/py39/lib/python3.9/site-packages/airflow/example_dags/subdags/subdag.py
[2023-08-14T11:06:05.206+0200] {processor.py:179} INFO - Processing /home/akhilesh/py39/lib/python3.9/site-packages/airflow/example_dags/subdags/subdag.py took 0.028 seconds
[2023-08-14T11:06:51.565+0200] {processor.py:157} INFO - Started process (PID=462879) to work on /home/akhilesh/py39/lib/python3.9/site-packages/airflow/example_dags/subdags/subdag.py
[2023-08-14T11:06:51.574+0200] {processor.py:826} INFO - Processing file /home/akhilesh/py39/lib/python3.9/site-packages/airflow/example_dags/subdags/subdag.py for tasks to queue
[2023-08-14T11:06:51.575+0200] {logging_mixin.py:150} INFO - [2023-08-14T11:06:51.575+0200] {dagbag.py:541} INFO - Filling up the DagBag from /home/akhilesh/py39/lib/python3.9/site-packages/airflow/example_dags/subdags/subdag.py
[2023-08-14T11:06:51.577+0200] {processor.py:838} WARNING - No viable dags retrieved from /home/akhilesh/py39/lib/python3.9/site-packages/airflow/example_dags/subdags/subdag.py
[2023-08-14T11:06:51.590+0200] {processor.py:179} INFO - Processing /home/akhilesh/py39/lib/python3.9/site-packages/airflow/example_dags/subdags/subdag.py took 0.030 seconds
[2023-08-14T11:07:27.264+0200] {processor.py:157} INFO - Started process (PID=463012) to work on /home/akhilesh/py39/lib/python3.9/site-packages/airflow/example_dags/subdags/subdag.py
[2023-08-14T11:07:27.273+0200] {processor.py:826} INFO - Processing file /home/akhilesh/py39/lib/python3.9/site-packages/airflow/example_dags/subdags/subdag.py for tasks to queue
[2023-08-14T11:07:27.276+0200] {logging_mixin.py:150} INFO - [2023-08-14T11:07:27.275+0200] {dagbag.py:541} INFO - Filling up the DagBag from /home/akhilesh/py39/lib/python3.9/site-packages/airflow/example_dags/subdags/subdag.py
[2023-08-14T11:07:27.281+0200] {processor.py:838} WARNING - No viable dags retrieved from /home/akhilesh/py39/lib/python3.9/site-packages/airflow/example_dags/subdags/subdag.py
[2023-08-14T11:07:27.302+0200] {processor.py:179} INFO - Processing /home/akhilesh/py39/lib/python3.9/site-packages/airflow/example_dags/subdags/subdag.py took 0.041 seconds
[2023-08-14T11:08:03.482+0200] {processor.py:157} INFO - Started process (PID=463097) to work on /home/akhilesh/py39/lib/python3.9/site-packages/airflow/example_dags/subdags/subdag.py
[2023-08-14T11:08:03.491+0200] {processor.py:826} INFO - Processing file /home/akhilesh/py39/lib/python3.9/site-packages/airflow/example_dags/subdags/subdag.py for tasks to queue
[2023-08-14T11:08:03.493+0200] {logging_mixin.py:150} INFO - [2023-08-14T11:08:03.492+0200] {dagbag.py:541} INFO - Filling up the DagBag from /home/akhilesh/py39/lib/python3.9/site-packages/airflow/example_dags/subdags/subdag.py
[2023-08-14T11:08:03.495+0200] {processor.py:838} WARNING - No viable dags retrieved from /home/akhilesh/py39/lib/python3.9/site-packages/airflow/example_dags/subdags/subdag.py
[2023-08-14T11:08:03.506+0200] {processor.py:179} INFO - Processing /home/akhilesh/py39/lib/python3.9/site-packages/airflow/example_dags/subdags/subdag.py took 0.027 seconds
[2023-08-14T11:08:53.602+0200] {processor.py:157} INFO - Started process (PID=463274) to work on /home/akhilesh/py39/lib/python3.9/site-packages/airflow/example_dags/subdags/subdag.py
[2023-08-14T11:08:53.611+0200] {processor.py:826} INFO - Processing file /home/akhilesh/py39/lib/python3.9/site-packages/airflow/example_dags/subdags/subdag.py for tasks to queue
[2023-08-14T11:08:53.612+0200] {logging_mixin.py:150} INFO - [2023-08-14T11:08:53.611+0200] {dagbag.py:541} INFO - Filling up the DagBag from /home/akhilesh/py39/lib/python3.9/site-packages/airflow/example_dags/subdags/subdag.py
[2023-08-14T11:08:53.615+0200] {processor.py:838} WARNING - No viable dags retrieved from /home/akhilesh/py39/lib/python3.9/site-packages/airflow/example_dags/subdags/subdag.py
[2023-08-14T11:08:53.627+0200] {processor.py:179} INFO - Processing /home/akhilesh/py39/lib/python3.9/site-packages/airflow/example_dags/subdags/subdag.py took 0.030 seconds
[2023-08-14T11:10:41.854+0200] {processor.py:157} INFO - Started process (PID=463627) to work on /home/akhilesh/py39/lib/python3.9/site-packages/airflow/example_dags/subdags/subdag.py
[2023-08-14T11:10:41.863+0200] {processor.py:826} INFO - Processing file /home/akhilesh/py39/lib/python3.9/site-packages/airflow/example_dags/subdags/subdag.py for tasks to queue
[2023-08-14T11:10:41.865+0200] {logging_mixin.py:150} INFO - [2023-08-14T11:10:41.864+0200] {dagbag.py:541} INFO - Filling up the DagBag from /home/akhilesh/py39/lib/python3.9/site-packages/airflow/example_dags/subdags/subdag.py
[2023-08-14T11:10:41.867+0200] {processor.py:838} WARNING - No viable dags retrieved from /home/akhilesh/py39/lib/python3.9/site-packages/airflow/example_dags/subdags/subdag.py
[2023-08-14T11:10:41.881+0200] {processor.py:179} INFO - Processing /home/akhilesh/py39/lib/python3.9/site-packages/airflow/example_dags/subdags/subdag.py took 0.031 seconds
[2023-08-14T11:11:45.385+0200] {processor.py:157} INFO - Started process (PID=463961) to work on /home/akhilesh/py39/lib/python3.9/site-packages/airflow/example_dags/subdags/subdag.py
[2023-08-14T11:11:45.394+0200] {processor.py:826} INFO - Processing file /home/akhilesh/py39/lib/python3.9/site-packages/airflow/example_dags/subdags/subdag.py for tasks to queue
[2023-08-14T11:11:45.395+0200] {logging_mixin.py:150} INFO - [2023-08-14T11:11:45.395+0200] {dagbag.py:541} INFO - Filling up the DagBag from /home/akhilesh/py39/lib/python3.9/site-packages/airflow/example_dags/subdags/subdag.py
[2023-08-14T11:11:45.398+0200] {processor.py:838} WARNING - No viable dags retrieved from /home/akhilesh/py39/lib/python3.9/site-packages/airflow/example_dags/subdags/subdag.py
[2023-08-14T11:11:45.409+0200] {processor.py:179} INFO - Processing /home/akhilesh/py39/lib/python3.9/site-packages/airflow/example_dags/subdags/subdag.py took 0.028 seconds
[2023-08-14T11:12:32.514+0200] {processor.py:157} INFO - Started process (PID=464146) to work on /home/akhilesh/py39/lib/python3.9/site-packages/airflow/example_dags/subdags/subdag.py
[2023-08-14T11:12:32.523+0200] {processor.py:826} INFO - Processing file /home/akhilesh/py39/lib/python3.9/site-packages/airflow/example_dags/subdags/subdag.py for tasks to queue
[2023-08-14T11:12:32.524+0200] {logging_mixin.py:150} INFO - [2023-08-14T11:12:32.524+0200] {dagbag.py:541} INFO - Filling up the DagBag from /home/akhilesh/py39/lib/python3.9/site-packages/airflow/example_dags/subdags/subdag.py
[2023-08-14T11:12:32.527+0200] {processor.py:838} WARNING - No viable dags retrieved from /home/akhilesh/py39/lib/python3.9/site-packages/airflow/example_dags/subdags/subdag.py
[2023-08-14T11:12:32.539+0200] {processor.py:179} INFO - Processing /home/akhilesh/py39/lib/python3.9/site-packages/airflow/example_dags/subdags/subdag.py took 0.028 seconds
[2023-08-14T11:13:33.362+0200] {processor.py:157} INFO - Started process (PID=464505) to work on /home/akhilesh/py39/lib/python3.9/site-packages/airflow/example_dags/subdags/subdag.py
[2023-08-14T11:13:33.372+0200] {processor.py:826} INFO - Processing file /home/akhilesh/py39/lib/python3.9/site-packages/airflow/example_dags/subdags/subdag.py for tasks to queue
[2023-08-14T11:13:33.373+0200] {logging_mixin.py:150} INFO - [2023-08-14T11:13:33.373+0200] {dagbag.py:541} INFO - Filling up the DagBag from /home/akhilesh/py39/lib/python3.9/site-packages/airflow/example_dags/subdags/subdag.py
[2023-08-14T11:13:33.376+0200] {processor.py:838} WARNING - No viable dags retrieved from /home/akhilesh/py39/lib/python3.9/site-packages/airflow/example_dags/subdags/subdag.py
[2023-08-14T11:13:33.390+0200] {processor.py:179} INFO - Processing /home/akhilesh/py39/lib/python3.9/site-packages/airflow/example_dags/subdags/subdag.py took 0.031 seconds
[2023-08-14T11:15:11.737+0200] {processor.py:157} INFO - Started process (PID=464828) to work on /home/akhilesh/py39/lib/python3.9/site-packages/airflow/example_dags/subdags/subdag.py
[2023-08-14T11:15:11.746+0200] {processor.py:826} INFO - Processing file /home/akhilesh/py39/lib/python3.9/site-packages/airflow/example_dags/subdags/subdag.py for tasks to queue
[2023-08-14T11:15:11.747+0200] {logging_mixin.py:150} INFO - [2023-08-14T11:15:11.746+0200] {dagbag.py:541} INFO - Filling up the DagBag from /home/akhilesh/py39/lib/python3.9/site-packages/airflow/example_dags/subdags/subdag.py
[2023-08-14T11:15:11.748+0200] {processor.py:838} WARNING - No viable dags retrieved from /home/akhilesh/py39/lib/python3.9/site-packages/airflow/example_dags/subdags/subdag.py
[2023-08-14T11:15:11.757+0200] {processor.py:179} INFO - Processing /home/akhilesh/py39/lib/python3.9/site-packages/airflow/example_dags/subdags/subdag.py took 0.024 seconds
[2023-08-14T11:15:57.763+0200] {processor.py:157} INFO - Started process (PID=464995) to work on /home/akhilesh/py39/lib/python3.9/site-packages/airflow/example_dags/subdags/subdag.py
[2023-08-14T11:15:57.766+0200] {processor.py:826} INFO - Processing file /home/akhilesh/py39/lib/python3.9/site-packages/airflow/example_dags/subdags/subdag.py for tasks to queue
[2023-08-14T11:15:57.768+0200] {logging_mixin.py:150} INFO - [2023-08-14T11:15:57.768+0200] {dagbag.py:541} INFO - Filling up the DagBag from /home/akhilesh/py39/lib/python3.9/site-packages/airflow/example_dags/subdags/subdag.py
[2023-08-14T11:15:57.773+0200] {processor.py:838} WARNING - No viable dags retrieved from /home/akhilesh/py39/lib/python3.9/site-packages/airflow/example_dags/subdags/subdag.py
[2023-08-14T11:15:57.794+0200] {processor.py:179} INFO - Processing /home/akhilesh/py39/lib/python3.9/site-packages/airflow/example_dags/subdags/subdag.py took 0.036 seconds
[2023-08-14T11:16:46.586+0200] {processor.py:157} INFO - Started process (PID=465102) to work on /home/akhilesh/py39/lib/python3.9/site-packages/airflow/example_dags/subdags/subdag.py
[2023-08-14T11:16:46.595+0200] {processor.py:826} INFO - Processing file /home/akhilesh/py39/lib/python3.9/site-packages/airflow/example_dags/subdags/subdag.py for tasks to queue
[2023-08-14T11:16:46.597+0200] {logging_mixin.py:150} INFO - [2023-08-14T11:16:46.596+0200] {dagbag.py:541} INFO - Filling up the DagBag from /home/akhilesh/py39/lib/python3.9/site-packages/airflow/example_dags/subdags/subdag.py
[2023-08-14T11:16:46.599+0200] {processor.py:838} WARNING - No viable dags retrieved from /home/akhilesh/py39/lib/python3.9/site-packages/airflow/example_dags/subdags/subdag.py
[2023-08-14T11:16:46.611+0200] {processor.py:179} INFO - Processing /home/akhilesh/py39/lib/python3.9/site-packages/airflow/example_dags/subdags/subdag.py took 0.030 seconds
[2023-08-14T11:17:23.047+0200] {processor.py:157} INFO - Started process (PID=465232) to work on /home/akhilesh/py39/lib/python3.9/site-packages/airflow/example_dags/subdags/subdag.py
[2023-08-14T11:17:23.056+0200] {processor.py:826} INFO - Processing file /home/akhilesh/py39/lib/python3.9/site-packages/airflow/example_dags/subdags/subdag.py for tasks to queue
[2023-08-14T11:17:23.058+0200] {logging_mixin.py:150} INFO - [2023-08-14T11:17:23.057+0200] {dagbag.py:541} INFO - Filling up the DagBag from /home/akhilesh/py39/lib/python3.9/site-packages/airflow/example_dags/subdags/subdag.py
[2023-08-14T11:17:23.060+0200] {processor.py:838} WARNING - No viable dags retrieved from /home/akhilesh/py39/lib/python3.9/site-packages/airflow/example_dags/subdags/subdag.py
[2023-08-14T11:17:23.073+0200] {processor.py:179} INFO - Processing /home/akhilesh/py39/lib/python3.9/site-packages/airflow/example_dags/subdags/subdag.py took 0.030 seconds
[2023-08-14T11:18:16.009+0200] {processor.py:157} INFO - Started process (PID=465359) to work on /home/akhilesh/py39/lib/python3.9/site-packages/airflow/example_dags/subdags/subdag.py
[2023-08-14T11:18:16.019+0200] {processor.py:826} INFO - Processing file /home/akhilesh/py39/lib/python3.9/site-packages/airflow/example_dags/subdags/subdag.py for tasks to queue
[2023-08-14T11:18:16.020+0200] {logging_mixin.py:150} INFO - [2023-08-14T11:18:16.019+0200] {dagbag.py:541} INFO - Filling up the DagBag from /home/akhilesh/py39/lib/python3.9/site-packages/airflow/example_dags/subdags/subdag.py
[2023-08-14T11:18:16.023+0200] {processor.py:838} WARNING - No viable dags retrieved from /home/akhilesh/py39/lib/python3.9/site-packages/airflow/example_dags/subdags/subdag.py
[2023-08-14T11:18:16.038+0200] {processor.py:179} INFO - Processing /home/akhilesh/py39/lib/python3.9/site-packages/airflow/example_dags/subdags/subdag.py took 0.032 seconds
[2023-08-14T11:19:06.072+0200] {processor.py:157} INFO - Started process (PID=465655) to work on /home/akhilesh/py39/lib/python3.9/site-packages/airflow/example_dags/subdags/subdag.py
[2023-08-14T11:19:06.081+0200] {processor.py:826} INFO - Processing file /home/akhilesh/py39/lib/python3.9/site-packages/airflow/example_dags/subdags/subdag.py for tasks to queue
[2023-08-14T11:19:06.082+0200] {logging_mixin.py:150} INFO - [2023-08-14T11:19:06.081+0200] {dagbag.py:541} INFO - Filling up the DagBag from /home/akhilesh/py39/lib/python3.9/site-packages/airflow/example_dags/subdags/subdag.py
[2023-08-14T11:19:06.086+0200] {processor.py:838} WARNING - No viable dags retrieved from /home/akhilesh/py39/lib/python3.9/site-packages/airflow/example_dags/subdags/subdag.py
[2023-08-14T11:19:06.104+0200] {processor.py:179} INFO - Processing /home/akhilesh/py39/lib/python3.9/site-packages/airflow/example_dags/subdags/subdag.py took 0.037 seconds
[2023-08-14T11:20:39.465+0200] {processor.py:157} INFO - Started process (PID=465964) to work on /home/akhilesh/py39/lib/python3.9/site-packages/airflow/example_dags/subdags/subdag.py
[2023-08-14T11:20:39.473+0200] {processor.py:826} INFO - Processing file /home/akhilesh/py39/lib/python3.9/site-packages/airflow/example_dags/subdags/subdag.py for tasks to queue
[2023-08-14T11:20:39.475+0200] {logging_mixin.py:150} INFO - [2023-08-14T11:20:39.474+0200] {dagbag.py:541} INFO - Filling up the DagBag from /home/akhilesh/py39/lib/python3.9/site-packages/airflow/example_dags/subdags/subdag.py
[2023-08-14T11:20:39.477+0200] {processor.py:838} WARNING - No viable dags retrieved from /home/akhilesh/py39/lib/python3.9/site-packages/airflow/example_dags/subdags/subdag.py
[2023-08-14T11:20:39.488+0200] {processor.py:179} INFO - Processing /home/akhilesh/py39/lib/python3.9/site-packages/airflow/example_dags/subdags/subdag.py took 0.026 seconds
[2023-08-14T11:21:22.493+0200] {processor.py:157} INFO - Started process (PID=466114) to work on /home/akhilesh/py39/lib/python3.9/site-packages/airflow/example_dags/subdags/subdag.py
[2023-08-14T11:21:22.502+0200] {processor.py:826} INFO - Processing file /home/akhilesh/py39/lib/python3.9/site-packages/airflow/example_dags/subdags/subdag.py for tasks to queue
[2023-08-14T11:21:22.503+0200] {logging_mixin.py:150} INFO - [2023-08-14T11:21:22.503+0200] {dagbag.py:541} INFO - Filling up the DagBag from /home/akhilesh/py39/lib/python3.9/site-packages/airflow/example_dags/subdags/subdag.py
[2023-08-14T11:21:22.505+0200] {processor.py:838} WARNING - No viable dags retrieved from /home/akhilesh/py39/lib/python3.9/site-packages/airflow/example_dags/subdags/subdag.py
[2023-08-14T11:21:22.519+0200] {processor.py:179} INFO - Processing /home/akhilesh/py39/lib/python3.9/site-packages/airflow/example_dags/subdags/subdag.py took 0.030 seconds
[2023-08-14T11:22:10.792+0200] {processor.py:157} INFO - Started process (PID=466262) to work on /home/akhilesh/py39/lib/python3.9/site-packages/airflow/example_dags/subdags/subdag.py
[2023-08-14T11:22:10.801+0200] {processor.py:826} INFO - Processing file /home/akhilesh/py39/lib/python3.9/site-packages/airflow/example_dags/subdags/subdag.py for tasks to queue
[2023-08-14T11:22:10.802+0200] {logging_mixin.py:150} INFO - [2023-08-14T11:22:10.801+0200] {dagbag.py:541} INFO - Filling up the DagBag from /home/akhilesh/py39/lib/python3.9/site-packages/airflow/example_dags/subdags/subdag.py
[2023-08-14T11:22:10.805+0200] {processor.py:838} WARNING - No viable dags retrieved from /home/akhilesh/py39/lib/python3.9/site-packages/airflow/example_dags/subdags/subdag.py
[2023-08-14T11:22:10.819+0200] {processor.py:179} INFO - Processing /home/akhilesh/py39/lib/python3.9/site-packages/airflow/example_dags/subdags/subdag.py took 0.032 seconds
[2023-08-14T11:22:48.727+0200] {processor.py:157} INFO - Started process (PID=466350) to work on /home/akhilesh/py39/lib/python3.9/site-packages/airflow/example_dags/subdags/subdag.py
[2023-08-14T11:22:48.736+0200] {processor.py:826} INFO - Processing file /home/akhilesh/py39/lib/python3.9/site-packages/airflow/example_dags/subdags/subdag.py for tasks to queue
[2023-08-14T11:22:48.738+0200] {logging_mixin.py:150} INFO - [2023-08-14T11:22:48.737+0200] {dagbag.py:541} INFO - Filling up the DagBag from /home/akhilesh/py39/lib/python3.9/site-packages/airflow/example_dags/subdags/subdag.py
[2023-08-14T11:22:48.741+0200] {processor.py:838} WARNING - No viable dags retrieved from /home/akhilesh/py39/lib/python3.9/site-packages/airflow/example_dags/subdags/subdag.py
[2023-08-14T11:22:48.755+0200] {processor.py:179} INFO - Processing /home/akhilesh/py39/lib/python3.9/site-packages/airflow/example_dags/subdags/subdag.py took 0.031 seconds
[2023-08-14T11:23:24.197+0200] {processor.py:157} INFO - Started process (PID=466882) to work on /home/akhilesh/py39/lib/python3.9/site-packages/airflow/example_dags/subdags/subdag.py
[2023-08-14T11:23:24.199+0200] {processor.py:826} INFO - Processing file /home/akhilesh/py39/lib/python3.9/site-packages/airflow/example_dags/subdags/subdag.py for tasks to queue
[2023-08-14T11:23:24.200+0200] {logging_mixin.py:150} INFO - [2023-08-14T11:23:24.200+0200] {dagbag.py:541} INFO - Filling up the DagBag from /home/akhilesh/py39/lib/python3.9/site-packages/airflow/example_dags/subdags/subdag.py
[2023-08-14T11:23:24.203+0200] {processor.py:838} WARNING - No viable dags retrieved from /home/akhilesh/py39/lib/python3.9/site-packages/airflow/example_dags/subdags/subdag.py
[2023-08-14T11:23:24.213+0200] {processor.py:179} INFO - Processing /home/akhilesh/py39/lib/python3.9/site-packages/airflow/example_dags/subdags/subdag.py took 0.020 seconds
[2023-08-14T11:24:13.687+0200] {processor.py:157} INFO - Started process (PID=467166) to work on /home/akhilesh/py39/lib/python3.9/site-packages/airflow/example_dags/subdags/subdag.py
[2023-08-14T11:24:13.696+0200] {processor.py:826} INFO - Processing file /home/akhilesh/py39/lib/python3.9/site-packages/airflow/example_dags/subdags/subdag.py for tasks to queue
[2023-08-14T11:24:13.697+0200] {logging_mixin.py:150} INFO - [2023-08-14T11:24:13.697+0200] {dagbag.py:541} INFO - Filling up the DagBag from /home/akhilesh/py39/lib/python3.9/site-packages/airflow/example_dags/subdags/subdag.py
[2023-08-14T11:24:13.700+0200] {processor.py:838} WARNING - No viable dags retrieved from /home/akhilesh/py39/lib/python3.9/site-packages/airflow/example_dags/subdags/subdag.py
[2023-08-14T11:24:13.713+0200] {processor.py:179} INFO - Processing /home/akhilesh/py39/lib/python3.9/site-packages/airflow/example_dags/subdags/subdag.py took 0.029 seconds
[2023-08-14T11:25:02.795+0200] {processor.py:157} INFO - Started process (PID=467419) to work on /home/akhilesh/py39/lib/python3.9/site-packages/airflow/example_dags/subdags/subdag.py
[2023-08-14T11:25:02.804+0200] {processor.py:826} INFO - Processing file /home/akhilesh/py39/lib/python3.9/site-packages/airflow/example_dags/subdags/subdag.py for tasks to queue
[2023-08-14T11:25:02.806+0200] {logging_mixin.py:150} INFO - [2023-08-14T11:25:02.805+0200] {dagbag.py:541} INFO - Filling up the DagBag from /home/akhilesh/py39/lib/python3.9/site-packages/airflow/example_dags/subdags/subdag.py
[2023-08-14T11:25:02.808+0200] {processor.py:838} WARNING - No viable dags retrieved from /home/akhilesh/py39/lib/python3.9/site-packages/airflow/example_dags/subdags/subdag.py
[2023-08-14T11:25:02.820+0200] {processor.py:179} INFO - Processing /home/akhilesh/py39/lib/python3.9/site-packages/airflow/example_dags/subdags/subdag.py took 0.029 seconds
