[2023-08-13T23:39:10.279+0200] {taskinstance.py:1103} INFO - Dependencies all met for dep_context=non-requeueable deps ti=<TaskInstance: hp_pipeline.scrape manual__2023-08-13T21:39:07.997176+00:00 [queued]>
[2023-08-13T23:39:10.283+0200] {taskinstance.py:1103} INFO - Dependencies all met for dep_context=requeueable deps ti=<TaskInstance: hp_pipeline.scrape manual__2023-08-13T21:39:07.997176+00:00 [queued]>
[2023-08-13T23:39:10.283+0200] {taskinstance.py:1308} INFO - Starting attempt 1 of 1
[2023-08-13T23:39:10.298+0200] {taskinstance.py:1327} INFO - Executing <Task(BashOperator): scrape> on 2023-08-13 21:39:07.997176+00:00
[2023-08-13T23:39:10.302+0200] {standard_task_runner.py:57} INFO - Started process 435044 to run task
[2023-08-13T23:39:10.306+0200] {standard_task_runner.py:84} INFO - Running: ['airflow', 'tasks', 'run', 'hp_pipeline', 'scrape', 'manual__2023-08-13T21:39:07.997176+00:00', '--job-id', '17', '--raw', '--subdir', 'DAGS_FOLDER/hp_pipeline.py', '--cfg-path', '/tmp/tmpvs6b022i']
[2023-08-13T23:39:10.307+0200] {standard_task_runner.py:85} INFO - Job 17: Subtask scrape
[2023-08-13T23:39:10.347+0200] {task_command.py:410} INFO - Running <TaskInstance: hp_pipeline.scrape manual__2023-08-13T21:39:07.997176+00:00 [running]> on host akhilesh-ThinkPad-E14-Gen-3
[2023-08-13T23:39:10.417+0200] {taskinstance.py:1545} INFO - Exporting env vars: AIRFLOW_CTX_DAG_OWNER='airflow' AIRFLOW_CTX_DAG_ID='hp_pipeline' AIRFLOW_CTX_TASK_ID='scrape' AIRFLOW_CTX_EXECUTION_DATE='2023-08-13T21:39:07.997176+00:00' AIRFLOW_CTX_TRY_NUMBER='1' AIRFLOW_CTX_DAG_RUN_ID='manual__2023-08-13T21:39:07.997176+00:00'
[2023-08-13T23:39:10.418+0200] {subprocess.py:63} INFO - Tmp dir root location: /tmp
[2023-08-13T23:39:10.419+0200] {subprocess.py:75} INFO - Running command: ['/usr/bin/bash', '-c', 'echo $scraper_path  && cd $scraper_path && scrapy crawl hp_treasury']
[2023-08-13T23:39:10.428+0200] {subprocess.py:86} INFO - Output:
[2023-08-13T23:39:10.430+0200] {subprocess.py:93} INFO - 
[2023-08-13T23:39:10.754+0200] {subprocess.py:93} INFO - Scrapy 2.10.0 - no active project
[2023-08-13T23:39:10.754+0200] {subprocess.py:93} INFO - 
[2023-08-13T23:39:10.754+0200] {subprocess.py:93} INFO - Unknown command: crawl
[2023-08-13T23:39:10.754+0200] {subprocess.py:93} INFO - 
[2023-08-13T23:39:10.754+0200] {subprocess.py:93} INFO - Use "scrapy" to see available commands
[2023-08-13T23:39:10.837+0200] {subprocess.py:97} INFO - Command exited with return code 2
[2023-08-13T23:39:10.846+0200] {taskinstance.py:1824} ERROR - Task failed with exception
Traceback (most recent call last):
  File "/home/akhilesh/py39/lib/python3.9/site-packages/airflow/operators/bash.py", line 210, in execute
    raise AirflowException(
airflow.exceptions.AirflowException: Bash command failed. The command returned a non-zero exit code 2.
[2023-08-13T23:39:10.849+0200] {taskinstance.py:1345} INFO - Marking task as FAILED. dag_id=hp_pipeline, task_id=scrape, execution_date=20230813T213907, start_date=20230813T213910, end_date=20230813T213910
[2023-08-13T23:39:10.881+0200] {standard_task_runner.py:104} ERROR - Failed to execute job 17 for task scrape (Bash command failed. The command returned a non-zero exit code 2.; 435044)
[2023-08-13T23:39:10.918+0200] {local_task_job_runner.py:225} INFO - Task exited with return code 1
[2023-08-13T23:39:10.931+0200] {taskinstance.py:2653} INFO - 0 downstream tasks scheduled from follow-on schedule check
