[2023-08-13T23:08:03.941+0200] {processor.py:157} INFO - Started process (PID=427289) to work on /home/akhilesh/py39/lib/python3.9/site-packages/airflow/example_dags/plugins/event_listener.py
[2023-08-13T23:08:03.943+0200] {processor.py:826} INFO - Processing file /home/akhilesh/py39/lib/python3.9/site-packages/airflow/example_dags/plugins/event_listener.py for tasks to queue
[2023-08-13T23:08:03.943+0200] {logging_mixin.py:150} INFO - [2023-08-13T23:08:03.943+0200] {dagbag.py:541} INFO - Filling up the DagBag from /home/akhilesh/py39/lib/python3.9/site-packages/airflow/example_dags/plugins/event_listener.py
[2023-08-13T23:08:03.946+0200] {processor.py:838} WARNING - No viable dags retrieved from /home/akhilesh/py39/lib/python3.9/site-packages/airflow/example_dags/plugins/event_listener.py
[2023-08-13T23:08:03.956+0200] {processor.py:179} INFO - Processing /home/akhilesh/py39/lib/python3.9/site-packages/airflow/example_dags/plugins/event_listener.py took 0.018 seconds
[2023-08-13T23:08:54.782+0200] {processor.py:157} INFO - Started process (PID=427523) to work on /home/akhilesh/py39/lib/python3.9/site-packages/airflow/example_dags/plugins/event_listener.py
[2023-08-13T23:08:54.791+0200] {processor.py:826} INFO - Processing file /home/akhilesh/py39/lib/python3.9/site-packages/airflow/example_dags/plugins/event_listener.py for tasks to queue
[2023-08-13T23:08:54.793+0200] {logging_mixin.py:150} INFO - [2023-08-13T23:08:54.792+0200] {dagbag.py:541} INFO - Filling up the DagBag from /home/akhilesh/py39/lib/python3.9/site-packages/airflow/example_dags/plugins/event_listener.py
[2023-08-13T23:08:54.796+0200] {processor.py:838} WARNING - No viable dags retrieved from /home/akhilesh/py39/lib/python3.9/site-packages/airflow/example_dags/plugins/event_listener.py
[2023-08-13T23:08:54.809+0200] {processor.py:179} INFO - Processing /home/akhilesh/py39/lib/python3.9/site-packages/airflow/example_dags/plugins/event_listener.py took 0.030 seconds
[2023-08-13T23:09:41.394+0200] {processor.py:157} INFO - Started process (PID=427638) to work on /home/akhilesh/py39/lib/python3.9/site-packages/airflow/example_dags/plugins/event_listener.py
[2023-08-13T23:09:41.403+0200] {processor.py:826} INFO - Processing file /home/akhilesh/py39/lib/python3.9/site-packages/airflow/example_dags/plugins/event_listener.py for tasks to queue
[2023-08-13T23:09:41.404+0200] {logging_mixin.py:150} INFO - [2023-08-13T23:09:41.404+0200] {dagbag.py:541} INFO - Filling up the DagBag from /home/akhilesh/py39/lib/python3.9/site-packages/airflow/example_dags/plugins/event_listener.py
[2023-08-13T23:09:41.406+0200] {processor.py:838} WARNING - No viable dags retrieved from /home/akhilesh/py39/lib/python3.9/site-packages/airflow/example_dags/plugins/event_listener.py
[2023-08-13T23:09:41.417+0200] {processor.py:179} INFO - Processing /home/akhilesh/py39/lib/python3.9/site-packages/airflow/example_dags/plugins/event_listener.py took 0.026 seconds
[2023-08-13T23:10:17.707+0200] {processor.py:157} INFO - Started process (PID=427809) to work on /home/akhilesh/py39/lib/python3.9/site-packages/airflow/example_dags/plugins/event_listener.py
[2023-08-13T23:10:17.716+0200] {processor.py:826} INFO - Processing file /home/akhilesh/py39/lib/python3.9/site-packages/airflow/example_dags/plugins/event_listener.py for tasks to queue
[2023-08-13T23:10:17.717+0200] {logging_mixin.py:150} INFO - [2023-08-13T23:10:17.716+0200] {dagbag.py:541} INFO - Filling up the DagBag from /home/akhilesh/py39/lib/python3.9/site-packages/airflow/example_dags/plugins/event_listener.py
[2023-08-13T23:10:17.719+0200] {processor.py:838} WARNING - No viable dags retrieved from /home/akhilesh/py39/lib/python3.9/site-packages/airflow/example_dags/plugins/event_listener.py
[2023-08-13T23:10:17.729+0200] {processor.py:179} INFO - Processing /home/akhilesh/py39/lib/python3.9/site-packages/airflow/example_dags/plugins/event_listener.py took 0.026 seconds
[2023-08-13T23:10:54.864+0200] {processor.py:157} INFO - Started process (PID=427992) to work on /home/akhilesh/py39/lib/python3.9/site-packages/airflow/example_dags/plugins/event_listener.py
[2023-08-13T23:10:54.865+0200] {processor.py:826} INFO - Processing file /home/akhilesh/py39/lib/python3.9/site-packages/airflow/example_dags/plugins/event_listener.py for tasks to queue
[2023-08-13T23:10:54.866+0200] {logging_mixin.py:150} INFO - [2023-08-13T23:10:54.866+0200] {dagbag.py:541} INFO - Filling up the DagBag from /home/akhilesh/py39/lib/python3.9/site-packages/airflow/example_dags/plugins/event_listener.py
[2023-08-13T23:10:54.867+0200] {processor.py:838} WARNING - No viable dags retrieved from /home/akhilesh/py39/lib/python3.9/site-packages/airflow/example_dags/plugins/event_listener.py
[2023-08-13T23:10:54.874+0200] {processor.py:179} INFO - Processing /home/akhilesh/py39/lib/python3.9/site-packages/airflow/example_dags/plugins/event_listener.py took 0.013 seconds
[2023-08-13T23:11:38.874+0200] {processor.py:157} INFO - Started process (PID=428126) to work on /home/akhilesh/py39/lib/python3.9/site-packages/airflow/example_dags/plugins/event_listener.py
[2023-08-13T23:11:38.883+0200] {processor.py:826} INFO - Processing file /home/akhilesh/py39/lib/python3.9/site-packages/airflow/example_dags/plugins/event_listener.py for tasks to queue
[2023-08-13T23:11:38.884+0200] {logging_mixin.py:150} INFO - [2023-08-13T23:11:38.883+0200] {dagbag.py:541} INFO - Filling up the DagBag from /home/akhilesh/py39/lib/python3.9/site-packages/airflow/example_dags/plugins/event_listener.py
[2023-08-13T23:11:38.886+0200] {processor.py:838} WARNING - No viable dags retrieved from /home/akhilesh/py39/lib/python3.9/site-packages/airflow/example_dags/plugins/event_listener.py
[2023-08-13T23:11:38.898+0200] {processor.py:179} INFO - Processing /home/akhilesh/py39/lib/python3.9/site-packages/airflow/example_dags/plugins/event_listener.py took 0.028 seconds
[2023-08-13T23:13:50.876+0200] {processor.py:157} INFO - Started process (PID=428973) to work on /home/akhilesh/py39/lib/python3.9/site-packages/airflow/example_dags/plugins/event_listener.py
[2023-08-13T23:13:50.877+0200] {processor.py:826} INFO - Processing file /home/akhilesh/py39/lib/python3.9/site-packages/airflow/example_dags/plugins/event_listener.py for tasks to queue
[2023-08-13T23:13:50.878+0200] {logging_mixin.py:150} INFO - [2023-08-13T23:13:50.877+0200] {dagbag.py:541} INFO - Filling up the DagBag from /home/akhilesh/py39/lib/python3.9/site-packages/airflow/example_dags/plugins/event_listener.py
[2023-08-13T23:13:50.880+0200] {processor.py:838} WARNING - No viable dags retrieved from /home/akhilesh/py39/lib/python3.9/site-packages/airflow/example_dags/plugins/event_listener.py
[2023-08-13T23:13:50.889+0200] {processor.py:179} INFO - Processing /home/akhilesh/py39/lib/python3.9/site-packages/airflow/example_dags/plugins/event_listener.py took 0.016 seconds
[2023-08-13T23:14:39.503+0200] {processor.py:157} INFO - Started process (PID=429371) to work on /home/akhilesh/py39/lib/python3.9/site-packages/airflow/example_dags/plugins/event_listener.py
[2023-08-13T23:14:39.511+0200] {processor.py:826} INFO - Processing file /home/akhilesh/py39/lib/python3.9/site-packages/airflow/example_dags/plugins/event_listener.py for tasks to queue
[2023-08-13T23:14:39.513+0200] {logging_mixin.py:150} INFO - [2023-08-13T23:14:39.512+0200] {dagbag.py:541} INFO - Filling up the DagBag from /home/akhilesh/py39/lib/python3.9/site-packages/airflow/example_dags/plugins/event_listener.py
[2023-08-13T23:14:39.514+0200] {processor.py:838} WARNING - No viable dags retrieved from /home/akhilesh/py39/lib/python3.9/site-packages/airflow/example_dags/plugins/event_listener.py
[2023-08-13T23:14:39.524+0200] {processor.py:179} INFO - Processing /home/akhilesh/py39/lib/python3.9/site-packages/airflow/example_dags/plugins/event_listener.py took 0.025 seconds
[2023-08-13T23:15:39.480+0200] {processor.py:157} INFO - Started process (PID=429936) to work on /home/akhilesh/py39/lib/python3.9/site-packages/airflow/example_dags/plugins/event_listener.py
[2023-08-13T23:15:39.490+0200] {processor.py:826} INFO - Processing file /home/akhilesh/py39/lib/python3.9/site-packages/airflow/example_dags/plugins/event_listener.py for tasks to queue
[2023-08-13T23:15:39.491+0200] {logging_mixin.py:150} INFO - [2023-08-13T23:15:39.490+0200] {dagbag.py:541} INFO - Filling up the DagBag from /home/akhilesh/py39/lib/python3.9/site-packages/airflow/example_dags/plugins/event_listener.py
[2023-08-13T23:15:39.493+0200] {processor.py:838} WARNING - No viable dags retrieved from /home/akhilesh/py39/lib/python3.9/site-packages/airflow/example_dags/plugins/event_listener.py
[2023-08-13T23:15:39.503+0200] {processor.py:179} INFO - Processing /home/akhilesh/py39/lib/python3.9/site-packages/airflow/example_dags/plugins/event_listener.py took 0.027 seconds
[2023-08-13T23:16:24.809+0200] {processor.py:157} INFO - Started process (PID=430071) to work on /home/akhilesh/py39/lib/python3.9/site-packages/airflow/example_dags/plugins/event_listener.py
[2023-08-13T23:16:24.811+0200] {processor.py:826} INFO - Processing file /home/akhilesh/py39/lib/python3.9/site-packages/airflow/example_dags/plugins/event_listener.py for tasks to queue
[2023-08-13T23:16:24.813+0200] {logging_mixin.py:150} INFO - [2023-08-13T23:16:24.812+0200] {dagbag.py:541} INFO - Filling up the DagBag from /home/akhilesh/py39/lib/python3.9/site-packages/airflow/example_dags/plugins/event_listener.py
[2023-08-13T23:16:24.816+0200] {processor.py:838} WARNING - No viable dags retrieved from /home/akhilesh/py39/lib/python3.9/site-packages/airflow/example_dags/plugins/event_listener.py
[2023-08-13T23:16:24.844+0200] {processor.py:179} INFO - Processing /home/akhilesh/py39/lib/python3.9/site-packages/airflow/example_dags/plugins/event_listener.py took 0.040 seconds
[2023-08-13T23:17:12.538+0200] {processor.py:157} INFO - Started process (PID=430207) to work on /home/akhilesh/py39/lib/python3.9/site-packages/airflow/example_dags/plugins/event_listener.py
[2023-08-13T23:17:12.547+0200] {processor.py:826} INFO - Processing file /home/akhilesh/py39/lib/python3.9/site-packages/airflow/example_dags/plugins/event_listener.py for tasks to queue
[2023-08-13T23:17:12.548+0200] {logging_mixin.py:150} INFO - [2023-08-13T23:17:12.547+0200] {dagbag.py:541} INFO - Filling up the DagBag from /home/akhilesh/py39/lib/python3.9/site-packages/airflow/example_dags/plugins/event_listener.py
[2023-08-13T23:17:12.551+0200] {processor.py:838} WARNING - No viable dags retrieved from /home/akhilesh/py39/lib/python3.9/site-packages/airflow/example_dags/plugins/event_listener.py
[2023-08-13T23:17:12.561+0200] {processor.py:179} INFO - Processing /home/akhilesh/py39/lib/python3.9/site-packages/airflow/example_dags/plugins/event_listener.py took 0.026 seconds
[2023-08-13T23:18:01.717+0200] {processor.py:157} INFO - Started process (PID=430378) to work on /home/akhilesh/py39/lib/python3.9/site-packages/airflow/example_dags/plugins/event_listener.py
[2023-08-13T23:18:01.728+0200] {processor.py:826} INFO - Processing file /home/akhilesh/py39/lib/python3.9/site-packages/airflow/example_dags/plugins/event_listener.py for tasks to queue
[2023-08-13T23:18:01.729+0200] {logging_mixin.py:150} INFO - [2023-08-13T23:18:01.729+0200] {dagbag.py:541} INFO - Filling up the DagBag from /home/akhilesh/py39/lib/python3.9/site-packages/airflow/example_dags/plugins/event_listener.py
[2023-08-13T23:18:01.732+0200] {processor.py:838} WARNING - No viable dags retrieved from /home/akhilesh/py39/lib/python3.9/site-packages/airflow/example_dags/plugins/event_listener.py
[2023-08-13T23:18:01.741+0200] {processor.py:179} INFO - Processing /home/akhilesh/py39/lib/python3.9/site-packages/airflow/example_dags/plugins/event_listener.py took 0.028 seconds
[2023-08-13T23:18:50.396+0200] {processor.py:157} INFO - Started process (PID=430523) to work on /home/akhilesh/py39/lib/python3.9/site-packages/airflow/example_dags/plugins/event_listener.py
[2023-08-13T23:18:50.405+0200] {processor.py:826} INFO - Processing file /home/akhilesh/py39/lib/python3.9/site-packages/airflow/example_dags/plugins/event_listener.py for tasks to queue
[2023-08-13T23:18:50.407+0200] {logging_mixin.py:150} INFO - [2023-08-13T23:18:50.406+0200] {dagbag.py:541} INFO - Filling up the DagBag from /home/akhilesh/py39/lib/python3.9/site-packages/airflow/example_dags/plugins/event_listener.py
[2023-08-13T23:18:50.409+0200] {processor.py:838} WARNING - No viable dags retrieved from /home/akhilesh/py39/lib/python3.9/site-packages/airflow/example_dags/plugins/event_listener.py
[2023-08-13T23:18:50.418+0200] {processor.py:179} INFO - Processing /home/akhilesh/py39/lib/python3.9/site-packages/airflow/example_dags/plugins/event_listener.py took 0.026 seconds
[2023-08-13T23:19:38.408+0200] {processor.py:157} INFO - Started process (PID=430710) to work on /home/akhilesh/py39/lib/python3.9/site-packages/airflow/example_dags/plugins/event_listener.py
[2023-08-13T23:19:38.417+0200] {processor.py:826} INFO - Processing file /home/akhilesh/py39/lib/python3.9/site-packages/airflow/example_dags/plugins/event_listener.py for tasks to queue
[2023-08-13T23:19:38.418+0200] {logging_mixin.py:150} INFO - [2023-08-13T23:19:38.418+0200] {dagbag.py:541} INFO - Filling up the DagBag from /home/akhilesh/py39/lib/python3.9/site-packages/airflow/example_dags/plugins/event_listener.py
[2023-08-13T23:19:38.420+0200] {processor.py:838} WARNING - No viable dags retrieved from /home/akhilesh/py39/lib/python3.9/site-packages/airflow/example_dags/plugins/event_listener.py
[2023-08-13T23:19:38.432+0200] {processor.py:179} INFO - Processing /home/akhilesh/py39/lib/python3.9/site-packages/airflow/example_dags/plugins/event_listener.py took 0.028 seconds
[2023-08-13T23:20:28.091+0200] {processor.py:157} INFO - Started process (PID=430837) to work on /home/akhilesh/py39/lib/python3.9/site-packages/airflow/example_dags/plugins/event_listener.py
[2023-08-13T23:20:28.100+0200] {processor.py:826} INFO - Processing file /home/akhilesh/py39/lib/python3.9/site-packages/airflow/example_dags/plugins/event_listener.py for tasks to queue
[2023-08-13T23:20:28.102+0200] {logging_mixin.py:150} INFO - [2023-08-13T23:20:28.101+0200] {dagbag.py:541} INFO - Filling up the DagBag from /home/akhilesh/py39/lib/python3.9/site-packages/airflow/example_dags/plugins/event_listener.py
[2023-08-13T23:20:28.107+0200] {processor.py:838} WARNING - No viable dags retrieved from /home/akhilesh/py39/lib/python3.9/site-packages/airflow/example_dags/plugins/event_listener.py
[2023-08-13T23:20:28.115+0200] {processor.py:179} INFO - Processing /home/akhilesh/py39/lib/python3.9/site-packages/airflow/example_dags/plugins/event_listener.py took 0.027 seconds
[2023-08-13T23:21:13.749+0200] {processor.py:157} INFO - Started process (PID=431012) to work on /home/akhilesh/py39/lib/python3.9/site-packages/airflow/example_dags/plugins/event_listener.py
[2023-08-13T23:21:13.750+0200] {processor.py:826} INFO - Processing file /home/akhilesh/py39/lib/python3.9/site-packages/airflow/example_dags/plugins/event_listener.py for tasks to queue
[2023-08-13T23:21:13.751+0200] {logging_mixin.py:150} INFO - [2023-08-13T23:21:13.751+0200] {dagbag.py:541} INFO - Filling up the DagBag from /home/akhilesh/py39/lib/python3.9/site-packages/airflow/example_dags/plugins/event_listener.py
[2023-08-13T23:21:13.753+0200] {processor.py:838} WARNING - No viable dags retrieved from /home/akhilesh/py39/lib/python3.9/site-packages/airflow/example_dags/plugins/event_listener.py
[2023-08-13T23:21:13.762+0200] {processor.py:179} INFO - Processing /home/akhilesh/py39/lib/python3.9/site-packages/airflow/example_dags/plugins/event_listener.py took 0.016 seconds
[2023-08-13T23:22:00.175+0200] {processor.py:157} INFO - Started process (PID=431231) to work on /home/akhilesh/py39/lib/python3.9/site-packages/airflow/example_dags/plugins/event_listener.py
[2023-08-13T23:22:00.183+0200] {processor.py:826} INFO - Processing file /home/akhilesh/py39/lib/python3.9/site-packages/airflow/example_dags/plugins/event_listener.py for tasks to queue
[2023-08-13T23:22:00.185+0200] {logging_mixin.py:150} INFO - [2023-08-13T23:22:00.184+0200] {dagbag.py:541} INFO - Filling up the DagBag from /home/akhilesh/py39/lib/python3.9/site-packages/airflow/example_dags/plugins/event_listener.py
[2023-08-13T23:22:00.187+0200] {processor.py:838} WARNING - No viable dags retrieved from /home/akhilesh/py39/lib/python3.9/site-packages/airflow/example_dags/plugins/event_listener.py
[2023-08-13T23:22:00.197+0200] {processor.py:179} INFO - Processing /home/akhilesh/py39/lib/python3.9/site-packages/airflow/example_dags/plugins/event_listener.py took 0.027 seconds
[2023-08-13T23:22:33.961+0200] {processor.py:157} INFO - Started process (PID=431363) to work on /home/akhilesh/py39/lib/python3.9/site-packages/airflow/example_dags/plugins/event_listener.py
[2023-08-13T23:22:33.970+0200] {processor.py:826} INFO - Processing file /home/akhilesh/py39/lib/python3.9/site-packages/airflow/example_dags/plugins/event_listener.py for tasks to queue
[2023-08-13T23:22:33.971+0200] {logging_mixin.py:150} INFO - [2023-08-13T23:22:33.971+0200] {dagbag.py:541} INFO - Filling up the DagBag from /home/akhilesh/py39/lib/python3.9/site-packages/airflow/example_dags/plugins/event_listener.py
[2023-08-13T23:22:33.974+0200] {processor.py:838} WARNING - No viable dags retrieved from /home/akhilesh/py39/lib/python3.9/site-packages/airflow/example_dags/plugins/event_listener.py
[2023-08-13T23:22:33.983+0200] {processor.py:179} INFO - Processing /home/akhilesh/py39/lib/python3.9/site-packages/airflow/example_dags/plugins/event_listener.py took 0.025 seconds
[2023-08-13T23:25:08.361+0200] {processor.py:157} INFO - Started process (PID=432110) to work on /home/akhilesh/py39/lib/python3.9/site-packages/airflow/example_dags/plugins/event_listener.py
[2023-08-13T23:25:08.370+0200] {processor.py:826} INFO - Processing file /home/akhilesh/py39/lib/python3.9/site-packages/airflow/example_dags/plugins/event_listener.py for tasks to queue
[2023-08-13T23:25:08.371+0200] {logging_mixin.py:150} INFO - [2023-08-13T23:25:08.371+0200] {dagbag.py:541} INFO - Filling up the DagBag from /home/akhilesh/py39/lib/python3.9/site-packages/airflow/example_dags/plugins/event_listener.py
[2023-08-13T23:25:08.374+0200] {processor.py:838} WARNING - No viable dags retrieved from /home/akhilesh/py39/lib/python3.9/site-packages/airflow/example_dags/plugins/event_listener.py
[2023-08-13T23:25:08.385+0200] {processor.py:179} INFO - Processing /home/akhilesh/py39/lib/python3.9/site-packages/airflow/example_dags/plugins/event_listener.py took 0.027 seconds
[2023-08-13T23:25:55.332+0200] {processor.py:157} INFO - Started process (PID=432318) to work on /home/akhilesh/py39/lib/python3.9/site-packages/airflow/example_dags/plugins/event_listener.py
[2023-08-13T23:25:55.341+0200] {processor.py:826} INFO - Processing file /home/akhilesh/py39/lib/python3.9/site-packages/airflow/example_dags/plugins/event_listener.py for tasks to queue
[2023-08-13T23:25:55.342+0200] {logging_mixin.py:150} INFO - [2023-08-13T23:25:55.342+0200] {dagbag.py:541} INFO - Filling up the DagBag from /home/akhilesh/py39/lib/python3.9/site-packages/airflow/example_dags/plugins/event_listener.py
[2023-08-13T23:25:55.345+0200] {processor.py:838} WARNING - No viable dags retrieved from /home/akhilesh/py39/lib/python3.9/site-packages/airflow/example_dags/plugins/event_listener.py
[2023-08-13T23:25:55.355+0200] {processor.py:179} INFO - Processing /home/akhilesh/py39/lib/python3.9/site-packages/airflow/example_dags/plugins/event_listener.py took 0.026 seconds
[2023-08-13T23:26:45.908+0200] {processor.py:157} INFO - Started process (PID=432497) to work on /home/akhilesh/py39/lib/python3.9/site-packages/airflow/example_dags/plugins/event_listener.py
[2023-08-13T23:26:45.910+0200] {processor.py:826} INFO - Processing file /home/akhilesh/py39/lib/python3.9/site-packages/airflow/example_dags/plugins/event_listener.py for tasks to queue
[2023-08-13T23:26:45.911+0200] {logging_mixin.py:150} INFO - [2023-08-13T23:26:45.911+0200] {dagbag.py:541} INFO - Filling up the DagBag from /home/akhilesh/py39/lib/python3.9/site-packages/airflow/example_dags/plugins/event_listener.py
[2023-08-13T23:26:45.914+0200] {processor.py:838} WARNING - No viable dags retrieved from /home/akhilesh/py39/lib/python3.9/site-packages/airflow/example_dags/plugins/event_listener.py
[2023-08-13T23:26:45.925+0200] {processor.py:179} INFO - Processing /home/akhilesh/py39/lib/python3.9/site-packages/airflow/example_dags/plugins/event_listener.py took 0.021 seconds
[2023-08-13T23:27:30.207+0200] {processor.py:157} INFO - Started process (PID=432650) to work on /home/akhilesh/py39/lib/python3.9/site-packages/airflow/example_dags/plugins/event_listener.py
[2023-08-13T23:27:30.216+0200] {processor.py:826} INFO - Processing file /home/akhilesh/py39/lib/python3.9/site-packages/airflow/example_dags/plugins/event_listener.py for tasks to queue
[2023-08-13T23:27:30.218+0200] {logging_mixin.py:150} INFO - [2023-08-13T23:27:30.217+0200] {dagbag.py:541} INFO - Filling up the DagBag from /home/akhilesh/py39/lib/python3.9/site-packages/airflow/example_dags/plugins/event_listener.py
[2023-08-13T23:27:30.220+0200] {processor.py:838} WARNING - No viable dags retrieved from /home/akhilesh/py39/lib/python3.9/site-packages/airflow/example_dags/plugins/event_listener.py
[2023-08-13T23:27:30.232+0200] {processor.py:179} INFO - Processing /home/akhilesh/py39/lib/python3.9/site-packages/airflow/example_dags/plugins/event_listener.py took 0.028 seconds
[2023-08-13T23:28:06.264+0200] {processor.py:157} INFO - Started process (PID=432754) to work on /home/akhilesh/py39/lib/python3.9/site-packages/airflow/example_dags/plugins/event_listener.py
[2023-08-13T23:28:06.273+0200] {processor.py:826} INFO - Processing file /home/akhilesh/py39/lib/python3.9/site-packages/airflow/example_dags/plugins/event_listener.py for tasks to queue
[2023-08-13T23:28:06.274+0200] {logging_mixin.py:150} INFO - [2023-08-13T23:28:06.273+0200] {dagbag.py:541} INFO - Filling up the DagBag from /home/akhilesh/py39/lib/python3.9/site-packages/airflow/example_dags/plugins/event_listener.py
[2023-08-13T23:28:06.277+0200] {processor.py:838} WARNING - No viable dags retrieved from /home/akhilesh/py39/lib/python3.9/site-packages/airflow/example_dags/plugins/event_listener.py
[2023-08-13T23:28:06.288+0200] {processor.py:179} INFO - Processing /home/akhilesh/py39/lib/python3.9/site-packages/airflow/example_dags/plugins/event_listener.py took 0.028 seconds
[2023-08-13T23:28:58.943+0200] {processor.py:157} INFO - Started process (PID=432938) to work on /home/akhilesh/py39/lib/python3.9/site-packages/airflow/example_dags/plugins/event_listener.py
[2023-08-13T23:28:58.945+0200] {processor.py:826} INFO - Processing file /home/akhilesh/py39/lib/python3.9/site-packages/airflow/example_dags/plugins/event_listener.py for tasks to queue
[2023-08-13T23:28:58.946+0200] {logging_mixin.py:150} INFO - [2023-08-13T23:28:58.945+0200] {dagbag.py:541} INFO - Filling up the DagBag from /home/akhilesh/py39/lib/python3.9/site-packages/airflow/example_dags/plugins/event_listener.py
[2023-08-13T23:28:58.948+0200] {processor.py:838} WARNING - No viable dags retrieved from /home/akhilesh/py39/lib/python3.9/site-packages/airflow/example_dags/plugins/event_listener.py
[2023-08-13T23:28:58.958+0200] {processor.py:179} INFO - Processing /home/akhilesh/py39/lib/python3.9/site-packages/airflow/example_dags/plugins/event_listener.py took 0.017 seconds
[2023-08-13T23:29:40.344+0200] {processor.py:157} INFO - Started process (PID=433085) to work on /home/akhilesh/py39/lib/python3.9/site-packages/airflow/example_dags/plugins/event_listener.py
[2023-08-13T23:29:40.353+0200] {processor.py:826} INFO - Processing file /home/akhilesh/py39/lib/python3.9/site-packages/airflow/example_dags/plugins/event_listener.py for tasks to queue
[2023-08-13T23:29:40.355+0200] {logging_mixin.py:150} INFO - [2023-08-13T23:29:40.354+0200] {dagbag.py:541} INFO - Filling up the DagBag from /home/akhilesh/py39/lib/python3.9/site-packages/airflow/example_dags/plugins/event_listener.py
[2023-08-13T23:29:40.356+0200] {processor.py:838} WARNING - No viable dags retrieved from /home/akhilesh/py39/lib/python3.9/site-packages/airflow/example_dags/plugins/event_listener.py
[2023-08-13T23:29:40.365+0200] {processor.py:179} INFO - Processing /home/akhilesh/py39/lib/python3.9/site-packages/airflow/example_dags/plugins/event_listener.py took 0.024 seconds
[2023-08-13T23:30:16.139+0200] {processor.py:157} INFO - Started process (PID=433182) to work on /home/akhilesh/py39/lib/python3.9/site-packages/airflow/example_dags/plugins/event_listener.py
[2023-08-13T23:30:16.148+0200] {processor.py:826} INFO - Processing file /home/akhilesh/py39/lib/python3.9/site-packages/airflow/example_dags/plugins/event_listener.py for tasks to queue
[2023-08-13T23:30:16.149+0200] {logging_mixin.py:150} INFO - [2023-08-13T23:30:16.149+0200] {dagbag.py:541} INFO - Filling up the DagBag from /home/akhilesh/py39/lib/python3.9/site-packages/airflow/example_dags/plugins/event_listener.py
[2023-08-13T23:30:16.152+0200] {processor.py:838} WARNING - No viable dags retrieved from /home/akhilesh/py39/lib/python3.9/site-packages/airflow/example_dags/plugins/event_listener.py
[2023-08-13T23:30:16.165+0200] {processor.py:179} INFO - Processing /home/akhilesh/py39/lib/python3.9/site-packages/airflow/example_dags/plugins/event_listener.py took 0.030 seconds
[2023-08-13T23:30:54.939+0200] {processor.py:157} INFO - Started process (PID=433315) to work on /home/akhilesh/py39/lib/python3.9/site-packages/airflow/example_dags/plugins/event_listener.py
[2023-08-13T23:30:54.948+0200] {processor.py:826} INFO - Processing file /home/akhilesh/py39/lib/python3.9/site-packages/airflow/example_dags/plugins/event_listener.py for tasks to queue
[2023-08-13T23:30:54.950+0200] {logging_mixin.py:150} INFO - [2023-08-13T23:30:54.949+0200] {dagbag.py:541} INFO - Filling up the DagBag from /home/akhilesh/py39/lib/python3.9/site-packages/airflow/example_dags/plugins/event_listener.py
[2023-08-13T23:30:54.954+0200] {processor.py:838} WARNING - No viable dags retrieved from /home/akhilesh/py39/lib/python3.9/site-packages/airflow/example_dags/plugins/event_listener.py
[2023-08-13T23:30:54.963+0200] {processor.py:179} INFO - Processing /home/akhilesh/py39/lib/python3.9/site-packages/airflow/example_dags/plugins/event_listener.py took 0.028 seconds
[2023-08-13T23:31:36.985+0200] {processor.py:157} INFO - Started process (PID=433452) to work on /home/akhilesh/py39/lib/python3.9/site-packages/airflow/example_dags/plugins/event_listener.py
[2023-08-13T23:31:36.994+0200] {processor.py:826} INFO - Processing file /home/akhilesh/py39/lib/python3.9/site-packages/airflow/example_dags/plugins/event_listener.py for tasks to queue
[2023-08-13T23:31:36.995+0200] {logging_mixin.py:150} INFO - [2023-08-13T23:31:36.995+0200] {dagbag.py:541} INFO - Filling up the DagBag from /home/akhilesh/py39/lib/python3.9/site-packages/airflow/example_dags/plugins/event_listener.py
[2023-08-13T23:31:36.998+0200] {processor.py:838} WARNING - No viable dags retrieved from /home/akhilesh/py39/lib/python3.9/site-packages/airflow/example_dags/plugins/event_listener.py
[2023-08-13T23:31:37.007+0200] {processor.py:179} INFO - Processing /home/akhilesh/py39/lib/python3.9/site-packages/airflow/example_dags/plugins/event_listener.py took 0.025 seconds
[2023-08-13T23:32:14.551+0200] {processor.py:157} INFO - Started process (PID=433541) to work on /home/akhilesh/py39/lib/python3.9/site-packages/airflow/example_dags/plugins/event_listener.py
[2023-08-13T23:32:14.560+0200] {processor.py:826} INFO - Processing file /home/akhilesh/py39/lib/python3.9/site-packages/airflow/example_dags/plugins/event_listener.py for tasks to queue
[2023-08-13T23:32:14.561+0200] {logging_mixin.py:150} INFO - [2023-08-13T23:32:14.561+0200] {dagbag.py:541} INFO - Filling up the DagBag from /home/akhilesh/py39/lib/python3.9/site-packages/airflow/example_dags/plugins/event_listener.py
[2023-08-13T23:32:14.563+0200] {processor.py:838} WARNING - No viable dags retrieved from /home/akhilesh/py39/lib/python3.9/site-packages/airflow/example_dags/plugins/event_listener.py
[2023-08-13T23:32:14.573+0200] {processor.py:179} INFO - Processing /home/akhilesh/py39/lib/python3.9/site-packages/airflow/example_dags/plugins/event_listener.py took 0.025 seconds
[2023-08-13T23:33:07.398+0200] {processor.py:157} INFO - Started process (PID=433738) to work on /home/akhilesh/py39/lib/python3.9/site-packages/airflow/example_dags/plugins/event_listener.py
[2023-08-13T23:33:07.400+0200] {processor.py:826} INFO - Processing file /home/akhilesh/py39/lib/python3.9/site-packages/airflow/example_dags/plugins/event_listener.py for tasks to queue
[2023-08-13T23:33:07.400+0200] {logging_mixin.py:150} INFO - [2023-08-13T23:33:07.400+0200] {dagbag.py:541} INFO - Filling up the DagBag from /home/akhilesh/py39/lib/python3.9/site-packages/airflow/example_dags/plugins/event_listener.py
[2023-08-13T23:33:07.403+0200] {processor.py:838} WARNING - No viable dags retrieved from /home/akhilesh/py39/lib/python3.9/site-packages/airflow/example_dags/plugins/event_listener.py
[2023-08-13T23:33:07.409+0200] {processor.py:179} INFO - Processing /home/akhilesh/py39/lib/python3.9/site-packages/airflow/example_dags/plugins/event_listener.py took 0.013 seconds
[2023-08-13T23:33:46.342+0200] {processor.py:157} INFO - Started process (PID=433828) to work on /home/akhilesh/py39/lib/python3.9/site-packages/airflow/example_dags/plugins/event_listener.py
[2023-08-13T23:33:46.351+0200] {processor.py:826} INFO - Processing file /home/akhilesh/py39/lib/python3.9/site-packages/airflow/example_dags/plugins/event_listener.py for tasks to queue
[2023-08-13T23:33:46.352+0200] {logging_mixin.py:150} INFO - [2023-08-13T23:33:46.352+0200] {dagbag.py:541} INFO - Filling up the DagBag from /home/akhilesh/py39/lib/python3.9/site-packages/airflow/example_dags/plugins/event_listener.py
[2023-08-13T23:33:46.354+0200] {processor.py:838} WARNING - No viable dags retrieved from /home/akhilesh/py39/lib/python3.9/site-packages/airflow/example_dags/plugins/event_listener.py
[2023-08-13T23:33:46.365+0200] {processor.py:179} INFO - Processing /home/akhilesh/py39/lib/python3.9/site-packages/airflow/example_dags/plugins/event_listener.py took 0.027 seconds
[2023-08-13T23:34:35.403+0200] {processor.py:157} INFO - Started process (PID=433982) to work on /home/akhilesh/py39/lib/python3.9/site-packages/airflow/example_dags/plugins/event_listener.py
[2023-08-13T23:34:35.412+0200] {processor.py:826} INFO - Processing file /home/akhilesh/py39/lib/python3.9/site-packages/airflow/example_dags/plugins/event_listener.py for tasks to queue
[2023-08-13T23:34:35.413+0200] {logging_mixin.py:150} INFO - [2023-08-13T23:34:35.413+0200] {dagbag.py:541} INFO - Filling up the DagBag from /home/akhilesh/py39/lib/python3.9/site-packages/airflow/example_dags/plugins/event_listener.py
[2023-08-13T23:34:35.417+0200] {processor.py:838} WARNING - No viable dags retrieved from /home/akhilesh/py39/lib/python3.9/site-packages/airflow/example_dags/plugins/event_listener.py
[2023-08-13T23:34:35.427+0200] {processor.py:179} INFO - Processing /home/akhilesh/py39/lib/python3.9/site-packages/airflow/example_dags/plugins/event_listener.py took 0.027 seconds
[2023-08-13T23:35:11.415+0200] {processor.py:157} INFO - Started process (PID=434095) to work on /home/akhilesh/py39/lib/python3.9/site-packages/airflow/example_dags/plugins/event_listener.py
[2023-08-13T23:35:11.424+0200] {processor.py:826} INFO - Processing file /home/akhilesh/py39/lib/python3.9/site-packages/airflow/example_dags/plugins/event_listener.py for tasks to queue
[2023-08-13T23:35:11.426+0200] {logging_mixin.py:150} INFO - [2023-08-13T23:35:11.425+0200] {dagbag.py:541} INFO - Filling up the DagBag from /home/akhilesh/py39/lib/python3.9/site-packages/airflow/example_dags/plugins/event_listener.py
[2023-08-13T23:35:11.428+0200] {processor.py:838} WARNING - No viable dags retrieved from /home/akhilesh/py39/lib/python3.9/site-packages/airflow/example_dags/plugins/event_listener.py
[2023-08-13T23:35:11.439+0200] {processor.py:179} INFO - Processing /home/akhilesh/py39/lib/python3.9/site-packages/airflow/example_dags/plugins/event_listener.py took 0.027 seconds
[2023-08-13T23:35:49.478+0200] {processor.py:157} INFO - Started process (PID=434200) to work on /home/akhilesh/py39/lib/python3.9/site-packages/airflow/example_dags/plugins/event_listener.py
[2023-08-13T23:35:49.487+0200] {processor.py:826} INFO - Processing file /home/akhilesh/py39/lib/python3.9/site-packages/airflow/example_dags/plugins/event_listener.py for tasks to queue
[2023-08-13T23:35:49.488+0200] {logging_mixin.py:150} INFO - [2023-08-13T23:35:49.488+0200] {dagbag.py:541} INFO - Filling up the DagBag from /home/akhilesh/py39/lib/python3.9/site-packages/airflow/example_dags/plugins/event_listener.py
[2023-08-13T23:35:49.491+0200] {processor.py:838} WARNING - No viable dags retrieved from /home/akhilesh/py39/lib/python3.9/site-packages/airflow/example_dags/plugins/event_listener.py
[2023-08-13T23:35:49.504+0200] {processor.py:179} INFO - Processing /home/akhilesh/py39/lib/python3.9/site-packages/airflow/example_dags/plugins/event_listener.py took 0.029 seconds
[2023-08-13T23:36:44.079+0200] {processor.py:157} INFO - Started process (PID=434535) to work on /home/akhilesh/py39/lib/python3.9/site-packages/airflow/example_dags/plugins/event_listener.py
[2023-08-13T23:36:44.088+0200] {processor.py:826} INFO - Processing file /home/akhilesh/py39/lib/python3.9/site-packages/airflow/example_dags/plugins/event_listener.py for tasks to queue
[2023-08-13T23:36:44.089+0200] {logging_mixin.py:150} INFO - [2023-08-13T23:36:44.089+0200] {dagbag.py:541} INFO - Filling up the DagBag from /home/akhilesh/py39/lib/python3.9/site-packages/airflow/example_dags/plugins/event_listener.py
[2023-08-13T23:36:44.092+0200] {processor.py:838} WARNING - No viable dags retrieved from /home/akhilesh/py39/lib/python3.9/site-packages/airflow/example_dags/plugins/event_listener.py
[2023-08-13T23:36:44.102+0200] {processor.py:179} INFO - Processing /home/akhilesh/py39/lib/python3.9/site-packages/airflow/example_dags/plugins/event_listener.py took 0.027 seconds
[2023-08-13T23:37:25.216+0200] {processor.py:157} INFO - Started process (PID=434662) to work on /home/akhilesh/py39/lib/python3.9/site-packages/airflow/example_dags/plugins/event_listener.py
[2023-08-13T23:37:25.225+0200] {processor.py:826} INFO - Processing file /home/akhilesh/py39/lib/python3.9/site-packages/airflow/example_dags/plugins/event_listener.py for tasks to queue
[2023-08-13T23:37:25.227+0200] {logging_mixin.py:150} INFO - [2023-08-13T23:37:25.226+0200] {dagbag.py:541} INFO - Filling up the DagBag from /home/akhilesh/py39/lib/python3.9/site-packages/airflow/example_dags/plugins/event_listener.py
[2023-08-13T23:37:25.229+0200] {processor.py:838} WARNING - No viable dags retrieved from /home/akhilesh/py39/lib/python3.9/site-packages/airflow/example_dags/plugins/event_listener.py
[2023-08-13T23:37:25.239+0200] {processor.py:179} INFO - Processing /home/akhilesh/py39/lib/python3.9/site-packages/airflow/example_dags/plugins/event_listener.py took 0.026 seconds
[2023-08-13T23:38:16.632+0200] {processor.py:157} INFO - Started process (PID=434817) to work on /home/akhilesh/py39/lib/python3.9/site-packages/airflow/example_dags/plugins/event_listener.py
[2023-08-13T23:38:16.633+0200] {processor.py:826} INFO - Processing file /home/akhilesh/py39/lib/python3.9/site-packages/airflow/example_dags/plugins/event_listener.py for tasks to queue
[2023-08-13T23:38:16.634+0200] {logging_mixin.py:150} INFO - [2023-08-13T23:38:16.634+0200] {dagbag.py:541} INFO - Filling up the DagBag from /home/akhilesh/py39/lib/python3.9/site-packages/airflow/example_dags/plugins/event_listener.py
[2023-08-13T23:38:16.636+0200] {processor.py:838} WARNING - No viable dags retrieved from /home/akhilesh/py39/lib/python3.9/site-packages/airflow/example_dags/plugins/event_listener.py
[2023-08-13T23:38:16.644+0200] {processor.py:179} INFO - Processing /home/akhilesh/py39/lib/python3.9/site-packages/airflow/example_dags/plugins/event_listener.py took 0.016 seconds
[2023-08-13T23:38:52.747+0200] {processor.py:157} INFO - Started process (PID=434943) to work on /home/akhilesh/py39/lib/python3.9/site-packages/airflow/example_dags/plugins/event_listener.py
[2023-08-13T23:38:52.756+0200] {processor.py:826} INFO - Processing file /home/akhilesh/py39/lib/python3.9/site-packages/airflow/example_dags/plugins/event_listener.py for tasks to queue
[2023-08-13T23:38:52.757+0200] {logging_mixin.py:150} INFO - [2023-08-13T23:38:52.756+0200] {dagbag.py:541} INFO - Filling up the DagBag from /home/akhilesh/py39/lib/python3.9/site-packages/airflow/example_dags/plugins/event_listener.py
[2023-08-13T23:38:52.759+0200] {processor.py:838} WARNING - No viable dags retrieved from /home/akhilesh/py39/lib/python3.9/site-packages/airflow/example_dags/plugins/event_listener.py
[2023-08-13T23:38:52.769+0200] {processor.py:179} INFO - Processing /home/akhilesh/py39/lib/python3.9/site-packages/airflow/example_dags/plugins/event_listener.py took 0.025 seconds
[2023-08-13T23:39:29.127+0200] {processor.py:157} INFO - Started process (PID=435090) to work on /home/akhilesh/py39/lib/python3.9/site-packages/airflow/example_dags/plugins/event_listener.py
[2023-08-13T23:39:29.128+0200] {processor.py:826} INFO - Processing file /home/akhilesh/py39/lib/python3.9/site-packages/airflow/example_dags/plugins/event_listener.py for tasks to queue
[2023-08-13T23:39:29.129+0200] {logging_mixin.py:150} INFO - [2023-08-13T23:39:29.129+0200] {dagbag.py:541} INFO - Filling up the DagBag from /home/akhilesh/py39/lib/python3.9/site-packages/airflow/example_dags/plugins/event_listener.py
[2023-08-13T23:39:29.131+0200] {processor.py:838} WARNING - No viable dags retrieved from /home/akhilesh/py39/lib/python3.9/site-packages/airflow/example_dags/plugins/event_listener.py
[2023-08-13T23:39:29.139+0200] {processor.py:179} INFO - Processing /home/akhilesh/py39/lib/python3.9/site-packages/airflow/example_dags/plugins/event_listener.py took 0.015 seconds
[2023-08-13T23:40:13.311+0200] {processor.py:157} INFO - Started process (PID=435271) to work on /home/akhilesh/py39/lib/python3.9/site-packages/airflow/example_dags/plugins/event_listener.py
[2023-08-13T23:40:13.313+0200] {processor.py:826} INFO - Processing file /home/akhilesh/py39/lib/python3.9/site-packages/airflow/example_dags/plugins/event_listener.py for tasks to queue
[2023-08-13T23:40:13.314+0200] {logging_mixin.py:150} INFO - [2023-08-13T23:40:13.313+0200] {dagbag.py:541} INFO - Filling up the DagBag from /home/akhilesh/py39/lib/python3.9/site-packages/airflow/example_dags/plugins/event_listener.py
[2023-08-13T23:40:13.316+0200] {processor.py:838} WARNING - No viable dags retrieved from /home/akhilesh/py39/lib/python3.9/site-packages/airflow/example_dags/plugins/event_listener.py
[2023-08-13T23:40:13.322+0200] {processor.py:179} INFO - Processing /home/akhilesh/py39/lib/python3.9/site-packages/airflow/example_dags/plugins/event_listener.py took 0.014 seconds
[2023-08-13T23:40:49.190+0200] {processor.py:157} INFO - Started process (PID=435412) to work on /home/akhilesh/py39/lib/python3.9/site-packages/airflow/example_dags/plugins/event_listener.py
[2023-08-13T23:40:49.199+0200] {processor.py:826} INFO - Processing file /home/akhilesh/py39/lib/python3.9/site-packages/airflow/example_dags/plugins/event_listener.py for tasks to queue
[2023-08-13T23:40:49.200+0200] {logging_mixin.py:150} INFO - [2023-08-13T23:40:49.200+0200] {dagbag.py:541} INFO - Filling up the DagBag from /home/akhilesh/py39/lib/python3.9/site-packages/airflow/example_dags/plugins/event_listener.py
[2023-08-13T23:40:49.203+0200] {processor.py:838} WARNING - No viable dags retrieved from /home/akhilesh/py39/lib/python3.9/site-packages/airflow/example_dags/plugins/event_listener.py
[2023-08-13T23:40:49.213+0200] {processor.py:179} INFO - Processing /home/akhilesh/py39/lib/python3.9/site-packages/airflow/example_dags/plugins/event_listener.py took 0.026 seconds
[2023-08-13T23:41:36.187+0200] {processor.py:157} INFO - Started process (PID=435541) to work on /home/akhilesh/py39/lib/python3.9/site-packages/airflow/example_dags/plugins/event_listener.py
[2023-08-13T23:41:36.197+0200] {processor.py:826} INFO - Processing file /home/akhilesh/py39/lib/python3.9/site-packages/airflow/example_dags/plugins/event_listener.py for tasks to queue
[2023-08-13T23:41:36.198+0200] {logging_mixin.py:150} INFO - [2023-08-13T23:41:36.198+0200] {dagbag.py:541} INFO - Filling up the DagBag from /home/akhilesh/py39/lib/python3.9/site-packages/airflow/example_dags/plugins/event_listener.py
[2023-08-13T23:41:36.202+0200] {processor.py:838} WARNING - No viable dags retrieved from /home/akhilesh/py39/lib/python3.9/site-packages/airflow/example_dags/plugins/event_listener.py
[2023-08-13T23:41:36.215+0200] {processor.py:179} INFO - Processing /home/akhilesh/py39/lib/python3.9/site-packages/airflow/example_dags/plugins/event_listener.py took 0.031 seconds
[2023-08-13T23:42:12.811+0200] {processor.py:157} INFO - Started process (PID=435706) to work on /home/akhilesh/py39/lib/python3.9/site-packages/airflow/example_dags/plugins/event_listener.py
[2023-08-13T23:42:12.819+0200] {processor.py:826} INFO - Processing file /home/akhilesh/py39/lib/python3.9/site-packages/airflow/example_dags/plugins/event_listener.py for tasks to queue
[2023-08-13T23:42:12.820+0200] {logging_mixin.py:150} INFO - [2023-08-13T23:42:12.820+0200] {dagbag.py:541} INFO - Filling up the DagBag from /home/akhilesh/py39/lib/python3.9/site-packages/airflow/example_dags/plugins/event_listener.py
[2023-08-13T23:42:12.823+0200] {processor.py:838} WARNING - No viable dags retrieved from /home/akhilesh/py39/lib/python3.9/site-packages/airflow/example_dags/plugins/event_listener.py
[2023-08-13T23:42:12.835+0200] {processor.py:179} INFO - Processing /home/akhilesh/py39/lib/python3.9/site-packages/airflow/example_dags/plugins/event_listener.py took 0.027 seconds
[2023-08-13T23:42:49.128+0200] {processor.py:157} INFO - Started process (PID=435808) to work on /home/akhilesh/py39/lib/python3.9/site-packages/airflow/example_dags/plugins/event_listener.py
[2023-08-13T23:42:49.137+0200] {processor.py:826} INFO - Processing file /home/akhilesh/py39/lib/python3.9/site-packages/airflow/example_dags/plugins/event_listener.py for tasks to queue
[2023-08-13T23:42:49.138+0200] {logging_mixin.py:150} INFO - [2023-08-13T23:42:49.137+0200] {dagbag.py:541} INFO - Filling up the DagBag from /home/akhilesh/py39/lib/python3.9/site-packages/airflow/example_dags/plugins/event_listener.py
[2023-08-13T23:42:49.140+0200] {processor.py:838} WARNING - No viable dags retrieved from /home/akhilesh/py39/lib/python3.9/site-packages/airflow/example_dags/plugins/event_listener.py
[2023-08-13T23:42:49.149+0200] {processor.py:179} INFO - Processing /home/akhilesh/py39/lib/python3.9/site-packages/airflow/example_dags/plugins/event_listener.py took 0.025 seconds
[2023-08-13T23:43:37.571+0200] {processor.py:157} INFO - Started process (PID=436046) to work on /home/akhilesh/py39/lib/python3.9/site-packages/airflow/example_dags/plugins/event_listener.py
[2023-08-13T23:43:37.577+0200] {processor.py:826} INFO - Processing file /home/akhilesh/py39/lib/python3.9/site-packages/airflow/example_dags/plugins/event_listener.py for tasks to queue
[2023-08-13T23:43:37.578+0200] {logging_mixin.py:150} INFO - [2023-08-13T23:43:37.577+0200] {dagbag.py:541} INFO - Filling up the DagBag from /home/akhilesh/py39/lib/python3.9/site-packages/airflow/example_dags/plugins/event_listener.py
[2023-08-13T23:43:37.580+0200] {processor.py:838} WARNING - No viable dags retrieved from /home/akhilesh/py39/lib/python3.9/site-packages/airflow/example_dags/plugins/event_listener.py
[2023-08-13T23:43:37.592+0200] {processor.py:179} INFO - Processing /home/akhilesh/py39/lib/python3.9/site-packages/airflow/example_dags/plugins/event_listener.py took 0.024 seconds
[2023-08-13T23:44:24.293+0200] {processor.py:157} INFO - Started process (PID=436175) to work on /home/akhilesh/py39/lib/python3.9/site-packages/airflow/example_dags/plugins/event_listener.py
[2023-08-13T23:44:24.294+0200] {processor.py:826} INFO - Processing file /home/akhilesh/py39/lib/python3.9/site-packages/airflow/example_dags/plugins/event_listener.py for tasks to queue
[2023-08-13T23:44:24.296+0200] {logging_mixin.py:150} INFO - [2023-08-13T23:44:24.295+0200] {dagbag.py:541} INFO - Filling up the DagBag from /home/akhilesh/py39/lib/python3.9/site-packages/airflow/example_dags/plugins/event_listener.py
[2023-08-13T23:44:24.300+0200] {processor.py:838} WARNING - No viable dags retrieved from /home/akhilesh/py39/lib/python3.9/site-packages/airflow/example_dags/plugins/event_listener.py
[2023-08-13T23:44:24.314+0200] {processor.py:179} INFO - Processing /home/akhilesh/py39/lib/python3.9/site-packages/airflow/example_dags/plugins/event_listener.py took 0.026 seconds
[2023-08-13T23:45:02.484+0200] {processor.py:157} INFO - Started process (PID=436301) to work on /home/akhilesh/py39/lib/python3.9/site-packages/airflow/example_dags/plugins/event_listener.py
[2023-08-13T23:45:02.485+0200] {processor.py:826} INFO - Processing file /home/akhilesh/py39/lib/python3.9/site-packages/airflow/example_dags/plugins/event_listener.py for tasks to queue
[2023-08-13T23:45:02.486+0200] {logging_mixin.py:150} INFO - [2023-08-13T23:45:02.486+0200] {dagbag.py:541} INFO - Filling up the DagBag from /home/akhilesh/py39/lib/python3.9/site-packages/airflow/example_dags/plugins/event_listener.py
[2023-08-13T23:45:02.487+0200] {processor.py:838} WARNING - No viable dags retrieved from /home/akhilesh/py39/lib/python3.9/site-packages/airflow/example_dags/plugins/event_listener.py
[2023-08-13T23:45:02.494+0200] {processor.py:179} INFO - Processing /home/akhilesh/py39/lib/python3.9/site-packages/airflow/example_dags/plugins/event_listener.py took 0.014 seconds
[2023-08-13T23:45:39.778+0200] {processor.py:157} INFO - Started process (PID=436594) to work on /home/akhilesh/py39/lib/python3.9/site-packages/airflow/example_dags/plugins/event_listener.py
[2023-08-13T23:45:39.787+0200] {processor.py:826} INFO - Processing file /home/akhilesh/py39/lib/python3.9/site-packages/airflow/example_dags/plugins/event_listener.py for tasks to queue
[2023-08-13T23:45:39.788+0200] {logging_mixin.py:150} INFO - [2023-08-13T23:45:39.788+0200] {dagbag.py:541} INFO - Filling up the DagBag from /home/akhilesh/py39/lib/python3.9/site-packages/airflow/example_dags/plugins/event_listener.py
[2023-08-13T23:45:39.791+0200] {processor.py:838} WARNING - No viable dags retrieved from /home/akhilesh/py39/lib/python3.9/site-packages/airflow/example_dags/plugins/event_listener.py
[2023-08-13T23:45:39.801+0200] {processor.py:179} INFO - Processing /home/akhilesh/py39/lib/python3.9/site-packages/airflow/example_dags/plugins/event_listener.py took 0.026 seconds
[2023-08-13T23:46:31.022+0200] {processor.py:157} INFO - Started process (PID=436777) to work on /home/akhilesh/py39/lib/python3.9/site-packages/airflow/example_dags/plugins/event_listener.py
[2023-08-13T23:46:31.031+0200] {processor.py:826} INFO - Processing file /home/akhilesh/py39/lib/python3.9/site-packages/airflow/example_dags/plugins/event_listener.py for tasks to queue
[2023-08-13T23:46:31.033+0200] {logging_mixin.py:150} INFO - [2023-08-13T23:46:31.032+0200] {dagbag.py:541} INFO - Filling up the DagBag from /home/akhilesh/py39/lib/python3.9/site-packages/airflow/example_dags/plugins/event_listener.py
[2023-08-13T23:46:31.035+0200] {processor.py:838} WARNING - No viable dags retrieved from /home/akhilesh/py39/lib/python3.9/site-packages/airflow/example_dags/plugins/event_listener.py
[2023-08-13T23:46:31.047+0200] {processor.py:179} INFO - Processing /home/akhilesh/py39/lib/python3.9/site-packages/airflow/example_dags/plugins/event_listener.py took 0.028 seconds
[2023-08-13T23:48:07.947+0200] {processor.py:157} INFO - Started process (PID=437043) to work on /home/akhilesh/py39/lib/python3.9/site-packages/airflow/example_dags/plugins/event_listener.py
[2023-08-13T23:48:07.956+0200] {processor.py:826} INFO - Processing file /home/akhilesh/py39/lib/python3.9/site-packages/airflow/example_dags/plugins/event_listener.py for tasks to queue
[2023-08-13T23:48:07.957+0200] {logging_mixin.py:150} INFO - [2023-08-13T23:48:07.957+0200] {dagbag.py:541} INFO - Filling up the DagBag from /home/akhilesh/py39/lib/python3.9/site-packages/airflow/example_dags/plugins/event_listener.py
[2023-08-13T23:48:07.960+0200] {processor.py:838} WARNING - No viable dags retrieved from /home/akhilesh/py39/lib/python3.9/site-packages/airflow/example_dags/plugins/event_listener.py
[2023-08-13T23:48:07.972+0200] {processor.py:179} INFO - Processing /home/akhilesh/py39/lib/python3.9/site-packages/airflow/example_dags/plugins/event_listener.py took 0.028 seconds
[2023-08-13T23:48:55.834+0200] {processor.py:157} INFO - Started process (PID=437558) to work on /home/akhilesh/py39/lib/python3.9/site-packages/airflow/example_dags/plugins/event_listener.py
[2023-08-13T23:48:55.843+0200] {processor.py:826} INFO - Processing file /home/akhilesh/py39/lib/python3.9/site-packages/airflow/example_dags/plugins/event_listener.py for tasks to queue
[2023-08-13T23:48:55.844+0200] {logging_mixin.py:150} INFO - [2023-08-13T23:48:55.844+0200] {dagbag.py:541} INFO - Filling up the DagBag from /home/akhilesh/py39/lib/python3.9/site-packages/airflow/example_dags/plugins/event_listener.py
[2023-08-13T23:48:55.847+0200] {processor.py:838} WARNING - No viable dags retrieved from /home/akhilesh/py39/lib/python3.9/site-packages/airflow/example_dags/plugins/event_listener.py
[2023-08-13T23:48:55.857+0200] {processor.py:179} INFO - Processing /home/akhilesh/py39/lib/python3.9/site-packages/airflow/example_dags/plugins/event_listener.py took 0.027 seconds
[2023-08-13T23:50:10.073+0200] {processor.py:157} INFO - Started process (PID=437834) to work on /home/akhilesh/py39/lib/python3.9/site-packages/airflow/example_dags/plugins/event_listener.py
[2023-08-13T23:50:10.074+0200] {processor.py:826} INFO - Processing file /home/akhilesh/py39/lib/python3.9/site-packages/airflow/example_dags/plugins/event_listener.py for tasks to queue
[2023-08-13T23:50:10.075+0200] {logging_mixin.py:150} INFO - [2023-08-13T23:50:10.075+0200] {dagbag.py:541} INFO - Filling up the DagBag from /home/akhilesh/py39/lib/python3.9/site-packages/airflow/example_dags/plugins/event_listener.py
[2023-08-13T23:50:10.076+0200] {processor.py:838} WARNING - No viable dags retrieved from /home/akhilesh/py39/lib/python3.9/site-packages/airflow/example_dags/plugins/event_listener.py
[2023-08-13T23:50:10.083+0200] {processor.py:179} INFO - Processing /home/akhilesh/py39/lib/python3.9/site-packages/airflow/example_dags/plugins/event_listener.py took 0.014 seconds
[2023-08-13T23:50:57.105+0200] {processor.py:157} INFO - Started process (PID=438058) to work on /home/akhilesh/py39/lib/python3.9/site-packages/airflow/example_dags/plugins/event_listener.py
[2023-08-13T23:50:57.113+0200] {processor.py:826} INFO - Processing file /home/akhilesh/py39/lib/python3.9/site-packages/airflow/example_dags/plugins/event_listener.py for tasks to queue
[2023-08-13T23:50:57.115+0200] {logging_mixin.py:150} INFO - [2023-08-13T23:50:57.114+0200] {dagbag.py:541} INFO - Filling up the DagBag from /home/akhilesh/py39/lib/python3.9/site-packages/airflow/example_dags/plugins/event_listener.py
[2023-08-13T23:50:57.118+0200] {processor.py:838} WARNING - No viable dags retrieved from /home/akhilesh/py39/lib/python3.9/site-packages/airflow/example_dags/plugins/event_listener.py
[2023-08-13T23:50:57.129+0200] {processor.py:179} INFO - Processing /home/akhilesh/py39/lib/python3.9/site-packages/airflow/example_dags/plugins/event_listener.py took 0.029 seconds
[2023-08-13T23:51:51.578+0200] {processor.py:157} INFO - Started process (PID=438200) to work on /home/akhilesh/py39/lib/python3.9/site-packages/airflow/example_dags/plugins/event_listener.py
[2023-08-13T23:51:51.587+0200] {processor.py:826} INFO - Processing file /home/akhilesh/py39/lib/python3.9/site-packages/airflow/example_dags/plugins/event_listener.py for tasks to queue
[2023-08-13T23:51:51.589+0200] {logging_mixin.py:150} INFO - [2023-08-13T23:51:51.588+0200] {dagbag.py:541} INFO - Filling up the DagBag from /home/akhilesh/py39/lib/python3.9/site-packages/airflow/example_dags/plugins/event_listener.py
[2023-08-13T23:51:51.591+0200] {processor.py:838} WARNING - No viable dags retrieved from /home/akhilesh/py39/lib/python3.9/site-packages/airflow/example_dags/plugins/event_listener.py
[2023-08-13T23:51:51.604+0200] {processor.py:179} INFO - Processing /home/akhilesh/py39/lib/python3.9/site-packages/airflow/example_dags/plugins/event_listener.py took 0.030 seconds
[2023-08-13T23:52:37.068+0200] {processor.py:157} INFO - Started process (PID=438301) to work on /home/akhilesh/py39/lib/python3.9/site-packages/airflow/example_dags/plugins/event_listener.py
[2023-08-13T23:52:37.077+0200] {processor.py:826} INFO - Processing file /home/akhilesh/py39/lib/python3.9/site-packages/airflow/example_dags/plugins/event_listener.py for tasks to queue
[2023-08-13T23:52:37.078+0200] {logging_mixin.py:150} INFO - [2023-08-13T23:52:37.077+0200] {dagbag.py:541} INFO - Filling up the DagBag from /home/akhilesh/py39/lib/python3.9/site-packages/airflow/example_dags/plugins/event_listener.py
[2023-08-13T23:52:37.080+0200] {processor.py:838} WARNING - No viable dags retrieved from /home/akhilesh/py39/lib/python3.9/site-packages/airflow/example_dags/plugins/event_listener.py
[2023-08-13T23:52:37.092+0200] {processor.py:179} INFO - Processing /home/akhilesh/py39/lib/python3.9/site-packages/airflow/example_dags/plugins/event_listener.py took 0.028 seconds
[2023-08-13T23:53:16.796+0200] {processor.py:157} INFO - Started process (PID=438396) to work on /home/akhilesh/py39/lib/python3.9/site-packages/airflow/example_dags/plugins/event_listener.py
[2023-08-13T23:53:16.805+0200] {processor.py:826} INFO - Processing file /home/akhilesh/py39/lib/python3.9/site-packages/airflow/example_dags/plugins/event_listener.py for tasks to queue
[2023-08-13T23:53:16.806+0200] {logging_mixin.py:150} INFO - [2023-08-13T23:53:16.806+0200] {dagbag.py:541} INFO - Filling up the DagBag from /home/akhilesh/py39/lib/python3.9/site-packages/airflow/example_dags/plugins/event_listener.py
[2023-08-13T23:53:16.809+0200] {processor.py:838} WARNING - No viable dags retrieved from /home/akhilesh/py39/lib/python3.9/site-packages/airflow/example_dags/plugins/event_listener.py
[2023-08-13T23:53:16.821+0200] {processor.py:179} INFO - Processing /home/akhilesh/py39/lib/python3.9/site-packages/airflow/example_dags/plugins/event_listener.py took 0.028 seconds
[2023-08-13T23:54:02.615+0200] {processor.py:157} INFO - Started process (PID=438518) to work on /home/akhilesh/py39/lib/python3.9/site-packages/airflow/example_dags/plugins/event_listener.py
[2023-08-13T23:54:02.616+0200] {processor.py:826} INFO - Processing file /home/akhilesh/py39/lib/python3.9/site-packages/airflow/example_dags/plugins/event_listener.py for tasks to queue
[2023-08-13T23:54:02.617+0200] {logging_mixin.py:150} INFO - [2023-08-13T23:54:02.617+0200] {dagbag.py:541} INFO - Filling up the DagBag from /home/akhilesh/py39/lib/python3.9/site-packages/airflow/example_dags/plugins/event_listener.py
[2023-08-13T23:54:02.620+0200] {processor.py:838} WARNING - No viable dags retrieved from /home/akhilesh/py39/lib/python3.9/site-packages/airflow/example_dags/plugins/event_listener.py
[2023-08-13T23:54:02.629+0200] {processor.py:179} INFO - Processing /home/akhilesh/py39/lib/python3.9/site-packages/airflow/example_dags/plugins/event_listener.py took 0.017 seconds
[2023-08-13T23:54:53.173+0200] {processor.py:157} INFO - Started process (PID=438661) to work on /home/akhilesh/py39/lib/python3.9/site-packages/airflow/example_dags/plugins/event_listener.py
[2023-08-13T23:54:53.182+0200] {processor.py:826} INFO - Processing file /home/akhilesh/py39/lib/python3.9/site-packages/airflow/example_dags/plugins/event_listener.py for tasks to queue
[2023-08-13T23:54:53.183+0200] {logging_mixin.py:150} INFO - [2023-08-13T23:54:53.183+0200] {dagbag.py:541} INFO - Filling up the DagBag from /home/akhilesh/py39/lib/python3.9/site-packages/airflow/example_dags/plugins/event_listener.py
[2023-08-13T23:54:53.186+0200] {processor.py:838} WARNING - No viable dags retrieved from /home/akhilesh/py39/lib/python3.9/site-packages/airflow/example_dags/plugins/event_listener.py
[2023-08-13T23:54:53.197+0200] {processor.py:179} INFO - Processing /home/akhilesh/py39/lib/python3.9/site-packages/airflow/example_dags/plugins/event_listener.py took 0.027 seconds
[2023-08-13T23:55:43.406+0200] {processor.py:157} INFO - Started process (PID=438803) to work on /home/akhilesh/py39/lib/python3.9/site-packages/airflow/example_dags/plugins/event_listener.py
[2023-08-13T23:55:43.415+0200] {processor.py:826} INFO - Processing file /home/akhilesh/py39/lib/python3.9/site-packages/airflow/example_dags/plugins/event_listener.py for tasks to queue
[2023-08-13T23:55:43.417+0200] {logging_mixin.py:150} INFO - [2023-08-13T23:55:43.416+0200] {dagbag.py:541} INFO - Filling up the DagBag from /home/akhilesh/py39/lib/python3.9/site-packages/airflow/example_dags/plugins/event_listener.py
[2023-08-13T23:55:43.419+0200] {processor.py:838} WARNING - No viable dags retrieved from /home/akhilesh/py39/lib/python3.9/site-packages/airflow/example_dags/plugins/event_listener.py
[2023-08-13T23:55:43.430+0200] {processor.py:179} INFO - Processing /home/akhilesh/py39/lib/python3.9/site-packages/airflow/example_dags/plugins/event_listener.py took 0.028 seconds
[2023-08-13T23:56:33.719+0200] {processor.py:157} INFO - Started process (PID=438936) to work on /home/akhilesh/py39/lib/python3.9/site-packages/airflow/example_dags/plugins/event_listener.py
[2023-08-13T23:56:33.728+0200] {processor.py:826} INFO - Processing file /home/akhilesh/py39/lib/python3.9/site-packages/airflow/example_dags/plugins/event_listener.py for tasks to queue
[2023-08-13T23:56:33.729+0200] {logging_mixin.py:150} INFO - [2023-08-13T23:56:33.728+0200] {dagbag.py:541} INFO - Filling up the DagBag from /home/akhilesh/py39/lib/python3.9/site-packages/airflow/example_dags/plugins/event_listener.py
[2023-08-13T23:56:33.731+0200] {processor.py:838} WARNING - No viable dags retrieved from /home/akhilesh/py39/lib/python3.9/site-packages/airflow/example_dags/plugins/event_listener.py
[2023-08-13T23:56:33.742+0200] {processor.py:179} INFO - Processing /home/akhilesh/py39/lib/python3.9/site-packages/airflow/example_dags/plugins/event_listener.py took 0.027 seconds
[2023-08-13T23:57:07.715+0200] {processor.py:157} INFO - Started process (PID=439061) to work on /home/akhilesh/py39/lib/python3.9/site-packages/airflow/example_dags/plugins/event_listener.py
[2023-08-13T23:57:07.724+0200] {processor.py:826} INFO - Processing file /home/akhilesh/py39/lib/python3.9/site-packages/airflow/example_dags/plugins/event_listener.py for tasks to queue
[2023-08-13T23:57:07.725+0200] {logging_mixin.py:150} INFO - [2023-08-13T23:57:07.725+0200] {dagbag.py:541} INFO - Filling up the DagBag from /home/akhilesh/py39/lib/python3.9/site-packages/airflow/example_dags/plugins/event_listener.py
[2023-08-13T23:57:07.728+0200] {processor.py:838} WARNING - No viable dags retrieved from /home/akhilesh/py39/lib/python3.9/site-packages/airflow/example_dags/plugins/event_listener.py
[2023-08-13T23:57:07.741+0200] {processor.py:179} INFO - Processing /home/akhilesh/py39/lib/python3.9/site-packages/airflow/example_dags/plugins/event_listener.py took 0.029 seconds
[2023-08-13T23:57:42.376+0200] {processor.py:157} INFO - Started process (PID=439222) to work on /home/akhilesh/py39/lib/python3.9/site-packages/airflow/example_dags/plugins/event_listener.py
[2023-08-13T23:57:42.377+0200] {processor.py:826} INFO - Processing file /home/akhilesh/py39/lib/python3.9/site-packages/airflow/example_dags/plugins/event_listener.py for tasks to queue
[2023-08-13T23:57:42.378+0200] {logging_mixin.py:150} INFO - [2023-08-13T23:57:42.378+0200] {dagbag.py:541} INFO - Filling up the DagBag from /home/akhilesh/py39/lib/python3.9/site-packages/airflow/example_dags/plugins/event_listener.py
[2023-08-13T23:57:42.380+0200] {processor.py:838} WARNING - No viable dags retrieved from /home/akhilesh/py39/lib/python3.9/site-packages/airflow/example_dags/plugins/event_listener.py
[2023-08-13T23:57:42.386+0200] {processor.py:179} INFO - Processing /home/akhilesh/py39/lib/python3.9/site-packages/airflow/example_dags/plugins/event_listener.py took 0.013 seconds
[2023-08-13T23:58:31.218+0200] {processor.py:157} INFO - Started process (PID=439416) to work on /home/akhilesh/py39/lib/python3.9/site-packages/airflow/example_dags/plugins/event_listener.py
[2023-08-13T23:58:31.219+0200] {processor.py:826} INFO - Processing file /home/akhilesh/py39/lib/python3.9/site-packages/airflow/example_dags/plugins/event_listener.py for tasks to queue
[2023-08-13T23:58:31.220+0200] {logging_mixin.py:150} INFO - [2023-08-13T23:58:31.220+0200] {dagbag.py:541} INFO - Filling up the DagBag from /home/akhilesh/py39/lib/python3.9/site-packages/airflow/example_dags/plugins/event_listener.py
[2023-08-13T23:58:31.223+0200] {processor.py:838} WARNING - No viable dags retrieved from /home/akhilesh/py39/lib/python3.9/site-packages/airflow/example_dags/plugins/event_listener.py
[2023-08-13T23:58:31.233+0200] {processor.py:179} INFO - Processing /home/akhilesh/py39/lib/python3.9/site-packages/airflow/example_dags/plugins/event_listener.py took 0.018 seconds
[2023-08-13T23:59:16.635+0200] {processor.py:157} INFO - Started process (PID=439587) to work on /home/akhilesh/py39/lib/python3.9/site-packages/airflow/example_dags/plugins/event_listener.py
[2023-08-13T23:59:16.644+0200] {processor.py:826} INFO - Processing file /home/akhilesh/py39/lib/python3.9/site-packages/airflow/example_dags/plugins/event_listener.py for tasks to queue
[2023-08-13T23:59:16.645+0200] {logging_mixin.py:150} INFO - [2023-08-13T23:59:16.645+0200] {dagbag.py:541} INFO - Filling up the DagBag from /home/akhilesh/py39/lib/python3.9/site-packages/airflow/example_dags/plugins/event_listener.py
[2023-08-13T23:59:16.648+0200] {processor.py:838} WARNING - No viable dags retrieved from /home/akhilesh/py39/lib/python3.9/site-packages/airflow/example_dags/plugins/event_listener.py
[2023-08-13T23:59:16.659+0200] {processor.py:179} INFO - Processing /home/akhilesh/py39/lib/python3.9/site-packages/airflow/example_dags/plugins/event_listener.py took 0.028 seconds
[2023-08-13T23:59:50.604+0200] {processor.py:157} INFO - Started process (PID=440002) to work on /home/akhilesh/py39/lib/python3.9/site-packages/airflow/example_dags/plugins/event_listener.py
[2023-08-13T23:59:50.608+0200] {processor.py:826} INFO - Processing file /home/akhilesh/py39/lib/python3.9/site-packages/airflow/example_dags/plugins/event_listener.py for tasks to queue
[2023-08-13T23:59:50.609+0200] {logging_mixin.py:150} INFO - [2023-08-13T23:59:50.609+0200] {dagbag.py:541} INFO - Filling up the DagBag from /home/akhilesh/py39/lib/python3.9/site-packages/airflow/example_dags/plugins/event_listener.py
[2023-08-13T23:59:50.610+0200] {processor.py:838} WARNING - No viable dags retrieved from /home/akhilesh/py39/lib/python3.9/site-packages/airflow/example_dags/plugins/event_listener.py
[2023-08-13T23:59:50.618+0200] {processor.py:179} INFO - Processing /home/akhilesh/py39/lib/python3.9/site-packages/airflow/example_dags/plugins/event_listener.py took 0.018 seconds
[2023-08-14T00:00:42.376+0200] {processor.py:157} INFO - Started process (PID=440329) to work on /home/akhilesh/py39/lib/python3.9/site-packages/airflow/example_dags/plugins/event_listener.py
[2023-08-14T00:00:42.378+0200] {processor.py:826} INFO - Processing file /home/akhilesh/py39/lib/python3.9/site-packages/airflow/example_dags/plugins/event_listener.py for tasks to queue
[2023-08-14T00:00:42.379+0200] {logging_mixin.py:150} INFO - [2023-08-14T00:00:42.378+0200] {dagbag.py:541} INFO - Filling up the DagBag from /home/akhilesh/py39/lib/python3.9/site-packages/airflow/example_dags/plugins/event_listener.py
[2023-08-14T00:00:42.381+0200] {processor.py:838} WARNING - No viable dags retrieved from /home/akhilesh/py39/lib/python3.9/site-packages/airflow/example_dags/plugins/event_listener.py
[2023-08-14T00:00:42.389+0200] {processor.py:179} INFO - Processing /home/akhilesh/py39/lib/python3.9/site-packages/airflow/example_dags/plugins/event_listener.py took 0.017 seconds
[2023-08-14T00:01:20.205+0200] {processor.py:157} INFO - Started process (PID=440446) to work on /home/akhilesh/py39/lib/python3.9/site-packages/airflow/example_dags/plugins/event_listener.py
[2023-08-14T00:01:20.206+0200] {processor.py:826} INFO - Processing file /home/akhilesh/py39/lib/python3.9/site-packages/airflow/example_dags/plugins/event_listener.py for tasks to queue
[2023-08-14T00:01:20.207+0200] {logging_mixin.py:150} INFO - [2023-08-14T00:01:20.207+0200] {dagbag.py:541} INFO - Filling up the DagBag from /home/akhilesh/py39/lib/python3.9/site-packages/airflow/example_dags/plugins/event_listener.py
[2023-08-14T00:01:20.209+0200] {processor.py:838} WARNING - No viable dags retrieved from /home/akhilesh/py39/lib/python3.9/site-packages/airflow/example_dags/plugins/event_listener.py
[2023-08-14T00:01:20.218+0200] {processor.py:179} INFO - Processing /home/akhilesh/py39/lib/python3.9/site-packages/airflow/example_dags/plugins/event_listener.py took 0.017 seconds
[2023-08-14T00:01:54.414+0200] {processor.py:157} INFO - Started process (PID=440603) to work on /home/akhilesh/py39/lib/python3.9/site-packages/airflow/example_dags/plugins/event_listener.py
[2023-08-14T00:01:54.415+0200] {processor.py:826} INFO - Processing file /home/akhilesh/py39/lib/python3.9/site-packages/airflow/example_dags/plugins/event_listener.py for tasks to queue
[2023-08-14T00:01:54.416+0200] {logging_mixin.py:150} INFO - [2023-08-14T00:01:54.416+0200] {dagbag.py:541} INFO - Filling up the DagBag from /home/akhilesh/py39/lib/python3.9/site-packages/airflow/example_dags/plugins/event_listener.py
[2023-08-14T00:01:54.419+0200] {processor.py:838} WARNING - No viable dags retrieved from /home/akhilesh/py39/lib/python3.9/site-packages/airflow/example_dags/plugins/event_listener.py
[2023-08-14T00:01:54.429+0200] {processor.py:179} INFO - Processing /home/akhilesh/py39/lib/python3.9/site-packages/airflow/example_dags/plugins/event_listener.py took 0.018 seconds
[2023-08-14T00:02:30.677+0200] {processor.py:157} INFO - Started process (PID=440733) to work on /home/akhilesh/py39/lib/python3.9/site-packages/airflow/example_dags/plugins/event_listener.py
[2023-08-14T00:02:30.678+0200] {processor.py:826} INFO - Processing file /home/akhilesh/py39/lib/python3.9/site-packages/airflow/example_dags/plugins/event_listener.py for tasks to queue
[2023-08-14T00:02:30.679+0200] {logging_mixin.py:150} INFO - [2023-08-14T00:02:30.679+0200] {dagbag.py:541} INFO - Filling up the DagBag from /home/akhilesh/py39/lib/python3.9/site-packages/airflow/example_dags/plugins/event_listener.py
[2023-08-14T00:02:30.680+0200] {processor.py:838} WARNING - No viable dags retrieved from /home/akhilesh/py39/lib/python3.9/site-packages/airflow/example_dags/plugins/event_listener.py
[2023-08-14T00:02:30.686+0200] {processor.py:179} INFO - Processing /home/akhilesh/py39/lib/python3.9/site-packages/airflow/example_dags/plugins/event_listener.py took 0.013 seconds
[2023-08-14T00:03:19.676+0200] {processor.py:157} INFO - Started process (PID=440846) to work on /home/akhilesh/py39/lib/python3.9/site-packages/airflow/example_dags/plugins/event_listener.py
[2023-08-14T00:03:19.678+0200] {processor.py:826} INFO - Processing file /home/akhilesh/py39/lib/python3.9/site-packages/airflow/example_dags/plugins/event_listener.py for tasks to queue
[2023-08-14T00:03:19.679+0200] {logging_mixin.py:150} INFO - [2023-08-14T00:03:19.679+0200] {dagbag.py:541} INFO - Filling up the DagBag from /home/akhilesh/py39/lib/python3.9/site-packages/airflow/example_dags/plugins/event_listener.py
[2023-08-14T00:03:19.681+0200] {processor.py:838} WARNING - No viable dags retrieved from /home/akhilesh/py39/lib/python3.9/site-packages/airflow/example_dags/plugins/event_listener.py
[2023-08-14T00:03:19.695+0200] {processor.py:179} INFO - Processing /home/akhilesh/py39/lib/python3.9/site-packages/airflow/example_dags/plugins/event_listener.py took 0.023 seconds
[2023-08-14T00:03:54.653+0200] {processor.py:157} INFO - Started process (PID=440966) to work on /home/akhilesh/py39/lib/python3.9/site-packages/airflow/example_dags/plugins/event_listener.py
[2023-08-14T00:03:54.654+0200] {processor.py:826} INFO - Processing file /home/akhilesh/py39/lib/python3.9/site-packages/airflow/example_dags/plugins/event_listener.py for tasks to queue
[2023-08-14T00:03:54.655+0200] {logging_mixin.py:150} INFO - [2023-08-14T00:03:54.655+0200] {dagbag.py:541} INFO - Filling up the DagBag from /home/akhilesh/py39/lib/python3.9/site-packages/airflow/example_dags/plugins/event_listener.py
[2023-08-14T00:03:54.657+0200] {processor.py:838} WARNING - No viable dags retrieved from /home/akhilesh/py39/lib/python3.9/site-packages/airflow/example_dags/plugins/event_listener.py
[2023-08-14T00:03:54.668+0200] {processor.py:179} INFO - Processing /home/akhilesh/py39/lib/python3.9/site-packages/airflow/example_dags/plugins/event_listener.py took 0.019 seconds
[2023-08-14T00:04:44.089+0200] {processor.py:157} INFO - Started process (PID=441150) to work on /home/akhilesh/py39/lib/python3.9/site-packages/airflow/example_dags/plugins/event_listener.py
[2023-08-14T00:04:44.098+0200] {processor.py:826} INFO - Processing file /home/akhilesh/py39/lib/python3.9/site-packages/airflow/example_dags/plugins/event_listener.py for tasks to queue
[2023-08-14T00:04:44.099+0200] {logging_mixin.py:150} INFO - [2023-08-14T00:04:44.099+0200] {dagbag.py:541} INFO - Filling up the DagBag from /home/akhilesh/py39/lib/python3.9/site-packages/airflow/example_dags/plugins/event_listener.py
[2023-08-14T00:04:44.102+0200] {processor.py:838} WARNING - No viable dags retrieved from /home/akhilesh/py39/lib/python3.9/site-packages/airflow/example_dags/plugins/event_listener.py
[2023-08-14T00:04:44.112+0200] {processor.py:179} INFO - Processing /home/akhilesh/py39/lib/python3.9/site-packages/airflow/example_dags/plugins/event_listener.py took 0.026 seconds
[2023-08-14T00:05:33.635+0200] {processor.py:157} INFO - Started process (PID=441284) to work on /home/akhilesh/py39/lib/python3.9/site-packages/airflow/example_dags/plugins/event_listener.py
[2023-08-14T00:05:33.636+0200] {processor.py:826} INFO - Processing file /home/akhilesh/py39/lib/python3.9/site-packages/airflow/example_dags/plugins/event_listener.py for tasks to queue
[2023-08-14T00:05:33.637+0200] {logging_mixin.py:150} INFO - [2023-08-14T00:05:33.637+0200] {dagbag.py:541} INFO - Filling up the DagBag from /home/akhilesh/py39/lib/python3.9/site-packages/airflow/example_dags/plugins/event_listener.py
[2023-08-14T00:05:33.641+0200] {processor.py:838} WARNING - No viable dags retrieved from /home/akhilesh/py39/lib/python3.9/site-packages/airflow/example_dags/plugins/event_listener.py
[2023-08-14T00:05:33.653+0200] {processor.py:179} INFO - Processing /home/akhilesh/py39/lib/python3.9/site-packages/airflow/example_dags/plugins/event_listener.py took 0.022 seconds
[2023-08-14T00:06:21.449+0200] {processor.py:157} INFO - Started process (PID=441436) to work on /home/akhilesh/py39/lib/python3.9/site-packages/airflow/example_dags/plugins/event_listener.py
[2023-08-14T00:06:21.450+0200] {processor.py:826} INFO - Processing file /home/akhilesh/py39/lib/python3.9/site-packages/airflow/example_dags/plugins/event_listener.py for tasks to queue
[2023-08-14T00:06:21.451+0200] {logging_mixin.py:150} INFO - [2023-08-14T00:06:21.451+0200] {dagbag.py:541} INFO - Filling up the DagBag from /home/akhilesh/py39/lib/python3.9/site-packages/airflow/example_dags/plugins/event_listener.py
[2023-08-14T00:06:21.453+0200] {processor.py:838} WARNING - No viable dags retrieved from /home/akhilesh/py39/lib/python3.9/site-packages/airflow/example_dags/plugins/event_listener.py
[2023-08-14T00:06:21.460+0200] {processor.py:179} INFO - Processing /home/akhilesh/py39/lib/python3.9/site-packages/airflow/example_dags/plugins/event_listener.py took 0.015 seconds
[2023-08-14T00:06:55.817+0200] {processor.py:157} INFO - Started process (PID=441520) to work on /home/akhilesh/py39/lib/python3.9/site-packages/airflow/example_dags/plugins/event_listener.py
[2023-08-14T00:06:55.826+0200] {processor.py:826} INFO - Processing file /home/akhilesh/py39/lib/python3.9/site-packages/airflow/example_dags/plugins/event_listener.py for tasks to queue
[2023-08-14T00:06:55.827+0200] {logging_mixin.py:150} INFO - [2023-08-14T00:06:55.827+0200] {dagbag.py:541} INFO - Filling up the DagBag from /home/akhilesh/py39/lib/python3.9/site-packages/airflow/example_dags/plugins/event_listener.py
[2023-08-14T00:06:55.829+0200] {processor.py:838} WARNING - No viable dags retrieved from /home/akhilesh/py39/lib/python3.9/site-packages/airflow/example_dags/plugins/event_listener.py
[2023-08-14T00:06:55.841+0200] {processor.py:179} INFO - Processing /home/akhilesh/py39/lib/python3.9/site-packages/airflow/example_dags/plugins/event_listener.py took 0.027 seconds
[2023-08-14T00:07:33.386+0200] {processor.py:157} INFO - Started process (PID=441613) to work on /home/akhilesh/py39/lib/python3.9/site-packages/airflow/example_dags/plugins/event_listener.py
[2023-08-14T00:07:33.395+0200] {processor.py:826} INFO - Processing file /home/akhilesh/py39/lib/python3.9/site-packages/airflow/example_dags/plugins/event_listener.py for tasks to queue
[2023-08-14T00:07:33.396+0200] {logging_mixin.py:150} INFO - [2023-08-14T00:07:33.396+0200] {dagbag.py:541} INFO - Filling up the DagBag from /home/akhilesh/py39/lib/python3.9/site-packages/airflow/example_dags/plugins/event_listener.py
[2023-08-14T00:07:33.399+0200] {processor.py:838} WARNING - No viable dags retrieved from /home/akhilesh/py39/lib/python3.9/site-packages/airflow/example_dags/plugins/event_listener.py
[2023-08-14T00:07:33.410+0200] {processor.py:179} INFO - Processing /home/akhilesh/py39/lib/python3.9/site-packages/airflow/example_dags/plugins/event_listener.py took 0.027 seconds
[2023-08-14T00:08:06.065+0200] {processor.py:157} INFO - Started process (PID=441775) to work on /home/akhilesh/py39/lib/python3.9/site-packages/airflow/example_dags/plugins/event_listener.py
[2023-08-14T00:08:06.074+0200] {processor.py:826} INFO - Processing file /home/akhilesh/py39/lib/python3.9/site-packages/airflow/example_dags/plugins/event_listener.py for tasks to queue
[2023-08-14T00:08:06.075+0200] {logging_mixin.py:150} INFO - [2023-08-14T00:08:06.075+0200] {dagbag.py:541} INFO - Filling up the DagBag from /home/akhilesh/py39/lib/python3.9/site-packages/airflow/example_dags/plugins/event_listener.py
[2023-08-14T00:08:06.078+0200] {processor.py:838} WARNING - No viable dags retrieved from /home/akhilesh/py39/lib/python3.9/site-packages/airflow/example_dags/plugins/event_listener.py
[2023-08-14T00:08:06.090+0200] {processor.py:179} INFO - Processing /home/akhilesh/py39/lib/python3.9/site-packages/airflow/example_dags/plugins/event_listener.py took 0.029 seconds
[2023-08-14T00:08:55.502+0200] {processor.py:157} INFO - Started process (PID=441904) to work on /home/akhilesh/py39/lib/python3.9/site-packages/airflow/example_dags/plugins/event_listener.py
[2023-08-14T00:08:55.511+0200] {processor.py:826} INFO - Processing file /home/akhilesh/py39/lib/python3.9/site-packages/airflow/example_dags/plugins/event_listener.py for tasks to queue
[2023-08-14T00:08:55.511+0200] {logging_mixin.py:150} INFO - [2023-08-14T00:08:55.511+0200] {dagbag.py:541} INFO - Filling up the DagBag from /home/akhilesh/py39/lib/python3.9/site-packages/airflow/example_dags/plugins/event_listener.py
[2023-08-14T00:08:55.514+0200] {processor.py:838} WARNING - No viable dags retrieved from /home/akhilesh/py39/lib/python3.9/site-packages/airflow/example_dags/plugins/event_listener.py
[2023-08-14T00:08:55.527+0200] {processor.py:179} INFO - Processing /home/akhilesh/py39/lib/python3.9/site-packages/airflow/example_dags/plugins/event_listener.py took 0.030 seconds
[2023-08-14T00:09:45.810+0200] {processor.py:157} INFO - Started process (PID=442092) to work on /home/akhilesh/py39/lib/python3.9/site-packages/airflow/example_dags/plugins/event_listener.py
[2023-08-14T00:09:45.819+0200] {processor.py:826} INFO - Processing file /home/akhilesh/py39/lib/python3.9/site-packages/airflow/example_dags/plugins/event_listener.py for tasks to queue
[2023-08-14T00:09:45.820+0200] {logging_mixin.py:150} INFO - [2023-08-14T00:09:45.820+0200] {dagbag.py:541} INFO - Filling up the DagBag from /home/akhilesh/py39/lib/python3.9/site-packages/airflow/example_dags/plugins/event_listener.py
[2023-08-14T00:09:45.823+0200] {processor.py:838} WARNING - No viable dags retrieved from /home/akhilesh/py39/lib/python3.9/site-packages/airflow/example_dags/plugins/event_listener.py
[2023-08-14T00:09:45.834+0200] {processor.py:179} INFO - Processing /home/akhilesh/py39/lib/python3.9/site-packages/airflow/example_dags/plugins/event_listener.py took 0.028 seconds
[2023-08-14T00:10:19.063+0200] {processor.py:157} INFO - Started process (PID=442203) to work on /home/akhilesh/py39/lib/python3.9/site-packages/airflow/example_dags/plugins/event_listener.py
[2023-08-14T00:10:19.072+0200] {processor.py:826} INFO - Processing file /home/akhilesh/py39/lib/python3.9/site-packages/airflow/example_dags/plugins/event_listener.py for tasks to queue
[2023-08-14T00:10:19.073+0200] {logging_mixin.py:150} INFO - [2023-08-14T00:10:19.072+0200] {dagbag.py:541} INFO - Filling up the DagBag from /home/akhilesh/py39/lib/python3.9/site-packages/airflow/example_dags/plugins/event_listener.py
[2023-08-14T00:10:19.075+0200] {processor.py:838} WARNING - No viable dags retrieved from /home/akhilesh/py39/lib/python3.9/site-packages/airflow/example_dags/plugins/event_listener.py
[2023-08-14T00:10:19.087+0200] {processor.py:179} INFO - Processing /home/akhilesh/py39/lib/python3.9/site-packages/airflow/example_dags/plugins/event_listener.py took 0.028 seconds
[2023-08-14T00:11:06.589+0200] {processor.py:157} INFO - Started process (PID=442319) to work on /home/akhilesh/py39/lib/python3.9/site-packages/airflow/example_dags/plugins/event_listener.py
[2023-08-14T00:11:06.591+0200] {processor.py:826} INFO - Processing file /home/akhilesh/py39/lib/python3.9/site-packages/airflow/example_dags/plugins/event_listener.py for tasks to queue
[2023-08-14T00:11:06.591+0200] {logging_mixin.py:150} INFO - [2023-08-14T00:11:06.591+0200] {dagbag.py:541} INFO - Filling up the DagBag from /home/akhilesh/py39/lib/python3.9/site-packages/airflow/example_dags/plugins/event_listener.py
[2023-08-14T00:11:06.593+0200] {processor.py:838} WARNING - No viable dags retrieved from /home/akhilesh/py39/lib/python3.9/site-packages/airflow/example_dags/plugins/event_listener.py
[2023-08-14T00:11:06.599+0200] {processor.py:179} INFO - Processing /home/akhilesh/py39/lib/python3.9/site-packages/airflow/example_dags/plugins/event_listener.py took 0.013 seconds
[2023-08-14T00:11:43.775+0200] {processor.py:157} INFO - Started process (PID=442509) to work on /home/akhilesh/py39/lib/python3.9/site-packages/airflow/example_dags/plugins/event_listener.py
[2023-08-14T00:11:43.784+0200] {processor.py:826} INFO - Processing file /home/akhilesh/py39/lib/python3.9/site-packages/airflow/example_dags/plugins/event_listener.py for tasks to queue
[2023-08-14T00:11:43.786+0200] {logging_mixin.py:150} INFO - [2023-08-14T00:11:43.785+0200] {dagbag.py:541} INFO - Filling up the DagBag from /home/akhilesh/py39/lib/python3.9/site-packages/airflow/example_dags/plugins/event_listener.py
[2023-08-14T00:11:43.788+0200] {processor.py:838} WARNING - No viable dags retrieved from /home/akhilesh/py39/lib/python3.9/site-packages/airflow/example_dags/plugins/event_listener.py
[2023-08-14T00:11:43.799+0200] {processor.py:179} INFO - Processing /home/akhilesh/py39/lib/python3.9/site-packages/airflow/example_dags/plugins/event_listener.py took 0.027 seconds
[2023-08-14T00:12:35.085+0200] {processor.py:157} INFO - Started process (PID=442710) to work on /home/akhilesh/py39/lib/python3.9/site-packages/airflow/example_dags/plugins/event_listener.py
[2023-08-14T00:12:35.093+0200] {processor.py:826} INFO - Processing file /home/akhilesh/py39/lib/python3.9/site-packages/airflow/example_dags/plugins/event_listener.py for tasks to queue
[2023-08-14T00:12:35.095+0200] {logging_mixin.py:150} INFO - [2023-08-14T00:12:35.094+0200] {dagbag.py:541} INFO - Filling up the DagBag from /home/akhilesh/py39/lib/python3.9/site-packages/airflow/example_dags/plugins/event_listener.py
[2023-08-14T00:12:35.097+0200] {processor.py:838} WARNING - No viable dags retrieved from /home/akhilesh/py39/lib/python3.9/site-packages/airflow/example_dags/plugins/event_listener.py
[2023-08-14T00:12:35.108+0200] {processor.py:179} INFO - Processing /home/akhilesh/py39/lib/python3.9/site-packages/airflow/example_dags/plugins/event_listener.py took 0.025 seconds
[2023-08-14T00:13:12.481+0200] {processor.py:157} INFO - Started process (PID=442896) to work on /home/akhilesh/py39/lib/python3.9/site-packages/airflow/example_dags/plugins/event_listener.py
[2023-08-14T00:13:12.489+0200] {processor.py:826} INFO - Processing file /home/akhilesh/py39/lib/python3.9/site-packages/airflow/example_dags/plugins/event_listener.py for tasks to queue
[2023-08-14T00:13:12.491+0200] {logging_mixin.py:150} INFO - [2023-08-14T00:13:12.490+0200] {dagbag.py:541} INFO - Filling up the DagBag from /home/akhilesh/py39/lib/python3.9/site-packages/airflow/example_dags/plugins/event_listener.py
[2023-08-14T00:13:12.494+0200] {processor.py:838} WARNING - No viable dags retrieved from /home/akhilesh/py39/lib/python3.9/site-packages/airflow/example_dags/plugins/event_listener.py
[2023-08-14T00:13:12.507+0200] {processor.py:179} INFO - Processing /home/akhilesh/py39/lib/python3.9/site-packages/airflow/example_dags/plugins/event_listener.py took 0.031 seconds
[2023-08-14T00:13:49.689+0200] {processor.py:157} INFO - Started process (PID=443057) to work on /home/akhilesh/py39/lib/python3.9/site-packages/airflow/example_dags/plugins/event_listener.py
[2023-08-14T00:13:49.695+0200] {processor.py:826} INFO - Processing file /home/akhilesh/py39/lib/python3.9/site-packages/airflow/example_dags/plugins/event_listener.py for tasks to queue
[2023-08-14T00:13:49.695+0200] {logging_mixin.py:150} INFO - [2023-08-14T00:13:49.695+0200] {dagbag.py:541} INFO - Filling up the DagBag from /home/akhilesh/py39/lib/python3.9/site-packages/airflow/example_dags/plugins/event_listener.py
[2023-08-14T00:13:49.697+0200] {processor.py:838} WARNING - No viable dags retrieved from /home/akhilesh/py39/lib/python3.9/site-packages/airflow/example_dags/plugins/event_listener.py
[2023-08-14T00:13:49.708+0200] {processor.py:179} INFO - Processing /home/akhilesh/py39/lib/python3.9/site-packages/airflow/example_dags/plugins/event_listener.py took 0.023 seconds
[2023-08-14T00:14:37.449+0200] {processor.py:157} INFO - Started process (PID=443433) to work on /home/akhilesh/py39/lib/python3.9/site-packages/airflow/example_dags/plugins/event_listener.py
[2023-08-14T00:14:37.450+0200] {processor.py:826} INFO - Processing file /home/akhilesh/py39/lib/python3.9/site-packages/airflow/example_dags/plugins/event_listener.py for tasks to queue
[2023-08-14T00:14:37.451+0200] {logging_mixin.py:150} INFO - [2023-08-14T00:14:37.451+0200] {dagbag.py:541} INFO - Filling up the DagBag from /home/akhilesh/py39/lib/python3.9/site-packages/airflow/example_dags/plugins/event_listener.py
[2023-08-14T00:14:37.453+0200] {processor.py:838} WARNING - No viable dags retrieved from /home/akhilesh/py39/lib/python3.9/site-packages/airflow/example_dags/plugins/event_listener.py
[2023-08-14T00:14:37.462+0200] {processor.py:179} INFO - Processing /home/akhilesh/py39/lib/python3.9/site-packages/airflow/example_dags/plugins/event_listener.py took 0.017 seconds
[2023-08-14T00:15:12.145+0200] {processor.py:157} INFO - Started process (PID=443823) to work on /home/akhilesh/py39/lib/python3.9/site-packages/airflow/example_dags/plugins/event_listener.py
[2023-08-14T00:15:12.154+0200] {processor.py:826} INFO - Processing file /home/akhilesh/py39/lib/python3.9/site-packages/airflow/example_dags/plugins/event_listener.py for tasks to queue
[2023-08-14T00:15:12.155+0200] {logging_mixin.py:150} INFO - [2023-08-14T00:15:12.154+0200] {dagbag.py:541} INFO - Filling up the DagBag from /home/akhilesh/py39/lib/python3.9/site-packages/airflow/example_dags/plugins/event_listener.py
[2023-08-14T00:15:12.156+0200] {processor.py:838} WARNING - No viable dags retrieved from /home/akhilesh/py39/lib/python3.9/site-packages/airflow/example_dags/plugins/event_listener.py
[2023-08-14T00:15:12.167+0200] {processor.py:179} INFO - Processing /home/akhilesh/py39/lib/python3.9/site-packages/airflow/example_dags/plugins/event_listener.py took 0.025 seconds
[2023-08-14T00:15:59.620+0200] {processor.py:157} INFO - Started process (PID=443987) to work on /home/akhilesh/py39/lib/python3.9/site-packages/airflow/example_dags/plugins/event_listener.py
[2023-08-14T00:15:59.621+0200] {processor.py:826} INFO - Processing file /home/akhilesh/py39/lib/python3.9/site-packages/airflow/example_dags/plugins/event_listener.py for tasks to queue
[2023-08-14T00:15:59.622+0200] {logging_mixin.py:150} INFO - [2023-08-14T00:15:59.621+0200] {dagbag.py:541} INFO - Filling up the DagBag from /home/akhilesh/py39/lib/python3.9/site-packages/airflow/example_dags/plugins/event_listener.py
[2023-08-14T00:15:59.624+0200] {processor.py:838} WARNING - No viable dags retrieved from /home/akhilesh/py39/lib/python3.9/site-packages/airflow/example_dags/plugins/event_listener.py
[2023-08-14T00:15:59.634+0200] {processor.py:179} INFO - Processing /home/akhilesh/py39/lib/python3.9/site-packages/airflow/example_dags/plugins/event_listener.py took 0.018 seconds
[2023-08-14T00:16:49.006+0200] {processor.py:157} INFO - Started process (PID=444430) to work on /home/akhilesh/py39/lib/python3.9/site-packages/airflow/example_dags/plugins/event_listener.py
[2023-08-14T00:16:49.015+0200] {processor.py:826} INFO - Processing file /home/akhilesh/py39/lib/python3.9/site-packages/airflow/example_dags/plugins/event_listener.py for tasks to queue
[2023-08-14T00:16:49.016+0200] {logging_mixin.py:150} INFO - [2023-08-14T00:16:49.016+0200] {dagbag.py:541} INFO - Filling up the DagBag from /home/akhilesh/py39/lib/python3.9/site-packages/airflow/example_dags/plugins/event_listener.py
[2023-08-14T00:16:49.019+0200] {processor.py:838} WARNING - No viable dags retrieved from /home/akhilesh/py39/lib/python3.9/site-packages/airflow/example_dags/plugins/event_listener.py
[2023-08-14T00:16:49.029+0200] {processor.py:179} INFO - Processing /home/akhilesh/py39/lib/python3.9/site-packages/airflow/example_dags/plugins/event_listener.py took 0.027 seconds
[2023-08-14T00:17:39.285+0200] {processor.py:157} INFO - Started process (PID=444582) to work on /home/akhilesh/py39/lib/python3.9/site-packages/airflow/example_dags/plugins/event_listener.py
[2023-08-14T00:17:39.294+0200] {processor.py:826} INFO - Processing file /home/akhilesh/py39/lib/python3.9/site-packages/airflow/example_dags/plugins/event_listener.py for tasks to queue
[2023-08-14T00:17:39.295+0200] {logging_mixin.py:150} INFO - [2023-08-14T00:17:39.294+0200] {dagbag.py:541} INFO - Filling up the DagBag from /home/akhilesh/py39/lib/python3.9/site-packages/airflow/example_dags/plugins/event_listener.py
[2023-08-14T00:17:39.298+0200] {processor.py:838} WARNING - No viable dags retrieved from /home/akhilesh/py39/lib/python3.9/site-packages/airflow/example_dags/plugins/event_listener.py
[2023-08-14T00:17:39.310+0200] {processor.py:179} INFO - Processing /home/akhilesh/py39/lib/python3.9/site-packages/airflow/example_dags/plugins/event_listener.py took 0.028 seconds
[2023-08-14T00:18:28.608+0200] {processor.py:157} INFO - Started process (PID=444705) to work on /home/akhilesh/py39/lib/python3.9/site-packages/airflow/example_dags/plugins/event_listener.py
[2023-08-14T00:18:28.609+0200] {processor.py:826} INFO - Processing file /home/akhilesh/py39/lib/python3.9/site-packages/airflow/example_dags/plugins/event_listener.py for tasks to queue
[2023-08-14T00:18:28.610+0200] {logging_mixin.py:150} INFO - [2023-08-14T00:18:28.610+0200] {dagbag.py:541} INFO - Filling up the DagBag from /home/akhilesh/py39/lib/python3.9/site-packages/airflow/example_dags/plugins/event_listener.py
[2023-08-14T00:18:28.613+0200] {processor.py:838} WARNING - No viable dags retrieved from /home/akhilesh/py39/lib/python3.9/site-packages/airflow/example_dags/plugins/event_listener.py
[2023-08-14T00:18:28.622+0200] {processor.py:179} INFO - Processing /home/akhilesh/py39/lib/python3.9/site-packages/airflow/example_dags/plugins/event_listener.py took 0.016 seconds
[2023-08-14T00:19:03.431+0200] {processor.py:157} INFO - Started process (PID=444814) to work on /home/akhilesh/py39/lib/python3.9/site-packages/airflow/example_dags/plugins/event_listener.py
[2023-08-14T00:19:03.440+0200] {processor.py:826} INFO - Processing file /home/akhilesh/py39/lib/python3.9/site-packages/airflow/example_dags/plugins/event_listener.py for tasks to queue
[2023-08-14T00:19:03.441+0200] {logging_mixin.py:150} INFO - [2023-08-14T00:19:03.441+0200] {dagbag.py:541} INFO - Filling up the DagBag from /home/akhilesh/py39/lib/python3.9/site-packages/airflow/example_dags/plugins/event_listener.py
[2023-08-14T00:19:03.443+0200] {processor.py:838} WARNING - No viable dags retrieved from /home/akhilesh/py39/lib/python3.9/site-packages/airflow/example_dags/plugins/event_listener.py
[2023-08-14T00:19:03.453+0200] {processor.py:179} INFO - Processing /home/akhilesh/py39/lib/python3.9/site-packages/airflow/example_dags/plugins/event_listener.py took 0.028 seconds
[2023-08-14T00:44:47.496+0200] {processor.py:157} INFO - Started process (PID=449875) to work on /home/akhilesh/py39/lib/python3.9/site-packages/airflow/example_dags/plugins/event_listener.py
[2023-08-14T00:44:47.505+0200] {processor.py:826} INFO - Processing file /home/akhilesh/py39/lib/python3.9/site-packages/airflow/example_dags/plugins/event_listener.py for tasks to queue
[2023-08-14T00:44:47.506+0200] {logging_mixin.py:150} INFO - [2023-08-14T00:44:47.506+0200] {dagbag.py:541} INFO - Filling up the DagBag from /home/akhilesh/py39/lib/python3.9/site-packages/airflow/example_dags/plugins/event_listener.py
[2023-08-14T00:44:47.509+0200] {processor.py:838} WARNING - No viable dags retrieved from /home/akhilesh/py39/lib/python3.9/site-packages/airflow/example_dags/plugins/event_listener.py
[2023-08-14T00:44:47.518+0200] {processor.py:179} INFO - Processing /home/akhilesh/py39/lib/python3.9/site-packages/airflow/example_dags/plugins/event_listener.py took 0.026 seconds
[2023-08-14T00:45:24.180+0200] {processor.py:157} INFO - Started process (PID=450255) to work on /home/akhilesh/py39/lib/python3.9/site-packages/airflow/example_dags/plugins/event_listener.py
[2023-08-14T00:45:24.182+0200] {processor.py:826} INFO - Processing file /home/akhilesh/py39/lib/python3.9/site-packages/airflow/example_dags/plugins/event_listener.py for tasks to queue
[2023-08-14T00:45:24.183+0200] {logging_mixin.py:150} INFO - [2023-08-14T00:45:24.182+0200] {dagbag.py:541} INFO - Filling up the DagBag from /home/akhilesh/py39/lib/python3.9/site-packages/airflow/example_dags/plugins/event_listener.py
[2023-08-14T00:45:24.185+0200] {processor.py:838} WARNING - No viable dags retrieved from /home/akhilesh/py39/lib/python3.9/site-packages/airflow/example_dags/plugins/event_listener.py
[2023-08-14T00:45:24.194+0200] {processor.py:179} INFO - Processing /home/akhilesh/py39/lib/python3.9/site-packages/airflow/example_dags/plugins/event_listener.py took 0.017 seconds
[2023-08-14T00:45:59.449+0200] {processor.py:157} INFO - Started process (PID=450412) to work on /home/akhilesh/py39/lib/python3.9/site-packages/airflow/example_dags/plugins/event_listener.py
[2023-08-14T00:45:59.458+0200] {processor.py:826} INFO - Processing file /home/akhilesh/py39/lib/python3.9/site-packages/airflow/example_dags/plugins/event_listener.py for tasks to queue
[2023-08-14T00:45:59.459+0200] {logging_mixin.py:150} INFO - [2023-08-14T00:45:59.458+0200] {dagbag.py:541} INFO - Filling up the DagBag from /home/akhilesh/py39/lib/python3.9/site-packages/airflow/example_dags/plugins/event_listener.py
[2023-08-14T00:45:59.461+0200] {processor.py:838} WARNING - No viable dags retrieved from /home/akhilesh/py39/lib/python3.9/site-packages/airflow/example_dags/plugins/event_listener.py
[2023-08-14T00:45:59.473+0200] {processor.py:179} INFO - Processing /home/akhilesh/py39/lib/python3.9/site-packages/airflow/example_dags/plugins/event_listener.py took 0.028 seconds
[2023-08-14T00:46:37.470+0200] {processor.py:157} INFO - Started process (PID=450723) to work on /home/akhilesh/py39/lib/python3.9/site-packages/airflow/example_dags/plugins/event_listener.py
[2023-08-14T00:46:37.479+0200] {processor.py:826} INFO - Processing file /home/akhilesh/py39/lib/python3.9/site-packages/airflow/example_dags/plugins/event_listener.py for tasks to queue
[2023-08-14T00:46:37.480+0200] {logging_mixin.py:150} INFO - [2023-08-14T00:46:37.480+0200] {dagbag.py:541} INFO - Filling up the DagBag from /home/akhilesh/py39/lib/python3.9/site-packages/airflow/example_dags/plugins/event_listener.py
[2023-08-14T00:46:37.483+0200] {processor.py:838} WARNING - No viable dags retrieved from /home/akhilesh/py39/lib/python3.9/site-packages/airflow/example_dags/plugins/event_listener.py
[2023-08-14T00:46:37.493+0200] {processor.py:179} INFO - Processing /home/akhilesh/py39/lib/python3.9/site-packages/airflow/example_dags/plugins/event_listener.py took 0.027 seconds
[2023-08-14T00:47:27.974+0200] {processor.py:157} INFO - Started process (PID=450864) to work on /home/akhilesh/py39/lib/python3.9/site-packages/airflow/example_dags/plugins/event_listener.py
[2023-08-14T00:47:27.976+0200] {processor.py:826} INFO - Processing file /home/akhilesh/py39/lib/python3.9/site-packages/airflow/example_dags/plugins/event_listener.py for tasks to queue
[2023-08-14T00:47:27.977+0200] {logging_mixin.py:150} INFO - [2023-08-14T00:47:27.977+0200] {dagbag.py:541} INFO - Filling up the DagBag from /home/akhilesh/py39/lib/python3.9/site-packages/airflow/example_dags/plugins/event_listener.py
[2023-08-14T00:47:27.980+0200] {processor.py:838} WARNING - No viable dags retrieved from /home/akhilesh/py39/lib/python3.9/site-packages/airflow/example_dags/plugins/event_listener.py
[2023-08-14T00:47:27.992+0200] {processor.py:179} INFO - Processing /home/akhilesh/py39/lib/python3.9/site-packages/airflow/example_dags/plugins/event_listener.py took 0.022 seconds
[2023-08-14T00:48:03.898+0200] {processor.py:157} INFO - Started process (PID=450938) to work on /home/akhilesh/py39/lib/python3.9/site-packages/airflow/example_dags/plugins/event_listener.py
[2023-08-14T00:48:03.907+0200] {processor.py:826} INFO - Processing file /home/akhilesh/py39/lib/python3.9/site-packages/airflow/example_dags/plugins/event_listener.py for tasks to queue
[2023-08-14T00:48:03.909+0200] {logging_mixin.py:150} INFO - [2023-08-14T00:48:03.908+0200] {dagbag.py:541} INFO - Filling up the DagBag from /home/akhilesh/py39/lib/python3.9/site-packages/airflow/example_dags/plugins/event_listener.py
[2023-08-14T00:48:03.912+0200] {processor.py:838} WARNING - No viable dags retrieved from /home/akhilesh/py39/lib/python3.9/site-packages/airflow/example_dags/plugins/event_listener.py
[2023-08-14T00:48:03.921+0200] {processor.py:179} INFO - Processing /home/akhilesh/py39/lib/python3.9/site-packages/airflow/example_dags/plugins/event_listener.py took 0.026 seconds
[2023-08-14T00:48:39.320+0200] {processor.py:157} INFO - Started process (PID=451023) to work on /home/akhilesh/py39/lib/python3.9/site-packages/airflow/example_dags/plugins/event_listener.py
[2023-08-14T00:48:39.329+0200] {processor.py:826} INFO - Processing file /home/akhilesh/py39/lib/python3.9/site-packages/airflow/example_dags/plugins/event_listener.py for tasks to queue
[2023-08-14T00:48:39.330+0200] {logging_mixin.py:150} INFO - [2023-08-14T00:48:39.329+0200] {dagbag.py:541} INFO - Filling up the DagBag from /home/akhilesh/py39/lib/python3.9/site-packages/airflow/example_dags/plugins/event_listener.py
[2023-08-14T00:48:39.333+0200] {processor.py:838} WARNING - No viable dags retrieved from /home/akhilesh/py39/lib/python3.9/site-packages/airflow/example_dags/plugins/event_listener.py
[2023-08-14T00:48:39.342+0200] {processor.py:179} INFO - Processing /home/akhilesh/py39/lib/python3.9/site-packages/airflow/example_dags/plugins/event_listener.py took 0.026 seconds
