[2023-08-13T23:08:04.300+0200] {processor.py:157} INFO - Started process (PID=427290) to work on /home/akhilesh/py39/lib/python3.9/site-packages/airflow/example_dags/plugins/workday.py
[2023-08-13T23:08:04.301+0200] {processor.py:826} INFO - Processing file /home/akhilesh/py39/lib/python3.9/site-packages/airflow/example_dags/plugins/workday.py for tasks to queue
[2023-08-13T23:08:04.302+0200] {logging_mixin.py:150} INFO - [2023-08-13T23:08:04.301+0200] {dagbag.py:541} INFO - Filling up the DagBag from /home/akhilesh/py39/lib/python3.9/site-packages/airflow/example_dags/plugins/workday.py
[2023-08-13T23:08:04.536+0200] {processor.py:838} WARNING - No viable dags retrieved from /home/akhilesh/py39/lib/python3.9/site-packages/airflow/example_dags/plugins/workday.py
[2023-08-13T23:08:04.541+0200] {processor.py:179} INFO - Processing /home/akhilesh/py39/lib/python3.9/site-packages/airflow/example_dags/plugins/workday.py took 0.244 seconds
[2023-08-13T23:08:55.145+0200] {processor.py:157} INFO - Started process (PID=427524) to work on /home/akhilesh/py39/lib/python3.9/site-packages/airflow/example_dags/plugins/workday.py
[2023-08-13T23:08:55.154+0200] {processor.py:826} INFO - Processing file /home/akhilesh/py39/lib/python3.9/site-packages/airflow/example_dags/plugins/workday.py for tasks to queue
[2023-08-13T23:08:55.155+0200] {logging_mixin.py:150} INFO - [2023-08-13T23:08:55.154+0200] {dagbag.py:541} INFO - Filling up the DagBag from /home/akhilesh/py39/lib/python3.9/site-packages/airflow/example_dags/plugins/workday.py
[2023-08-13T23:08:55.388+0200] {processor.py:838} WARNING - No viable dags retrieved from /home/akhilesh/py39/lib/python3.9/site-packages/airflow/example_dags/plugins/workday.py
[2023-08-13T23:08:55.395+0200] {processor.py:179} INFO - Processing /home/akhilesh/py39/lib/python3.9/site-packages/airflow/example_dags/plugins/workday.py took 0.254 seconds
[2023-08-13T23:09:42.540+0200] {processor.py:157} INFO - Started process (PID=427639) to work on /home/akhilesh/py39/lib/python3.9/site-packages/airflow/example_dags/plugins/workday.py
[2023-08-13T23:09:42.549+0200] {processor.py:826} INFO - Processing file /home/akhilesh/py39/lib/python3.9/site-packages/airflow/example_dags/plugins/workday.py for tasks to queue
[2023-08-13T23:09:42.550+0200] {logging_mixin.py:150} INFO - [2023-08-13T23:09:42.549+0200] {dagbag.py:541} INFO - Filling up the DagBag from /home/akhilesh/py39/lib/python3.9/site-packages/airflow/example_dags/plugins/workday.py
[2023-08-13T23:09:42.805+0200] {processor.py:838} WARNING - No viable dags retrieved from /home/akhilesh/py39/lib/python3.9/site-packages/airflow/example_dags/plugins/workday.py
[2023-08-13T23:09:42.811+0200] {processor.py:179} INFO - Processing /home/akhilesh/py39/lib/python3.9/site-packages/airflow/example_dags/plugins/workday.py took 0.275 seconds
[2023-08-13T23:10:18.853+0200] {processor.py:157} INFO - Started process (PID=427829) to work on /home/akhilesh/py39/lib/python3.9/site-packages/airflow/example_dags/plugins/workday.py
[2023-08-13T23:10:18.862+0200] {processor.py:826} INFO - Processing file /home/akhilesh/py39/lib/python3.9/site-packages/airflow/example_dags/plugins/workday.py for tasks to queue
[2023-08-13T23:10:18.863+0200] {logging_mixin.py:150} INFO - [2023-08-13T23:10:18.863+0200] {dagbag.py:541} INFO - Filling up the DagBag from /home/akhilesh/py39/lib/python3.9/site-packages/airflow/example_dags/plugins/workday.py
[2023-08-13T23:10:19.095+0200] {processor.py:838} WARNING - No viable dags retrieved from /home/akhilesh/py39/lib/python3.9/site-packages/airflow/example_dags/plugins/workday.py
[2023-08-13T23:10:19.100+0200] {processor.py:179} INFO - Processing /home/akhilesh/py39/lib/python3.9/site-packages/airflow/example_dags/plugins/workday.py took 0.250 seconds
[2023-08-13T23:10:56.009+0200] {processor.py:157} INFO - Started process (PID=427996) to work on /home/akhilesh/py39/lib/python3.9/site-packages/airflow/example_dags/plugins/workday.py
[2023-08-13T23:10:56.018+0200] {processor.py:826} INFO - Processing file /home/akhilesh/py39/lib/python3.9/site-packages/airflow/example_dags/plugins/workday.py for tasks to queue
[2023-08-13T23:10:56.019+0200] {logging_mixin.py:150} INFO - [2023-08-13T23:10:56.019+0200] {dagbag.py:541} INFO - Filling up the DagBag from /home/akhilesh/py39/lib/python3.9/site-packages/airflow/example_dags/plugins/workday.py
[2023-08-13T23:10:56.258+0200] {processor.py:838} WARNING - No viable dags retrieved from /home/akhilesh/py39/lib/python3.9/site-packages/airflow/example_dags/plugins/workday.py
[2023-08-13T23:10:56.264+0200] {processor.py:179} INFO - Processing /home/akhilesh/py39/lib/python3.9/site-packages/airflow/example_dags/plugins/workday.py took 0.258 seconds
[2023-08-13T23:11:40.050+0200] {processor.py:157} INFO - Started process (PID=428131) to work on /home/akhilesh/py39/lib/python3.9/site-packages/airflow/example_dags/plugins/workday.py
[2023-08-13T23:11:40.059+0200] {processor.py:826} INFO - Processing file /home/akhilesh/py39/lib/python3.9/site-packages/airflow/example_dags/plugins/workday.py for tasks to queue
[2023-08-13T23:11:40.060+0200] {logging_mixin.py:150} INFO - [2023-08-13T23:11:40.060+0200] {dagbag.py:541} INFO - Filling up the DagBag from /home/akhilesh/py39/lib/python3.9/site-packages/airflow/example_dags/plugins/workday.py
[2023-08-13T23:11:40.326+0200] {processor.py:838} WARNING - No viable dags retrieved from /home/akhilesh/py39/lib/python3.9/site-packages/airflow/example_dags/plugins/workday.py
[2023-08-13T23:11:40.333+0200] {processor.py:179} INFO - Processing /home/akhilesh/py39/lib/python3.9/site-packages/airflow/example_dags/plugins/workday.py took 0.287 seconds
[2023-08-13T23:13:52.024+0200] {processor.py:157} INFO - Started process (PID=428979) to work on /home/akhilesh/py39/lib/python3.9/site-packages/airflow/example_dags/plugins/workday.py
[2023-08-13T23:13:52.032+0200] {processor.py:826} INFO - Processing file /home/akhilesh/py39/lib/python3.9/site-packages/airflow/example_dags/plugins/workday.py for tasks to queue
[2023-08-13T23:13:52.034+0200] {logging_mixin.py:150} INFO - [2023-08-13T23:13:52.033+0200] {dagbag.py:541} INFO - Filling up the DagBag from /home/akhilesh/py39/lib/python3.9/site-packages/airflow/example_dags/plugins/workday.py
[2023-08-13T23:13:52.354+0200] {processor.py:838} WARNING - No viable dags retrieved from /home/akhilesh/py39/lib/python3.9/site-packages/airflow/example_dags/plugins/workday.py
[2023-08-13T23:13:52.360+0200] {processor.py:179} INFO - Processing /home/akhilesh/py39/lib/python3.9/site-packages/airflow/example_dags/plugins/workday.py took 0.340 seconds
[2023-08-13T23:14:40.073+0200] {processor.py:157} INFO - Started process (PID=429393) to work on /home/akhilesh/py39/lib/python3.9/site-packages/airflow/example_dags/plugins/workday.py
[2023-08-13T23:14:40.082+0200] {processor.py:826} INFO - Processing file /home/akhilesh/py39/lib/python3.9/site-packages/airflow/example_dags/plugins/workday.py for tasks to queue
[2023-08-13T23:14:40.083+0200] {logging_mixin.py:150} INFO - [2023-08-13T23:14:40.083+0200] {dagbag.py:541} INFO - Filling up the DagBag from /home/akhilesh/py39/lib/python3.9/site-packages/airflow/example_dags/plugins/workday.py
[2023-08-13T23:14:40.309+0200] {processor.py:838} WARNING - No viable dags retrieved from /home/akhilesh/py39/lib/python3.9/site-packages/airflow/example_dags/plugins/workday.py
[2023-08-13T23:14:40.315+0200] {processor.py:179} INFO - Processing /home/akhilesh/py39/lib/python3.9/site-packages/airflow/example_dags/plugins/workday.py took 0.246 seconds
[2023-08-13T23:15:40.625+0200] {processor.py:157} INFO - Started process (PID=429948) to work on /home/akhilesh/py39/lib/python3.9/site-packages/airflow/example_dags/plugins/workday.py
[2023-08-13T23:15:40.628+0200] {processor.py:826} INFO - Processing file /home/akhilesh/py39/lib/python3.9/site-packages/airflow/example_dags/plugins/workday.py for tasks to queue
[2023-08-13T23:15:40.629+0200] {logging_mixin.py:150} INFO - [2023-08-13T23:15:40.629+0200] {dagbag.py:541} INFO - Filling up the DagBag from /home/akhilesh/py39/lib/python3.9/site-packages/airflow/example_dags/plugins/workday.py
[2023-08-13T23:15:40.923+0200] {processor.py:838} WARNING - No viable dags retrieved from /home/akhilesh/py39/lib/python3.9/site-packages/airflow/example_dags/plugins/workday.py
[2023-08-13T23:15:40.933+0200] {processor.py:179} INFO - Processing /home/akhilesh/py39/lib/python3.9/site-packages/airflow/example_dags/plugins/workday.py took 0.312 seconds
[2023-08-13T23:16:26.054+0200] {processor.py:157} INFO - Started process (PID=430080) to work on /home/akhilesh/py39/lib/python3.9/site-packages/airflow/example_dags/plugins/workday.py
[2023-08-13T23:16:26.055+0200] {processor.py:826} INFO - Processing file /home/akhilesh/py39/lib/python3.9/site-packages/airflow/example_dags/plugins/workday.py for tasks to queue
[2023-08-13T23:16:26.056+0200] {logging_mixin.py:150} INFO - [2023-08-13T23:16:26.056+0200] {dagbag.py:541} INFO - Filling up the DagBag from /home/akhilesh/py39/lib/python3.9/site-packages/airflow/example_dags/plugins/workday.py
[2023-08-13T23:16:26.359+0200] {processor.py:838} WARNING - No viable dags retrieved from /home/akhilesh/py39/lib/python3.9/site-packages/airflow/example_dags/plugins/workday.py
[2023-08-13T23:16:26.368+0200] {processor.py:179} INFO - Processing /home/akhilesh/py39/lib/python3.9/site-packages/airflow/example_dags/plugins/workday.py took 0.317 seconds
[2023-08-13T23:17:12.810+0200] {processor.py:157} INFO - Started process (PID=430208) to work on /home/akhilesh/py39/lib/python3.9/site-packages/airflow/example_dags/plugins/workday.py
[2023-08-13T23:17:12.819+0200] {processor.py:826} INFO - Processing file /home/akhilesh/py39/lib/python3.9/site-packages/airflow/example_dags/plugins/workday.py for tasks to queue
[2023-08-13T23:17:12.819+0200] {logging_mixin.py:150} INFO - [2023-08-13T23:17:12.819+0200] {dagbag.py:541} INFO - Filling up the DagBag from /home/akhilesh/py39/lib/python3.9/site-packages/airflow/example_dags/plugins/workday.py
[2023-08-13T23:17:13.065+0200] {processor.py:838} WARNING - No viable dags retrieved from /home/akhilesh/py39/lib/python3.9/site-packages/airflow/example_dags/plugins/workday.py
[2023-08-13T23:17:13.071+0200] {processor.py:179} INFO - Processing /home/akhilesh/py39/lib/python3.9/site-packages/airflow/example_dags/plugins/workday.py took 0.266 seconds
[2023-08-13T23:18:02.445+0200] {processor.py:157} INFO - Started process (PID=430379) to work on /home/akhilesh/py39/lib/python3.9/site-packages/airflow/example_dags/plugins/workday.py
[2023-08-13T23:18:02.447+0200] {processor.py:826} INFO - Processing file /home/akhilesh/py39/lib/python3.9/site-packages/airflow/example_dags/plugins/workday.py for tasks to queue
[2023-08-13T23:18:02.448+0200] {logging_mixin.py:150} INFO - [2023-08-13T23:18:02.447+0200] {dagbag.py:541} INFO - Filling up the DagBag from /home/akhilesh/py39/lib/python3.9/site-packages/airflow/example_dags/plugins/workday.py
[2023-08-13T23:18:02.685+0200] {processor.py:838} WARNING - No viable dags retrieved from /home/akhilesh/py39/lib/python3.9/site-packages/airflow/example_dags/plugins/workday.py
[2023-08-13T23:18:02.691+0200] {processor.py:179} INFO - Processing /home/akhilesh/py39/lib/python3.9/site-packages/airflow/example_dags/plugins/workday.py took 0.249 seconds
[2023-08-13T23:18:51.540+0200] {processor.py:157} INFO - Started process (PID=430524) to work on /home/akhilesh/py39/lib/python3.9/site-packages/airflow/example_dags/plugins/workday.py
[2023-08-13T23:18:51.549+0200] {processor.py:826} INFO - Processing file /home/akhilesh/py39/lib/python3.9/site-packages/airflow/example_dags/plugins/workday.py for tasks to queue
[2023-08-13T23:18:51.550+0200] {logging_mixin.py:150} INFO - [2023-08-13T23:18:51.550+0200] {dagbag.py:541} INFO - Filling up the DagBag from /home/akhilesh/py39/lib/python3.9/site-packages/airflow/example_dags/plugins/workday.py
[2023-08-13T23:18:51.819+0200] {processor.py:838} WARNING - No viable dags retrieved from /home/akhilesh/py39/lib/python3.9/site-packages/airflow/example_dags/plugins/workday.py
[2023-08-13T23:18:51.825+0200] {processor.py:179} INFO - Processing /home/akhilesh/py39/lib/python3.9/site-packages/airflow/example_dags/plugins/workday.py took 0.289 seconds
[2023-08-13T23:19:38.603+0200] {processor.py:157} INFO - Started process (PID=430711) to work on /home/akhilesh/py39/lib/python3.9/site-packages/airflow/example_dags/plugins/workday.py
[2023-08-13T23:19:38.612+0200] {processor.py:826} INFO - Processing file /home/akhilesh/py39/lib/python3.9/site-packages/airflow/example_dags/plugins/workday.py for tasks to queue
[2023-08-13T23:19:38.613+0200] {logging_mixin.py:150} INFO - [2023-08-13T23:19:38.612+0200] {dagbag.py:541} INFO - Filling up the DagBag from /home/akhilesh/py39/lib/python3.9/site-packages/airflow/example_dags/plugins/workday.py
[2023-08-13T23:19:38.869+0200] {processor.py:838} WARNING - No viable dags retrieved from /home/akhilesh/py39/lib/python3.9/site-packages/airflow/example_dags/plugins/workday.py
[2023-08-13T23:19:38.877+0200] {processor.py:179} INFO - Processing /home/akhilesh/py39/lib/python3.9/site-packages/airflow/example_dags/plugins/workday.py took 0.278 seconds
[2023-08-13T23:20:29.232+0200] {processor.py:157} INFO - Started process (PID=430840) to work on /home/akhilesh/py39/lib/python3.9/site-packages/airflow/example_dags/plugins/workday.py
[2023-08-13T23:20:29.239+0200] {processor.py:826} INFO - Processing file /home/akhilesh/py39/lib/python3.9/site-packages/airflow/example_dags/plugins/workday.py for tasks to queue
[2023-08-13T23:20:29.240+0200] {logging_mixin.py:150} INFO - [2023-08-13T23:20:29.240+0200] {dagbag.py:541} INFO - Filling up the DagBag from /home/akhilesh/py39/lib/python3.9/site-packages/airflow/example_dags/plugins/workday.py
[2023-08-13T23:20:29.534+0200] {processor.py:838} WARNING - No viable dags retrieved from /home/akhilesh/py39/lib/python3.9/site-packages/airflow/example_dags/plugins/workday.py
[2023-08-13T23:20:29.539+0200] {processor.py:179} INFO - Processing /home/akhilesh/py39/lib/python3.9/site-packages/airflow/example_dags/plugins/workday.py took 0.310 seconds
[2023-08-13T23:21:14.900+0200] {processor.py:157} INFO - Started process (PID=431016) to work on /home/akhilesh/py39/lib/python3.9/site-packages/airflow/example_dags/plugins/workday.py
[2023-08-13T23:21:14.909+0200] {processor.py:826} INFO - Processing file /home/akhilesh/py39/lib/python3.9/site-packages/airflow/example_dags/plugins/workday.py for tasks to queue
[2023-08-13T23:21:14.910+0200] {logging_mixin.py:150} INFO - [2023-08-13T23:21:14.910+0200] {dagbag.py:541} INFO - Filling up the DagBag from /home/akhilesh/py39/lib/python3.9/site-packages/airflow/example_dags/plugins/workday.py
[2023-08-13T23:21:15.142+0200] {processor.py:838} WARNING - No viable dags retrieved from /home/akhilesh/py39/lib/python3.9/site-packages/airflow/example_dags/plugins/workday.py
[2023-08-13T23:21:15.147+0200] {processor.py:179} INFO - Processing /home/akhilesh/py39/lib/python3.9/site-packages/airflow/example_dags/plugins/workday.py took 0.250 seconds
[2023-08-13T23:22:01.319+0200] {processor.py:157} INFO - Started process (PID=431232) to work on /home/akhilesh/py39/lib/python3.9/site-packages/airflow/example_dags/plugins/workday.py
[2023-08-13T23:22:01.328+0200] {processor.py:826} INFO - Processing file /home/akhilesh/py39/lib/python3.9/site-packages/airflow/example_dags/plugins/workday.py for tasks to queue
[2023-08-13T23:22:01.328+0200] {logging_mixin.py:150} INFO - [2023-08-13T23:22:01.328+0200] {dagbag.py:541} INFO - Filling up the DagBag from /home/akhilesh/py39/lib/python3.9/site-packages/airflow/example_dags/plugins/workday.py
[2023-08-13T23:22:01.558+0200] {processor.py:838} WARNING - No viable dags retrieved from /home/akhilesh/py39/lib/python3.9/site-packages/airflow/example_dags/plugins/workday.py
[2023-08-13T23:22:01.563+0200] {processor.py:179} INFO - Processing /home/akhilesh/py39/lib/python3.9/site-packages/airflow/example_dags/plugins/workday.py took 0.249 seconds
[2023-08-13T23:22:49.023+0200] {processor.py:157} INFO - Started process (PID=431403) to work on /home/akhilesh/py39/lib/python3.9/site-packages/airflow/example_dags/plugins/workday.py
[2023-08-13T23:22:49.032+0200] {processor.py:826} INFO - Processing file /home/akhilesh/py39/lib/python3.9/site-packages/airflow/example_dags/plugins/workday.py for tasks to queue
[2023-08-13T23:22:49.033+0200] {logging_mixin.py:150} INFO - [2023-08-13T23:22:49.033+0200] {dagbag.py:541} INFO - Filling up the DagBag from /home/akhilesh/py39/lib/python3.9/site-packages/airflow/example_dags/plugins/workday.py
[2023-08-13T23:22:49.261+0200] {processor.py:838} WARNING - No viable dags retrieved from /home/akhilesh/py39/lib/python3.9/site-packages/airflow/example_dags/plugins/workday.py
[2023-08-13T23:22:49.268+0200] {processor.py:179} INFO - Processing /home/akhilesh/py39/lib/python3.9/site-packages/airflow/example_dags/plugins/workday.py took 0.248 seconds
[2023-08-13T23:25:08.793+0200] {processor.py:157} INFO - Started process (PID=432111) to work on /home/akhilesh/py39/lib/python3.9/site-packages/airflow/example_dags/plugins/workday.py
[2023-08-13T23:25:08.802+0200] {processor.py:826} INFO - Processing file /home/akhilesh/py39/lib/python3.9/site-packages/airflow/example_dags/plugins/workday.py for tasks to queue
[2023-08-13T23:25:08.804+0200] {logging_mixin.py:150} INFO - [2023-08-13T23:25:08.803+0200] {dagbag.py:541} INFO - Filling up the DagBag from /home/akhilesh/py39/lib/python3.9/site-packages/airflow/example_dags/plugins/workday.py
[2023-08-13T23:25:09.029+0200] {processor.py:838} WARNING - No viable dags retrieved from /home/akhilesh/py39/lib/python3.9/site-packages/airflow/example_dags/plugins/workday.py
[2023-08-13T23:25:09.034+0200] {processor.py:179} INFO - Processing /home/akhilesh/py39/lib/python3.9/site-packages/airflow/example_dags/plugins/workday.py took 0.244 seconds
[2023-08-13T23:25:55.895+0200] {processor.py:157} INFO - Started process (PID=432323) to work on /home/akhilesh/py39/lib/python3.9/site-packages/airflow/example_dags/plugins/workday.py
[2023-08-13T23:25:55.905+0200] {processor.py:826} INFO - Processing file /home/akhilesh/py39/lib/python3.9/site-packages/airflow/example_dags/plugins/workday.py for tasks to queue
[2023-08-13T23:25:55.907+0200] {logging_mixin.py:150} INFO - [2023-08-13T23:25:55.907+0200] {dagbag.py:541} INFO - Filling up the DagBag from /home/akhilesh/py39/lib/python3.9/site-packages/airflow/example_dags/plugins/workday.py
[2023-08-13T23:25:56.179+0200] {processor.py:838} WARNING - No viable dags retrieved from /home/akhilesh/py39/lib/python3.9/site-packages/airflow/example_dags/plugins/workday.py
[2023-08-13T23:25:56.188+0200] {processor.py:179} INFO - Processing /home/akhilesh/py39/lib/python3.9/site-packages/airflow/example_dags/plugins/workday.py took 0.297 seconds
[2023-08-13T23:26:46.175+0200] {processor.py:157} INFO - Started process (PID=432498) to work on /home/akhilesh/py39/lib/python3.9/site-packages/airflow/example_dags/plugins/workday.py
[2023-08-13T23:26:46.177+0200] {processor.py:826} INFO - Processing file /home/akhilesh/py39/lib/python3.9/site-packages/airflow/example_dags/plugins/workday.py for tasks to queue
[2023-08-13T23:26:46.178+0200] {logging_mixin.py:150} INFO - [2023-08-13T23:26:46.177+0200] {dagbag.py:541} INFO - Filling up the DagBag from /home/akhilesh/py39/lib/python3.9/site-packages/airflow/example_dags/plugins/workday.py
[2023-08-13T23:26:46.413+0200] {processor.py:838} WARNING - No viable dags retrieved from /home/akhilesh/py39/lib/python3.9/site-packages/airflow/example_dags/plugins/workday.py
[2023-08-13T23:26:46.419+0200] {processor.py:179} INFO - Processing /home/akhilesh/py39/lib/python3.9/site-packages/airflow/example_dags/plugins/workday.py took 0.248 seconds
[2023-08-13T23:27:31.363+0200] {processor.py:157} INFO - Started process (PID=432651) to work on /home/akhilesh/py39/lib/python3.9/site-packages/airflow/example_dags/plugins/workday.py
[2023-08-13T23:27:31.364+0200] {processor.py:826} INFO - Processing file /home/akhilesh/py39/lib/python3.9/site-packages/airflow/example_dags/plugins/workday.py for tasks to queue
[2023-08-13T23:27:31.365+0200] {logging_mixin.py:150} INFO - [2023-08-13T23:27:31.365+0200] {dagbag.py:541} INFO - Filling up the DagBag from /home/akhilesh/py39/lib/python3.9/site-packages/airflow/example_dags/plugins/workday.py
[2023-08-13T23:27:31.607+0200] {processor.py:838} WARNING - No viable dags retrieved from /home/akhilesh/py39/lib/python3.9/site-packages/airflow/example_dags/plugins/workday.py
[2023-08-13T23:27:31.613+0200] {processor.py:179} INFO - Processing /home/akhilesh/py39/lib/python3.9/site-packages/airflow/example_dags/plugins/workday.py took 0.253 seconds
[2023-08-13T23:28:19.545+0200] {processor.py:157} INFO - Started process (PID=432787) to work on /home/akhilesh/py39/lib/python3.9/site-packages/airflow/example_dags/plugins/workday.py
[2023-08-13T23:28:19.554+0200] {processor.py:826} INFO - Processing file /home/akhilesh/py39/lib/python3.9/site-packages/airflow/example_dags/plugins/workday.py for tasks to queue
[2023-08-13T23:28:19.555+0200] {logging_mixin.py:150} INFO - [2023-08-13T23:28:19.555+0200] {dagbag.py:541} INFO - Filling up the DagBag from /home/akhilesh/py39/lib/python3.9/site-packages/airflow/example_dags/plugins/workday.py
[2023-08-13T23:28:19.785+0200] {processor.py:838} WARNING - No viable dags retrieved from /home/akhilesh/py39/lib/python3.9/site-packages/airflow/example_dags/plugins/workday.py
[2023-08-13T23:28:19.791+0200] {processor.py:179} INFO - Processing /home/akhilesh/py39/lib/python3.9/site-packages/airflow/example_dags/plugins/workday.py took 0.248 seconds
[2023-08-13T23:28:59.348+0200] {processor.py:157} INFO - Started process (PID=432939) to work on /home/akhilesh/py39/lib/python3.9/site-packages/airflow/example_dags/plugins/workday.py
[2023-08-13T23:28:59.350+0200] {processor.py:826} INFO - Processing file /home/akhilesh/py39/lib/python3.9/site-packages/airflow/example_dags/plugins/workday.py for tasks to queue
[2023-08-13T23:28:59.351+0200] {logging_mixin.py:150} INFO - [2023-08-13T23:28:59.351+0200] {dagbag.py:541} INFO - Filling up the DagBag from /home/akhilesh/py39/lib/python3.9/site-packages/airflow/example_dags/plugins/workday.py
[2023-08-13T23:28:59.597+0200] {processor.py:838} WARNING - No viable dags retrieved from /home/akhilesh/py39/lib/python3.9/site-packages/airflow/example_dags/plugins/workday.py
[2023-08-13T23:28:59.603+0200] {processor.py:179} INFO - Processing /home/akhilesh/py39/lib/python3.9/site-packages/airflow/example_dags/plugins/workday.py took 0.259 seconds
[2023-08-13T23:29:41.495+0200] {processor.py:157} INFO - Started process (PID=433089) to work on /home/akhilesh/py39/lib/python3.9/site-packages/airflow/example_dags/plugins/workday.py
[2023-08-13T23:29:41.504+0200] {processor.py:826} INFO - Processing file /home/akhilesh/py39/lib/python3.9/site-packages/airflow/example_dags/plugins/workday.py for tasks to queue
[2023-08-13T23:29:41.505+0200] {logging_mixin.py:150} INFO - [2023-08-13T23:29:41.505+0200] {dagbag.py:541} INFO - Filling up the DagBag from /home/akhilesh/py39/lib/python3.9/site-packages/airflow/example_dags/plugins/workday.py
[2023-08-13T23:29:41.784+0200] {processor.py:838} WARNING - No viable dags retrieved from /home/akhilesh/py39/lib/python3.9/site-packages/airflow/example_dags/plugins/workday.py
[2023-08-13T23:29:41.792+0200] {processor.py:179} INFO - Processing /home/akhilesh/py39/lib/python3.9/site-packages/airflow/example_dags/plugins/workday.py took 0.300 seconds
[2023-08-13T23:30:34.488+0200] {processor.py:157} INFO - Started process (PID=433245) to work on /home/akhilesh/py39/lib/python3.9/site-packages/airflow/example_dags/plugins/workday.py
[2023-08-13T23:30:34.490+0200] {processor.py:826} INFO - Processing file /home/akhilesh/py39/lib/python3.9/site-packages/airflow/example_dags/plugins/workday.py for tasks to queue
[2023-08-13T23:30:34.491+0200] {logging_mixin.py:150} INFO - [2023-08-13T23:30:34.490+0200] {dagbag.py:541} INFO - Filling up the DagBag from /home/akhilesh/py39/lib/python3.9/site-packages/airflow/example_dags/plugins/workday.py
[2023-08-13T23:30:34.844+0200] {processor.py:838} WARNING - No viable dags retrieved from /home/akhilesh/py39/lib/python3.9/site-packages/airflow/example_dags/plugins/workday.py
[2023-08-13T23:30:34.926+0200] {processor.py:179} INFO - Processing /home/akhilesh/py39/lib/python3.9/site-packages/airflow/example_dags/plugins/workday.py took 0.442 seconds
[2023-08-13T23:31:19.208+0200] {processor.py:157} INFO - Started process (PID=433398) to work on /home/akhilesh/py39/lib/python3.9/site-packages/airflow/example_dags/plugins/workday.py
[2023-08-13T23:31:19.209+0200] {processor.py:826} INFO - Processing file /home/akhilesh/py39/lib/python3.9/site-packages/airflow/example_dags/plugins/workday.py for tasks to queue
[2023-08-13T23:31:19.210+0200] {logging_mixin.py:150} INFO - [2023-08-13T23:31:19.210+0200] {dagbag.py:541} INFO - Filling up the DagBag from /home/akhilesh/py39/lib/python3.9/site-packages/airflow/example_dags/plugins/workday.py
[2023-08-13T23:31:19.535+0200] {processor.py:838} WARNING - No viable dags retrieved from /home/akhilesh/py39/lib/python3.9/site-packages/airflow/example_dags/plugins/workday.py
[2023-08-13T23:31:19.541+0200] {processor.py:179} INFO - Processing /home/akhilesh/py39/lib/python3.9/site-packages/airflow/example_dags/plugins/workday.py took 0.337 seconds
[2023-08-13T23:31:58.889+0200] {processor.py:157} INFO - Started process (PID=433496) to work on /home/akhilesh/py39/lib/python3.9/site-packages/airflow/example_dags/plugins/workday.py
[2023-08-13T23:31:58.890+0200] {processor.py:826} INFO - Processing file /home/akhilesh/py39/lib/python3.9/site-packages/airflow/example_dags/plugins/workday.py for tasks to queue
[2023-08-13T23:31:58.891+0200] {logging_mixin.py:150} INFO - [2023-08-13T23:31:58.891+0200] {dagbag.py:541} INFO - Filling up the DagBag from /home/akhilesh/py39/lib/python3.9/site-packages/airflow/example_dags/plugins/workday.py
[2023-08-13T23:31:59.199+0200] {processor.py:838} WARNING - No viable dags retrieved from /home/akhilesh/py39/lib/python3.9/site-packages/airflow/example_dags/plugins/workday.py
[2023-08-13T23:31:59.205+0200] {processor.py:179} INFO - Processing /home/akhilesh/py39/lib/python3.9/site-packages/airflow/example_dags/plugins/workday.py took 0.320 seconds
[2023-08-13T23:32:49.471+0200] {processor.py:157} INFO - Started process (PID=433639) to work on /home/akhilesh/py39/lib/python3.9/site-packages/airflow/example_dags/plugins/workday.py
[2023-08-13T23:32:49.480+0200] {processor.py:826} INFO - Processing file /home/akhilesh/py39/lib/python3.9/site-packages/airflow/example_dags/plugins/workday.py for tasks to queue
[2023-08-13T23:32:49.481+0200] {logging_mixin.py:150} INFO - [2023-08-13T23:32:49.481+0200] {dagbag.py:541} INFO - Filling up the DagBag from /home/akhilesh/py39/lib/python3.9/site-packages/airflow/example_dags/plugins/workday.py
[2023-08-13T23:32:49.802+0200] {processor.py:838} WARNING - No viable dags retrieved from /home/akhilesh/py39/lib/python3.9/site-packages/airflow/example_dags/plugins/workday.py
[2023-08-13T23:32:49.808+0200] {processor.py:179} INFO - Processing /home/akhilesh/py39/lib/python3.9/site-packages/airflow/example_dags/plugins/workday.py took 0.340 seconds
[2023-08-13T23:33:26.839+0200] {processor.py:157} INFO - Started process (PID=433779) to work on /home/akhilesh/py39/lib/python3.9/site-packages/airflow/example_dags/plugins/workday.py
[2023-08-13T23:33:26.848+0200] {processor.py:826} INFO - Processing file /home/akhilesh/py39/lib/python3.9/site-packages/airflow/example_dags/plugins/workday.py for tasks to queue
[2023-08-13T23:33:26.849+0200] {logging_mixin.py:150} INFO - [2023-08-13T23:33:26.849+0200] {dagbag.py:541} INFO - Filling up the DagBag from /home/akhilesh/py39/lib/python3.9/site-packages/airflow/example_dags/plugins/workday.py
[2023-08-13T23:33:27.072+0200] {processor.py:838} WARNING - No viable dags retrieved from /home/akhilesh/py39/lib/python3.9/site-packages/airflow/example_dags/plugins/workday.py
[2023-08-13T23:33:27.078+0200] {processor.py:179} INFO - Processing /home/akhilesh/py39/lib/python3.9/site-packages/airflow/example_dags/plugins/workday.py took 0.242 seconds
[2023-08-13T23:34:01.110+0200] {processor.py:157} INFO - Started process (PID=433859) to work on /home/akhilesh/py39/lib/python3.9/site-packages/airflow/example_dags/plugins/workday.py
[2023-08-13T23:34:01.119+0200] {processor.py:826} INFO - Processing file /home/akhilesh/py39/lib/python3.9/site-packages/airflow/example_dags/plugins/workday.py for tasks to queue
[2023-08-13T23:34:01.120+0200] {logging_mixin.py:150} INFO - [2023-08-13T23:34:01.120+0200] {dagbag.py:541} INFO - Filling up the DagBag from /home/akhilesh/py39/lib/python3.9/site-packages/airflow/example_dags/plugins/workday.py
[2023-08-13T23:34:01.362+0200] {processor.py:838} WARNING - No viable dags retrieved from /home/akhilesh/py39/lib/python3.9/site-packages/airflow/example_dags/plugins/workday.py
[2023-08-13T23:34:01.369+0200] {processor.py:179} INFO - Processing /home/akhilesh/py39/lib/python3.9/site-packages/airflow/example_dags/plugins/workday.py took 0.262 seconds
[2023-08-13T23:34:51.679+0200] {processor.py:157} INFO - Started process (PID=434023) to work on /home/akhilesh/py39/lib/python3.9/site-packages/airflow/example_dags/plugins/workday.py
[2023-08-13T23:34:51.681+0200] {processor.py:826} INFO - Processing file /home/akhilesh/py39/lib/python3.9/site-packages/airflow/example_dags/plugins/workday.py for tasks to queue
[2023-08-13T23:34:51.682+0200] {logging_mixin.py:150} INFO - [2023-08-13T23:34:51.682+0200] {dagbag.py:541} INFO - Filling up the DagBag from /home/akhilesh/py39/lib/python3.9/site-packages/airflow/example_dags/plugins/workday.py
[2023-08-13T23:34:51.975+0200] {processor.py:838} WARNING - No viable dags retrieved from /home/akhilesh/py39/lib/python3.9/site-packages/airflow/example_dags/plugins/workday.py
[2023-08-13T23:34:51.981+0200] {processor.py:179} INFO - Processing /home/akhilesh/py39/lib/python3.9/site-packages/airflow/example_dags/plugins/workday.py took 0.306 seconds
[2023-08-13T23:35:29.994+0200] {processor.py:157} INFO - Started process (PID=434140) to work on /home/akhilesh/py39/lib/python3.9/site-packages/airflow/example_dags/plugins/workday.py
[2023-08-13T23:35:30.003+0200] {processor.py:826} INFO - Processing file /home/akhilesh/py39/lib/python3.9/site-packages/airflow/example_dags/plugins/workday.py for tasks to queue
[2023-08-13T23:35:30.005+0200] {logging_mixin.py:150} INFO - [2023-08-13T23:35:30.004+0200] {dagbag.py:541} INFO - Filling up the DagBag from /home/akhilesh/py39/lib/python3.9/site-packages/airflow/example_dags/plugins/workday.py
[2023-08-13T23:35:30.266+0200] {processor.py:838} WARNING - No viable dags retrieved from /home/akhilesh/py39/lib/python3.9/site-packages/airflow/example_dags/plugins/workday.py
[2023-08-13T23:35:30.272+0200] {processor.py:179} INFO - Processing /home/akhilesh/py39/lib/python3.9/site-packages/airflow/example_dags/plugins/workday.py took 0.281 seconds
[2023-08-13T23:36:04.560+0200] {processor.py:157} INFO - Started process (PID=434303) to work on /home/akhilesh/py39/lib/python3.9/site-packages/airflow/example_dags/plugins/workday.py
[2023-08-13T23:36:04.569+0200] {processor.py:826} INFO - Processing file /home/akhilesh/py39/lib/python3.9/site-packages/airflow/example_dags/plugins/workday.py for tasks to queue
[2023-08-13T23:36:04.570+0200] {logging_mixin.py:150} INFO - [2023-08-13T23:36:04.570+0200] {dagbag.py:541} INFO - Filling up the DagBag from /home/akhilesh/py39/lib/python3.9/site-packages/airflow/example_dags/plugins/workday.py
[2023-08-13T23:36:04.879+0200] {processor.py:838} WARNING - No viable dags retrieved from /home/akhilesh/py39/lib/python3.9/site-packages/airflow/example_dags/plugins/workday.py
[2023-08-13T23:36:04.886+0200] {processor.py:179} INFO - Processing /home/akhilesh/py39/lib/python3.9/site-packages/airflow/example_dags/plugins/workday.py took 0.330 seconds
[2023-08-13T23:36:45.220+0200] {processor.py:157} INFO - Started process (PID=434536) to work on /home/akhilesh/py39/lib/python3.9/site-packages/airflow/example_dags/plugins/workday.py
[2023-08-13T23:36:45.229+0200] {processor.py:826} INFO - Processing file /home/akhilesh/py39/lib/python3.9/site-packages/airflow/example_dags/plugins/workday.py for tasks to queue
[2023-08-13T23:36:45.230+0200] {logging_mixin.py:150} INFO - [2023-08-13T23:36:45.229+0200] {dagbag.py:541} INFO - Filling up the DagBag from /home/akhilesh/py39/lib/python3.9/site-packages/airflow/example_dags/plugins/workday.py
[2023-08-13T23:36:45.471+0200] {processor.py:838} WARNING - No viable dags retrieved from /home/akhilesh/py39/lib/python3.9/site-packages/airflow/example_dags/plugins/workday.py
[2023-08-13T23:36:45.478+0200] {processor.py:179} INFO - Processing /home/akhilesh/py39/lib/python3.9/site-packages/airflow/example_dags/plugins/workday.py took 0.262 seconds
[2023-08-13T23:37:26.223+0200] {processor.py:157} INFO - Started process (PID=434663) to work on /home/akhilesh/py39/lib/python3.9/site-packages/airflow/example_dags/plugins/workday.py
[2023-08-13T23:37:26.232+0200] {processor.py:826} INFO - Processing file /home/akhilesh/py39/lib/python3.9/site-packages/airflow/example_dags/plugins/workday.py for tasks to queue
[2023-08-13T23:37:26.232+0200] {logging_mixin.py:150} INFO - [2023-08-13T23:37:26.232+0200] {dagbag.py:541} INFO - Filling up the DagBag from /home/akhilesh/py39/lib/python3.9/site-packages/airflow/example_dags/plugins/workday.py
[2023-08-13T23:37:26.487+0200] {processor.py:838} WARNING - No viable dags retrieved from /home/akhilesh/py39/lib/python3.9/site-packages/airflow/example_dags/plugins/workday.py
[2023-08-13T23:37:26.493+0200] {processor.py:179} INFO - Processing /home/akhilesh/py39/lib/python3.9/site-packages/airflow/example_dags/plugins/workday.py took 0.274 seconds
[2023-08-13T23:38:17.178+0200] {processor.py:157} INFO - Started process (PID=434818) to work on /home/akhilesh/py39/lib/python3.9/site-packages/airflow/example_dags/plugins/workday.py
[2023-08-13T23:38:17.187+0200] {processor.py:826} INFO - Processing file /home/akhilesh/py39/lib/python3.9/site-packages/airflow/example_dags/plugins/workday.py for tasks to queue
[2023-08-13T23:38:17.188+0200] {logging_mixin.py:150} INFO - [2023-08-13T23:38:17.187+0200] {dagbag.py:541} INFO - Filling up the DagBag from /home/akhilesh/py39/lib/python3.9/site-packages/airflow/example_dags/plugins/workday.py
[2023-08-13T23:38:17.422+0200] {processor.py:838} WARNING - No viable dags retrieved from /home/akhilesh/py39/lib/python3.9/site-packages/airflow/example_dags/plugins/workday.py
[2023-08-13T23:38:17.428+0200] {processor.py:179} INFO - Processing /home/akhilesh/py39/lib/python3.9/site-packages/airflow/example_dags/plugins/workday.py took 0.254 seconds
[2023-08-13T23:38:53.891+0200] {processor.py:157} INFO - Started process (PID=434944) to work on /home/akhilesh/py39/lib/python3.9/site-packages/airflow/example_dags/plugins/workday.py
[2023-08-13T23:38:53.892+0200] {processor.py:826} INFO - Processing file /home/akhilesh/py39/lib/python3.9/site-packages/airflow/example_dags/plugins/workday.py for tasks to queue
[2023-08-13T23:38:53.893+0200] {logging_mixin.py:150} INFO - [2023-08-13T23:38:53.893+0200] {dagbag.py:541} INFO - Filling up the DagBag from /home/akhilesh/py39/lib/python3.9/site-packages/airflow/example_dags/plugins/workday.py
[2023-08-13T23:38:54.144+0200] {processor.py:838} WARNING - No viable dags retrieved from /home/akhilesh/py39/lib/python3.9/site-packages/airflow/example_dags/plugins/workday.py
[2023-08-13T23:38:54.150+0200] {processor.py:179} INFO - Processing /home/akhilesh/py39/lib/python3.9/site-packages/airflow/example_dags/plugins/workday.py took 0.263 seconds
[2023-08-13T23:39:30.269+0200] {processor.py:157} INFO - Started process (PID=435092) to work on /home/akhilesh/py39/lib/python3.9/site-packages/airflow/example_dags/plugins/workday.py
[2023-08-13T23:39:30.271+0200] {processor.py:826} INFO - Processing file /home/akhilesh/py39/lib/python3.9/site-packages/airflow/example_dags/plugins/workday.py for tasks to queue
[2023-08-13T23:39:30.271+0200] {logging_mixin.py:150} INFO - [2023-08-13T23:39:30.271+0200] {dagbag.py:541} INFO - Filling up the DagBag from /home/akhilesh/py39/lib/python3.9/site-packages/airflow/example_dags/plugins/workday.py
[2023-08-13T23:39:30.491+0200] {processor.py:838} WARNING - No viable dags retrieved from /home/akhilesh/py39/lib/python3.9/site-packages/airflow/example_dags/plugins/workday.py
[2023-08-13T23:39:30.496+0200] {processor.py:179} INFO - Processing /home/akhilesh/py39/lib/python3.9/site-packages/airflow/example_dags/plugins/workday.py took 0.231 seconds
[2023-08-13T23:40:14.480+0200] {processor.py:157} INFO - Started process (PID=435273) to work on /home/akhilesh/py39/lib/python3.9/site-packages/airflow/example_dags/plugins/workday.py
[2023-08-13T23:40:14.489+0200] {processor.py:826} INFO - Processing file /home/akhilesh/py39/lib/python3.9/site-packages/airflow/example_dags/plugins/workday.py for tasks to queue
[2023-08-13T23:40:14.491+0200] {logging_mixin.py:150} INFO - [2023-08-13T23:40:14.490+0200] {dagbag.py:541} INFO - Filling up the DagBag from /home/akhilesh/py39/lib/python3.9/site-packages/airflow/example_dags/plugins/workday.py
[2023-08-13T23:40:14.719+0200] {processor.py:838} WARNING - No viable dags retrieved from /home/akhilesh/py39/lib/python3.9/site-packages/airflow/example_dags/plugins/workday.py
[2023-08-13T23:40:14.725+0200] {processor.py:179} INFO - Processing /home/akhilesh/py39/lib/python3.9/site-packages/airflow/example_dags/plugins/workday.py took 0.248 seconds
[2023-08-13T23:41:04.452+0200] {processor.py:157} INFO - Started process (PID=435456) to work on /home/akhilesh/py39/lib/python3.9/site-packages/airflow/example_dags/plugins/workday.py
[2023-08-13T23:41:04.453+0200] {processor.py:826} INFO - Processing file /home/akhilesh/py39/lib/python3.9/site-packages/airflow/example_dags/plugins/workday.py for tasks to queue
[2023-08-13T23:41:04.454+0200] {logging_mixin.py:150} INFO - [2023-08-13T23:41:04.454+0200] {dagbag.py:541} INFO - Filling up the DagBag from /home/akhilesh/py39/lib/python3.9/site-packages/airflow/example_dags/plugins/workday.py
[2023-08-13T23:41:04.677+0200] {processor.py:838} WARNING - No viable dags retrieved from /home/akhilesh/py39/lib/python3.9/site-packages/airflow/example_dags/plugins/workday.py
[2023-08-13T23:41:04.682+0200] {processor.py:179} INFO - Processing /home/akhilesh/py39/lib/python3.9/site-packages/airflow/example_dags/plugins/workday.py took 0.235 seconds
[2023-08-13T23:41:52.946+0200] {processor.py:157} INFO - Started process (PID=435591) to work on /home/akhilesh/py39/lib/python3.9/site-packages/airflow/example_dags/plugins/workday.py
[2023-08-13T23:41:52.955+0200] {processor.py:826} INFO - Processing file /home/akhilesh/py39/lib/python3.9/site-packages/airflow/example_dags/plugins/workday.py for tasks to queue
[2023-08-13T23:41:52.956+0200] {logging_mixin.py:150} INFO - [2023-08-13T23:41:52.956+0200] {dagbag.py:541} INFO - Filling up the DagBag from /home/akhilesh/py39/lib/python3.9/site-packages/airflow/example_dags/plugins/workday.py
[2023-08-13T23:41:53.196+0200] {processor.py:838} WARNING - No viable dags retrieved from /home/akhilesh/py39/lib/python3.9/site-packages/airflow/example_dags/plugins/workday.py
[2023-08-13T23:41:53.202+0200] {processor.py:179} INFO - Processing /home/akhilesh/py39/lib/python3.9/site-packages/airflow/example_dags/plugins/workday.py took 0.260 seconds
[2023-08-13T23:42:27.960+0200] {processor.py:157} INFO - Started process (PID=435733) to work on /home/akhilesh/py39/lib/python3.9/site-packages/airflow/example_dags/plugins/workday.py
[2023-08-13T23:42:27.968+0200] {processor.py:826} INFO - Processing file /home/akhilesh/py39/lib/python3.9/site-packages/airflow/example_dags/plugins/workday.py for tasks to queue
[2023-08-13T23:42:27.970+0200] {logging_mixin.py:150} INFO - [2023-08-13T23:42:27.969+0200] {dagbag.py:541} INFO - Filling up the DagBag from /home/akhilesh/py39/lib/python3.9/site-packages/airflow/example_dags/plugins/workday.py
[2023-08-13T23:42:28.298+0200] {processor.py:838} WARNING - No viable dags retrieved from /home/akhilesh/py39/lib/python3.9/site-packages/airflow/example_dags/plugins/workday.py
[2023-08-13T23:42:28.303+0200] {processor.py:179} INFO - Processing /home/akhilesh/py39/lib/python3.9/site-packages/airflow/example_dags/plugins/workday.py took 0.346 seconds
[2023-08-13T23:43:03.484+0200] {processor.py:157} INFO - Started process (PID=435858) to work on /home/akhilesh/py39/lib/python3.9/site-packages/airflow/example_dags/plugins/workday.py
[2023-08-13T23:43:03.493+0200] {processor.py:826} INFO - Processing file /home/akhilesh/py39/lib/python3.9/site-packages/airflow/example_dags/plugins/workday.py for tasks to queue
[2023-08-13T23:43:03.494+0200] {logging_mixin.py:150} INFO - [2023-08-13T23:43:03.494+0200] {dagbag.py:541} INFO - Filling up the DagBag from /home/akhilesh/py39/lib/python3.9/site-packages/airflow/example_dags/plugins/workday.py
[2023-08-13T23:43:03.907+0200] {processor.py:838} WARNING - No viable dags retrieved from /home/akhilesh/py39/lib/python3.9/site-packages/airflow/example_dags/plugins/workday.py
[2023-08-13T23:43:03.911+0200] {processor.py:179} INFO - Processing /home/akhilesh/py39/lib/python3.9/site-packages/airflow/example_dags/plugins/workday.py took 0.430 seconds
[2023-08-13T23:43:50.748+0200] {processor.py:157} INFO - Started process (PID=436081) to work on /home/akhilesh/py39/lib/python3.9/site-packages/airflow/example_dags/plugins/workday.py
[2023-08-13T23:43:50.757+0200] {processor.py:826} INFO - Processing file /home/akhilesh/py39/lib/python3.9/site-packages/airflow/example_dags/plugins/workday.py for tasks to queue
[2023-08-13T23:43:50.758+0200] {logging_mixin.py:150} INFO - [2023-08-13T23:43:50.758+0200] {dagbag.py:541} INFO - Filling up the DagBag from /home/akhilesh/py39/lib/python3.9/site-packages/airflow/example_dags/plugins/workday.py
[2023-08-13T23:43:51.084+0200] {processor.py:838} WARNING - No viable dags retrieved from /home/akhilesh/py39/lib/python3.9/site-packages/airflow/example_dags/plugins/workday.py
[2023-08-13T23:43:51.089+0200] {processor.py:179} INFO - Processing /home/akhilesh/py39/lib/python3.9/site-packages/airflow/example_dags/plugins/workday.py took 0.343 seconds
[2023-08-13T23:44:42.638+0200] {processor.py:157} INFO - Started process (PID=436247) to work on /home/akhilesh/py39/lib/python3.9/site-packages/airflow/example_dags/plugins/workday.py
[2023-08-13T23:44:42.640+0200] {processor.py:826} INFO - Processing file /home/akhilesh/py39/lib/python3.9/site-packages/airflow/example_dags/plugins/workday.py for tasks to queue
[2023-08-13T23:44:42.641+0200] {logging_mixin.py:150} INFO - [2023-08-13T23:44:42.640+0200] {dagbag.py:541} INFO - Filling up the DagBag from /home/akhilesh/py39/lib/python3.9/site-packages/airflow/example_dags/plugins/workday.py
[2023-08-13T23:44:43.020+0200] {processor.py:838} WARNING - No viable dags retrieved from /home/akhilesh/py39/lib/python3.9/site-packages/airflow/example_dags/plugins/workday.py
[2023-08-13T23:44:43.024+0200] {processor.py:179} INFO - Processing /home/akhilesh/py39/lib/python3.9/site-packages/airflow/example_dags/plugins/workday.py took 0.389 seconds
[2023-08-13T23:45:22.475+0200] {processor.py:157} INFO - Started process (PID=436386) to work on /home/akhilesh/py39/lib/python3.9/site-packages/airflow/example_dags/plugins/workday.py
[2023-08-13T23:45:22.476+0200] {processor.py:826} INFO - Processing file /home/akhilesh/py39/lib/python3.9/site-packages/airflow/example_dags/plugins/workday.py for tasks to queue
[2023-08-13T23:45:22.477+0200] {logging_mixin.py:150} INFO - [2023-08-13T23:45:22.477+0200] {dagbag.py:541} INFO - Filling up the DagBag from /home/akhilesh/py39/lib/python3.9/site-packages/airflow/example_dags/plugins/workday.py
[2023-08-13T23:45:22.858+0200] {processor.py:838} WARNING - No viable dags retrieved from /home/akhilesh/py39/lib/python3.9/site-packages/airflow/example_dags/plugins/workday.py
[2023-08-13T23:45:22.862+0200] {processor.py:179} INFO - Processing /home/akhilesh/py39/lib/python3.9/site-packages/airflow/example_dags/plugins/workday.py took 0.389 seconds
[2023-08-13T23:46:14.220+0200] {processor.py:157} INFO - Started process (PID=436702) to work on /home/akhilesh/py39/lib/python3.9/site-packages/airflow/example_dags/plugins/workday.py
[2023-08-13T23:46:14.228+0200] {processor.py:826} INFO - Processing file /home/akhilesh/py39/lib/python3.9/site-packages/airflow/example_dags/plugins/workday.py for tasks to queue
[2023-08-13T23:46:14.230+0200] {logging_mixin.py:150} INFO - [2023-08-13T23:46:14.229+0200] {dagbag.py:541} INFO - Filling up the DagBag from /home/akhilesh/py39/lib/python3.9/site-packages/airflow/example_dags/plugins/workday.py
[2023-08-13T23:46:14.547+0200] {processor.py:838} WARNING - No viable dags retrieved from /home/akhilesh/py39/lib/python3.9/site-packages/airflow/example_dags/plugins/workday.py
[2023-08-13T23:46:14.551+0200] {processor.py:179} INFO - Processing /home/akhilesh/py39/lib/python3.9/site-packages/airflow/example_dags/plugins/workday.py took 0.335 seconds
[2023-08-13T23:47:03.434+0200] {processor.py:157} INFO - Started process (PID=436893) to work on /home/akhilesh/py39/lib/python3.9/site-packages/airflow/example_dags/plugins/workday.py
[2023-08-13T23:47:03.434+0200] {processor.py:826} INFO - Processing file /home/akhilesh/py39/lib/python3.9/site-packages/airflow/example_dags/plugins/workday.py for tasks to queue
[2023-08-13T23:47:03.435+0200] {logging_mixin.py:150} INFO - [2023-08-13T23:47:03.435+0200] {dagbag.py:541} INFO - Filling up the DagBag from /home/akhilesh/py39/lib/python3.9/site-packages/airflow/example_dags/plugins/workday.py
[2023-08-13T23:47:03.777+0200] {processor.py:838} WARNING - No viable dags retrieved from /home/akhilesh/py39/lib/python3.9/site-packages/airflow/example_dags/plugins/workday.py
[2023-08-13T23:47:03.782+0200] {processor.py:179} INFO - Processing /home/akhilesh/py39/lib/python3.9/site-packages/airflow/example_dags/plugins/workday.py took 0.350 seconds
[2023-08-13T23:48:09.097+0200] {processor.py:157} INFO - Started process (PID=437047) to work on /home/akhilesh/py39/lib/python3.9/site-packages/airflow/example_dags/plugins/workday.py
[2023-08-13T23:48:09.098+0200] {processor.py:826} INFO - Processing file /home/akhilesh/py39/lib/python3.9/site-packages/airflow/example_dags/plugins/workday.py for tasks to queue
[2023-08-13T23:48:09.099+0200] {logging_mixin.py:150} INFO - [2023-08-13T23:48:09.099+0200] {dagbag.py:541} INFO - Filling up the DagBag from /home/akhilesh/py39/lib/python3.9/site-packages/airflow/example_dags/plugins/workday.py
[2023-08-13T23:48:09.448+0200] {processor.py:838} WARNING - No viable dags retrieved from /home/akhilesh/py39/lib/python3.9/site-packages/airflow/example_dags/plugins/workday.py
[2023-08-13T23:48:09.452+0200] {processor.py:179} INFO - Processing /home/akhilesh/py39/lib/python3.9/site-packages/airflow/example_dags/plugins/workday.py took 0.360 seconds
[2023-08-13T23:48:56.976+0200] {processor.py:157} INFO - Started process (PID=437559) to work on /home/akhilesh/py39/lib/python3.9/site-packages/airflow/example_dags/plugins/workday.py
[2023-08-13T23:48:56.984+0200] {processor.py:826} INFO - Processing file /home/akhilesh/py39/lib/python3.9/site-packages/airflow/example_dags/plugins/workday.py for tasks to queue
[2023-08-13T23:48:56.986+0200] {logging_mixin.py:150} INFO - [2023-08-13T23:48:56.985+0200] {dagbag.py:541} INFO - Filling up the DagBag from /home/akhilesh/py39/lib/python3.9/site-packages/airflow/example_dags/plugins/workday.py
[2023-08-13T23:48:57.301+0200] {processor.py:838} WARNING - No viable dags retrieved from /home/akhilesh/py39/lib/python3.9/site-packages/airflow/example_dags/plugins/workday.py
[2023-08-13T23:48:57.305+0200] {processor.py:179} INFO - Processing /home/akhilesh/py39/lib/python3.9/site-packages/airflow/example_dags/plugins/workday.py took 0.333 seconds
[2023-08-13T23:50:10.415+0200] {processor.py:157} INFO - Started process (PID=437835) to work on /home/akhilesh/py39/lib/python3.9/site-packages/airflow/example_dags/plugins/workday.py
[2023-08-13T23:50:10.424+0200] {processor.py:826} INFO - Processing file /home/akhilesh/py39/lib/python3.9/site-packages/airflow/example_dags/plugins/workday.py for tasks to queue
[2023-08-13T23:50:10.425+0200] {logging_mixin.py:150} INFO - [2023-08-13T23:50:10.425+0200] {dagbag.py:541} INFO - Filling up the DagBag from /home/akhilesh/py39/lib/python3.9/site-packages/airflow/example_dags/plugins/workday.py
[2023-08-13T23:50:10.765+0200] {processor.py:838} WARNING - No viable dags retrieved from /home/akhilesh/py39/lib/python3.9/site-packages/airflow/example_dags/plugins/workday.py
[2023-08-13T23:50:10.770+0200] {processor.py:179} INFO - Processing /home/akhilesh/py39/lib/python3.9/site-packages/airflow/example_dags/plugins/workday.py took 0.358 seconds
[2023-08-13T23:50:58.269+0200] {processor.py:157} INFO - Started process (PID=438059) to work on /home/akhilesh/py39/lib/python3.9/site-packages/airflow/example_dags/plugins/workday.py
[2023-08-13T23:50:58.270+0200] {processor.py:826} INFO - Processing file /home/akhilesh/py39/lib/python3.9/site-packages/airflow/example_dags/plugins/workday.py for tasks to queue
[2023-08-13T23:50:58.271+0200] {logging_mixin.py:150} INFO - [2023-08-13T23:50:58.271+0200] {dagbag.py:541} INFO - Filling up the DagBag from /home/akhilesh/py39/lib/python3.9/site-packages/airflow/example_dags/plugins/workday.py
[2023-08-13T23:50:58.603+0200] {processor.py:838} WARNING - No viable dags retrieved from /home/akhilesh/py39/lib/python3.9/site-packages/airflow/example_dags/plugins/workday.py
[2023-08-13T23:50:58.610+0200] {processor.py:179} INFO - Processing /home/akhilesh/py39/lib/python3.9/site-packages/airflow/example_dags/plugins/workday.py took 0.343 seconds
[2023-08-13T23:51:52.735+0200] {processor.py:157} INFO - Started process (PID=438201) to work on /home/akhilesh/py39/lib/python3.9/site-packages/airflow/example_dags/plugins/workday.py
[2023-08-13T23:51:52.744+0200] {processor.py:826} INFO - Processing file /home/akhilesh/py39/lib/python3.9/site-packages/airflow/example_dags/plugins/workday.py for tasks to queue
[2023-08-13T23:51:52.745+0200] {logging_mixin.py:150} INFO - [2023-08-13T23:51:52.744+0200] {dagbag.py:541} INFO - Filling up the DagBag from /home/akhilesh/py39/lib/python3.9/site-packages/airflow/example_dags/plugins/workday.py
[2023-08-13T23:51:53.267+0200] {processor.py:838} WARNING - No viable dags retrieved from /home/akhilesh/py39/lib/python3.9/site-packages/airflow/example_dags/plugins/workday.py
[2023-08-13T23:51:53.276+0200] {processor.py:179} INFO - Processing /home/akhilesh/py39/lib/python3.9/site-packages/airflow/example_dags/plugins/workday.py took 0.544 seconds
[2023-08-13T23:52:38.222+0200] {processor.py:157} INFO - Started process (PID=438302) to work on /home/akhilesh/py39/lib/python3.9/site-packages/airflow/example_dags/plugins/workday.py
[2023-08-13T23:52:38.231+0200] {processor.py:826} INFO - Processing file /home/akhilesh/py39/lib/python3.9/site-packages/airflow/example_dags/plugins/workday.py for tasks to queue
[2023-08-13T23:52:38.232+0200] {logging_mixin.py:150} INFO - [2023-08-13T23:52:38.232+0200] {dagbag.py:541} INFO - Filling up the DagBag from /home/akhilesh/py39/lib/python3.9/site-packages/airflow/example_dags/plugins/workday.py
[2023-08-13T23:52:38.762+0200] {processor.py:838} WARNING - No viable dags retrieved from /home/akhilesh/py39/lib/python3.9/site-packages/airflow/example_dags/plugins/workday.py
[2023-08-13T23:52:38.771+0200] {processor.py:179} INFO - Processing /home/akhilesh/py39/lib/python3.9/site-packages/airflow/example_dags/plugins/workday.py took 0.552 seconds
[2023-08-13T23:53:17.357+0200] {processor.py:157} INFO - Started process (PID=438397) to work on /home/akhilesh/py39/lib/python3.9/site-packages/airflow/example_dags/plugins/workday.py
[2023-08-13T23:53:17.366+0200] {processor.py:826} INFO - Processing file /home/akhilesh/py39/lib/python3.9/site-packages/airflow/example_dags/plugins/workday.py for tasks to queue
[2023-08-13T23:53:17.367+0200] {logging_mixin.py:150} INFO - [2023-08-13T23:53:17.367+0200] {dagbag.py:541} INFO - Filling up the DagBag from /home/akhilesh/py39/lib/python3.9/site-packages/airflow/example_dags/plugins/workday.py
[2023-08-13T23:53:17.691+0200] {processor.py:838} WARNING - No viable dags retrieved from /home/akhilesh/py39/lib/python3.9/site-packages/airflow/example_dags/plugins/workday.py
[2023-08-13T23:53:17.695+0200] {processor.py:179} INFO - Processing /home/akhilesh/py39/lib/python3.9/site-packages/airflow/example_dags/plugins/workday.py took 0.342 seconds
[2023-08-13T23:54:03.759+0200] {processor.py:157} INFO - Started process (PID=438519) to work on /home/akhilesh/py39/lib/python3.9/site-packages/airflow/example_dags/plugins/workday.py
[2023-08-13T23:54:03.768+0200] {processor.py:826} INFO - Processing file /home/akhilesh/py39/lib/python3.9/site-packages/airflow/example_dags/plugins/workday.py for tasks to queue
[2023-08-13T23:54:03.769+0200] {logging_mixin.py:150} INFO - [2023-08-13T23:54:03.769+0200] {dagbag.py:541} INFO - Filling up the DagBag from /home/akhilesh/py39/lib/python3.9/site-packages/airflow/example_dags/plugins/workday.py
[2023-08-13T23:54:04.089+0200] {processor.py:838} WARNING - No viable dags retrieved from /home/akhilesh/py39/lib/python3.9/site-packages/airflow/example_dags/plugins/workday.py
[2023-08-13T23:54:04.093+0200] {processor.py:179} INFO - Processing /home/akhilesh/py39/lib/python3.9/site-packages/airflow/example_dags/plugins/workday.py took 0.338 seconds
[2023-08-13T23:54:53.424+0200] {processor.py:157} INFO - Started process (PID=438662) to work on /home/akhilesh/py39/lib/python3.9/site-packages/airflow/example_dags/plugins/workday.py
[2023-08-13T23:54:53.433+0200] {processor.py:826} INFO - Processing file /home/akhilesh/py39/lib/python3.9/site-packages/airflow/example_dags/plugins/workday.py for tasks to queue
[2023-08-13T23:54:53.434+0200] {logging_mixin.py:150} INFO - [2023-08-13T23:54:53.434+0200] {dagbag.py:541} INFO - Filling up the DagBag from /home/akhilesh/py39/lib/python3.9/site-packages/airflow/example_dags/plugins/workday.py
[2023-08-13T23:54:53.755+0200] {processor.py:838} WARNING - No viable dags retrieved from /home/akhilesh/py39/lib/python3.9/site-packages/airflow/example_dags/plugins/workday.py
[2023-08-13T23:54:53.763+0200] {processor.py:179} INFO - Processing /home/akhilesh/py39/lib/python3.9/site-packages/airflow/example_dags/plugins/workday.py took 0.343 seconds
[2023-08-13T23:55:44.548+0200] {processor.py:157} INFO - Started process (PID=438804) to work on /home/akhilesh/py39/lib/python3.9/site-packages/airflow/example_dags/plugins/workday.py
[2023-08-13T23:55:44.549+0200] {processor.py:826} INFO - Processing file /home/akhilesh/py39/lib/python3.9/site-packages/airflow/example_dags/plugins/workday.py for tasks to queue
[2023-08-13T23:55:44.550+0200] {logging_mixin.py:150} INFO - [2023-08-13T23:55:44.549+0200] {dagbag.py:541} INFO - Filling up the DagBag from /home/akhilesh/py39/lib/python3.9/site-packages/airflow/example_dags/plugins/workday.py
[2023-08-13T23:55:44.871+0200] {processor.py:838} WARNING - No viable dags retrieved from /home/akhilesh/py39/lib/python3.9/site-packages/airflow/example_dags/plugins/workday.py
[2023-08-13T23:55:44.875+0200] {processor.py:179} INFO - Processing /home/akhilesh/py39/lib/python3.9/site-packages/airflow/example_dags/plugins/workday.py took 0.331 seconds
[2023-08-13T23:56:34.884+0200] {processor.py:157} INFO - Started process (PID=438937) to work on /home/akhilesh/py39/lib/python3.9/site-packages/airflow/example_dags/plugins/workday.py
[2023-08-13T23:56:34.893+0200] {processor.py:826} INFO - Processing file /home/akhilesh/py39/lib/python3.9/site-packages/airflow/example_dags/plugins/workday.py for tasks to queue
[2023-08-13T23:56:34.895+0200] {logging_mixin.py:150} INFO - [2023-08-13T23:56:34.894+0200] {dagbag.py:541} INFO - Filling up the DagBag from /home/akhilesh/py39/lib/python3.9/site-packages/airflow/example_dags/plugins/workday.py
[2023-08-13T23:56:35.217+0200] {processor.py:838} WARNING - No viable dags retrieved from /home/akhilesh/py39/lib/python3.9/site-packages/airflow/example_dags/plugins/workday.py
[2023-08-13T23:56:35.221+0200] {processor.py:179} INFO - Processing /home/akhilesh/py39/lib/python3.9/site-packages/airflow/example_dags/plugins/workday.py took 0.341 seconds
[2023-08-13T23:57:25.429+0200] {processor.py:157} INFO - Started process (PID=439165) to work on /home/akhilesh/py39/lib/python3.9/site-packages/airflow/example_dags/plugins/workday.py
[2023-08-13T23:57:25.430+0200] {processor.py:826} INFO - Processing file /home/akhilesh/py39/lib/python3.9/site-packages/airflow/example_dags/plugins/workday.py for tasks to queue
[2023-08-13T23:57:25.431+0200] {logging_mixin.py:150} INFO - [2023-08-13T23:57:25.430+0200] {dagbag.py:541} INFO - Filling up the DagBag from /home/akhilesh/py39/lib/python3.9/site-packages/airflow/example_dags/plugins/workday.py
[2023-08-13T23:57:25.725+0200] {processor.py:838} WARNING - No viable dags retrieved from /home/akhilesh/py39/lib/python3.9/site-packages/airflow/example_dags/plugins/workday.py
[2023-08-13T23:57:25.729+0200] {processor.py:179} INFO - Processing /home/akhilesh/py39/lib/python3.9/site-packages/airflow/example_dags/plugins/workday.py took 0.304 seconds
[2023-08-13T23:58:16.761+0200] {processor.py:157} INFO - Started process (PID=439355) to work on /home/akhilesh/py39/lib/python3.9/site-packages/airflow/example_dags/plugins/workday.py
[2023-08-13T23:58:16.763+0200] {processor.py:826} INFO - Processing file /home/akhilesh/py39/lib/python3.9/site-packages/airflow/example_dags/plugins/workday.py for tasks to queue
[2023-08-13T23:58:16.764+0200] {logging_mixin.py:150} INFO - [2023-08-13T23:58:16.763+0200] {dagbag.py:541} INFO - Filling up the DagBag from /home/akhilesh/py39/lib/python3.9/site-packages/airflow/example_dags/plugins/workday.py
[2023-08-13T23:58:17.064+0200] {processor.py:838} WARNING - No viable dags retrieved from /home/akhilesh/py39/lib/python3.9/site-packages/airflow/example_dags/plugins/workday.py
[2023-08-13T23:58:17.069+0200] {processor.py:179} INFO - Processing /home/akhilesh/py39/lib/python3.9/site-packages/airflow/example_dags/plugins/workday.py took 0.310 seconds
[2023-08-13T23:59:02.299+0200] {processor.py:157} INFO - Started process (PID=439541) to work on /home/akhilesh/py39/lib/python3.9/site-packages/airflow/example_dags/plugins/workday.py
[2023-08-13T23:59:02.308+0200] {processor.py:826} INFO - Processing file /home/akhilesh/py39/lib/python3.9/site-packages/airflow/example_dags/plugins/workday.py for tasks to queue
[2023-08-13T23:59:02.309+0200] {logging_mixin.py:150} INFO - [2023-08-13T23:59:02.308+0200] {dagbag.py:541} INFO - Filling up the DagBag from /home/akhilesh/py39/lib/python3.9/site-packages/airflow/example_dags/plugins/workday.py
[2023-08-13T23:59:02.645+0200] {processor.py:838} WARNING - No viable dags retrieved from /home/akhilesh/py39/lib/python3.9/site-packages/airflow/example_dags/plugins/workday.py
[2023-08-13T23:59:02.649+0200] {processor.py:179} INFO - Processing /home/akhilesh/py39/lib/python3.9/site-packages/airflow/example_dags/plugins/workday.py took 0.354 seconds
[2023-08-13T23:59:51.519+0200] {processor.py:157} INFO - Started process (PID=440003) to work on /home/akhilesh/py39/lib/python3.9/site-packages/airflow/example_dags/plugins/workday.py
[2023-08-13T23:59:51.527+0200] {processor.py:826} INFO - Processing file /home/akhilesh/py39/lib/python3.9/site-packages/airflow/example_dags/plugins/workday.py for tasks to queue
[2023-08-13T23:59:51.528+0200] {logging_mixin.py:150} INFO - [2023-08-13T23:59:51.528+0200] {dagbag.py:541} INFO - Filling up the DagBag from /home/akhilesh/py39/lib/python3.9/site-packages/airflow/example_dags/plugins/workday.py
[2023-08-13T23:59:51.839+0200] {processor.py:838} WARNING - No viable dags retrieved from /home/akhilesh/py39/lib/python3.9/site-packages/airflow/example_dags/plugins/workday.py
[2023-08-13T23:59:51.844+0200] {processor.py:179} INFO - Processing /home/akhilesh/py39/lib/python3.9/site-packages/airflow/example_dags/plugins/workday.py took 0.329 seconds
[2023-08-14T00:00:43.544+0200] {processor.py:157} INFO - Started process (PID=440330) to work on /home/akhilesh/py39/lib/python3.9/site-packages/airflow/example_dags/plugins/workday.py
[2023-08-14T00:00:43.546+0200] {processor.py:826} INFO - Processing file /home/akhilesh/py39/lib/python3.9/site-packages/airflow/example_dags/plugins/workday.py for tasks to queue
[2023-08-14T00:00:43.547+0200] {logging_mixin.py:150} INFO - [2023-08-14T00:00:43.547+0200] {dagbag.py:541} INFO - Filling up the DagBag from /home/akhilesh/py39/lib/python3.9/site-packages/airflow/example_dags/plugins/workday.py
[2023-08-14T00:00:43.861+0200] {processor.py:838} WARNING - No viable dags retrieved from /home/akhilesh/py39/lib/python3.9/site-packages/airflow/example_dags/plugins/workday.py
[2023-08-14T00:00:43.865+0200] {processor.py:179} INFO - Processing /home/akhilesh/py39/lib/python3.9/site-packages/airflow/example_dags/plugins/workday.py took 0.325 seconds
[2023-08-14T00:01:21.355+0200] {processor.py:157} INFO - Started process (PID=440451) to work on /home/akhilesh/py39/lib/python3.9/site-packages/airflow/example_dags/plugins/workday.py
[2023-08-14T00:01:21.363+0200] {processor.py:826} INFO - Processing file /home/akhilesh/py39/lib/python3.9/site-packages/airflow/example_dags/plugins/workday.py for tasks to queue
[2023-08-14T00:01:21.365+0200] {logging_mixin.py:150} INFO - [2023-08-14T00:01:21.365+0200] {dagbag.py:541} INFO - Filling up the DagBag from /home/akhilesh/py39/lib/python3.9/site-packages/airflow/example_dags/plugins/workday.py
[2023-08-14T00:01:21.672+0200] {processor.py:838} WARNING - No viable dags retrieved from /home/akhilesh/py39/lib/python3.9/site-packages/airflow/example_dags/plugins/workday.py
[2023-08-14T00:01:21.676+0200] {processor.py:179} INFO - Processing /home/akhilesh/py39/lib/python3.9/site-packages/airflow/example_dags/plugins/workday.py took 0.327 seconds
[2023-08-14T00:01:54.632+0200] {processor.py:157} INFO - Started process (PID=440604) to work on /home/akhilesh/py39/lib/python3.9/site-packages/airflow/example_dags/plugins/workday.py
[2023-08-14T00:01:54.641+0200] {processor.py:826} INFO - Processing file /home/akhilesh/py39/lib/python3.9/site-packages/airflow/example_dags/plugins/workday.py for tasks to queue
[2023-08-14T00:01:54.642+0200] {logging_mixin.py:150} INFO - [2023-08-14T00:01:54.642+0200] {dagbag.py:541} INFO - Filling up the DagBag from /home/akhilesh/py39/lib/python3.9/site-packages/airflow/example_dags/plugins/workday.py
[2023-08-14T00:01:54.957+0200] {processor.py:838} WARNING - No viable dags retrieved from /home/akhilesh/py39/lib/python3.9/site-packages/airflow/example_dags/plugins/workday.py
[2023-08-14T00:01:54.961+0200] {processor.py:179} INFO - Processing /home/akhilesh/py39/lib/python3.9/site-packages/airflow/example_dags/plugins/workday.py took 0.332 seconds
[2023-08-14T00:02:44.676+0200] {processor.py:157} INFO - Started process (PID=440766) to work on /home/akhilesh/py39/lib/python3.9/site-packages/airflow/example_dags/plugins/workday.py
[2023-08-14T00:02:44.677+0200] {processor.py:826} INFO - Processing file /home/akhilesh/py39/lib/python3.9/site-packages/airflow/example_dags/plugins/workday.py for tasks to queue
[2023-08-14T00:02:44.678+0200] {logging_mixin.py:150} INFO - [2023-08-14T00:02:44.678+0200] {dagbag.py:541} INFO - Filling up the DagBag from /home/akhilesh/py39/lib/python3.9/site-packages/airflow/example_dags/plugins/workday.py
[2023-08-14T00:02:44.998+0200] {processor.py:838} WARNING - No viable dags retrieved from /home/akhilesh/py39/lib/python3.9/site-packages/airflow/example_dags/plugins/workday.py
[2023-08-14T00:02:45.003+0200] {processor.py:179} INFO - Processing /home/akhilesh/py39/lib/python3.9/site-packages/airflow/example_dags/plugins/workday.py took 0.331 seconds
[2023-08-14T00:03:37.439+0200] {processor.py:157} INFO - Started process (PID=440911) to work on /home/akhilesh/py39/lib/python3.9/site-packages/airflow/example_dags/plugins/workday.py
[2023-08-14T00:03:37.440+0200] {processor.py:826} INFO - Processing file /home/akhilesh/py39/lib/python3.9/site-packages/airflow/example_dags/plugins/workday.py for tasks to queue
[2023-08-14T00:03:37.440+0200] {logging_mixin.py:150} INFO - [2023-08-14T00:03:37.440+0200] {dagbag.py:541} INFO - Filling up the DagBag from /home/akhilesh/py39/lib/python3.9/site-packages/airflow/example_dags/plugins/workday.py
[2023-08-14T00:03:37.746+0200] {processor.py:838} WARNING - No viable dags retrieved from /home/akhilesh/py39/lib/python3.9/site-packages/airflow/example_dags/plugins/workday.py
[2023-08-14T00:03:37.750+0200] {processor.py:179} INFO - Processing /home/akhilesh/py39/lib/python3.9/site-packages/airflow/example_dags/plugins/workday.py took 0.315 seconds
[2023-08-14T00:04:25.516+0200] {processor.py:157} INFO - Started process (PID=441047) to work on /home/akhilesh/py39/lib/python3.9/site-packages/airflow/example_dags/plugins/workday.py
[2023-08-14T00:04:25.525+0200] {processor.py:826} INFO - Processing file /home/akhilesh/py39/lib/python3.9/site-packages/airflow/example_dags/plugins/workday.py for tasks to queue
[2023-08-14T00:04:25.526+0200] {logging_mixin.py:150} INFO - [2023-08-14T00:04:25.526+0200] {dagbag.py:541} INFO - Filling up the DagBag from /home/akhilesh/py39/lib/python3.9/site-packages/airflow/example_dags/plugins/workday.py
[2023-08-14T00:04:25.900+0200] {processor.py:838} WARNING - No viable dags retrieved from /home/akhilesh/py39/lib/python3.9/site-packages/airflow/example_dags/plugins/workday.py
[2023-08-14T00:04:25.906+0200] {processor.py:179} INFO - Processing /home/akhilesh/py39/lib/python3.9/site-packages/airflow/example_dags/plugins/workday.py took 0.395 seconds
[2023-08-14T00:05:01.790+0200] {processor.py:157} INFO - Started process (PID=441185) to work on /home/akhilesh/py39/lib/python3.9/site-packages/airflow/example_dags/plugins/workday.py
[2023-08-14T00:05:01.798+0200] {processor.py:826} INFO - Processing file /home/akhilesh/py39/lib/python3.9/site-packages/airflow/example_dags/plugins/workday.py for tasks to queue
[2023-08-14T00:05:01.800+0200] {logging_mixin.py:150} INFO - [2023-08-14T00:05:01.799+0200] {dagbag.py:541} INFO - Filling up the DagBag from /home/akhilesh/py39/lib/python3.9/site-packages/airflow/example_dags/plugins/workday.py
[2023-08-14T00:05:02.123+0200] {processor.py:838} WARNING - No viable dags retrieved from /home/akhilesh/py39/lib/python3.9/site-packages/airflow/example_dags/plugins/workday.py
[2023-08-14T00:05:02.128+0200] {processor.py:179} INFO - Processing /home/akhilesh/py39/lib/python3.9/site-packages/airflow/example_dags/plugins/workday.py took 0.341 seconds
[2023-08-14T00:05:50.931+0200] {processor.py:157} INFO - Started process (PID=441324) to work on /home/akhilesh/py39/lib/python3.9/site-packages/airflow/example_dags/plugins/workday.py
[2023-08-14T00:05:50.932+0200] {processor.py:826} INFO - Processing file /home/akhilesh/py39/lib/python3.9/site-packages/airflow/example_dags/plugins/workday.py for tasks to queue
[2023-08-14T00:05:50.933+0200] {logging_mixin.py:150} INFO - [2023-08-14T00:05:50.933+0200] {dagbag.py:541} INFO - Filling up the DagBag from /home/akhilesh/py39/lib/python3.9/site-packages/airflow/example_dags/plugins/workday.py
[2023-08-14T00:05:51.250+0200] {processor.py:838} WARNING - No viable dags retrieved from /home/akhilesh/py39/lib/python3.9/site-packages/airflow/example_dags/plugins/workday.py
[2023-08-14T00:05:51.257+0200] {processor.py:179} INFO - Processing /home/akhilesh/py39/lib/python3.9/site-packages/airflow/example_dags/plugins/workday.py took 0.330 seconds
[2023-08-14T00:06:40.948+0200] {processor.py:157} INFO - Started process (PID=441469) to work on /home/akhilesh/py39/lib/python3.9/site-packages/airflow/example_dags/plugins/workday.py
[2023-08-14T00:06:40.950+0200] {processor.py:826} INFO - Processing file /home/akhilesh/py39/lib/python3.9/site-packages/airflow/example_dags/plugins/workday.py for tasks to queue
[2023-08-14T00:06:40.951+0200] {logging_mixin.py:150} INFO - [2023-08-14T00:06:40.951+0200] {dagbag.py:541} INFO - Filling up the DagBag from /home/akhilesh/py39/lib/python3.9/site-packages/airflow/example_dags/plugins/workday.py
[2023-08-14T00:06:41.266+0200] {processor.py:838} WARNING - No viable dags retrieved from /home/akhilesh/py39/lib/python3.9/site-packages/airflow/example_dags/plugins/workday.py
[2023-08-14T00:06:41.274+0200] {processor.py:179} INFO - Processing /home/akhilesh/py39/lib/python3.9/site-packages/airflow/example_dags/plugins/workday.py took 0.329 seconds
[2023-08-14T00:07:17.118+0200] {processor.py:157} INFO - Started process (PID=441572) to work on /home/akhilesh/py39/lib/python3.9/site-packages/airflow/example_dags/plugins/workday.py
[2023-08-14T00:07:17.127+0200] {processor.py:826} INFO - Processing file /home/akhilesh/py39/lib/python3.9/site-packages/airflow/example_dags/plugins/workday.py for tasks to queue
[2023-08-14T00:07:17.127+0200] {logging_mixin.py:150} INFO - [2023-08-14T00:07:17.127+0200] {dagbag.py:541} INFO - Filling up the DagBag from /home/akhilesh/py39/lib/python3.9/site-packages/airflow/example_dags/plugins/workday.py
[2023-08-14T00:07:17.460+0200] {processor.py:838} WARNING - No viable dags retrieved from /home/akhilesh/py39/lib/python3.9/site-packages/airflow/example_dags/plugins/workday.py
[2023-08-14T00:07:17.466+0200] {processor.py:179} INFO - Processing /home/akhilesh/py39/lib/python3.9/site-packages/airflow/example_dags/plugins/workday.py took 0.351 seconds
[2023-08-14T00:08:07.243+0200] {processor.py:157} INFO - Started process (PID=441788) to work on /home/akhilesh/py39/lib/python3.9/site-packages/airflow/example_dags/plugins/workday.py
[2023-08-14T00:08:07.251+0200] {processor.py:826} INFO - Processing file /home/akhilesh/py39/lib/python3.9/site-packages/airflow/example_dags/plugins/workday.py for tasks to queue
[2023-08-14T00:08:07.252+0200] {logging_mixin.py:150} INFO - [2023-08-14T00:08:07.252+0200] {dagbag.py:541} INFO - Filling up the DagBag from /home/akhilesh/py39/lib/python3.9/site-packages/airflow/example_dags/plugins/workday.py
[2023-08-14T00:08:07.573+0200] {processor.py:838} WARNING - No viable dags retrieved from /home/akhilesh/py39/lib/python3.9/site-packages/airflow/example_dags/plugins/workday.py
[2023-08-14T00:08:07.577+0200] {processor.py:179} INFO - Processing /home/akhilesh/py39/lib/python3.9/site-packages/airflow/example_dags/plugins/workday.py took 0.338 seconds
[2023-08-14T00:08:56.436+0200] {processor.py:157} INFO - Started process (PID=441905) to work on /home/akhilesh/py39/lib/python3.9/site-packages/airflow/example_dags/plugins/workday.py
[2023-08-14T00:08:56.445+0200] {processor.py:826} INFO - Processing file /home/akhilesh/py39/lib/python3.9/site-packages/airflow/example_dags/plugins/workday.py for tasks to queue
[2023-08-14T00:08:56.446+0200] {logging_mixin.py:150} INFO - [2023-08-14T00:08:56.445+0200] {dagbag.py:541} INFO - Filling up the DagBag from /home/akhilesh/py39/lib/python3.9/site-packages/airflow/example_dags/plugins/workday.py
[2023-08-14T00:08:56.779+0200] {processor.py:838} WARNING - No viable dags retrieved from /home/akhilesh/py39/lib/python3.9/site-packages/airflow/example_dags/plugins/workday.py
[2023-08-14T00:08:56.783+0200] {processor.py:179} INFO - Processing /home/akhilesh/py39/lib/python3.9/site-packages/airflow/example_dags/plugins/workday.py took 0.351 seconds
[2023-08-14T00:09:46.956+0200] {processor.py:157} INFO - Started process (PID=442093) to work on /home/akhilesh/py39/lib/python3.9/site-packages/airflow/example_dags/plugins/workday.py
[2023-08-14T00:09:46.965+0200] {processor.py:826} INFO - Processing file /home/akhilesh/py39/lib/python3.9/site-packages/airflow/example_dags/plugins/workday.py for tasks to queue
[2023-08-14T00:09:46.966+0200] {logging_mixin.py:150} INFO - [2023-08-14T00:09:46.966+0200] {dagbag.py:541} INFO - Filling up the DagBag from /home/akhilesh/py39/lib/python3.9/site-packages/airflow/example_dags/plugins/workday.py
[2023-08-14T00:09:47.293+0200] {processor.py:838} WARNING - No viable dags retrieved from /home/akhilesh/py39/lib/python3.9/site-packages/airflow/example_dags/plugins/workday.py
[2023-08-14T00:09:47.297+0200] {processor.py:179} INFO - Processing /home/akhilesh/py39/lib/python3.9/site-packages/airflow/example_dags/plugins/workday.py took 0.344 seconds
[2023-08-14T00:10:31.048+0200] {processor.py:157} INFO - Started process (PID=442229) to work on /home/akhilesh/py39/lib/python3.9/site-packages/airflow/example_dags/plugins/workday.py
[2023-08-14T00:10:31.050+0200] {processor.py:826} INFO - Processing file /home/akhilesh/py39/lib/python3.9/site-packages/airflow/example_dags/plugins/workday.py for tasks to queue
[2023-08-14T00:10:31.051+0200] {logging_mixin.py:150} INFO - [2023-08-14T00:10:31.050+0200] {dagbag.py:541} INFO - Filling up the DagBag from /home/akhilesh/py39/lib/python3.9/site-packages/airflow/example_dags/plugins/workday.py
[2023-08-14T00:10:31.374+0200] {processor.py:838} WARNING - No viable dags retrieved from /home/akhilesh/py39/lib/python3.9/site-packages/airflow/example_dags/plugins/workday.py
[2023-08-14T00:10:31.378+0200] {processor.py:179} INFO - Processing /home/akhilesh/py39/lib/python3.9/site-packages/airflow/example_dags/plugins/workday.py took 0.334 seconds
[2023-08-14T00:11:07.267+0200] {processor.py:157} INFO - Started process (PID=442328) to work on /home/akhilesh/py39/lib/python3.9/site-packages/airflow/example_dags/plugins/workday.py
[2023-08-14T00:11:07.268+0200] {processor.py:826} INFO - Processing file /home/akhilesh/py39/lib/python3.9/site-packages/airflow/example_dags/plugins/workday.py for tasks to queue
[2023-08-14T00:11:07.269+0200] {logging_mixin.py:150} INFO - [2023-08-14T00:11:07.268+0200] {dagbag.py:541} INFO - Filling up the DagBag from /home/akhilesh/py39/lib/python3.9/site-packages/airflow/example_dags/plugins/workday.py
[2023-08-14T00:11:07.677+0200] {processor.py:838} WARNING - No viable dags retrieved from /home/akhilesh/py39/lib/python3.9/site-packages/airflow/example_dags/plugins/workday.py
[2023-08-14T00:11:07.682+0200] {processor.py:179} INFO - Processing /home/akhilesh/py39/lib/python3.9/site-packages/airflow/example_dags/plugins/workday.py took 0.419 seconds
[2023-08-14T00:11:44.949+0200] {processor.py:157} INFO - Started process (PID=442510) to work on /home/akhilesh/py39/lib/python3.9/site-packages/airflow/example_dags/plugins/workday.py
[2023-08-14T00:11:44.950+0200] {processor.py:826} INFO - Processing file /home/akhilesh/py39/lib/python3.9/site-packages/airflow/example_dags/plugins/workday.py for tasks to queue
[2023-08-14T00:11:44.951+0200] {logging_mixin.py:150} INFO - [2023-08-14T00:11:44.951+0200] {dagbag.py:541} INFO - Filling up the DagBag from /home/akhilesh/py39/lib/python3.9/site-packages/airflow/example_dags/plugins/workday.py
[2023-08-14T00:11:45.272+0200] {processor.py:838} WARNING - No viable dags retrieved from /home/akhilesh/py39/lib/python3.9/site-packages/airflow/example_dags/plugins/workday.py
[2023-08-14T00:11:45.277+0200] {processor.py:179} INFO - Processing /home/akhilesh/py39/lib/python3.9/site-packages/airflow/example_dags/plugins/workday.py took 0.333 seconds
[2023-08-14T00:12:36.250+0200] {processor.py:157} INFO - Started process (PID=442711) to work on /home/akhilesh/py39/lib/python3.9/site-packages/airflow/example_dags/plugins/workday.py
[2023-08-14T00:12:36.259+0200] {processor.py:826} INFO - Processing file /home/akhilesh/py39/lib/python3.9/site-packages/airflow/example_dags/plugins/workday.py for tasks to queue
[2023-08-14T00:12:36.260+0200] {logging_mixin.py:150} INFO - [2023-08-14T00:12:36.260+0200] {dagbag.py:541} INFO - Filling up the DagBag from /home/akhilesh/py39/lib/python3.9/site-packages/airflow/example_dags/plugins/workday.py
[2023-08-14T00:12:36.588+0200] {processor.py:838} WARNING - No viable dags retrieved from /home/akhilesh/py39/lib/python3.9/site-packages/airflow/example_dags/plugins/workday.py
[2023-08-14T00:12:36.593+0200] {processor.py:179} INFO - Processing /home/akhilesh/py39/lib/python3.9/site-packages/airflow/example_dags/plugins/workday.py took 0.346 seconds
[2023-08-14T00:13:13.617+0200] {processor.py:157} INFO - Started process (PID=442908) to work on /home/akhilesh/py39/lib/python3.9/site-packages/airflow/example_dags/plugins/workday.py
[2023-08-14T00:13:13.626+0200] {processor.py:826} INFO - Processing file /home/akhilesh/py39/lib/python3.9/site-packages/airflow/example_dags/plugins/workday.py for tasks to queue
[2023-08-14T00:13:13.627+0200] {logging_mixin.py:150} INFO - [2023-08-14T00:13:13.626+0200] {dagbag.py:541} INFO - Filling up the DagBag from /home/akhilesh/py39/lib/python3.9/site-packages/airflow/example_dags/plugins/workday.py
[2023-08-14T00:13:13.944+0200] {processor.py:838} WARNING - No viable dags retrieved from /home/akhilesh/py39/lib/python3.9/site-packages/airflow/example_dags/plugins/workday.py
[2023-08-14T00:13:13.948+0200] {processor.py:179} INFO - Processing /home/akhilesh/py39/lib/python3.9/site-packages/airflow/example_dags/plugins/workday.py took 0.335 seconds
[2023-08-14T00:13:50.839+0200] {processor.py:157} INFO - Started process (PID=443058) to work on /home/akhilesh/py39/lib/python3.9/site-packages/airflow/example_dags/plugins/workday.py
[2023-08-14T00:13:50.840+0200] {processor.py:826} INFO - Processing file /home/akhilesh/py39/lib/python3.9/site-packages/airflow/example_dags/plugins/workday.py for tasks to queue
[2023-08-14T00:13:50.841+0200] {logging_mixin.py:150} INFO - [2023-08-14T00:13:50.841+0200] {dagbag.py:541} INFO - Filling up the DagBag from /home/akhilesh/py39/lib/python3.9/site-packages/airflow/example_dags/plugins/workday.py
[2023-08-14T00:13:51.154+0200] {processor.py:838} WARNING - No viable dags retrieved from /home/akhilesh/py39/lib/python3.9/site-packages/airflow/example_dags/plugins/workday.py
[2023-08-14T00:13:51.158+0200] {processor.py:179} INFO - Processing /home/akhilesh/py39/lib/python3.9/site-packages/airflow/example_dags/plugins/workday.py took 0.322 seconds
[2023-08-14T00:14:38.594+0200] {processor.py:157} INFO - Started process (PID=443444) to work on /home/akhilesh/py39/lib/python3.9/site-packages/airflow/example_dags/plugins/workday.py
[2023-08-14T00:14:38.603+0200] {processor.py:826} INFO - Processing file /home/akhilesh/py39/lib/python3.9/site-packages/airflow/example_dags/plugins/workday.py for tasks to queue
[2023-08-14T00:14:38.604+0200] {logging_mixin.py:150} INFO - [2023-08-14T00:14:38.604+0200] {dagbag.py:541} INFO - Filling up the DagBag from /home/akhilesh/py39/lib/python3.9/site-packages/airflow/example_dags/plugins/workday.py
[2023-08-14T00:14:38.924+0200] {processor.py:838} WARNING - No viable dags retrieved from /home/akhilesh/py39/lib/python3.9/site-packages/airflow/example_dags/plugins/workday.py
[2023-08-14T00:14:38.929+0200] {processor.py:179} INFO - Processing /home/akhilesh/py39/lib/python3.9/site-packages/airflow/example_dags/plugins/workday.py took 0.338 seconds
[2023-08-14T00:15:29.760+0200] {processor.py:157} INFO - Started process (PID=443858) to work on /home/akhilesh/py39/lib/python3.9/site-packages/airflow/example_dags/plugins/workday.py
[2023-08-14T00:15:29.769+0200] {processor.py:826} INFO - Processing file /home/akhilesh/py39/lib/python3.9/site-packages/airflow/example_dags/plugins/workday.py for tasks to queue
[2023-08-14T00:15:29.771+0200] {logging_mixin.py:150} INFO - [2023-08-14T00:15:29.770+0200] {dagbag.py:541} INFO - Filling up the DagBag from /home/akhilesh/py39/lib/python3.9/site-packages/airflow/example_dags/plugins/workday.py
[2023-08-14T00:15:30.117+0200] {processor.py:838} WARNING - No viable dags retrieved from /home/akhilesh/py39/lib/python3.9/site-packages/airflow/example_dags/plugins/workday.py
[2023-08-14T00:15:30.121+0200] {processor.py:179} INFO - Processing /home/akhilesh/py39/lib/python3.9/site-packages/airflow/example_dags/plugins/workday.py took 0.364 seconds
[2023-08-14T00:16:15.627+0200] {processor.py:157} INFO - Started process (PID=444109) to work on /home/akhilesh/py39/lib/python3.9/site-packages/airflow/example_dags/plugins/workday.py
[2023-08-14T00:16:15.635+0200] {processor.py:826} INFO - Processing file /home/akhilesh/py39/lib/python3.9/site-packages/airflow/example_dags/plugins/workday.py for tasks to queue
[2023-08-14T00:16:15.637+0200] {logging_mixin.py:150} INFO - [2023-08-14T00:16:15.636+0200] {dagbag.py:541} INFO - Filling up the DagBag from /home/akhilesh/py39/lib/python3.9/site-packages/airflow/example_dags/plugins/workday.py
[2023-08-14T00:16:15.949+0200] {processor.py:838} WARNING - No viable dags retrieved from /home/akhilesh/py39/lib/python3.9/site-packages/airflow/example_dags/plugins/workday.py
[2023-08-14T00:16:15.953+0200] {processor.py:179} INFO - Processing /home/akhilesh/py39/lib/python3.9/site-packages/airflow/example_dags/plugins/workday.py took 0.330 seconds
[2023-08-14T00:17:05.239+0200] {processor.py:157} INFO - Started process (PID=444459) to work on /home/akhilesh/py39/lib/python3.9/site-packages/airflow/example_dags/plugins/workday.py
[2023-08-14T00:17:05.248+0200] {processor.py:826} INFO - Processing file /home/akhilesh/py39/lib/python3.9/site-packages/airflow/example_dags/plugins/workday.py for tasks to queue
[2023-08-14T00:17:05.249+0200] {logging_mixin.py:150} INFO - [2023-08-14T00:17:05.249+0200] {dagbag.py:541} INFO - Filling up the DagBag from /home/akhilesh/py39/lib/python3.9/site-packages/airflow/example_dags/plugins/workday.py
[2023-08-14T00:17:05.572+0200] {processor.py:838} WARNING - No viable dags retrieved from /home/akhilesh/py39/lib/python3.9/site-packages/airflow/example_dags/plugins/workday.py
[2023-08-14T00:17:05.580+0200] {processor.py:179} INFO - Processing /home/akhilesh/py39/lib/python3.9/site-packages/airflow/example_dags/plugins/workday.py took 0.344 seconds
[2023-08-14T00:17:39.477+0200] {processor.py:157} INFO - Started process (PID=444584) to work on /home/akhilesh/py39/lib/python3.9/site-packages/airflow/example_dags/plugins/workday.py
[2023-08-14T00:17:39.486+0200] {processor.py:826} INFO - Processing file /home/akhilesh/py39/lib/python3.9/site-packages/airflow/example_dags/plugins/workday.py for tasks to queue
[2023-08-14T00:17:39.487+0200] {logging_mixin.py:150} INFO - [2023-08-14T00:17:39.487+0200] {dagbag.py:541} INFO - Filling up the DagBag from /home/akhilesh/py39/lib/python3.9/site-packages/airflow/example_dags/plugins/workday.py
[2023-08-14T00:17:39.865+0200] {processor.py:838} WARNING - No viable dags retrieved from /home/akhilesh/py39/lib/python3.9/site-packages/airflow/example_dags/plugins/workday.py
[2023-08-14T00:17:39.871+0200] {processor.py:179} INFO - Processing /home/akhilesh/py39/lib/python3.9/site-packages/airflow/example_dags/plugins/workday.py took 0.397 seconds
[2023-08-14T00:18:29.749+0200] {processor.py:157} INFO - Started process (PID=444707) to work on /home/akhilesh/py39/lib/python3.9/site-packages/airflow/example_dags/plugins/workday.py
[2023-08-14T00:18:29.758+0200] {processor.py:826} INFO - Processing file /home/akhilesh/py39/lib/python3.9/site-packages/airflow/example_dags/plugins/workday.py for tasks to queue
[2023-08-14T00:18:29.759+0200] {logging_mixin.py:150} INFO - [2023-08-14T00:18:29.759+0200] {dagbag.py:541} INFO - Filling up the DagBag from /home/akhilesh/py39/lib/python3.9/site-packages/airflow/example_dags/plugins/workday.py
[2023-08-14T00:18:30.088+0200] {processor.py:838} WARNING - No viable dags retrieved from /home/akhilesh/py39/lib/python3.9/site-packages/airflow/example_dags/plugins/workday.py
[2023-08-14T00:18:30.092+0200] {processor.py:179} INFO - Processing /home/akhilesh/py39/lib/python3.9/site-packages/airflow/example_dags/plugins/workday.py took 0.347 seconds
[2023-08-14T00:19:17.010+0200] {processor.py:157} INFO - Started process (PID=444848) to work on /home/akhilesh/py39/lib/python3.9/site-packages/airflow/example_dags/plugins/workday.py
[2023-08-14T00:19:17.011+0200] {processor.py:826} INFO - Processing file /home/akhilesh/py39/lib/python3.9/site-packages/airflow/example_dags/plugins/workday.py for tasks to queue
[2023-08-14T00:19:17.012+0200] {logging_mixin.py:150} INFO - [2023-08-14T00:19:17.012+0200] {dagbag.py:541} INFO - Filling up the DagBag from /home/akhilesh/py39/lib/python3.9/site-packages/airflow/example_dags/plugins/workday.py
[2023-08-14T00:19:17.317+0200] {processor.py:838} WARNING - No viable dags retrieved from /home/akhilesh/py39/lib/python3.9/site-packages/airflow/example_dags/plugins/workday.py
[2023-08-14T00:19:17.321+0200] {processor.py:179} INFO - Processing /home/akhilesh/py39/lib/python3.9/site-packages/airflow/example_dags/plugins/workday.py took 0.315 seconds
[2023-08-14T00:44:48.067+0200] {processor.py:157} INFO - Started process (PID=449876) to work on /home/akhilesh/py39/lib/python3.9/site-packages/airflow/example_dags/plugins/workday.py
[2023-08-14T00:44:48.076+0200] {processor.py:826} INFO - Processing file /home/akhilesh/py39/lib/python3.9/site-packages/airflow/example_dags/plugins/workday.py for tasks to queue
[2023-08-14T00:44:48.077+0200] {logging_mixin.py:150} INFO - [2023-08-14T00:44:48.077+0200] {dagbag.py:541} INFO - Filling up the DagBag from /home/akhilesh/py39/lib/python3.9/site-packages/airflow/example_dags/plugins/workday.py
[2023-08-14T00:44:48.407+0200] {processor.py:838} WARNING - No viable dags retrieved from /home/akhilesh/py39/lib/python3.9/site-packages/airflow/example_dags/plugins/workday.py
[2023-08-14T00:44:48.411+0200] {processor.py:179} INFO - Processing /home/akhilesh/py39/lib/python3.9/site-packages/airflow/example_dags/plugins/workday.py took 0.348 seconds
[2023-08-14T00:45:25.337+0200] {processor.py:157} INFO - Started process (PID=450256) to work on /home/akhilesh/py39/lib/python3.9/site-packages/airflow/example_dags/plugins/workday.py
[2023-08-14T00:45:25.346+0200] {processor.py:826} INFO - Processing file /home/akhilesh/py39/lib/python3.9/site-packages/airflow/example_dags/plugins/workday.py for tasks to queue
[2023-08-14T00:45:25.347+0200] {logging_mixin.py:150} INFO - [2023-08-14T00:45:25.347+0200] {dagbag.py:541} INFO - Filling up the DagBag from /home/akhilesh/py39/lib/python3.9/site-packages/airflow/example_dags/plugins/workday.py
[2023-08-14T00:45:25.665+0200] {processor.py:838} WARNING - No viable dags retrieved from /home/akhilesh/py39/lib/python3.9/site-packages/airflow/example_dags/plugins/workday.py
[2023-08-14T00:45:25.669+0200] {processor.py:179} INFO - Processing /home/akhilesh/py39/lib/python3.9/site-packages/airflow/example_dags/plugins/workday.py took 0.336 seconds
[2023-08-14T00:46:18.145+0200] {processor.py:157} INFO - Started process (PID=450656) to work on /home/akhilesh/py39/lib/python3.9/site-packages/airflow/example_dags/plugins/workday.py
[2023-08-14T00:46:18.154+0200] {processor.py:826} INFO - Processing file /home/akhilesh/py39/lib/python3.9/site-packages/airflow/example_dags/plugins/workday.py for tasks to queue
[2023-08-14T00:46:18.155+0200] {logging_mixin.py:150} INFO - [2023-08-14T00:46:18.155+0200] {dagbag.py:541} INFO - Filling up the DagBag from /home/akhilesh/py39/lib/python3.9/site-packages/airflow/example_dags/plugins/workday.py
[2023-08-14T00:46:18.490+0200] {processor.py:838} WARNING - No viable dags retrieved from /home/akhilesh/py39/lib/python3.9/site-packages/airflow/example_dags/plugins/workday.py
[2023-08-14T00:46:18.495+0200] {processor.py:179} INFO - Processing /home/akhilesh/py39/lib/python3.9/site-packages/airflow/example_dags/plugins/workday.py took 0.353 seconds
[2023-08-14T00:46:54.082+0200] {processor.py:157} INFO - Started process (PID=450754) to work on /home/akhilesh/py39/lib/python3.9/site-packages/airflow/example_dags/plugins/workday.py
[2023-08-14T00:46:54.091+0200] {processor.py:826} INFO - Processing file /home/akhilesh/py39/lib/python3.9/site-packages/airflow/example_dags/plugins/workday.py for tasks to queue
[2023-08-14T00:46:54.092+0200] {logging_mixin.py:150} INFO - [2023-08-14T00:46:54.092+0200] {dagbag.py:541} INFO - Filling up the DagBag from /home/akhilesh/py39/lib/python3.9/site-packages/airflow/example_dags/plugins/workday.py
[2023-08-14T00:46:54.442+0200] {processor.py:838} WARNING - No viable dags retrieved from /home/akhilesh/py39/lib/python3.9/site-packages/airflow/example_dags/plugins/workday.py
[2023-08-14T00:46:54.447+0200] {processor.py:179} INFO - Processing /home/akhilesh/py39/lib/python3.9/site-packages/airflow/example_dags/plugins/workday.py took 0.367 seconds
[2023-08-14T00:47:45.734+0200] {processor.py:157} INFO - Started process (PID=450893) to work on /home/akhilesh/py39/lib/python3.9/site-packages/airflow/example_dags/plugins/workday.py
[2023-08-14T00:47:45.743+0200] {processor.py:826} INFO - Processing file /home/akhilesh/py39/lib/python3.9/site-packages/airflow/example_dags/plugins/workday.py for tasks to queue
[2023-08-14T00:47:45.744+0200] {logging_mixin.py:150} INFO - [2023-08-14T00:47:45.743+0200] {dagbag.py:541} INFO - Filling up the DagBag from /home/akhilesh/py39/lib/python3.9/site-packages/airflow/example_dags/plugins/workday.py
[2023-08-14T00:47:46.070+0200] {processor.py:838} WARNING - No viable dags retrieved from /home/akhilesh/py39/lib/python3.9/site-packages/airflow/example_dags/plugins/workday.py
[2023-08-14T00:47:46.074+0200] {processor.py:179} INFO - Processing /home/akhilesh/py39/lib/python3.9/site-packages/airflow/example_dags/plugins/workday.py took 0.343 seconds
[2023-08-14T00:48:20.412+0200] {processor.py:157} INFO - Started process (PID=450979) to work on /home/akhilesh/py39/lib/python3.9/site-packages/airflow/example_dags/plugins/workday.py
[2023-08-14T00:48:20.419+0200] {processor.py:826} INFO - Processing file /home/akhilesh/py39/lib/python3.9/site-packages/airflow/example_dags/plugins/workday.py for tasks to queue
[2023-08-14T00:48:20.420+0200] {logging_mixin.py:150} INFO - [2023-08-14T00:48:20.419+0200] {dagbag.py:541} INFO - Filling up the DagBag from /home/akhilesh/py39/lib/python3.9/site-packages/airflow/example_dags/plugins/workday.py
[2023-08-14T00:48:20.747+0200] {processor.py:838} WARNING - No viable dags retrieved from /home/akhilesh/py39/lib/python3.9/site-packages/airflow/example_dags/plugins/workday.py
[2023-08-14T00:48:20.751+0200] {processor.py:179} INFO - Processing /home/akhilesh/py39/lib/python3.9/site-packages/airflow/example_dags/plugins/workday.py took 0.343 seconds
